<?xml version="1.0" encoding="UTF-8" ?>
<testsuite tests="19" failures="0" name="io.michaelcane.CalculatorSpec" time="0.148" errors="19" skipped="0">
  <properties>
    <property name="java.runtime.name" value="OpenJDK Runtime Environment"/>
    <property name="java.vm.version" value="11.0.8+10"/>
    <property name="sun.boot.library.path" value="C:\Program Files\AdoptOpenJDK\jdk-11.0.8.10-hotspot\bin"/>
    <property name="maven.multiModuleProjectDirectory" value="D:\Grad School\17-443\HW3\Scientific-Calculator\Calculator"/>
    <property name="java.vm.vendor" value="AdoptOpenJDK"/>
    <property name="java.vendor.url" value="https://adoptopenjdk.net/"/>
    <property name="guice.disable.misplaced.annotation.check" value="true"/>
    <property name="path.separator" value=";"/>
    <property name="java.vm.name" value="OpenJDK 64-Bit Server VM"/>
    <property name="sun.os.patch.level" value=""/>
    <property name="user.script" value=""/>
    <property name="user.country" value="US"/>
    <property name="sun.java.launcher" value="SUN_STANDARD"/>
    <property name="test" value="CalculatorSpec"/>
    <property name="java.vm.specification.name" value="Java Virtual Machine Specification"/>
    <property name="user.dir" value="D:\Grad School\17-443\HW3\Scientific-Calculator\Calculator"/>
    <property name="java.vm.compressedOopsMode" value="Zero based"/>
    <property name="java.runtime.version" value="11.0.8+10"/>
    <property name="java.awt.graphicsenv" value="sun.awt.Win32GraphicsEnvironment"/>
    <property name="os.arch" value="amd64"/>
    <property name="java.io.tmpdir" value="C:\Users\karlg\AppData\Local\Temp\"/>
    <property name="line.separator" value="
"/>
    <property name="java.vm.specification.vendor" value="Oracle Corporation"/>
    <property name="user.variant" value=""/>
    <property name="os.name" value="Windows 10"/>
    <property name="classworlds.conf" value="D:\apache-maven-3.6.3\bin\..\bin\m2.conf"/>
    <property name="sun.jnu.encoding" value="Cp1252"/>
    <property name="java.library.path" value="C:\Program Files\AdoptOpenJDK\jdk-11.0.8.10-hotspot\bin;C:\Windows\Sun\Java\bin;C:\Windows\system32;C:\Windows;C:\Python39\Scripts\;C:\Python39\;C:\Program Files\AdoptOpenJDK\jdk-11.0.8.10-hotspot\bin;C:\Program Files (x86)\Common Files\Oracle\Java\javapath;C:\Windows\system32;C:\Windows;C:\Windows\System32\Wbem;C:\Windows\System32\WindowsPowerShell\v1.0\;C:\Windows\System32\OpenSSH\;C:\Program Files (x86)\NVIDIA Corporation\PhysX\Common;C:\Program Files\NVIDIA Corporation\NVIDIA NvDLISR;C:\Program Files\MATLAB\R2019b\bin;C:\Program Files\Git\cmd;C:\Strawberry\c\bin;C:\Strawberry\perl\site\bin;C:\Strawberry\perl\bin;C:\Gradle\gradle-6.7\bin;D:\apache-maven-3.6.3\bin;C:\Program Files\AdoptOpenJDK\jdk-11.0.8.10-hotspot\bin;D:\Minikube;;C:\Program Files\Docker\Docker\resources\bin;C:\ProgramData\DockerDesktop\version-bin;C:\Program Files\nodejs\;C:\ProgramData\chocolatey\bin;C:\HashiCorp\Vagrant\bin;C:\Program Files\PuTTY\;C:\Users\karlg\AppData\Local\Microsoft\WindowsApps;C:\Users\karlg\AppData\Local\Programs\Microsoft VS Code\bin;C:\Users\karlg\AppData\Local\Programs\MiKTeX\miktex\bin\x64\;D:\IntelliJ IDEA Community Edition 2020.3\bin;;C:\Users\karlg\AppData\Roaming\npm;."/>
    <property name="maven.conf" value="D:\apache-maven-3.6.3\bin\../conf"/>
    <property name="jdk.debug" value="release"/>
    <property name="java.class.version" value="55.0"/>
    <property name="java.specification.name" value="Java Platform API Specification"/>
    <property name="sun.management.compiler" value="HotSpot 64-Bit Tiered Compilers"/>
    <property name="os.version" value="10.0"/>
    <property name="library.jansi.path" value="D:\apache-maven-3.6.3\bin\..\lib\jansi-native"/>
    <property name="user.home" value="C:\Users\karlg"/>
    <property name="user.timezone" value="America/New_York"/>
    <property name="java.awt.printerjob" value="sun.awt.windows.WPrinterJob"/>
    <property name="file.encoding" value="Cp1252"/>
    <property name="java.specification.version" value="11"/>
    <property name="user.name" value="karlg"/>
    <property name="java.class.path" value="D:\apache-maven-3.6.3\bin\..\boot\plexus-classworlds-2.6.0.jar"/>
    <property name="java.vm.specification.version" value="11"/>
    <property name="sun.arch.data.model" value="64"/>
    <property name="sun.java.command" value="org.codehaus.plexus.classworlds.launcher.Launcher -Dtest=CalculatorSpec test"/>
    <property name="java.home" value="C:\Program Files\AdoptOpenJDK\jdk-11.0.8.10-hotspot"/>
    <property name="user.language" value="en"/>
    <property name="java.specification.vendor" value="Oracle Corporation"/>
    <property name="awt.toolkit" value="sun.awt.windows.WToolkit"/>
    <property name="java.vm.info" value="mixed mode"/>
    <property name="java.version" value="11.0.8"/>
    <property name="java.vendor" value="AdoptOpenJDK"/>
    <property name="sun.stderr.encoding" value="cp65001"/>
    <property name="maven.home" value="D:\apache-maven-3.6.3\bin\.."/>
    <property name="file.separator" value="\"/>
    <property name="java.version.date" value="2020-07-14"/>
    <property name="java.vendor.url.bug" value="https://github.com/AdoptOpenJDK/openjdk-support/issues"/>
    <property name="sun.io.unicode.encoding" value="UnicodeLittle"/>
    <property name="sun.cpu.endian" value="little"/>
    <property name="java.vendor.version" value="AdoptOpenJDK"/>
    <property name="sun.stdout.encoding" value="cp65001"/>
    <property name="sun.desktop" value="windows"/>
    <property name="sun.cpu.isalist" value="amd64"/>
  </properties>
  <testcase classname="io.michaelcane.CalculatorSpec" name="test$inverseTangent" time="0.018">
    <error type="java.lang.StackOverflowError">java.lang.StackOverflowError
	at io.michaelcane.Calculator.&lt;init&gt;(Calculator.java:4)
	at io.michaelcane.Commands.&lt;init&gt;(Commands.java:5)
	at io.michaelcane.Calculator.&lt;init&gt;(Calculator.java:6)
	at io.michaelcane.Commands.&lt;init&gt;(Commands.java:5)
	at io.michaelcane.Calculator.&lt;init&gt;(Calculator.java:6)
	at io.michaelcane.Commands.&lt;init&gt;(Commands.java:5)
	at io.michaelcane.Calculator.&lt;init&gt;(Calculator.java:6)
	at io.michaelcane.Commands.&lt;init&gt;(Commands.java:5)
	at io.michaelcane.Calculator.&lt;init&gt;(Calculator.java:6)
	at io.michaelcane.Commands.&lt;init&gt;(Commands.java:5)
	at io.michaelcane.Calculator.&lt;init&gt;(Calculator.java:6)
	at io.michaelcane.Commands.&lt;init&gt;(Commands.java:5)
	at io.michaelcane.Calculator.&lt;init&gt;(Calculator.java:6)
	at io.michaelcane.Commands.&lt;init&gt;(Commands.java:5)
	at io.michaelcane.Calculator.&lt;init&gt;(Calculator.java:6)
	at io.michaelcane.Commands.&lt;init&gt;(Commands.java:5)
	at io.michaelcane.Calculator.&lt;init&gt;(Calculator.java:6)
	at io.michaelcane.Commands.&lt;init&gt;(Commands.java:5)
	at io.michaelcane.Calculator.&lt;init&gt;(Calculator.java:6)
	at io.michaelcane.Commands.&lt;init&gt;(Commands.java:5)
	at io.michaelcane.Calculator.&lt;init&gt;(Calculator.java:6)
	at io.michaelcane.Commands.&lt;init&gt;(Commands.java:5)
	at io.michaelcane.Calculator.&lt;init&gt;(Calculator.java:6)
	at io.michaelcane.Commands.&lt;init&gt;(Commands.java:5)
	at io.michaelcane.Calculator.&lt;init&gt;(Calculator.java:6)
	at io.michaelcane.Commands.&lt;init&gt;(Commands.java:5)
	at io.michaelcane.Calculator.&lt;init&gt;(Calculator.java:6)
	at io.michaelcane.Commands.&lt;init&gt;(Commands.java:5)
	at io.michaelcane.Calculator.&lt;init&gt;(Calculator.java:6)
	at io.michaelcane.Commands.&lt;init&gt;(Commands.java:5)
	at io.michaelcane.Calculator.&lt;init&gt;(Calculator.java:6)
	at io.michaelcane.Commands.&lt;init&gt;(Commands.java:5)
	at io.michaelcane.Calculator.&lt;init&gt;(Calculator.java:6)
	at io.michaelcane.Commands.&lt;init&gt;(Commands.java:5)
	at io.michaelcane.Calculator.&lt;init&gt;(Calculator.java:6)
	at io.michaelcane.Commands.&lt;init&gt;(Commands.java:5)
	at io.michaelcane.Calculator.&lt;init&gt;(Calculator.java:6)
	at io.michaelcane.Commands.&lt;init&gt;(Commands.java:5)
	at io.michaelcane.Calculator.&lt;init&gt;(Calculator.java:6)
	at io.michaelcane.Commands.&lt;init&gt;(Commands.java:5)
	at io.michaelcane.Calculator.&lt;init&gt;(Calculator.java:6)
	at io.michaelcane.Commands.&lt;init&gt;(Commands.java:5)
	at io.michaelcane.Calculator.&lt;init&gt;(Calculator.java:6)
	at io.michaelcane.Commands.&lt;init&gt;(Commands.java:5)
	at io.michaelcane.Calculator.&lt;init&gt;(Calculator.java:6)
	at io.michaelcane.Commands.&lt;init&gt;(Commands.java:5)
	at io.michaelcane.Calculator.&lt;init&gt;(Calculator.java:6)
	at io.michaelcane.Commands.&lt;init&gt;(Commands.java:5)
	at io.michaelcane.Calculator.&lt;init&gt;(Calculator.java:6)
	at io.michaelcane.Commands.&lt;init&gt;(Commands.java:5)
	at io.michaelcane.Calculator.&lt;init&gt;(Calculator.java:6)
	at io.michaelcane.Commands.&lt;init&gt;(Commands.java:5)
	at io.michaelcane.Calculator.&lt;init&gt;(Calculator.java:6)
	at io.michaelcane.Commands.&lt;init&gt;(Commands.java:5)
	at io.michaelcane.Calculator.&lt;init&gt;(Calculator.java:6)
	at io.michaelcane.Commands.&lt;init&gt;(Commands.java:5)
	at io.michaelcane.Calculator.&lt;init&gt;(Calculator.java:6)
	at io.michaelcane.Commands.&lt;init&gt;(Commands.java:5)
	at io.michaelcane.Calculator.&lt;init&gt;(Calculator.java:6)
	at io.michaelcane.Commands.&lt;init&gt;(Commands.java:5)
	at io.michaelcane.Calculator.&lt;init&gt;(Calculator.java:6)
	at io.michaelcane.Commands.&lt;init&gt;(Commands.java:5)
	at io.michaelcane.Calculator.&lt;init&gt;(Calculator.java:6)
	at io.michaelcane.Commands.&lt;init&gt;(Commands.java:5)
	at io.michaelcane.Calculator.&lt;init&gt;(Calculator.java:6)
	at io.michaelcane.Commands.&lt;init&gt;(Commands.java:5)
	at io.michaelcane.Calculator.&lt;init&gt;(Calculator.java:6)
	at io.michaelcane.Commands.&lt;init&gt;(Commands.java:5)
	at io.michaelcane.Calculator.&lt;init&gt;(Calculator.java:6)
	at io.michaelcane.Commands.&lt;init&gt;(Commands.java:5)
	at io.michaelcane.Calculator.&lt;init&gt;(Calculator.java:6)
	at io.michaelcane.Commands.&lt;init&gt;(Commands.java:5)
	at io.michaelcane.Calculator.&lt;init&gt;(Calculator.java:6)
	at io.michaelcane.Commands.&lt;init&gt;(Commands.java:5)
	at io.michaelcane.Calculator.&lt;init&gt;(Calculator.java:6)
	at io.michaelcane.Commands.&lt;init&gt;(Commands.java:5)
	at io.michaelcane.Calculator.&lt;init&gt;(Calculator.java:6)
	at io.michaelcane.Commands.&lt;init&gt;(Commands.java:5)
	at io.michaelcane.Calculator.&lt;init&gt;(Calculator.java:6)
	at io.michaelcane.Commands.&lt;init&gt;(Commands.java:5)
	at io.michaelcane.Calculator.&lt;init&gt;(Calculator.java:6)
	at io.michaelcane.Commands.&lt;init&gt;(Commands.java:5)
	at io.michaelcane.Calculator.&lt;init&gt;(Calculator.java:6)
	at io.michaelcane.Commands.&lt;init&gt;(Commands.java:5)
	at io.michaelcane.Calculator.&lt;init&gt;(Calculator.java:6)
	at io.michaelcane.Commands.&lt;init&gt;(Commands.java:5)
	at io.michaelcane.Calculator.&lt;init&gt;(Calculator.java:6)
	at io.michaelcane.Commands.&lt;init&gt;(Commands.java:5)
	at io.michaelcane.Calculator.&lt;init&gt;(Calculator.java:6)
	at io.michaelcane.Commands.&lt;init&gt;(Commands.java:5)
	at io.michaelcane.Calculator.&lt;init&gt;(Calculator.java:6)
	at io.michaelcane.Commands.&lt;init&gt;(Commands.java:5)
	at io.michaelcane.Calculator.&lt;init&gt;(Calculator.java:6)
	at io.michaelcane.Commands.&lt;init&gt;(Commands.java:5)
	at io.michaelcane.Calculator.&lt;init&gt;(Calculator.java:6)
	at io.michaelcane.Commands.&lt;init&gt;(Commands.java:5)
	at io.michaelcane.Calculator.&lt;init&gt;(Calculator.java:6)
	at io.michaelcane.Commands.&lt;init&gt;(Commands.java:5)
	at io.michaelcane.Calculator.&lt;init&gt;(Calculator.java:6)
	at io.michaelcane.Commands.&lt;init&gt;(Commands.java:5)
	at io.michaelcane.Calculator.&lt;init&gt;(Calculator.java:6)
	at io.michaelcane.Commands.&lt;init&gt;(Commands.java:5)
	at io.michaelcane.Calculator.&lt;init&gt;(Calculator.java:6)
	at io.michaelcane.Commands.&lt;init&gt;(Commands.java:5)
	at io.michaelcane.Calculator.&lt;init&gt;(Calculator.java:6)
	at io.michaelcane.Commands.&lt;init&gt;(Commands.java:5)
	at io.michaelcane.Calculator.&lt;init&gt;(Calculator.java:6)
	at io.michaelcane.Commands.&lt;init&gt;(Commands.java:5)
	at io.michaelcane.Calculator.&lt;init&gt;(Calculator.java:6)
	at io.michaelcane.Commands.&lt;init&gt;(Commands.java:5)
	at io.michaelcane.Calculator.&lt;init&gt;(Calculator.java:6)
	at io.michaelcane.Commands.&lt;init&gt;(Commands.java:5)
	at io.michaelcane.Calculator.&lt;init&gt;(Calculator.java:6)
	at io.michaelcane.Commands.&lt;init&gt;(Commands.java:5)
	at io.michaelcane.Calculator.&lt;init&gt;(Calculator.java:6)
	at io.michaelcane.Commands.&lt;init&gt;(Commands.java:5)
	at io.michaelcane.Calculator.&lt;init&gt;(Calculator.java:6)
	at io.michaelcane.Commands.&lt;init&gt;(Commands.java:5)
	at io.michaelcane.Calculator.&lt;init&gt;(Calculator.java:6)
	at io.michaelcane.Commands.&lt;init&gt;(Commands.java:5)
	at io.michaelcane.Calculator.&lt;init&gt;(Calculator.java:6)
	at io.michaelcane.Commands.&lt;init&gt;(Commands.java:5)
	at io.michaelcane.Calculator.&lt;init&gt;(Calculator.java:6)
	at io.michaelcane.Commands.&lt;init&gt;(Commands.java:5)
	at io.michaelcane.Calculator.&lt;init&gt;(Calculator.java:6)
	at io.michaelcane.Commands.&lt;init&gt;(Commands.java:5)
	at io.michaelcane.Calculator.&lt;init&gt;(Calculator.java:6)
	at io.michaelcane.Commands.&lt;init&gt;(Commands.java:5)
	at io.michaelcane.Calculator.&lt;init&gt;(Calculator.java:6)
	at io.michaelcane.Commands.&lt;init&gt;(Commands.java:5)
	at io.michaelcane.Calculator.&lt;init&gt;(Calculator.java:6)
	at io.michaelcane.Commands.&lt;init&gt;(Commands.java:5)
	at io.michaelcane.Calculator.&lt;init&gt;(Calculator.java:6)
	at io.michaelcane.Commands.&lt;init&gt;(Commands.java:5)
	at io.michaelcane.Calculator.&lt;init&gt;(Calculator.java:6)
	at io.michaelcane.Commands.&lt;init&gt;(Commands.java:5)
	at io.michaelcane.Calculator.&lt;init&gt;(Calculator.java:6)
	at io.michaelcane.Commands.&lt;init&gt;(Commands.java:5)
	at io.michaelcane.Calculator.&lt;init&gt;(Calculator.java:6)
	at io.michaelcane.Commands.&lt;init&gt;(Commands.java:5)
	at io.michaelcane.Calculator.&lt;init&gt;(Calculator.java:6)
	at io.michaelcane.Commands.&lt;init&gt;(Commands.java:5)
	at io.michaelcane.Calculator.&lt;init&gt;(Calculator.java:6)
	at io.michaelcane.Commands.&lt;init&gt;(Commands.java:5)
	at io.michaelcane.Calculator.&lt;init&gt;(Calculator.java:6)
	at io.michaelcane.Commands.&lt;init&gt;(Commands.java:5)
	at io.michaelcane.Calculator.&lt;init&gt;(Calculator.java:6)
	at io.michaelcane.Commands.&lt;init&gt;(Commands.java:5)
	at io.michaelcane.Calculator.&lt;init&gt;(Calculator.java:6)
	at io.michaelcane.Commands.&lt;init&gt;(Commands.java:5)
	at io.michaelcane.Calculator.&lt;init&gt;(Calculator.java:6)
	at io.michaelcane.Commands.&lt;init&gt;(Commands.java:5)
	at io.michaelcane.Calculator.&lt;init&gt;(Calculator.java:6)
	at io.michaelcane.Commands.&lt;init&gt;(Commands.java:5)
	at io.michaelcane.Calculator.&lt;init&gt;(Calculator.java:6)
	at io.michaelcane.Commands.&lt;init&gt;(Commands.java:5)
	at io.michaelcane.Calculator.&lt;init&gt;(Calculator.java:6)
	at io.michaelcane.Commands.&lt;init&gt;(Commands.java:5)
	at io.michaelcane.Calculator.&lt;init&gt;(Calculator.java:6)
	at io.michaelcane.Commands.&lt;init&gt;(Commands.java:5)
	at io.michaelcane.Calculator.&lt;init&gt;(Calculator.java:6)
	at io.michaelcane.Commands.&lt;init&gt;(Commands.java:5)
	at io.michaelcane.Calculator.&lt;init&gt;(Calculator.java:6)
	at io.michaelcane.Commands.&lt;init&gt;(Commands.java:5)
	at io.michaelcane.Calculator.&lt;init&gt;(Calculator.java:6)
	at io.michaelcane.Commands.&lt;init&gt;(Commands.java:5)
	at io.michaelcane.Calculator.&lt;init&gt;(Calculator.java:6)
	at io.michaelcane.Commands.&lt;init&gt;(Commands.java:5)
	at io.michaelcane.Calculator.&lt;init&gt;(Calculator.java:6)
	at io.michaelcane.Commands.&lt;init&gt;(Commands.java:5)
	at io.michaelcane.Calculator.&lt;init&gt;(Calculator.java:6)
	at io.michaelcane.Commands.&lt;init&gt;(Commands.java:5)
	at io.michaelcane.Calculator.&lt;init&gt;(Calculator.java:6)
	at io.michaelcane.Commands.&lt;init&gt;(Commands.java:5)
	at io.michaelcane.Calculator.&lt;init&gt;(Calculator.java:6)
	at io.michaelcane.Commands.&lt;init&gt;(Commands.java:5)
	at io.michaelcane.Calculator.&lt;init&gt;(Calculator.java:6)
	at io.michaelcane.Commands.&lt;init&gt;(Commands.java:5)
	at io.michaelcane.Calculator.&lt;init&gt;(Calculator.java:6)
	at io.michaelcane.Commands.&lt;init&gt;(Commands.java:5)
	at io.michaelcane.Calculator.&lt;init&gt;(Calculator.java:6)
	at io.michaelcane.Commands.&lt;init&gt;(Commands.java:5)
	at io.michaelcane.Calculator.&lt;init&gt;(Calculator.java:6)
	at io.michaelcane.Commands.&lt;init&gt;(Commands.java:5)
	at io.michaelcane.Calculator.&lt;init&gt;(Calculator.java:6)
	at io.michaelcane.Commands.&lt;init&gt;(Commands.java:5)
	at io.michaelcane.Calculator.&lt;init&gt;(Calculator.java:6)
	at io.michaelcane.Commands.&lt;init&gt;(Commands.java:5)
	at io.michaelcane.Calculator.&lt;init&gt;(Calculator.java:6)
	at io.michaelcane.Commands.&lt;init&gt;(Commands.java:5)
	at io.michaelcane.Calculator.&lt;init&gt;(Calculator.java:6)
	at io.michaelcane.Commands.&lt;init&gt;(Commands.java:5)
	at io.michaelcane.Calculator.&lt;init&gt;(Calculator.java:6)
	at io.michaelcane.Commands.&lt;init&gt;(Commands.java:5)
	at io.michaelcane.Calculator.&lt;init&gt;(Calculator.java:6)
	at io.michaelcane.Commands.&lt;init&gt;(Commands.java:5)
	at io.michaelcane.Calculator.&lt;init&gt;(Calculator.java:6)
	at io.michaelcane.Commands.&lt;init&gt;(Commands.java:5)
	at io.michaelcane.Calculator.&lt;init&gt;(Calculator.java:6)
	at io.michaelcane.Commands.&lt;init&gt;(Commands.java:5)
	at io.michaelcane.Calculator.&lt;init&gt;(Calculator.java:6)
	at io.michaelcane.Commands.&lt;init&gt;(Commands.java:5)
	at io.michaelcane.Calculator.&lt;init&gt;(Calculator.java:6)
	at io.michaelcane.Commands.&lt;init&gt;(Commands.java:5)
	at io.michaelcane.Calculator.&lt;init&gt;(Calculator.java:6)
	at io.michaelcane.Commands.&lt;init&gt;(Commands.java:5)
	at io.michaelcane.Calculator.&lt;init&gt;(Calculator.java:6)
	at io.michaelcane.Commands.&lt;init&gt;(Commands.java:5)
	at io.michaelcane.Calculator.&lt;init&gt;(Calculator.java:6)
	at io.michaelcane.Commands.&lt;init&gt;(Commands.java:5)
	at io.michaelcane.Calculator.&lt;init&gt;(Calculator.java:6)
	at io.michaelcane.Commands.&lt;init&gt;(Commands.java:5)
	at io.michaelcane.Calculator.&lt;init&gt;(Calculator.java:6)
	at io.michaelcane.Commands.&lt;init&gt;(Commands.java:5)
	at io.michaelcane.Calculator.&lt;init&gt;(Calculator.java:6)
	at io.michaelcane.Commands.&lt;init&gt;(Commands.java:5)
	at io.michaelcane.Calculator.&lt;init&gt;(Calculator.java:6)
	at io.michaelcane.Commands.&lt;init&gt;(Commands.java:5)
	at io.michaelcane.Calculator.&lt;init&gt;(Calculator.java:6)
	at io.michaelcane.Commands.&lt;init&gt;(Commands.java:5)
	at io.michaelcane.Calculator.&lt;init&gt;(Calculator.java:6)
	at io.michaelcane.Commands.&lt;init&gt;(Commands.java:5)
	at io.michaelcane.Calculator.&lt;init&gt;(Calculator.java:6)
	at io.michaelcane.Commands.&lt;init&gt;(Commands.java:5)
	at io.michaelcane.Calculator.&lt;init&gt;(Calculator.java:6)
	at io.michaelcane.Commands.&lt;init&gt;(Commands.java:5)
	at io.michaelcane.Calculator.&lt;init&gt;(Calculator.java:6)
	at io.michaelcane.Commands.&lt;init&gt;(Commands.java:5)
	at io.michaelcane.Calculator.&lt;init&gt;(Calculator.java:6)
	at io.michaelcane.Commands.&lt;init&gt;(Commands.java:5)
	at io.michaelcane.Calculator.&lt;init&gt;(Calculator.java:6)
	at io.michaelcane.Commands.&lt;init&gt;(Commands.java:5)
	at io.michaelcane.Calculator.&lt;init&gt;(Calculator.java:6)
	at io.michaelcane.Commands.&lt;init&gt;(Commands.java:5)
	at io.michaelcane.Calculator.&lt;init&gt;(Calculator.java:6)
	at io.michaelcane.Commands.&lt;init&gt;(Commands.java:5)
	at io.michaelcane.Calculator.&lt;init&gt;(Calculator.java:6)
	at io.michaelcane.Commands.&lt;init&gt;(Commands.java:5)
	at io.michaelcane.Calculator.&lt;init&gt;(Calculator.java:6)
	at io.michaelcane.Commands.&lt;init&gt;(Commands.java:5)
	at io.michaelcane.Calculator.&lt;init&gt;(Calculator.java:6)
	at io.michaelcane.Commands.&lt;init&gt;(Commands.java:5)
	at io.michaelcane.Calculator.&lt;init&gt;(Calculator.java:6)
	at io.michaelcane.Commands.&lt;init&gt;(Commands.java:5)
	at io.michaelcane.Calculator.&lt;init&gt;(Calculator.java:6)
	at io.michaelcane.Commands.&lt;init&gt;(Commands.java:5)
	at io.michaelcane.Calculator.&lt;init&gt;(Calculator.java:6)
	at io.michaelcane.Commands.&lt;init&gt;(Commands.java:5)
	at io.michaelcane.Calculator.&lt;init&gt;(Calculator.java:6)
	at io.michaelcane.Commands.&lt;init&gt;(Commands.java:5)
	at io.michaelcane.Calculator.&lt;init&gt;(Calculator.java:6)
	at io.michaelcane.Commands.&lt;init&gt;(Commands.java:5)
	at io.michaelcane.Calculator.&lt;init&gt;(Calculator.java:6)
	at io.michaelcane.Commands.&lt;init&gt;(Commands.java:5)
	at io.michaelcane.Calculator.&lt;init&gt;(Calculator.java:6)
	at io.michaelcane.Commands.&lt;init&gt;(Commands.java:5)
	at io.michaelcane.Calculator.&lt;init&gt;(Calculator.java:6)
	at io.michaelcane.Commands.&lt;init&gt;(Commands.java:5)
	at io.michaelcane.Calculator.&lt;init&gt;(Calculator.java:6)
	at io.michaelcane.Commands.&lt;init&gt;(Commands.java:5)
	at io.michaelcane.Calculator.&lt;init&gt;(Calculator.java:6)
	at io.michaelcane.Commands.&lt;init&gt;(Commands.java:5)
	at io.michaelcane.Calculator.&lt;init&gt;(Calculator.java:6)
	at io.michaelcane.Commands.&lt;init&gt;(Commands.java:5)
	at io.michaelcane.Calculator.&lt;init&gt;(Calculator.java:6)
	at io.michaelcane.Commands.&lt;init&gt;(Commands.java:5)
	at io.michaelcane.Calculator.&lt;init&gt;(Calculator.java:6)
	at io.michaelcane.Commands.&lt;init&gt;(Commands.java:5)
	at io.michaelcane.Calculator.&lt;init&gt;(Calculator.java:6)
	at io.michaelcane.Commands.&lt;init&gt;(Commands.java:5)
	at io.michaelcane.Calculator.&lt;init&gt;(Calculator.java:6)
	at io.michaelcane.Commands.&lt;init&gt;(Commands.java:5)
	at io.michaelcane.Calculator.&lt;init&gt;(Calculator.java:6)
	at io.michaelcane.Commands.&lt;init&gt;(Commands.java:5)
	at io.michaelcane.Calculator.&lt;init&gt;(Calculator.java:6)
	at io.michaelcane.Commands.&lt;init&gt;(Commands.java:5)
	at io.michaelcane.Calculator.&lt;init&gt;(Calculator.java:6)
	at io.michaelcane.Commands.&lt;init&gt;(Commands.java:5)
	at io.michaelcane.Calculator.&lt;init&gt;(Calculator.java:6)
	at io.michaelcane.Commands.&lt;init&gt;(Commands.java:5)
	at io.michaelcane.Calculator.&lt;init&gt;(Calculator.java:6)
	at io.michaelcane.Commands.&lt;init&gt;(Commands.java:5)
	at io.michaelcane.Calculator.&lt;init&gt;(Calculator.java:6)
	at io.michaelcane.Commands.&lt;init&gt;(Commands.java:5)
	at io.michaelcane.Calculator.&lt;init&gt;(Calculator.java:6)
	at io.michaelcane.Commands.&lt;init&gt;(Commands.java:5)
	at io.michaelcane.Calculator.&lt;init&gt;(Calculator.java:6)
	at io.michaelcane.Commands.&lt;init&gt;(Commands.java:5)
	at io.michaelcane.Calculator.&lt;init&gt;(Calculator.java:6)
	at io.michaelcane.Commands.&lt;init&gt;(Commands.java:5)
	at io.michaelcane.Calculator.&lt;init&gt;(Calculator.java:6)
	at io.michaelcane.Commands.&lt;init&gt;(Commands.java:5)
	at io.michaelcane.Calculator.&lt;init&gt;(Calculator.java:6)
	at io.michaelcane.Commands.&lt;init&gt;(Commands.java:5)
	at io.michaelcane.Calculator.&lt;init&gt;(Calculator.java:6)
	at io.michaelcane.Commands.&lt;init&gt;(Commands.java:5)
	at io.michaelcane.Calculator.&lt;init&gt;(Calculator.java:6)
	at io.michaelcane.Commands.&lt;init&gt;(Commands.java:5)
	at io.michaelcane.Calculator.&lt;init&gt;(Calculator.java:6)
	at io.michaelcane.Commands.&lt;init&gt;(Commands.java:5)
	at io.michaelcane.Calculator.&lt;init&gt;(Calculator.java:6)
	at io.michaelcane.Commands.&lt;init&gt;(Commands.java:5)
	at io.michaelcane.Calculator.&lt;init&gt;(Calculator.java:6)
	at io.michaelcane.Commands.&lt;init&gt;(Commands.java:5)
	at io.michaelcane.Calculator.&lt;init&gt;(Calculator.java:6)
	at io.michaelcane.Commands.&lt;init&gt;(Commands.java:5)
	at io.michaelcane.Calculator.&lt;init&gt;(Calculator.java:6)
	at io.michaelcane.Commands.&lt;init&gt;(Commands.java:5)
	at io.michaelcane.Calculator.&lt;init&gt;(Calculator.java:6)
	at io.michaelcane.Commands.&lt;init&gt;(Commands.java:5)
	at io.michaelcane.Calculator.&lt;init&gt;(Calculator.java:6)
	at io.michaelcane.Commands.&lt;init&gt;(Commands.java:5)
	at io.michaelcane.Calculator.&lt;init&gt;(Calculator.java:6)
	at io.michaelcane.Commands.&lt;init&gt;(Commands.java:5)
	at io.michaelcane.Calculator.&lt;init&gt;(Calculator.java:6)
	at io.michaelcane.Commands.&lt;init&gt;(Commands.java:5)
	at io.michaelcane.Calculator.&lt;init&gt;(Calculator.java:6)
	at io.michaelcane.Commands.&lt;init&gt;(Commands.java:5)
	at io.michaelcane.Calculator.&lt;init&gt;(Calculator.java:6)
	at io.michaelcane.Commands.&lt;init&gt;(Commands.java:5)
	at io.michaelcane.Calculator.&lt;init&gt;(Calculator.java:6)
	at io.michaelcane.Commands.&lt;init&gt;(Commands.java:5)
	at io.michaelcane.Calculator.&lt;init&gt;(Calculator.java:6)
	at io.michaelcane.Commands.&lt;init&gt;(Commands.java:5)
	at io.michaelcane.Calculator.&lt;init&gt;(Calculator.java:6)
	at io.michaelcane.Commands.&lt;init&gt;(Commands.java:5)
	at io.michaelcane.Calculator.&lt;init&gt;(Calculator.java:6)
	at io.michaelcane.Commands.&lt;init&gt;(Commands.java:5)
	at io.michaelcane.Calculator.&lt;init&gt;(Calculator.java:6)
	at io.michaelcane.Commands.&lt;init&gt;(Commands.java:5)
	at io.michaelcane.Calculator.&lt;init&gt;(Calculator.java:6)
	at io.michaelcane.Commands.&lt;init&gt;(Commands.java:5)
	at io.michaelcane.Calculator.&lt;init&gt;(Calculator.java:6)
	at io.michaelcane.Commands.&lt;init&gt;(Commands.java:5)
	at io.michaelcane.Calculator.&lt;init&gt;(Calculator.java:6)
	at io.michaelcane.Commands.&lt;init&gt;(Commands.java:5)
	at io.michaelcane.Calculator.&lt;init&gt;(Calculator.java:6)
	at io.michaelcane.Commands.&lt;init&gt;(Commands.java:5)
	at io.michaelcane.Calculator.&lt;init&gt;(Calculator.java:6)
	at io.michaelcane.Commands.&lt;init&gt;(Commands.java:5)
	at io.michaelcane.Calculator.&lt;init&gt;(Calculator.java:6)
	at io.michaelcane.Commands.&lt;init&gt;(Commands.java:5)
	at io.michaelcane.Calculator.&lt;init&gt;(Calculator.java:6)
	at io.michaelcane.Commands.&lt;init&gt;(Commands.java:5)
	at io.michaelcane.Calculator.&lt;init&gt;(Calculator.java:6)
	at io.michaelcane.Commands.&lt;init&gt;(Commands.java:5)
	at io.michaelcane.Calculator.&lt;init&gt;(Calculator.java:6)
	at io.michaelcane.Commands.&lt;init&gt;(Commands.java:5)
	at io.michaelcane.Calculator.&lt;init&gt;(Calculator.java:6)
	at io.michaelcane.Commands.&lt;init&gt;(Commands.java:5)
	at io.michaelcane.Calculator.&lt;init&gt;(Calculator.java:6)
	at io.michaelcane.Commands.&lt;init&gt;(Commands.java:5)
	at io.michaelcane.Calculator.&lt;init&gt;(Calculator.java:6)
	at io.michaelcane.Commands.&lt;init&gt;(Commands.java:5)
	at io.michaelcane.Calculator.&lt;init&gt;(Calculator.java:6)
	at io.michaelcane.Commands.&lt;init&gt;(Commands.java:5)
	at io.michaelcane.Calculator.&lt;init&gt;(Calculator.java:6)
	at io.michaelcane.Commands.&lt;init&gt;(Commands.java:5)
	at io.michaelcane.Calculator.&lt;init&gt;(Calculator.java:6)
	at io.michaelcane.Commands.&lt;init&gt;(Commands.java:5)
	at io.michaelcane.Calculator.&lt;init&gt;(Calculator.java:6)
	at io.michaelcane.Commands.&lt;init&gt;(Commands.java:5)
	at io.michaelcane.Calculator.&lt;init&gt;(Calculator.java:6)
	at io.michaelcane.Commands.&lt;init&gt;(Commands.java:5)
	at io.michaelcane.Calculator.&lt;init&gt;(Calculator.java:6)
	at io.michaelcane.Commands.&lt;init&gt;(Commands.java:5)
	at io.michaelcane.Calculator.&lt;init&gt;(Calculator.java:6)
	at io.michaelcane.Commands.&lt;init&gt;(Commands.java:5)
	at io.michaelcane.Calculator.&lt;init&gt;(Calculator.java:6)
	at io.michaelcane.Commands.&lt;init&gt;(Commands.java:5)
	at io.michaelcane.Calculator.&lt;init&gt;(Calculator.java:6)
	at io.michaelcane.Commands.&lt;init&gt;(Commands.java:5)
	at io.michaelcane.Calculator.&lt;init&gt;(Calculator.java:6)
	at io.michaelcane.Commands.&lt;init&gt;(Commands.java:5)
	at io.michaelcane.Calculator.&lt;init&gt;(Calculator.java:6)
	at io.michaelcane.Commands.&lt;init&gt;(Commands.java:5)
	at io.michaelcane.Calculator.&lt;init&gt;(Calculator.java:6)
	at io.michaelcane.Commands.&lt;init&gt;(Commands.java:5)
	at io.michaelcane.Calculator.&lt;init&gt;(Calculator.java:6)
	at io.michaelcane.Commands.&lt;init&gt;(Commands.java:5)
	at io.michaelcane.Calculator.&lt;init&gt;(Calculator.java:6)
	at io.michaelcane.Commands.&lt;init&gt;(Commands.java:5)
	at io.michaelcane.Calculator.&lt;init&gt;(Calculator.java:6)
	at io.michaelcane.Commands.&lt;init&gt;(Commands.java:5)
	at io.michaelcane.Calculator.&lt;init&gt;(Calculator.java:6)
	at io.michaelcane.Commands.&lt;init&gt;(Commands.java:5)
	at io.michaelcane.Calculator.&lt;init&gt;(Calculator.java:6)
	at io.michaelcane.Commands.&lt;init&gt;(Commands.java:5)
	at io.michaelcane.Calculator.&lt;init&gt;(Calculator.java:6)
	at io.michaelcane.Commands.&lt;init&gt;(Commands.java:5)
	at io.michaelcane.Calculator.&lt;init&gt;(Calculator.java:6)
	at io.michaelcane.Commands.&lt;init&gt;(Commands.java:5)
	at io.michaelcane.Calculator.&lt;init&gt;(Calculator.java:6)
	at io.michaelcane.Commands.&lt;init&gt;(Commands.java:5)
	at io.michaelcane.Calculator.&lt;init&gt;(Calculator.java:6)
	at io.michaelcane.Commands.&lt;init&gt;(Commands.java:5)
	at io.michaelcane.Calculator.&lt;init&gt;(Calculator.java:6)
	at io.michaelcane.Commands.&lt;init&gt;(Commands.java:5)
	at io.michaelcane.Calculator.&lt;init&gt;(Calculator.java:6)
	at io.michaelcane.Commands.&lt;init&gt;(Commands.java:5)
	at io.michaelcane.Calculator.&lt;init&gt;(Calculator.java:6)
	at io.michaelcane.Commands.&lt;init&gt;(Commands.java:5)
	at io.michaelcane.Calculator.&lt;init&gt;(Calculator.java:6)
	at io.michaelcane.Commands.&lt;init&gt;(Commands.java:5)
	at io.michaelcane.Calculator.&lt;init&gt;(Calculator.java:6)
	at io.michaelcane.Commands.&lt;init&gt;(Commands.java:5)
	at io.michaelcane.Calculator.&lt;init&gt;(Calculator.java:6)
	at io.michaelcane.Commands.&lt;init&gt;(Commands.java:5)
	at io.michaelcane.Calculator.&lt;init&gt;(Calculator.java:6)
	at io.michaelcane.Commands.&lt;init&gt;(Commands.java:5)
	at io.michaelcane.Calculator.&lt;init&gt;(Calculator.java:6)
	at io.michaelcane.Commands.&lt;init&gt;(Commands.java:5)
	at io.michaelcane.Calculator.&lt;init&gt;(Calculator.java:6)
	at io.michaelcane.Commands.&lt;init&gt;(Commands.java:5)
	at io.michaelcane.Calculator.&lt;init&gt;(Calculator.java:6)
	at io.michaelcane.Commands.&lt;init&gt;(Commands.java:5)
	at io.michaelcane.Calculator.&lt;init&gt;(Calculator.java:6)
	at io.michaelcane.Commands.&lt;init&gt;(Commands.java:5)
	at io.michaelcane.Calculator.&lt;init&gt;(Calculator.java:6)
	at io.michaelcane.Commands.&lt;init&gt;(Commands.java:5)
	at io.michaelcane.Calculator.&lt;init&gt;(Calculator.java:6)
	at io.michaelcane.Commands.&lt;init&gt;(Commands.java:5)
	at io.michaelcane.Calculator.&lt;init&gt;(Calculator.java:6)
	at io.michaelcane.Commands.&lt;init&gt;(Commands.java:5)
	at io.michaelcane.Calculator.&lt;init&gt;(Calculator.java:6)
	at io.michaelcane.Commands.&lt;init&gt;(Commands.java:5)
	at io.michaelcane.Calculator.&lt;init&gt;(Calculator.java:6)
	at io.michaelcane.Commands.&lt;init&gt;(Commands.java:5)
	at io.michaelcane.Calculator.&lt;init&gt;(Calculator.java:6)
	at io.michaelcane.Commands.&lt;init&gt;(Commands.java:5)
	at io.michaelcane.Calculator.&lt;init&gt;(Calculator.java:6)
	at io.michaelcane.Commands.&lt;init&gt;(Commands.java:5)
	at io.michaelcane.Calculator.&lt;init&gt;(Calculator.java:6)
	at io.michaelcane.Commands.&lt;init&gt;(Commands.java:5)
	at io.michaelcane.Calculator.&lt;init&gt;(Calculator.java:6)
	at io.michaelcane.Commands.&lt;init&gt;(Commands.java:5)
	at io.michaelcane.Calculator.&lt;init&gt;(Calculator.java:6)
	at io.michaelcane.Commands.&lt;init&gt;(Commands.java:5)
	at io.michaelcane.Calculator.&lt;init&gt;(Calculator.java:6)
	at io.michaelcane.Commands.&lt;init&gt;(Commands.java:5)
	at io.michaelcane.Calculator.&lt;init&gt;(Calculator.java:6)
	at io.michaelcane.Commands.&lt;init&gt;(Commands.java:5)
	at io.michaelcane.Calculator.&lt;init&gt;(Calculator.java:6)
	at io.michaelcane.Commands.&lt;init&gt;(Commands.java:5)
	at io.michaelcane.Calculator.&lt;init&gt;(Calculator.java:6)
	at io.michaelcane.Commands.&lt;init&gt;(Commands.java:5)
	at io.michaelcane.Calculator.&lt;init&gt;(Calculator.java:6)
	at io.michaelcane.Commands.&lt;init&gt;(Commands.java:5)
	at io.michaelcane.Calculator.&lt;init&gt;(Calculator.java:6)
	at io.michaelcane.Commands.&lt;init&gt;(Commands.java:5)
	at io.michaelcane.Calculator.&lt;init&gt;(Calculator.java:6)
	at io.michaelcane.Commands.&lt;init&gt;(Commands.java:5)
	at io.michaelcane.Calculator.&lt;init&gt;(Calculator.java:6)
	at io.michaelcane.Commands.&lt;init&gt;(Commands.java:5)
	at io.michaelcane.Calculator.&lt;init&gt;(Calculator.java:6)
	at io.michaelcane.Commands.&lt;init&gt;(Commands.java:5)
	at io.michaelcane.Calculator.&lt;init&gt;(Calculator.java:6)
	at io.michaelcane.Commands.&lt;init&gt;(Commands.java:5)
	at io.michaelcane.Calculator.&lt;init&gt;(Calculator.java:6)
	at io.michaelcane.Commands.&lt;init&gt;(Commands.java:5)
	at io.michaelcane.Calculator.&lt;init&gt;(Calculator.java:6)
	at io.michaelcane.Commands.&lt;init&gt;(Commands.java:5)
	at io.michaelcane.Calculator.&lt;init&gt;(Calculator.java:6)
	at io.michaelcane.Commands.&lt;init&gt;(Commands.java:5)
	at io.michaelcane.Calculator.&lt;init&gt;(Calculator.java:6)
	at io.michaelcane.Commands.&lt;init&gt;(Commands.java:5)
	at io.michaelcane.Calculator.&lt;init&gt;(Calculator.java:6)
	at io.michaelcane.Commands.&lt;init&gt;(Commands.java:5)
	at io.michaelcane.Calculator.&lt;init&gt;(Calculator.java:6)
	at io.michaelcane.Commands.&lt;init&gt;(Commands.java:5)
	at io.michaelcane.Calculator.&lt;init&gt;(Calculator.java:6)
	at io.michaelcane.Commands.&lt;init&gt;(Commands.java:5)
	at io.michaelcane.Calculator.&lt;init&gt;(Calculator.java:6)
	at io.michaelcane.Commands.&lt;init&gt;(Commands.java:5)
	at io.michaelcane.Calculator.&lt;init&gt;(Calculator.java:6)
	at io.michaelcane.Commands.&lt;init&gt;(Commands.java:5)
	at io.michaelcane.Calculator.&lt;init&gt;(Calculator.java:6)
	at io.michaelcane.Commands.&lt;init&gt;(Commands.java:5)
	at io.michaelcane.Calculator.&lt;init&gt;(Calculator.java:6)
	at io.michaelcane.Commands.&lt;init&gt;(Commands.java:5)
	at io.michaelcane.Calculator.&lt;init&gt;(Calculator.java:6)
	at io.michaelcane.Commands.&lt;init&gt;(Commands.java:5)
	at io.michaelcane.Calculator.&lt;init&gt;(Calculator.java:6)
	at io.michaelcane.Commands.&lt;init&gt;(Commands.java:5)
	at io.michaelcane.Calculator.&lt;init&gt;(Calculator.java:6)
	at io.michaelcane.Commands.&lt;init&gt;(Commands.java:5)
	at io.michaelcane.Calculator.&lt;init&gt;(Calculator.java:6)
	at io.michaelcane.Commands.&lt;init&gt;(Commands.java:5)
	at io.michaelcane.Calculator.&lt;init&gt;(Calculator.java:6)
	at io.michaelcane.Commands.&lt;init&gt;(Commands.java:5)
	at io.michaelcane.Calculator.&lt;init&gt;(Calculator.java:6)
	at io.michaelcane.Commands.&lt;init&gt;(Commands.java:5)
	at io.michaelcane.Calculator.&lt;init&gt;(Calculator.java:6)
	at io.michaelcane.Commands.&lt;init&gt;(Commands.java:5)
	at io.michaelcane.Calculator.&lt;init&gt;(Calculator.java:6)
	at io.michaelcane.Commands.&lt;init&gt;(Commands.java:5)
	at io.michaelcane.Calculator.&lt;init&gt;(Calculator.java:6)
	at io.michaelcane.Commands.&lt;init&gt;(Commands.java:5)
	at io.michaelcane.Calculator.&lt;init&gt;(Calculator.java:6)
	at io.michaelcane.Commands.&lt;init&gt;(Commands.java:5)
	at io.michaelcane.Calculator.&lt;init&gt;(Calculator.java:6)
	at io.michaelcane.Commands.&lt;init&gt;(Commands.java:5)
	at io.michaelcane.Calculator.&lt;init&gt;(Calculator.java:6)
	at io.michaelcane.Commands.&lt;init&gt;(Commands.java:5)
	at io.michaelcane.Calculator.&lt;init&gt;(Calculator.java:6)
	at io.michaelcane.Commands.&lt;init&gt;(Commands.java:5)
	at io.michaelcane.Calculator.&lt;init&gt;(Calculator.java:6)
	at io.michaelcane.Commands.&lt;init&gt;(Commands.java:5)
	at io.michaelcane.Calculator.&lt;init&gt;(Calculator.java:6)
	at io.michaelcane.Commands.&lt;init&gt;(Commands.java:5)
	at io.michaelcane.Calculator.&lt;init&gt;(Calculator.java:6)
	at io.michaelcane.Commands.&lt;init&gt;(Commands.java:5)
	at io.michaelcane.Calculator.&lt;init&gt;(Calculator.java:6)
	at io.michaelcane.Commands.&lt;init&gt;(Commands.java:5)
	at io.michaelcane.Calculator.&lt;init&gt;(Calculator.java:6)
	at io.michaelcane.Commands.&lt;init&gt;(Commands.java:5)
	at io.michaelcane.Calculator.&lt;init&gt;(Calculator.java:6)
	at io.michaelcane.Commands.&lt;init&gt;(Commands.java:5)
	at io.michaelcane.Calculator.&lt;init&gt;(Calculator.java:6)
	at io.michaelcane.Commands.&lt;init&gt;(Commands.java:5)
	at io.michaelcane.Calculator.&lt;init&gt;(Calculator.java:6)
	at io.michaelcane.Commands.&lt;init&gt;(Commands.java:5)
	at io.michaelcane.Calculator.&lt;init&gt;(Calculator.java:6)
	at io.michaelcane.Commands.&lt;init&gt;(Commands.java:5)
	at io.michaelcane.Calculator.&lt;init&gt;(Calculator.java:6)
	at io.michaelcane.Commands.&lt;init&gt;(Commands.java:5)
	at io.michaelcane.Calculator.&lt;init&gt;(Calculator.java:6)
	at io.michaelcane.Commands.&lt;init&gt;(Commands.java:5)
	at io.michaelcane.Calculator.&lt;init&gt;(Calculator.java:6)
	at io.michaelcane.Commands.&lt;init&gt;(Commands.java:5)
	at io.michaelcane.Calculator.&lt;init&gt;(Calculator.java:6)
	at io.michaelcane.Commands.&lt;init&gt;(Commands.java:5)
	at io.michaelcane.Calculator.&lt;init&gt;(Calculator.java:6)
	at io.michaelcane.Commands.&lt;init&gt;(Commands.java:5)
	at io.michaelcane.Calculator.&lt;init&gt;(Calculator.java:6)
	at io.michaelcane.Commands.&lt;init&gt;(Commands.java:5)
	at io.michaelcane.Calculator.&lt;init&gt;(Calculator.java:6)
	at io.michaelcane.Commands.&lt;init&gt;(Commands.java:5)
	at io.michaelcane.Calculator.&lt;init&gt;(Calculator.java:6)
	at io.michaelcane.Commands.&lt;init&gt;(Commands.java:5)
	at io.michaelcane.Calculator.&lt;init&gt;(Calculator.java:6)
	at io.michaelcane.Commands.&lt;init&gt;(Commands.java:5)
	at io.michaelcane.Calculator.&lt;init&gt;(Calculator.java:6)
	at io.michaelcane.Commands.&lt;init&gt;(Commands.java:5)
	at io.michaelcane.Calculator.&lt;init&gt;(Calculator.java:6)
	at io.michaelcane.Commands.&lt;init&gt;(Commands.java:5)
	at io.michaelcane.Calculator.&lt;init&gt;(Calculator.java:6)
	at io.michaelcane.Commands.&lt;init&gt;(Commands.java:5)
	at io.michaelcane.Calculator.&lt;init&gt;(Calculator.java:6)
	at io.michaelcane.Commands.&lt;init&gt;(Commands.java:5)
	at io.michaelcane.Calculator.&lt;init&gt;(Calculator.java:6)
	at io.michaelcane.Commands.&lt;init&gt;(Commands.java:5)
	at io.michaelcane.Calculator.&lt;init&gt;(Calculator.java:6)
	at io.michaelcane.Commands.&lt;init&gt;(Commands.java:5)
	at io.michaelcane.Calculator.&lt;init&gt;(Calculator.java:6)
	at io.michaelcane.Commands.&lt;init&gt;(Commands.java:5)
	at io.michaelcane.Calculator.&lt;init&gt;(Calculator.java:6)
	at io.michaelcane.Commands.&lt;init&gt;(Commands.java:5)
	at io.michaelcane.Calculator.&lt;init&gt;(Calculator.java:6)
	at io.michaelcane.Commands.&lt;init&gt;(Commands.java:5)
	at io.michaelcane.Calculator.&lt;init&gt;(Calculator.java:6)
	at io.michaelcane.Commands.&lt;init&gt;(Commands.java:5)
	at io.michaelcane.Calculator.&lt;init&gt;(Calculator.java:6)
	at io.michaelcane.Commands.&lt;init&gt;(Commands.java:5)
	at io.michaelcane.Calculator.&lt;init&gt;(Calculator.java:6)
	at io.michaelcane.Commands.&lt;init&gt;(Commands.java:5)
	at io.michaelcane.Calculator.&lt;init&gt;(Calculator.java:6)
	at io.michaelcane.Commands.&lt;init&gt;(Commands.java:5)
	at io.michaelcane.Calculator.&lt;init&gt;(Calculator.java:6)
	at io.michaelcane.Commands.&lt;init&gt;(Commands.java:5)
	at io.michaelcane.Calculator.&lt;init&gt;(Calculator.java:6)
	at io.michaelcane.Commands.&lt;init&gt;(Commands.java:5)
	at io.michaelcane.Calculator.&lt;init&gt;(Calculator.java:6)
	at io.michaelcane.Commands.&lt;init&gt;(Commands.java:5)
	at io.michaelcane.Calculator.&lt;init&gt;(Calculator.java:6)
	at io.michaelcane.Commands.&lt;init&gt;(Commands.java:5)
	at io.michaelcane.Calculator.&lt;init&gt;(Calculator.java:6)
	at io.michaelcane.Commands.&lt;init&gt;(Commands.java:5)
	at io.michaelcane.Calculator.&lt;init&gt;(Calculator.java:6)
	at io.michaelcane.Commands.&lt;init&gt;(Commands.java:5)
	at io.michaelcane.Calculator.&lt;init&gt;(Calculator.java:6)
	at io.michaelcane.Commands.&lt;init&gt;(Commands.java:5)
	at io.michaelcane.Calculator.&lt;init&gt;(Calculator.java:6)
	at io.michaelcane.Commands.&lt;init&gt;(Commands.java:5)
	at io.michaelcane.Calculator.&lt;init&gt;(Calculator.java:6)
	at io.michaelcane.Commands.&lt;init&gt;(Commands.java:5)
	at io.michaelcane.Calculator.&lt;init&gt;(Calculator.java:6)
	at io.michaelcane.Commands.&lt;init&gt;(Commands.java:5)
	at io.michaelcane.Calculator.&lt;init&gt;(Calculator.java:6)
	at io.michaelcane.Commands.&lt;init&gt;(Commands.java:5)
	at io.michaelcane.Calculator.&lt;init&gt;(Calculator.java:6)
	at io.michaelcane.Commands.&lt;init&gt;(Commands.java:5)
	at io.michaelcane.Calculator.&lt;init&gt;(Calculator.java:6)
	at io.michaelcane.Commands.&lt;init&gt;(Commands.java:5)
	at io.michaelcane.Calculator.&lt;init&gt;(Calculator.java:6)
	at io.michaelcane.Commands.&lt;init&gt;(Commands.java:5)
	at io.michaelcane.Calculator.&lt;init&gt;(Calculator.java:6)
	at io.michaelcane.Commands.&lt;init&gt;(Commands.java:5)
	at io.michaelcane.Calculator.&lt;init&gt;(Calculator.java:6)
	at io.michaelcane.Commands.&lt;init&gt;(Commands.java:5)
	at io.michaelcane.Calculator.&lt;init&gt;(Calculator.java:6)
	at io.michaelcane.Commands.&lt;init&gt;(Commands.java:5)
	at io.michaelcane.Calculator.&lt;init&gt;(Calculator.java:6)
	at io.michaelcane.Commands.&lt;init&gt;(Commands.java:5)
	at io.michaelcane.Calculator.&lt;init&gt;(Calculator.java:6)
	at io.michaelcane.Commands.&lt;init&gt;(Commands.java:5)
	at io.michaelcane.Calculator.&lt;init&gt;(Calculator.java:6)
	at io.michaelcane.Commands.&lt;init&gt;(Commands.java:5)
	at io.michaelcane.Calculator.&lt;init&gt;(Calculator.java:6)
	at io.michaelcane.Commands.&lt;init&gt;(Commands.java:5)
	at io.michaelcane.Calculator.&lt;init&gt;(Calculator.java:6)
	at io.michaelcane.Commands.&lt;init&gt;(Commands.java:5)
	at io.michaelcane.Calculator.&lt;init&gt;(Calculator.java:6)
	at io.michaelcane.Commands.&lt;init&gt;(Commands.java:5)
	at io.michaelcane.Calculator.&lt;init&gt;(Calculator.java:6)
	at io.michaelcane.Commands.&lt;init&gt;(Commands.java:5)
	at io.michaelcane.Calculator.&lt;init&gt;(Calculator.java:6)
	at io.michaelcane.Commands.&lt;init&gt;(Commands.java:5)
	at io.michaelcane.Calculator.&lt;init&gt;(Calculator.java:6)
	at io.michaelcane.Commands.&lt;init&gt;(Commands.java:5)
	at io.michaelcane.Calculator.&lt;init&gt;(Calculator.java:6)
	at io.michaelcane.Commands.&lt;init&gt;(Commands.java:5)
	at io.michaelcane.Calculator.&lt;init&gt;(Calculator.java:6)
	at io.michaelcane.Commands.&lt;init&gt;(Commands.java:5)
	at io.michaelcane.Calculator.&lt;init&gt;(Calculator.java:6)
	at io.michaelcane.Commands.&lt;init&gt;(Commands.java:5)
	at io.michaelcane.Calculator.&lt;init&gt;(Calculator.java:6)
	at io.michaelcane.Commands.&lt;init&gt;(Commands.java:5)
	at io.michaelcane.Calculator.&lt;init&gt;(Calculator.java:6)
	at io.michaelcane.Commands.&lt;init&gt;(Commands.java:5)
	at io.michaelcane.Calculator.&lt;init&gt;(Calculator.java:6)
	at io.michaelcane.Commands.&lt;init&gt;(Commands.java:5)
	at io.michaelcane.Calculator.&lt;init&gt;(Calculator.java:6)
	at io.michaelcane.Commands.&lt;init&gt;(Commands.java:5)
	at io.michaelcane.Calculator.&lt;init&gt;(Calculator.java:6)
	at io.michaelcane.Commands.&lt;init&gt;(Commands.java:5)
	at io.michaelcane.Calculator.&lt;init&gt;(Calculator.java:6)
	at io.michaelcane.Commands.&lt;init&gt;(Commands.java:5)
	at io.michaelcane.Calculator.&lt;init&gt;(Calculator.java:6)
	at io.michaelcane.Commands.&lt;init&gt;(Commands.java:5)
	at io.michaelcane.Calculator.&lt;init&gt;(Calculator.java:6)
	at io.michaelcane.Commands.&lt;init&gt;(Commands.java:5)
	at io.michaelcane.Calculator.&lt;init&gt;(Calculator.java:6)
	at io.michaelcane.Commands.&lt;init&gt;(Commands.java:5)
	at io.michaelcane.Calculator.&lt;init&gt;(Calculator.java:6)
	at io.michaelcane.Commands.&lt;init&gt;(Commands.java:5)
	at io.michaelcane.Calculator.&lt;init&gt;(Calculator.java:6)
	at io.michaelcane.Commands.&lt;init&gt;(Commands.java:5)
	at io.michaelcane.Calculator.&lt;init&gt;(Calculator.java:6)
	at io.michaelcane.Commands.&lt;init&gt;(Commands.java:5)
	at io.michaelcane.Calculator.&lt;init&gt;(Calculator.java:6)
	at io.michaelcane.Commands.&lt;init&gt;(Commands.java:5)
	at io.michaelcane.Calculator.&lt;init&gt;(Calculator.java:6)
	at io.michaelcane.Commands.&lt;init&gt;(Commands.java:5)
	at io.michaelcane.Calculator.&lt;init&gt;(Calculator.java:6)
	at io.michaelcane.Commands.&lt;init&gt;(Commands.java:5)
	at io.michaelcane.Calculator.&lt;init&gt;(Calculator.java:6)
	at io.michaelcane.Commands.&lt;init&gt;(Commands.java:5)
	at io.michaelcane.Calculator.&lt;init&gt;(Calculator.java:6)
	at io.michaelcane.Commands.&lt;init&gt;(Commands.java:5)
	at io.michaelcane.Calculator.&lt;init&gt;(Calculator.java:6)
	at io.michaelcane.Commands.&lt;init&gt;(Commands.java:5)
	at io.michaelcane.Calculator.&lt;init&gt;(Calculator.java:6)
	at io.michaelcane.Commands.&lt;init&gt;(Commands.java:5)
	at io.michaelcane.Calculator.&lt;init&gt;(Calculator.java:6)
	at io.michaelcane.Commands.&lt;init&gt;(Commands.java:5)
	at io.michaelcane.Calculator.&lt;init&gt;(Calculator.java:6)
	at io.michaelcane.Commands.&lt;init&gt;(Commands.java:5)
	at io.michaelcane.Calculator.&lt;init&gt;(Calculator.java:6)
	at io.michaelcane.Commands.&lt;init&gt;(Commands.java:5)
	at io.michaelcane.Calculator.&lt;init&gt;(Calculator.java:6)
	at io.michaelcane.Commands.&lt;init&gt;(Commands.java:5)
	at io.michaelcane.Calculator.&lt;init&gt;(Calculator.java:6)
	at io.michaelcane.Commands.&lt;init&gt;(Commands.java:5)
	at io.michaelcane.Calculator.&lt;init&gt;(Calculator.java:6)
	at io.michaelcane.Commands.&lt;init&gt;(Commands.java:5)
	at io.michaelcane.Calculator.&lt;init&gt;(Calculator.java:6)
	at io.michaelcane.Commands.&lt;init&gt;(Commands.java:5)
	at io.michaelcane.Calculator.&lt;init&gt;(Calculator.java:6)
	at io.michaelcane.Commands.&lt;init&gt;(Commands.java:5)
	at io.michaelcane.Calculator.&lt;init&gt;(Calculator.java:6)
	at io.michaelcane.Commands.&lt;init&gt;(Commands.java:5)
	at io.michaelcane.Calculator.&lt;init&gt;(Calculator.java:6)
	at io.michaelcane.Commands.&lt;init&gt;(Commands.java:5)
	at io.michaelcane.Calculator.&lt;init&gt;(Calculator.java:6)
	at io.michaelcane.Commands.&lt;init&gt;(Commands.java:5)
	at io.michaelcane.Calculator.&lt;init&gt;(Calculator.java:6)
	at io.michaelcane.Commands.&lt;init&gt;(Commands.java:5)
	at io.michaelcane.Calculator.&lt;init&gt;(Calculator.java:6)
	at io.michaelcane.Commands.&lt;init&gt;(Commands.java:5)
	at io.michaelcane.Calculator.&lt;init&gt;(Calculator.java:6)
	at io.michaelcane.Commands.&lt;init&gt;(Commands.java:5)
	at io.michaelcane.Calculator.&lt;init&gt;(Calculator.java:6)
	at io.michaelcane.Commands.&lt;init&gt;(Commands.java:5)
	at io.michaelcane.Calculator.&lt;init&gt;(Calculator.java:6)
	at io.michaelcane.Commands.&lt;init&gt;(Commands.java:5)
	at io.michaelcane.Calculator.&lt;init&gt;(Calculator.java:6)
	at io.michaelcane.Commands.&lt;init&gt;(Commands.java:5)
	at io.michaelcane.Calculator.&lt;init&gt;(Calculator.java:6)
	at io.michaelcane.Commands.&lt;init&gt;(Commands.java:5)
	at io.michaelcane.Calculator.&lt;init&gt;(Calculator.java:6)
	at io.michaelcane.Commands.&lt;init&gt;(Commands.java:5)
	at io.michaelcane.Calculator.&lt;init&gt;(Calculator.java:6)
	at io.michaelcane.Commands.&lt;init&gt;(Commands.java:5)
	at io.michaelcane.Calculator.&lt;init&gt;(Calculator.java:6)
	at io.michaelcane.Commands.&lt;init&gt;(Commands.java:5)
	at io.michaelcane.Calculator.&lt;init&gt;(Calculator.java:6)
	at io.michaelcane.Commands.&lt;init&gt;(Commands.java:5)
	at io.michaelcane.Calculator.&lt;init&gt;(Calculator.java:6)
	at io.michaelcane.Commands.&lt;init&gt;(Commands.java:5)
	at io.michaelcane.Calculator.&lt;init&gt;(Calculator.java:6)
	at io.michaelcane.Commands.&lt;init&gt;(Commands.java:5)
	at io.michaelcane.Calculator.&lt;init&gt;(Calculator.java:6)
	at io.michaelcane.Commands.&lt;init&gt;(Commands.java:5)
	at io.michaelcane.Calculator.&lt;init&gt;(Calculator.java:6)
	at io.michaelcane.Commands.&lt;init&gt;(Commands.java:5)
	at io.michaelcane.Calculator.&lt;init&gt;(Calculator.java:6)
	at io.michaelcane.Commands.&lt;init&gt;(Commands.java:5)
	at io.michaelcane.Calculator.&lt;init&gt;(Calculator.java:6)
	at io.michaelcane.Commands.&lt;init&gt;(Commands.java:5)
	at io.michaelcane.Calculator.&lt;init&gt;(Calculator.java:6)
	at io.michaelcane.Commands.&lt;init&gt;(Commands.java:5)
	at io.michaelcane.Calculator.&lt;init&gt;(Calculator.java:6)
	at io.michaelcane.Commands.&lt;init&gt;(Commands.java:5)
	at io.michaelcane.Calculator.&lt;init&gt;(Calculator.java:6)
	at io.michaelcane.Commands.&lt;init&gt;(Commands.java:5)
	at io.michaelcane.Calculator.&lt;init&gt;(Calculator.java:6)
	at io.michaelcane.Commands.&lt;init&gt;(Commands.java:5)
	at io.michaelcane.Calculator.&lt;init&gt;(Calculator.java:6)
	at io.michaelcane.Commands.&lt;init&gt;(Commands.java:5)
	at io.michaelcane.Calculator.&lt;init&gt;(Calculator.java:6)
	at io.michaelcane.Commands.&lt;init&gt;(Commands.java:5)
	at io.michaelcane.Calculator.&lt;init&gt;(Calculator.java:6)
	at io.michaelcane.Commands.&lt;init&gt;(Commands.java:5)
	at io.michaelcane.Calculator.&lt;init&gt;(Calculator.java:6)
	at io.michaelcane.Commands.&lt;init&gt;(Commands.java:5)
	at io.michaelcane.Calculator.&lt;init&gt;(Calculator.java:6)
	at io.michaelcane.Commands.&lt;init&gt;(Commands.java:5)
	at io.michaelcane.Calculator.&lt;init&gt;(Calculator.java:6)
	at io.michaelcane.Commands.&lt;init&gt;(Commands.java:5)
	at io.michaelcane.Calculator.&lt;init&gt;(Calculator.java:6)
	at io.michaelcane.Commands.&lt;init&gt;(Commands.java:5)
	at io.michaelcane.Calculator.&lt;init&gt;(Calculator.java:6)
	at io.michaelcane.Commands.&lt;init&gt;(Commands.java:5)
	at io.michaelcane.Calculator.&lt;init&gt;(Calculator.java:6)
	at io.michaelcane.Commands.&lt;init&gt;(Commands.java:5)
	at io.michaelcane.Calculator.&lt;init&gt;(Calculator.java:6)
	at io.michaelcane.Commands.&lt;init&gt;(Commands.java:5)
	at io.michaelcane.Calculator.&lt;init&gt;(Calculator.java:6)
	at io.michaelcane.Commands.&lt;init&gt;(Commands.java:5)
	at io.michaelcane.Calculator.&lt;init&gt;(Calculator.java:6)
	at io.michaelcane.Commands.&lt;init&gt;(Commands.java:5)
	at io.michaelcane.Calculator.&lt;init&gt;(Calculator.java:6)
	at io.michaelcane.Commands.&lt;init&gt;(Commands.java:5)
	at io.michaelcane.Calculator.&lt;init&gt;(Calculator.java:6)
	at io.michaelcane.Commands.&lt;init&gt;(Commands.java:5)
	at io.michaelcane.Calculator.&lt;init&gt;(Calculator.java:6)
	at io.michaelcane.Commands.&lt;init&gt;(Commands.java:5)
	at io.michaelcane.Calculator.&lt;init&gt;(Calculator.java:6)
	at io.michaelcane.Commands.&lt;init&gt;(Commands.java:5)
	at io.michaelcane.Calculator.&lt;init&gt;(Calculator.java:6)
	at io.michaelcane.Commands.&lt;init&gt;(Commands.java:5)
	at io.michaelcane.Calculator.&lt;init&gt;(Calculator.java:6)
	at io.michaelcane.Commands.&lt;init&gt;(Commands.java:5)
	at io.michaelcane.Calculator.&lt;init&gt;(Calculator.java:6)
	at io.michaelcane.Commands.&lt;init&gt;(Commands.java:5)
	at io.michaelcane.Calculator.&lt;init&gt;(Calculator.java:6)
	at io.michaelcane.Commands.&lt;init&gt;(Commands.java:5)
	at io.michaelcane.Calculator.&lt;init&gt;(Calculator.java:6)
	at io.michaelcane.Commands.&lt;init&gt;(Commands.java:5)
	at io.michaelcane.Calculator.&lt;init&gt;(Calculator.java:6)
	at io.michaelcane.Commands.&lt;init&gt;(Commands.java:5)
	at io.michaelcane.Calculator.&lt;init&gt;(Calculator.java:6)
	at io.michaelcane.Commands.&lt;init&gt;(Commands.java:5)
	at io.michaelcane.Calculator.&lt;init&gt;(Calculator.java:6)
	at io.michaelcane.Commands.&lt;init&gt;(Commands.java:5)
	at io.michaelcane.Calculator.&lt;init&gt;(Calculator.java:6)
	at io.michaelcane.Commands.&lt;init&gt;(Commands.java:5)
	at io.michaelcane.Calculator.&lt;init&gt;(Calculator.java:6)
	at io.michaelcane.Commands.&lt;init&gt;(Commands.java:5)
	at io.michaelcane.Calculator.&lt;init&gt;(Calculator.java:6)
	at io.michaelcane.Commands.&lt;init&gt;(Commands.java:5)
	at io.michaelcane.Calculator.&lt;init&gt;(Calculator.java:6)
	at io.michaelcane.Commands.&lt;init&gt;(Commands.java:5)
	at io.michaelcane.Calculator.&lt;init&gt;(Calculator.java:6)
	at io.michaelcane.Commands.&lt;init&gt;(Commands.java:5)
	at io.michaelcane.Calculator.&lt;init&gt;(Calculator.java:6)
	at io.michaelcane.Commands.&lt;init&gt;(Commands.java:5)
	at io.michaelcane.Calculator.&lt;init&gt;(Calculator.java:6)
	at io.michaelcane.Commands.&lt;init&gt;(Commands.java:5)
	at io.michaelcane.Calculator.&lt;init&gt;(Calculator.java:6)
	at io.michaelcane.Commands.&lt;init&gt;(Commands.java:5)
	at io.michaelcane.Calculator.&lt;init&gt;(Calculator.java:6)
	at io.michaelcane.Commands.&lt;init&gt;(Commands.java:5)
	at io.michaelcane.Calculator.&lt;init&gt;(Calculator.java:6)
	at io.michaelcane.Commands.&lt;init&gt;(Commands.java:5)
	at io.michaelcane.Calculator.&lt;init&gt;(Calculator.java:6)
	at io.michaelcane.Commands.&lt;init&gt;(Commands.java:5)
	at io.michaelcane.Calculator.&lt;init&gt;(Calculator.java:6)
	at io.michaelcane.Commands.&lt;init&gt;(Commands.java:5)
	at io.michaelcane.Calculator.&lt;init&gt;(Calculator.java:6)
	at io.michaelcane.Commands.&lt;init&gt;(Commands.java:5)
	at io.michaelcane.Calculator.&lt;init&gt;(Calculator.java:6)
	at io.michaelcane.Commands.&lt;init&gt;(Commands.java:5)
	at io.michaelcane.Calculator.&lt;init&gt;(Calculator.java:6)
	at io.michaelcane.Commands.&lt;init&gt;(Commands.java:5)
	at io.michaelcane.Calculator.&lt;init&gt;(Calculator.java:6)
	at io.michaelcane.Commands.&lt;init&gt;(Commands.java:5)
	at io.michaelcane.Calculator.&lt;init&gt;(Calculator.java:6)
	at io.michaelcane.Commands.&lt;init&gt;(Commands.java:5)
	at io.michaelcane.Calculator.&lt;init&gt;(Calculator.java:6)
	at io.michaelcane.Commands.&lt;init&gt;(Commands.java:5)
	at io.michaelcane.Calculator.&lt;init&gt;(Calculator.java:6)
	at io.michaelcane.Commands.&lt;init&gt;(Commands.java:5)
	at io.michaelcane.Calculator.&lt;init&gt;(Calculator.java:6)
	at io.michaelcane.Commands.&lt;init&gt;(Commands.java:5)
	at io.michaelcane.Calculator.&lt;init&gt;(Calculator.java:6)
	at io.michaelcane.Commands.&lt;init&gt;(Commands.java:5)
	at io.michaelcane.Calculator.&lt;init&gt;(Calculator.java:6)
	at io.michaelcane.Commands.&lt;init&gt;(Commands.java:5)
	at io.michaelcane.Calculator.&lt;init&gt;(Calculator.java:6)
	at io.michaelcane.Commands.&lt;init&gt;(Commands.java:5)
	at io.michaelcane.Calculator.&lt;init&gt;(Calculator.java:6)
	at io.michaelcane.Commands.&lt;init&gt;(Commands.java:5)
	at io.michaelcane.Calculator.&lt;init&gt;(Calculator.java:6)
	at io.michaelcane.Commands.&lt;init&gt;(Commands.java:5)
	at io.michaelcane.Calculator.&lt;init&gt;(Calculator.java:6)
	at io.michaelcane.Commands.&lt;init&gt;(Commands.java:5)
	at io.michaelcane.Calculator.&lt;init&gt;(Calculator.java:6)
	at io.michaelcane.Commands.&lt;init&gt;(Commands.java:5)
	at io.michaelcane.Calculator.&lt;init&gt;(Calculator.java:6)
	at io.michaelcane.Commands.&lt;init&gt;(Commands.java:5)
	at io.michaelcane.Calculator.&lt;init&gt;(Calculator.java:6)
	at io.michaelcane.Commands.&lt;init&gt;(Commands.java:5)
	at io.michaelcane.Calculator.&lt;init&gt;(Calculator.java:6)
	at io.michaelcane.Commands.&lt;init&gt;(Commands.java:5)
	at io.michaelcane.Calculator.&lt;init&gt;(Calculator.java:6)
	at io.michaelcane.Commands.&lt;init&gt;(Commands.java:5)
	at io.michaelcane.Calculator.&lt;init&gt;(Calculator.java:6)
	at io.michaelcane.Commands.&lt;init&gt;(Commands.java:5)
	at io.michaelcane.Calculator.&lt;init&gt;(Calculator.java:6)
	at io.michaelcane.Commands.&lt;init&gt;(Commands.java:5)
	at io.michaelcane.Calculator.&lt;init&gt;(Calculator.java:6)
	at io.michaelcane.Commands.&lt;init&gt;(Commands.java:5)
	at io.michaelcane.Calculator.&lt;init&gt;(Calculator.java:6)
	at io.michaelcane.Commands.&lt;init&gt;(Commands.java:5)
	at io.michaelcane.Calculator.&lt;init&gt;(Calculator.java:6)
	at io.michaelcane.Commands.&lt;init&gt;(Commands.java:5)
	at io.michaelcane.Calculator.&lt;init&gt;(Calculator.java:6)
	at io.michaelcane.Commands.&lt;init&gt;(Commands.java:5)
	at io.michaelcane.Calculator.&lt;init&gt;(Calculator.java:6)
	at io.michaelcane.Commands.&lt;init&gt;(Commands.java:5)
	at io.michaelcane.Calculator.&lt;init&gt;(Calculator.java:6)
	at io.michaelcane.Commands.&lt;init&gt;(Commands.java:5)
	at io.michaelcane.Calculator.&lt;init&gt;(Calculator.java:6)
	at io.michaelcane.Commands.&lt;init&gt;(Commands.java:5)
	at io.michaelcane.Calculator.&lt;init&gt;(Calculator.java:6)
	at io.michaelcane.Commands.&lt;init&gt;(Commands.java:5)
	at io.michaelcane.Calculator.&lt;init&gt;(Calculator.java:6)
	at io.michaelcane.Commands.&lt;init&gt;(Commands.java:5)
	at io.michaelcane.Calculator.&lt;init&gt;(Calculator.java:6)
	at io.michaelcane.Commands.&lt;init&gt;(Commands.java:5)
	at io.michaelcane.Calculator.&lt;init&gt;(Calculator.java:6)
	at io.michaelcane.Commands.&lt;init&gt;(Commands.java:5)
	at io.michaelcane.Calculator.&lt;init&gt;(Calculator.java:6)
	at io.michaelcane.Commands.&lt;init&gt;(Commands.java:5)
	at io.michaelcane.Calculator.&lt;init&gt;(Calculator.java:6)
	at io.michaelcane.Commands.&lt;init&gt;(Commands.java:5)
	at io.michaelcane.Calculator.&lt;init&gt;(Calculator.java:6)
	at io.michaelcane.Commands.&lt;init&gt;(Commands.java:5)
	at io.michaelcane.Calculator.&lt;init&gt;(Calculator.java:6)
	at io.michaelcane.Commands.&lt;init&gt;(Commands.java:5)
	at io.michaelcane.Calculator.&lt;init&gt;(Calculator.java:6)
	at io.michaelcane.Commands.&lt;init&gt;(Commands.java:5)
	at io.michaelcane.Calculator.&lt;init&gt;(Calculator.java:6)
	at io.michaelcane.Commands.&lt;init&gt;(Commands.java:5)
	at io.michaelcane.Calculator.&lt;init&gt;(Calculator.java:6)
	at io.michaelcane.Commands.&lt;init&gt;(Commands.java:5)
	at io.michaelcane.Calculator.&lt;init&gt;(Calculator.java:6)
	at io.michaelcane.Commands.&lt;init&gt;(Commands.java:5)
	at io.michaelcane.Calculator.&lt;init&gt;(Calculator.java:6)
	at io.michaelcane.Commands.&lt;init&gt;(Commands.java:5)
	at io.michaelcane.Calculator.&lt;init&gt;(Calculator.java:6)
	at io.michaelcane.Commands.&lt;init&gt;(Commands.java:5)
	at io.michaelcane.Calculator.&lt;init&gt;(Calculator.java:6)
	at io.michaelcane.Commands.&lt;init&gt;(Commands.java:5)
	at io.michaelcane.Calculator.&lt;init&gt;(Calculator.java:6)
	at io.michaelcane.Commands.&lt;init&gt;(Commands.java:5)
	at io.michaelcane.Calculator.&lt;init&gt;(Calculator.java:6)
	at io.michaelcane.Commands.&lt;init&gt;(Commands.java:5)
	at io.michaelcane.Calculator.&lt;init&gt;(Calculator.java:6)
	at io.michaelcane.Commands.&lt;init&gt;(Commands.java:5)
	at io.michaelcane.Calculator.&lt;init&gt;(Calculator.java:6)
	at io.michaelcane.Commands.&lt;init&gt;(Commands.java:5)
	at io.michaelcane.Calculator.&lt;init&gt;(Calculator.java:6)
	at io.michaelcane.Commands.&lt;init&gt;(Commands.java:5)
	at io.michaelcane.Calculator.&lt;init&gt;(Calculator.java:6)
	at io.michaelcane.Commands.&lt;init&gt;(Commands.java:5)
	at io.michaelcane.Calculator.&lt;init&gt;(Calculator.java:6)
	at io.michaelcane.Commands.&lt;init&gt;(Commands.java:5)
	at io.michaelcane.Calculator.&lt;init&gt;(Calculator.java:6)
	at io.michaelcane.Commands.&lt;init&gt;(Commands.java:5)
	at io.michaelcane.Calculator.&lt;init&gt;(Calculator.java:6)
	at io.michaelcane.Commands.&lt;init&gt;(Commands.java:5)
	at io.michaelcane.Calculator.&lt;init&gt;(Calculator.java:6)
	at io.michaelcane.Commands.&lt;init&gt;(Commands.java:5)
	at io.michaelcane.Calculator.&lt;init&gt;(Calculator.java:6)
	at io.michaelcane.Commands.&lt;init&gt;(Commands.java:5)
	at io.michaelcane.Calculator.&lt;init&gt;(Calculator.java:6)
	at io.michaelcane.Commands.&lt;init&gt;(Commands.java:5)
	at io.michaelcane.Calculator.&lt;init&gt;(Calculator.java:6)
	at io.michaelcane.Commands.&lt;init&gt;(Commands.java:5)
	at io.michaelcane.Calculator.&lt;init&gt;(Calculator.java:6)
	at io.michaelcane.Commands.&lt;init&gt;(Commands.java:5)
	at io.michaelcane.Calculator.&lt;init&gt;(Calculator.java:6)
	at io.michaelcane.Commands.&lt;init&gt;(Commands.java:5)
	at io.michaelcane.Calculator.&lt;init&gt;(Calculator.java:6)
	at io.michaelcane.Commands.&lt;init&gt;(Commands.java:5)
	at io.michaelcane.Calculator.&lt;init&gt;(Calculator.java:6)
	at io.michaelcane.Commands.&lt;init&gt;(Commands.java:5)
	at io.michaelcane.Calculator.&lt;init&gt;(Calculator.java:6)
	at io.michaelcane.Commands.&lt;init&gt;(Commands.java:5)
	at io.michaelcane.Calculator.&lt;init&gt;(Calculator.java:6)
	at io.michaelcane.Commands.&lt;init&gt;(Commands.java:5)
	at io.michaelcane.Calculator.&lt;init&gt;(Calculator.java:6)
	at io.michaelcane.Commands.&lt;init&gt;(Commands.java:5)
	at io.michaelcane.Calculator.&lt;init&gt;(Calculator.java:6)
	at io.michaelcane.Commands.&lt;init&gt;(Commands.java:5)
	at io.michaelcane.Calculator.&lt;init&gt;(Calculator.java:6)
	at io.michaelcane.Commands.&lt;init&gt;(Commands.java:5)
	at io.michaelcane.Calculator.&lt;init&gt;(Calculator.java:6)
	at io.michaelcane.Commands.&lt;init&gt;(Commands.java:5)
	at io.michaelcane.Calculator.&lt;init&gt;(Calculator.java:6)
	at io.michaelcane.Commands.&lt;init&gt;(Commands.java:5)
	at io.michaelcane.Calculator.&lt;init&gt;(Calculator.java:6)
	at io.michaelcane.Commands.&lt;init&gt;(Commands.java:5)
	at io.michaelcane.Calculator.&lt;init&gt;(Calculator.java:6)
	at io.michaelcane.Commands.&lt;init&gt;(Commands.java:5)
	at io.michaelcane.Calculator.&lt;init&gt;(Calculator.java:6)
	at io.michaelcane.Commands.&lt;init&gt;(Commands.java:5)
	at io.michaelcane.Calculator.&lt;init&gt;(Calculator.java:6)
	at io.michaelcane.Commands.&lt;init&gt;(Commands.java:5)
	at io.michaelcane.Calculator.&lt;init&gt;(Calculator.java:6)
	at io.michaelcane.Commands.&lt;init&gt;(Commands.java:5)
	at io.michaelcane.Calculator.&lt;init&gt;(Calculator.java:6)
	at io.michaelcane.Commands.&lt;init&gt;(Commands.java:5)
	at io.michaelcane.Calculator.&lt;init&gt;(Calculator.java:6)
	at io.michaelcane.Commands.&lt;init&gt;(Commands.java:5)
	at io.michaelcane.Calculator.&lt;init&gt;(Calculator.java:6)
	at io.michaelcane.Commands.&lt;init&gt;(Commands.java:5)
	at io.michaelcane.Calculator.&lt;init&gt;(Calculator.java:6)
	at io.michaelcane.Commands.&lt;init&gt;(Commands.java:5)
	at io.michaelcane.Calculator.&lt;init&gt;(Calculator.java:6)
	at io.michaelcane.Commands.&lt;init&gt;(Commands.java:5)
	at io.michaelcane.Calculator.&lt;init&gt;(Calculator.java:6)
	at io.michaelcane.Commands.&lt;init&gt;(Commands.java:5)
	at io.michaelcane.Calculator.&lt;init&gt;(Calculator.java:6)
	at io.michaelcane.Commands.&lt;init&gt;(Commands.java:5)
	at io.michaelcane.Calculator.&lt;init&gt;(Calculator.java:6)
	at io.michaelcane.Commands.&lt;init&gt;(Commands.java:5)
	at io.michaelcane.Calculator.&lt;init&gt;(Calculator.java:6)
	at io.michaelcane.Commands.&lt;init&gt;(Commands.java:5)
	at io.michaelcane.Calculator.&lt;init&gt;(Calculator.java:6)
	at io.michaelcane.Commands.&lt;init&gt;(Commands.java:5)
	at io.michaelcane.Calculator.&lt;init&gt;(Calculator.java:6)
	at io.michaelcane.Commands.&lt;init&gt;(Commands.java:5)
	at io.michaelcane.Calculator.&lt;init&gt;(Calculator.java:6)
	at io.michaelcane.Commands.&lt;init&gt;(Commands.java:5)
	at io.michaelcane.Calculator.&lt;init&gt;(Calculator.java:6)
	at io.michaelcane.Commands.&lt;init&gt;(Commands.java:5)
	at io.michaelcane.Calculator.&lt;init&gt;(Calculator.java:6)
	at io.michaelcane.Commands.&lt;init&gt;(Commands.java:5)
	at io.michaelcane.Calculator.&lt;init&gt;(Calculator.java:6)
	at io.michaelcane.Commands.&lt;init&gt;(Commands.java:5)
	at io.michaelcane.Calculator.&lt;init&gt;(Calculator.java:6)
	at io.michaelcane.Commands.&lt;init&gt;(Commands.java:5)
	at io.michaelcane.Calculator.&lt;init&gt;(Calculator.java:6)
	at io.michaelcane.Commands.&lt;init&gt;(Commands.java:5)
	at io.michaelcane.Calculator.&lt;init&gt;(Calculator.java:6)
	at io.michaelcane.Commands.&lt;init&gt;(Commands.java:5)
	at io.michaelcane.Calculator.&lt;init&gt;(Calculator.java:6)
	at io.michaelcane.Commands.&lt;init&gt;(Commands.java:5)
	at io.michaelcane.Calculator.&lt;init&gt;(Calculator.java:6)
	at io.michaelcane.Commands.&lt;init&gt;(Commands.java:5)
	at io.michaelcane.Calculator.&lt;init&gt;(Calculator.java:6)
	at io.michaelcane.Commands.&lt;init&gt;(Commands.java:5)
	at io.michaelcane.Calculator.&lt;init&gt;(Calculator.java:6)
	at io.michaelcane.Commands.&lt;init&gt;(Commands.java:5)
	at io.michaelcane.Calculator.&lt;init&gt;(Calculator.java:6)
	at io.michaelcane.Commands.&lt;init&gt;(Commands.java:5)
	at io.michaelcane.Calculator.&lt;init&gt;(Calculator.java:6)
	at io.michaelcane.Commands.&lt;init&gt;(Commands.java:5)
	at io.michaelcane.Calculator.&lt;init&gt;(Calculator.java:6)
	at io.michaelcane.Commands.&lt;init&gt;(Commands.java:5)
	at io.michaelcane.Calculator.&lt;init&gt;(Calculator.java:6)
	at io.michaelcane.Commands.&lt;init&gt;(Commands.java:5)
	at io.michaelcane.Calculator.&lt;init&gt;(Calculator.java:6)
	at io.michaelcane.Commands.&lt;init&gt;(Commands.java:5)
	at io.michaelcane.Calculator.&lt;init&gt;(Calculator.java:6)
	at io.michaelcane.Commands.&lt;init&gt;(Commands.java:5)
	at io.michaelcane.Calculator.&lt;init&gt;(Calculator.java:6)
	at io.michaelcane.Commands.&lt;init&gt;(Commands.java:5)
	at io.michaelcane.Calculator.&lt;init&gt;(Calculator.java:6)
	at io.michaelcane.Commands.&lt;init&gt;(Commands.java:5)
	at io.michaelcane.Calculator.&lt;init&gt;(Calculator.java:6)
	at io.michaelcane.Commands.&lt;init&gt;(Commands.java:5)
	at io.michaelcane.Calculator.&lt;init&gt;(Calculator.java:6)
	at io.michaelcane.Commands.&lt;init&gt;(Commands.java:5)
	at io.michaelcane.Calculator.&lt;init&gt;(Calculator.java:6)
	at io.michaelcane.Commands.&lt;init&gt;(Commands.java:5)
	at io.michaelcane.Calculator.&lt;init&gt;(Calculator.java:6)
	at io.michaelcane.Commands.&lt;init&gt;(Commands.java:5)
	at io.michaelcane.Calculator.&lt;init&gt;(Calculator.java:6)
	at io.michaelcane.Commands.&lt;init&gt;(Commands.java:5)
	at io.michaelcane.Calculator.&lt;init&gt;(Calculator.java:6)
	at io.michaelcane.Commands.&lt;init&gt;(Commands.java:5)
	at io.michaelcane.Calculator.&lt;init&gt;(Calculator.java:6)
	at io.michaelcane.Commands.&lt;init&gt;(Commands.java:5)
	at io.michaelcane.Calculator.&lt;init&gt;(Calculator.java:6)
	at io.michaelcane.Commands.&lt;init&gt;(Commands.java:5)
	at io.michaelcane.Calculator.&lt;init&gt;(Calculator.java:6)
	at io.michaelcane.Commands.&lt;init&gt;(Commands.java:5)
	at io.michaelcane.Calculator.&lt;init&gt;(Calculator.java:6)
	at io.michaelcane.Commands.&lt;init&gt;(Commands.java:5)
</error>
  </testcase>
  <testcase classname="io.michaelcane.CalculatorSpec" name="test$divide" time="0.006">
    <error type="java.lang.StackOverflowError">java.lang.StackOverflowError
	at io.michaelcane.Calculator.&lt;init&gt;(Calculator.java:6)
	at io.michaelcane.Commands.&lt;init&gt;(Commands.java:5)
	at io.michaelcane.Calculator.&lt;init&gt;(Calculator.java:6)
	at io.michaelcane.Commands.&lt;init&gt;(Commands.java:5)
	at io.michaelcane.Calculator.&lt;init&gt;(Calculator.java:6)
	at io.michaelcane.Commands.&lt;init&gt;(Commands.java:5)
	at io.michaelcane.Calculator.&lt;init&gt;(Calculator.java:6)
	at io.michaelcane.Commands.&lt;init&gt;(Commands.java:5)
	at io.michaelcane.Calculator.&lt;init&gt;(Calculator.java:6)
	at io.michaelcane.Commands.&lt;init&gt;(Commands.java:5)
	at io.michaelcane.Calculator.&lt;init&gt;(Calculator.java:6)
	at io.michaelcane.Commands.&lt;init&gt;(Commands.java:5)
	at io.michaelcane.Calculator.&lt;init&gt;(Calculator.java:6)
	at io.michaelcane.Commands.&lt;init&gt;(Commands.java:5)
	at io.michaelcane.Calculator.&lt;init&gt;(Calculator.java:6)
	at io.michaelcane.Commands.&lt;init&gt;(Commands.java:5)
	at io.michaelcane.Calculator.&lt;init&gt;(Calculator.java:6)
	at io.michaelcane.Commands.&lt;init&gt;(Commands.java:5)
	at io.michaelcane.Calculator.&lt;init&gt;(Calculator.java:6)
	at io.michaelcane.Commands.&lt;init&gt;(Commands.java:5)
	at io.michaelcane.Calculator.&lt;init&gt;(Calculator.java:6)
	at io.michaelcane.Commands.&lt;init&gt;(Commands.java:5)
	at io.michaelcane.Calculator.&lt;init&gt;(Calculator.java:6)
	at io.michaelcane.Commands.&lt;init&gt;(Commands.java:5)
	at io.michaelcane.Calculator.&lt;init&gt;(Calculator.java:6)
	at io.michaelcane.Commands.&lt;init&gt;(Commands.java:5)
	at io.michaelcane.Calculator.&lt;init&gt;(Calculator.java:6)
	at io.michaelcane.Commands.&lt;init&gt;(Commands.java:5)
	at io.michaelcane.Calculator.&lt;init&gt;(Calculator.java:6)
	at io.michaelcane.Commands.&lt;init&gt;(Commands.java:5)
	at io.michaelcane.Calculator.&lt;init&gt;(Calculator.java:6)
	at io.michaelcane.Commands.&lt;init&gt;(Commands.java:5)
	at io.michaelcane.Calculator.&lt;init&gt;(Calculator.java:6)
	at io.michaelcane.Commands.&lt;init&gt;(Commands.java:5)
	at io.michaelcane.Calculator.&lt;init&gt;(Calculator.java:6)
	at io.michaelcane.Commands.&lt;init&gt;(Commands.java:5)
	at io.michaelcane.Calculator.&lt;init&gt;(Calculator.java:6)
	at io.michaelcane.Commands.&lt;init&gt;(Commands.java:5)
	at io.michaelcane.Calculator.&lt;init&gt;(Calculator.java:6)
	at io.michaelcane.Commands.&lt;init&gt;(Commands.java:5)
	at io.michaelcane.Calculator.&lt;init&gt;(Calculator.java:6)
	at io.michaelcane.Commands.&lt;init&gt;(Commands.java:5)
	at io.michaelcane.Calculator.&lt;init&gt;(Calculator.java:6)
	at io.michaelcane.Commands.&lt;init&gt;(Commands.java:5)
	at io.michaelcane.Calculator.&lt;init&gt;(Calculator.java:6)
	at io.michaelcane.Commands.&lt;init&gt;(Commands.java:5)
	at io.michaelcane.Calculator.&lt;init&gt;(Calculator.java:6)
	at io.michaelcane.Commands.&lt;init&gt;(Commands.java:5)
	at io.michaelcane.Calculator.&lt;init&gt;(Calculator.java:6)
	at io.michaelcane.Commands.&lt;init&gt;(Commands.java:5)
	at io.michaelcane.Calculator.&lt;init&gt;(Calculator.java:6)
	at io.michaelcane.Commands.&lt;init&gt;(Commands.java:5)
	at io.michaelcane.Calculator.&lt;init&gt;(Calculator.java:6)
	at io.michaelcane.Commands.&lt;init&gt;(Commands.java:5)
	at io.michaelcane.Calculator.&lt;init&gt;(Calculator.java:6)
	at io.michaelcane.Commands.&lt;init&gt;(Commands.java:5)
	at io.michaelcane.Calculator.&lt;init&gt;(Calculator.java:6)
	at io.michaelcane.Commands.&lt;init&gt;(Commands.java:5)
	at io.michaelcane.Calculator.&lt;init&gt;(Calculator.java:6)
	at io.michaelcane.Commands.&lt;init&gt;(Commands.java:5)
	at io.michaelcane.Calculator.&lt;init&gt;(Calculator.java:6)
	at io.michaelcane.Commands.&lt;init&gt;(Commands.java:5)
	at io.michaelcane.Calculator.&lt;init&gt;(Calculator.java:6)
	at io.michaelcane.Commands.&lt;init&gt;(Commands.java:5)
	at io.michaelcane.Calculator.&lt;init&gt;(Calculator.java:6)
	at io.michaelcane.Commands.&lt;init&gt;(Commands.java:5)
	at io.michaelcane.Calculator.&lt;init&gt;(Calculator.java:6)
	at io.michaelcane.Commands.&lt;init&gt;(Commands.java:5)
	at io.michaelcane.Calculator.&lt;init&gt;(Calculator.java:6)
	at io.michaelcane.Commands.&lt;init&gt;(Commands.java:5)
	at io.michaelcane.Calculator.&lt;init&gt;(Calculator.java:6)
	at io.michaelcane.Commands.&lt;init&gt;(Commands.java:5)
	at io.michaelcane.Calculator.&lt;init&gt;(Calculator.java:6)
	at io.michaelcane.Commands.&lt;init&gt;(Commands.java:5)
	at io.michaelcane.Calculator.&lt;init&gt;(Calculator.java:6)
	at io.michaelcane.Commands.&lt;init&gt;(Commands.java:5)
	at io.michaelcane.Calculator.&lt;init&gt;(Calculator.java:6)
	at io.michaelcane.Commands.&lt;init&gt;(Commands.java:5)
	at io.michaelcane.Calculator.&lt;init&gt;(Calculator.java:6)
	at io.michaelcane.Commands.&lt;init&gt;(Commands.java:5)
	at io.michaelcane.Calculator.&lt;init&gt;(Calculator.java:6)
	at io.michaelcane.Commands.&lt;init&gt;(Commands.java:5)
	at io.michaelcane.Calculator.&lt;init&gt;(Calculator.java:6)
	at io.michaelcane.Commands.&lt;init&gt;(Commands.java:5)
	at io.michaelcane.Calculator.&lt;init&gt;(Calculator.java:6)
	at io.michaelcane.Commands.&lt;init&gt;(Commands.java:5)
	at io.michaelcane.Calculator.&lt;init&gt;(Calculator.java:6)
	at io.michaelcane.Commands.&lt;init&gt;(Commands.java:5)
	at io.michaelcane.Calculator.&lt;init&gt;(Calculator.java:6)
	at io.michaelcane.Commands.&lt;init&gt;(Commands.java:5)
	at io.michaelcane.Calculator.&lt;init&gt;(Calculator.java:6)
	at io.michaelcane.Commands.&lt;init&gt;(Commands.java:5)
	at io.michaelcane.Calculator.&lt;init&gt;(Calculator.java:6)
	at io.michaelcane.Commands.&lt;init&gt;(Commands.java:5)
	at io.michaelcane.Calculator.&lt;init&gt;(Calculator.java:6)
	at io.michaelcane.Commands.&lt;init&gt;(Commands.java:5)
	at io.michaelcane.Calculator.&lt;init&gt;(Calculator.java:6)
	at io.michaelcane.Commands.&lt;init&gt;(Commands.java:5)
	at io.michaelcane.Calculator.&lt;init&gt;(Calculator.java:6)
	at io.michaelcane.Commands.&lt;init&gt;(Commands.java:5)
	at io.michaelcane.Calculator.&lt;init&gt;(Calculator.java:6)
	at io.michaelcane.Commands.&lt;init&gt;(Commands.java:5)
	at io.michaelcane.Calculator.&lt;init&gt;(Calculator.java:6)
	at io.michaelcane.Commands.&lt;init&gt;(Commands.java:5)
	at io.michaelcane.Calculator.&lt;init&gt;(Calculator.java:6)
	at io.michaelcane.Commands.&lt;init&gt;(Commands.java:5)
	at io.michaelcane.Calculator.&lt;init&gt;(Calculator.java:6)
	at io.michaelcane.Commands.&lt;init&gt;(Commands.java:5)
	at io.michaelcane.Calculator.&lt;init&gt;(Calculator.java:6)
	at io.michaelcane.Commands.&lt;init&gt;(Commands.java:5)
	at io.michaelcane.Calculator.&lt;init&gt;(Calculator.java:6)
	at io.michaelcane.Commands.&lt;init&gt;(Commands.java:5)
	at io.michaelcane.Calculator.&lt;init&gt;(Calculator.java:6)
	at io.michaelcane.Commands.&lt;init&gt;(Commands.java:5)
	at io.michaelcane.Calculator.&lt;init&gt;(Calculator.java:6)
	at io.michaelcane.Commands.&lt;init&gt;(Commands.java:5)
	at io.michaelcane.Calculator.&lt;init&gt;(Calculator.java:6)
	at io.michaelcane.Commands.&lt;init&gt;(Commands.java:5)
	at io.michaelcane.Calculator.&lt;init&gt;(Calculator.java:6)
	at io.michaelcane.Commands.&lt;init&gt;(Commands.java:5)
	at io.michaelcane.Calculator.&lt;init&gt;(Calculator.java:6)
	at io.michaelcane.Commands.&lt;init&gt;(Commands.java:5)
	at io.michaelcane.Calculator.&lt;init&gt;(Calculator.java:6)
	at io.michaelcane.Commands.&lt;init&gt;(Commands.java:5)
	at io.michaelcane.Calculator.&lt;init&gt;(Calculator.java:6)
	at io.michaelcane.Commands.&lt;init&gt;(Commands.java:5)
	at io.michaelcane.Calculator.&lt;init&gt;(Calculator.java:6)
	at io.michaelcane.Commands.&lt;init&gt;(Commands.java:5)
	at io.michaelcane.Calculator.&lt;init&gt;(Calculator.java:6)
	at io.michaelcane.Commands.&lt;init&gt;(Commands.java:5)
	at io.michaelcane.Calculator.&lt;init&gt;(Calculator.java:6)
	at io.michaelcane.Commands.&lt;init&gt;(Commands.java:5)
	at io.michaelcane.Calculator.&lt;init&gt;(Calculator.java:6)
	at io.michaelcane.Commands.&lt;init&gt;(Commands.java:5)
	at io.michaelcane.Calculator.&lt;init&gt;(Calculator.java:6)
	at io.michaelcane.Commands.&lt;init&gt;(Commands.java:5)
	at io.michaelcane.Calculator.&lt;init&gt;(Calculator.java:6)
	at io.michaelcane.Commands.&lt;init&gt;(Commands.java:5)
	at io.michaelcane.Calculator.&lt;init&gt;(Calculator.java:6)
	at io.michaelcane.Commands.&lt;init&gt;(Commands.java:5)
	at io.michaelcane.Calculator.&lt;init&gt;(Calculator.java:6)
	at io.michaelcane.Commands.&lt;init&gt;(Commands.java:5)
	at io.michaelcane.Calculator.&lt;init&gt;(Calculator.java:6)
	at io.michaelcane.Commands.&lt;init&gt;(Commands.java:5)
	at io.michaelcane.Calculator.&lt;init&gt;(Calculator.java:6)
	at io.michaelcane.Commands.&lt;init&gt;(Commands.java:5)
	at io.michaelcane.Calculator.&lt;init&gt;(Calculator.java:6)
	at io.michaelcane.Commands.&lt;init&gt;(Commands.java:5)
	at io.michaelcane.Calculator.&lt;init&gt;(Calculator.java:6)
	at io.michaelcane.Commands.&lt;init&gt;(Commands.java:5)
	at io.michaelcane.Calculator.&lt;init&gt;(Calculator.java:6)
	at io.michaelcane.Commands.&lt;init&gt;(Commands.java:5)
	at io.michaelcane.Calculator.&lt;init&gt;(Calculator.java:6)
	at io.michaelcane.Commands.&lt;init&gt;(Commands.java:5)
	at io.michaelcane.Calculator.&lt;init&gt;(Calculator.java:6)
	at io.michaelcane.Commands.&lt;init&gt;(Commands.java:5)
	at io.michaelcane.Calculator.&lt;init&gt;(Calculator.java:6)
	at io.michaelcane.Commands.&lt;init&gt;(Commands.java:5)
	at io.michaelcane.Calculator.&lt;init&gt;(Calculator.java:6)
	at io.michaelcane.Commands.&lt;init&gt;(Commands.java:5)
	at io.michaelcane.Calculator.&lt;init&gt;(Calculator.java:6)
	at io.michaelcane.Commands.&lt;init&gt;(Commands.java:5)
	at io.michaelcane.Calculator.&lt;init&gt;(Calculator.java:6)
	at io.michaelcane.Commands.&lt;init&gt;(Commands.java:5)
	at io.michaelcane.Calculator.&lt;init&gt;(Calculator.java:6)
	at io.michaelcane.Commands.&lt;init&gt;(Commands.java:5)
	at io.michaelcane.Calculator.&lt;init&gt;(Calculator.java:6)
	at io.michaelcane.Commands.&lt;init&gt;(Commands.java:5)
	at io.michaelcane.Calculator.&lt;init&gt;(Calculator.java:6)
	at io.michaelcane.Commands.&lt;init&gt;(Commands.java:5)
	at io.michaelcane.Calculator.&lt;init&gt;(Calculator.java:6)
	at io.michaelcane.Commands.&lt;init&gt;(Commands.java:5)
	at io.michaelcane.Calculator.&lt;init&gt;(Calculator.java:6)
	at io.michaelcane.Commands.&lt;init&gt;(Commands.java:5)
	at io.michaelcane.Calculator.&lt;init&gt;(Calculator.java:6)
	at io.michaelcane.Commands.&lt;init&gt;(Commands.java:5)
	at io.michaelcane.Calculator.&lt;init&gt;(Calculator.java:6)
	at io.michaelcane.Commands.&lt;init&gt;(Commands.java:5)
	at io.michaelcane.Calculator.&lt;init&gt;(Calculator.java:6)
	at io.michaelcane.Commands.&lt;init&gt;(Commands.java:5)
	at io.michaelcane.Calculator.&lt;init&gt;(Calculator.java:6)
	at io.michaelcane.Commands.&lt;init&gt;(Commands.java:5)
	at io.michaelcane.Calculator.&lt;init&gt;(Calculator.java:6)
	at io.michaelcane.Commands.&lt;init&gt;(Commands.java:5)
	at io.michaelcane.Calculator.&lt;init&gt;(Calculator.java:6)
	at io.michaelcane.Commands.&lt;init&gt;(Commands.java:5)
	at io.michaelcane.Calculator.&lt;init&gt;(Calculator.java:6)
	at io.michaelcane.Commands.&lt;init&gt;(Commands.java:5)
	at io.michaelcane.Calculator.&lt;init&gt;(Calculator.java:6)
	at io.michaelcane.Commands.&lt;init&gt;(Commands.java:5)
	at io.michaelcane.Calculator.&lt;init&gt;(Calculator.java:6)
	at io.michaelcane.Commands.&lt;init&gt;(Commands.java:5)
	at io.michaelcane.Calculator.&lt;init&gt;(Calculator.java:6)
	at io.michaelcane.Commands.&lt;init&gt;(Commands.java:5)
	at io.michaelcane.Calculator.&lt;init&gt;(Calculator.java:6)
	at io.michaelcane.Commands.&lt;init&gt;(Commands.java:5)
	at io.michaelcane.Calculator.&lt;init&gt;(Calculator.java:6)
	at io.michaelcane.Commands.&lt;init&gt;(Commands.java:5)
	at io.michaelcane.Calculator.&lt;init&gt;(Calculator.java:6)
	at io.michaelcane.Commands.&lt;init&gt;(Commands.java:5)
	at io.michaelcane.Calculator.&lt;init&gt;(Calculator.java:6)
	at io.michaelcane.Commands.&lt;init&gt;(Commands.java:5)
	at io.michaelcane.Calculator.&lt;init&gt;(Calculator.java:6)
	at io.michaelcane.Commands.&lt;init&gt;(Commands.java:5)
	at io.michaelcane.Calculator.&lt;init&gt;(Calculator.java:6)
	at io.michaelcane.Commands.&lt;init&gt;(Commands.java:5)
	at io.michaelcane.Calculator.&lt;init&gt;(Calculator.java:6)
	at io.michaelcane.Commands.&lt;init&gt;(Commands.java:5)
	at io.michaelcane.Calculator.&lt;init&gt;(Calculator.java:6)
	at io.michaelcane.Commands.&lt;init&gt;(Commands.java:5)
	at io.michaelcane.Calculator.&lt;init&gt;(Calculator.java:6)
	at io.michaelcane.Commands.&lt;init&gt;(Commands.java:5)
	at io.michaelcane.Calculator.&lt;init&gt;(Calculator.java:6)
	at io.michaelcane.Commands.&lt;init&gt;(Commands.java:5)
	at io.michaelcane.Calculator.&lt;init&gt;(Calculator.java:6)
	at io.michaelcane.Commands.&lt;init&gt;(Commands.java:5)
	at io.michaelcane.Calculator.&lt;init&gt;(Calculator.java:6)
	at io.michaelcane.Commands.&lt;init&gt;(Commands.java:5)
	at io.michaelcane.Calculator.&lt;init&gt;(Calculator.java:6)
	at io.michaelcane.Commands.&lt;init&gt;(Commands.java:5)
	at io.michaelcane.Calculator.&lt;init&gt;(Calculator.java:6)
	at io.michaelcane.Commands.&lt;init&gt;(Commands.java:5)
	at io.michaelcane.Calculator.&lt;init&gt;(Calculator.java:6)
	at io.michaelcane.Commands.&lt;init&gt;(Commands.java:5)
	at io.michaelcane.Calculator.&lt;init&gt;(Calculator.java:6)
	at io.michaelcane.Commands.&lt;init&gt;(Commands.java:5)
	at io.michaelcane.Calculator.&lt;init&gt;(Calculator.java:6)
	at io.michaelcane.Commands.&lt;init&gt;(Commands.java:5)
	at io.michaelcane.Calculator.&lt;init&gt;(Calculator.java:6)
	at io.michaelcane.Commands.&lt;init&gt;(Commands.java:5)
	at io.michaelcane.Calculator.&lt;init&gt;(Calculator.java:6)
	at io.michaelcane.Commands.&lt;init&gt;(Commands.java:5)
	at io.michaelcane.Calculator.&lt;init&gt;(Calculator.java:6)
	at io.michaelcane.Commands.&lt;init&gt;(Commands.java:5)
	at io.michaelcane.Calculator.&lt;init&gt;(Calculator.java:6)
	at io.michaelcane.Commands.&lt;init&gt;(Commands.java:5)
	at io.michaelcane.Calculator.&lt;init&gt;(Calculator.java:6)
	at io.michaelcane.Commands.&lt;init&gt;(Commands.java:5)
	at io.michaelcane.Calculator.&lt;init&gt;(Calculator.java:6)
	at io.michaelcane.Commands.&lt;init&gt;(Commands.java:5)
	at io.michaelcane.Calculator.&lt;init&gt;(Calculator.java:6)
	at io.michaelcane.Commands.&lt;init&gt;(Commands.java:5)
	at io.michaelcane.Calculator.&lt;init&gt;(Calculator.java:6)
	at io.michaelcane.Commands.&lt;init&gt;(Commands.java:5)
	at io.michaelcane.Calculator.&lt;init&gt;(Calculator.java:6)
	at io.michaelcane.Commands.&lt;init&gt;(Commands.java:5)
	at io.michaelcane.Calculator.&lt;init&gt;(Calculator.java:6)
	at io.michaelcane.Commands.&lt;init&gt;(Commands.java:5)
	at io.michaelcane.Calculator.&lt;init&gt;(Calculator.java:6)
	at io.michaelcane.Commands.&lt;init&gt;(Commands.java:5)
	at io.michaelcane.Calculator.&lt;init&gt;(Calculator.java:6)
	at io.michaelcane.Commands.&lt;init&gt;(Commands.java:5)
	at io.michaelcane.Calculator.&lt;init&gt;(Calculator.java:6)
	at io.michaelcane.Commands.&lt;init&gt;(Commands.java:5)
	at io.michaelcane.Calculator.&lt;init&gt;(Calculator.java:6)
	at io.michaelcane.Commands.&lt;init&gt;(Commands.java:5)
	at io.michaelcane.Calculator.&lt;init&gt;(Calculator.java:6)
	at io.michaelcane.Commands.&lt;init&gt;(Commands.java:5)
	at io.michaelcane.Calculator.&lt;init&gt;(Calculator.java:6)
	at io.michaelcane.Commands.&lt;init&gt;(Commands.java:5)
	at io.michaelcane.Calculator.&lt;init&gt;(Calculator.java:6)
	at io.michaelcane.Commands.&lt;init&gt;(Commands.java:5)
	at io.michaelcane.Calculator.&lt;init&gt;(Calculator.java:6)
	at io.michaelcane.Commands.&lt;init&gt;(Commands.java:5)
	at io.michaelcane.Calculator.&lt;init&gt;(Calculator.java:6)
	at io.michaelcane.Commands.&lt;init&gt;(Commands.java:5)
	at io.michaelcane.Calculator.&lt;init&gt;(Calculator.java:6)
	at io.michaelcane.Commands.&lt;init&gt;(Commands.java:5)
	at io.michaelcane.Calculator.&lt;init&gt;(Calculator.java:6)
	at io.michaelcane.Commands.&lt;init&gt;(Commands.java:5)
	at io.michaelcane.Calculator.&lt;init&gt;(Calculator.java:6)
	at io.michaelcane.Commands.&lt;init&gt;(Commands.java:5)
	at io.michaelcane.Calculator.&lt;init&gt;(Calculator.java:6)
	at io.michaelcane.Commands.&lt;init&gt;(Commands.java:5)
	at io.michaelcane.Calculator.&lt;init&gt;(Calculator.java:6)
	at io.michaelcane.Commands.&lt;init&gt;(Commands.java:5)
	at io.michaelcane.Calculator.&lt;init&gt;(Calculator.java:6)
	at io.michaelcane.Commands.&lt;init&gt;(Commands.java:5)
	at io.michaelcane.Calculator.&lt;init&gt;(Calculator.java:6)
	at io.michaelcane.Commands.&lt;init&gt;(Commands.java:5)
	at io.michaelcane.Calculator.&lt;init&gt;(Calculator.java:6)
	at io.michaelcane.Commands.&lt;init&gt;(Commands.java:5)
	at io.michaelcane.Calculator.&lt;init&gt;(Calculator.java:6)
	at io.michaelcane.Commands.&lt;init&gt;(Commands.java:5)
	at io.michaelcane.Calculator.&lt;init&gt;(Calculator.java:6)
	at io.michaelcane.Commands.&lt;init&gt;(Commands.java:5)
	at io.michaelcane.Calculator.&lt;init&gt;(Calculator.java:6)
	at io.michaelcane.Commands.&lt;init&gt;(Commands.java:5)
	at io.michaelcane.Calculator.&lt;init&gt;(Calculator.java:6)
	at io.michaelcane.Commands.&lt;init&gt;(Commands.java:5)
	at io.michaelcane.Calculator.&lt;init&gt;(Calculator.java:6)
	at io.michaelcane.Commands.&lt;init&gt;(Commands.java:5)
	at io.michaelcane.Calculator.&lt;init&gt;(Calculator.java:6)
	at io.michaelcane.Commands.&lt;init&gt;(Commands.java:5)
	at io.michaelcane.Calculator.&lt;init&gt;(Calculator.java:6)
	at io.michaelcane.Commands.&lt;init&gt;(Commands.java:5)
	at io.michaelcane.Calculator.&lt;init&gt;(Calculator.java:6)
	at io.michaelcane.Commands.&lt;init&gt;(Commands.java:5)
	at io.michaelcane.Calculator.&lt;init&gt;(Calculator.java:6)
	at io.michaelcane.Commands.&lt;init&gt;(Commands.java:5)
	at io.michaelcane.Calculator.&lt;init&gt;(Calculator.java:6)
	at io.michaelcane.Commands.&lt;init&gt;(Commands.java:5)
	at io.michaelcane.Calculator.&lt;init&gt;(Calculator.java:6)
	at io.michaelcane.Commands.&lt;init&gt;(Commands.java:5)
	at io.michaelcane.Calculator.&lt;init&gt;(Calculator.java:6)
	at io.michaelcane.Commands.&lt;init&gt;(Commands.java:5)
	at io.michaelcane.Calculator.&lt;init&gt;(Calculator.java:6)
	at io.michaelcane.Commands.&lt;init&gt;(Commands.java:5)
	at io.michaelcane.Calculator.&lt;init&gt;(Calculator.java:6)
	at io.michaelcane.Commands.&lt;init&gt;(Commands.java:5)
	at io.michaelcane.Calculator.&lt;init&gt;(Calculator.java:6)
	at io.michaelcane.Commands.&lt;init&gt;(Commands.java:5)
	at io.michaelcane.Calculator.&lt;init&gt;(Calculator.java:6)
	at io.michaelcane.Commands.&lt;init&gt;(Commands.java:5)
	at io.michaelcane.Calculator.&lt;init&gt;(Calculator.java:6)
	at io.michaelcane.Commands.&lt;init&gt;(Commands.java:5)
	at io.michaelcane.Calculator.&lt;init&gt;(Calculator.java:6)
	at io.michaelcane.Commands.&lt;init&gt;(Commands.java:5)
	at io.michaelcane.Calculator.&lt;init&gt;(Calculator.java:6)
	at io.michaelcane.Commands.&lt;init&gt;(Commands.java:5)
	at io.michaelcane.Calculator.&lt;init&gt;(Calculator.java:6)
	at io.michaelcane.Commands.&lt;init&gt;(Commands.java:5)
	at io.michaelcane.Calculator.&lt;init&gt;(Calculator.java:6)
	at io.michaelcane.Commands.&lt;init&gt;(Commands.java:5)
	at io.michaelcane.Calculator.&lt;init&gt;(Calculator.java:6)
	at io.michaelcane.Commands.&lt;init&gt;(Commands.java:5)
	at io.michaelcane.Calculator.&lt;init&gt;(Calculator.java:6)
	at io.michaelcane.Commands.&lt;init&gt;(Commands.java:5)
	at io.michaelcane.Calculator.&lt;init&gt;(Calculator.java:6)
	at io.michaelcane.Commands.&lt;init&gt;(Commands.java:5)
	at io.michaelcane.Calculator.&lt;init&gt;(Calculator.java:6)
	at io.michaelcane.Commands.&lt;init&gt;(Commands.java:5)
	at io.michaelcane.Calculator.&lt;init&gt;(Calculator.java:6)
	at io.michaelcane.Commands.&lt;init&gt;(Commands.java:5)
	at io.michaelcane.Calculator.&lt;init&gt;(Calculator.java:6)
	at io.michaelcane.Commands.&lt;init&gt;(Commands.java:5)
	at io.michaelcane.Calculator.&lt;init&gt;(Calculator.java:6)
	at io.michaelcane.Commands.&lt;init&gt;(Commands.java:5)
	at io.michaelcane.Calculator.&lt;init&gt;(Calculator.java:6)
	at io.michaelcane.Commands.&lt;init&gt;(Commands.java:5)
	at io.michaelcane.Calculator.&lt;init&gt;(Calculator.java:6)
	at io.michaelcane.Commands.&lt;init&gt;(Commands.java:5)
	at io.michaelcane.Calculator.&lt;init&gt;(Calculator.java:6)
	at io.michaelcane.Commands.&lt;init&gt;(Commands.java:5)
	at io.michaelcane.Calculator.&lt;init&gt;(Calculator.java:6)
	at io.michaelcane.Commands.&lt;init&gt;(Commands.java:5)
	at io.michaelcane.Calculator.&lt;init&gt;(Calculator.java:6)
	at io.michaelcane.Commands.&lt;init&gt;(Commands.java:5)
	at io.michaelcane.Calculator.&lt;init&gt;(Calculator.java:6)
	at io.michaelcane.Commands.&lt;init&gt;(Commands.java:5)
	at io.michaelcane.Calculator.&lt;init&gt;(Calculator.java:6)
	at io.michaelcane.Commands.&lt;init&gt;(Commands.java:5)
	at io.michaelcane.Calculator.&lt;init&gt;(Calculator.java:6)
	at io.michaelcane.Commands.&lt;init&gt;(Commands.java:5)
	at io.michaelcane.Calculator.&lt;init&gt;(Calculator.java:6)
	at io.michaelcane.Commands.&lt;init&gt;(Commands.java:5)
	at io.michaelcane.Calculator.&lt;init&gt;(Calculator.java:6)
	at io.michaelcane.Commands.&lt;init&gt;(Commands.java:5)
	at io.michaelcane.Calculator.&lt;init&gt;(Calculator.java:6)
	at io.michaelcane.Commands.&lt;init&gt;(Commands.java:5)
	at io.michaelcane.Calculator.&lt;init&gt;(Calculator.java:6)
	at io.michaelcane.Commands.&lt;init&gt;(Commands.java:5)
	at io.michaelcane.Calculator.&lt;init&gt;(Calculator.java:6)
	at io.michaelcane.Commands.&lt;init&gt;(Commands.java:5)
	at io.michaelcane.Calculator.&lt;init&gt;(Calculator.java:6)
	at io.michaelcane.Commands.&lt;init&gt;(Commands.java:5)
	at io.michaelcane.Calculator.&lt;init&gt;(Calculator.java:6)
	at io.michaelcane.Commands.&lt;init&gt;(Commands.java:5)
	at io.michaelcane.Calculator.&lt;init&gt;(Calculator.java:6)
	at io.michaelcane.Commands.&lt;init&gt;(Commands.java:5)
	at io.michaelcane.Calculator.&lt;init&gt;(Calculator.java:6)
	at io.michaelcane.Commands.&lt;init&gt;(Commands.java:5)
	at io.michaelcane.Calculator.&lt;init&gt;(Calculator.java:6)
	at io.michaelcane.Commands.&lt;init&gt;(Commands.java:5)
	at io.michaelcane.Calculator.&lt;init&gt;(Calculator.java:6)
	at io.michaelcane.Commands.&lt;init&gt;(Commands.java:5)
	at io.michaelcane.Calculator.&lt;init&gt;(Calculator.java:6)
	at io.michaelcane.Commands.&lt;init&gt;(Commands.java:5)
	at io.michaelcane.Calculator.&lt;init&gt;(Calculator.java:6)
	at io.michaelcane.Commands.&lt;init&gt;(Commands.java:5)
	at io.michaelcane.Calculator.&lt;init&gt;(Calculator.java:6)
	at io.michaelcane.Commands.&lt;init&gt;(Commands.java:5)
	at io.michaelcane.Calculator.&lt;init&gt;(Calculator.java:6)
	at io.michaelcane.Commands.&lt;init&gt;(Commands.java:5)
	at io.michaelcane.Calculator.&lt;init&gt;(Calculator.java:6)
	at io.michaelcane.Commands.&lt;init&gt;(Commands.java:5)
	at io.michaelcane.Calculator.&lt;init&gt;(Calculator.java:6)
	at io.michaelcane.Commands.&lt;init&gt;(Commands.java:5)
	at io.michaelcane.Calculator.&lt;init&gt;(Calculator.java:6)
	at io.michaelcane.Commands.&lt;init&gt;(Commands.java:5)
	at io.michaelcane.Calculator.&lt;init&gt;(Calculator.java:6)
	at io.michaelcane.Commands.&lt;init&gt;(Commands.java:5)
	at io.michaelcane.Calculator.&lt;init&gt;(Calculator.java:6)
	at io.michaelcane.Commands.&lt;init&gt;(Commands.java:5)
	at io.michaelcane.Calculator.&lt;init&gt;(Calculator.java:6)
	at io.michaelcane.Commands.&lt;init&gt;(Commands.java:5)
	at io.michaelcane.Calculator.&lt;init&gt;(Calculator.java:6)
	at io.michaelcane.Commands.&lt;init&gt;(Commands.java:5)
	at io.michaelcane.Calculator.&lt;init&gt;(Calculator.java:6)
	at io.michaelcane.Commands.&lt;init&gt;(Commands.java:5)
	at io.michaelcane.Calculator.&lt;init&gt;(Calculator.java:6)
	at io.michaelcane.Commands.&lt;init&gt;(Commands.java:5)
	at io.michaelcane.Calculator.&lt;init&gt;(Calculator.java:6)
	at io.michaelcane.Commands.&lt;init&gt;(Commands.java:5)
	at io.michaelcane.Calculator.&lt;init&gt;(Calculator.java:6)
	at io.michaelcane.Commands.&lt;init&gt;(Commands.java:5)
	at io.michaelcane.Calculator.&lt;init&gt;(Calculator.java:6)
	at io.michaelcane.Commands.&lt;init&gt;(Commands.java:5)
	at io.michaelcane.Calculator.&lt;init&gt;(Calculator.java:6)
	at io.michaelcane.Commands.&lt;init&gt;(Commands.java:5)
	at io.michaelcane.Calculator.&lt;init&gt;(Calculator.java:6)
	at io.michaelcane.Commands.&lt;init&gt;(Commands.java:5)
	at io.michaelcane.Calculator.&lt;init&gt;(Calculator.java:6)
	at io.michaelcane.Commands.&lt;init&gt;(Commands.java:5)
	at io.michaelcane.Calculator.&lt;init&gt;(Calculator.java:6)
	at io.michaelcane.Commands.&lt;init&gt;(Commands.java:5)
	at io.michaelcane.Calculator.&lt;init&gt;(Calculator.java:6)
	at io.michaelcane.Commands.&lt;init&gt;(Commands.java:5)
	at io.michaelcane.Calculator.&lt;init&gt;(Calculator.java:6)
	at io.michaelcane.Commands.&lt;init&gt;(Commands.java:5)
	at io.michaelcane.Calculator.&lt;init&gt;(Calculator.java:6)
	at io.michaelcane.Commands.&lt;init&gt;(Commands.java:5)
	at io.michaelcane.Calculator.&lt;init&gt;(Calculator.java:6)
	at io.michaelcane.Commands.&lt;init&gt;(Commands.java:5)
	at io.michaelcane.Calculator.&lt;init&gt;(Calculator.java:6)
	at io.michaelcane.Commands.&lt;init&gt;(Commands.java:5)
	at io.michaelcane.Calculator.&lt;init&gt;(Calculator.java:6)
	at io.michaelcane.Commands.&lt;init&gt;(Commands.java:5)
	at io.michaelcane.Calculator.&lt;init&gt;(Calculator.java:6)
	at io.michaelcane.Commands.&lt;init&gt;(Commands.java:5)
	at io.michaelcane.Calculator.&lt;init&gt;(Calculator.java:6)
	at io.michaelcane.Commands.&lt;init&gt;(Commands.java:5)
	at io.michaelcane.Calculator.&lt;init&gt;(Calculator.java:6)
	at io.michaelcane.Commands.&lt;init&gt;(Commands.java:5)
	at io.michaelcane.Calculator.&lt;init&gt;(Calculator.java:6)
	at io.michaelcane.Commands.&lt;init&gt;(Commands.java:5)
	at io.michaelcane.Calculator.&lt;init&gt;(Calculator.java:6)
	at io.michaelcane.Commands.&lt;init&gt;(Commands.java:5)
	at io.michaelcane.Calculator.&lt;init&gt;(Calculator.java:6)
	at io.michaelcane.Commands.&lt;init&gt;(Commands.java:5)
	at io.michaelcane.Calculator.&lt;init&gt;(Calculator.java:6)
	at io.michaelcane.Commands.&lt;init&gt;(Commands.java:5)
	at io.michaelcane.Calculator.&lt;init&gt;(Calculator.java:6)
	at io.michaelcane.Commands.&lt;init&gt;(Commands.java:5)
	at io.michaelcane.Calculator.&lt;init&gt;(Calculator.java:6)
	at io.michaelcane.Commands.&lt;init&gt;(Commands.java:5)
	at io.michaelcane.Calculator.&lt;init&gt;(Calculator.java:6)
	at io.michaelcane.Commands.&lt;init&gt;(Commands.java:5)
	at io.michaelcane.Calculator.&lt;init&gt;(Calculator.java:6)
	at io.michaelcane.Commands.&lt;init&gt;(Commands.java:5)
	at io.michaelcane.Calculator.&lt;init&gt;(Calculator.java:6)
	at io.michaelcane.Commands.&lt;init&gt;(Commands.java:5)
	at io.michaelcane.Calculator.&lt;init&gt;(Calculator.java:6)
	at io.michaelcane.Commands.&lt;init&gt;(Commands.java:5)
	at io.michaelcane.Calculator.&lt;init&gt;(Calculator.java:6)
	at io.michaelcane.Commands.&lt;init&gt;(Commands.java:5)
	at io.michaelcane.Calculator.&lt;init&gt;(Calculator.java:6)
	at io.michaelcane.Commands.&lt;init&gt;(Commands.java:5)
	at io.michaelcane.Calculator.&lt;init&gt;(Calculator.java:6)
	at io.michaelcane.Commands.&lt;init&gt;(Commands.java:5)
	at io.michaelcane.Calculator.&lt;init&gt;(Calculator.java:6)
	at io.michaelcane.Commands.&lt;init&gt;(Commands.java:5)
	at io.michaelcane.Calculator.&lt;init&gt;(Calculator.java:6)
	at io.michaelcane.Commands.&lt;init&gt;(Commands.java:5)
	at io.michaelcane.Calculator.&lt;init&gt;(Calculator.java:6)
	at io.michaelcane.Commands.&lt;init&gt;(Commands.java:5)
	at io.michaelcane.Calculator.&lt;init&gt;(Calculator.java:6)
	at io.michaelcane.Commands.&lt;init&gt;(Commands.java:5)
	at io.michaelcane.Calculator.&lt;init&gt;(Calculator.java:6)
	at io.michaelcane.Commands.&lt;init&gt;(Commands.java:5)
	at io.michaelcane.Calculator.&lt;init&gt;(Calculator.java:6)
	at io.michaelcane.Commands.&lt;init&gt;(Commands.java:5)
	at io.michaelcane.Calculator.&lt;init&gt;(Calculator.java:6)
	at io.michaelcane.Commands.&lt;init&gt;(Commands.java:5)
	at io.michaelcane.Calculator.&lt;init&gt;(Calculator.java:6)
	at io.michaelcane.Commands.&lt;init&gt;(Commands.java:5)
	at io.michaelcane.Calculator.&lt;init&gt;(Calculator.java:6)
	at io.michaelcane.Commands.&lt;init&gt;(Commands.java:5)
	at io.michaelcane.Calculator.&lt;init&gt;(Calculator.java:6)
	at io.michaelcane.Commands.&lt;init&gt;(Commands.java:5)
	at io.michaelcane.Calculator.&lt;init&gt;(Calculator.java:6)
	at io.michaelcane.Commands.&lt;init&gt;(Commands.java:5)
	at io.michaelcane.Calculator.&lt;init&gt;(Calculator.java:6)
	at io.michaelcane.Commands.&lt;init&gt;(Commands.java:5)
	at io.michaelcane.Calculator.&lt;init&gt;(Calculator.java:6)
	at io.michaelcane.Commands.&lt;init&gt;(Commands.java:5)
	at io.michaelcane.Calculator.&lt;init&gt;(Calculator.java:6)
	at io.michaelcane.Commands.&lt;init&gt;(Commands.java:5)
	at io.michaelcane.Calculator.&lt;init&gt;(Calculator.java:6)
	at io.michaelcane.Commands.&lt;init&gt;(Commands.java:5)
	at io.michaelcane.Calculator.&lt;init&gt;(Calculator.java:6)
	at io.michaelcane.Commands.&lt;init&gt;(Commands.java:5)
	at io.michaelcane.Calculator.&lt;init&gt;(Calculator.java:6)
	at io.michaelcane.Commands.&lt;init&gt;(Commands.java:5)
	at io.michaelcane.Calculator.&lt;init&gt;(Calculator.java:6)
	at io.michaelcane.Commands.&lt;init&gt;(Commands.java:5)
	at io.michaelcane.Calculator.&lt;init&gt;(Calculator.java:6)
	at io.michaelcane.Commands.&lt;init&gt;(Commands.java:5)
	at io.michaelcane.Calculator.&lt;init&gt;(Calculator.java:6)
	at io.michaelcane.Commands.&lt;init&gt;(Commands.java:5)
	at io.michaelcane.Calculator.&lt;init&gt;(Calculator.java:6)
	at io.michaelcane.Commands.&lt;init&gt;(Commands.java:5)
	at io.michaelcane.Calculator.&lt;init&gt;(Calculator.java:6)
	at io.michaelcane.Commands.&lt;init&gt;(Commands.java:5)
	at io.michaelcane.Calculator.&lt;init&gt;(Calculator.java:6)
	at io.michaelcane.Commands.&lt;init&gt;(Commands.java:5)
	at io.michaelcane.Calculator.&lt;init&gt;(Calculator.java:6)
	at io.michaelcane.Commands.&lt;init&gt;(Commands.java:5)
	at io.michaelcane.Calculator.&lt;init&gt;(Calculator.java:6)
	at io.michaelcane.Commands.&lt;init&gt;(Commands.java:5)
	at io.michaelcane.Calculator.&lt;init&gt;(Calculator.java:6)
	at io.michaelcane.Commands.&lt;init&gt;(Commands.java:5)
	at io.michaelcane.Calculator.&lt;init&gt;(Calculator.java:6)
	at io.michaelcane.Commands.&lt;init&gt;(Commands.java:5)
	at io.michaelcane.Calculator.&lt;init&gt;(Calculator.java:6)
	at io.michaelcane.Commands.&lt;init&gt;(Commands.java:5)
	at io.michaelcane.Calculator.&lt;init&gt;(Calculator.java:6)
	at io.michaelcane.Commands.&lt;init&gt;(Commands.java:5)
	at io.michaelcane.Calculator.&lt;init&gt;(Calculator.java:6)
	at io.michaelcane.Commands.&lt;init&gt;(Commands.java:5)
	at io.michaelcane.Calculator.&lt;init&gt;(Calculator.java:6)
	at io.michaelcane.Commands.&lt;init&gt;(Commands.java:5)
	at io.michaelcane.Calculator.&lt;init&gt;(Calculator.java:6)
	at io.michaelcane.Commands.&lt;init&gt;(Commands.java:5)
	at io.michaelcane.Calculator.&lt;init&gt;(Calculator.java:6)
	at io.michaelcane.Commands.&lt;init&gt;(Commands.java:5)
	at io.michaelcane.Calculator.&lt;init&gt;(Calculator.java:6)
	at io.michaelcane.Commands.&lt;init&gt;(Commands.java:5)
	at io.michaelcane.Calculator.&lt;init&gt;(Calculator.java:6)
	at io.michaelcane.Commands.&lt;init&gt;(Commands.java:5)
	at io.michaelcane.Calculator.&lt;init&gt;(Calculator.java:6)
	at io.michaelcane.Commands.&lt;init&gt;(Commands.java:5)
	at io.michaelcane.Calculator.&lt;init&gt;(Calculator.java:6)
	at io.michaelcane.Commands.&lt;init&gt;(Commands.java:5)
	at io.michaelcane.Calculator.&lt;init&gt;(Calculator.java:6)
	at io.michaelcane.Commands.&lt;init&gt;(Commands.java:5)
	at io.michaelcane.Calculator.&lt;init&gt;(Calculator.java:6)
	at io.michaelcane.Commands.&lt;init&gt;(Commands.java:5)
	at io.michaelcane.Calculator.&lt;init&gt;(Calculator.java:6)
	at io.michaelcane.Commands.&lt;init&gt;(Commands.java:5)
	at io.michaelcane.Calculator.&lt;init&gt;(Calculator.java:6)
	at io.michaelcane.Commands.&lt;init&gt;(Commands.java:5)
	at io.michaelcane.Calculator.&lt;init&gt;(Calculator.java:6)
	at io.michaelcane.Commands.&lt;init&gt;(Commands.java:5)
	at io.michaelcane.Calculator.&lt;init&gt;(Calculator.java:6)
	at io.michaelcane.Commands.&lt;init&gt;(Commands.java:5)
	at io.michaelcane.Calculator.&lt;init&gt;(Calculator.java:6)
	at io.michaelcane.Commands.&lt;init&gt;(Commands.java:5)
	at io.michaelcane.Calculator.&lt;init&gt;(Calculator.java:6)
	at io.michaelcane.Commands.&lt;init&gt;(Commands.java:5)
	at io.michaelcane.Calculator.&lt;init&gt;(Calculator.java:6)
	at io.michaelcane.Commands.&lt;init&gt;(Commands.java:5)
	at io.michaelcane.Calculator.&lt;init&gt;(Calculator.java:6)
	at io.michaelcane.Commands.&lt;init&gt;(Commands.java:5)
	at io.michaelcane.Calculator.&lt;init&gt;(Calculator.java:6)
	at io.michaelcane.Commands.&lt;init&gt;(Commands.java:5)
	at io.michaelcane.Calculator.&lt;init&gt;(Calculator.java:6)
	at io.michaelcane.Commands.&lt;init&gt;(Commands.java:5)
	at io.michaelcane.Calculator.&lt;init&gt;(Calculator.java:6)
	at io.michaelcane.Commands.&lt;init&gt;(Commands.java:5)
	at io.michaelcane.Calculator.&lt;init&gt;(Calculator.java:6)
	at io.michaelcane.Commands.&lt;init&gt;(Commands.java:5)
	at io.michaelcane.Calculator.&lt;init&gt;(Calculator.java:6)
	at io.michaelcane.Commands.&lt;init&gt;(Commands.java:5)
	at io.michaelcane.Calculator.&lt;init&gt;(Calculator.java:6)
	at io.michaelcane.Commands.&lt;init&gt;(Commands.java:5)
	at io.michaelcane.Calculator.&lt;init&gt;(Calculator.java:6)
	at io.michaelcane.Commands.&lt;init&gt;(Commands.java:5)
	at io.michaelcane.Calculator.&lt;init&gt;(Calculator.java:6)
	at io.michaelcane.Commands.&lt;init&gt;(Commands.java:5)
	at io.michaelcane.Calculator.&lt;init&gt;(Calculator.java:6)
	at io.michaelcane.Commands.&lt;init&gt;(Commands.java:5)
	at io.michaelcane.Calculator.&lt;init&gt;(Calculator.java:6)
	at io.michaelcane.Commands.&lt;init&gt;(Commands.java:5)
	at io.michaelcane.Calculator.&lt;init&gt;(Calculator.java:6)
	at io.michaelcane.Commands.&lt;init&gt;(Commands.java:5)
	at io.michaelcane.Calculator.&lt;init&gt;(Calculator.java:6)
	at io.michaelcane.Commands.&lt;init&gt;(Commands.java:5)
	at io.michaelcane.Calculator.&lt;init&gt;(Calculator.java:6)
	at io.michaelcane.Commands.&lt;init&gt;(Commands.java:5)
	at io.michaelcane.Calculator.&lt;init&gt;(Calculator.java:6)
	at io.michaelcane.Commands.&lt;init&gt;(Commands.java:5)
	at io.michaelcane.Calculator.&lt;init&gt;(Calculator.java:6)
	at io.michaelcane.Commands.&lt;init&gt;(Commands.java:5)
	at io.michaelcane.Calculator.&lt;init&gt;(Calculator.java:6)
	at io.michaelcane.Commands.&lt;init&gt;(Commands.java:5)
	at io.michaelcane.Calculator.&lt;init&gt;(Calculator.java:6)
	at io.michaelcane.Commands.&lt;init&gt;(Commands.java:5)
	at io.michaelcane.Calculator.&lt;init&gt;(Calculator.java:6)
	at io.michaelcane.Commands.&lt;init&gt;(Commands.java:5)
	at io.michaelcane.Calculator.&lt;init&gt;(Calculator.java:6)
	at io.michaelcane.Commands.&lt;init&gt;(Commands.java:5)
	at io.michaelcane.Calculator.&lt;init&gt;(Calculator.java:6)
	at io.michaelcane.Commands.&lt;init&gt;(Commands.java:5)
	at io.michaelcane.Calculator.&lt;init&gt;(Calculator.java:6)
	at io.michaelcane.Commands.&lt;init&gt;(Commands.java:5)
	at io.michaelcane.Calculator.&lt;init&gt;(Calculator.java:6)
	at io.michaelcane.Commands.&lt;init&gt;(Commands.java:5)
	at io.michaelcane.Calculator.&lt;init&gt;(Calculator.java:6)
	at io.michaelcane.Commands.&lt;init&gt;(Commands.java:5)
	at io.michaelcane.Calculator.&lt;init&gt;(Calculator.java:6)
	at io.michaelcane.Commands.&lt;init&gt;(Commands.java:5)
	at io.michaelcane.Calculator.&lt;init&gt;(Calculator.java:6)
	at io.michaelcane.Commands.&lt;init&gt;(Commands.java:5)
	at io.michaelcane.Calculator.&lt;init&gt;(Calculator.java:6)
	at io.michaelcane.Commands.&lt;init&gt;(Commands.java:5)
	at io.michaelcane.Calculator.&lt;init&gt;(Calculator.java:6)
	at io.michaelcane.Commands.&lt;init&gt;(Commands.java:5)
	at io.michaelcane.Calculator.&lt;init&gt;(Calculator.java:6)
	at io.michaelcane.Commands.&lt;init&gt;(Commands.java:5)
	at io.michaelcane.Calculator.&lt;init&gt;(Calculator.java:6)
	at io.michaelcane.Commands.&lt;init&gt;(Commands.java:5)
	at io.michaelcane.Calculator.&lt;init&gt;(Calculator.java:6)
	at io.michaelcane.Commands.&lt;init&gt;(Commands.java:5)
	at io.michaelcane.Calculator.&lt;init&gt;(Calculator.java:6)
	at io.michaelcane.Commands.&lt;init&gt;(Commands.java:5)
	at io.michaelcane.Calculator.&lt;init&gt;(Calculator.java:6)
	at io.michaelcane.Commands.&lt;init&gt;(Commands.java:5)
	at io.michaelcane.Calculator.&lt;init&gt;(Calculator.java:6)
	at io.michaelcane.Commands.&lt;init&gt;(Commands.java:5)
	at io.michaelcane.Calculator.&lt;init&gt;(Calculator.java:6)
	at io.michaelcane.Commands.&lt;init&gt;(Commands.java:5)
	at io.michaelcane.Calculator.&lt;init&gt;(Calculator.java:6)
	at io.michaelcane.Commands.&lt;init&gt;(Commands.java:5)
	at io.michaelcane.Calculator.&lt;init&gt;(Calculator.java:6)
	at io.michaelcane.Commands.&lt;init&gt;(Commands.java:5)
	at io.michaelcane.Calculator.&lt;init&gt;(Calculator.java:6)
	at io.michaelcane.Commands.&lt;init&gt;(Commands.java:5)
	at io.michaelcane.Calculator.&lt;init&gt;(Calculator.java:6)
	at io.michaelcane.Commands.&lt;init&gt;(Commands.java:5)
	at io.michaelcane.Calculator.&lt;init&gt;(Calculator.java:6)
	at io.michaelcane.Commands.&lt;init&gt;(Commands.java:5)
	at io.michaelcane.Calculator.&lt;init&gt;(Calculator.java:6)
	at io.michaelcane.Commands.&lt;init&gt;(Commands.java:5)
	at io.michaelcane.Calculator.&lt;init&gt;(Calculator.java:6)
	at io.michaelcane.Commands.&lt;init&gt;(Commands.java:5)
	at io.michaelcane.Calculator.&lt;init&gt;(Calculator.java:6)
	at io.michaelcane.Commands.&lt;init&gt;(Commands.java:5)
	at io.michaelcane.Calculator.&lt;init&gt;(Calculator.java:6)
	at io.michaelcane.Commands.&lt;init&gt;(Commands.java:5)
	at io.michaelcane.Calculator.&lt;init&gt;(Calculator.java:6)
	at io.michaelcane.Commands.&lt;init&gt;(Commands.java:5)
	at io.michaelcane.Calculator.&lt;init&gt;(Calculator.java:6)
	at io.michaelcane.Commands.&lt;init&gt;(Commands.java:5)
	at io.michaelcane.Calculator.&lt;init&gt;(Calculator.java:6)
	at io.michaelcane.Commands.&lt;init&gt;(Commands.java:5)
	at io.michaelcane.Calculator.&lt;init&gt;(Calculator.java:6)
	at io.michaelcane.Commands.&lt;init&gt;(Commands.java:5)
	at io.michaelcane.Calculator.&lt;init&gt;(Calculator.java:6)
	at io.michaelcane.Commands.&lt;init&gt;(Commands.java:5)
	at io.michaelcane.Calculator.&lt;init&gt;(Calculator.java:6)
	at io.michaelcane.Commands.&lt;init&gt;(Commands.java:5)
	at io.michaelcane.Calculator.&lt;init&gt;(Calculator.java:6)
	at io.michaelcane.Commands.&lt;init&gt;(Commands.java:5)
	at io.michaelcane.Calculator.&lt;init&gt;(Calculator.java:6)
	at io.michaelcane.Commands.&lt;init&gt;(Commands.java:5)
	at io.michaelcane.Calculator.&lt;init&gt;(Calculator.java:6)
	at io.michaelcane.Commands.&lt;init&gt;(Commands.java:5)
	at io.michaelcane.Calculator.&lt;init&gt;(Calculator.java:6)
	at io.michaelcane.Commands.&lt;init&gt;(Commands.java:5)
	at io.michaelcane.Calculator.&lt;init&gt;(Calculator.java:6)
	at io.michaelcane.Commands.&lt;init&gt;(Commands.java:5)
	at io.michaelcane.Calculator.&lt;init&gt;(Calculator.java:6)
	at io.michaelcane.Commands.&lt;init&gt;(Commands.java:5)
	at io.michaelcane.Calculator.&lt;init&gt;(Calculator.java:6)
	at io.michaelcane.Commands.&lt;init&gt;(Commands.java:5)
	at io.michaelcane.Calculator.&lt;init&gt;(Calculator.java:6)
	at io.michaelcane.Commands.&lt;init&gt;(Commands.java:5)
	at io.michaelcane.Calculator.&lt;init&gt;(Calculator.java:6)
	at io.michaelcane.Commands.&lt;init&gt;(Commands.java:5)
	at io.michaelcane.Calculator.&lt;init&gt;(Calculator.java:6)
	at io.michaelcane.Commands.&lt;init&gt;(Commands.java:5)
	at io.michaelcane.Calculator.&lt;init&gt;(Calculator.java:6)
	at io.michaelcane.Commands.&lt;init&gt;(Commands.java:5)
	at io.michaelcane.Calculator.&lt;init&gt;(Calculator.java:6)
	at io.michaelcane.Commands.&lt;init&gt;(Commands.java:5)
	at io.michaelcane.Calculator.&lt;init&gt;(Calculator.java:6)
	at io.michaelcane.Commands.&lt;init&gt;(Commands.java:5)
	at io.michaelcane.Calculator.&lt;init&gt;(Calculator.java:6)
	at io.michaelcane.Commands.&lt;init&gt;(Commands.java:5)
	at io.michaelcane.Calculator.&lt;init&gt;(Calculator.java:6)
	at io.michaelcane.Commands.&lt;init&gt;(Commands.java:5)
	at io.michaelcane.Calculator.&lt;init&gt;(Calculator.java:6)
	at io.michaelcane.Commands.&lt;init&gt;(Commands.java:5)
	at io.michaelcane.Calculator.&lt;init&gt;(Calculator.java:6)
	at io.michaelcane.Commands.&lt;init&gt;(Commands.java:5)
	at io.michaelcane.Calculator.&lt;init&gt;(Calculator.java:6)
	at io.michaelcane.Commands.&lt;init&gt;(Commands.java:5)
	at io.michaelcane.Calculator.&lt;init&gt;(Calculator.java:6)
	at io.michaelcane.Commands.&lt;init&gt;(Commands.java:5)
	at io.michaelcane.Calculator.&lt;init&gt;(Calculator.java:6)
	at io.michaelcane.Commands.&lt;init&gt;(Commands.java:5)
	at io.michaelcane.Calculator.&lt;init&gt;(Calculator.java:6)
	at io.michaelcane.Commands.&lt;init&gt;(Commands.java:5)
	at io.michaelcane.Calculator.&lt;init&gt;(Calculator.java:6)
	at io.michaelcane.Commands.&lt;init&gt;(Commands.java:5)
	at io.michaelcane.Calculator.&lt;init&gt;(Calculator.java:6)
	at io.michaelcane.Commands.&lt;init&gt;(Commands.java:5)
	at io.michaelcane.Calculator.&lt;init&gt;(Calculator.java:6)
	at io.michaelcane.Commands.&lt;init&gt;(Commands.java:5)
	at io.michaelcane.Calculator.&lt;init&gt;(Calculator.java:6)
	at io.michaelcane.Commands.&lt;init&gt;(Commands.java:5)
	at io.michaelcane.Calculator.&lt;init&gt;(Calculator.java:6)
	at io.michaelcane.Commands.&lt;init&gt;(Commands.java:5)
	at io.michaelcane.Calculator.&lt;init&gt;(Calculator.java:6)
	at io.michaelcane.Commands.&lt;init&gt;(Commands.java:5)
	at io.michaelcane.Calculator.&lt;init&gt;(Calculator.java:6)
	at io.michaelcane.Commands.&lt;init&gt;(Commands.java:5)
	at io.michaelcane.Calculator.&lt;init&gt;(Calculator.java:6)
	at io.michaelcane.Commands.&lt;init&gt;(Commands.java:5)
	at io.michaelcane.Calculator.&lt;init&gt;(Calculator.java:6)
	at io.michaelcane.Commands.&lt;init&gt;(Commands.java:5)
	at io.michaelcane.Calculator.&lt;init&gt;(Calculator.java:6)
	at io.michaelcane.Commands.&lt;init&gt;(Commands.java:5)
	at io.michaelcane.Calculator.&lt;init&gt;(Calculator.java:6)
	at io.michaelcane.Commands.&lt;init&gt;(Commands.java:5)
	at io.michaelcane.Calculator.&lt;init&gt;(Calculator.java:6)
	at io.michaelcane.Commands.&lt;init&gt;(Commands.java:5)
	at io.michaelcane.Calculator.&lt;init&gt;(Calculator.java:6)
	at io.michaelcane.Commands.&lt;init&gt;(Commands.java:5)
	at io.michaelcane.Calculator.&lt;init&gt;(Calculator.java:6)
	at io.michaelcane.Commands.&lt;init&gt;(Commands.java:5)
	at io.michaelcane.Calculator.&lt;init&gt;(Calculator.java:6)
	at io.michaelcane.Commands.&lt;init&gt;(Commands.java:5)
	at io.michaelcane.Calculator.&lt;init&gt;(Calculator.java:6)
	at io.michaelcane.Commands.&lt;init&gt;(Commands.java:5)
	at io.michaelcane.Calculator.&lt;init&gt;(Calculator.java:6)
	at io.michaelcane.Commands.&lt;init&gt;(Commands.java:5)
	at io.michaelcane.Calculator.&lt;init&gt;(Calculator.java:6)
	at io.michaelcane.Commands.&lt;init&gt;(Commands.java:5)
	at io.michaelcane.Calculator.&lt;init&gt;(Calculator.java:6)
	at io.michaelcane.Commands.&lt;init&gt;(Commands.java:5)
	at io.michaelcane.Calculator.&lt;init&gt;(Calculator.java:6)
	at io.michaelcane.Commands.&lt;init&gt;(Commands.java:5)
	at io.michaelcane.Calculator.&lt;init&gt;(Calculator.java:6)
	at io.michaelcane.Commands.&lt;init&gt;(Commands.java:5)
	at io.michaelcane.Calculator.&lt;init&gt;(Calculator.java:6)
	at io.michaelcane.Commands.&lt;init&gt;(Commands.java:5)
	at io.michaelcane.Calculator.&lt;init&gt;(Calculator.java:6)
	at io.michaelcane.Commands.&lt;init&gt;(Commands.java:5)
	at io.michaelcane.Calculator.&lt;init&gt;(Calculator.java:6)
	at io.michaelcane.Commands.&lt;init&gt;(Commands.java:5)
	at io.michaelcane.Calculator.&lt;init&gt;(Calculator.java:6)
	at io.michaelcane.Commands.&lt;init&gt;(Commands.java:5)
	at io.michaelcane.Calculator.&lt;init&gt;(Calculator.java:6)
	at io.michaelcane.Commands.&lt;init&gt;(Commands.java:5)
	at io.michaelcane.Calculator.&lt;init&gt;(Calculator.java:6)
	at io.michaelcane.Commands.&lt;init&gt;(Commands.java:5)
	at io.michaelcane.Calculator.&lt;init&gt;(Calculator.java:6)
	at io.michaelcane.Commands.&lt;init&gt;(Commands.java:5)
	at io.michaelcane.Calculator.&lt;init&gt;(Calculator.java:6)
	at io.michaelcane.Commands.&lt;init&gt;(Commands.java:5)
	at io.michaelcane.Calculator.&lt;init&gt;(Calculator.java:6)
	at io.michaelcane.Commands.&lt;init&gt;(Commands.java:5)
	at io.michaelcane.Calculator.&lt;init&gt;(Calculator.java:6)
	at io.michaelcane.Commands.&lt;init&gt;(Commands.java:5)
	at io.michaelcane.Calculator.&lt;init&gt;(Calculator.java:6)
	at io.michaelcane.Commands.&lt;init&gt;(Commands.java:5)
	at io.michaelcane.Calculator.&lt;init&gt;(Calculator.java:6)
	at io.michaelcane.Commands.&lt;init&gt;(Commands.java:5)
	at io.michaelcane.Calculator.&lt;init&gt;(Calculator.java:6)
	at io.michaelcane.Commands.&lt;init&gt;(Commands.java:5)
	at io.michaelcane.Calculator.&lt;init&gt;(Calculator.java:6)
	at io.michaelcane.Commands.&lt;init&gt;(Commands.java:5)
	at io.michaelcane.Calculator.&lt;init&gt;(Calculator.java:6)
	at io.michaelcane.Commands.&lt;init&gt;(Commands.java:5)
	at io.michaelcane.Calculator.&lt;init&gt;(Calculator.java:6)
	at io.michaelcane.Commands.&lt;init&gt;(Commands.java:5)
	at io.michaelcane.Calculator.&lt;init&gt;(Calculator.java:6)
	at io.michaelcane.Commands.&lt;init&gt;(Commands.java:5)
	at io.michaelcane.Calculator.&lt;init&gt;(Calculator.java:6)
	at io.michaelcane.Commands.&lt;init&gt;(Commands.java:5)
	at io.michaelcane.Calculator.&lt;init&gt;(Calculator.java:6)
	at io.michaelcane.Commands.&lt;init&gt;(Commands.java:5)
	at io.michaelcane.Calculator.&lt;init&gt;(Calculator.java:6)
	at io.michaelcane.Commands.&lt;init&gt;(Commands.java:5)
	at io.michaelcane.Calculator.&lt;init&gt;(Calculator.java:6)
	at io.michaelcane.Commands.&lt;init&gt;(Commands.java:5)
	at io.michaelcane.Calculator.&lt;init&gt;(Calculator.java:6)
	at io.michaelcane.Commands.&lt;init&gt;(Commands.java:5)
	at io.michaelcane.Calculator.&lt;init&gt;(Calculator.java:6)
	at io.michaelcane.Commands.&lt;init&gt;(Commands.java:5)
	at io.michaelcane.Calculator.&lt;init&gt;(Calculator.java:6)
	at io.michaelcane.Commands.&lt;init&gt;(Commands.java:5)
	at io.michaelcane.Calculator.&lt;init&gt;(Calculator.java:6)
	at io.michaelcane.Commands.&lt;init&gt;(Commands.java:5)
	at io.michaelcane.Calculator.&lt;init&gt;(Calculator.java:6)
	at io.michaelcane.Commands.&lt;init&gt;(Commands.java:5)
	at io.michaelcane.Calculator.&lt;init&gt;(Calculator.java:6)
	at io.michaelcane.Commands.&lt;init&gt;(Commands.java:5)
	at io.michaelcane.Calculator.&lt;init&gt;(Calculator.java:6)
	at io.michaelcane.Commands.&lt;init&gt;(Commands.java:5)
	at io.michaelcane.Calculator.&lt;init&gt;(Calculator.java:6)
	at io.michaelcane.Commands.&lt;init&gt;(Commands.java:5)
	at io.michaelcane.Calculator.&lt;init&gt;(Calculator.java:6)
	at io.michaelcane.Commands.&lt;init&gt;(Commands.java:5)
	at io.michaelcane.Calculator.&lt;init&gt;(Calculator.java:6)
	at io.michaelcane.Commands.&lt;init&gt;(Commands.java:5)
	at io.michaelcane.Calculator.&lt;init&gt;(Calculator.java:6)
	at io.michaelcane.Commands.&lt;init&gt;(Commands.java:5)
	at io.michaelcane.Calculator.&lt;init&gt;(Calculator.java:6)
	at io.michaelcane.Commands.&lt;init&gt;(Commands.java:5)
	at io.michaelcane.Calculator.&lt;init&gt;(Calculator.java:6)
	at io.michaelcane.Commands.&lt;init&gt;(Commands.java:5)
	at io.michaelcane.Calculator.&lt;init&gt;(Calculator.java:6)
	at io.michaelcane.Commands.&lt;init&gt;(Commands.java:5)
	at io.michaelcane.Calculator.&lt;init&gt;(Calculator.java:6)
	at io.michaelcane.Commands.&lt;init&gt;(Commands.java:5)
	at io.michaelcane.Calculator.&lt;init&gt;(Calculator.java:6)
	at io.michaelcane.Commands.&lt;init&gt;(Commands.java:5)
	at io.michaelcane.Calculator.&lt;init&gt;(Calculator.java:6)
	at io.michaelcane.Commands.&lt;init&gt;(Commands.java:5)
	at io.michaelcane.Calculator.&lt;init&gt;(Calculator.java:6)
	at io.michaelcane.Commands.&lt;init&gt;(Commands.java:5)
	at io.michaelcane.Calculator.&lt;init&gt;(Calculator.java:6)
	at io.michaelcane.Commands.&lt;init&gt;(Commands.java:5)
	at io.michaelcane.Calculator.&lt;init&gt;(Calculator.java:6)
	at io.michaelcane.Commands.&lt;init&gt;(Commands.java:5)
	at io.michaelcane.Calculator.&lt;init&gt;(Calculator.java:6)
	at io.michaelcane.Commands.&lt;init&gt;(Commands.java:5)
	at io.michaelcane.Calculator.&lt;init&gt;(Calculator.java:6)
	at io.michaelcane.Commands.&lt;init&gt;(Commands.java:5)
	at io.michaelcane.Calculator.&lt;init&gt;(Calculator.java:6)
	at io.michaelcane.Commands.&lt;init&gt;(Commands.java:5)
	at io.michaelcane.Calculator.&lt;init&gt;(Calculator.java:6)
	at io.michaelcane.Commands.&lt;init&gt;(Commands.java:5)
	at io.michaelcane.Calculator.&lt;init&gt;(Calculator.java:6)
	at io.michaelcane.Commands.&lt;init&gt;(Commands.java:5)
	at io.michaelcane.Calculator.&lt;init&gt;(Calculator.java:6)
	at io.michaelcane.Commands.&lt;init&gt;(Commands.java:5)
	at io.michaelcane.Calculator.&lt;init&gt;(Calculator.java:6)
	at io.michaelcane.Commands.&lt;init&gt;(Commands.java:5)
	at io.michaelcane.Calculator.&lt;init&gt;(Calculator.java:6)
	at io.michaelcane.Commands.&lt;init&gt;(Commands.java:5)
	at io.michaelcane.Calculator.&lt;init&gt;(Calculator.java:6)
	at io.michaelcane.Commands.&lt;init&gt;(Commands.java:5)
	at io.michaelcane.Calculator.&lt;init&gt;(Calculator.java:6)
	at io.michaelcane.Commands.&lt;init&gt;(Commands.java:5)
	at io.michaelcane.Calculator.&lt;init&gt;(Calculator.java:6)
	at io.michaelcane.Commands.&lt;init&gt;(Commands.java:5)
	at io.michaelcane.Calculator.&lt;init&gt;(Calculator.java:6)
	at io.michaelcane.Commands.&lt;init&gt;(Commands.java:5)
	at io.michaelcane.Calculator.&lt;init&gt;(Calculator.java:6)
	at io.michaelcane.Commands.&lt;init&gt;(Commands.java:5)
	at io.michaelcane.Calculator.&lt;init&gt;(Calculator.java:6)
	at io.michaelcane.Commands.&lt;init&gt;(Commands.java:5)
	at io.michaelcane.Calculator.&lt;init&gt;(Calculator.java:6)
	at io.michaelcane.Commands.&lt;init&gt;(Commands.java:5)
	at io.michaelcane.Calculator.&lt;init&gt;(Calculator.java:6)
	at io.michaelcane.Commands.&lt;init&gt;(Commands.java:5)
	at io.michaelcane.Calculator.&lt;init&gt;(Calculator.java:6)
	at io.michaelcane.Commands.&lt;init&gt;(Commands.java:5)
	at io.michaelcane.Calculator.&lt;init&gt;(Calculator.java:6)
	at io.michaelcane.Commands.&lt;init&gt;(Commands.java:5)
	at io.michaelcane.Calculator.&lt;init&gt;(Calculator.java:6)
	at io.michaelcane.Commands.&lt;init&gt;(Commands.java:5)
	at io.michaelcane.Calculator.&lt;init&gt;(Calculator.java:6)
	at io.michaelcane.Commands.&lt;init&gt;(Commands.java:5)
	at io.michaelcane.Calculator.&lt;init&gt;(Calculator.java:6)
	at io.michaelcane.Commands.&lt;init&gt;(Commands.java:5)
	at io.michaelcane.Calculator.&lt;init&gt;(Calculator.java:6)
	at io.michaelcane.Commands.&lt;init&gt;(Commands.java:5)
	at io.michaelcane.Calculator.&lt;init&gt;(Calculator.java:6)
	at io.michaelcane.Commands.&lt;init&gt;(Commands.java:5)
	at io.michaelcane.Calculator.&lt;init&gt;(Calculator.java:6)
	at io.michaelcane.Commands.&lt;init&gt;(Commands.java:5)
	at io.michaelcane.Calculator.&lt;init&gt;(Calculator.java:6)
	at io.michaelcane.Commands.&lt;init&gt;(Commands.java:5)
	at io.michaelcane.Calculator.&lt;init&gt;(Calculator.java:6)
	at io.michaelcane.Commands.&lt;init&gt;(Commands.java:5)
	at io.michaelcane.Calculator.&lt;init&gt;(Calculator.java:6)
	at io.michaelcane.Commands.&lt;init&gt;(Commands.java:5)
	at io.michaelcane.Calculator.&lt;init&gt;(Calculator.java:6)
	at io.michaelcane.Commands.&lt;init&gt;(Commands.java:5)
	at io.michaelcane.Calculator.&lt;init&gt;(Calculator.java:6)
	at io.michaelcane.Commands.&lt;init&gt;(Commands.java:5)
	at io.michaelcane.Calculator.&lt;init&gt;(Calculator.java:6)
	at io.michaelcane.Commands.&lt;init&gt;(Commands.java:5)
	at io.michaelcane.Calculator.&lt;init&gt;(Calculator.java:6)
	at io.michaelcane.Commands.&lt;init&gt;(Commands.java:5)
	at io.michaelcane.Calculator.&lt;init&gt;(Calculator.java:6)
	at io.michaelcane.Commands.&lt;init&gt;(Commands.java:5)
	at io.michaelcane.Calculator.&lt;init&gt;(Calculator.java:6)
	at io.michaelcane.Commands.&lt;init&gt;(Commands.java:5)
	at io.michaelcane.Calculator.&lt;init&gt;(Calculator.java:6)
	at io.michaelcane.Commands.&lt;init&gt;(Commands.java:5)
	at io.michaelcane.Calculator.&lt;init&gt;(Calculator.java:6)
	at io.michaelcane.Commands.&lt;init&gt;(Commands.java:5)
	at io.michaelcane.Calculator.&lt;init&gt;(Calculator.java:6)
	at io.michaelcane.Commands.&lt;init&gt;(Commands.java:5)
	at io.michaelcane.Calculator.&lt;init&gt;(Calculator.java:6)
	at io.michaelcane.Commands.&lt;init&gt;(Commands.java:5)
	at io.michaelcane.Calculator.&lt;init&gt;(Calculator.java:6)
	at io.michaelcane.Commands.&lt;init&gt;(Commands.java:5)
	at io.michaelcane.Calculator.&lt;init&gt;(Calculator.java:6)
	at io.michaelcane.Commands.&lt;init&gt;(Commands.java:5)
	at io.michaelcane.Calculator.&lt;init&gt;(Calculator.java:6)
	at io.michaelcane.Commands.&lt;init&gt;(Commands.java:5)
	at io.michaelcane.Calculator.&lt;init&gt;(Calculator.java:6)
	at io.michaelcane.Commands.&lt;init&gt;(Commands.java:5)
	at io.michaelcane.Calculator.&lt;init&gt;(Calculator.java:6)
	at io.michaelcane.Commands.&lt;init&gt;(Commands.java:5)
	at io.michaelcane.Calculator.&lt;init&gt;(Calculator.java:6)
	at io.michaelcane.Commands.&lt;init&gt;(Commands.java:5)
	at io.michaelcane.Calculator.&lt;init&gt;(Calculator.java:6)
	at io.michaelcane.Commands.&lt;init&gt;(Commands.java:5)
	at io.michaelcane.Calculator.&lt;init&gt;(Calculator.java:6)
	at io.michaelcane.Commands.&lt;init&gt;(Commands.java:5)
	at io.michaelcane.Calculator.&lt;init&gt;(Calculator.java:6)
	at io.michaelcane.Commands.&lt;init&gt;(Commands.java:5)
	at io.michaelcane.Calculator.&lt;init&gt;(Calculator.java:6)
	at io.michaelcane.Commands.&lt;init&gt;(Commands.java:5)
	at io.michaelcane.Calculator.&lt;init&gt;(Calculator.java:6)
	at io.michaelcane.Commands.&lt;init&gt;(Commands.java:5)
	at io.michaelcane.Calculator.&lt;init&gt;(Calculator.java:6)
	at io.michaelcane.Commands.&lt;init&gt;(Commands.java:5)
	at io.michaelcane.Calculator.&lt;init&gt;(Calculator.java:6)
	at io.michaelcane.Commands.&lt;init&gt;(Commands.java:5)
	at io.michaelcane.Calculator.&lt;init&gt;(Calculator.java:6)
	at io.michaelcane.Commands.&lt;init&gt;(Commands.java:5)
	at io.michaelcane.Calculator.&lt;init&gt;(Calculator.java:6)
	at io.michaelcane.Commands.&lt;init&gt;(Commands.java:5)
	at io.michaelcane.Calculator.&lt;init&gt;(Calculator.java:6)
	at io.michaelcane.Commands.&lt;init&gt;(Commands.java:5)
	at io.michaelcane.Calculator.&lt;init&gt;(Calculator.java:6)
	at io.michaelcane.Commands.&lt;init&gt;(Commands.java:5)
	at io.michaelcane.Calculator.&lt;init&gt;(Calculator.java:6)
	at io.michaelcane.Commands.&lt;init&gt;(Commands.java:5)
	at io.michaelcane.Calculator.&lt;init&gt;(Calculator.java:6)
	at io.michaelcane.Commands.&lt;init&gt;(Commands.java:5)
	at io.michaelcane.Calculator.&lt;init&gt;(Calculator.java:6)
	at io.michaelcane.Commands.&lt;init&gt;(Commands.java:5)
	at io.michaelcane.Calculator.&lt;init&gt;(Calculator.java:6)
	at io.michaelcane.Commands.&lt;init&gt;(Commands.java:5)
	at io.michaelcane.Calculator.&lt;init&gt;(Calculator.java:6)
	at io.michaelcane.Commands.&lt;init&gt;(Commands.java:5)
	at io.michaelcane.Calculator.&lt;init&gt;(Calculator.java:6)
	at io.michaelcane.Commands.&lt;init&gt;(Commands.java:5)
	at io.michaelcane.Calculator.&lt;init&gt;(Calculator.java:6)
	at io.michaelcane.Commands.&lt;init&gt;(Commands.java:5)
	at io.michaelcane.Calculator.&lt;init&gt;(Calculator.java:6)
	at io.michaelcane.Commands.&lt;init&gt;(Commands.java:5)
	at io.michaelcane.Calculator.&lt;init&gt;(Calculator.java:6)
	at io.michaelcane.Commands.&lt;init&gt;(Commands.java:5)
	at io.michaelcane.Calculator.&lt;init&gt;(Calculator.java:6)
	at io.michaelcane.Commands.&lt;init&gt;(Commands.java:5)
	at io.michaelcane.Calculator.&lt;init&gt;(Calculator.java:6)
	at io.michaelcane.Commands.&lt;init&gt;(Commands.java:5)
	at io.michaelcane.Calculator.&lt;init&gt;(Calculator.java:6)
	at io.michaelcane.Commands.&lt;init&gt;(Commands.java:5)
	at io.michaelcane.Calculator.&lt;init&gt;(Calculator.java:6)
	at io.michaelcane.Commands.&lt;init&gt;(Commands.java:5)
	at io.michaelcane.Calculator.&lt;init&gt;(Calculator.java:6)
	at io.michaelcane.Commands.&lt;init&gt;(Commands.java:5)
	at io.michaelcane.Calculator.&lt;init&gt;(Calculator.java:6)
	at io.michaelcane.Commands.&lt;init&gt;(Commands.java:5)
	at io.michaelcane.Calculator.&lt;init&gt;(Calculator.java:6)
	at io.michaelcane.Commands.&lt;init&gt;(Commands.java:5)
	at io.michaelcane.Calculator.&lt;init&gt;(Calculator.java:6)
	at io.michaelcane.Commands.&lt;init&gt;(Commands.java:5)
	at io.michaelcane.Calculator.&lt;init&gt;(Calculator.java:6)
	at io.michaelcane.Commands.&lt;init&gt;(Commands.java:5)
	at io.michaelcane.Calculator.&lt;init&gt;(Calculator.java:6)
	at io.michaelcane.Commands.&lt;init&gt;(Commands.java:5)
	at io.michaelcane.Calculator.&lt;init&gt;(Calculator.java:6)
	at io.michaelcane.Commands.&lt;init&gt;(Commands.java:5)
	at io.michaelcane.Calculator.&lt;init&gt;(Calculator.java:6)
	at io.michaelcane.Commands.&lt;init&gt;(Commands.java:5)
	at io.michaelcane.Calculator.&lt;init&gt;(Calculator.java:6)
	at io.michaelcane.Commands.&lt;init&gt;(Commands.java:5)
	at io.michaelcane.Calculator.&lt;init&gt;(Calculator.java:6)
	at io.michaelcane.Commands.&lt;init&gt;(Commands.java:5)
	at io.michaelcane.Calculator.&lt;init&gt;(Calculator.java:6)
	at io.michaelcane.Commands.&lt;init&gt;(Commands.java:5)
	at io.michaelcane.Calculator.&lt;init&gt;(Calculator.java:6)
	at io.michaelcane.Commands.&lt;init&gt;(Commands.java:5)
	at io.michaelcane.Calculator.&lt;init&gt;(Calculator.java:6)
	at io.michaelcane.Commands.&lt;init&gt;(Commands.java:5)
	at io.michaelcane.Calculator.&lt;init&gt;(Calculator.java:6)
	at io.michaelcane.Commands.&lt;init&gt;(Commands.java:5)
	at io.michaelcane.Calculator.&lt;init&gt;(Calculator.java:6)
	at io.michaelcane.Commands.&lt;init&gt;(Commands.java:5)
	at io.michaelcane.Calculator.&lt;init&gt;(Calculator.java:6)
	at io.michaelcane.Commands.&lt;init&gt;(Commands.java:5)
	at io.michaelcane.Calculator.&lt;init&gt;(Calculator.java:6)
	at io.michaelcane.Commands.&lt;init&gt;(Commands.java:5)
	at io.michaelcane.Calculator.&lt;init&gt;(Calculator.java:6)
	at io.michaelcane.Commands.&lt;init&gt;(Commands.java:5)
	at io.michaelcane.Calculator.&lt;init&gt;(Calculator.java:6)
	at io.michaelcane.Commands.&lt;init&gt;(Commands.java:5)
	at io.michaelcane.Calculator.&lt;init&gt;(Calculator.java:6)
	at io.michaelcane.Commands.&lt;init&gt;(Commands.java:5)
	at io.michaelcane.Calculator.&lt;init&gt;(Calculator.java:6)
	at io.michaelcane.Commands.&lt;init&gt;(Commands.java:5)
	at io.michaelcane.Calculator.&lt;init&gt;(Calculator.java:6)
	at io.michaelcane.Commands.&lt;init&gt;(Commands.java:5)
	at io.michaelcane.Calculator.&lt;init&gt;(Calculator.java:6)
	at io.michaelcane.Commands.&lt;init&gt;(Commands.java:5)
	at io.michaelcane.Calculator.&lt;init&gt;(Calculator.java:6)
	at io.michaelcane.Commands.&lt;init&gt;(Commands.java:5)
	at io.michaelcane.Calculator.&lt;init&gt;(Calculator.java:6)
	at io.michaelcane.Commands.&lt;init&gt;(Commands.java:5)
	at io.michaelcane.Calculator.&lt;init&gt;(Calculator.java:6)
	at io.michaelcane.Commands.&lt;init&gt;(Commands.java:5)
	at io.michaelcane.Calculator.&lt;init&gt;(Calculator.java:6)
	at io.michaelcane.Commands.&lt;init&gt;(Commands.java:5)
	at io.michaelcane.Calculator.&lt;init&gt;(Calculator.java:6)
	at io.michaelcane.Commands.&lt;init&gt;(Commands.java:5)
	at io.michaelcane.Calculator.&lt;init&gt;(Calculator.java:6)
	at io.michaelcane.Commands.&lt;init&gt;(Commands.java:5)
	at io.michaelcane.Calculator.&lt;init&gt;(Calculator.java:6)
	at io.michaelcane.Commands.&lt;init&gt;(Commands.java:5)
	at io.michaelcane.Calculator.&lt;init&gt;(Calculator.java:6)
	at io.michaelcane.Commands.&lt;init&gt;(Commands.java:5)
	at io.michaelcane.Calculator.&lt;init&gt;(Calculator.java:6)
	at io.michaelcane.Commands.&lt;init&gt;(Commands.java:5)
	at io.michaelcane.Calculator.&lt;init&gt;(Calculator.java:6)
	at io.michaelcane.Commands.&lt;init&gt;(Commands.java:5)
	at io.michaelcane.Calculator.&lt;init&gt;(Calculator.java:6)
	at io.michaelcane.Commands.&lt;init&gt;(Commands.java:5)
	at io.michaelcane.Calculator.&lt;init&gt;(Calculator.java:6)
	at io.michaelcane.Commands.&lt;init&gt;(Commands.java:5)
	at io.michaelcane.Calculator.&lt;init&gt;(Calculator.java:6)
	at io.michaelcane.Commands.&lt;init&gt;(Commands.java:5)
</error>
  </testcase>
  <testcase classname="io.michaelcane.CalculatorSpec" name="test$multiply" time="0.007">
    <error type="java.lang.StackOverflowError">java.lang.StackOverflowError
	at io.michaelcane.Calculator.&lt;init&gt;(Calculator.java:6)
	at io.michaelcane.Commands.&lt;init&gt;(Commands.java:5)
	at io.michaelcane.Calculator.&lt;init&gt;(Calculator.java:6)
	at io.michaelcane.Commands.&lt;init&gt;(Commands.java:5)
	at io.michaelcane.Calculator.&lt;init&gt;(Calculator.java:6)
	at io.michaelcane.Commands.&lt;init&gt;(Commands.java:5)
	at io.michaelcane.Calculator.&lt;init&gt;(Calculator.java:6)
	at io.michaelcane.Commands.&lt;init&gt;(Commands.java:5)
	at io.michaelcane.Calculator.&lt;init&gt;(Calculator.java:6)
	at io.michaelcane.Commands.&lt;init&gt;(Commands.java:5)
	at io.michaelcane.Calculator.&lt;init&gt;(Calculator.java:6)
	at io.michaelcane.Commands.&lt;init&gt;(Commands.java:5)
	at io.michaelcane.Calculator.&lt;init&gt;(Calculator.java:6)
	at io.michaelcane.Commands.&lt;init&gt;(Commands.java:5)
	at io.michaelcane.Calculator.&lt;init&gt;(Calculator.java:6)
	at io.michaelcane.Commands.&lt;init&gt;(Commands.java:5)
	at io.michaelcane.Calculator.&lt;init&gt;(Calculator.java:6)
	at io.michaelcane.Commands.&lt;init&gt;(Commands.java:5)
	at io.michaelcane.Calculator.&lt;init&gt;(Calculator.java:6)
	at io.michaelcane.Commands.&lt;init&gt;(Commands.java:5)
	at io.michaelcane.Calculator.&lt;init&gt;(Calculator.java:6)
	at io.michaelcane.Commands.&lt;init&gt;(Commands.java:5)
	at io.michaelcane.Calculator.&lt;init&gt;(Calculator.java:6)
	at io.michaelcane.Commands.&lt;init&gt;(Commands.java:5)
	at io.michaelcane.Calculator.&lt;init&gt;(Calculator.java:6)
	at io.michaelcane.Commands.&lt;init&gt;(Commands.java:5)
	at io.michaelcane.Calculator.&lt;init&gt;(Calculator.java:6)
	at io.michaelcane.Commands.&lt;init&gt;(Commands.java:5)
	at io.michaelcane.Calculator.&lt;init&gt;(Calculator.java:6)
	at io.michaelcane.Commands.&lt;init&gt;(Commands.java:5)
	at io.michaelcane.Calculator.&lt;init&gt;(Calculator.java:6)
	at io.michaelcane.Commands.&lt;init&gt;(Commands.java:5)
	at io.michaelcane.Calculator.&lt;init&gt;(Calculator.java:6)
	at io.michaelcane.Commands.&lt;init&gt;(Commands.java:5)
	at io.michaelcane.Calculator.&lt;init&gt;(Calculator.java:6)
	at io.michaelcane.Commands.&lt;init&gt;(Commands.java:5)
	at io.michaelcane.Calculator.&lt;init&gt;(Calculator.java:6)
	at io.michaelcane.Commands.&lt;init&gt;(Commands.java:5)
	at io.michaelcane.Calculator.&lt;init&gt;(Calculator.java:6)
	at io.michaelcane.Commands.&lt;init&gt;(Commands.java:5)
	at io.michaelcane.Calculator.&lt;init&gt;(Calculator.java:6)
	at io.michaelcane.Commands.&lt;init&gt;(Commands.java:5)
	at io.michaelcane.Calculator.&lt;init&gt;(Calculator.java:6)
	at io.michaelcane.Commands.&lt;init&gt;(Commands.java:5)
	at io.michaelcane.Calculator.&lt;init&gt;(Calculator.java:6)
	at io.michaelcane.Commands.&lt;init&gt;(Commands.java:5)
	at io.michaelcane.Calculator.&lt;init&gt;(Calculator.java:6)
	at io.michaelcane.Commands.&lt;init&gt;(Commands.java:5)
	at io.michaelcane.Calculator.&lt;init&gt;(Calculator.java:6)
	at io.michaelcane.Commands.&lt;init&gt;(Commands.java:5)
	at io.michaelcane.Calculator.&lt;init&gt;(Calculator.java:6)
	at io.michaelcane.Commands.&lt;init&gt;(Commands.java:5)
	at io.michaelcane.Calculator.&lt;init&gt;(Calculator.java:6)
	at io.michaelcane.Commands.&lt;init&gt;(Commands.java:5)
	at io.michaelcane.Calculator.&lt;init&gt;(Calculator.java:6)
	at io.michaelcane.Commands.&lt;init&gt;(Commands.java:5)
	at io.michaelcane.Calculator.&lt;init&gt;(Calculator.java:6)
	at io.michaelcane.Commands.&lt;init&gt;(Commands.java:5)
	at io.michaelcane.Calculator.&lt;init&gt;(Calculator.java:6)
	at io.michaelcane.Commands.&lt;init&gt;(Commands.java:5)
	at io.michaelcane.Calculator.&lt;init&gt;(Calculator.java:6)
	at io.michaelcane.Commands.&lt;init&gt;(Commands.java:5)
	at io.michaelcane.Calculator.&lt;init&gt;(Calculator.java:6)
	at io.michaelcane.Commands.&lt;init&gt;(Commands.java:5)
	at io.michaelcane.Calculator.&lt;init&gt;(Calculator.java:6)
	at io.michaelcane.Commands.&lt;init&gt;(Commands.java:5)
	at io.michaelcane.Calculator.&lt;init&gt;(Calculator.java:6)
	at io.michaelcane.Commands.&lt;init&gt;(Commands.java:5)
	at io.michaelcane.Calculator.&lt;init&gt;(Calculator.java:6)
	at io.michaelcane.Commands.&lt;init&gt;(Commands.java:5)
	at io.michaelcane.Calculator.&lt;init&gt;(Calculator.java:6)
	at io.michaelcane.Commands.&lt;init&gt;(Commands.java:5)
	at io.michaelcane.Calculator.&lt;init&gt;(Calculator.java:6)
	at io.michaelcane.Commands.&lt;init&gt;(Commands.java:5)
	at io.michaelcane.Calculator.&lt;init&gt;(Calculator.java:6)
	at io.michaelcane.Commands.&lt;init&gt;(Commands.java:5)
	at io.michaelcane.Calculator.&lt;init&gt;(Calculator.java:6)
	at io.michaelcane.Commands.&lt;init&gt;(Commands.java:5)
	at io.michaelcane.Calculator.&lt;init&gt;(Calculator.java:6)
	at io.michaelcane.Commands.&lt;init&gt;(Commands.java:5)
	at io.michaelcane.Calculator.&lt;init&gt;(Calculator.java:6)
	at io.michaelcane.Commands.&lt;init&gt;(Commands.java:5)
	at io.michaelcane.Calculator.&lt;init&gt;(Calculator.java:6)
	at io.michaelcane.Commands.&lt;init&gt;(Commands.java:5)
	at io.michaelcane.Calculator.&lt;init&gt;(Calculator.java:6)
	at io.michaelcane.Commands.&lt;init&gt;(Commands.java:5)
	at io.michaelcane.Calculator.&lt;init&gt;(Calculator.java:6)
	at io.michaelcane.Commands.&lt;init&gt;(Commands.java:5)
	at io.michaelcane.Calculator.&lt;init&gt;(Calculator.java:6)
	at io.michaelcane.Commands.&lt;init&gt;(Commands.java:5)
	at io.michaelcane.Calculator.&lt;init&gt;(Calculator.java:6)
	at io.michaelcane.Commands.&lt;init&gt;(Commands.java:5)
	at io.michaelcane.Calculator.&lt;init&gt;(Calculator.java:6)
	at io.michaelcane.Commands.&lt;init&gt;(Commands.java:5)
	at io.michaelcane.Calculator.&lt;init&gt;(Calculator.java:6)
	at io.michaelcane.Commands.&lt;init&gt;(Commands.java:5)
	at io.michaelcane.Calculator.&lt;init&gt;(Calculator.java:6)
	at io.michaelcane.Commands.&lt;init&gt;(Commands.java:5)
	at io.michaelcane.Calculator.&lt;init&gt;(Calculator.java:6)
	at io.michaelcane.Commands.&lt;init&gt;(Commands.java:5)
	at io.michaelcane.Calculator.&lt;init&gt;(Calculator.java:6)
	at io.michaelcane.Commands.&lt;init&gt;(Commands.java:5)
	at io.michaelcane.Calculator.&lt;init&gt;(Calculator.java:6)
	at io.michaelcane.Commands.&lt;init&gt;(Commands.java:5)
	at io.michaelcane.Calculator.&lt;init&gt;(Calculator.java:6)
	at io.michaelcane.Commands.&lt;init&gt;(Commands.java:5)
	at io.michaelcane.Calculator.&lt;init&gt;(Calculator.java:6)
	at io.michaelcane.Commands.&lt;init&gt;(Commands.java:5)
	at io.michaelcane.Calculator.&lt;init&gt;(Calculator.java:6)
	at io.michaelcane.Commands.&lt;init&gt;(Commands.java:5)
	at io.michaelcane.Calculator.&lt;init&gt;(Calculator.java:6)
	at io.michaelcane.Commands.&lt;init&gt;(Commands.java:5)
	at io.michaelcane.Calculator.&lt;init&gt;(Calculator.java:6)
	at io.michaelcane.Commands.&lt;init&gt;(Commands.java:5)
	at io.michaelcane.Calculator.&lt;init&gt;(Calculator.java:6)
	at io.michaelcane.Commands.&lt;init&gt;(Commands.java:5)
	at io.michaelcane.Calculator.&lt;init&gt;(Calculator.java:6)
	at io.michaelcane.Commands.&lt;init&gt;(Commands.java:5)
	at io.michaelcane.Calculator.&lt;init&gt;(Calculator.java:6)
	at io.michaelcane.Commands.&lt;init&gt;(Commands.java:5)
	at io.michaelcane.Calculator.&lt;init&gt;(Calculator.java:6)
	at io.michaelcane.Commands.&lt;init&gt;(Commands.java:5)
	at io.michaelcane.Calculator.&lt;init&gt;(Calculator.java:6)
	at io.michaelcane.Commands.&lt;init&gt;(Commands.java:5)
	at io.michaelcane.Calculator.&lt;init&gt;(Calculator.java:6)
	at io.michaelcane.Commands.&lt;init&gt;(Commands.java:5)
	at io.michaelcane.Calculator.&lt;init&gt;(Calculator.java:6)
	at io.michaelcane.Commands.&lt;init&gt;(Commands.java:5)
	at io.michaelcane.Calculator.&lt;init&gt;(Calculator.java:6)
	at io.michaelcane.Commands.&lt;init&gt;(Commands.java:5)
	at io.michaelcane.Calculator.&lt;init&gt;(Calculator.java:6)
	at io.michaelcane.Commands.&lt;init&gt;(Commands.java:5)
	at io.michaelcane.Calculator.&lt;init&gt;(Calculator.java:6)
	at io.michaelcane.Commands.&lt;init&gt;(Commands.java:5)
	at io.michaelcane.Calculator.&lt;init&gt;(Calculator.java:6)
	at io.michaelcane.Commands.&lt;init&gt;(Commands.java:5)
	at io.michaelcane.Calculator.&lt;init&gt;(Calculator.java:6)
	at io.michaelcane.Commands.&lt;init&gt;(Commands.java:5)
	at io.michaelcane.Calculator.&lt;init&gt;(Calculator.java:6)
	at io.michaelcane.Commands.&lt;init&gt;(Commands.java:5)
	at io.michaelcane.Calculator.&lt;init&gt;(Calculator.java:6)
	at io.michaelcane.Commands.&lt;init&gt;(Commands.java:5)
	at io.michaelcane.Calculator.&lt;init&gt;(Calculator.java:6)
	at io.michaelcane.Commands.&lt;init&gt;(Commands.java:5)
	at io.michaelcane.Calculator.&lt;init&gt;(Calculator.java:6)
	at io.michaelcane.Commands.&lt;init&gt;(Commands.java:5)
	at io.michaelcane.Calculator.&lt;init&gt;(Calculator.java:6)
	at io.michaelcane.Commands.&lt;init&gt;(Commands.java:5)
	at io.michaelcane.Calculator.&lt;init&gt;(Calculator.java:6)
	at io.michaelcane.Commands.&lt;init&gt;(Commands.java:5)
	at io.michaelcane.Calculator.&lt;init&gt;(Calculator.java:6)
	at io.michaelcane.Commands.&lt;init&gt;(Commands.java:5)
	at io.michaelcane.Calculator.&lt;init&gt;(Calculator.java:6)
	at io.michaelcane.Commands.&lt;init&gt;(Commands.java:5)
	at io.michaelcane.Calculator.&lt;init&gt;(Calculator.java:6)
	at io.michaelcane.Commands.&lt;init&gt;(Commands.java:5)
	at io.michaelcane.Calculator.&lt;init&gt;(Calculator.java:6)
	at io.michaelcane.Commands.&lt;init&gt;(Commands.java:5)
	at io.michaelcane.Calculator.&lt;init&gt;(Calculator.java:6)
	at io.michaelcane.Commands.&lt;init&gt;(Commands.java:5)
	at io.michaelcane.Calculator.&lt;init&gt;(Calculator.java:6)
	at io.michaelcane.Commands.&lt;init&gt;(Commands.java:5)
	at io.michaelcane.Calculator.&lt;init&gt;(Calculator.java:6)
	at io.michaelcane.Commands.&lt;init&gt;(Commands.java:5)
	at io.michaelcane.Calculator.&lt;init&gt;(Calculator.java:6)
	at io.michaelcane.Commands.&lt;init&gt;(Commands.java:5)
	at io.michaelcane.Calculator.&lt;init&gt;(Calculator.java:6)
	at io.michaelcane.Commands.&lt;init&gt;(Commands.java:5)
	at io.michaelcane.Calculator.&lt;init&gt;(Calculator.java:6)
	at io.michaelcane.Commands.&lt;init&gt;(Commands.java:5)
	at io.michaelcane.Calculator.&lt;init&gt;(Calculator.java:6)
	at io.michaelcane.Commands.&lt;init&gt;(Commands.java:5)
	at io.michaelcane.Calculator.&lt;init&gt;(Calculator.java:6)
	at io.michaelcane.Commands.&lt;init&gt;(Commands.java:5)
	at io.michaelcane.Calculator.&lt;init&gt;(Calculator.java:6)
	at io.michaelcane.Commands.&lt;init&gt;(Commands.java:5)
	at io.michaelcane.Calculator.&lt;init&gt;(Calculator.java:6)
	at io.michaelcane.Commands.&lt;init&gt;(Commands.java:5)
	at io.michaelcane.Calculator.&lt;init&gt;(Calculator.java:6)
	at io.michaelcane.Commands.&lt;init&gt;(Commands.java:5)
	at io.michaelcane.Calculator.&lt;init&gt;(Calculator.java:6)
	at io.michaelcane.Commands.&lt;init&gt;(Commands.java:5)
	at io.michaelcane.Calculator.&lt;init&gt;(Calculator.java:6)
	at io.michaelcane.Commands.&lt;init&gt;(Commands.java:5)
	at io.michaelcane.Calculator.&lt;init&gt;(Calculator.java:6)
	at io.michaelcane.Commands.&lt;init&gt;(Commands.java:5)
	at io.michaelcane.Calculator.&lt;init&gt;(Calculator.java:6)
	at io.michaelcane.Commands.&lt;init&gt;(Commands.java:5)
	at io.michaelcane.Calculator.&lt;init&gt;(Calculator.java:6)
	at io.michaelcane.Commands.&lt;init&gt;(Commands.java:5)
	at io.michaelcane.Calculator.&lt;init&gt;(Calculator.java:6)
	at io.michaelcane.Commands.&lt;init&gt;(Commands.java:5)
	at io.michaelcane.Calculator.&lt;init&gt;(Calculator.java:6)
	at io.michaelcane.Commands.&lt;init&gt;(Commands.java:5)
	at io.michaelcane.Calculator.&lt;init&gt;(Calculator.java:6)
	at io.michaelcane.Commands.&lt;init&gt;(Commands.java:5)
	at io.michaelcane.Calculator.&lt;init&gt;(Calculator.java:6)
	at io.michaelcane.Commands.&lt;init&gt;(Commands.java:5)
	at io.michaelcane.Calculator.&lt;init&gt;(Calculator.java:6)
	at io.michaelcane.Commands.&lt;init&gt;(Commands.java:5)
	at io.michaelcane.Calculator.&lt;init&gt;(Calculator.java:6)
	at io.michaelcane.Commands.&lt;init&gt;(Commands.java:5)
	at io.michaelcane.Calculator.&lt;init&gt;(Calculator.java:6)
	at io.michaelcane.Commands.&lt;init&gt;(Commands.java:5)
	at io.michaelcane.Calculator.&lt;init&gt;(Calculator.java:6)
	at io.michaelcane.Commands.&lt;init&gt;(Commands.java:5)
	at io.michaelcane.Calculator.&lt;init&gt;(Calculator.java:6)
	at io.michaelcane.Commands.&lt;init&gt;(Commands.java:5)
	at io.michaelcane.Calculator.&lt;init&gt;(Calculator.java:6)
	at io.michaelcane.Commands.&lt;init&gt;(Commands.java:5)
	at io.michaelcane.Calculator.&lt;init&gt;(Calculator.java:6)
	at io.michaelcane.Commands.&lt;init&gt;(Commands.java:5)
	at io.michaelcane.Calculator.&lt;init&gt;(Calculator.java:6)
	at io.michaelcane.Commands.&lt;init&gt;(Commands.java:5)
	at io.michaelcane.Calculator.&lt;init&gt;(Calculator.java:6)
	at io.michaelcane.Commands.&lt;init&gt;(Commands.java:5)
	at io.michaelcane.Calculator.&lt;init&gt;(Calculator.java:6)
	at io.michaelcane.Commands.&lt;init&gt;(Commands.java:5)
	at io.michaelcane.Calculator.&lt;init&gt;(Calculator.java:6)
	at io.michaelcane.Commands.&lt;init&gt;(Commands.java:5)
	at io.michaelcane.Calculator.&lt;init&gt;(Calculator.java:6)
	at io.michaelcane.Commands.&lt;init&gt;(Commands.java:5)
	at io.michaelcane.Calculator.&lt;init&gt;(Calculator.java:6)
	at io.michaelcane.Commands.&lt;init&gt;(Commands.java:5)
	at io.michaelcane.Calculator.&lt;init&gt;(Calculator.java:6)
	at io.michaelcane.Commands.&lt;init&gt;(Commands.java:5)
	at io.michaelcane.Calculator.&lt;init&gt;(Calculator.java:6)
	at io.michaelcane.Commands.&lt;init&gt;(Commands.java:5)
	at io.michaelcane.Calculator.&lt;init&gt;(Calculator.java:6)
	at io.michaelcane.Commands.&lt;init&gt;(Commands.java:5)
	at io.michaelcane.Calculator.&lt;init&gt;(Calculator.java:6)
	at io.michaelcane.Commands.&lt;init&gt;(Commands.java:5)
	at io.michaelcane.Calculator.&lt;init&gt;(Calculator.java:6)
	at io.michaelcane.Commands.&lt;init&gt;(Commands.java:5)
	at io.michaelcane.Calculator.&lt;init&gt;(Calculator.java:6)
	at io.michaelcane.Commands.&lt;init&gt;(Commands.java:5)
	at io.michaelcane.Calculator.&lt;init&gt;(Calculator.java:6)
	at io.michaelcane.Commands.&lt;init&gt;(Commands.java:5)
	at io.michaelcane.Calculator.&lt;init&gt;(Calculator.java:6)
	at io.michaelcane.Commands.&lt;init&gt;(Commands.java:5)
	at io.michaelcane.Calculator.&lt;init&gt;(Calculator.java:6)
	at io.michaelcane.Commands.&lt;init&gt;(Commands.java:5)
	at io.michaelcane.Calculator.&lt;init&gt;(Calculator.java:6)
	at io.michaelcane.Commands.&lt;init&gt;(Commands.java:5)
	at io.michaelcane.Calculator.&lt;init&gt;(Calculator.java:6)
	at io.michaelcane.Commands.&lt;init&gt;(Commands.java:5)
	at io.michaelcane.Calculator.&lt;init&gt;(Calculator.java:6)
	at io.michaelcane.Commands.&lt;init&gt;(Commands.java:5)
	at io.michaelcane.Calculator.&lt;init&gt;(Calculator.java:6)
	at io.michaelcane.Commands.&lt;init&gt;(Commands.java:5)
	at io.michaelcane.Calculator.&lt;init&gt;(Calculator.java:6)
	at io.michaelcane.Commands.&lt;init&gt;(Commands.java:5)
	at io.michaelcane.Calculator.&lt;init&gt;(Calculator.java:6)
	at io.michaelcane.Commands.&lt;init&gt;(Commands.java:5)
	at io.michaelcane.Calculator.&lt;init&gt;(Calculator.java:6)
	at io.michaelcane.Commands.&lt;init&gt;(Commands.java:5)
	at io.michaelcane.Calculator.&lt;init&gt;(Calculator.java:6)
	at io.michaelcane.Commands.&lt;init&gt;(Commands.java:5)
	at io.michaelcane.Calculator.&lt;init&gt;(Calculator.java:6)
	at io.michaelcane.Commands.&lt;init&gt;(Commands.java:5)
	at io.michaelcane.Calculator.&lt;init&gt;(Calculator.java:6)
	at io.michaelcane.Commands.&lt;init&gt;(Commands.java:5)
	at io.michaelcane.Calculator.&lt;init&gt;(Calculator.java:6)
	at io.michaelcane.Commands.&lt;init&gt;(Commands.java:5)
	at io.michaelcane.Calculator.&lt;init&gt;(Calculator.java:6)
	at io.michaelcane.Commands.&lt;init&gt;(Commands.java:5)
	at io.michaelcane.Calculator.&lt;init&gt;(Calculator.java:6)
	at io.michaelcane.Commands.&lt;init&gt;(Commands.java:5)
	at io.michaelcane.Calculator.&lt;init&gt;(Calculator.java:6)
	at io.michaelcane.Commands.&lt;init&gt;(Commands.java:5)
	at io.michaelcane.Calculator.&lt;init&gt;(Calculator.java:6)
	at io.michaelcane.Commands.&lt;init&gt;(Commands.java:5)
	at io.michaelcane.Calculator.&lt;init&gt;(Calculator.java:6)
	at io.michaelcane.Commands.&lt;init&gt;(Commands.java:5)
	at io.michaelcane.Calculator.&lt;init&gt;(Calculator.java:6)
	at io.michaelcane.Commands.&lt;init&gt;(Commands.java:5)
	at io.michaelcane.Calculator.&lt;init&gt;(Calculator.java:6)
	at io.michaelcane.Commands.&lt;init&gt;(Commands.java:5)
	at io.michaelcane.Calculator.&lt;init&gt;(Calculator.java:6)
	at io.michaelcane.Commands.&lt;init&gt;(Commands.java:5)
	at io.michaelcane.Calculator.&lt;init&gt;(Calculator.java:6)
	at io.michaelcane.Commands.&lt;init&gt;(Commands.java:5)
	at io.michaelcane.Calculator.&lt;init&gt;(Calculator.java:6)
	at io.michaelcane.Commands.&lt;init&gt;(Commands.java:5)
	at io.michaelcane.Calculator.&lt;init&gt;(Calculator.java:6)
	at io.michaelcane.Commands.&lt;init&gt;(Commands.java:5)
	at io.michaelcane.Calculator.&lt;init&gt;(Calculator.java:6)
	at io.michaelcane.Commands.&lt;init&gt;(Commands.java:5)
	at io.michaelcane.Calculator.&lt;init&gt;(Calculator.java:6)
	at io.michaelcane.Commands.&lt;init&gt;(Commands.java:5)
	at io.michaelcane.Calculator.&lt;init&gt;(Calculator.java:6)
	at io.michaelcane.Commands.&lt;init&gt;(Commands.java:5)
	at io.michaelcane.Calculator.&lt;init&gt;(Calculator.java:6)
	at io.michaelcane.Commands.&lt;init&gt;(Commands.java:5)
	at io.michaelcane.Calculator.&lt;init&gt;(Calculator.java:6)
	at io.michaelcane.Commands.&lt;init&gt;(Commands.java:5)
	at io.michaelcane.Calculator.&lt;init&gt;(Calculator.java:6)
	at io.michaelcane.Commands.&lt;init&gt;(Commands.java:5)
	at io.michaelcane.Calculator.&lt;init&gt;(Calculator.java:6)
	at io.michaelcane.Commands.&lt;init&gt;(Commands.java:5)
	at io.michaelcane.Calculator.&lt;init&gt;(Calculator.java:6)
	at io.michaelcane.Commands.&lt;init&gt;(Commands.java:5)
	at io.michaelcane.Calculator.&lt;init&gt;(Calculator.java:6)
	at io.michaelcane.Commands.&lt;init&gt;(Commands.java:5)
	at io.michaelcane.Calculator.&lt;init&gt;(Calculator.java:6)
	at io.michaelcane.Commands.&lt;init&gt;(Commands.java:5)
	at io.michaelcane.Calculator.&lt;init&gt;(Calculator.java:6)
	at io.michaelcane.Commands.&lt;init&gt;(Commands.java:5)
	at io.michaelcane.Calculator.&lt;init&gt;(Calculator.java:6)
	at io.michaelcane.Commands.&lt;init&gt;(Commands.java:5)
	at io.michaelcane.Calculator.&lt;init&gt;(Calculator.java:6)
	at io.michaelcane.Commands.&lt;init&gt;(Commands.java:5)
	at io.michaelcane.Calculator.&lt;init&gt;(Calculator.java:6)
	at io.michaelcane.Commands.&lt;init&gt;(Commands.java:5)
	at io.michaelcane.Calculator.&lt;init&gt;(Calculator.java:6)
	at io.michaelcane.Commands.&lt;init&gt;(Commands.java:5)
	at io.michaelcane.Calculator.&lt;init&gt;(Calculator.java:6)
	at io.michaelcane.Commands.&lt;init&gt;(Commands.java:5)
	at io.michaelcane.Calculator.&lt;init&gt;(Calculator.java:6)
	at io.michaelcane.Commands.&lt;init&gt;(Commands.java:5)
	at io.michaelcane.Calculator.&lt;init&gt;(Calculator.java:6)
	at io.michaelcane.Commands.&lt;init&gt;(Commands.java:5)
	at io.michaelcane.Calculator.&lt;init&gt;(Calculator.java:6)
	at io.michaelcane.Commands.&lt;init&gt;(Commands.java:5)
	at io.michaelcane.Calculator.&lt;init&gt;(Calculator.java:6)
	at io.michaelcane.Commands.&lt;init&gt;(Commands.java:5)
	at io.michaelcane.Calculator.&lt;init&gt;(Calculator.java:6)
	at io.michaelcane.Commands.&lt;init&gt;(Commands.java:5)
	at io.michaelcane.Calculator.&lt;init&gt;(Calculator.java:6)
	at io.michaelcane.Commands.&lt;init&gt;(Commands.java:5)
	at io.michaelcane.Calculator.&lt;init&gt;(Calculator.java:6)
	at io.michaelcane.Commands.&lt;init&gt;(Commands.java:5)
	at io.michaelcane.Calculator.&lt;init&gt;(Calculator.java:6)
	at io.michaelcane.Commands.&lt;init&gt;(Commands.java:5)
	at io.michaelcane.Calculator.&lt;init&gt;(Calculator.java:6)
	at io.michaelcane.Commands.&lt;init&gt;(Commands.java:5)
	at io.michaelcane.Calculator.&lt;init&gt;(Calculator.java:6)
	at io.michaelcane.Commands.&lt;init&gt;(Commands.java:5)
	at io.michaelcane.Calculator.&lt;init&gt;(Calculator.java:6)
	at io.michaelcane.Commands.&lt;init&gt;(Commands.java:5)
	at io.michaelcane.Calculator.&lt;init&gt;(Calculator.java:6)
	at io.michaelcane.Commands.&lt;init&gt;(Commands.java:5)
	at io.michaelcane.Calculator.&lt;init&gt;(Calculator.java:6)
	at io.michaelcane.Commands.&lt;init&gt;(Commands.java:5)
	at io.michaelcane.Calculator.&lt;init&gt;(Calculator.java:6)
	at io.michaelcane.Commands.&lt;init&gt;(Commands.java:5)
	at io.michaelcane.Calculator.&lt;init&gt;(Calculator.java:6)
	at io.michaelcane.Commands.&lt;init&gt;(Commands.java:5)
	at io.michaelcane.Calculator.&lt;init&gt;(Calculator.java:6)
	at io.michaelcane.Commands.&lt;init&gt;(Commands.java:5)
	at io.michaelcane.Calculator.&lt;init&gt;(Calculator.java:6)
	at io.michaelcane.Commands.&lt;init&gt;(Commands.java:5)
	at io.michaelcane.Calculator.&lt;init&gt;(Calculator.java:6)
	at io.michaelcane.Commands.&lt;init&gt;(Commands.java:5)
	at io.michaelcane.Calculator.&lt;init&gt;(Calculator.java:6)
	at io.michaelcane.Commands.&lt;init&gt;(Commands.java:5)
	at io.michaelcane.Calculator.&lt;init&gt;(Calculator.java:6)
	at io.michaelcane.Commands.&lt;init&gt;(Commands.java:5)
	at io.michaelcane.Calculator.&lt;init&gt;(Calculator.java:6)
	at io.michaelcane.Commands.&lt;init&gt;(Commands.java:5)
	at io.michaelcane.Calculator.&lt;init&gt;(Calculator.java:6)
	at io.michaelcane.Commands.&lt;init&gt;(Commands.java:5)
	at io.michaelcane.Calculator.&lt;init&gt;(Calculator.java:6)
	at io.michaelcane.Commands.&lt;init&gt;(Commands.java:5)
	at io.michaelcane.Calculator.&lt;init&gt;(Calculator.java:6)
	at io.michaelcane.Commands.&lt;init&gt;(Commands.java:5)
	at io.michaelcane.Calculator.&lt;init&gt;(Calculator.java:6)
	at io.michaelcane.Commands.&lt;init&gt;(Commands.java:5)
	at io.michaelcane.Calculator.&lt;init&gt;(Calculator.java:6)
	at io.michaelcane.Commands.&lt;init&gt;(Commands.java:5)
	at io.michaelcane.Calculator.&lt;init&gt;(Calculator.java:6)
	at io.michaelcane.Commands.&lt;init&gt;(Commands.java:5)
	at io.michaelcane.Calculator.&lt;init&gt;(Calculator.java:6)
	at io.michaelcane.Commands.&lt;init&gt;(Commands.java:5)
	at io.michaelcane.Calculator.&lt;init&gt;(Calculator.java:6)
	at io.michaelcane.Commands.&lt;init&gt;(Commands.java:5)
	at io.michaelcane.Calculator.&lt;init&gt;(Calculator.java:6)
	at io.michaelcane.Commands.&lt;init&gt;(Commands.java:5)
	at io.michaelcane.Calculator.&lt;init&gt;(Calculator.java:6)
	at io.michaelcane.Commands.&lt;init&gt;(Commands.java:5)
	at io.michaelcane.Calculator.&lt;init&gt;(Calculator.java:6)
	at io.michaelcane.Commands.&lt;init&gt;(Commands.java:5)
	at io.michaelcane.Calculator.&lt;init&gt;(Calculator.java:6)
	at io.michaelcane.Commands.&lt;init&gt;(Commands.java:5)
	at io.michaelcane.Calculator.&lt;init&gt;(Calculator.java:6)
	at io.michaelcane.Commands.&lt;init&gt;(Commands.java:5)
	at io.michaelcane.Calculator.&lt;init&gt;(Calculator.java:6)
	at io.michaelcane.Commands.&lt;init&gt;(Commands.java:5)
	at io.michaelcane.Calculator.&lt;init&gt;(Calculator.java:6)
	at io.michaelcane.Commands.&lt;init&gt;(Commands.java:5)
	at io.michaelcane.Calculator.&lt;init&gt;(Calculator.java:6)
	at io.michaelcane.Commands.&lt;init&gt;(Commands.java:5)
	at io.michaelcane.Calculator.&lt;init&gt;(Calculator.java:6)
	at io.michaelcane.Commands.&lt;init&gt;(Commands.java:5)
	at io.michaelcane.Calculator.&lt;init&gt;(Calculator.java:6)
	at io.michaelcane.Commands.&lt;init&gt;(Commands.java:5)
	at io.michaelcane.Calculator.&lt;init&gt;(Calculator.java:6)
	at io.michaelcane.Commands.&lt;init&gt;(Commands.java:5)
	at io.michaelcane.Calculator.&lt;init&gt;(Calculator.java:6)
	at io.michaelcane.Commands.&lt;init&gt;(Commands.java:5)
	at io.michaelcane.Calculator.&lt;init&gt;(Calculator.java:6)
	at io.michaelcane.Commands.&lt;init&gt;(Commands.java:5)
	at io.michaelcane.Calculator.&lt;init&gt;(Calculator.java:6)
	at io.michaelcane.Commands.&lt;init&gt;(Commands.java:5)
	at io.michaelcane.Calculator.&lt;init&gt;(Calculator.java:6)
	at io.michaelcane.Commands.&lt;init&gt;(Commands.java:5)
	at io.michaelcane.Calculator.&lt;init&gt;(Calculator.java:6)
	at io.michaelcane.Commands.&lt;init&gt;(Commands.java:5)
	at io.michaelcane.Calculator.&lt;init&gt;(Calculator.java:6)
	at io.michaelcane.Commands.&lt;init&gt;(Commands.java:5)
	at io.michaelcane.Calculator.&lt;init&gt;(Calculator.java:6)
	at io.michaelcane.Commands.&lt;init&gt;(Commands.java:5)
	at io.michaelcane.Calculator.&lt;init&gt;(Calculator.java:6)
	at io.michaelcane.Commands.&lt;init&gt;(Commands.java:5)
	at io.michaelcane.Calculator.&lt;init&gt;(Calculator.java:6)
	at io.michaelcane.Commands.&lt;init&gt;(Commands.java:5)
	at io.michaelcane.Calculator.&lt;init&gt;(Calculator.java:6)
	at io.michaelcane.Commands.&lt;init&gt;(Commands.java:5)
	at io.michaelcane.Calculator.&lt;init&gt;(Calculator.java:6)
	at io.michaelcane.Commands.&lt;init&gt;(Commands.java:5)
	at io.michaelcane.Calculator.&lt;init&gt;(Calculator.java:6)
	at io.michaelcane.Commands.&lt;init&gt;(Commands.java:5)
	at io.michaelcane.Calculator.&lt;init&gt;(Calculator.java:6)
	at io.michaelcane.Commands.&lt;init&gt;(Commands.java:5)
	at io.michaelcane.Calculator.&lt;init&gt;(Calculator.java:6)
	at io.michaelcane.Commands.&lt;init&gt;(Commands.java:5)
	at io.michaelcane.Calculator.&lt;init&gt;(Calculator.java:6)
	at io.michaelcane.Commands.&lt;init&gt;(Commands.java:5)
	at io.michaelcane.Calculator.&lt;init&gt;(Calculator.java:6)
	at io.michaelcane.Commands.&lt;init&gt;(Commands.java:5)
	at io.michaelcane.Calculator.&lt;init&gt;(Calculator.java:6)
	at io.michaelcane.Commands.&lt;init&gt;(Commands.java:5)
	at io.michaelcane.Calculator.&lt;init&gt;(Calculator.java:6)
	at io.michaelcane.Commands.&lt;init&gt;(Commands.java:5)
	at io.michaelcane.Calculator.&lt;init&gt;(Calculator.java:6)
	at io.michaelcane.Commands.&lt;init&gt;(Commands.java:5)
	at io.michaelcane.Calculator.&lt;init&gt;(Calculator.java:6)
	at io.michaelcane.Commands.&lt;init&gt;(Commands.java:5)
	at io.michaelcane.Calculator.&lt;init&gt;(Calculator.java:6)
	at io.michaelcane.Commands.&lt;init&gt;(Commands.java:5)
	at io.michaelcane.Calculator.&lt;init&gt;(Calculator.java:6)
	at io.michaelcane.Commands.&lt;init&gt;(Commands.java:5)
	at io.michaelcane.Calculator.&lt;init&gt;(Calculator.java:6)
	at io.michaelcane.Commands.&lt;init&gt;(Commands.java:5)
	at io.michaelcane.Calculator.&lt;init&gt;(Calculator.java:6)
	at io.michaelcane.Commands.&lt;init&gt;(Commands.java:5)
	at io.michaelcane.Calculator.&lt;init&gt;(Calculator.java:6)
	at io.michaelcane.Commands.&lt;init&gt;(Commands.java:5)
	at io.michaelcane.Calculator.&lt;init&gt;(Calculator.java:6)
	at io.michaelcane.Commands.&lt;init&gt;(Commands.java:5)
	at io.michaelcane.Calculator.&lt;init&gt;(Calculator.java:6)
	at io.michaelcane.Commands.&lt;init&gt;(Commands.java:5)
	at io.michaelcane.Calculator.&lt;init&gt;(Calculator.java:6)
	at io.michaelcane.Commands.&lt;init&gt;(Commands.java:5)
	at io.michaelcane.Calculator.&lt;init&gt;(Calculator.java:6)
	at io.michaelcane.Commands.&lt;init&gt;(Commands.java:5)
	at io.michaelcane.Calculator.&lt;init&gt;(Calculator.java:6)
	at io.michaelcane.Commands.&lt;init&gt;(Commands.java:5)
	at io.michaelcane.Calculator.&lt;init&gt;(Calculator.java:6)
	at io.michaelcane.Commands.&lt;init&gt;(Commands.java:5)
	at io.michaelcane.Calculator.&lt;init&gt;(Calculator.java:6)
	at io.michaelcane.Commands.&lt;init&gt;(Commands.java:5)
	at io.michaelcane.Calculator.&lt;init&gt;(Calculator.java:6)
	at io.michaelcane.Commands.&lt;init&gt;(Commands.java:5)
	at io.michaelcane.Calculator.&lt;init&gt;(Calculator.java:6)
	at io.michaelcane.Commands.&lt;init&gt;(Commands.java:5)
	at io.michaelcane.Calculator.&lt;init&gt;(Calculator.java:6)
	at io.michaelcane.Commands.&lt;init&gt;(Commands.java:5)
	at io.michaelcane.Calculator.&lt;init&gt;(Calculator.java:6)
	at io.michaelcane.Commands.&lt;init&gt;(Commands.java:5)
	at io.michaelcane.Calculator.&lt;init&gt;(Calculator.java:6)
	at io.michaelcane.Commands.&lt;init&gt;(Commands.java:5)
	at io.michaelcane.Calculator.&lt;init&gt;(Calculator.java:6)
	at io.michaelcane.Commands.&lt;init&gt;(Commands.java:5)
	at io.michaelcane.Calculator.&lt;init&gt;(Calculator.java:6)
	at io.michaelcane.Commands.&lt;init&gt;(Commands.java:5)
	at io.michaelcane.Calculator.&lt;init&gt;(Calculator.java:6)
	at io.michaelcane.Commands.&lt;init&gt;(Commands.java:5)
	at io.michaelcane.Calculator.&lt;init&gt;(Calculator.java:6)
	at io.michaelcane.Commands.&lt;init&gt;(Commands.java:5)
	at io.michaelcane.Calculator.&lt;init&gt;(Calculator.java:6)
	at io.michaelcane.Commands.&lt;init&gt;(Commands.java:5)
	at io.michaelcane.Calculator.&lt;init&gt;(Calculator.java:6)
	at io.michaelcane.Commands.&lt;init&gt;(Commands.java:5)
	at io.michaelcane.Calculator.&lt;init&gt;(Calculator.java:6)
	at io.michaelcane.Commands.&lt;init&gt;(Commands.java:5)
	at io.michaelcane.Calculator.&lt;init&gt;(Calculator.java:6)
	at io.michaelcane.Commands.&lt;init&gt;(Commands.java:5)
	at io.michaelcane.Calculator.&lt;init&gt;(Calculator.java:6)
	at io.michaelcane.Commands.&lt;init&gt;(Commands.java:5)
	at io.michaelcane.Calculator.&lt;init&gt;(Calculator.java:6)
	at io.michaelcane.Commands.&lt;init&gt;(Commands.java:5)
	at io.michaelcane.Calculator.&lt;init&gt;(Calculator.java:6)
	at io.michaelcane.Commands.&lt;init&gt;(Commands.java:5)
	at io.michaelcane.Calculator.&lt;init&gt;(Calculator.java:6)
	at io.michaelcane.Commands.&lt;init&gt;(Commands.java:5)
	at io.michaelcane.Calculator.&lt;init&gt;(Calculator.java:6)
	at io.michaelcane.Commands.&lt;init&gt;(Commands.java:5)
	at io.michaelcane.Calculator.&lt;init&gt;(Calculator.java:6)
	at io.michaelcane.Commands.&lt;init&gt;(Commands.java:5)
	at io.michaelcane.Calculator.&lt;init&gt;(Calculator.java:6)
	at io.michaelcane.Commands.&lt;init&gt;(Commands.java:5)
	at io.michaelcane.Calculator.&lt;init&gt;(Calculator.java:6)
	at io.michaelcane.Commands.&lt;init&gt;(Commands.java:5)
	at io.michaelcane.Calculator.&lt;init&gt;(Calculator.java:6)
	at io.michaelcane.Commands.&lt;init&gt;(Commands.java:5)
	at io.michaelcane.Calculator.&lt;init&gt;(Calculator.java:6)
	at io.michaelcane.Commands.&lt;init&gt;(Commands.java:5)
	at io.michaelcane.Calculator.&lt;init&gt;(Calculator.java:6)
	at io.michaelcane.Commands.&lt;init&gt;(Commands.java:5)
	at io.michaelcane.Calculator.&lt;init&gt;(Calculator.java:6)
	at io.michaelcane.Commands.&lt;init&gt;(Commands.java:5)
	at io.michaelcane.Calculator.&lt;init&gt;(Calculator.java:6)
	at io.michaelcane.Commands.&lt;init&gt;(Commands.java:5)
	at io.michaelcane.Calculator.&lt;init&gt;(Calculator.java:6)
	at io.michaelcane.Commands.&lt;init&gt;(Commands.java:5)
	at io.michaelcane.Calculator.&lt;init&gt;(Calculator.java:6)
	at io.michaelcane.Commands.&lt;init&gt;(Commands.java:5)
	at io.michaelcane.Calculator.&lt;init&gt;(Calculator.java:6)
	at io.michaelcane.Commands.&lt;init&gt;(Commands.java:5)
	at io.michaelcane.Calculator.&lt;init&gt;(Calculator.java:6)
	at io.michaelcane.Commands.&lt;init&gt;(Commands.java:5)
	at io.michaelcane.Calculator.&lt;init&gt;(Calculator.java:6)
	at io.michaelcane.Commands.&lt;init&gt;(Commands.java:5)
	at io.michaelcane.Calculator.&lt;init&gt;(Calculator.java:6)
	at io.michaelcane.Commands.&lt;init&gt;(Commands.java:5)
	at io.michaelcane.Calculator.&lt;init&gt;(Calculator.java:6)
	at io.michaelcane.Commands.&lt;init&gt;(Commands.java:5)
	at io.michaelcane.Calculator.&lt;init&gt;(Calculator.java:6)
	at io.michaelcane.Commands.&lt;init&gt;(Commands.java:5)
	at io.michaelcane.Calculator.&lt;init&gt;(Calculator.java:6)
	at io.michaelcane.Commands.&lt;init&gt;(Commands.java:5)
	at io.michaelcane.Calculator.&lt;init&gt;(Calculator.java:6)
	at io.michaelcane.Commands.&lt;init&gt;(Commands.java:5)
	at io.michaelcane.Calculator.&lt;init&gt;(Calculator.java:6)
	at io.michaelcane.Commands.&lt;init&gt;(Commands.java:5)
	at io.michaelcane.Calculator.&lt;init&gt;(Calculator.java:6)
	at io.michaelcane.Commands.&lt;init&gt;(Commands.java:5)
	at io.michaelcane.Calculator.&lt;init&gt;(Calculator.java:6)
	at io.michaelcane.Commands.&lt;init&gt;(Commands.java:5)
	at io.michaelcane.Calculator.&lt;init&gt;(Calculator.java:6)
	at io.michaelcane.Commands.&lt;init&gt;(Commands.java:5)
	at io.michaelcane.Calculator.&lt;init&gt;(Calculator.java:6)
	at io.michaelcane.Commands.&lt;init&gt;(Commands.java:5)
	at io.michaelcane.Calculator.&lt;init&gt;(Calculator.java:6)
	at io.michaelcane.Commands.&lt;init&gt;(Commands.java:5)
	at io.michaelcane.Calculator.&lt;init&gt;(Calculator.java:6)
	at io.michaelcane.Commands.&lt;init&gt;(Commands.java:5)
	at io.michaelcane.Calculator.&lt;init&gt;(Calculator.java:6)
	at io.michaelcane.Commands.&lt;init&gt;(Commands.java:5)
	at io.michaelcane.Calculator.&lt;init&gt;(Calculator.java:6)
	at io.michaelcane.Commands.&lt;init&gt;(Commands.java:5)
	at io.michaelcane.Calculator.&lt;init&gt;(Calculator.java:6)
	at io.michaelcane.Commands.&lt;init&gt;(Commands.java:5)
	at io.michaelcane.Calculator.&lt;init&gt;(Calculator.java:6)
	at io.michaelcane.Commands.&lt;init&gt;(Commands.java:5)
	at io.michaelcane.Calculator.&lt;init&gt;(Calculator.java:6)
	at io.michaelcane.Commands.&lt;init&gt;(Commands.java:5)
	at io.michaelcane.Calculator.&lt;init&gt;(Calculator.java:6)
	at io.michaelcane.Commands.&lt;init&gt;(Commands.java:5)
	at io.michaelcane.Calculator.&lt;init&gt;(Calculator.java:6)
	at io.michaelcane.Commands.&lt;init&gt;(Commands.java:5)
	at io.michaelcane.Calculator.&lt;init&gt;(Calculator.java:6)
	at io.michaelcane.Commands.&lt;init&gt;(Commands.java:5)
	at io.michaelcane.Calculator.&lt;init&gt;(Calculator.java:6)
	at io.michaelcane.Commands.&lt;init&gt;(Commands.java:5)
	at io.michaelcane.Calculator.&lt;init&gt;(Calculator.java:6)
	at io.michaelcane.Commands.&lt;init&gt;(Commands.java:5)
	at io.michaelcane.Calculator.&lt;init&gt;(Calculator.java:6)
	at io.michaelcane.Commands.&lt;init&gt;(Commands.java:5)
	at io.michaelcane.Calculator.&lt;init&gt;(Calculator.java:6)
	at io.michaelcane.Commands.&lt;init&gt;(Commands.java:5)
	at io.michaelcane.Calculator.&lt;init&gt;(Calculator.java:6)
	at io.michaelcane.Commands.&lt;init&gt;(Commands.java:5)
	at io.michaelcane.Calculator.&lt;init&gt;(Calculator.java:6)
	at io.michaelcane.Commands.&lt;init&gt;(Commands.java:5)
	at io.michaelcane.Calculator.&lt;init&gt;(Calculator.java:6)
	at io.michaelcane.Commands.&lt;init&gt;(Commands.java:5)
	at io.michaelcane.Calculator.&lt;init&gt;(Calculator.java:6)
	at io.michaelcane.Commands.&lt;init&gt;(Commands.java:5)
	at io.michaelcane.Calculator.&lt;init&gt;(Calculator.java:6)
	at io.michaelcane.Commands.&lt;init&gt;(Commands.java:5)
	at io.michaelcane.Calculator.&lt;init&gt;(Calculator.java:6)
	at io.michaelcane.Commands.&lt;init&gt;(Commands.java:5)
	at io.michaelcane.Calculator.&lt;init&gt;(Calculator.java:6)
	at io.michaelcane.Commands.&lt;init&gt;(Commands.java:5)
	at io.michaelcane.Calculator.&lt;init&gt;(Calculator.java:6)
	at io.michaelcane.Commands.&lt;init&gt;(Commands.java:5)
	at io.michaelcane.Calculator.&lt;init&gt;(Calculator.java:6)
	at io.michaelcane.Commands.&lt;init&gt;(Commands.java:5)
	at io.michaelcane.Calculator.&lt;init&gt;(Calculator.java:6)
	at io.michaelcane.Commands.&lt;init&gt;(Commands.java:5)
	at io.michaelcane.Calculator.&lt;init&gt;(Calculator.java:6)
	at io.michaelcane.Commands.&lt;init&gt;(Commands.java:5)
	at io.michaelcane.Calculator.&lt;init&gt;(Calculator.java:6)
	at io.michaelcane.Commands.&lt;init&gt;(Commands.java:5)
	at io.michaelcane.Calculator.&lt;init&gt;(Calculator.java:6)
	at io.michaelcane.Commands.&lt;init&gt;(Commands.java:5)
	at io.michaelcane.Calculator.&lt;init&gt;(Calculator.java:6)
	at io.michaelcane.Commands.&lt;init&gt;(Commands.java:5)
	at io.michaelcane.Calculator.&lt;init&gt;(Calculator.java:6)
	at io.michaelcane.Commands.&lt;init&gt;(Commands.java:5)
	at io.michaelcane.Calculator.&lt;init&gt;(Calculator.java:6)
	at io.michaelcane.Commands.&lt;init&gt;(Commands.java:5)
	at io.michaelcane.Calculator.&lt;init&gt;(Calculator.java:6)
	at io.michaelcane.Commands.&lt;init&gt;(Commands.java:5)
	at io.michaelcane.Calculator.&lt;init&gt;(Calculator.java:6)
	at io.michaelcane.Commands.&lt;init&gt;(Commands.java:5)
	at io.michaelcane.Calculator.&lt;init&gt;(Calculator.java:6)
	at io.michaelcane.Commands.&lt;init&gt;(Commands.java:5)
	at io.michaelcane.Calculator.&lt;init&gt;(Calculator.java:6)
	at io.michaelcane.Commands.&lt;init&gt;(Commands.java:5)
	at io.michaelcane.Calculator.&lt;init&gt;(Calculator.java:6)
	at io.michaelcane.Commands.&lt;init&gt;(Commands.java:5)
	at io.michaelcane.Calculator.&lt;init&gt;(Calculator.java:6)
	at io.michaelcane.Commands.&lt;init&gt;(Commands.java:5)
	at io.michaelcane.Calculator.&lt;init&gt;(Calculator.java:6)
	at io.michaelcane.Commands.&lt;init&gt;(Commands.java:5)
	at io.michaelcane.Calculator.&lt;init&gt;(Calculator.java:6)
	at io.michaelcane.Commands.&lt;init&gt;(Commands.java:5)
	at io.michaelcane.Calculator.&lt;init&gt;(Calculator.java:6)
	at io.michaelcane.Commands.&lt;init&gt;(Commands.java:5)
	at io.michaelcane.Calculator.&lt;init&gt;(Calculator.java:6)
	at io.michaelcane.Commands.&lt;init&gt;(Commands.java:5)
	at io.michaelcane.Calculator.&lt;init&gt;(Calculator.java:6)
	at io.michaelcane.Commands.&lt;init&gt;(Commands.java:5)
	at io.michaelcane.Calculator.&lt;init&gt;(Calculator.java:6)
	at io.michaelcane.Commands.&lt;init&gt;(Commands.java:5)
	at io.michaelcane.Calculator.&lt;init&gt;(Calculator.java:6)
	at io.michaelcane.Commands.&lt;init&gt;(Commands.java:5)
	at io.michaelcane.Calculator.&lt;init&gt;(Calculator.java:6)
	at io.michaelcane.Commands.&lt;init&gt;(Commands.java:5)
	at io.michaelcane.Calculator.&lt;init&gt;(Calculator.java:6)
	at io.michaelcane.Commands.&lt;init&gt;(Commands.java:5)
	at io.michaelcane.Calculator.&lt;init&gt;(Calculator.java:6)
	at io.michaelcane.Commands.&lt;init&gt;(Commands.java:5)
	at io.michaelcane.Calculator.&lt;init&gt;(Calculator.java:6)
	at io.michaelcane.Commands.&lt;init&gt;(Commands.java:5)
	at io.michaelcane.Calculator.&lt;init&gt;(Calculator.java:6)
	at io.michaelcane.Commands.&lt;init&gt;(Commands.java:5)
	at io.michaelcane.Calculator.&lt;init&gt;(Calculator.java:6)
	at io.michaelcane.Commands.&lt;init&gt;(Commands.java:5)
	at io.michaelcane.Calculator.&lt;init&gt;(Calculator.java:6)
	at io.michaelcane.Commands.&lt;init&gt;(Commands.java:5)
	at io.michaelcane.Calculator.&lt;init&gt;(Calculator.java:6)
	at io.michaelcane.Commands.&lt;init&gt;(Commands.java:5)
	at io.michaelcane.Calculator.&lt;init&gt;(Calculator.java:6)
	at io.michaelcane.Commands.&lt;init&gt;(Commands.java:5)
	at io.michaelcane.Calculator.&lt;init&gt;(Calculator.java:6)
	at io.michaelcane.Commands.&lt;init&gt;(Commands.java:5)
	at io.michaelcane.Calculator.&lt;init&gt;(Calculator.java:6)
	at io.michaelcane.Commands.&lt;init&gt;(Commands.java:5)
	at io.michaelcane.Calculator.&lt;init&gt;(Calculator.java:6)
	at io.michaelcane.Commands.&lt;init&gt;(Commands.java:5)
	at io.michaelcane.Calculator.&lt;init&gt;(Calculator.java:6)
	at io.michaelcane.Commands.&lt;init&gt;(Commands.java:5)
	at io.michaelcane.Calculator.&lt;init&gt;(Calculator.java:6)
	at io.michaelcane.Commands.&lt;init&gt;(Commands.java:5)
	at io.michaelcane.Calculator.&lt;init&gt;(Calculator.java:6)
	at io.michaelcane.Commands.&lt;init&gt;(Commands.java:5)
	at io.michaelcane.Calculator.&lt;init&gt;(Calculator.java:6)
	at io.michaelcane.Commands.&lt;init&gt;(Commands.java:5)
	at io.michaelcane.Calculator.&lt;init&gt;(Calculator.java:6)
	at io.michaelcane.Commands.&lt;init&gt;(Commands.java:5)
	at io.michaelcane.Calculator.&lt;init&gt;(Calculator.java:6)
	at io.michaelcane.Commands.&lt;init&gt;(Commands.java:5)
	at io.michaelcane.Calculator.&lt;init&gt;(Calculator.java:6)
	at io.michaelcane.Commands.&lt;init&gt;(Commands.java:5)
	at io.michaelcane.Calculator.&lt;init&gt;(Calculator.java:6)
	at io.michaelcane.Commands.&lt;init&gt;(Commands.java:5)
	at io.michaelcane.Calculator.&lt;init&gt;(Calculator.java:6)
	at io.michaelcane.Commands.&lt;init&gt;(Commands.java:5)
	at io.michaelcane.Calculator.&lt;init&gt;(Calculator.java:6)
	at io.michaelcane.Commands.&lt;init&gt;(Commands.java:5)
	at io.michaelcane.Calculator.&lt;init&gt;(Calculator.java:6)
	at io.michaelcane.Commands.&lt;init&gt;(Commands.java:5)
	at io.michaelcane.Calculator.&lt;init&gt;(Calculator.java:6)
	at io.michaelcane.Commands.&lt;init&gt;(Commands.java:5)
	at io.michaelcane.Calculator.&lt;init&gt;(Calculator.java:6)
	at io.michaelcane.Commands.&lt;init&gt;(Commands.java:5)
	at io.michaelcane.Calculator.&lt;init&gt;(Calculator.java:6)
	at io.michaelcane.Commands.&lt;init&gt;(Commands.java:5)
	at io.michaelcane.Calculator.&lt;init&gt;(Calculator.java:6)
	at io.michaelcane.Commands.&lt;init&gt;(Commands.java:5)
	at io.michaelcane.Calculator.&lt;init&gt;(Calculator.java:6)
	at io.michaelcane.Commands.&lt;init&gt;(Commands.java:5)
	at io.michaelcane.Calculator.&lt;init&gt;(Calculator.java:6)
	at io.michaelcane.Commands.&lt;init&gt;(Commands.java:5)
	at io.michaelcane.Calculator.&lt;init&gt;(Calculator.java:6)
	at io.michaelcane.Commands.&lt;init&gt;(Commands.java:5)
	at io.michaelcane.Calculator.&lt;init&gt;(Calculator.java:6)
	at io.michaelcane.Commands.&lt;init&gt;(Commands.java:5)
	at io.michaelcane.Calculator.&lt;init&gt;(Calculator.java:6)
	at io.michaelcane.Commands.&lt;init&gt;(Commands.java:5)
	at io.michaelcane.Calculator.&lt;init&gt;(Calculator.java:6)
	at io.michaelcane.Commands.&lt;init&gt;(Commands.java:5)
	at io.michaelcane.Calculator.&lt;init&gt;(Calculator.java:6)
	at io.michaelcane.Commands.&lt;init&gt;(Commands.java:5)
	at io.michaelcane.Calculator.&lt;init&gt;(Calculator.java:6)
	at io.michaelcane.Commands.&lt;init&gt;(Commands.java:5)
	at io.michaelcane.Calculator.&lt;init&gt;(Calculator.java:6)
	at io.michaelcane.Commands.&lt;init&gt;(Commands.java:5)
	at io.michaelcane.Calculator.&lt;init&gt;(Calculator.java:6)
	at io.michaelcane.Commands.&lt;init&gt;(Commands.java:5)
	at io.michaelcane.Calculator.&lt;init&gt;(Calculator.java:6)
	at io.michaelcane.Commands.&lt;init&gt;(Commands.java:5)
	at io.michaelcane.Calculator.&lt;init&gt;(Calculator.java:6)
	at io.michaelcane.Commands.&lt;init&gt;(Commands.java:5)
	at io.michaelcane.Calculator.&lt;init&gt;(Calculator.java:6)
	at io.michaelcane.Commands.&lt;init&gt;(Commands.java:5)
	at io.michaelcane.Calculator.&lt;init&gt;(Calculator.java:6)
	at io.michaelcane.Commands.&lt;init&gt;(Commands.java:5)
	at io.michaelcane.Calculator.&lt;init&gt;(Calculator.java:6)
	at io.michaelcane.Commands.&lt;init&gt;(Commands.java:5)
	at io.michaelcane.Calculator.&lt;init&gt;(Calculator.java:6)
	at io.michaelcane.Commands.&lt;init&gt;(Commands.java:5)
	at io.michaelcane.Calculator.&lt;init&gt;(Calculator.java:6)
	at io.michaelcane.Commands.&lt;init&gt;(Commands.java:5)
	at io.michaelcane.Calculator.&lt;init&gt;(Calculator.java:6)
	at io.michaelcane.Commands.&lt;init&gt;(Commands.java:5)
	at io.michaelcane.Calculator.&lt;init&gt;(Calculator.java:6)
	at io.michaelcane.Commands.&lt;init&gt;(Commands.java:5)
	at io.michaelcane.Calculator.&lt;init&gt;(Calculator.java:6)
	at io.michaelcane.Commands.&lt;init&gt;(Commands.java:5)
	at io.michaelcane.Calculator.&lt;init&gt;(Calculator.java:6)
	at io.michaelcane.Commands.&lt;init&gt;(Commands.java:5)
	at io.michaelcane.Calculator.&lt;init&gt;(Calculator.java:6)
	at io.michaelcane.Commands.&lt;init&gt;(Commands.java:5)
	at io.michaelcane.Calculator.&lt;init&gt;(Calculator.java:6)
	at io.michaelcane.Commands.&lt;init&gt;(Commands.java:5)
	at io.michaelcane.Calculator.&lt;init&gt;(Calculator.java:6)
	at io.michaelcane.Commands.&lt;init&gt;(Commands.java:5)
	at io.michaelcane.Calculator.&lt;init&gt;(Calculator.java:6)
	at io.michaelcane.Commands.&lt;init&gt;(Commands.java:5)
	at io.michaelcane.Calculator.&lt;init&gt;(Calculator.java:6)
	at io.michaelcane.Commands.&lt;init&gt;(Commands.java:5)
	at io.michaelcane.Calculator.&lt;init&gt;(Calculator.java:6)
	at io.michaelcane.Commands.&lt;init&gt;(Commands.java:5)
	at io.michaelcane.Calculator.&lt;init&gt;(Calculator.java:6)
	at io.michaelcane.Commands.&lt;init&gt;(Commands.java:5)
	at io.michaelcane.Calculator.&lt;init&gt;(Calculator.java:6)
	at io.michaelcane.Commands.&lt;init&gt;(Commands.java:5)
	at io.michaelcane.Calculator.&lt;init&gt;(Calculator.java:6)
	at io.michaelcane.Commands.&lt;init&gt;(Commands.java:5)
	at io.michaelcane.Calculator.&lt;init&gt;(Calculator.java:6)
	at io.michaelcane.Commands.&lt;init&gt;(Commands.java:5)
	at io.michaelcane.Calculator.&lt;init&gt;(Calculator.java:6)
	at io.michaelcane.Commands.&lt;init&gt;(Commands.java:5)
	at io.michaelcane.Calculator.&lt;init&gt;(Calculator.java:6)
	at io.michaelcane.Commands.&lt;init&gt;(Commands.java:5)
	at io.michaelcane.Calculator.&lt;init&gt;(Calculator.java:6)
	at io.michaelcane.Commands.&lt;init&gt;(Commands.java:5)
	at io.michaelcane.Calculator.&lt;init&gt;(Calculator.java:6)
	at io.michaelcane.Commands.&lt;init&gt;(Commands.java:5)
	at io.michaelcane.Calculator.&lt;init&gt;(Calculator.java:6)
	at io.michaelcane.Commands.&lt;init&gt;(Commands.java:5)
	at io.michaelcane.Calculator.&lt;init&gt;(Calculator.java:6)
	at io.michaelcane.Commands.&lt;init&gt;(Commands.java:5)
	at io.michaelcane.Calculator.&lt;init&gt;(Calculator.java:6)
	at io.michaelcane.Commands.&lt;init&gt;(Commands.java:5)
	at io.michaelcane.Calculator.&lt;init&gt;(Calculator.java:6)
	at io.michaelcane.Commands.&lt;init&gt;(Commands.java:5)
	at io.michaelcane.Calculator.&lt;init&gt;(Calculator.java:6)
	at io.michaelcane.Commands.&lt;init&gt;(Commands.java:5)
	at io.michaelcane.Calculator.&lt;init&gt;(Calculator.java:6)
	at io.michaelcane.Commands.&lt;init&gt;(Commands.java:5)
	at io.michaelcane.Calculator.&lt;init&gt;(Calculator.java:6)
	at io.michaelcane.Commands.&lt;init&gt;(Commands.java:5)
	at io.michaelcane.Calculator.&lt;init&gt;(Calculator.java:6)
	at io.michaelcane.Commands.&lt;init&gt;(Commands.java:5)
	at io.michaelcane.Calculator.&lt;init&gt;(Calculator.java:6)
	at io.michaelcane.Commands.&lt;init&gt;(Commands.java:5)
	at io.michaelcane.Calculator.&lt;init&gt;(Calculator.java:6)
	at io.michaelcane.Commands.&lt;init&gt;(Commands.java:5)
	at io.michaelcane.Calculator.&lt;init&gt;(Calculator.java:6)
	at io.michaelcane.Commands.&lt;init&gt;(Commands.java:5)
	at io.michaelcane.Calculator.&lt;init&gt;(Calculator.java:6)
	at io.michaelcane.Commands.&lt;init&gt;(Commands.java:5)
	at io.michaelcane.Calculator.&lt;init&gt;(Calculator.java:6)
	at io.michaelcane.Commands.&lt;init&gt;(Commands.java:5)
	at io.michaelcane.Calculator.&lt;init&gt;(Calculator.java:6)
	at io.michaelcane.Commands.&lt;init&gt;(Commands.java:5)
	at io.michaelcane.Calculator.&lt;init&gt;(Calculator.java:6)
	at io.michaelcane.Commands.&lt;init&gt;(Commands.java:5)
	at io.michaelcane.Calculator.&lt;init&gt;(Calculator.java:6)
	at io.michaelcane.Commands.&lt;init&gt;(Commands.java:5)
	at io.michaelcane.Calculator.&lt;init&gt;(Calculator.java:6)
	at io.michaelcane.Commands.&lt;init&gt;(Commands.java:5)
	at io.michaelcane.Calculator.&lt;init&gt;(Calculator.java:6)
	at io.michaelcane.Commands.&lt;init&gt;(Commands.java:5)
	at io.michaelcane.Calculator.&lt;init&gt;(Calculator.java:6)
	at io.michaelcane.Commands.&lt;init&gt;(Commands.java:5)
	at io.michaelcane.Calculator.&lt;init&gt;(Calculator.java:6)
	at io.michaelcane.Commands.&lt;init&gt;(Commands.java:5)
	at io.michaelcane.Calculator.&lt;init&gt;(Calculator.java:6)
	at io.michaelcane.Commands.&lt;init&gt;(Commands.java:5)
	at io.michaelcane.Calculator.&lt;init&gt;(Calculator.java:6)
	at io.michaelcane.Commands.&lt;init&gt;(Commands.java:5)
	at io.michaelcane.Calculator.&lt;init&gt;(Calculator.java:6)
	at io.michaelcane.Commands.&lt;init&gt;(Commands.java:5)
	at io.michaelcane.Calculator.&lt;init&gt;(Calculator.java:6)
	at io.michaelcane.Commands.&lt;init&gt;(Commands.java:5)
	at io.michaelcane.Calculator.&lt;init&gt;(Calculator.java:6)
	at io.michaelcane.Commands.&lt;init&gt;(Commands.java:5)
	at io.michaelcane.Calculator.&lt;init&gt;(Calculator.java:6)
	at io.michaelcane.Commands.&lt;init&gt;(Commands.java:5)
	at io.michaelcane.Calculator.&lt;init&gt;(Calculator.java:6)
	at io.michaelcane.Commands.&lt;init&gt;(Commands.java:5)
	at io.michaelcane.Calculator.&lt;init&gt;(Calculator.java:6)
	at io.michaelcane.Commands.&lt;init&gt;(Commands.java:5)
	at io.michaelcane.Calculator.&lt;init&gt;(Calculator.java:6)
	at io.michaelcane.Commands.&lt;init&gt;(Commands.java:5)
	at io.michaelcane.Calculator.&lt;init&gt;(Calculator.java:6)
	at io.michaelcane.Commands.&lt;init&gt;(Commands.java:5)
	at io.michaelcane.Calculator.&lt;init&gt;(Calculator.java:6)
	at io.michaelcane.Commands.&lt;init&gt;(Commands.java:5)
	at io.michaelcane.Calculator.&lt;init&gt;(Calculator.java:6)
	at io.michaelcane.Commands.&lt;init&gt;(Commands.java:5)
	at io.michaelcane.Calculator.&lt;init&gt;(Calculator.java:6)
	at io.michaelcane.Commands.&lt;init&gt;(Commands.java:5)
	at io.michaelcane.Calculator.&lt;init&gt;(Calculator.java:6)
	at io.michaelcane.Commands.&lt;init&gt;(Commands.java:5)
	at io.michaelcane.Calculator.&lt;init&gt;(Calculator.java:6)
	at io.michaelcane.Commands.&lt;init&gt;(Commands.java:5)
	at io.michaelcane.Calculator.&lt;init&gt;(Calculator.java:6)
	at io.michaelcane.Commands.&lt;init&gt;(Commands.java:5)
	at io.michaelcane.Calculator.&lt;init&gt;(Calculator.java:6)
	at io.michaelcane.Commands.&lt;init&gt;(Commands.java:5)
	at io.michaelcane.Calculator.&lt;init&gt;(Calculator.java:6)
	at io.michaelcane.Commands.&lt;init&gt;(Commands.java:5)
	at io.michaelcane.Calculator.&lt;init&gt;(Calculator.java:6)
	at io.michaelcane.Commands.&lt;init&gt;(Commands.java:5)
	at io.michaelcane.Calculator.&lt;init&gt;(Calculator.java:6)
	at io.michaelcane.Commands.&lt;init&gt;(Commands.java:5)
	at io.michaelcane.Calculator.&lt;init&gt;(Calculator.java:6)
	at io.michaelcane.Commands.&lt;init&gt;(Commands.java:5)
	at io.michaelcane.Calculator.&lt;init&gt;(Calculator.java:6)
	at io.michaelcane.Commands.&lt;init&gt;(Commands.java:5)
	at io.michaelcane.Calculator.&lt;init&gt;(Calculator.java:6)
	at io.michaelcane.Commands.&lt;init&gt;(Commands.java:5)
	at io.michaelcane.Calculator.&lt;init&gt;(Calculator.java:6)
	at io.michaelcane.Commands.&lt;init&gt;(Commands.java:5)
	at io.michaelcane.Calculator.&lt;init&gt;(Calculator.java:6)
	at io.michaelcane.Commands.&lt;init&gt;(Commands.java:5)
	at io.michaelcane.Calculator.&lt;init&gt;(Calculator.java:6)
	at io.michaelcane.Commands.&lt;init&gt;(Commands.java:5)
	at io.michaelcane.Calculator.&lt;init&gt;(Calculator.java:6)
	at io.michaelcane.Commands.&lt;init&gt;(Commands.java:5)
	at io.michaelcane.Calculator.&lt;init&gt;(Calculator.java:6)
	at io.michaelcane.Commands.&lt;init&gt;(Commands.java:5)
	at io.michaelcane.Calculator.&lt;init&gt;(Calculator.java:6)
	at io.michaelcane.Commands.&lt;init&gt;(Commands.java:5)
	at io.michaelcane.Calculator.&lt;init&gt;(Calculator.java:6)
	at io.michaelcane.Commands.&lt;init&gt;(Commands.java:5)
	at io.michaelcane.Calculator.&lt;init&gt;(Calculator.java:6)
	at io.michaelcane.Commands.&lt;init&gt;(Commands.java:5)
	at io.michaelcane.Calculator.&lt;init&gt;(Calculator.java:6)
	at io.michaelcane.Commands.&lt;init&gt;(Commands.java:5)
	at io.michaelcane.Calculator.&lt;init&gt;(Calculator.java:6)
	at io.michaelcane.Commands.&lt;init&gt;(Commands.java:5)
	at io.michaelcane.Calculator.&lt;init&gt;(Calculator.java:6)
	at io.michaelcane.Commands.&lt;init&gt;(Commands.java:5)
	at io.michaelcane.Calculator.&lt;init&gt;(Calculator.java:6)
	at io.michaelcane.Commands.&lt;init&gt;(Commands.java:5)
	at io.michaelcane.Calculator.&lt;init&gt;(Calculator.java:6)
	at io.michaelcane.Commands.&lt;init&gt;(Commands.java:5)
	at io.michaelcane.Calculator.&lt;init&gt;(Calculator.java:6)
	at io.michaelcane.Commands.&lt;init&gt;(Commands.java:5)
	at io.michaelcane.Calculator.&lt;init&gt;(Calculator.java:6)
	at io.michaelcane.Commands.&lt;init&gt;(Commands.java:5)
	at io.michaelcane.Calculator.&lt;init&gt;(Calculator.java:6)
	at io.michaelcane.Commands.&lt;init&gt;(Commands.java:5)
	at io.michaelcane.Calculator.&lt;init&gt;(Calculator.java:6)
	at io.michaelcane.Commands.&lt;init&gt;(Commands.java:5)
	at io.michaelcane.Calculator.&lt;init&gt;(Calculator.java:6)
	at io.michaelcane.Commands.&lt;init&gt;(Commands.java:5)
	at io.michaelcane.Calculator.&lt;init&gt;(Calculator.java:6)
	at io.michaelcane.Commands.&lt;init&gt;(Commands.java:5)
	at io.michaelcane.Calculator.&lt;init&gt;(Calculator.java:6)
	at io.michaelcane.Commands.&lt;init&gt;(Commands.java:5)
	at io.michaelcane.Calculator.&lt;init&gt;(Calculator.java:6)
	at io.michaelcane.Commands.&lt;init&gt;(Commands.java:5)
	at io.michaelcane.Calculator.&lt;init&gt;(Calculator.java:6)
	at io.michaelcane.Commands.&lt;init&gt;(Commands.java:5)
	at io.michaelcane.Calculator.&lt;init&gt;(Calculator.java:6)
	at io.michaelcane.Commands.&lt;init&gt;(Commands.java:5)
	at io.michaelcane.Calculator.&lt;init&gt;(Calculator.java:6)
	at io.michaelcane.Commands.&lt;init&gt;(Commands.java:5)
	at io.michaelcane.Calculator.&lt;init&gt;(Calculator.java:6)
	at io.michaelcane.Commands.&lt;init&gt;(Commands.java:5)
	at io.michaelcane.Calculator.&lt;init&gt;(Calculator.java:6)
	at io.michaelcane.Commands.&lt;init&gt;(Commands.java:5)
	at io.michaelcane.Calculator.&lt;init&gt;(Calculator.java:6)
	at io.michaelcane.Commands.&lt;init&gt;(Commands.java:5)
	at io.michaelcane.Calculator.&lt;init&gt;(Calculator.java:6)
	at io.michaelcane.Commands.&lt;init&gt;(Commands.java:5)
	at io.michaelcane.Calculator.&lt;init&gt;(Calculator.java:6)
	at io.michaelcane.Commands.&lt;init&gt;(Commands.java:5)
	at io.michaelcane.Calculator.&lt;init&gt;(Calculator.java:6)
	at io.michaelcane.Commands.&lt;init&gt;(Commands.java:5)
	at io.michaelcane.Calculator.&lt;init&gt;(Calculator.java:6)
	at io.michaelcane.Commands.&lt;init&gt;(Commands.java:5)
	at io.michaelcane.Calculator.&lt;init&gt;(Calculator.java:6)
	at io.michaelcane.Commands.&lt;init&gt;(Commands.java:5)
	at io.michaelcane.Calculator.&lt;init&gt;(Calculator.java:6)
	at io.michaelcane.Commands.&lt;init&gt;(Commands.java:5)
	at io.michaelcane.Calculator.&lt;init&gt;(Calculator.java:6)
	at io.michaelcane.Commands.&lt;init&gt;(Commands.java:5)
	at io.michaelcane.Calculator.&lt;init&gt;(Calculator.java:6)
	at io.michaelcane.Commands.&lt;init&gt;(Commands.java:5)
	at io.michaelcane.Calculator.&lt;init&gt;(Calculator.java:6)
	at io.michaelcane.Commands.&lt;init&gt;(Commands.java:5)
	at io.michaelcane.Calculator.&lt;init&gt;(Calculator.java:6)
	at io.michaelcane.Commands.&lt;init&gt;(Commands.java:5)
	at io.michaelcane.Calculator.&lt;init&gt;(Calculator.java:6)
	at io.michaelcane.Commands.&lt;init&gt;(Commands.java:5)
	at io.michaelcane.Calculator.&lt;init&gt;(Calculator.java:6)
	at io.michaelcane.Commands.&lt;init&gt;(Commands.java:5)
	at io.michaelcane.Calculator.&lt;init&gt;(Calculator.java:6)
	at io.michaelcane.Commands.&lt;init&gt;(Commands.java:5)
	at io.michaelcane.Calculator.&lt;init&gt;(Calculator.java:6)
	at io.michaelcane.Commands.&lt;init&gt;(Commands.java:5)
	at io.michaelcane.Calculator.&lt;init&gt;(Calculator.java:6)
	at io.michaelcane.Commands.&lt;init&gt;(Commands.java:5)
	at io.michaelcane.Calculator.&lt;init&gt;(Calculator.java:6)
	at io.michaelcane.Commands.&lt;init&gt;(Commands.java:5)
	at io.michaelcane.Calculator.&lt;init&gt;(Calculator.java:6)
	at io.michaelcane.Commands.&lt;init&gt;(Commands.java:5)
	at io.michaelcane.Calculator.&lt;init&gt;(Calculator.java:6)
	at io.michaelcane.Commands.&lt;init&gt;(Commands.java:5)
	at io.michaelcane.Calculator.&lt;init&gt;(Calculator.java:6)
	at io.michaelcane.Commands.&lt;init&gt;(Commands.java:5)
	at io.michaelcane.Calculator.&lt;init&gt;(Calculator.java:6)
	at io.michaelcane.Commands.&lt;init&gt;(Commands.java:5)
	at io.michaelcane.Calculator.&lt;init&gt;(Calculator.java:6)
	at io.michaelcane.Commands.&lt;init&gt;(Commands.java:5)
	at io.michaelcane.Calculator.&lt;init&gt;(Calculator.java:6)
	at io.michaelcane.Commands.&lt;init&gt;(Commands.java:5)
	at io.michaelcane.Calculator.&lt;init&gt;(Calculator.java:6)
	at io.michaelcane.Commands.&lt;init&gt;(Commands.java:5)
	at io.michaelcane.Calculator.&lt;init&gt;(Calculator.java:6)
	at io.michaelcane.Commands.&lt;init&gt;(Commands.java:5)
	at io.michaelcane.Calculator.&lt;init&gt;(Calculator.java:6)
	at io.michaelcane.Commands.&lt;init&gt;(Commands.java:5)
	at io.michaelcane.Calculator.&lt;init&gt;(Calculator.java:6)
	at io.michaelcane.Commands.&lt;init&gt;(Commands.java:5)
	at io.michaelcane.Calculator.&lt;init&gt;(Calculator.java:6)
	at io.michaelcane.Commands.&lt;init&gt;(Commands.java:5)
	at io.michaelcane.Calculator.&lt;init&gt;(Calculator.java:6)
	at io.michaelcane.Commands.&lt;init&gt;(Commands.java:5)
	at io.michaelcane.Calculator.&lt;init&gt;(Calculator.java:6)
	at io.michaelcane.Commands.&lt;init&gt;(Commands.java:5)
	at io.michaelcane.Calculator.&lt;init&gt;(Calculator.java:6)
	at io.michaelcane.Commands.&lt;init&gt;(Commands.java:5)
	at io.michaelcane.Calculator.&lt;init&gt;(Calculator.java:6)
	at io.michaelcane.Commands.&lt;init&gt;(Commands.java:5)
	at io.michaelcane.Calculator.&lt;init&gt;(Calculator.java:6)
	at io.michaelcane.Commands.&lt;init&gt;(Commands.java:5)
	at io.michaelcane.Calculator.&lt;init&gt;(Calculator.java:6)
	at io.michaelcane.Commands.&lt;init&gt;(Commands.java:5)
	at io.michaelcane.Calculator.&lt;init&gt;(Calculator.java:6)
	at io.michaelcane.Commands.&lt;init&gt;(Commands.java:5)
	at io.michaelcane.Calculator.&lt;init&gt;(Calculator.java:6)
	at io.michaelcane.Commands.&lt;init&gt;(Commands.java:5)
	at io.michaelcane.Calculator.&lt;init&gt;(Calculator.java:6)
	at io.michaelcane.Commands.&lt;init&gt;(Commands.java:5)
	at io.michaelcane.Calculator.&lt;init&gt;(Calculator.java:6)
	at io.michaelcane.Commands.&lt;init&gt;(Commands.java:5)
	at io.michaelcane.Calculator.&lt;init&gt;(Calculator.java:6)
	at io.michaelcane.Commands.&lt;init&gt;(Commands.java:5)
	at io.michaelcane.Calculator.&lt;init&gt;(Calculator.java:6)
	at io.michaelcane.Commands.&lt;init&gt;(Commands.java:5)
	at io.michaelcane.Calculator.&lt;init&gt;(Calculator.java:6)
	at io.michaelcane.Commands.&lt;init&gt;(Commands.java:5)
	at io.michaelcane.Calculator.&lt;init&gt;(Calculator.java:6)
	at io.michaelcane.Commands.&lt;init&gt;(Commands.java:5)
	at io.michaelcane.Calculator.&lt;init&gt;(Calculator.java:6)
	at io.michaelcane.Commands.&lt;init&gt;(Commands.java:5)
	at io.michaelcane.Calculator.&lt;init&gt;(Calculator.java:6)
	at io.michaelcane.Commands.&lt;init&gt;(Commands.java:5)
	at io.michaelcane.Calculator.&lt;init&gt;(Calculator.java:6)
	at io.michaelcane.Commands.&lt;init&gt;(Commands.java:5)
	at io.michaelcane.Calculator.&lt;init&gt;(Calculator.java:6)
	at io.michaelcane.Commands.&lt;init&gt;(Commands.java:5)
	at io.michaelcane.Calculator.&lt;init&gt;(Calculator.java:6)
	at io.michaelcane.Commands.&lt;init&gt;(Commands.java:5)
	at io.michaelcane.Calculator.&lt;init&gt;(Calculator.java:6)
	at io.michaelcane.Commands.&lt;init&gt;(Commands.java:5)
	at io.michaelcane.Calculator.&lt;init&gt;(Calculator.java:6)
	at io.michaelcane.Commands.&lt;init&gt;(Commands.java:5)
	at io.michaelcane.Calculator.&lt;init&gt;(Calculator.java:6)
	at io.michaelcane.Commands.&lt;init&gt;(Commands.java:5)
	at io.michaelcane.Calculator.&lt;init&gt;(Calculator.java:6)
	at io.michaelcane.Commands.&lt;init&gt;(Commands.java:5)
	at io.michaelcane.Calculator.&lt;init&gt;(Calculator.java:6)
	at io.michaelcane.Commands.&lt;init&gt;(Commands.java:5)
	at io.michaelcane.Calculator.&lt;init&gt;(Calculator.java:6)
	at io.michaelcane.Commands.&lt;init&gt;(Commands.java:5)
	at io.michaelcane.Calculator.&lt;init&gt;(Calculator.java:6)
	at io.michaelcane.Commands.&lt;init&gt;(Commands.java:5)
	at io.michaelcane.Calculator.&lt;init&gt;(Calculator.java:6)
	at io.michaelcane.Commands.&lt;init&gt;(Commands.java:5)
	at io.michaelcane.Calculator.&lt;init&gt;(Calculator.java:6)
	at io.michaelcane.Commands.&lt;init&gt;(Commands.java:5)
	at io.michaelcane.Calculator.&lt;init&gt;(Calculator.java:6)
	at io.michaelcane.Commands.&lt;init&gt;(Commands.java:5)
	at io.michaelcane.Calculator.&lt;init&gt;(Calculator.java:6)
	at io.michaelcane.Commands.&lt;init&gt;(Commands.java:5)
	at io.michaelcane.Calculator.&lt;init&gt;(Calculator.java:6)
	at io.michaelcane.Commands.&lt;init&gt;(Commands.java:5)
	at io.michaelcane.Calculator.&lt;init&gt;(Calculator.java:6)
	at io.michaelcane.Commands.&lt;init&gt;(Commands.java:5)
	at io.michaelcane.Calculator.&lt;init&gt;(Calculator.java:6)
	at io.michaelcane.Commands.&lt;init&gt;(Commands.java:5)
	at io.michaelcane.Calculator.&lt;init&gt;(Calculator.java:6)
	at io.michaelcane.Commands.&lt;init&gt;(Commands.java:5)
	at io.michaelcane.Calculator.&lt;init&gt;(Calculator.java:6)
	at io.michaelcane.Commands.&lt;init&gt;(Commands.java:5)
	at io.michaelcane.Calculator.&lt;init&gt;(Calculator.java:6)
	at io.michaelcane.Commands.&lt;init&gt;(Commands.java:5)
	at io.michaelcane.Calculator.&lt;init&gt;(Calculator.java:6)
	at io.michaelcane.Commands.&lt;init&gt;(Commands.java:5)
	at io.michaelcane.Calculator.&lt;init&gt;(Calculator.java:6)
	at io.michaelcane.Commands.&lt;init&gt;(Commands.java:5)
</error>
  </testcase>
  <testcase classname="io.michaelcane.CalculatorSpec" name="test$sin" time="0.008">
    <error type="java.lang.StackOverflowError">java.lang.StackOverflowError
	at io.michaelcane.Calculator.&lt;init&gt;(Calculator.java:6)
	at io.michaelcane.Commands.&lt;init&gt;(Commands.java:5)
	at io.michaelcane.Calculator.&lt;init&gt;(Calculator.java:6)
	at io.michaelcane.Commands.&lt;init&gt;(Commands.java:5)
	at io.michaelcane.Calculator.&lt;init&gt;(Calculator.java:6)
	at io.michaelcane.Commands.&lt;init&gt;(Commands.java:5)
	at io.michaelcane.Calculator.&lt;init&gt;(Calculator.java:6)
	at io.michaelcane.Commands.&lt;init&gt;(Commands.java:5)
	at io.michaelcane.Calculator.&lt;init&gt;(Calculator.java:6)
	at io.michaelcane.Commands.&lt;init&gt;(Commands.java:5)
	at io.michaelcane.Calculator.&lt;init&gt;(Calculator.java:6)
	at io.michaelcane.Commands.&lt;init&gt;(Commands.java:5)
	at io.michaelcane.Calculator.&lt;init&gt;(Calculator.java:6)
	at io.michaelcane.Commands.&lt;init&gt;(Commands.java:5)
	at io.michaelcane.Calculator.&lt;init&gt;(Calculator.java:6)
	at io.michaelcane.Commands.&lt;init&gt;(Commands.java:5)
	at io.michaelcane.Calculator.&lt;init&gt;(Calculator.java:6)
	at io.michaelcane.Commands.&lt;init&gt;(Commands.java:5)
	at io.michaelcane.Calculator.&lt;init&gt;(Calculator.java:6)
	at io.michaelcane.Commands.&lt;init&gt;(Commands.java:5)
	at io.michaelcane.Calculator.&lt;init&gt;(Calculator.java:6)
	at io.michaelcane.Commands.&lt;init&gt;(Commands.java:5)
	at io.michaelcane.Calculator.&lt;init&gt;(Calculator.java:6)
	at io.michaelcane.Commands.&lt;init&gt;(Commands.java:5)
	at io.michaelcane.Calculator.&lt;init&gt;(Calculator.java:6)
	at io.michaelcane.Commands.&lt;init&gt;(Commands.java:5)
	at io.michaelcane.Calculator.&lt;init&gt;(Calculator.java:6)
	at io.michaelcane.Commands.&lt;init&gt;(Commands.java:5)
	at io.michaelcane.Calculator.&lt;init&gt;(Calculator.java:6)
	at io.michaelcane.Commands.&lt;init&gt;(Commands.java:5)
	at io.michaelcane.Calculator.&lt;init&gt;(Calculator.java:6)
	at io.michaelcane.Commands.&lt;init&gt;(Commands.java:5)
	at io.michaelcane.Calculator.&lt;init&gt;(Calculator.java:6)
	at io.michaelcane.Commands.&lt;init&gt;(Commands.java:5)
	at io.michaelcane.Calculator.&lt;init&gt;(Calculator.java:6)
	at io.michaelcane.Commands.&lt;init&gt;(Commands.java:5)
	at io.michaelcane.Calculator.&lt;init&gt;(Calculator.java:6)
	at io.michaelcane.Commands.&lt;init&gt;(Commands.java:5)
	at io.michaelcane.Calculator.&lt;init&gt;(Calculator.java:6)
	at io.michaelcane.Commands.&lt;init&gt;(Commands.java:5)
	at io.michaelcane.Calculator.&lt;init&gt;(Calculator.java:6)
	at io.michaelcane.Commands.&lt;init&gt;(Commands.java:5)
	at io.michaelcane.Calculator.&lt;init&gt;(Calculator.java:6)
	at io.michaelcane.Commands.&lt;init&gt;(Commands.java:5)
	at io.michaelcane.Calculator.&lt;init&gt;(Calculator.java:6)
	at io.michaelcane.Commands.&lt;init&gt;(Commands.java:5)
	at io.michaelcane.Calculator.&lt;init&gt;(Calculator.java:6)
	at io.michaelcane.Commands.&lt;init&gt;(Commands.java:5)
	at io.michaelcane.Calculator.&lt;init&gt;(Calculator.java:6)
	at io.michaelcane.Commands.&lt;init&gt;(Commands.java:5)
	at io.michaelcane.Calculator.&lt;init&gt;(Calculator.java:6)
	at io.michaelcane.Commands.&lt;init&gt;(Commands.java:5)
	at io.michaelcane.Calculator.&lt;init&gt;(Calculator.java:6)
	at io.michaelcane.Commands.&lt;init&gt;(Commands.java:5)
	at io.michaelcane.Calculator.&lt;init&gt;(Calculator.java:6)
	at io.michaelcane.Commands.&lt;init&gt;(Commands.java:5)
	at io.michaelcane.Calculator.&lt;init&gt;(Calculator.java:6)
	at io.michaelcane.Commands.&lt;init&gt;(Commands.java:5)
	at io.michaelcane.Calculator.&lt;init&gt;(Calculator.java:6)
	at io.michaelcane.Commands.&lt;init&gt;(Commands.java:5)
	at io.michaelcane.Calculator.&lt;init&gt;(Calculator.java:6)
	at io.michaelcane.Commands.&lt;init&gt;(Commands.java:5)
	at io.michaelcane.Calculator.&lt;init&gt;(Calculator.java:6)
	at io.michaelcane.Commands.&lt;init&gt;(Commands.java:5)
	at io.michaelcane.Calculator.&lt;init&gt;(Calculator.java:6)
	at io.michaelcane.Commands.&lt;init&gt;(Commands.java:5)
	at io.michaelcane.Calculator.&lt;init&gt;(Calculator.java:6)
	at io.michaelcane.Commands.&lt;init&gt;(Commands.java:5)
	at io.michaelcane.Calculator.&lt;init&gt;(Calculator.java:6)
	at io.michaelcane.Commands.&lt;init&gt;(Commands.java:5)
	at io.michaelcane.Calculator.&lt;init&gt;(Calculator.java:6)
	at io.michaelcane.Commands.&lt;init&gt;(Commands.java:5)
	at io.michaelcane.Calculator.&lt;init&gt;(Calculator.java:6)
	at io.michaelcane.Commands.&lt;init&gt;(Commands.java:5)
	at io.michaelcane.Calculator.&lt;init&gt;(Calculator.java:6)
	at io.michaelcane.Commands.&lt;init&gt;(Commands.java:5)
	at io.michaelcane.Calculator.&lt;init&gt;(Calculator.java:6)
	at io.michaelcane.Commands.&lt;init&gt;(Commands.java:5)
	at io.michaelcane.Calculator.&lt;init&gt;(Calculator.java:6)
	at io.michaelcane.Commands.&lt;init&gt;(Commands.java:5)
	at io.michaelcane.Calculator.&lt;init&gt;(Calculator.java:6)
	at io.michaelcane.Commands.&lt;init&gt;(Commands.java:5)
	at io.michaelcane.Calculator.&lt;init&gt;(Calculator.java:6)
	at io.michaelcane.Commands.&lt;init&gt;(Commands.java:5)
	at io.michaelcane.Calculator.&lt;init&gt;(Calculator.java:6)
	at io.michaelcane.Commands.&lt;init&gt;(Commands.java:5)
	at io.michaelcane.Calculator.&lt;init&gt;(Calculator.java:6)
	at io.michaelcane.Commands.&lt;init&gt;(Commands.java:5)
	at io.michaelcane.Calculator.&lt;init&gt;(Calculator.java:6)
	at io.michaelcane.Commands.&lt;init&gt;(Commands.java:5)
	at io.michaelcane.Calculator.&lt;init&gt;(Calculator.java:6)
	at io.michaelcane.Commands.&lt;init&gt;(Commands.java:5)
	at io.michaelcane.Calculator.&lt;init&gt;(Calculator.java:6)
	at io.michaelcane.Commands.&lt;init&gt;(Commands.java:5)
	at io.michaelcane.Calculator.&lt;init&gt;(Calculator.java:6)
	at io.michaelcane.Commands.&lt;init&gt;(Commands.java:5)
	at io.michaelcane.Calculator.&lt;init&gt;(Calculator.java:6)
	at io.michaelcane.Commands.&lt;init&gt;(Commands.java:5)
	at io.michaelcane.Calculator.&lt;init&gt;(Calculator.java:6)
	at io.michaelcane.Commands.&lt;init&gt;(Commands.java:5)
	at io.michaelcane.Calculator.&lt;init&gt;(Calculator.java:6)
	at io.michaelcane.Commands.&lt;init&gt;(Commands.java:5)
	at io.michaelcane.Calculator.&lt;init&gt;(Calculator.java:6)
	at io.michaelcane.Commands.&lt;init&gt;(Commands.java:5)
	at io.michaelcane.Calculator.&lt;init&gt;(Calculator.java:6)
	at io.michaelcane.Commands.&lt;init&gt;(Commands.java:5)
	at io.michaelcane.Calculator.&lt;init&gt;(Calculator.java:6)
	at io.michaelcane.Commands.&lt;init&gt;(Commands.java:5)
	at io.michaelcane.Calculator.&lt;init&gt;(Calculator.java:6)
	at io.michaelcane.Commands.&lt;init&gt;(Commands.java:5)
	at io.michaelcane.Calculator.&lt;init&gt;(Calculator.java:6)
	at io.michaelcane.Commands.&lt;init&gt;(Commands.java:5)
	at io.michaelcane.Calculator.&lt;init&gt;(Calculator.java:6)
	at io.michaelcane.Commands.&lt;init&gt;(Commands.java:5)
	at io.michaelcane.Calculator.&lt;init&gt;(Calculator.java:6)
	at io.michaelcane.Commands.&lt;init&gt;(Commands.java:5)
	at io.michaelcane.Calculator.&lt;init&gt;(Calculator.java:6)
	at io.michaelcane.Commands.&lt;init&gt;(Commands.java:5)
	at io.michaelcane.Calculator.&lt;init&gt;(Calculator.java:6)
	at io.michaelcane.Commands.&lt;init&gt;(Commands.java:5)
	at io.michaelcane.Calculator.&lt;init&gt;(Calculator.java:6)
	at io.michaelcane.Commands.&lt;init&gt;(Commands.java:5)
	at io.michaelcane.Calculator.&lt;init&gt;(Calculator.java:6)
	at io.michaelcane.Commands.&lt;init&gt;(Commands.java:5)
	at io.michaelcane.Calculator.&lt;init&gt;(Calculator.java:6)
	at io.michaelcane.Commands.&lt;init&gt;(Commands.java:5)
	at io.michaelcane.Calculator.&lt;init&gt;(Calculator.java:6)
	at io.michaelcane.Commands.&lt;init&gt;(Commands.java:5)
	at io.michaelcane.Calculator.&lt;init&gt;(Calculator.java:6)
	at io.michaelcane.Commands.&lt;init&gt;(Commands.java:5)
	at io.michaelcane.Calculator.&lt;init&gt;(Calculator.java:6)
	at io.michaelcane.Commands.&lt;init&gt;(Commands.java:5)
	at io.michaelcane.Calculator.&lt;init&gt;(Calculator.java:6)
	at io.michaelcane.Commands.&lt;init&gt;(Commands.java:5)
	at io.michaelcane.Calculator.&lt;init&gt;(Calculator.java:6)
	at io.michaelcane.Commands.&lt;init&gt;(Commands.java:5)
	at io.michaelcane.Calculator.&lt;init&gt;(Calculator.java:6)
	at io.michaelcane.Commands.&lt;init&gt;(Commands.java:5)
	at io.michaelcane.Calculator.&lt;init&gt;(Calculator.java:6)
	at io.michaelcane.Commands.&lt;init&gt;(Commands.java:5)
	at io.michaelcane.Calculator.&lt;init&gt;(Calculator.java:6)
	at io.michaelcane.Commands.&lt;init&gt;(Commands.java:5)
	at io.michaelcane.Calculator.&lt;init&gt;(Calculator.java:6)
	at io.michaelcane.Commands.&lt;init&gt;(Commands.java:5)
	at io.michaelcane.Calculator.&lt;init&gt;(Calculator.java:6)
	at io.michaelcane.Commands.&lt;init&gt;(Commands.java:5)
	at io.michaelcane.Calculator.&lt;init&gt;(Calculator.java:6)
	at io.michaelcane.Commands.&lt;init&gt;(Commands.java:5)
	at io.michaelcane.Calculator.&lt;init&gt;(Calculator.java:6)
	at io.michaelcane.Commands.&lt;init&gt;(Commands.java:5)
	at io.michaelcane.Calculator.&lt;init&gt;(Calculator.java:6)
	at io.michaelcane.Commands.&lt;init&gt;(Commands.java:5)
	at io.michaelcane.Calculator.&lt;init&gt;(Calculator.java:6)
	at io.michaelcane.Commands.&lt;init&gt;(Commands.java:5)
	at io.michaelcane.Calculator.&lt;init&gt;(Calculator.java:6)
	at io.michaelcane.Commands.&lt;init&gt;(Commands.java:5)
	at io.michaelcane.Calculator.&lt;init&gt;(Calculator.java:6)
	at io.michaelcane.Commands.&lt;init&gt;(Commands.java:5)
	at io.michaelcane.Calculator.&lt;init&gt;(Calculator.java:6)
	at io.michaelcane.Commands.&lt;init&gt;(Commands.java:5)
	at io.michaelcane.Calculator.&lt;init&gt;(Calculator.java:6)
	at io.michaelcane.Commands.&lt;init&gt;(Commands.java:5)
	at io.michaelcane.Calculator.&lt;init&gt;(Calculator.java:6)
	at io.michaelcane.Commands.&lt;init&gt;(Commands.java:5)
	at io.michaelcane.Calculator.&lt;init&gt;(Calculator.java:6)
	at io.michaelcane.Commands.&lt;init&gt;(Commands.java:5)
	at io.michaelcane.Calculator.&lt;init&gt;(Calculator.java:6)
	at io.michaelcane.Commands.&lt;init&gt;(Commands.java:5)
	at io.michaelcane.Calculator.&lt;init&gt;(Calculator.java:6)
	at io.michaelcane.Commands.&lt;init&gt;(Commands.java:5)
	at io.michaelcane.Calculator.&lt;init&gt;(Calculator.java:6)
	at io.michaelcane.Commands.&lt;init&gt;(Commands.java:5)
	at io.michaelcane.Calculator.&lt;init&gt;(Calculator.java:6)
	at io.michaelcane.Commands.&lt;init&gt;(Commands.java:5)
	at io.michaelcane.Calculator.&lt;init&gt;(Calculator.java:6)
	at io.michaelcane.Commands.&lt;init&gt;(Commands.java:5)
	at io.michaelcane.Calculator.&lt;init&gt;(Calculator.java:6)
	at io.michaelcane.Commands.&lt;init&gt;(Commands.java:5)
	at io.michaelcane.Calculator.&lt;init&gt;(Calculator.java:6)
	at io.michaelcane.Commands.&lt;init&gt;(Commands.java:5)
	at io.michaelcane.Calculator.&lt;init&gt;(Calculator.java:6)
	at io.michaelcane.Commands.&lt;init&gt;(Commands.java:5)
	at io.michaelcane.Calculator.&lt;init&gt;(Calculator.java:6)
	at io.michaelcane.Commands.&lt;init&gt;(Commands.java:5)
	at io.michaelcane.Calculator.&lt;init&gt;(Calculator.java:6)
	at io.michaelcane.Commands.&lt;init&gt;(Commands.java:5)
	at io.michaelcane.Calculator.&lt;init&gt;(Calculator.java:6)
	at io.michaelcane.Commands.&lt;init&gt;(Commands.java:5)
	at io.michaelcane.Calculator.&lt;init&gt;(Calculator.java:6)
	at io.michaelcane.Commands.&lt;init&gt;(Commands.java:5)
	at io.michaelcane.Calculator.&lt;init&gt;(Calculator.java:6)
	at io.michaelcane.Commands.&lt;init&gt;(Commands.java:5)
	at io.michaelcane.Calculator.&lt;init&gt;(Calculator.java:6)
	at io.michaelcane.Commands.&lt;init&gt;(Commands.java:5)
	at io.michaelcane.Calculator.&lt;init&gt;(Calculator.java:6)
	at io.michaelcane.Commands.&lt;init&gt;(Commands.java:5)
	at io.michaelcane.Calculator.&lt;init&gt;(Calculator.java:6)
	at io.michaelcane.Commands.&lt;init&gt;(Commands.java:5)
	at io.michaelcane.Calculator.&lt;init&gt;(Calculator.java:6)
	at io.michaelcane.Commands.&lt;init&gt;(Commands.java:5)
	at io.michaelcane.Calculator.&lt;init&gt;(Calculator.java:6)
	at io.michaelcane.Commands.&lt;init&gt;(Commands.java:5)
	at io.michaelcane.Calculator.&lt;init&gt;(Calculator.java:6)
	at io.michaelcane.Commands.&lt;init&gt;(Commands.java:5)
	at io.michaelcane.Calculator.&lt;init&gt;(Calculator.java:6)
	at io.michaelcane.Commands.&lt;init&gt;(Commands.java:5)
	at io.michaelcane.Calculator.&lt;init&gt;(Calculator.java:6)
	at io.michaelcane.Commands.&lt;init&gt;(Commands.java:5)
	at io.michaelcane.Calculator.&lt;init&gt;(Calculator.java:6)
	at io.michaelcane.Commands.&lt;init&gt;(Commands.java:5)
	at io.michaelcane.Calculator.&lt;init&gt;(Calculator.java:6)
	at io.michaelcane.Commands.&lt;init&gt;(Commands.java:5)
	at io.michaelcane.Calculator.&lt;init&gt;(Calculator.java:6)
	at io.michaelcane.Commands.&lt;init&gt;(Commands.java:5)
	at io.michaelcane.Calculator.&lt;init&gt;(Calculator.java:6)
	at io.michaelcane.Commands.&lt;init&gt;(Commands.java:5)
	at io.michaelcane.Calculator.&lt;init&gt;(Calculator.java:6)
	at io.michaelcane.Commands.&lt;init&gt;(Commands.java:5)
	at io.michaelcane.Calculator.&lt;init&gt;(Calculator.java:6)
	at io.michaelcane.Commands.&lt;init&gt;(Commands.java:5)
	at io.michaelcane.Calculator.&lt;init&gt;(Calculator.java:6)
	at io.michaelcane.Commands.&lt;init&gt;(Commands.java:5)
	at io.michaelcane.Calculator.&lt;init&gt;(Calculator.java:6)
	at io.michaelcane.Commands.&lt;init&gt;(Commands.java:5)
	at io.michaelcane.Calculator.&lt;init&gt;(Calculator.java:6)
	at io.michaelcane.Commands.&lt;init&gt;(Commands.java:5)
	at io.michaelcane.Calculator.&lt;init&gt;(Calculator.java:6)
	at io.michaelcane.Commands.&lt;init&gt;(Commands.java:5)
	at io.michaelcane.Calculator.&lt;init&gt;(Calculator.java:6)
	at io.michaelcane.Commands.&lt;init&gt;(Commands.java:5)
	at io.michaelcane.Calculator.&lt;init&gt;(Calculator.java:6)
	at io.michaelcane.Commands.&lt;init&gt;(Commands.java:5)
	at io.michaelcane.Calculator.&lt;init&gt;(Calculator.java:6)
	at io.michaelcane.Commands.&lt;init&gt;(Commands.java:5)
	at io.michaelcane.Calculator.&lt;init&gt;(Calculator.java:6)
	at io.michaelcane.Commands.&lt;init&gt;(Commands.java:5)
	at io.michaelcane.Calculator.&lt;init&gt;(Calculator.java:6)
	at io.michaelcane.Commands.&lt;init&gt;(Commands.java:5)
	at io.michaelcane.Calculator.&lt;init&gt;(Calculator.java:6)
	at io.michaelcane.Commands.&lt;init&gt;(Commands.java:5)
	at io.michaelcane.Calculator.&lt;init&gt;(Calculator.java:6)
	at io.michaelcane.Commands.&lt;init&gt;(Commands.java:5)
	at io.michaelcane.Calculator.&lt;init&gt;(Calculator.java:6)
	at io.michaelcane.Commands.&lt;init&gt;(Commands.java:5)
	at io.michaelcane.Calculator.&lt;init&gt;(Calculator.java:6)
	at io.michaelcane.Commands.&lt;init&gt;(Commands.java:5)
	at io.michaelcane.Calculator.&lt;init&gt;(Calculator.java:6)
	at io.michaelcane.Commands.&lt;init&gt;(Commands.java:5)
	at io.michaelcane.Calculator.&lt;init&gt;(Calculator.java:6)
	at io.michaelcane.Commands.&lt;init&gt;(Commands.java:5)
	at io.michaelcane.Calculator.&lt;init&gt;(Calculator.java:6)
	at io.michaelcane.Commands.&lt;init&gt;(Commands.java:5)
	at io.michaelcane.Calculator.&lt;init&gt;(Calculator.java:6)
	at io.michaelcane.Commands.&lt;init&gt;(Commands.java:5)
	at io.michaelcane.Calculator.&lt;init&gt;(Calculator.java:6)
	at io.michaelcane.Commands.&lt;init&gt;(Commands.java:5)
	at io.michaelcane.Calculator.&lt;init&gt;(Calculator.java:6)
	at io.michaelcane.Commands.&lt;init&gt;(Commands.java:5)
	at io.michaelcane.Calculator.&lt;init&gt;(Calculator.java:6)
	at io.michaelcane.Commands.&lt;init&gt;(Commands.java:5)
	at io.michaelcane.Calculator.&lt;init&gt;(Calculator.java:6)
	at io.michaelcane.Commands.&lt;init&gt;(Commands.java:5)
	at io.michaelcane.Calculator.&lt;init&gt;(Calculator.java:6)
	at io.michaelcane.Commands.&lt;init&gt;(Commands.java:5)
	at io.michaelcane.Calculator.&lt;init&gt;(Calculator.java:6)
	at io.michaelcane.Commands.&lt;init&gt;(Commands.java:5)
	at io.michaelcane.Calculator.&lt;init&gt;(Calculator.java:6)
	at io.michaelcane.Commands.&lt;init&gt;(Commands.java:5)
	at io.michaelcane.Calculator.&lt;init&gt;(Calculator.java:6)
	at io.michaelcane.Commands.&lt;init&gt;(Commands.java:5)
	at io.michaelcane.Calculator.&lt;init&gt;(Calculator.java:6)
	at io.michaelcane.Commands.&lt;init&gt;(Commands.java:5)
	at io.michaelcane.Calculator.&lt;init&gt;(Calculator.java:6)
	at io.michaelcane.Commands.&lt;init&gt;(Commands.java:5)
	at io.michaelcane.Calculator.&lt;init&gt;(Calculator.java:6)
	at io.michaelcane.Commands.&lt;init&gt;(Commands.java:5)
	at io.michaelcane.Calculator.&lt;init&gt;(Calculator.java:6)
	at io.michaelcane.Commands.&lt;init&gt;(Commands.java:5)
	at io.michaelcane.Calculator.&lt;init&gt;(Calculator.java:6)
	at io.michaelcane.Commands.&lt;init&gt;(Commands.java:5)
	at io.michaelcane.Calculator.&lt;init&gt;(Calculator.java:6)
	at io.michaelcane.Commands.&lt;init&gt;(Commands.java:5)
	at io.michaelcane.Calculator.&lt;init&gt;(Calculator.java:6)
	at io.michaelcane.Commands.&lt;init&gt;(Commands.java:5)
	at io.michaelcane.Calculator.&lt;init&gt;(Calculator.java:6)
	at io.michaelcane.Commands.&lt;init&gt;(Commands.java:5)
	at io.michaelcane.Calculator.&lt;init&gt;(Calculator.java:6)
	at io.michaelcane.Commands.&lt;init&gt;(Commands.java:5)
	at io.michaelcane.Calculator.&lt;init&gt;(Calculator.java:6)
	at io.michaelcane.Commands.&lt;init&gt;(Commands.java:5)
	at io.michaelcane.Calculator.&lt;init&gt;(Calculator.java:6)
	at io.michaelcane.Commands.&lt;init&gt;(Commands.java:5)
	at io.michaelcane.Calculator.&lt;init&gt;(Calculator.java:6)
	at io.michaelcane.Commands.&lt;init&gt;(Commands.java:5)
	at io.michaelcane.Calculator.&lt;init&gt;(Calculator.java:6)
	at io.michaelcane.Commands.&lt;init&gt;(Commands.java:5)
	at io.michaelcane.Calculator.&lt;init&gt;(Calculator.java:6)
	at io.michaelcane.Commands.&lt;init&gt;(Commands.java:5)
	at io.michaelcane.Calculator.&lt;init&gt;(Calculator.java:6)
	at io.michaelcane.Commands.&lt;init&gt;(Commands.java:5)
	at io.michaelcane.Calculator.&lt;init&gt;(Calculator.java:6)
	at io.michaelcane.Commands.&lt;init&gt;(Commands.java:5)
	at io.michaelcane.Calculator.&lt;init&gt;(Calculator.java:6)
	at io.michaelcane.Commands.&lt;init&gt;(Commands.java:5)
	at io.michaelcane.Calculator.&lt;init&gt;(Calculator.java:6)
	at io.michaelcane.Commands.&lt;init&gt;(Commands.java:5)
	at io.michaelcane.Calculator.&lt;init&gt;(Calculator.java:6)
	at io.michaelcane.Commands.&lt;init&gt;(Commands.java:5)
	at io.michaelcane.Calculator.&lt;init&gt;(Calculator.java:6)
	at io.michaelcane.Commands.&lt;init&gt;(Commands.java:5)
	at io.michaelcane.Calculator.&lt;init&gt;(Calculator.java:6)
	at io.michaelcane.Commands.&lt;init&gt;(Commands.java:5)
	at io.michaelcane.Calculator.&lt;init&gt;(Calculator.java:6)
	at io.michaelcane.Commands.&lt;init&gt;(Commands.java:5)
	at io.michaelcane.Calculator.&lt;init&gt;(Calculator.java:6)
	at io.michaelcane.Commands.&lt;init&gt;(Commands.java:5)
	at io.michaelcane.Calculator.&lt;init&gt;(Calculator.java:6)
	at io.michaelcane.Commands.&lt;init&gt;(Commands.java:5)
	at io.michaelcane.Calculator.&lt;init&gt;(Calculator.java:6)
	at io.michaelcane.Commands.&lt;init&gt;(Commands.java:5)
	at io.michaelcane.Calculator.&lt;init&gt;(Calculator.java:6)
	at io.michaelcane.Commands.&lt;init&gt;(Commands.java:5)
	at io.michaelcane.Calculator.&lt;init&gt;(Calculator.java:6)
	at io.michaelcane.Commands.&lt;init&gt;(Commands.java:5)
	at io.michaelcane.Calculator.&lt;init&gt;(Calculator.java:6)
	at io.michaelcane.Commands.&lt;init&gt;(Commands.java:5)
	at io.michaelcane.Calculator.&lt;init&gt;(Calculator.java:6)
	at io.michaelcane.Commands.&lt;init&gt;(Commands.java:5)
	at io.michaelcane.Calculator.&lt;init&gt;(Calculator.java:6)
	at io.michaelcane.Commands.&lt;init&gt;(Commands.java:5)
	at io.michaelcane.Calculator.&lt;init&gt;(Calculator.java:6)
	at io.michaelcane.Commands.&lt;init&gt;(Commands.java:5)
	at io.michaelcane.Calculator.&lt;init&gt;(Calculator.java:6)
	at io.michaelcane.Commands.&lt;init&gt;(Commands.java:5)
	at io.michaelcane.Calculator.&lt;init&gt;(Calculator.java:6)
	at io.michaelcane.Commands.&lt;init&gt;(Commands.java:5)
	at io.michaelcane.Calculator.&lt;init&gt;(Calculator.java:6)
	at io.michaelcane.Commands.&lt;init&gt;(Commands.java:5)
	at io.michaelcane.Calculator.&lt;init&gt;(Calculator.java:6)
	at io.michaelcane.Commands.&lt;init&gt;(Commands.java:5)
	at io.michaelcane.Calculator.&lt;init&gt;(Calculator.java:6)
	at io.michaelcane.Commands.&lt;init&gt;(Commands.java:5)
	at io.michaelcane.Calculator.&lt;init&gt;(Calculator.java:6)
	at io.michaelcane.Commands.&lt;init&gt;(Commands.java:5)
	at io.michaelcane.Calculator.&lt;init&gt;(Calculator.java:6)
	at io.michaelcane.Commands.&lt;init&gt;(Commands.java:5)
	at io.michaelcane.Calculator.&lt;init&gt;(Calculator.java:6)
	at io.michaelcane.Commands.&lt;init&gt;(Commands.java:5)
	at io.michaelcane.Calculator.&lt;init&gt;(Calculator.java:6)
	at io.michaelcane.Commands.&lt;init&gt;(Commands.java:5)
	at io.michaelcane.Calculator.&lt;init&gt;(Calculator.java:6)
	at io.michaelcane.Commands.&lt;init&gt;(Commands.java:5)
	at io.michaelcane.Calculator.&lt;init&gt;(Calculator.java:6)
	at io.michaelcane.Commands.&lt;init&gt;(Commands.java:5)
	at io.michaelcane.Calculator.&lt;init&gt;(Calculator.java:6)
	at io.michaelcane.Commands.&lt;init&gt;(Commands.java:5)
	at io.michaelcane.Calculator.&lt;init&gt;(Calculator.java:6)
	at io.michaelcane.Commands.&lt;init&gt;(Commands.java:5)
	at io.michaelcane.Calculator.&lt;init&gt;(Calculator.java:6)
	at io.michaelcane.Commands.&lt;init&gt;(Commands.java:5)
	at io.michaelcane.Calculator.&lt;init&gt;(Calculator.java:6)
	at io.michaelcane.Commands.&lt;init&gt;(Commands.java:5)
	at io.michaelcane.Calculator.&lt;init&gt;(Calculator.java:6)
	at io.michaelcane.Commands.&lt;init&gt;(Commands.java:5)
	at io.michaelcane.Calculator.&lt;init&gt;(Calculator.java:6)
	at io.michaelcane.Commands.&lt;init&gt;(Commands.java:5)
	at io.michaelcane.Calculator.&lt;init&gt;(Calculator.java:6)
	at io.michaelcane.Commands.&lt;init&gt;(Commands.java:5)
	at io.michaelcane.Calculator.&lt;init&gt;(Calculator.java:6)
	at io.michaelcane.Commands.&lt;init&gt;(Commands.java:5)
	at io.michaelcane.Calculator.&lt;init&gt;(Calculator.java:6)
	at io.michaelcane.Commands.&lt;init&gt;(Commands.java:5)
	at io.michaelcane.Calculator.&lt;init&gt;(Calculator.java:6)
	at io.michaelcane.Commands.&lt;init&gt;(Commands.java:5)
	at io.michaelcane.Calculator.&lt;init&gt;(Calculator.java:6)
	at io.michaelcane.Commands.&lt;init&gt;(Commands.java:5)
	at io.michaelcane.Calculator.&lt;init&gt;(Calculator.java:6)
	at io.michaelcane.Commands.&lt;init&gt;(Commands.java:5)
	at io.michaelcane.Calculator.&lt;init&gt;(Calculator.java:6)
	at io.michaelcane.Commands.&lt;init&gt;(Commands.java:5)
	at io.michaelcane.Calculator.&lt;init&gt;(Calculator.java:6)
	at io.michaelcane.Commands.&lt;init&gt;(Commands.java:5)
	at io.michaelcane.Calculator.&lt;init&gt;(Calculator.java:6)
	at io.michaelcane.Commands.&lt;init&gt;(Commands.java:5)
	at io.michaelcane.Calculator.&lt;init&gt;(Calculator.java:6)
	at io.michaelcane.Commands.&lt;init&gt;(Commands.java:5)
	at io.michaelcane.Calculator.&lt;init&gt;(Calculator.java:6)
	at io.michaelcane.Commands.&lt;init&gt;(Commands.java:5)
	at io.michaelcane.Calculator.&lt;init&gt;(Calculator.java:6)
	at io.michaelcane.Commands.&lt;init&gt;(Commands.java:5)
	at io.michaelcane.Calculator.&lt;init&gt;(Calculator.java:6)
	at io.michaelcane.Commands.&lt;init&gt;(Commands.java:5)
	at io.michaelcane.Calculator.&lt;init&gt;(Calculator.java:6)
	at io.michaelcane.Commands.&lt;init&gt;(Commands.java:5)
	at io.michaelcane.Calculator.&lt;init&gt;(Calculator.java:6)
	at io.michaelcane.Commands.&lt;init&gt;(Commands.java:5)
	at io.michaelcane.Calculator.&lt;init&gt;(Calculator.java:6)
	at io.michaelcane.Commands.&lt;init&gt;(Commands.java:5)
	at io.michaelcane.Calculator.&lt;init&gt;(Calculator.java:6)
	at io.michaelcane.Commands.&lt;init&gt;(Commands.java:5)
	at io.michaelcane.Calculator.&lt;init&gt;(Calculator.java:6)
	at io.michaelcane.Commands.&lt;init&gt;(Commands.java:5)
	at io.michaelcane.Calculator.&lt;init&gt;(Calculator.java:6)
	at io.michaelcane.Commands.&lt;init&gt;(Commands.java:5)
	at io.michaelcane.Calculator.&lt;init&gt;(Calculator.java:6)
	at io.michaelcane.Commands.&lt;init&gt;(Commands.java:5)
	at io.michaelcane.Calculator.&lt;init&gt;(Calculator.java:6)
	at io.michaelcane.Commands.&lt;init&gt;(Commands.java:5)
	at io.michaelcane.Calculator.&lt;init&gt;(Calculator.java:6)
	at io.michaelcane.Commands.&lt;init&gt;(Commands.java:5)
	at io.michaelcane.Calculator.&lt;init&gt;(Calculator.java:6)
	at io.michaelcane.Commands.&lt;init&gt;(Commands.java:5)
	at io.michaelcane.Calculator.&lt;init&gt;(Calculator.java:6)
	at io.michaelcane.Commands.&lt;init&gt;(Commands.java:5)
	at io.michaelcane.Calculator.&lt;init&gt;(Calculator.java:6)
	at io.michaelcane.Commands.&lt;init&gt;(Commands.java:5)
	at io.michaelcane.Calculator.&lt;init&gt;(Calculator.java:6)
	at io.michaelcane.Commands.&lt;init&gt;(Commands.java:5)
	at io.michaelcane.Calculator.&lt;init&gt;(Calculator.java:6)
	at io.michaelcane.Commands.&lt;init&gt;(Commands.java:5)
	at io.michaelcane.Calculator.&lt;init&gt;(Calculator.java:6)
	at io.michaelcane.Commands.&lt;init&gt;(Commands.java:5)
	at io.michaelcane.Calculator.&lt;init&gt;(Calculator.java:6)
	at io.michaelcane.Commands.&lt;init&gt;(Commands.java:5)
	at io.michaelcane.Calculator.&lt;init&gt;(Calculator.java:6)
	at io.michaelcane.Commands.&lt;init&gt;(Commands.java:5)
	at io.michaelcane.Calculator.&lt;init&gt;(Calculator.java:6)
	at io.michaelcane.Commands.&lt;init&gt;(Commands.java:5)
	at io.michaelcane.Calculator.&lt;init&gt;(Calculator.java:6)
	at io.michaelcane.Commands.&lt;init&gt;(Commands.java:5)
	at io.michaelcane.Calculator.&lt;init&gt;(Calculator.java:6)
	at io.michaelcane.Commands.&lt;init&gt;(Commands.java:5)
	at io.michaelcane.Calculator.&lt;init&gt;(Calculator.java:6)
	at io.michaelcane.Commands.&lt;init&gt;(Commands.java:5)
	at io.michaelcane.Calculator.&lt;init&gt;(Calculator.java:6)
	at io.michaelcane.Commands.&lt;init&gt;(Commands.java:5)
	at io.michaelcane.Calculator.&lt;init&gt;(Calculator.java:6)
	at io.michaelcane.Commands.&lt;init&gt;(Commands.java:5)
	at io.michaelcane.Calculator.&lt;init&gt;(Calculator.java:6)
	at io.michaelcane.Commands.&lt;init&gt;(Commands.java:5)
	at io.michaelcane.Calculator.&lt;init&gt;(Calculator.java:6)
	at io.michaelcane.Commands.&lt;init&gt;(Commands.java:5)
	at io.michaelcane.Calculator.&lt;init&gt;(Calculator.java:6)
	at io.michaelcane.Commands.&lt;init&gt;(Commands.java:5)
	at io.michaelcane.Calculator.&lt;init&gt;(Calculator.java:6)
	at io.michaelcane.Commands.&lt;init&gt;(Commands.java:5)
	at io.michaelcane.Calculator.&lt;init&gt;(Calculator.java:6)
	at io.michaelcane.Commands.&lt;init&gt;(Commands.java:5)
	at io.michaelcane.Calculator.&lt;init&gt;(Calculator.java:6)
	at io.michaelcane.Commands.&lt;init&gt;(Commands.java:5)
	at io.michaelcane.Calculator.&lt;init&gt;(Calculator.java:6)
	at io.michaelcane.Commands.&lt;init&gt;(Commands.java:5)
	at io.michaelcane.Calculator.&lt;init&gt;(Calculator.java:6)
	at io.michaelcane.Commands.&lt;init&gt;(Commands.java:5)
	at io.michaelcane.Calculator.&lt;init&gt;(Calculator.java:6)
	at io.michaelcane.Commands.&lt;init&gt;(Commands.java:5)
	at io.michaelcane.Calculator.&lt;init&gt;(Calculator.java:6)
	at io.michaelcane.Commands.&lt;init&gt;(Commands.java:5)
	at io.michaelcane.Calculator.&lt;init&gt;(Calculator.java:6)
	at io.michaelcane.Commands.&lt;init&gt;(Commands.java:5)
	at io.michaelcane.Calculator.&lt;init&gt;(Calculator.java:6)
	at io.michaelcane.Commands.&lt;init&gt;(Commands.java:5)
	at io.michaelcane.Calculator.&lt;init&gt;(Calculator.java:6)
	at io.michaelcane.Commands.&lt;init&gt;(Commands.java:5)
	at io.michaelcane.Calculator.&lt;init&gt;(Calculator.java:6)
	at io.michaelcane.Commands.&lt;init&gt;(Commands.java:5)
	at io.michaelcane.Calculator.&lt;init&gt;(Calculator.java:6)
	at io.michaelcane.Commands.&lt;init&gt;(Commands.java:5)
	at io.michaelcane.Calculator.&lt;init&gt;(Calculator.java:6)
	at io.michaelcane.Commands.&lt;init&gt;(Commands.java:5)
	at io.michaelcane.Calculator.&lt;init&gt;(Calculator.java:6)
	at io.michaelcane.Commands.&lt;init&gt;(Commands.java:5)
	at io.michaelcane.Calculator.&lt;init&gt;(Calculator.java:6)
	at io.michaelcane.Commands.&lt;init&gt;(Commands.java:5)
	at io.michaelcane.Calculator.&lt;init&gt;(Calculator.java:6)
	at io.michaelcane.Commands.&lt;init&gt;(Commands.java:5)
	at io.michaelcane.Calculator.&lt;init&gt;(Calculator.java:6)
	at io.michaelcane.Commands.&lt;init&gt;(Commands.java:5)
	at io.michaelcane.Calculator.&lt;init&gt;(Calculator.java:6)
	at io.michaelcane.Commands.&lt;init&gt;(Commands.java:5)
	at io.michaelcane.Calculator.&lt;init&gt;(Calculator.java:6)
	at io.michaelcane.Commands.&lt;init&gt;(Commands.java:5)
	at io.michaelcane.Calculator.&lt;init&gt;(Calculator.java:6)
	at io.michaelcane.Commands.&lt;init&gt;(Commands.java:5)
	at io.michaelcane.Calculator.&lt;init&gt;(Calculator.java:6)
	at io.michaelcane.Commands.&lt;init&gt;(Commands.java:5)
	at io.michaelcane.Calculator.&lt;init&gt;(Calculator.java:6)
	at io.michaelcane.Commands.&lt;init&gt;(Commands.java:5)
	at io.michaelcane.Calculator.&lt;init&gt;(Calculator.java:6)
	at io.michaelcane.Commands.&lt;init&gt;(Commands.java:5)
	at io.michaelcane.Calculator.&lt;init&gt;(Calculator.java:6)
	at io.michaelcane.Commands.&lt;init&gt;(Commands.java:5)
	at io.michaelcane.Calculator.&lt;init&gt;(Calculator.java:6)
	at io.michaelcane.Commands.&lt;init&gt;(Commands.java:5)
	at io.michaelcane.Calculator.&lt;init&gt;(Calculator.java:6)
	at io.michaelcane.Commands.&lt;init&gt;(Commands.java:5)
	at io.michaelcane.Calculator.&lt;init&gt;(Calculator.java:6)
	at io.michaelcane.Commands.&lt;init&gt;(Commands.java:5)
	at io.michaelcane.Calculator.&lt;init&gt;(Calculator.java:6)
	at io.michaelcane.Commands.&lt;init&gt;(Commands.java:5)
	at io.michaelcane.Calculator.&lt;init&gt;(Calculator.java:6)
	at io.michaelcane.Commands.&lt;init&gt;(Commands.java:5)
	at io.michaelcane.Calculator.&lt;init&gt;(Calculator.java:6)
	at io.michaelcane.Commands.&lt;init&gt;(Commands.java:5)
	at io.michaelcane.Calculator.&lt;init&gt;(Calculator.java:6)
	at io.michaelcane.Commands.&lt;init&gt;(Commands.java:5)
	at io.michaelcane.Calculator.&lt;init&gt;(Calculator.java:6)
	at io.michaelcane.Commands.&lt;init&gt;(Commands.java:5)
	at io.michaelcane.Calculator.&lt;init&gt;(Calculator.java:6)
	at io.michaelcane.Commands.&lt;init&gt;(Commands.java:5)
	at io.michaelcane.Calculator.&lt;init&gt;(Calculator.java:6)
	at io.michaelcane.Commands.&lt;init&gt;(Commands.java:5)
	at io.michaelcane.Calculator.&lt;init&gt;(Calculator.java:6)
	at io.michaelcane.Commands.&lt;init&gt;(Commands.java:5)
	at io.michaelcane.Calculator.&lt;init&gt;(Calculator.java:6)
	at io.michaelcane.Commands.&lt;init&gt;(Commands.java:5)
	at io.michaelcane.Calculator.&lt;init&gt;(Calculator.java:6)
	at io.michaelcane.Commands.&lt;init&gt;(Commands.java:5)
	at io.michaelcane.Calculator.&lt;init&gt;(Calculator.java:6)
	at io.michaelcane.Commands.&lt;init&gt;(Commands.java:5)
	at io.michaelcane.Calculator.&lt;init&gt;(Calculator.java:6)
	at io.michaelcane.Commands.&lt;init&gt;(Commands.java:5)
	at io.michaelcane.Calculator.&lt;init&gt;(Calculator.java:6)
	at io.michaelcane.Commands.&lt;init&gt;(Commands.java:5)
	at io.michaelcane.Calculator.&lt;init&gt;(Calculator.java:6)
	at io.michaelcane.Commands.&lt;init&gt;(Commands.java:5)
	at io.michaelcane.Calculator.&lt;init&gt;(Calculator.java:6)
	at io.michaelcane.Commands.&lt;init&gt;(Commands.java:5)
	at io.michaelcane.Calculator.&lt;init&gt;(Calculator.java:6)
	at io.michaelcane.Commands.&lt;init&gt;(Commands.java:5)
	at io.michaelcane.Calculator.&lt;init&gt;(Calculator.java:6)
	at io.michaelcane.Commands.&lt;init&gt;(Commands.java:5)
	at io.michaelcane.Calculator.&lt;init&gt;(Calculator.java:6)
	at io.michaelcane.Commands.&lt;init&gt;(Commands.java:5)
	at io.michaelcane.Calculator.&lt;init&gt;(Calculator.java:6)
	at io.michaelcane.Commands.&lt;init&gt;(Commands.java:5)
	at io.michaelcane.Calculator.&lt;init&gt;(Calculator.java:6)
	at io.michaelcane.Commands.&lt;init&gt;(Commands.java:5)
	at io.michaelcane.Calculator.&lt;init&gt;(Calculator.java:6)
	at io.michaelcane.Commands.&lt;init&gt;(Commands.java:5)
	at io.michaelcane.Calculator.&lt;init&gt;(Calculator.java:6)
	at io.michaelcane.Commands.&lt;init&gt;(Commands.java:5)
	at io.michaelcane.Calculator.&lt;init&gt;(Calculator.java:6)
	at io.michaelcane.Commands.&lt;init&gt;(Commands.java:5)
	at io.michaelcane.Calculator.&lt;init&gt;(Calculator.java:6)
	at io.michaelcane.Commands.&lt;init&gt;(Commands.java:5)
	at io.michaelcane.Calculator.&lt;init&gt;(Calculator.java:6)
	at io.michaelcane.Commands.&lt;init&gt;(Commands.java:5)
	at io.michaelcane.Calculator.&lt;init&gt;(Calculator.java:6)
	at io.michaelcane.Commands.&lt;init&gt;(Commands.java:5)
	at io.michaelcane.Calculator.&lt;init&gt;(Calculator.java:6)
	at io.michaelcane.Commands.&lt;init&gt;(Commands.java:5)
	at io.michaelcane.Calculator.&lt;init&gt;(Calculator.java:6)
	at io.michaelcane.Commands.&lt;init&gt;(Commands.java:5)
	at io.michaelcane.Calculator.&lt;init&gt;(Calculator.java:6)
	at io.michaelcane.Commands.&lt;init&gt;(Commands.java:5)
	at io.michaelcane.Calculator.&lt;init&gt;(Calculator.java:6)
	at io.michaelcane.Commands.&lt;init&gt;(Commands.java:5)
	at io.michaelcane.Calculator.&lt;init&gt;(Calculator.java:6)
	at io.michaelcane.Commands.&lt;init&gt;(Commands.java:5)
	at io.michaelcane.Calculator.&lt;init&gt;(Calculator.java:6)
	at io.michaelcane.Commands.&lt;init&gt;(Commands.java:5)
	at io.michaelcane.Calculator.&lt;init&gt;(Calculator.java:6)
	at io.michaelcane.Commands.&lt;init&gt;(Commands.java:5)
	at io.michaelcane.Calculator.&lt;init&gt;(Calculator.java:6)
	at io.michaelcane.Commands.&lt;init&gt;(Commands.java:5)
	at io.michaelcane.Calculator.&lt;init&gt;(Calculator.java:6)
	at io.michaelcane.Commands.&lt;init&gt;(Commands.java:5)
	at io.michaelcane.Calculator.&lt;init&gt;(Calculator.java:6)
	at io.michaelcane.Commands.&lt;init&gt;(Commands.java:5)
	at io.michaelcane.Calculator.&lt;init&gt;(Calculator.java:6)
	at io.michaelcane.Commands.&lt;init&gt;(Commands.java:5)
	at io.michaelcane.Calculator.&lt;init&gt;(Calculator.java:6)
	at io.michaelcane.Commands.&lt;init&gt;(Commands.java:5)
	at io.michaelcane.Calculator.&lt;init&gt;(Calculator.java:6)
	at io.michaelcane.Commands.&lt;init&gt;(Commands.java:5)
	at io.michaelcane.Calculator.&lt;init&gt;(Calculator.java:6)
	at io.michaelcane.Commands.&lt;init&gt;(Commands.java:5)
	at io.michaelcane.Calculator.&lt;init&gt;(Calculator.java:6)
	at io.michaelcane.Commands.&lt;init&gt;(Commands.java:5)
	at io.michaelcane.Calculator.&lt;init&gt;(Calculator.java:6)
	at io.michaelcane.Commands.&lt;init&gt;(Commands.java:5)
	at io.michaelcane.Calculator.&lt;init&gt;(Calculator.java:6)
	at io.michaelcane.Commands.&lt;init&gt;(Commands.java:5)
	at io.michaelcane.Calculator.&lt;init&gt;(Calculator.java:6)
	at io.michaelcane.Commands.&lt;init&gt;(Commands.java:5)
	at io.michaelcane.Calculator.&lt;init&gt;(Calculator.java:6)
	at io.michaelcane.Commands.&lt;init&gt;(Commands.java:5)
	at io.michaelcane.Calculator.&lt;init&gt;(Calculator.java:6)
	at io.michaelcane.Commands.&lt;init&gt;(Commands.java:5)
	at io.michaelcane.Calculator.&lt;init&gt;(Calculator.java:6)
	at io.michaelcane.Commands.&lt;init&gt;(Commands.java:5)
	at io.michaelcane.Calculator.&lt;init&gt;(Calculator.java:6)
	at io.michaelcane.Commands.&lt;init&gt;(Commands.java:5)
	at io.michaelcane.Calculator.&lt;init&gt;(Calculator.java:6)
	at io.michaelcane.Commands.&lt;init&gt;(Commands.java:5)
	at io.michaelcane.Calculator.&lt;init&gt;(Calculator.java:6)
	at io.michaelcane.Commands.&lt;init&gt;(Commands.java:5)
	at io.michaelcane.Calculator.&lt;init&gt;(Calculator.java:6)
	at io.michaelcane.Commands.&lt;init&gt;(Commands.java:5)
	at io.michaelcane.Calculator.&lt;init&gt;(Calculator.java:6)
	at io.michaelcane.Commands.&lt;init&gt;(Commands.java:5)
	at io.michaelcane.Calculator.&lt;init&gt;(Calculator.java:6)
	at io.michaelcane.Commands.&lt;init&gt;(Commands.java:5)
	at io.michaelcane.Calculator.&lt;init&gt;(Calculator.java:6)
	at io.michaelcane.Commands.&lt;init&gt;(Commands.java:5)
	at io.michaelcane.Calculator.&lt;init&gt;(Calculator.java:6)
	at io.michaelcane.Commands.&lt;init&gt;(Commands.java:5)
	at io.michaelcane.Calculator.&lt;init&gt;(Calculator.java:6)
	at io.michaelcane.Commands.&lt;init&gt;(Commands.java:5)
	at io.michaelcane.Calculator.&lt;init&gt;(Calculator.java:6)
	at io.michaelcane.Commands.&lt;init&gt;(Commands.java:5)
	at io.michaelcane.Calculator.&lt;init&gt;(Calculator.java:6)
	at io.michaelcane.Commands.&lt;init&gt;(Commands.java:5)
	at io.michaelcane.Calculator.&lt;init&gt;(Calculator.java:6)
	at io.michaelcane.Commands.&lt;init&gt;(Commands.java:5)
	at io.michaelcane.Calculator.&lt;init&gt;(Calculator.java:6)
	at io.michaelcane.Commands.&lt;init&gt;(Commands.java:5)
	at io.michaelcane.Calculator.&lt;init&gt;(Calculator.java:6)
	at io.michaelcane.Commands.&lt;init&gt;(Commands.java:5)
	at io.michaelcane.Calculator.&lt;init&gt;(Calculator.java:6)
	at io.michaelcane.Commands.&lt;init&gt;(Commands.java:5)
	at io.michaelcane.Calculator.&lt;init&gt;(Calculator.java:6)
	at io.michaelcane.Commands.&lt;init&gt;(Commands.java:5)
	at io.michaelcane.Calculator.&lt;init&gt;(Calculator.java:6)
	at io.michaelcane.Commands.&lt;init&gt;(Commands.java:5)
	at io.michaelcane.Calculator.&lt;init&gt;(Calculator.java:6)
	at io.michaelcane.Commands.&lt;init&gt;(Commands.java:5)
	at io.michaelcane.Calculator.&lt;init&gt;(Calculator.java:6)
	at io.michaelcane.Commands.&lt;init&gt;(Commands.java:5)
	at io.michaelcane.Calculator.&lt;init&gt;(Calculator.java:6)
	at io.michaelcane.Commands.&lt;init&gt;(Commands.java:5)
	at io.michaelcane.Calculator.&lt;init&gt;(Calculator.java:6)
	at io.michaelcane.Commands.&lt;init&gt;(Commands.java:5)
	at io.michaelcane.Calculator.&lt;init&gt;(Calculator.java:6)
	at io.michaelcane.Commands.&lt;init&gt;(Commands.java:5)
	at io.michaelcane.Calculator.&lt;init&gt;(Calculator.java:6)
	at io.michaelcane.Commands.&lt;init&gt;(Commands.java:5)
	at io.michaelcane.Calculator.&lt;init&gt;(Calculator.java:6)
	at io.michaelcane.Commands.&lt;init&gt;(Commands.java:5)
	at io.michaelcane.Calculator.&lt;init&gt;(Calculator.java:6)
	at io.michaelcane.Commands.&lt;init&gt;(Commands.java:5)
	at io.michaelcane.Calculator.&lt;init&gt;(Calculator.java:6)
	at io.michaelcane.Commands.&lt;init&gt;(Commands.java:5)
	at io.michaelcane.Calculator.&lt;init&gt;(Calculator.java:6)
	at io.michaelcane.Commands.&lt;init&gt;(Commands.java:5)
	at io.michaelcane.Calculator.&lt;init&gt;(Calculator.java:6)
	at io.michaelcane.Commands.&lt;init&gt;(Commands.java:5)
	at io.michaelcane.Calculator.&lt;init&gt;(Calculator.java:6)
	at io.michaelcane.Commands.&lt;init&gt;(Commands.java:5)
	at io.michaelcane.Calculator.&lt;init&gt;(Calculator.java:6)
	at io.michaelcane.Commands.&lt;init&gt;(Commands.java:5)
	at io.michaelcane.Calculator.&lt;init&gt;(Calculator.java:6)
	at io.michaelcane.Commands.&lt;init&gt;(Commands.java:5)
	at io.michaelcane.Calculator.&lt;init&gt;(Calculator.java:6)
	at io.michaelcane.Commands.&lt;init&gt;(Commands.java:5)
	at io.michaelcane.Calculator.&lt;init&gt;(Calculator.java:6)
	at io.michaelcane.Commands.&lt;init&gt;(Commands.java:5)
	at io.michaelcane.Calculator.&lt;init&gt;(Calculator.java:6)
	at io.michaelcane.Commands.&lt;init&gt;(Commands.java:5)
	at io.michaelcane.Calculator.&lt;init&gt;(Calculator.java:6)
	at io.michaelcane.Commands.&lt;init&gt;(Commands.java:5)
	at io.michaelcane.Calculator.&lt;init&gt;(Calculator.java:6)
	at io.michaelcane.Commands.&lt;init&gt;(Commands.java:5)
	at io.michaelcane.Calculator.&lt;init&gt;(Calculator.java:6)
	at io.michaelcane.Commands.&lt;init&gt;(Commands.java:5)
	at io.michaelcane.Calculator.&lt;init&gt;(Calculator.java:6)
	at io.michaelcane.Commands.&lt;init&gt;(Commands.java:5)
	at io.michaelcane.Calculator.&lt;init&gt;(Calculator.java:6)
	at io.michaelcane.Commands.&lt;init&gt;(Commands.java:5)
	at io.michaelcane.Calculator.&lt;init&gt;(Calculator.java:6)
	at io.michaelcane.Commands.&lt;init&gt;(Commands.java:5)
	at io.michaelcane.Calculator.&lt;init&gt;(Calculator.java:6)
	at io.michaelcane.Commands.&lt;init&gt;(Commands.java:5)
	at io.michaelcane.Calculator.&lt;init&gt;(Calculator.java:6)
	at io.michaelcane.Commands.&lt;init&gt;(Commands.java:5)
	at io.michaelcane.Calculator.&lt;init&gt;(Calculator.java:6)
	at io.michaelcane.Commands.&lt;init&gt;(Commands.java:5)
	at io.michaelcane.Calculator.&lt;init&gt;(Calculator.java:6)
	at io.michaelcane.Commands.&lt;init&gt;(Commands.java:5)
	at io.michaelcane.Calculator.&lt;init&gt;(Calculator.java:6)
	at io.michaelcane.Commands.&lt;init&gt;(Commands.java:5)
	at io.michaelcane.Calculator.&lt;init&gt;(Calculator.java:6)
	at io.michaelcane.Commands.&lt;init&gt;(Commands.java:5)
	at io.michaelcane.Calculator.&lt;init&gt;(Calculator.java:6)
	at io.michaelcane.Commands.&lt;init&gt;(Commands.java:5)
	at io.michaelcane.Calculator.&lt;init&gt;(Calculator.java:6)
	at io.michaelcane.Commands.&lt;init&gt;(Commands.java:5)
	at io.michaelcane.Calculator.&lt;init&gt;(Calculator.java:6)
	at io.michaelcane.Commands.&lt;init&gt;(Commands.java:5)
	at io.michaelcane.Calculator.&lt;init&gt;(Calculator.java:6)
	at io.michaelcane.Commands.&lt;init&gt;(Commands.java:5)
	at io.michaelcane.Calculator.&lt;init&gt;(Calculator.java:6)
	at io.michaelcane.Commands.&lt;init&gt;(Commands.java:5)
	at io.michaelcane.Calculator.&lt;init&gt;(Calculator.java:6)
	at io.michaelcane.Commands.&lt;init&gt;(Commands.java:5)
	at io.michaelcane.Calculator.&lt;init&gt;(Calculator.java:6)
	at io.michaelcane.Commands.&lt;init&gt;(Commands.java:5)
	at io.michaelcane.Calculator.&lt;init&gt;(Calculator.java:6)
	at io.michaelcane.Commands.&lt;init&gt;(Commands.java:5)
	at io.michaelcane.Calculator.&lt;init&gt;(Calculator.java:6)
	at io.michaelcane.Commands.&lt;init&gt;(Commands.java:5)
	at io.michaelcane.Calculator.&lt;init&gt;(Calculator.java:6)
	at io.michaelcane.Commands.&lt;init&gt;(Commands.java:5)
	at io.michaelcane.Calculator.&lt;init&gt;(Calculator.java:6)
	at io.michaelcane.Commands.&lt;init&gt;(Commands.java:5)
	at io.michaelcane.Calculator.&lt;init&gt;(Calculator.java:6)
	at io.michaelcane.Commands.&lt;init&gt;(Commands.java:5)
	at io.michaelcane.Calculator.&lt;init&gt;(Calculator.java:6)
	at io.michaelcane.Commands.&lt;init&gt;(Commands.java:5)
	at io.michaelcane.Calculator.&lt;init&gt;(Calculator.java:6)
	at io.michaelcane.Commands.&lt;init&gt;(Commands.java:5)
	at io.michaelcane.Calculator.&lt;init&gt;(Calculator.java:6)
	at io.michaelcane.Commands.&lt;init&gt;(Commands.java:5)
	at io.michaelcane.Calculator.&lt;init&gt;(Calculator.java:6)
	at io.michaelcane.Commands.&lt;init&gt;(Commands.java:5)
	at io.michaelcane.Calculator.&lt;init&gt;(Calculator.java:6)
	at io.michaelcane.Commands.&lt;init&gt;(Commands.java:5)
	at io.michaelcane.Calculator.&lt;init&gt;(Calculator.java:6)
	at io.michaelcane.Commands.&lt;init&gt;(Commands.java:5)
	at io.michaelcane.Calculator.&lt;init&gt;(Calculator.java:6)
	at io.michaelcane.Commands.&lt;init&gt;(Commands.java:5)
	at io.michaelcane.Calculator.&lt;init&gt;(Calculator.java:6)
	at io.michaelcane.Commands.&lt;init&gt;(Commands.java:5)
	at io.michaelcane.Calculator.&lt;init&gt;(Calculator.java:6)
	at io.michaelcane.Commands.&lt;init&gt;(Commands.java:5)
	at io.michaelcane.Calculator.&lt;init&gt;(Calculator.java:6)
	at io.michaelcane.Commands.&lt;init&gt;(Commands.java:5)
	at io.michaelcane.Calculator.&lt;init&gt;(Calculator.java:6)
	at io.michaelcane.Commands.&lt;init&gt;(Commands.java:5)
	at io.michaelcane.Calculator.&lt;init&gt;(Calculator.java:6)
	at io.michaelcane.Commands.&lt;init&gt;(Commands.java:5)
	at io.michaelcane.Calculator.&lt;init&gt;(Calculator.java:6)
	at io.michaelcane.Commands.&lt;init&gt;(Commands.java:5)
	at io.michaelcane.Calculator.&lt;init&gt;(Calculator.java:6)
	at io.michaelcane.Commands.&lt;init&gt;(Commands.java:5)
	at io.michaelcane.Calculator.&lt;init&gt;(Calculator.java:6)
	at io.michaelcane.Commands.&lt;init&gt;(Commands.java:5)
	at io.michaelcane.Calculator.&lt;init&gt;(Calculator.java:6)
	at io.michaelcane.Commands.&lt;init&gt;(Commands.java:5)
	at io.michaelcane.Calculator.&lt;init&gt;(Calculator.java:6)
	at io.michaelcane.Commands.&lt;init&gt;(Commands.java:5)
	at io.michaelcane.Calculator.&lt;init&gt;(Calculator.java:6)
	at io.michaelcane.Commands.&lt;init&gt;(Commands.java:5)
	at io.michaelcane.Calculator.&lt;init&gt;(Calculator.java:6)
	at io.michaelcane.Commands.&lt;init&gt;(Commands.java:5)
	at io.michaelcane.Calculator.&lt;init&gt;(Calculator.java:6)
	at io.michaelcane.Commands.&lt;init&gt;(Commands.java:5)
	at io.michaelcane.Calculator.&lt;init&gt;(Calculator.java:6)
	at io.michaelcane.Commands.&lt;init&gt;(Commands.java:5)
	at io.michaelcane.Calculator.&lt;init&gt;(Calculator.java:6)
	at io.michaelcane.Commands.&lt;init&gt;(Commands.java:5)
	at io.michaelcane.Calculator.&lt;init&gt;(Calculator.java:6)
	at io.michaelcane.Commands.&lt;init&gt;(Commands.java:5)
	at io.michaelcane.Calculator.&lt;init&gt;(Calculator.java:6)
	at io.michaelcane.Commands.&lt;init&gt;(Commands.java:5)
	at io.michaelcane.Calculator.&lt;init&gt;(Calculator.java:6)
	at io.michaelcane.Commands.&lt;init&gt;(Commands.java:5)
	at io.michaelcane.Calculator.&lt;init&gt;(Calculator.java:6)
	at io.michaelcane.Commands.&lt;init&gt;(Commands.java:5)
	at io.michaelcane.Calculator.&lt;init&gt;(Calculator.java:6)
	at io.michaelcane.Commands.&lt;init&gt;(Commands.java:5)
	at io.michaelcane.Calculator.&lt;init&gt;(Calculator.java:6)
	at io.michaelcane.Commands.&lt;init&gt;(Commands.java:5)
	at io.michaelcane.Calculator.&lt;init&gt;(Calculator.java:6)
	at io.michaelcane.Commands.&lt;init&gt;(Commands.java:5)
	at io.michaelcane.Calculator.&lt;init&gt;(Calculator.java:6)
	at io.michaelcane.Commands.&lt;init&gt;(Commands.java:5)
	at io.michaelcane.Calculator.&lt;init&gt;(Calculator.java:6)
	at io.michaelcane.Commands.&lt;init&gt;(Commands.java:5)
	at io.michaelcane.Calculator.&lt;init&gt;(Calculator.java:6)
	at io.michaelcane.Commands.&lt;init&gt;(Commands.java:5)
	at io.michaelcane.Calculator.&lt;init&gt;(Calculator.java:6)
	at io.michaelcane.Commands.&lt;init&gt;(Commands.java:5)
	at io.michaelcane.Calculator.&lt;init&gt;(Calculator.java:6)
	at io.michaelcane.Commands.&lt;init&gt;(Commands.java:5)
	at io.michaelcane.Calculator.&lt;init&gt;(Calculator.java:6)
	at io.michaelcane.Commands.&lt;init&gt;(Commands.java:5)
	at io.michaelcane.Calculator.&lt;init&gt;(Calculator.java:6)
	at io.michaelcane.Commands.&lt;init&gt;(Commands.java:5)
	at io.michaelcane.Calculator.&lt;init&gt;(Calculator.java:6)
	at io.michaelcane.Commands.&lt;init&gt;(Commands.java:5)
	at io.michaelcane.Calculator.&lt;init&gt;(Calculator.java:6)
	at io.michaelcane.Commands.&lt;init&gt;(Commands.java:5)
	at io.michaelcane.Calculator.&lt;init&gt;(Calculator.java:6)
	at io.michaelcane.Commands.&lt;init&gt;(Commands.java:5)
	at io.michaelcane.Calculator.&lt;init&gt;(Calculator.java:6)
	at io.michaelcane.Commands.&lt;init&gt;(Commands.java:5)
	at io.michaelcane.Calculator.&lt;init&gt;(Calculator.java:6)
	at io.michaelcane.Commands.&lt;init&gt;(Commands.java:5)
	at io.michaelcane.Calculator.&lt;init&gt;(Calculator.java:6)
	at io.michaelcane.Commands.&lt;init&gt;(Commands.java:5)
	at io.michaelcane.Calculator.&lt;init&gt;(Calculator.java:6)
	at io.michaelcane.Commands.&lt;init&gt;(Commands.java:5)
	at io.michaelcane.Calculator.&lt;init&gt;(Calculator.java:6)
	at io.michaelcane.Commands.&lt;init&gt;(Commands.java:5)
	at io.michaelcane.Calculator.&lt;init&gt;(Calculator.java:6)
	at io.michaelcane.Commands.&lt;init&gt;(Commands.java:5)
	at io.michaelcane.Calculator.&lt;init&gt;(Calculator.java:6)
	at io.michaelcane.Commands.&lt;init&gt;(Commands.java:5)
	at io.michaelcane.Calculator.&lt;init&gt;(Calculator.java:6)
	at io.michaelcane.Commands.&lt;init&gt;(Commands.java:5)
	at io.michaelcane.Calculator.&lt;init&gt;(Calculator.java:6)
	at io.michaelcane.Commands.&lt;init&gt;(Commands.java:5)
	at io.michaelcane.Calculator.&lt;init&gt;(Calculator.java:6)
	at io.michaelcane.Commands.&lt;init&gt;(Commands.java:5)
	at io.michaelcane.Calculator.&lt;init&gt;(Calculator.java:6)
	at io.michaelcane.Commands.&lt;init&gt;(Commands.java:5)
	at io.michaelcane.Calculator.&lt;init&gt;(Calculator.java:6)
	at io.michaelcane.Commands.&lt;init&gt;(Commands.java:5)
	at io.michaelcane.Calculator.&lt;init&gt;(Calculator.java:6)
	at io.michaelcane.Commands.&lt;init&gt;(Commands.java:5)
	at io.michaelcane.Calculator.&lt;init&gt;(Calculator.java:6)
	at io.michaelcane.Commands.&lt;init&gt;(Commands.java:5)
	at io.michaelcane.Calculator.&lt;init&gt;(Calculator.java:6)
	at io.michaelcane.Commands.&lt;init&gt;(Commands.java:5)
	at io.michaelcane.Calculator.&lt;init&gt;(Calculator.java:6)
	at io.michaelcane.Commands.&lt;init&gt;(Commands.java:5)
	at io.michaelcane.Calculator.&lt;init&gt;(Calculator.java:6)
	at io.michaelcane.Commands.&lt;init&gt;(Commands.java:5)
	at io.michaelcane.Calculator.&lt;init&gt;(Calculator.java:6)
	at io.michaelcane.Commands.&lt;init&gt;(Commands.java:5)
	at io.michaelcane.Calculator.&lt;init&gt;(Calculator.java:6)
	at io.michaelcane.Commands.&lt;init&gt;(Commands.java:5)
	at io.michaelcane.Calculator.&lt;init&gt;(Calculator.java:6)
	at io.michaelcane.Commands.&lt;init&gt;(Commands.java:5)
	at io.michaelcane.Calculator.&lt;init&gt;(Calculator.java:6)
	at io.michaelcane.Commands.&lt;init&gt;(Commands.java:5)
	at io.michaelcane.Calculator.&lt;init&gt;(Calculator.java:6)
	at io.michaelcane.Commands.&lt;init&gt;(Commands.java:5)
	at io.michaelcane.Calculator.&lt;init&gt;(Calculator.java:6)
	at io.michaelcane.Commands.&lt;init&gt;(Commands.java:5)
	at io.michaelcane.Calculator.&lt;init&gt;(Calculator.java:6)
	at io.michaelcane.Commands.&lt;init&gt;(Commands.java:5)
	at io.michaelcane.Calculator.&lt;init&gt;(Calculator.java:6)
	at io.michaelcane.Commands.&lt;init&gt;(Commands.java:5)
	at io.michaelcane.Calculator.&lt;init&gt;(Calculator.java:6)
	at io.michaelcane.Commands.&lt;init&gt;(Commands.java:5)
	at io.michaelcane.Calculator.&lt;init&gt;(Calculator.java:6)
	at io.michaelcane.Commands.&lt;init&gt;(Commands.java:5)
	at io.michaelcane.Calculator.&lt;init&gt;(Calculator.java:6)
	at io.michaelcane.Commands.&lt;init&gt;(Commands.java:5)
	at io.michaelcane.Calculator.&lt;init&gt;(Calculator.java:6)
	at io.michaelcane.Commands.&lt;init&gt;(Commands.java:5)
	at io.michaelcane.Calculator.&lt;init&gt;(Calculator.java:6)
	at io.michaelcane.Commands.&lt;init&gt;(Commands.java:5)
	at io.michaelcane.Calculator.&lt;init&gt;(Calculator.java:6)
	at io.michaelcane.Commands.&lt;init&gt;(Commands.java:5)
	at io.michaelcane.Calculator.&lt;init&gt;(Calculator.java:6)
	at io.michaelcane.Commands.&lt;init&gt;(Commands.java:5)
	at io.michaelcane.Calculator.&lt;init&gt;(Calculator.java:6)
	at io.michaelcane.Commands.&lt;init&gt;(Commands.java:5)
	at io.michaelcane.Calculator.&lt;init&gt;(Calculator.java:6)
	at io.michaelcane.Commands.&lt;init&gt;(Commands.java:5)
	at io.michaelcane.Calculator.&lt;init&gt;(Calculator.java:6)
	at io.michaelcane.Commands.&lt;init&gt;(Commands.java:5)
	at io.michaelcane.Calculator.&lt;init&gt;(Calculator.java:6)
	at io.michaelcane.Commands.&lt;init&gt;(Commands.java:5)
	at io.michaelcane.Calculator.&lt;init&gt;(Calculator.java:6)
	at io.michaelcane.Commands.&lt;init&gt;(Commands.java:5)
	at io.michaelcane.Calculator.&lt;init&gt;(Calculator.java:6)
	at io.michaelcane.Commands.&lt;init&gt;(Commands.java:5)
	at io.michaelcane.Calculator.&lt;init&gt;(Calculator.java:6)
	at io.michaelcane.Commands.&lt;init&gt;(Commands.java:5)
	at io.michaelcane.Calculator.&lt;init&gt;(Calculator.java:6)
	at io.michaelcane.Commands.&lt;init&gt;(Commands.java:5)
	at io.michaelcane.Calculator.&lt;init&gt;(Calculator.java:6)
	at io.michaelcane.Commands.&lt;init&gt;(Commands.java:5)
	at io.michaelcane.Calculator.&lt;init&gt;(Calculator.java:6)
	at io.michaelcane.Commands.&lt;init&gt;(Commands.java:5)
	at io.michaelcane.Calculator.&lt;init&gt;(Calculator.java:6)
	at io.michaelcane.Commands.&lt;init&gt;(Commands.java:5)
	at io.michaelcane.Calculator.&lt;init&gt;(Calculator.java:6)
	at io.michaelcane.Commands.&lt;init&gt;(Commands.java:5)
	at io.michaelcane.Calculator.&lt;init&gt;(Calculator.java:6)
	at io.michaelcane.Commands.&lt;init&gt;(Commands.java:5)
	at io.michaelcane.Calculator.&lt;init&gt;(Calculator.java:6)
	at io.michaelcane.Commands.&lt;init&gt;(Commands.java:5)
	at io.michaelcane.Calculator.&lt;init&gt;(Calculator.java:6)
	at io.michaelcane.Commands.&lt;init&gt;(Commands.java:5)
	at io.michaelcane.Calculator.&lt;init&gt;(Calculator.java:6)
	at io.michaelcane.Commands.&lt;init&gt;(Commands.java:5)
	at io.michaelcane.Calculator.&lt;init&gt;(Calculator.java:6)
	at io.michaelcane.Commands.&lt;init&gt;(Commands.java:5)
	at io.michaelcane.Calculator.&lt;init&gt;(Calculator.java:6)
	at io.michaelcane.Commands.&lt;init&gt;(Commands.java:5)
	at io.michaelcane.Calculator.&lt;init&gt;(Calculator.java:6)
	at io.michaelcane.Commands.&lt;init&gt;(Commands.java:5)
	at io.michaelcane.Calculator.&lt;init&gt;(Calculator.java:6)
	at io.michaelcane.Commands.&lt;init&gt;(Commands.java:5)
	at io.michaelcane.Calculator.&lt;init&gt;(Calculator.java:6)
	at io.michaelcane.Commands.&lt;init&gt;(Commands.java:5)
	at io.michaelcane.Calculator.&lt;init&gt;(Calculator.java:6)
	at io.michaelcane.Commands.&lt;init&gt;(Commands.java:5)
	at io.michaelcane.Calculator.&lt;init&gt;(Calculator.java:6)
	at io.michaelcane.Commands.&lt;init&gt;(Commands.java:5)
	at io.michaelcane.Calculator.&lt;init&gt;(Calculator.java:6)
	at io.michaelcane.Commands.&lt;init&gt;(Commands.java:5)
	at io.michaelcane.Calculator.&lt;init&gt;(Calculator.java:6)
	at io.michaelcane.Commands.&lt;init&gt;(Commands.java:5)
	at io.michaelcane.Calculator.&lt;init&gt;(Calculator.java:6)
	at io.michaelcane.Commands.&lt;init&gt;(Commands.java:5)
	at io.michaelcane.Calculator.&lt;init&gt;(Calculator.java:6)
	at io.michaelcane.Commands.&lt;init&gt;(Commands.java:5)
	at io.michaelcane.Calculator.&lt;init&gt;(Calculator.java:6)
	at io.michaelcane.Commands.&lt;init&gt;(Commands.java:5)
	at io.michaelcane.Calculator.&lt;init&gt;(Calculator.java:6)
	at io.michaelcane.Commands.&lt;init&gt;(Commands.java:5)
	at io.michaelcane.Calculator.&lt;init&gt;(Calculator.java:6)
	at io.michaelcane.Commands.&lt;init&gt;(Commands.java:5)
	at io.michaelcane.Calculator.&lt;init&gt;(Calculator.java:6)
	at io.michaelcane.Commands.&lt;init&gt;(Commands.java:5)
	at io.michaelcane.Calculator.&lt;init&gt;(Calculator.java:6)
	at io.michaelcane.Commands.&lt;init&gt;(Commands.java:5)
	at io.michaelcane.Calculator.&lt;init&gt;(Calculator.java:6)
	at io.michaelcane.Commands.&lt;init&gt;(Commands.java:5)
	at io.michaelcane.Calculator.&lt;init&gt;(Calculator.java:6)
	at io.michaelcane.Commands.&lt;init&gt;(Commands.java:5)
	at io.michaelcane.Calculator.&lt;init&gt;(Calculator.java:6)
	at io.michaelcane.Commands.&lt;init&gt;(Commands.java:5)
	at io.michaelcane.Calculator.&lt;init&gt;(Calculator.java:6)
	at io.michaelcane.Commands.&lt;init&gt;(Commands.java:5)
	at io.michaelcane.Calculator.&lt;init&gt;(Calculator.java:6)
	at io.michaelcane.Commands.&lt;init&gt;(Commands.java:5)
	at io.michaelcane.Calculator.&lt;init&gt;(Calculator.java:6)
	at io.michaelcane.Commands.&lt;init&gt;(Commands.java:5)
	at io.michaelcane.Calculator.&lt;init&gt;(Calculator.java:6)
	at io.michaelcane.Commands.&lt;init&gt;(Commands.java:5)
	at io.michaelcane.Calculator.&lt;init&gt;(Calculator.java:6)
	at io.michaelcane.Commands.&lt;init&gt;(Commands.java:5)
	at io.michaelcane.Calculator.&lt;init&gt;(Calculator.java:6)
	at io.michaelcane.Commands.&lt;init&gt;(Commands.java:5)
	at io.michaelcane.Calculator.&lt;init&gt;(Calculator.java:6)
	at io.michaelcane.Commands.&lt;init&gt;(Commands.java:5)
	at io.michaelcane.Calculator.&lt;init&gt;(Calculator.java:6)
	at io.michaelcane.Commands.&lt;init&gt;(Commands.java:5)
	at io.michaelcane.Calculator.&lt;init&gt;(Calculator.java:6)
	at io.michaelcane.Commands.&lt;init&gt;(Commands.java:5)
	at io.michaelcane.Calculator.&lt;init&gt;(Calculator.java:6)
	at io.michaelcane.Commands.&lt;init&gt;(Commands.java:5)
	at io.michaelcane.Calculator.&lt;init&gt;(Calculator.java:6)
	at io.michaelcane.Commands.&lt;init&gt;(Commands.java:5)
	at io.michaelcane.Calculator.&lt;init&gt;(Calculator.java:6)
	at io.michaelcane.Commands.&lt;init&gt;(Commands.java:5)
	at io.michaelcane.Calculator.&lt;init&gt;(Calculator.java:6)
	at io.michaelcane.Commands.&lt;init&gt;(Commands.java:5)
	at io.michaelcane.Calculator.&lt;init&gt;(Calculator.java:6)
	at io.michaelcane.Commands.&lt;init&gt;(Commands.java:5)
	at io.michaelcane.Calculator.&lt;init&gt;(Calculator.java:6)
	at io.michaelcane.Commands.&lt;init&gt;(Commands.java:5)
	at io.michaelcane.Calculator.&lt;init&gt;(Calculator.java:6)
	at io.michaelcane.Commands.&lt;init&gt;(Commands.java:5)
	at io.michaelcane.Calculator.&lt;init&gt;(Calculator.java:6)
	at io.michaelcane.Commands.&lt;init&gt;(Commands.java:5)
	at io.michaelcane.Calculator.&lt;init&gt;(Calculator.java:6)
	at io.michaelcane.Commands.&lt;init&gt;(Commands.java:5)
	at io.michaelcane.Calculator.&lt;init&gt;(Calculator.java:6)
	at io.michaelcane.Commands.&lt;init&gt;(Commands.java:5)
	at io.michaelcane.Calculator.&lt;init&gt;(Calculator.java:6)
	at io.michaelcane.Commands.&lt;init&gt;(Commands.java:5)
	at io.michaelcane.Calculator.&lt;init&gt;(Calculator.java:6)
	at io.michaelcane.Commands.&lt;init&gt;(Commands.java:5)
	at io.michaelcane.Calculator.&lt;init&gt;(Calculator.java:6)
	at io.michaelcane.Commands.&lt;init&gt;(Commands.java:5)
	at io.michaelcane.Calculator.&lt;init&gt;(Calculator.java:6)
	at io.michaelcane.Commands.&lt;init&gt;(Commands.java:5)
	at io.michaelcane.Calculator.&lt;init&gt;(Calculator.java:6)
	at io.michaelcane.Commands.&lt;init&gt;(Commands.java:5)
	at io.michaelcane.Calculator.&lt;init&gt;(Calculator.java:6)
	at io.michaelcane.Commands.&lt;init&gt;(Commands.java:5)
	at io.michaelcane.Calculator.&lt;init&gt;(Calculator.java:6)
	at io.michaelcane.Commands.&lt;init&gt;(Commands.java:5)
	at io.michaelcane.Calculator.&lt;init&gt;(Calculator.java:6)
	at io.michaelcane.Commands.&lt;init&gt;(Commands.java:5)
	at io.michaelcane.Calculator.&lt;init&gt;(Calculator.java:6)
	at io.michaelcane.Commands.&lt;init&gt;(Commands.java:5)
	at io.michaelcane.Calculator.&lt;init&gt;(Calculator.java:6)
	at io.michaelcane.Commands.&lt;init&gt;(Commands.java:5)
	at io.michaelcane.Calculator.&lt;init&gt;(Calculator.java:6)
	at io.michaelcane.Commands.&lt;init&gt;(Commands.java:5)
	at io.michaelcane.Calculator.&lt;init&gt;(Calculator.java:6)
	at io.michaelcane.Commands.&lt;init&gt;(Commands.java:5)
	at io.michaelcane.Calculator.&lt;init&gt;(Calculator.java:6)
	at io.michaelcane.Commands.&lt;init&gt;(Commands.java:5)
	at io.michaelcane.Calculator.&lt;init&gt;(Calculator.java:6)
	at io.michaelcane.Commands.&lt;init&gt;(Commands.java:5)
	at io.michaelcane.Calculator.&lt;init&gt;(Calculator.java:6)
	at io.michaelcane.Commands.&lt;init&gt;(Commands.java:5)
	at io.michaelcane.Calculator.&lt;init&gt;(Calculator.java:6)
	at io.michaelcane.Commands.&lt;init&gt;(Commands.java:5)
	at io.michaelcane.Calculator.&lt;init&gt;(Calculator.java:6)
	at io.michaelcane.Commands.&lt;init&gt;(Commands.java:5)
	at io.michaelcane.Calculator.&lt;init&gt;(Calculator.java:6)
	at io.michaelcane.Commands.&lt;init&gt;(Commands.java:5)
	at io.michaelcane.Calculator.&lt;init&gt;(Calculator.java:6)
	at io.michaelcane.Commands.&lt;init&gt;(Commands.java:5)
	at io.michaelcane.Calculator.&lt;init&gt;(Calculator.java:6)
	at io.michaelcane.Commands.&lt;init&gt;(Commands.java:5)
	at io.michaelcane.Calculator.&lt;init&gt;(Calculator.java:6)
	at io.michaelcane.Commands.&lt;init&gt;(Commands.java:5)
	at io.michaelcane.Calculator.&lt;init&gt;(Calculator.java:6)
	at io.michaelcane.Commands.&lt;init&gt;(Commands.java:5)
	at io.michaelcane.Calculator.&lt;init&gt;(Calculator.java:6)
	at io.michaelcane.Commands.&lt;init&gt;(Commands.java:5)
	at io.michaelcane.Calculator.&lt;init&gt;(Calculator.java:6)
	at io.michaelcane.Commands.&lt;init&gt;(Commands.java:5)
	at io.michaelcane.Calculator.&lt;init&gt;(Calculator.java:6)
	at io.michaelcane.Commands.&lt;init&gt;(Commands.java:5)
	at io.michaelcane.Calculator.&lt;init&gt;(Calculator.java:6)
	at io.michaelcane.Commands.&lt;init&gt;(Commands.java:5)
	at io.michaelcane.Calculator.&lt;init&gt;(Calculator.java:6)
	at io.michaelcane.Commands.&lt;init&gt;(Commands.java:5)
	at io.michaelcane.Calculator.&lt;init&gt;(Calculator.java:6)
	at io.michaelcane.Commands.&lt;init&gt;(Commands.java:5)
	at io.michaelcane.Calculator.&lt;init&gt;(Calculator.java:6)
	at io.michaelcane.Commands.&lt;init&gt;(Commands.java:5)
	at io.michaelcane.Calculator.&lt;init&gt;(Calculator.java:6)
	at io.michaelcane.Commands.&lt;init&gt;(Commands.java:5)
	at io.michaelcane.Calculator.&lt;init&gt;(Calculator.java:6)
	at io.michaelcane.Commands.&lt;init&gt;(Commands.java:5)
	at io.michaelcane.Calculator.&lt;init&gt;(Calculator.java:6)
	at io.michaelcane.Commands.&lt;init&gt;(Commands.java:5)
	at io.michaelcane.Calculator.&lt;init&gt;(Calculator.java:6)
	at io.michaelcane.Commands.&lt;init&gt;(Commands.java:5)
</error>
  </testcase>
  <testcase classname="io.michaelcane.CalculatorSpec" name="test$sum" time="0.009">
    <error type="java.lang.StackOverflowError">java.lang.StackOverflowError
	at io.michaelcane.Calculator.&lt;init&gt;(Calculator.java:6)
	at io.michaelcane.Commands.&lt;init&gt;(Commands.java:5)
	at io.michaelcane.Calculator.&lt;init&gt;(Calculator.java:6)
	at io.michaelcane.Commands.&lt;init&gt;(Commands.java:5)
	at io.michaelcane.Calculator.&lt;init&gt;(Calculator.java:6)
	at io.michaelcane.Commands.&lt;init&gt;(Commands.java:5)
	at io.michaelcane.Calculator.&lt;init&gt;(Calculator.java:6)
	at io.michaelcane.Commands.&lt;init&gt;(Commands.java:5)
	at io.michaelcane.Calculator.&lt;init&gt;(Calculator.java:6)
	at io.michaelcane.Commands.&lt;init&gt;(Commands.java:5)
	at io.michaelcane.Calculator.&lt;init&gt;(Calculator.java:6)
	at io.michaelcane.Commands.&lt;init&gt;(Commands.java:5)
	at io.michaelcane.Calculator.&lt;init&gt;(Calculator.java:6)
	at io.michaelcane.Commands.&lt;init&gt;(Commands.java:5)
	at io.michaelcane.Calculator.&lt;init&gt;(Calculator.java:6)
	at io.michaelcane.Commands.&lt;init&gt;(Commands.java:5)
	at io.michaelcane.Calculator.&lt;init&gt;(Calculator.java:6)
	at io.michaelcane.Commands.&lt;init&gt;(Commands.java:5)
	at io.michaelcane.Calculator.&lt;init&gt;(Calculator.java:6)
	at io.michaelcane.Commands.&lt;init&gt;(Commands.java:5)
	at io.michaelcane.Calculator.&lt;init&gt;(Calculator.java:6)
	at io.michaelcane.Commands.&lt;init&gt;(Commands.java:5)
	at io.michaelcane.Calculator.&lt;init&gt;(Calculator.java:6)
	at io.michaelcane.Commands.&lt;init&gt;(Commands.java:5)
	at io.michaelcane.Calculator.&lt;init&gt;(Calculator.java:6)
	at io.michaelcane.Commands.&lt;init&gt;(Commands.java:5)
	at io.michaelcane.Calculator.&lt;init&gt;(Calculator.java:6)
	at io.michaelcane.Commands.&lt;init&gt;(Commands.java:5)
	at io.michaelcane.Calculator.&lt;init&gt;(Calculator.java:6)
	at io.michaelcane.Commands.&lt;init&gt;(Commands.java:5)
	at io.michaelcane.Calculator.&lt;init&gt;(Calculator.java:6)
	at io.michaelcane.Commands.&lt;init&gt;(Commands.java:5)
	at io.michaelcane.Calculator.&lt;init&gt;(Calculator.java:6)
	at io.michaelcane.Commands.&lt;init&gt;(Commands.java:5)
	at io.michaelcane.Calculator.&lt;init&gt;(Calculator.java:6)
	at io.michaelcane.Commands.&lt;init&gt;(Commands.java:5)
	at io.michaelcane.Calculator.&lt;init&gt;(Calculator.java:6)
	at io.michaelcane.Commands.&lt;init&gt;(Commands.java:5)
	at io.michaelcane.Calculator.&lt;init&gt;(Calculator.java:6)
	at io.michaelcane.Commands.&lt;init&gt;(Commands.java:5)
	at io.michaelcane.Calculator.&lt;init&gt;(Calculator.java:6)
	at io.michaelcane.Commands.&lt;init&gt;(Commands.java:5)
	at io.michaelcane.Calculator.&lt;init&gt;(Calculator.java:6)
	at io.michaelcane.Commands.&lt;init&gt;(Commands.java:5)
	at io.michaelcane.Calculator.&lt;init&gt;(Calculator.java:6)
	at io.michaelcane.Commands.&lt;init&gt;(Commands.java:5)
	at io.michaelcane.Calculator.&lt;init&gt;(Calculator.java:6)
	at io.michaelcane.Commands.&lt;init&gt;(Commands.java:5)
	at io.michaelcane.Calculator.&lt;init&gt;(Calculator.java:6)
	at io.michaelcane.Commands.&lt;init&gt;(Commands.java:5)
	at io.michaelcane.Calculator.&lt;init&gt;(Calculator.java:6)
	at io.michaelcane.Commands.&lt;init&gt;(Commands.java:5)
	at io.michaelcane.Calculator.&lt;init&gt;(Calculator.java:6)
	at io.michaelcane.Commands.&lt;init&gt;(Commands.java:5)
	at io.michaelcane.Calculator.&lt;init&gt;(Calculator.java:6)
	at io.michaelcane.Commands.&lt;init&gt;(Commands.java:5)
	at io.michaelcane.Calculator.&lt;init&gt;(Calculator.java:6)
	at io.michaelcane.Commands.&lt;init&gt;(Commands.java:5)
	at io.michaelcane.Calculator.&lt;init&gt;(Calculator.java:6)
	at io.michaelcane.Commands.&lt;init&gt;(Commands.java:5)
	at io.michaelcane.Calculator.&lt;init&gt;(Calculator.java:6)
	at io.michaelcane.Commands.&lt;init&gt;(Commands.java:5)
	at io.michaelcane.Calculator.&lt;init&gt;(Calculator.java:6)
	at io.michaelcane.Commands.&lt;init&gt;(Commands.java:5)
	at io.michaelcane.Calculator.&lt;init&gt;(Calculator.java:6)
	at io.michaelcane.Commands.&lt;init&gt;(Commands.java:5)
	at io.michaelcane.Calculator.&lt;init&gt;(Calculator.java:6)
	at io.michaelcane.Commands.&lt;init&gt;(Commands.java:5)
	at io.michaelcane.Calculator.&lt;init&gt;(Calculator.java:6)
	at io.michaelcane.Commands.&lt;init&gt;(Commands.java:5)
	at io.michaelcane.Calculator.&lt;init&gt;(Calculator.java:6)
	at io.michaelcane.Commands.&lt;init&gt;(Commands.java:5)
	at io.michaelcane.Calculator.&lt;init&gt;(Calculator.java:6)
	at io.michaelcane.Commands.&lt;init&gt;(Commands.java:5)
	at io.michaelcane.Calculator.&lt;init&gt;(Calculator.java:6)
	at io.michaelcane.Commands.&lt;init&gt;(Commands.java:5)
	at io.michaelcane.Calculator.&lt;init&gt;(Calculator.java:6)
	at io.michaelcane.Commands.&lt;init&gt;(Commands.java:5)
	at io.michaelcane.Calculator.&lt;init&gt;(Calculator.java:6)
	at io.michaelcane.Commands.&lt;init&gt;(Commands.java:5)
	at io.michaelcane.Calculator.&lt;init&gt;(Calculator.java:6)
	at io.michaelcane.Commands.&lt;init&gt;(Commands.java:5)
	at io.michaelcane.Calculator.&lt;init&gt;(Calculator.java:6)
	at io.michaelcane.Commands.&lt;init&gt;(Commands.java:5)
	at io.michaelcane.Calculator.&lt;init&gt;(Calculator.java:6)
	at io.michaelcane.Commands.&lt;init&gt;(Commands.java:5)
	at io.michaelcane.Calculator.&lt;init&gt;(Calculator.java:6)
	at io.michaelcane.Commands.&lt;init&gt;(Commands.java:5)
	at io.michaelcane.Calculator.&lt;init&gt;(Calculator.java:6)
	at io.michaelcane.Commands.&lt;init&gt;(Commands.java:5)
	at io.michaelcane.Calculator.&lt;init&gt;(Calculator.java:6)
	at io.michaelcane.Commands.&lt;init&gt;(Commands.java:5)
	at io.michaelcane.Calculator.&lt;init&gt;(Calculator.java:6)
	at io.michaelcane.Commands.&lt;init&gt;(Commands.java:5)
	at io.michaelcane.Calculator.&lt;init&gt;(Calculator.java:6)
	at io.michaelcane.Commands.&lt;init&gt;(Commands.java:5)
	at io.michaelcane.Calculator.&lt;init&gt;(Calculator.java:6)
	at io.michaelcane.Commands.&lt;init&gt;(Commands.java:5)
	at io.michaelcane.Calculator.&lt;init&gt;(Calculator.java:6)
	at io.michaelcane.Commands.&lt;init&gt;(Commands.java:5)
	at io.michaelcane.Calculator.&lt;init&gt;(Calculator.java:6)
	at io.michaelcane.Commands.&lt;init&gt;(Commands.java:5)
	at io.michaelcane.Calculator.&lt;init&gt;(Calculator.java:6)
	at io.michaelcane.Commands.&lt;init&gt;(Commands.java:5)
	at io.michaelcane.Calculator.&lt;init&gt;(Calculator.java:6)
	at io.michaelcane.Commands.&lt;init&gt;(Commands.java:5)
	at io.michaelcane.Calculator.&lt;init&gt;(Calculator.java:6)
	at io.michaelcane.Commands.&lt;init&gt;(Commands.java:5)
	at io.michaelcane.Calculator.&lt;init&gt;(Calculator.java:6)
	at io.michaelcane.Commands.&lt;init&gt;(Commands.java:5)
	at io.michaelcane.Calculator.&lt;init&gt;(Calculator.java:6)
	at io.michaelcane.Commands.&lt;init&gt;(Commands.java:5)
	at io.michaelcane.Calculator.&lt;init&gt;(Calculator.java:6)
	at io.michaelcane.Commands.&lt;init&gt;(Commands.java:5)
	at io.michaelcane.Calculator.&lt;init&gt;(Calculator.java:6)
	at io.michaelcane.Commands.&lt;init&gt;(Commands.java:5)
	at io.michaelcane.Calculator.&lt;init&gt;(Calculator.java:6)
	at io.michaelcane.Commands.&lt;init&gt;(Commands.java:5)
	at io.michaelcane.Calculator.&lt;init&gt;(Calculator.java:6)
	at io.michaelcane.Commands.&lt;init&gt;(Commands.java:5)
	at io.michaelcane.Calculator.&lt;init&gt;(Calculator.java:6)
	at io.michaelcane.Commands.&lt;init&gt;(Commands.java:5)
	at io.michaelcane.Calculator.&lt;init&gt;(Calculator.java:6)
	at io.michaelcane.Commands.&lt;init&gt;(Commands.java:5)
	at io.michaelcane.Calculator.&lt;init&gt;(Calculator.java:6)
	at io.michaelcane.Commands.&lt;init&gt;(Commands.java:5)
	at io.michaelcane.Calculator.&lt;init&gt;(Calculator.java:6)
	at io.michaelcane.Commands.&lt;init&gt;(Commands.java:5)
	at io.michaelcane.Calculator.&lt;init&gt;(Calculator.java:6)
	at io.michaelcane.Commands.&lt;init&gt;(Commands.java:5)
	at io.michaelcane.Calculator.&lt;init&gt;(Calculator.java:6)
	at io.michaelcane.Commands.&lt;init&gt;(Commands.java:5)
	at io.michaelcane.Calculator.&lt;init&gt;(Calculator.java:6)
	at io.michaelcane.Commands.&lt;init&gt;(Commands.java:5)
	at io.michaelcane.Calculator.&lt;init&gt;(Calculator.java:6)
	at io.michaelcane.Commands.&lt;init&gt;(Commands.java:5)
	at io.michaelcane.Calculator.&lt;init&gt;(Calculator.java:6)
	at io.michaelcane.Commands.&lt;init&gt;(Commands.java:5)
	at io.michaelcane.Calculator.&lt;init&gt;(Calculator.java:6)
	at io.michaelcane.Commands.&lt;init&gt;(Commands.java:5)
	at io.michaelcane.Calculator.&lt;init&gt;(Calculator.java:6)
	at io.michaelcane.Commands.&lt;init&gt;(Commands.java:5)
	at io.michaelcane.Calculator.&lt;init&gt;(Calculator.java:6)
	at io.michaelcane.Commands.&lt;init&gt;(Commands.java:5)
	at io.michaelcane.Calculator.&lt;init&gt;(Calculator.java:6)
	at io.michaelcane.Commands.&lt;init&gt;(Commands.java:5)
	at io.michaelcane.Calculator.&lt;init&gt;(Calculator.java:6)
	at io.michaelcane.Commands.&lt;init&gt;(Commands.java:5)
	at io.michaelcane.Calculator.&lt;init&gt;(Calculator.java:6)
	at io.michaelcane.Commands.&lt;init&gt;(Commands.java:5)
	at io.michaelcane.Calculator.&lt;init&gt;(Calculator.java:6)
	at io.michaelcane.Commands.&lt;init&gt;(Commands.java:5)
	at io.michaelcane.Calculator.&lt;init&gt;(Calculator.java:6)
	at io.michaelcane.Commands.&lt;init&gt;(Commands.java:5)
	at io.michaelcane.Calculator.&lt;init&gt;(Calculator.java:6)
	at io.michaelcane.Commands.&lt;init&gt;(Commands.java:5)
	at io.michaelcane.Calculator.&lt;init&gt;(Calculator.java:6)
	at io.michaelcane.Commands.&lt;init&gt;(Commands.java:5)
	at io.michaelcane.Calculator.&lt;init&gt;(Calculator.java:6)
	at io.michaelcane.Commands.&lt;init&gt;(Commands.java:5)
	at io.michaelcane.Calculator.&lt;init&gt;(Calculator.java:6)
	at io.michaelcane.Commands.&lt;init&gt;(Commands.java:5)
	at io.michaelcane.Calculator.&lt;init&gt;(Calculator.java:6)
	at io.michaelcane.Commands.&lt;init&gt;(Commands.java:5)
	at io.michaelcane.Calculator.&lt;init&gt;(Calculator.java:6)
	at io.michaelcane.Commands.&lt;init&gt;(Commands.java:5)
	at io.michaelcane.Calculator.&lt;init&gt;(Calculator.java:6)
	at io.michaelcane.Commands.&lt;init&gt;(Commands.java:5)
	at io.michaelcane.Calculator.&lt;init&gt;(Calculator.java:6)
	at io.michaelcane.Commands.&lt;init&gt;(Commands.java:5)
	at io.michaelcane.Calculator.&lt;init&gt;(Calculator.java:6)
	at io.michaelcane.Commands.&lt;init&gt;(Commands.java:5)
	at io.michaelcane.Calculator.&lt;init&gt;(Calculator.java:6)
	at io.michaelcane.Commands.&lt;init&gt;(Commands.java:5)
	at io.michaelcane.Calculator.&lt;init&gt;(Calculator.java:6)
	at io.michaelcane.Commands.&lt;init&gt;(Commands.java:5)
	at io.michaelcane.Calculator.&lt;init&gt;(Calculator.java:6)
	at io.michaelcane.Commands.&lt;init&gt;(Commands.java:5)
	at io.michaelcane.Calculator.&lt;init&gt;(Calculator.java:6)
	at io.michaelcane.Commands.&lt;init&gt;(Commands.java:5)
	at io.michaelcane.Calculator.&lt;init&gt;(Calculator.java:6)
	at io.michaelcane.Commands.&lt;init&gt;(Commands.java:5)
	at io.michaelcane.Calculator.&lt;init&gt;(Calculator.java:6)
	at io.michaelcane.Commands.&lt;init&gt;(Commands.java:5)
	at io.michaelcane.Calculator.&lt;init&gt;(Calculator.java:6)
	at io.michaelcane.Commands.&lt;init&gt;(Commands.java:5)
	at io.michaelcane.Calculator.&lt;init&gt;(Calculator.java:6)
	at io.michaelcane.Commands.&lt;init&gt;(Commands.java:5)
	at io.michaelcane.Calculator.&lt;init&gt;(Calculator.java:6)
	at io.michaelcane.Commands.&lt;init&gt;(Commands.java:5)
	at io.michaelcane.Calculator.&lt;init&gt;(Calculator.java:6)
	at io.michaelcane.Commands.&lt;init&gt;(Commands.java:5)
	at io.michaelcane.Calculator.&lt;init&gt;(Calculator.java:6)
	at io.michaelcane.Commands.&lt;init&gt;(Commands.java:5)
	at io.michaelcane.Calculator.&lt;init&gt;(Calculator.java:6)
	at io.michaelcane.Commands.&lt;init&gt;(Commands.java:5)
	at io.michaelcane.Calculator.&lt;init&gt;(Calculator.java:6)
	at io.michaelcane.Commands.&lt;init&gt;(Commands.java:5)
	at io.michaelcane.Calculator.&lt;init&gt;(Calculator.java:6)
	at io.michaelcane.Commands.&lt;init&gt;(Commands.java:5)
	at io.michaelcane.Calculator.&lt;init&gt;(Calculator.java:6)
	at io.michaelcane.Commands.&lt;init&gt;(Commands.java:5)
	at io.michaelcane.Calculator.&lt;init&gt;(Calculator.java:6)
	at io.michaelcane.Commands.&lt;init&gt;(Commands.java:5)
	at io.michaelcane.Calculator.&lt;init&gt;(Calculator.java:6)
	at io.michaelcane.Commands.&lt;init&gt;(Commands.java:5)
	at io.michaelcane.Calculator.&lt;init&gt;(Calculator.java:6)
	at io.michaelcane.Commands.&lt;init&gt;(Commands.java:5)
	at io.michaelcane.Calculator.&lt;init&gt;(Calculator.java:6)
	at io.michaelcane.Commands.&lt;init&gt;(Commands.java:5)
	at io.michaelcane.Calculator.&lt;init&gt;(Calculator.java:6)
	at io.michaelcane.Commands.&lt;init&gt;(Commands.java:5)
	at io.michaelcane.Calculator.&lt;init&gt;(Calculator.java:6)
	at io.michaelcane.Commands.&lt;init&gt;(Commands.java:5)
	at io.michaelcane.Calculator.&lt;init&gt;(Calculator.java:6)
	at io.michaelcane.Commands.&lt;init&gt;(Commands.java:5)
	at io.michaelcane.Calculator.&lt;init&gt;(Calculator.java:6)
	at io.michaelcane.Commands.&lt;init&gt;(Commands.java:5)
	at io.michaelcane.Calculator.&lt;init&gt;(Calculator.java:6)
	at io.michaelcane.Commands.&lt;init&gt;(Commands.java:5)
	at io.michaelcane.Calculator.&lt;init&gt;(Calculator.java:6)
	at io.michaelcane.Commands.&lt;init&gt;(Commands.java:5)
	at io.michaelcane.Calculator.&lt;init&gt;(Calculator.java:6)
	at io.michaelcane.Commands.&lt;init&gt;(Commands.java:5)
	at io.michaelcane.Calculator.&lt;init&gt;(Calculator.java:6)
	at io.michaelcane.Commands.&lt;init&gt;(Commands.java:5)
	at io.michaelcane.Calculator.&lt;init&gt;(Calculator.java:6)
	at io.michaelcane.Commands.&lt;init&gt;(Commands.java:5)
	at io.michaelcane.Calculator.&lt;init&gt;(Calculator.java:6)
	at io.michaelcane.Commands.&lt;init&gt;(Commands.java:5)
	at io.michaelcane.Calculator.&lt;init&gt;(Calculator.java:6)
	at io.michaelcane.Commands.&lt;init&gt;(Commands.java:5)
	at io.michaelcane.Calculator.&lt;init&gt;(Calculator.java:6)
	at io.michaelcane.Commands.&lt;init&gt;(Commands.java:5)
	at io.michaelcane.Calculator.&lt;init&gt;(Calculator.java:6)
	at io.michaelcane.Commands.&lt;init&gt;(Commands.java:5)
	at io.michaelcane.Calculator.&lt;init&gt;(Calculator.java:6)
	at io.michaelcane.Commands.&lt;init&gt;(Commands.java:5)
	at io.michaelcane.Calculator.&lt;init&gt;(Calculator.java:6)
	at io.michaelcane.Commands.&lt;init&gt;(Commands.java:5)
	at io.michaelcane.Calculator.&lt;init&gt;(Calculator.java:6)
	at io.michaelcane.Commands.&lt;init&gt;(Commands.java:5)
	at io.michaelcane.Calculator.&lt;init&gt;(Calculator.java:6)
	at io.michaelcane.Commands.&lt;init&gt;(Commands.java:5)
	at io.michaelcane.Calculator.&lt;init&gt;(Calculator.java:6)
	at io.michaelcane.Commands.&lt;init&gt;(Commands.java:5)
	at io.michaelcane.Calculator.&lt;init&gt;(Calculator.java:6)
	at io.michaelcane.Commands.&lt;init&gt;(Commands.java:5)
	at io.michaelcane.Calculator.&lt;init&gt;(Calculator.java:6)
	at io.michaelcane.Commands.&lt;init&gt;(Commands.java:5)
	at io.michaelcane.Calculator.&lt;init&gt;(Calculator.java:6)
	at io.michaelcane.Commands.&lt;init&gt;(Commands.java:5)
	at io.michaelcane.Calculator.&lt;init&gt;(Calculator.java:6)
	at io.michaelcane.Commands.&lt;init&gt;(Commands.java:5)
	at io.michaelcane.Calculator.&lt;init&gt;(Calculator.java:6)
	at io.michaelcane.Commands.&lt;init&gt;(Commands.java:5)
	at io.michaelcane.Calculator.&lt;init&gt;(Calculator.java:6)
	at io.michaelcane.Commands.&lt;init&gt;(Commands.java:5)
	at io.michaelcane.Calculator.&lt;init&gt;(Calculator.java:6)
	at io.michaelcane.Commands.&lt;init&gt;(Commands.java:5)
	at io.michaelcane.Calculator.&lt;init&gt;(Calculator.java:6)
	at io.michaelcane.Commands.&lt;init&gt;(Commands.java:5)
	at io.michaelcane.Calculator.&lt;init&gt;(Calculator.java:6)
	at io.michaelcane.Commands.&lt;init&gt;(Commands.java:5)
	at io.michaelcane.Calculator.&lt;init&gt;(Calculator.java:6)
	at io.michaelcane.Commands.&lt;init&gt;(Commands.java:5)
	at io.michaelcane.Calculator.&lt;init&gt;(Calculator.java:6)
	at io.michaelcane.Commands.&lt;init&gt;(Commands.java:5)
	at io.michaelcane.Calculator.&lt;init&gt;(Calculator.java:6)
	at io.michaelcane.Commands.&lt;init&gt;(Commands.java:5)
	at io.michaelcane.Calculator.&lt;init&gt;(Calculator.java:6)
	at io.michaelcane.Commands.&lt;init&gt;(Commands.java:5)
	at io.michaelcane.Calculator.&lt;init&gt;(Calculator.java:6)
	at io.michaelcane.Commands.&lt;init&gt;(Commands.java:5)
	at io.michaelcane.Calculator.&lt;init&gt;(Calculator.java:6)
	at io.michaelcane.Commands.&lt;init&gt;(Commands.java:5)
	at io.michaelcane.Calculator.&lt;init&gt;(Calculator.java:6)
	at io.michaelcane.Commands.&lt;init&gt;(Commands.java:5)
	at io.michaelcane.Calculator.&lt;init&gt;(Calculator.java:6)
	at io.michaelcane.Commands.&lt;init&gt;(Commands.java:5)
	at io.michaelcane.Calculator.&lt;init&gt;(Calculator.java:6)
	at io.michaelcane.Commands.&lt;init&gt;(Commands.java:5)
	at io.michaelcane.Calculator.&lt;init&gt;(Calculator.java:6)
	at io.michaelcane.Commands.&lt;init&gt;(Commands.java:5)
	at io.michaelcane.Calculator.&lt;init&gt;(Calculator.java:6)
	at io.michaelcane.Commands.&lt;init&gt;(Commands.java:5)
	at io.michaelcane.Calculator.&lt;init&gt;(Calculator.java:6)
	at io.michaelcane.Commands.&lt;init&gt;(Commands.java:5)
	at io.michaelcane.Calculator.&lt;init&gt;(Calculator.java:6)
	at io.michaelcane.Commands.&lt;init&gt;(Commands.java:5)
	at io.michaelcane.Calculator.&lt;init&gt;(Calculator.java:6)
	at io.michaelcane.Commands.&lt;init&gt;(Commands.java:5)
	at io.michaelcane.Calculator.&lt;init&gt;(Calculator.java:6)
	at io.michaelcane.Commands.&lt;init&gt;(Commands.java:5)
	at io.michaelcane.Calculator.&lt;init&gt;(Calculator.java:6)
	at io.michaelcane.Commands.&lt;init&gt;(Commands.java:5)
	at io.michaelcane.Calculator.&lt;init&gt;(Calculator.java:6)
	at io.michaelcane.Commands.&lt;init&gt;(Commands.java:5)
	at io.michaelcane.Calculator.&lt;init&gt;(Calculator.java:6)
	at io.michaelcane.Commands.&lt;init&gt;(Commands.java:5)
	at io.michaelcane.Calculator.&lt;init&gt;(Calculator.java:6)
	at io.michaelcane.Commands.&lt;init&gt;(Commands.java:5)
	at io.michaelcane.Calculator.&lt;init&gt;(Calculator.java:6)
	at io.michaelcane.Commands.&lt;init&gt;(Commands.java:5)
	at io.michaelcane.Calculator.&lt;init&gt;(Calculator.java:6)
	at io.michaelcane.Commands.&lt;init&gt;(Commands.java:5)
	at io.michaelcane.Calculator.&lt;init&gt;(Calculator.java:6)
	at io.michaelcane.Commands.&lt;init&gt;(Commands.java:5)
	at io.michaelcane.Calculator.&lt;init&gt;(Calculator.java:6)
	at io.michaelcane.Commands.&lt;init&gt;(Commands.java:5)
	at io.michaelcane.Calculator.&lt;init&gt;(Calculator.java:6)
	at io.michaelcane.Commands.&lt;init&gt;(Commands.java:5)
	at io.michaelcane.Calculator.&lt;init&gt;(Calculator.java:6)
	at io.michaelcane.Commands.&lt;init&gt;(Commands.java:5)
	at io.michaelcane.Calculator.&lt;init&gt;(Calculator.java:6)
	at io.michaelcane.Commands.&lt;init&gt;(Commands.java:5)
	at io.michaelcane.Calculator.&lt;init&gt;(Calculator.java:6)
	at io.michaelcane.Commands.&lt;init&gt;(Commands.java:5)
	at io.michaelcane.Calculator.&lt;init&gt;(Calculator.java:6)
	at io.michaelcane.Commands.&lt;init&gt;(Commands.java:5)
	at io.michaelcane.Calculator.&lt;init&gt;(Calculator.java:6)
	at io.michaelcane.Commands.&lt;init&gt;(Commands.java:5)
	at io.michaelcane.Calculator.&lt;init&gt;(Calculator.java:6)
	at io.michaelcane.Commands.&lt;init&gt;(Commands.java:5)
	at io.michaelcane.Calculator.&lt;init&gt;(Calculator.java:6)
	at io.michaelcane.Commands.&lt;init&gt;(Commands.java:5)
	at io.michaelcane.Calculator.&lt;init&gt;(Calculator.java:6)
	at io.michaelcane.Commands.&lt;init&gt;(Commands.java:5)
	at io.michaelcane.Calculator.&lt;init&gt;(Calculator.java:6)
	at io.michaelcane.Commands.&lt;init&gt;(Commands.java:5)
	at io.michaelcane.Calculator.&lt;init&gt;(Calculator.java:6)
	at io.michaelcane.Commands.&lt;init&gt;(Commands.java:5)
	at io.michaelcane.Calculator.&lt;init&gt;(Calculator.java:6)
	at io.michaelcane.Commands.&lt;init&gt;(Commands.java:5)
	at io.michaelcane.Calculator.&lt;init&gt;(Calculator.java:6)
	at io.michaelcane.Commands.&lt;init&gt;(Commands.java:5)
	at io.michaelcane.Calculator.&lt;init&gt;(Calculator.java:6)
	at io.michaelcane.Commands.&lt;init&gt;(Commands.java:5)
	at io.michaelcane.Calculator.&lt;init&gt;(Calculator.java:6)
	at io.michaelcane.Commands.&lt;init&gt;(Commands.java:5)
	at io.michaelcane.Calculator.&lt;init&gt;(Calculator.java:6)
	at io.michaelcane.Commands.&lt;init&gt;(Commands.java:5)
	at io.michaelcane.Calculator.&lt;init&gt;(Calculator.java:6)
	at io.michaelcane.Commands.&lt;init&gt;(Commands.java:5)
	at io.michaelcane.Calculator.&lt;init&gt;(Calculator.java:6)
	at io.michaelcane.Commands.&lt;init&gt;(Commands.java:5)
	at io.michaelcane.Calculator.&lt;init&gt;(Calculator.java:6)
	at io.michaelcane.Commands.&lt;init&gt;(Commands.java:5)
	at io.michaelcane.Calculator.&lt;init&gt;(Calculator.java:6)
	at io.michaelcane.Commands.&lt;init&gt;(Commands.java:5)
	at io.michaelcane.Calculator.&lt;init&gt;(Calculator.java:6)
	at io.michaelcane.Commands.&lt;init&gt;(Commands.java:5)
	at io.michaelcane.Calculator.&lt;init&gt;(Calculator.java:6)
	at io.michaelcane.Commands.&lt;init&gt;(Commands.java:5)
	at io.michaelcane.Calculator.&lt;init&gt;(Calculator.java:6)
	at io.michaelcane.Commands.&lt;init&gt;(Commands.java:5)
	at io.michaelcane.Calculator.&lt;init&gt;(Calculator.java:6)
	at io.michaelcane.Commands.&lt;init&gt;(Commands.java:5)
	at io.michaelcane.Calculator.&lt;init&gt;(Calculator.java:6)
	at io.michaelcane.Commands.&lt;init&gt;(Commands.java:5)
	at io.michaelcane.Calculator.&lt;init&gt;(Calculator.java:6)
	at io.michaelcane.Commands.&lt;init&gt;(Commands.java:5)
	at io.michaelcane.Calculator.&lt;init&gt;(Calculator.java:6)
	at io.michaelcane.Commands.&lt;init&gt;(Commands.java:5)
	at io.michaelcane.Calculator.&lt;init&gt;(Calculator.java:6)
	at io.michaelcane.Commands.&lt;init&gt;(Commands.java:5)
	at io.michaelcane.Calculator.&lt;init&gt;(Calculator.java:6)
	at io.michaelcane.Commands.&lt;init&gt;(Commands.java:5)
	at io.michaelcane.Calculator.&lt;init&gt;(Calculator.java:6)
	at io.michaelcane.Commands.&lt;init&gt;(Commands.java:5)
	at io.michaelcane.Calculator.&lt;init&gt;(Calculator.java:6)
	at io.michaelcane.Commands.&lt;init&gt;(Commands.java:5)
	at io.michaelcane.Calculator.&lt;init&gt;(Calculator.java:6)
	at io.michaelcane.Commands.&lt;init&gt;(Commands.java:5)
	at io.michaelcane.Calculator.&lt;init&gt;(Calculator.java:6)
	at io.michaelcane.Commands.&lt;init&gt;(Commands.java:5)
	at io.michaelcane.Calculator.&lt;init&gt;(Calculator.java:6)
	at io.michaelcane.Commands.&lt;init&gt;(Commands.java:5)
	at io.michaelcane.Calculator.&lt;init&gt;(Calculator.java:6)
	at io.michaelcane.Commands.&lt;init&gt;(Commands.java:5)
	at io.michaelcane.Calculator.&lt;init&gt;(Calculator.java:6)
	at io.michaelcane.Commands.&lt;init&gt;(Commands.java:5)
	at io.michaelcane.Calculator.&lt;init&gt;(Calculator.java:6)
	at io.michaelcane.Commands.&lt;init&gt;(Commands.java:5)
	at io.michaelcane.Calculator.&lt;init&gt;(Calculator.java:6)
	at io.michaelcane.Commands.&lt;init&gt;(Commands.java:5)
	at io.michaelcane.Calculator.&lt;init&gt;(Calculator.java:6)
	at io.michaelcane.Commands.&lt;init&gt;(Commands.java:5)
	at io.michaelcane.Calculator.&lt;init&gt;(Calculator.java:6)
	at io.michaelcane.Commands.&lt;init&gt;(Commands.java:5)
	at io.michaelcane.Calculator.&lt;init&gt;(Calculator.java:6)
	at io.michaelcane.Commands.&lt;init&gt;(Commands.java:5)
	at io.michaelcane.Calculator.&lt;init&gt;(Calculator.java:6)
	at io.michaelcane.Commands.&lt;init&gt;(Commands.java:5)
	at io.michaelcane.Calculator.&lt;init&gt;(Calculator.java:6)
	at io.michaelcane.Commands.&lt;init&gt;(Commands.java:5)
	at io.michaelcane.Calculator.&lt;init&gt;(Calculator.java:6)
	at io.michaelcane.Commands.&lt;init&gt;(Commands.java:5)
	at io.michaelcane.Calculator.&lt;init&gt;(Calculator.java:6)
	at io.michaelcane.Commands.&lt;init&gt;(Commands.java:5)
	at io.michaelcane.Calculator.&lt;init&gt;(Calculator.java:6)
	at io.michaelcane.Commands.&lt;init&gt;(Commands.java:5)
	at io.michaelcane.Calculator.&lt;init&gt;(Calculator.java:6)
	at io.michaelcane.Commands.&lt;init&gt;(Commands.java:5)
	at io.michaelcane.Calculator.&lt;init&gt;(Calculator.java:6)
	at io.michaelcane.Commands.&lt;init&gt;(Commands.java:5)
	at io.michaelcane.Calculator.&lt;init&gt;(Calculator.java:6)
	at io.michaelcane.Commands.&lt;init&gt;(Commands.java:5)
	at io.michaelcane.Calculator.&lt;init&gt;(Calculator.java:6)
	at io.michaelcane.Commands.&lt;init&gt;(Commands.java:5)
	at io.michaelcane.Calculator.&lt;init&gt;(Calculator.java:6)
	at io.michaelcane.Commands.&lt;init&gt;(Commands.java:5)
	at io.michaelcane.Calculator.&lt;init&gt;(Calculator.java:6)
	at io.michaelcane.Commands.&lt;init&gt;(Commands.java:5)
	at io.michaelcane.Calculator.&lt;init&gt;(Calculator.java:6)
	at io.michaelcane.Commands.&lt;init&gt;(Commands.java:5)
	at io.michaelcane.Calculator.&lt;init&gt;(Calculator.java:6)
	at io.michaelcane.Commands.&lt;init&gt;(Commands.java:5)
	at io.michaelcane.Calculator.&lt;init&gt;(Calculator.java:6)
	at io.michaelcane.Commands.&lt;init&gt;(Commands.java:5)
	at io.michaelcane.Calculator.&lt;init&gt;(Calculator.java:6)
	at io.michaelcane.Commands.&lt;init&gt;(Commands.java:5)
	at io.michaelcane.Calculator.&lt;init&gt;(Calculator.java:6)
	at io.michaelcane.Commands.&lt;init&gt;(Commands.java:5)
	at io.michaelcane.Calculator.&lt;init&gt;(Calculator.java:6)
	at io.michaelcane.Commands.&lt;init&gt;(Commands.java:5)
	at io.michaelcane.Calculator.&lt;init&gt;(Calculator.java:6)
	at io.michaelcane.Commands.&lt;init&gt;(Commands.java:5)
	at io.michaelcane.Calculator.&lt;init&gt;(Calculator.java:6)
	at io.michaelcane.Commands.&lt;init&gt;(Commands.java:5)
	at io.michaelcane.Calculator.&lt;init&gt;(Calculator.java:6)
	at io.michaelcane.Commands.&lt;init&gt;(Commands.java:5)
	at io.michaelcane.Calculator.&lt;init&gt;(Calculator.java:6)
	at io.michaelcane.Commands.&lt;init&gt;(Commands.java:5)
	at io.michaelcane.Calculator.&lt;init&gt;(Calculator.java:6)
	at io.michaelcane.Commands.&lt;init&gt;(Commands.java:5)
	at io.michaelcane.Calculator.&lt;init&gt;(Calculator.java:6)
	at io.michaelcane.Commands.&lt;init&gt;(Commands.java:5)
	at io.michaelcane.Calculator.&lt;init&gt;(Calculator.java:6)
	at io.michaelcane.Commands.&lt;init&gt;(Commands.java:5)
	at io.michaelcane.Calculator.&lt;init&gt;(Calculator.java:6)
	at io.michaelcane.Commands.&lt;init&gt;(Commands.java:5)
	at io.michaelcane.Calculator.&lt;init&gt;(Calculator.java:6)
	at io.michaelcane.Commands.&lt;init&gt;(Commands.java:5)
	at io.michaelcane.Calculator.&lt;init&gt;(Calculator.java:6)
	at io.michaelcane.Commands.&lt;init&gt;(Commands.java:5)
	at io.michaelcane.Calculator.&lt;init&gt;(Calculator.java:6)
	at io.michaelcane.Commands.&lt;init&gt;(Commands.java:5)
	at io.michaelcane.Calculator.&lt;init&gt;(Calculator.java:6)
	at io.michaelcane.Commands.&lt;init&gt;(Commands.java:5)
	at io.michaelcane.Calculator.&lt;init&gt;(Calculator.java:6)
	at io.michaelcane.Commands.&lt;init&gt;(Commands.java:5)
	at io.michaelcane.Calculator.&lt;init&gt;(Calculator.java:6)
	at io.michaelcane.Commands.&lt;init&gt;(Commands.java:5)
	at io.michaelcane.Calculator.&lt;init&gt;(Calculator.java:6)
	at io.michaelcane.Commands.&lt;init&gt;(Commands.java:5)
	at io.michaelcane.Calculator.&lt;init&gt;(Calculator.java:6)
	at io.michaelcane.Commands.&lt;init&gt;(Commands.java:5)
	at io.michaelcane.Calculator.&lt;init&gt;(Calculator.java:6)
	at io.michaelcane.Commands.&lt;init&gt;(Commands.java:5)
	at io.michaelcane.Calculator.&lt;init&gt;(Calculator.java:6)
	at io.michaelcane.Commands.&lt;init&gt;(Commands.java:5)
	at io.michaelcane.Calculator.&lt;init&gt;(Calculator.java:6)
	at io.michaelcane.Commands.&lt;init&gt;(Commands.java:5)
	at io.michaelcane.Calculator.&lt;init&gt;(Calculator.java:6)
	at io.michaelcane.Commands.&lt;init&gt;(Commands.java:5)
	at io.michaelcane.Calculator.&lt;init&gt;(Calculator.java:6)
	at io.michaelcane.Commands.&lt;init&gt;(Commands.java:5)
	at io.michaelcane.Calculator.&lt;init&gt;(Calculator.java:6)
	at io.michaelcane.Commands.&lt;init&gt;(Commands.java:5)
	at io.michaelcane.Calculator.&lt;init&gt;(Calculator.java:6)
	at io.michaelcane.Commands.&lt;init&gt;(Commands.java:5)
	at io.michaelcane.Calculator.&lt;init&gt;(Calculator.java:6)
	at io.michaelcane.Commands.&lt;init&gt;(Commands.java:5)
	at io.michaelcane.Calculator.&lt;init&gt;(Calculator.java:6)
	at io.michaelcane.Commands.&lt;init&gt;(Commands.java:5)
	at io.michaelcane.Calculator.&lt;init&gt;(Calculator.java:6)
	at io.michaelcane.Commands.&lt;init&gt;(Commands.java:5)
	at io.michaelcane.Calculator.&lt;init&gt;(Calculator.java:6)
	at io.michaelcane.Commands.&lt;init&gt;(Commands.java:5)
	at io.michaelcane.Calculator.&lt;init&gt;(Calculator.java:6)
	at io.michaelcane.Commands.&lt;init&gt;(Commands.java:5)
	at io.michaelcane.Calculator.&lt;init&gt;(Calculator.java:6)
	at io.michaelcane.Commands.&lt;init&gt;(Commands.java:5)
	at io.michaelcane.Calculator.&lt;init&gt;(Calculator.java:6)
	at io.michaelcane.Commands.&lt;init&gt;(Commands.java:5)
	at io.michaelcane.Calculator.&lt;init&gt;(Calculator.java:6)
	at io.michaelcane.Commands.&lt;init&gt;(Commands.java:5)
	at io.michaelcane.Calculator.&lt;init&gt;(Calculator.java:6)
	at io.michaelcane.Commands.&lt;init&gt;(Commands.java:5)
	at io.michaelcane.Calculator.&lt;init&gt;(Calculator.java:6)
	at io.michaelcane.Commands.&lt;init&gt;(Commands.java:5)
	at io.michaelcane.Calculator.&lt;init&gt;(Calculator.java:6)
	at io.michaelcane.Commands.&lt;init&gt;(Commands.java:5)
	at io.michaelcane.Calculator.&lt;init&gt;(Calculator.java:6)
	at io.michaelcane.Commands.&lt;init&gt;(Commands.java:5)
	at io.michaelcane.Calculator.&lt;init&gt;(Calculator.java:6)
	at io.michaelcane.Commands.&lt;init&gt;(Commands.java:5)
	at io.michaelcane.Calculator.&lt;init&gt;(Calculator.java:6)
	at io.michaelcane.Commands.&lt;init&gt;(Commands.java:5)
	at io.michaelcane.Calculator.&lt;init&gt;(Calculator.java:6)
	at io.michaelcane.Commands.&lt;init&gt;(Commands.java:5)
	at io.michaelcane.Calculator.&lt;init&gt;(Calculator.java:6)
	at io.michaelcane.Commands.&lt;init&gt;(Commands.java:5)
	at io.michaelcane.Calculator.&lt;init&gt;(Calculator.java:6)
	at io.michaelcane.Commands.&lt;init&gt;(Commands.java:5)
	at io.michaelcane.Calculator.&lt;init&gt;(Calculator.java:6)
	at io.michaelcane.Commands.&lt;init&gt;(Commands.java:5)
	at io.michaelcane.Calculator.&lt;init&gt;(Calculator.java:6)
	at io.michaelcane.Commands.&lt;init&gt;(Commands.java:5)
	at io.michaelcane.Calculator.&lt;init&gt;(Calculator.java:6)
	at io.michaelcane.Commands.&lt;init&gt;(Commands.java:5)
	at io.michaelcane.Calculator.&lt;init&gt;(Calculator.java:6)
	at io.michaelcane.Commands.&lt;init&gt;(Commands.java:5)
	at io.michaelcane.Calculator.&lt;init&gt;(Calculator.java:6)
	at io.michaelcane.Commands.&lt;init&gt;(Commands.java:5)
	at io.michaelcane.Calculator.&lt;init&gt;(Calculator.java:6)
	at io.michaelcane.Commands.&lt;init&gt;(Commands.java:5)
	at io.michaelcane.Calculator.&lt;init&gt;(Calculator.java:6)
	at io.michaelcane.Commands.&lt;init&gt;(Commands.java:5)
	at io.michaelcane.Calculator.&lt;init&gt;(Calculator.java:6)
	at io.michaelcane.Commands.&lt;init&gt;(Commands.java:5)
	at io.michaelcane.Calculator.&lt;init&gt;(Calculator.java:6)
	at io.michaelcane.Commands.&lt;init&gt;(Commands.java:5)
	at io.michaelcane.Calculator.&lt;init&gt;(Calculator.java:6)
	at io.michaelcane.Commands.&lt;init&gt;(Commands.java:5)
	at io.michaelcane.Calculator.&lt;init&gt;(Calculator.java:6)
	at io.michaelcane.Commands.&lt;init&gt;(Commands.java:5)
	at io.michaelcane.Calculator.&lt;init&gt;(Calculator.java:6)
	at io.michaelcane.Commands.&lt;init&gt;(Commands.java:5)
	at io.michaelcane.Calculator.&lt;init&gt;(Calculator.java:6)
	at io.michaelcane.Commands.&lt;init&gt;(Commands.java:5)
	at io.michaelcane.Calculator.&lt;init&gt;(Calculator.java:6)
	at io.michaelcane.Commands.&lt;init&gt;(Commands.java:5)
	at io.michaelcane.Calculator.&lt;init&gt;(Calculator.java:6)
	at io.michaelcane.Commands.&lt;init&gt;(Commands.java:5)
	at io.michaelcane.Calculator.&lt;init&gt;(Calculator.java:6)
	at io.michaelcane.Commands.&lt;init&gt;(Commands.java:5)
	at io.michaelcane.Calculator.&lt;init&gt;(Calculator.java:6)
	at io.michaelcane.Commands.&lt;init&gt;(Commands.java:5)
	at io.michaelcane.Calculator.&lt;init&gt;(Calculator.java:6)
	at io.michaelcane.Commands.&lt;init&gt;(Commands.java:5)
	at io.michaelcane.Calculator.&lt;init&gt;(Calculator.java:6)
	at io.michaelcane.Commands.&lt;init&gt;(Commands.java:5)
	at io.michaelcane.Calculator.&lt;init&gt;(Calculator.java:6)
	at io.michaelcane.Commands.&lt;init&gt;(Commands.java:5)
	at io.michaelcane.Calculator.&lt;init&gt;(Calculator.java:6)
	at io.michaelcane.Commands.&lt;init&gt;(Commands.java:5)
	at io.michaelcane.Calculator.&lt;init&gt;(Calculator.java:6)
	at io.michaelcane.Commands.&lt;init&gt;(Commands.java:5)
	at io.michaelcane.Calculator.&lt;init&gt;(Calculator.java:6)
	at io.michaelcane.Commands.&lt;init&gt;(Commands.java:5)
	at io.michaelcane.Calculator.&lt;init&gt;(Calculator.java:6)
	at io.michaelcane.Commands.&lt;init&gt;(Commands.java:5)
	at io.michaelcane.Calculator.&lt;init&gt;(Calculator.java:6)
	at io.michaelcane.Commands.&lt;init&gt;(Commands.java:5)
	at io.michaelcane.Calculator.&lt;init&gt;(Calculator.java:6)
	at io.michaelcane.Commands.&lt;init&gt;(Commands.java:5)
	at io.michaelcane.Calculator.&lt;init&gt;(Calculator.java:6)
	at io.michaelcane.Commands.&lt;init&gt;(Commands.java:5)
	at io.michaelcane.Calculator.&lt;init&gt;(Calculator.java:6)
	at io.michaelcane.Commands.&lt;init&gt;(Commands.java:5)
	at io.michaelcane.Calculator.&lt;init&gt;(Calculator.java:6)
	at io.michaelcane.Commands.&lt;init&gt;(Commands.java:5)
	at io.michaelcane.Calculator.&lt;init&gt;(Calculator.java:6)
	at io.michaelcane.Commands.&lt;init&gt;(Commands.java:5)
	at io.michaelcane.Calculator.&lt;init&gt;(Calculator.java:6)
	at io.michaelcane.Commands.&lt;init&gt;(Commands.java:5)
	at io.michaelcane.Calculator.&lt;init&gt;(Calculator.java:6)
	at io.michaelcane.Commands.&lt;init&gt;(Commands.java:5)
	at io.michaelcane.Calculator.&lt;init&gt;(Calculator.java:6)
	at io.michaelcane.Commands.&lt;init&gt;(Commands.java:5)
	at io.michaelcane.Calculator.&lt;init&gt;(Calculator.java:6)
	at io.michaelcane.Commands.&lt;init&gt;(Commands.java:5)
	at io.michaelcane.Calculator.&lt;init&gt;(Calculator.java:6)
	at io.michaelcane.Commands.&lt;init&gt;(Commands.java:5)
	at io.michaelcane.Calculator.&lt;init&gt;(Calculator.java:6)
	at io.michaelcane.Commands.&lt;init&gt;(Commands.java:5)
	at io.michaelcane.Calculator.&lt;init&gt;(Calculator.java:6)
	at io.michaelcane.Commands.&lt;init&gt;(Commands.java:5)
	at io.michaelcane.Calculator.&lt;init&gt;(Calculator.java:6)
	at io.michaelcane.Commands.&lt;init&gt;(Commands.java:5)
	at io.michaelcane.Calculator.&lt;init&gt;(Calculator.java:6)
	at io.michaelcane.Commands.&lt;init&gt;(Commands.java:5)
	at io.michaelcane.Calculator.&lt;init&gt;(Calculator.java:6)
	at io.michaelcane.Commands.&lt;init&gt;(Commands.java:5)
	at io.michaelcane.Calculator.&lt;init&gt;(Calculator.java:6)
	at io.michaelcane.Commands.&lt;init&gt;(Commands.java:5)
	at io.michaelcane.Calculator.&lt;init&gt;(Calculator.java:6)
	at io.michaelcane.Commands.&lt;init&gt;(Commands.java:5)
	at io.michaelcane.Calculator.&lt;init&gt;(Calculator.java:6)
	at io.michaelcane.Commands.&lt;init&gt;(Commands.java:5)
	at io.michaelcane.Calculator.&lt;init&gt;(Calculator.java:6)
	at io.michaelcane.Commands.&lt;init&gt;(Commands.java:5)
	at io.michaelcane.Calculator.&lt;init&gt;(Calculator.java:6)
	at io.michaelcane.Commands.&lt;init&gt;(Commands.java:5)
	at io.michaelcane.Calculator.&lt;init&gt;(Calculator.java:6)
	at io.michaelcane.Commands.&lt;init&gt;(Commands.java:5)
	at io.michaelcane.Calculator.&lt;init&gt;(Calculator.java:6)
	at io.michaelcane.Commands.&lt;init&gt;(Commands.java:5)
	at io.michaelcane.Calculator.&lt;init&gt;(Calculator.java:6)
	at io.michaelcane.Commands.&lt;init&gt;(Commands.java:5)
	at io.michaelcane.Calculator.&lt;init&gt;(Calculator.java:6)
	at io.michaelcane.Commands.&lt;init&gt;(Commands.java:5)
	at io.michaelcane.Calculator.&lt;init&gt;(Calculator.java:6)
	at io.michaelcane.Commands.&lt;init&gt;(Commands.java:5)
	at io.michaelcane.Calculator.&lt;init&gt;(Calculator.java:6)
	at io.michaelcane.Commands.&lt;init&gt;(Commands.java:5)
	at io.michaelcane.Calculator.&lt;init&gt;(Calculator.java:6)
	at io.michaelcane.Commands.&lt;init&gt;(Commands.java:5)
	at io.michaelcane.Calculator.&lt;init&gt;(Calculator.java:6)
	at io.michaelcane.Commands.&lt;init&gt;(Commands.java:5)
	at io.michaelcane.Calculator.&lt;init&gt;(Calculator.java:6)
	at io.michaelcane.Commands.&lt;init&gt;(Commands.java:5)
	at io.michaelcane.Calculator.&lt;init&gt;(Calculator.java:6)
	at io.michaelcane.Commands.&lt;init&gt;(Commands.java:5)
	at io.michaelcane.Calculator.&lt;init&gt;(Calculator.java:6)
	at io.michaelcane.Commands.&lt;init&gt;(Commands.java:5)
	at io.michaelcane.Calculator.&lt;init&gt;(Calculator.java:6)
	at io.michaelcane.Commands.&lt;init&gt;(Commands.java:5)
	at io.michaelcane.Calculator.&lt;init&gt;(Calculator.java:6)
	at io.michaelcane.Commands.&lt;init&gt;(Commands.java:5)
	at io.michaelcane.Calculator.&lt;init&gt;(Calculator.java:6)
	at io.michaelcane.Commands.&lt;init&gt;(Commands.java:5)
	at io.michaelcane.Calculator.&lt;init&gt;(Calculator.java:6)
	at io.michaelcane.Commands.&lt;init&gt;(Commands.java:5)
	at io.michaelcane.Calculator.&lt;init&gt;(Calculator.java:6)
	at io.michaelcane.Commands.&lt;init&gt;(Commands.java:5)
	at io.michaelcane.Calculator.&lt;init&gt;(Calculator.java:6)
	at io.michaelcane.Commands.&lt;init&gt;(Commands.java:5)
	at io.michaelcane.Calculator.&lt;init&gt;(Calculator.java:6)
	at io.michaelcane.Commands.&lt;init&gt;(Commands.java:5)
	at io.michaelcane.Calculator.&lt;init&gt;(Calculator.java:6)
	at io.michaelcane.Commands.&lt;init&gt;(Commands.java:5)
	at io.michaelcane.Calculator.&lt;init&gt;(Calculator.java:6)
	at io.michaelcane.Commands.&lt;init&gt;(Commands.java:5)
	at io.michaelcane.Calculator.&lt;init&gt;(Calculator.java:6)
	at io.michaelcane.Commands.&lt;init&gt;(Commands.java:5)
	at io.michaelcane.Calculator.&lt;init&gt;(Calculator.java:6)
	at io.michaelcane.Commands.&lt;init&gt;(Commands.java:5)
	at io.michaelcane.Calculator.&lt;init&gt;(Calculator.java:6)
	at io.michaelcane.Commands.&lt;init&gt;(Commands.java:5)
	at io.michaelcane.Calculator.&lt;init&gt;(Calculator.java:6)
	at io.michaelcane.Commands.&lt;init&gt;(Commands.java:5)
	at io.michaelcane.Calculator.&lt;init&gt;(Calculator.java:6)
	at io.michaelcane.Commands.&lt;init&gt;(Commands.java:5)
	at io.michaelcane.Calculator.&lt;init&gt;(Calculator.java:6)
	at io.michaelcane.Commands.&lt;init&gt;(Commands.java:5)
	at io.michaelcane.Calculator.&lt;init&gt;(Calculator.java:6)
	at io.michaelcane.Commands.&lt;init&gt;(Commands.java:5)
	at io.michaelcane.Calculator.&lt;init&gt;(Calculator.java:6)
	at io.michaelcane.Commands.&lt;init&gt;(Commands.java:5)
	at io.michaelcane.Calculator.&lt;init&gt;(Calculator.java:6)
	at io.michaelcane.Commands.&lt;init&gt;(Commands.java:5)
	at io.michaelcane.Calculator.&lt;init&gt;(Calculator.java:6)
	at io.michaelcane.Commands.&lt;init&gt;(Commands.java:5)
	at io.michaelcane.Calculator.&lt;init&gt;(Calculator.java:6)
	at io.michaelcane.Commands.&lt;init&gt;(Commands.java:5)
	at io.michaelcane.Calculator.&lt;init&gt;(Calculator.java:6)
	at io.michaelcane.Commands.&lt;init&gt;(Commands.java:5)
	at io.michaelcane.Calculator.&lt;init&gt;(Calculator.java:6)
	at io.michaelcane.Commands.&lt;init&gt;(Commands.java:5)
	at io.michaelcane.Calculator.&lt;init&gt;(Calculator.java:6)
	at io.michaelcane.Commands.&lt;init&gt;(Commands.java:5)
	at io.michaelcane.Calculator.&lt;init&gt;(Calculator.java:6)
	at io.michaelcane.Commands.&lt;init&gt;(Commands.java:5)
	at io.michaelcane.Calculator.&lt;init&gt;(Calculator.java:6)
	at io.michaelcane.Commands.&lt;init&gt;(Commands.java:5)
	at io.michaelcane.Calculator.&lt;init&gt;(Calculator.java:6)
	at io.michaelcane.Commands.&lt;init&gt;(Commands.java:5)
	at io.michaelcane.Calculator.&lt;init&gt;(Calculator.java:6)
	at io.michaelcane.Commands.&lt;init&gt;(Commands.java:5)
	at io.michaelcane.Calculator.&lt;init&gt;(Calculator.java:6)
	at io.michaelcane.Commands.&lt;init&gt;(Commands.java:5)
	at io.michaelcane.Calculator.&lt;init&gt;(Calculator.java:6)
	at io.michaelcane.Commands.&lt;init&gt;(Commands.java:5)
	at io.michaelcane.Calculator.&lt;init&gt;(Calculator.java:6)
	at io.michaelcane.Commands.&lt;init&gt;(Commands.java:5)
	at io.michaelcane.Calculator.&lt;init&gt;(Calculator.java:6)
	at io.michaelcane.Commands.&lt;init&gt;(Commands.java:5)
	at io.michaelcane.Calculator.&lt;init&gt;(Calculator.java:6)
	at io.michaelcane.Commands.&lt;init&gt;(Commands.java:5)
	at io.michaelcane.Calculator.&lt;init&gt;(Calculator.java:6)
	at io.michaelcane.Commands.&lt;init&gt;(Commands.java:5)
	at io.michaelcane.Calculator.&lt;init&gt;(Calculator.java:6)
	at io.michaelcane.Commands.&lt;init&gt;(Commands.java:5)
	at io.michaelcane.Calculator.&lt;init&gt;(Calculator.java:6)
	at io.michaelcane.Commands.&lt;init&gt;(Commands.java:5)
	at io.michaelcane.Calculator.&lt;init&gt;(Calculator.java:6)
	at io.michaelcane.Commands.&lt;init&gt;(Commands.java:5)
	at io.michaelcane.Calculator.&lt;init&gt;(Calculator.java:6)
	at io.michaelcane.Commands.&lt;init&gt;(Commands.java:5)
	at io.michaelcane.Calculator.&lt;init&gt;(Calculator.java:6)
	at io.michaelcane.Commands.&lt;init&gt;(Commands.java:5)
	at io.michaelcane.Calculator.&lt;init&gt;(Calculator.java:6)
	at io.michaelcane.Commands.&lt;init&gt;(Commands.java:5)
	at io.michaelcane.Calculator.&lt;init&gt;(Calculator.java:6)
	at io.michaelcane.Commands.&lt;init&gt;(Commands.java:5)
	at io.michaelcane.Calculator.&lt;init&gt;(Calculator.java:6)
	at io.michaelcane.Commands.&lt;init&gt;(Commands.java:5)
	at io.michaelcane.Calculator.&lt;init&gt;(Calculator.java:6)
	at io.michaelcane.Commands.&lt;init&gt;(Commands.java:5)
	at io.michaelcane.Calculator.&lt;init&gt;(Calculator.java:6)
	at io.michaelcane.Commands.&lt;init&gt;(Commands.java:5)
	at io.michaelcane.Calculator.&lt;init&gt;(Calculator.java:6)
	at io.michaelcane.Commands.&lt;init&gt;(Commands.java:5)
	at io.michaelcane.Calculator.&lt;init&gt;(Calculator.java:6)
	at io.michaelcane.Commands.&lt;init&gt;(Commands.java:5)
	at io.michaelcane.Calculator.&lt;init&gt;(Calculator.java:6)
	at io.michaelcane.Commands.&lt;init&gt;(Commands.java:5)
	at io.michaelcane.Calculator.&lt;init&gt;(Calculator.java:6)
	at io.michaelcane.Commands.&lt;init&gt;(Commands.java:5)
	at io.michaelcane.Calculator.&lt;init&gt;(Calculator.java:6)
	at io.michaelcane.Commands.&lt;init&gt;(Commands.java:5)
	at io.michaelcane.Calculator.&lt;init&gt;(Calculator.java:6)
	at io.michaelcane.Commands.&lt;init&gt;(Commands.java:5)
	at io.michaelcane.Calculator.&lt;init&gt;(Calculator.java:6)
	at io.michaelcane.Commands.&lt;init&gt;(Commands.java:5)
	at io.michaelcane.Calculator.&lt;init&gt;(Calculator.java:6)
	at io.michaelcane.Commands.&lt;init&gt;(Commands.java:5)
	at io.michaelcane.Calculator.&lt;init&gt;(Calculator.java:6)
	at io.michaelcane.Commands.&lt;init&gt;(Commands.java:5)
	at io.michaelcane.Calculator.&lt;init&gt;(Calculator.java:6)
	at io.michaelcane.Commands.&lt;init&gt;(Commands.java:5)
	at io.michaelcane.Calculator.&lt;init&gt;(Calculator.java:6)
	at io.michaelcane.Commands.&lt;init&gt;(Commands.java:5)
	at io.michaelcane.Calculator.&lt;init&gt;(Calculator.java:6)
	at io.michaelcane.Commands.&lt;init&gt;(Commands.java:5)
	at io.michaelcane.Calculator.&lt;init&gt;(Calculator.java:6)
	at io.michaelcane.Commands.&lt;init&gt;(Commands.java:5)
	at io.michaelcane.Calculator.&lt;init&gt;(Calculator.java:6)
	at io.michaelcane.Commands.&lt;init&gt;(Commands.java:5)
	at io.michaelcane.Calculator.&lt;init&gt;(Calculator.java:6)
	at io.michaelcane.Commands.&lt;init&gt;(Commands.java:5)
	at io.michaelcane.Calculator.&lt;init&gt;(Calculator.java:6)
	at io.michaelcane.Commands.&lt;init&gt;(Commands.java:5)
	at io.michaelcane.Calculator.&lt;init&gt;(Calculator.java:6)
	at io.michaelcane.Commands.&lt;init&gt;(Commands.java:5)
	at io.michaelcane.Calculator.&lt;init&gt;(Calculator.java:6)
	at io.michaelcane.Commands.&lt;init&gt;(Commands.java:5)
	at io.michaelcane.Calculator.&lt;init&gt;(Calculator.java:6)
	at io.michaelcane.Commands.&lt;init&gt;(Commands.java:5)
	at io.michaelcane.Calculator.&lt;init&gt;(Calculator.java:6)
	at io.michaelcane.Commands.&lt;init&gt;(Commands.java:5)
	at io.michaelcane.Calculator.&lt;init&gt;(Calculator.java:6)
	at io.michaelcane.Commands.&lt;init&gt;(Commands.java:5)
	at io.michaelcane.Calculator.&lt;init&gt;(Calculator.java:6)
	at io.michaelcane.Commands.&lt;init&gt;(Commands.java:5)
	at io.michaelcane.Calculator.&lt;init&gt;(Calculator.java:6)
	at io.michaelcane.Commands.&lt;init&gt;(Commands.java:5)
	at io.michaelcane.Calculator.&lt;init&gt;(Calculator.java:6)
	at io.michaelcane.Commands.&lt;init&gt;(Commands.java:5)
	at io.michaelcane.Calculator.&lt;init&gt;(Calculator.java:6)
	at io.michaelcane.Commands.&lt;init&gt;(Commands.java:5)
	at io.michaelcane.Calculator.&lt;init&gt;(Calculator.java:6)
	at io.michaelcane.Commands.&lt;init&gt;(Commands.java:5)
	at io.michaelcane.Calculator.&lt;init&gt;(Calculator.java:6)
	at io.michaelcane.Commands.&lt;init&gt;(Commands.java:5)
	at io.michaelcane.Calculator.&lt;init&gt;(Calculator.java:6)
	at io.michaelcane.Commands.&lt;init&gt;(Commands.java:5)
	at io.michaelcane.Calculator.&lt;init&gt;(Calculator.java:6)
	at io.michaelcane.Commands.&lt;init&gt;(Commands.java:5)
	at io.michaelcane.Calculator.&lt;init&gt;(Calculator.java:6)
	at io.michaelcane.Commands.&lt;init&gt;(Commands.java:5)
	at io.michaelcane.Calculator.&lt;init&gt;(Calculator.java:6)
	at io.michaelcane.Commands.&lt;init&gt;(Commands.java:5)
	at io.michaelcane.Calculator.&lt;init&gt;(Calculator.java:6)
	at io.michaelcane.Commands.&lt;init&gt;(Commands.java:5)
	at io.michaelcane.Calculator.&lt;init&gt;(Calculator.java:6)
	at io.michaelcane.Commands.&lt;init&gt;(Commands.java:5)
	at io.michaelcane.Calculator.&lt;init&gt;(Calculator.java:6)
	at io.michaelcane.Commands.&lt;init&gt;(Commands.java:5)
	at io.michaelcane.Calculator.&lt;init&gt;(Calculator.java:6)
	at io.michaelcane.Commands.&lt;init&gt;(Commands.java:5)
	at io.michaelcane.Calculator.&lt;init&gt;(Calculator.java:6)
	at io.michaelcane.Commands.&lt;init&gt;(Commands.java:5)
	at io.michaelcane.Calculator.&lt;init&gt;(Calculator.java:6)
	at io.michaelcane.Commands.&lt;init&gt;(Commands.java:5)
	at io.michaelcane.Calculator.&lt;init&gt;(Calculator.java:6)
	at io.michaelcane.Commands.&lt;init&gt;(Commands.java:5)
	at io.michaelcane.Calculator.&lt;init&gt;(Calculator.java:6)
	at io.michaelcane.Commands.&lt;init&gt;(Commands.java:5)
	at io.michaelcane.Calculator.&lt;init&gt;(Calculator.java:6)
	at io.michaelcane.Commands.&lt;init&gt;(Commands.java:5)
	at io.michaelcane.Calculator.&lt;init&gt;(Calculator.java:6)
	at io.michaelcane.Commands.&lt;init&gt;(Commands.java:5)
	at io.michaelcane.Calculator.&lt;init&gt;(Calculator.java:6)
	at io.michaelcane.Commands.&lt;init&gt;(Commands.java:5)
	at io.michaelcane.Calculator.&lt;init&gt;(Calculator.java:6)
	at io.michaelcane.Commands.&lt;init&gt;(Commands.java:5)
	at io.michaelcane.Calculator.&lt;init&gt;(Calculator.java:6)
	at io.michaelcane.Commands.&lt;init&gt;(Commands.java:5)
	at io.michaelcane.Calculator.&lt;init&gt;(Calculator.java:6)
	at io.michaelcane.Commands.&lt;init&gt;(Commands.java:5)
	at io.michaelcane.Calculator.&lt;init&gt;(Calculator.java:6)
	at io.michaelcane.Commands.&lt;init&gt;(Commands.java:5)
	at io.michaelcane.Calculator.&lt;init&gt;(Calculator.java:6)
	at io.michaelcane.Commands.&lt;init&gt;(Commands.java:5)
	at io.michaelcane.Calculator.&lt;init&gt;(Calculator.java:6)
	at io.michaelcane.Commands.&lt;init&gt;(Commands.java:5)
	at io.michaelcane.Calculator.&lt;init&gt;(Calculator.java:6)
	at io.michaelcane.Commands.&lt;init&gt;(Commands.java:5)
	at io.michaelcane.Calculator.&lt;init&gt;(Calculator.java:6)
	at io.michaelcane.Commands.&lt;init&gt;(Commands.java:5)
	at io.michaelcane.Calculator.&lt;init&gt;(Calculator.java:6)
	at io.michaelcane.Commands.&lt;init&gt;(Commands.java:5)
	at io.michaelcane.Calculator.&lt;init&gt;(Calculator.java:6)
	at io.michaelcane.Commands.&lt;init&gt;(Commands.java:5)
	at io.michaelcane.Calculator.&lt;init&gt;(Calculator.java:6)
	at io.michaelcane.Commands.&lt;init&gt;(Commands.java:5)
	at io.michaelcane.Calculator.&lt;init&gt;(Calculator.java:6)
	at io.michaelcane.Commands.&lt;init&gt;(Commands.java:5)
	at io.michaelcane.Calculator.&lt;init&gt;(Calculator.java:6)
	at io.michaelcane.Commands.&lt;init&gt;(Commands.java:5)
	at io.michaelcane.Calculator.&lt;init&gt;(Calculator.java:6)
	at io.michaelcane.Commands.&lt;init&gt;(Commands.java:5)
	at io.michaelcane.Calculator.&lt;init&gt;(Calculator.java:6)
	at io.michaelcane.Commands.&lt;init&gt;(Commands.java:5)
	at io.michaelcane.Calculator.&lt;init&gt;(Calculator.java:6)
	at io.michaelcane.Commands.&lt;init&gt;(Commands.java:5)
	at io.michaelcane.Calculator.&lt;init&gt;(Calculator.java:6)
	at io.michaelcane.Commands.&lt;init&gt;(Commands.java:5)
	at io.michaelcane.Calculator.&lt;init&gt;(Calculator.java:6)
	at io.michaelcane.Commands.&lt;init&gt;(Commands.java:5)
	at io.michaelcane.Calculator.&lt;init&gt;(Calculator.java:6)
	at io.michaelcane.Commands.&lt;init&gt;(Commands.java:5)
	at io.michaelcane.Calculator.&lt;init&gt;(Calculator.java:6)
	at io.michaelcane.Commands.&lt;init&gt;(Commands.java:5)
	at io.michaelcane.Calculator.&lt;init&gt;(Calculator.java:6)
	at io.michaelcane.Commands.&lt;init&gt;(Commands.java:5)
	at io.michaelcane.Calculator.&lt;init&gt;(Calculator.java:6)
	at io.michaelcane.Commands.&lt;init&gt;(Commands.java:5)
	at io.michaelcane.Calculator.&lt;init&gt;(Calculator.java:6)
	at io.michaelcane.Commands.&lt;init&gt;(Commands.java:5)
	at io.michaelcane.Calculator.&lt;init&gt;(Calculator.java:6)
	at io.michaelcane.Commands.&lt;init&gt;(Commands.java:5)
	at io.michaelcane.Calculator.&lt;init&gt;(Calculator.java:6)
	at io.michaelcane.Commands.&lt;init&gt;(Commands.java:5)
	at io.michaelcane.Calculator.&lt;init&gt;(Calculator.java:6)
	at io.michaelcane.Commands.&lt;init&gt;(Commands.java:5)
	at io.michaelcane.Calculator.&lt;init&gt;(Calculator.java:6)
	at io.michaelcane.Commands.&lt;init&gt;(Commands.java:5)
	at io.michaelcane.Calculator.&lt;init&gt;(Calculator.java:6)
	at io.michaelcane.Commands.&lt;init&gt;(Commands.java:5)
	at io.michaelcane.Calculator.&lt;init&gt;(Calculator.java:6)
	at io.michaelcane.Commands.&lt;init&gt;(Commands.java:5)
	at io.michaelcane.Calculator.&lt;init&gt;(Calculator.java:6)
	at io.michaelcane.Commands.&lt;init&gt;(Commands.java:5)
	at io.michaelcane.Calculator.&lt;init&gt;(Calculator.java:6)
	at io.michaelcane.Commands.&lt;init&gt;(Commands.java:5)
	at io.michaelcane.Calculator.&lt;init&gt;(Calculator.java:6)
	at io.michaelcane.Commands.&lt;init&gt;(Commands.java:5)
	at io.michaelcane.Calculator.&lt;init&gt;(Calculator.java:6)
	at io.michaelcane.Commands.&lt;init&gt;(Commands.java:5)
	at io.michaelcane.Calculator.&lt;init&gt;(Calculator.java:6)
	at io.michaelcane.Commands.&lt;init&gt;(Commands.java:5)
	at io.michaelcane.Calculator.&lt;init&gt;(Calculator.java:6)
	at io.michaelcane.Commands.&lt;init&gt;(Commands.java:5)
	at io.michaelcane.Calculator.&lt;init&gt;(Calculator.java:6)
	at io.michaelcane.Commands.&lt;init&gt;(Commands.java:5)
	at io.michaelcane.Calculator.&lt;init&gt;(Calculator.java:6)
	at io.michaelcane.Commands.&lt;init&gt;(Commands.java:5)
	at io.michaelcane.Calculator.&lt;init&gt;(Calculator.java:6)
	at io.michaelcane.Commands.&lt;init&gt;(Commands.java:5)
	at io.michaelcane.Calculator.&lt;init&gt;(Calculator.java:6)
	at io.michaelcane.Commands.&lt;init&gt;(Commands.java:5)
	at io.michaelcane.Calculator.&lt;init&gt;(Calculator.java:6)
	at io.michaelcane.Commands.&lt;init&gt;(Commands.java:5)
	at io.michaelcane.Calculator.&lt;init&gt;(Calculator.java:6)
	at io.michaelcane.Commands.&lt;init&gt;(Commands.java:5)
	at io.michaelcane.Calculator.&lt;init&gt;(Calculator.java:6)
	at io.michaelcane.Commands.&lt;init&gt;(Commands.java:5)
	at io.michaelcane.Calculator.&lt;init&gt;(Calculator.java:6)
	at io.michaelcane.Commands.&lt;init&gt;(Commands.java:5)
	at io.michaelcane.Calculator.&lt;init&gt;(Calculator.java:6)
	at io.michaelcane.Commands.&lt;init&gt;(Commands.java:5)
	at io.michaelcane.Calculator.&lt;init&gt;(Calculator.java:6)
	at io.michaelcane.Commands.&lt;init&gt;(Commands.java:5)
	at io.michaelcane.Calculator.&lt;init&gt;(Calculator.java:6)
	at io.michaelcane.Commands.&lt;init&gt;(Commands.java:5)
	at io.michaelcane.Calculator.&lt;init&gt;(Calculator.java:6)
	at io.michaelcane.Commands.&lt;init&gt;(Commands.java:5)
	at io.michaelcane.Calculator.&lt;init&gt;(Calculator.java:6)
	at io.michaelcane.Commands.&lt;init&gt;(Commands.java:5)
	at io.michaelcane.Calculator.&lt;init&gt;(Calculator.java:6)
	at io.michaelcane.Commands.&lt;init&gt;(Commands.java:5)
	at io.michaelcane.Calculator.&lt;init&gt;(Calculator.java:6)
	at io.michaelcane.Commands.&lt;init&gt;(Commands.java:5)
	at io.michaelcane.Calculator.&lt;init&gt;(Calculator.java:6)
	at io.michaelcane.Commands.&lt;init&gt;(Commands.java:5)
	at io.michaelcane.Calculator.&lt;init&gt;(Calculator.java:6)
	at io.michaelcane.Commands.&lt;init&gt;(Commands.java:5)
	at io.michaelcane.Calculator.&lt;init&gt;(Calculator.java:6)
	at io.michaelcane.Commands.&lt;init&gt;(Commands.java:5)
	at io.michaelcane.Calculator.&lt;init&gt;(Calculator.java:6)
	at io.michaelcane.Commands.&lt;init&gt;(Commands.java:5)
	at io.michaelcane.Calculator.&lt;init&gt;(Calculator.java:6)
	at io.michaelcane.Commands.&lt;init&gt;(Commands.java:5)
	at io.michaelcane.Calculator.&lt;init&gt;(Calculator.java:6)
	at io.michaelcane.Commands.&lt;init&gt;(Commands.java:5)
	at io.michaelcane.Calculator.&lt;init&gt;(Calculator.java:6)
	at io.michaelcane.Commands.&lt;init&gt;(Commands.java:5)
	at io.michaelcane.Calculator.&lt;init&gt;(Calculator.java:6)
	at io.michaelcane.Commands.&lt;init&gt;(Commands.java:5)
	at io.michaelcane.Calculator.&lt;init&gt;(Calculator.java:6)
	at io.michaelcane.Commands.&lt;init&gt;(Commands.java:5)
	at io.michaelcane.Calculator.&lt;init&gt;(Calculator.java:6)
	at io.michaelcane.Commands.&lt;init&gt;(Commands.java:5)
	at io.michaelcane.Calculator.&lt;init&gt;(Calculator.java:6)
	at io.michaelcane.Commands.&lt;init&gt;(Commands.java:5)
	at io.michaelcane.Calculator.&lt;init&gt;(Calculator.java:6)
	at io.michaelcane.Commands.&lt;init&gt;(Commands.java:5)
	at io.michaelcane.Calculator.&lt;init&gt;(Calculator.java:6)
	at io.michaelcane.Commands.&lt;init&gt;(Commands.java:5)
	at io.michaelcane.Calculator.&lt;init&gt;(Calculator.java:6)
	at io.michaelcane.Commands.&lt;init&gt;(Commands.java:5)
	at io.michaelcane.Calculator.&lt;init&gt;(Calculator.java:6)
	at io.michaelcane.Commands.&lt;init&gt;(Commands.java:5)
	at io.michaelcane.Calculator.&lt;init&gt;(Calculator.java:6)
	at io.michaelcane.Commands.&lt;init&gt;(Commands.java:5)
	at io.michaelcane.Calculator.&lt;init&gt;(Calculator.java:6)
	at io.michaelcane.Commands.&lt;init&gt;(Commands.java:5)
	at io.michaelcane.Calculator.&lt;init&gt;(Calculator.java:6)
	at io.michaelcane.Commands.&lt;init&gt;(Commands.java:5)
	at io.michaelcane.Calculator.&lt;init&gt;(Calculator.java:6)
	at io.michaelcane.Commands.&lt;init&gt;(Commands.java:5)
	at io.michaelcane.Calculator.&lt;init&gt;(Calculator.java:6)
	at io.michaelcane.Commands.&lt;init&gt;(Commands.java:5)
	at io.michaelcane.Calculator.&lt;init&gt;(Calculator.java:6)
	at io.michaelcane.Commands.&lt;init&gt;(Commands.java:5)
	at io.michaelcane.Calculator.&lt;init&gt;(Calculator.java:6)
	at io.michaelcane.Commands.&lt;init&gt;(Commands.java:5)
	at io.michaelcane.Calculator.&lt;init&gt;(Calculator.java:6)
	at io.michaelcane.Commands.&lt;init&gt;(Commands.java:5)
	at io.michaelcane.Calculator.&lt;init&gt;(Calculator.java:6)
	at io.michaelcane.Commands.&lt;init&gt;(Commands.java:5)
	at io.michaelcane.Calculator.&lt;init&gt;(Calculator.java:6)
	at io.michaelcane.Commands.&lt;init&gt;(Commands.java:5)
	at io.michaelcane.Calculator.&lt;init&gt;(Calculator.java:6)
	at io.michaelcane.Commands.&lt;init&gt;(Commands.java:5)
	at io.michaelcane.Calculator.&lt;init&gt;(Calculator.java:6)
	at io.michaelcane.Commands.&lt;init&gt;(Commands.java:5)
	at io.michaelcane.Calculator.&lt;init&gt;(Calculator.java:6)
	at io.michaelcane.Commands.&lt;init&gt;(Commands.java:5)
	at io.michaelcane.Calculator.&lt;init&gt;(Calculator.java:6)
	at io.michaelcane.Commands.&lt;init&gt;(Commands.java:5)
	at io.michaelcane.Calculator.&lt;init&gt;(Calculator.java:6)
	at io.michaelcane.Commands.&lt;init&gt;(Commands.java:5)
	at io.michaelcane.Calculator.&lt;init&gt;(Calculator.java:6)
	at io.michaelcane.Commands.&lt;init&gt;(Commands.java:5)
	at io.michaelcane.Calculator.&lt;init&gt;(Calculator.java:6)
	at io.michaelcane.Commands.&lt;init&gt;(Commands.java:5)
	at io.michaelcane.Calculator.&lt;init&gt;(Calculator.java:6)
	at io.michaelcane.Commands.&lt;init&gt;(Commands.java:5)
	at io.michaelcane.Calculator.&lt;init&gt;(Calculator.java:6)
	at io.michaelcane.Commands.&lt;init&gt;(Commands.java:5)
	at io.michaelcane.Calculator.&lt;init&gt;(Calculator.java:6)
	at io.michaelcane.Commands.&lt;init&gt;(Commands.java:5)
	at io.michaelcane.Calculator.&lt;init&gt;(Calculator.java:6)
	at io.michaelcane.Commands.&lt;init&gt;(Commands.java:5)
	at io.michaelcane.Calculator.&lt;init&gt;(Calculator.java:6)
	at io.michaelcane.Commands.&lt;init&gt;(Commands.java:5)
	at io.michaelcane.Calculator.&lt;init&gt;(Calculator.java:6)
	at io.michaelcane.Commands.&lt;init&gt;(Commands.java:5)
	at io.michaelcane.Calculator.&lt;init&gt;(Calculator.java:6)
	at io.michaelcane.Commands.&lt;init&gt;(Commands.java:5)
	at io.michaelcane.Calculator.&lt;init&gt;(Calculator.java:6)
	at io.michaelcane.Commands.&lt;init&gt;(Commands.java:5)
	at io.michaelcane.Calculator.&lt;init&gt;(Calculator.java:6)
	at io.michaelcane.Commands.&lt;init&gt;(Commands.java:5)
	at io.michaelcane.Calculator.&lt;init&gt;(Calculator.java:6)
	at io.michaelcane.Commands.&lt;init&gt;(Commands.java:5)
	at io.michaelcane.Calculator.&lt;init&gt;(Calculator.java:6)
	at io.michaelcane.Commands.&lt;init&gt;(Commands.java:5)
	at io.michaelcane.Calculator.&lt;init&gt;(Calculator.java:6)
	at io.michaelcane.Commands.&lt;init&gt;(Commands.java:5)
	at io.michaelcane.Calculator.&lt;init&gt;(Calculator.java:6)
	at io.michaelcane.Commands.&lt;init&gt;(Commands.java:5)
	at io.michaelcane.Calculator.&lt;init&gt;(Calculator.java:6)
	at io.michaelcane.Commands.&lt;init&gt;(Commands.java:5)
	at io.michaelcane.Calculator.&lt;init&gt;(Calculator.java:6)
	at io.michaelcane.Commands.&lt;init&gt;(Commands.java:5)
	at io.michaelcane.Calculator.&lt;init&gt;(Calculator.java:6)
	at io.michaelcane.Commands.&lt;init&gt;(Commands.java:5)
	at io.michaelcane.Calculator.&lt;init&gt;(Calculator.java:6)
	at io.michaelcane.Commands.&lt;init&gt;(Commands.java:5)
	at io.michaelcane.Calculator.&lt;init&gt;(Calculator.java:6)
	at io.michaelcane.Commands.&lt;init&gt;(Commands.java:5)
	at io.michaelcane.Calculator.&lt;init&gt;(Calculator.java:6)
	at io.michaelcane.Commands.&lt;init&gt;(Commands.java:5)
	at io.michaelcane.Calculator.&lt;init&gt;(Calculator.java:6)
	at io.michaelcane.Commands.&lt;init&gt;(Commands.java:5)
	at io.michaelcane.Calculator.&lt;init&gt;(Calculator.java:6)
	at io.michaelcane.Commands.&lt;init&gt;(Commands.java:5)
	at io.michaelcane.Calculator.&lt;init&gt;(Calculator.java:6)
	at io.michaelcane.Commands.&lt;init&gt;(Commands.java:5)
	at io.michaelcane.Calculator.&lt;init&gt;(Calculator.java:6)
	at io.michaelcane.Commands.&lt;init&gt;(Commands.java:5)
	at io.michaelcane.Calculator.&lt;init&gt;(Calculator.java:6)
	at io.michaelcane.Commands.&lt;init&gt;(Commands.java:5)
	at io.michaelcane.Calculator.&lt;init&gt;(Calculator.java:6)
	at io.michaelcane.Commands.&lt;init&gt;(Commands.java:5)
	at io.michaelcane.Calculator.&lt;init&gt;(Calculator.java:6)
	at io.michaelcane.Commands.&lt;init&gt;(Commands.java:5)
	at io.michaelcane.Calculator.&lt;init&gt;(Calculator.java:6)
	at io.michaelcane.Commands.&lt;init&gt;(Commands.java:5)
	at io.michaelcane.Calculator.&lt;init&gt;(Calculator.java:6)
	at io.michaelcane.Commands.&lt;init&gt;(Commands.java:5)
	at io.michaelcane.Calculator.&lt;init&gt;(Calculator.java:6)
	at io.michaelcane.Commands.&lt;init&gt;(Commands.java:5)
	at io.michaelcane.Calculator.&lt;init&gt;(Calculator.java:6)
	at io.michaelcane.Commands.&lt;init&gt;(Commands.java:5)
	at io.michaelcane.Calculator.&lt;init&gt;(Calculator.java:6)
	at io.michaelcane.Commands.&lt;init&gt;(Commands.java:5)
	at io.michaelcane.Calculator.&lt;init&gt;(Calculator.java:6)
	at io.michaelcane.Commands.&lt;init&gt;(Commands.java:5)
	at io.michaelcane.Calculator.&lt;init&gt;(Calculator.java:6)
	at io.michaelcane.Commands.&lt;init&gt;(Commands.java:5)
	at io.michaelcane.Calculator.&lt;init&gt;(Calculator.java:6)
	at io.michaelcane.Commands.&lt;init&gt;(Commands.java:5)
	at io.michaelcane.Calculator.&lt;init&gt;(Calculator.java:6)
	at io.michaelcane.Commands.&lt;init&gt;(Commands.java:5)
	at io.michaelcane.Calculator.&lt;init&gt;(Calculator.java:6)
	at io.michaelcane.Commands.&lt;init&gt;(Commands.java:5)
</error>
  </testcase>
  <testcase classname="io.michaelcane.CalculatorSpec" name="test$inverseCosin" time="0.007">
    <error type="java.lang.StackOverflowError">java.lang.StackOverflowError
	at io.michaelcane.Calculator.&lt;init&gt;(Calculator.java:6)
	at io.michaelcane.Commands.&lt;init&gt;(Commands.java:5)
	at io.michaelcane.Calculator.&lt;init&gt;(Calculator.java:6)
	at io.michaelcane.Commands.&lt;init&gt;(Commands.java:5)
	at io.michaelcane.Calculator.&lt;init&gt;(Calculator.java:6)
	at io.michaelcane.Commands.&lt;init&gt;(Commands.java:5)
	at io.michaelcane.Calculator.&lt;init&gt;(Calculator.java:6)
	at io.michaelcane.Commands.&lt;init&gt;(Commands.java:5)
	at io.michaelcane.Calculator.&lt;init&gt;(Calculator.java:6)
	at io.michaelcane.Commands.&lt;init&gt;(Commands.java:5)
	at io.michaelcane.Calculator.&lt;init&gt;(Calculator.java:6)
	at io.michaelcane.Commands.&lt;init&gt;(Commands.java:5)
	at io.michaelcane.Calculator.&lt;init&gt;(Calculator.java:6)
	at io.michaelcane.Commands.&lt;init&gt;(Commands.java:5)
	at io.michaelcane.Calculator.&lt;init&gt;(Calculator.java:6)
	at io.michaelcane.Commands.&lt;init&gt;(Commands.java:5)
	at io.michaelcane.Calculator.&lt;init&gt;(Calculator.java:6)
	at io.michaelcane.Commands.&lt;init&gt;(Commands.java:5)
	at io.michaelcane.Calculator.&lt;init&gt;(Calculator.java:6)
	at io.michaelcane.Commands.&lt;init&gt;(Commands.java:5)
	at io.michaelcane.Calculator.&lt;init&gt;(Calculator.java:6)
	at io.michaelcane.Commands.&lt;init&gt;(Commands.java:5)
	at io.michaelcane.Calculator.&lt;init&gt;(Calculator.java:6)
	at io.michaelcane.Commands.&lt;init&gt;(Commands.java:5)
	at io.michaelcane.Calculator.&lt;init&gt;(Calculator.java:6)
	at io.michaelcane.Commands.&lt;init&gt;(Commands.java:5)
	at io.michaelcane.Calculator.&lt;init&gt;(Calculator.java:6)
	at io.michaelcane.Commands.&lt;init&gt;(Commands.java:5)
	at io.michaelcane.Calculator.&lt;init&gt;(Calculator.java:6)
	at io.michaelcane.Commands.&lt;init&gt;(Commands.java:5)
	at io.michaelcane.Calculator.&lt;init&gt;(Calculator.java:6)
	at io.michaelcane.Commands.&lt;init&gt;(Commands.java:5)
	at io.michaelcane.Calculator.&lt;init&gt;(Calculator.java:6)
	at io.michaelcane.Commands.&lt;init&gt;(Commands.java:5)
	at io.michaelcane.Calculator.&lt;init&gt;(Calculator.java:6)
	at io.michaelcane.Commands.&lt;init&gt;(Commands.java:5)
	at io.michaelcane.Calculator.&lt;init&gt;(Calculator.java:6)
	at io.michaelcane.Commands.&lt;init&gt;(Commands.java:5)
	at io.michaelcane.Calculator.&lt;init&gt;(Calculator.java:6)
	at io.michaelcane.Commands.&lt;init&gt;(Commands.java:5)
	at io.michaelcane.Calculator.&lt;init&gt;(Calculator.java:6)
	at io.michaelcane.Commands.&lt;init&gt;(Commands.java:5)
	at io.michaelcane.Calculator.&lt;init&gt;(Calculator.java:6)
	at io.michaelcane.Commands.&lt;init&gt;(Commands.java:5)
	at io.michaelcane.Calculator.&lt;init&gt;(Calculator.java:6)
	at io.michaelcane.Commands.&lt;init&gt;(Commands.java:5)
	at io.michaelcane.Calculator.&lt;init&gt;(Calculator.java:6)
	at io.michaelcane.Commands.&lt;init&gt;(Commands.java:5)
	at io.michaelcane.Calculator.&lt;init&gt;(Calculator.java:6)
	at io.michaelcane.Commands.&lt;init&gt;(Commands.java:5)
	at io.michaelcane.Calculator.&lt;init&gt;(Calculator.java:6)
	at io.michaelcane.Commands.&lt;init&gt;(Commands.java:5)
	at io.michaelcane.Calculator.&lt;init&gt;(Calculator.java:6)
	at io.michaelcane.Commands.&lt;init&gt;(Commands.java:5)
	at io.michaelcane.Calculator.&lt;init&gt;(Calculator.java:6)
	at io.michaelcane.Commands.&lt;init&gt;(Commands.java:5)
	at io.michaelcane.Calculator.&lt;init&gt;(Calculator.java:6)
	at io.michaelcane.Commands.&lt;init&gt;(Commands.java:5)
	at io.michaelcane.Calculator.&lt;init&gt;(Calculator.java:6)
	at io.michaelcane.Commands.&lt;init&gt;(Commands.java:5)
	at io.michaelcane.Calculator.&lt;init&gt;(Calculator.java:6)
	at io.michaelcane.Commands.&lt;init&gt;(Commands.java:5)
	at io.michaelcane.Calculator.&lt;init&gt;(Calculator.java:6)
	at io.michaelcane.Commands.&lt;init&gt;(Commands.java:5)
	at io.michaelcane.Calculator.&lt;init&gt;(Calculator.java:6)
	at io.michaelcane.Commands.&lt;init&gt;(Commands.java:5)
	at io.michaelcane.Calculator.&lt;init&gt;(Calculator.java:6)
	at io.michaelcane.Commands.&lt;init&gt;(Commands.java:5)
	at io.michaelcane.Calculator.&lt;init&gt;(Calculator.java:6)
	at io.michaelcane.Commands.&lt;init&gt;(Commands.java:5)
	at io.michaelcane.Calculator.&lt;init&gt;(Calculator.java:6)
	at io.michaelcane.Commands.&lt;init&gt;(Commands.java:5)
	at io.michaelcane.Calculator.&lt;init&gt;(Calculator.java:6)
	at io.michaelcane.Commands.&lt;init&gt;(Commands.java:5)
	at io.michaelcane.Calculator.&lt;init&gt;(Calculator.java:6)
	at io.michaelcane.Commands.&lt;init&gt;(Commands.java:5)
	at io.michaelcane.Calculator.&lt;init&gt;(Calculator.java:6)
	at io.michaelcane.Commands.&lt;init&gt;(Commands.java:5)
	at io.michaelcane.Calculator.&lt;init&gt;(Calculator.java:6)
	at io.michaelcane.Commands.&lt;init&gt;(Commands.java:5)
	at io.michaelcane.Calculator.&lt;init&gt;(Calculator.java:6)
	at io.michaelcane.Commands.&lt;init&gt;(Commands.java:5)
	at io.michaelcane.Calculator.&lt;init&gt;(Calculator.java:6)
	at io.michaelcane.Commands.&lt;init&gt;(Commands.java:5)
	at io.michaelcane.Calculator.&lt;init&gt;(Calculator.java:6)
	at io.michaelcane.Commands.&lt;init&gt;(Commands.java:5)
	at io.michaelcane.Calculator.&lt;init&gt;(Calculator.java:6)
	at io.michaelcane.Commands.&lt;init&gt;(Commands.java:5)
	at io.michaelcane.Calculator.&lt;init&gt;(Calculator.java:6)
	at io.michaelcane.Commands.&lt;init&gt;(Commands.java:5)
	at io.michaelcane.Calculator.&lt;init&gt;(Calculator.java:6)
	at io.michaelcane.Commands.&lt;init&gt;(Commands.java:5)
	at io.michaelcane.Calculator.&lt;init&gt;(Calculator.java:6)
	at io.michaelcane.Commands.&lt;init&gt;(Commands.java:5)
	at io.michaelcane.Calculator.&lt;init&gt;(Calculator.java:6)
	at io.michaelcane.Commands.&lt;init&gt;(Commands.java:5)
	at io.michaelcane.Calculator.&lt;init&gt;(Calculator.java:6)
	at io.michaelcane.Commands.&lt;init&gt;(Commands.java:5)
	at io.michaelcane.Calculator.&lt;init&gt;(Calculator.java:6)
	at io.michaelcane.Commands.&lt;init&gt;(Commands.java:5)
	at io.michaelcane.Calculator.&lt;init&gt;(Calculator.java:6)
	at io.michaelcane.Commands.&lt;init&gt;(Commands.java:5)
	at io.michaelcane.Calculator.&lt;init&gt;(Calculator.java:6)
	at io.michaelcane.Commands.&lt;init&gt;(Commands.java:5)
	at io.michaelcane.Calculator.&lt;init&gt;(Calculator.java:6)
	at io.michaelcane.Commands.&lt;init&gt;(Commands.java:5)
	at io.michaelcane.Calculator.&lt;init&gt;(Calculator.java:6)
	at io.michaelcane.Commands.&lt;init&gt;(Commands.java:5)
	at io.michaelcane.Calculator.&lt;init&gt;(Calculator.java:6)
	at io.michaelcane.Commands.&lt;init&gt;(Commands.java:5)
	at io.michaelcane.Calculator.&lt;init&gt;(Calculator.java:6)
	at io.michaelcane.Commands.&lt;init&gt;(Commands.java:5)
	at io.michaelcane.Calculator.&lt;init&gt;(Calculator.java:6)
	at io.michaelcane.Commands.&lt;init&gt;(Commands.java:5)
	at io.michaelcane.Calculator.&lt;init&gt;(Calculator.java:6)
	at io.michaelcane.Commands.&lt;init&gt;(Commands.java:5)
	at io.michaelcane.Calculator.&lt;init&gt;(Calculator.java:6)
	at io.michaelcane.Commands.&lt;init&gt;(Commands.java:5)
	at io.michaelcane.Calculator.&lt;init&gt;(Calculator.java:6)
	at io.michaelcane.Commands.&lt;init&gt;(Commands.java:5)
	at io.michaelcane.Calculator.&lt;init&gt;(Calculator.java:6)
	at io.michaelcane.Commands.&lt;init&gt;(Commands.java:5)
	at io.michaelcane.Calculator.&lt;init&gt;(Calculator.java:6)
	at io.michaelcane.Commands.&lt;init&gt;(Commands.java:5)
	at io.michaelcane.Calculator.&lt;init&gt;(Calculator.java:6)
	at io.michaelcane.Commands.&lt;init&gt;(Commands.java:5)
	at io.michaelcane.Calculator.&lt;init&gt;(Calculator.java:6)
	at io.michaelcane.Commands.&lt;init&gt;(Commands.java:5)
	at io.michaelcane.Calculator.&lt;init&gt;(Calculator.java:6)
	at io.michaelcane.Commands.&lt;init&gt;(Commands.java:5)
	at io.michaelcane.Calculator.&lt;init&gt;(Calculator.java:6)
	at io.michaelcane.Commands.&lt;init&gt;(Commands.java:5)
	at io.michaelcane.Calculator.&lt;init&gt;(Calculator.java:6)
	at io.michaelcane.Commands.&lt;init&gt;(Commands.java:5)
	at io.michaelcane.Calculator.&lt;init&gt;(Calculator.java:6)
	at io.michaelcane.Commands.&lt;init&gt;(Commands.java:5)
	at io.michaelcane.Calculator.&lt;init&gt;(Calculator.java:6)
	at io.michaelcane.Commands.&lt;init&gt;(Commands.java:5)
	at io.michaelcane.Calculator.&lt;init&gt;(Calculator.java:6)
	at io.michaelcane.Commands.&lt;init&gt;(Commands.java:5)
	at io.michaelcane.Calculator.&lt;init&gt;(Calculator.java:6)
	at io.michaelcane.Commands.&lt;init&gt;(Commands.java:5)
	at io.michaelcane.Calculator.&lt;init&gt;(Calculator.java:6)
	at io.michaelcane.Commands.&lt;init&gt;(Commands.java:5)
	at io.michaelcane.Calculator.&lt;init&gt;(Calculator.java:6)
	at io.michaelcane.Commands.&lt;init&gt;(Commands.java:5)
	at io.michaelcane.Calculator.&lt;init&gt;(Calculator.java:6)
	at io.michaelcane.Commands.&lt;init&gt;(Commands.java:5)
	at io.michaelcane.Calculator.&lt;init&gt;(Calculator.java:6)
	at io.michaelcane.Commands.&lt;init&gt;(Commands.java:5)
	at io.michaelcane.Calculator.&lt;init&gt;(Calculator.java:6)
	at io.michaelcane.Commands.&lt;init&gt;(Commands.java:5)
	at io.michaelcane.Calculator.&lt;init&gt;(Calculator.java:6)
	at io.michaelcane.Commands.&lt;init&gt;(Commands.java:5)
	at io.michaelcane.Calculator.&lt;init&gt;(Calculator.java:6)
	at io.michaelcane.Commands.&lt;init&gt;(Commands.java:5)
	at io.michaelcane.Calculator.&lt;init&gt;(Calculator.java:6)
	at io.michaelcane.Commands.&lt;init&gt;(Commands.java:5)
	at io.michaelcane.Calculator.&lt;init&gt;(Calculator.java:6)
	at io.michaelcane.Commands.&lt;init&gt;(Commands.java:5)
	at io.michaelcane.Calculator.&lt;init&gt;(Calculator.java:6)
	at io.michaelcane.Commands.&lt;init&gt;(Commands.java:5)
	at io.michaelcane.Calculator.&lt;init&gt;(Calculator.java:6)
	at io.michaelcane.Commands.&lt;init&gt;(Commands.java:5)
	at io.michaelcane.Calculator.&lt;init&gt;(Calculator.java:6)
	at io.michaelcane.Commands.&lt;init&gt;(Commands.java:5)
	at io.michaelcane.Calculator.&lt;init&gt;(Calculator.java:6)
	at io.michaelcane.Commands.&lt;init&gt;(Commands.java:5)
	at io.michaelcane.Calculator.&lt;init&gt;(Calculator.java:6)
	at io.michaelcane.Commands.&lt;init&gt;(Commands.java:5)
	at io.michaelcane.Calculator.&lt;init&gt;(Calculator.java:6)
	at io.michaelcane.Commands.&lt;init&gt;(Commands.java:5)
	at io.michaelcane.Calculator.&lt;init&gt;(Calculator.java:6)
	at io.michaelcane.Commands.&lt;init&gt;(Commands.java:5)
	at io.michaelcane.Calculator.&lt;init&gt;(Calculator.java:6)
	at io.michaelcane.Commands.&lt;init&gt;(Commands.java:5)
	at io.michaelcane.Calculator.&lt;init&gt;(Calculator.java:6)
	at io.michaelcane.Commands.&lt;init&gt;(Commands.java:5)
	at io.michaelcane.Calculator.&lt;init&gt;(Calculator.java:6)
	at io.michaelcane.Commands.&lt;init&gt;(Commands.java:5)
	at io.michaelcane.Calculator.&lt;init&gt;(Calculator.java:6)
	at io.michaelcane.Commands.&lt;init&gt;(Commands.java:5)
	at io.michaelcane.Calculator.&lt;init&gt;(Calculator.java:6)
	at io.michaelcane.Commands.&lt;init&gt;(Commands.java:5)
	at io.michaelcane.Calculator.&lt;init&gt;(Calculator.java:6)
	at io.michaelcane.Commands.&lt;init&gt;(Commands.java:5)
	at io.michaelcane.Calculator.&lt;init&gt;(Calculator.java:6)
	at io.michaelcane.Commands.&lt;init&gt;(Commands.java:5)
	at io.michaelcane.Calculator.&lt;init&gt;(Calculator.java:6)
	at io.michaelcane.Commands.&lt;init&gt;(Commands.java:5)
	at io.michaelcane.Calculator.&lt;init&gt;(Calculator.java:6)
	at io.michaelcane.Commands.&lt;init&gt;(Commands.java:5)
	at io.michaelcane.Calculator.&lt;init&gt;(Calculator.java:6)
	at io.michaelcane.Commands.&lt;init&gt;(Commands.java:5)
	at io.michaelcane.Calculator.&lt;init&gt;(Calculator.java:6)
	at io.michaelcane.Commands.&lt;init&gt;(Commands.java:5)
	at io.michaelcane.Calculator.&lt;init&gt;(Calculator.java:6)
	at io.michaelcane.Commands.&lt;init&gt;(Commands.java:5)
	at io.michaelcane.Calculator.&lt;init&gt;(Calculator.java:6)
	at io.michaelcane.Commands.&lt;init&gt;(Commands.java:5)
	at io.michaelcane.Calculator.&lt;init&gt;(Calculator.java:6)
	at io.michaelcane.Commands.&lt;init&gt;(Commands.java:5)
	at io.michaelcane.Calculator.&lt;init&gt;(Calculator.java:6)
	at io.michaelcane.Commands.&lt;init&gt;(Commands.java:5)
	at io.michaelcane.Calculator.&lt;init&gt;(Calculator.java:6)
	at io.michaelcane.Commands.&lt;init&gt;(Commands.java:5)
	at io.michaelcane.Calculator.&lt;init&gt;(Calculator.java:6)
	at io.michaelcane.Commands.&lt;init&gt;(Commands.java:5)
	at io.michaelcane.Calculator.&lt;init&gt;(Calculator.java:6)
	at io.michaelcane.Commands.&lt;init&gt;(Commands.java:5)
	at io.michaelcane.Calculator.&lt;init&gt;(Calculator.java:6)
	at io.michaelcane.Commands.&lt;init&gt;(Commands.java:5)
	at io.michaelcane.Calculator.&lt;init&gt;(Calculator.java:6)
	at io.michaelcane.Commands.&lt;init&gt;(Commands.java:5)
	at io.michaelcane.Calculator.&lt;init&gt;(Calculator.java:6)
	at io.michaelcane.Commands.&lt;init&gt;(Commands.java:5)
	at io.michaelcane.Calculator.&lt;init&gt;(Calculator.java:6)
	at io.michaelcane.Commands.&lt;init&gt;(Commands.java:5)
	at io.michaelcane.Calculator.&lt;init&gt;(Calculator.java:6)
	at io.michaelcane.Commands.&lt;init&gt;(Commands.java:5)
	at io.michaelcane.Calculator.&lt;init&gt;(Calculator.java:6)
	at io.michaelcane.Commands.&lt;init&gt;(Commands.java:5)
	at io.michaelcane.Calculator.&lt;init&gt;(Calculator.java:6)
	at io.michaelcane.Commands.&lt;init&gt;(Commands.java:5)
	at io.michaelcane.Calculator.&lt;init&gt;(Calculator.java:6)
	at io.michaelcane.Commands.&lt;init&gt;(Commands.java:5)
	at io.michaelcane.Calculator.&lt;init&gt;(Calculator.java:6)
	at io.michaelcane.Commands.&lt;init&gt;(Commands.java:5)
	at io.michaelcane.Calculator.&lt;init&gt;(Calculator.java:6)
	at io.michaelcane.Commands.&lt;init&gt;(Commands.java:5)
	at io.michaelcane.Calculator.&lt;init&gt;(Calculator.java:6)
	at io.michaelcane.Commands.&lt;init&gt;(Commands.java:5)
	at io.michaelcane.Calculator.&lt;init&gt;(Calculator.java:6)
	at io.michaelcane.Commands.&lt;init&gt;(Commands.java:5)
	at io.michaelcane.Calculator.&lt;init&gt;(Calculator.java:6)
	at io.michaelcane.Commands.&lt;init&gt;(Commands.java:5)
	at io.michaelcane.Calculator.&lt;init&gt;(Calculator.java:6)
	at io.michaelcane.Commands.&lt;init&gt;(Commands.java:5)
	at io.michaelcane.Calculator.&lt;init&gt;(Calculator.java:6)
	at io.michaelcane.Commands.&lt;init&gt;(Commands.java:5)
	at io.michaelcane.Calculator.&lt;init&gt;(Calculator.java:6)
	at io.michaelcane.Commands.&lt;init&gt;(Commands.java:5)
	at io.michaelcane.Calculator.&lt;init&gt;(Calculator.java:6)
	at io.michaelcane.Commands.&lt;init&gt;(Commands.java:5)
	at io.michaelcane.Calculator.&lt;init&gt;(Calculator.java:6)
	at io.michaelcane.Commands.&lt;init&gt;(Commands.java:5)
	at io.michaelcane.Calculator.&lt;init&gt;(Calculator.java:6)
	at io.michaelcane.Commands.&lt;init&gt;(Commands.java:5)
	at io.michaelcane.Calculator.&lt;init&gt;(Calculator.java:6)
	at io.michaelcane.Commands.&lt;init&gt;(Commands.java:5)
	at io.michaelcane.Calculator.&lt;init&gt;(Calculator.java:6)
	at io.michaelcane.Commands.&lt;init&gt;(Commands.java:5)
	at io.michaelcane.Calculator.&lt;init&gt;(Calculator.java:6)
	at io.michaelcane.Commands.&lt;init&gt;(Commands.java:5)
	at io.michaelcane.Calculator.&lt;init&gt;(Calculator.java:6)
	at io.michaelcane.Commands.&lt;init&gt;(Commands.java:5)
	at io.michaelcane.Calculator.&lt;init&gt;(Calculator.java:6)
	at io.michaelcane.Commands.&lt;init&gt;(Commands.java:5)
	at io.michaelcane.Calculator.&lt;init&gt;(Calculator.java:6)
	at io.michaelcane.Commands.&lt;init&gt;(Commands.java:5)
	at io.michaelcane.Calculator.&lt;init&gt;(Calculator.java:6)
	at io.michaelcane.Commands.&lt;init&gt;(Commands.java:5)
	at io.michaelcane.Calculator.&lt;init&gt;(Calculator.java:6)
	at io.michaelcane.Commands.&lt;init&gt;(Commands.java:5)
	at io.michaelcane.Calculator.&lt;init&gt;(Calculator.java:6)
	at io.michaelcane.Commands.&lt;init&gt;(Commands.java:5)
	at io.michaelcane.Calculator.&lt;init&gt;(Calculator.java:6)
	at io.michaelcane.Commands.&lt;init&gt;(Commands.java:5)
	at io.michaelcane.Calculator.&lt;init&gt;(Calculator.java:6)
	at io.michaelcane.Commands.&lt;init&gt;(Commands.java:5)
	at io.michaelcane.Calculator.&lt;init&gt;(Calculator.java:6)
	at io.michaelcane.Commands.&lt;init&gt;(Commands.java:5)
	at io.michaelcane.Calculator.&lt;init&gt;(Calculator.java:6)
	at io.michaelcane.Commands.&lt;init&gt;(Commands.java:5)
	at io.michaelcane.Calculator.&lt;init&gt;(Calculator.java:6)
	at io.michaelcane.Commands.&lt;init&gt;(Commands.java:5)
	at io.michaelcane.Calculator.&lt;init&gt;(Calculator.java:6)
	at io.michaelcane.Commands.&lt;init&gt;(Commands.java:5)
	at io.michaelcane.Calculator.&lt;init&gt;(Calculator.java:6)
	at io.michaelcane.Commands.&lt;init&gt;(Commands.java:5)
	at io.michaelcane.Calculator.&lt;init&gt;(Calculator.java:6)
	at io.michaelcane.Commands.&lt;init&gt;(Commands.java:5)
	at io.michaelcane.Calculator.&lt;init&gt;(Calculator.java:6)
	at io.michaelcane.Commands.&lt;init&gt;(Commands.java:5)
	at io.michaelcane.Calculator.&lt;init&gt;(Calculator.java:6)
	at io.michaelcane.Commands.&lt;init&gt;(Commands.java:5)
	at io.michaelcane.Calculator.&lt;init&gt;(Calculator.java:6)
	at io.michaelcane.Commands.&lt;init&gt;(Commands.java:5)
	at io.michaelcane.Calculator.&lt;init&gt;(Calculator.java:6)
	at io.michaelcane.Commands.&lt;init&gt;(Commands.java:5)
	at io.michaelcane.Calculator.&lt;init&gt;(Calculator.java:6)
	at io.michaelcane.Commands.&lt;init&gt;(Commands.java:5)
	at io.michaelcane.Calculator.&lt;init&gt;(Calculator.java:6)
	at io.michaelcane.Commands.&lt;init&gt;(Commands.java:5)
	at io.michaelcane.Calculator.&lt;init&gt;(Calculator.java:6)
	at io.michaelcane.Commands.&lt;init&gt;(Commands.java:5)
	at io.michaelcane.Calculator.&lt;init&gt;(Calculator.java:6)
	at io.michaelcane.Commands.&lt;init&gt;(Commands.java:5)
	at io.michaelcane.Calculator.&lt;init&gt;(Calculator.java:6)
	at io.michaelcane.Commands.&lt;init&gt;(Commands.java:5)
	at io.michaelcane.Calculator.&lt;init&gt;(Calculator.java:6)
	at io.michaelcane.Commands.&lt;init&gt;(Commands.java:5)
	at io.michaelcane.Calculator.&lt;init&gt;(Calculator.java:6)
	at io.michaelcane.Commands.&lt;init&gt;(Commands.java:5)
	at io.michaelcane.Calculator.&lt;init&gt;(Calculator.java:6)
	at io.michaelcane.Commands.&lt;init&gt;(Commands.java:5)
	at io.michaelcane.Calculator.&lt;init&gt;(Calculator.java:6)
	at io.michaelcane.Commands.&lt;init&gt;(Commands.java:5)
	at io.michaelcane.Calculator.&lt;init&gt;(Calculator.java:6)
	at io.michaelcane.Commands.&lt;init&gt;(Commands.java:5)
	at io.michaelcane.Calculator.&lt;init&gt;(Calculator.java:6)
	at io.michaelcane.Commands.&lt;init&gt;(Commands.java:5)
	at io.michaelcane.Calculator.&lt;init&gt;(Calculator.java:6)
	at io.michaelcane.Commands.&lt;init&gt;(Commands.java:5)
	at io.michaelcane.Calculator.&lt;init&gt;(Calculator.java:6)
	at io.michaelcane.Commands.&lt;init&gt;(Commands.java:5)
	at io.michaelcane.Calculator.&lt;init&gt;(Calculator.java:6)
	at io.michaelcane.Commands.&lt;init&gt;(Commands.java:5)
	at io.michaelcane.Calculator.&lt;init&gt;(Calculator.java:6)
	at io.michaelcane.Commands.&lt;init&gt;(Commands.java:5)
	at io.michaelcane.Calculator.&lt;init&gt;(Calculator.java:6)
	at io.michaelcane.Commands.&lt;init&gt;(Commands.java:5)
	at io.michaelcane.Calculator.&lt;init&gt;(Calculator.java:6)
	at io.michaelcane.Commands.&lt;init&gt;(Commands.java:5)
	at io.michaelcane.Calculator.&lt;init&gt;(Calculator.java:6)
	at io.michaelcane.Commands.&lt;init&gt;(Commands.java:5)
	at io.michaelcane.Calculator.&lt;init&gt;(Calculator.java:6)
	at io.michaelcane.Commands.&lt;init&gt;(Commands.java:5)
	at io.michaelcane.Calculator.&lt;init&gt;(Calculator.java:6)
	at io.michaelcane.Commands.&lt;init&gt;(Commands.java:5)
	at io.michaelcane.Calculator.&lt;init&gt;(Calculator.java:6)
	at io.michaelcane.Commands.&lt;init&gt;(Commands.java:5)
	at io.michaelcane.Calculator.&lt;init&gt;(Calculator.java:6)
	at io.michaelcane.Commands.&lt;init&gt;(Commands.java:5)
	at io.michaelcane.Calculator.&lt;init&gt;(Calculator.java:6)
	at io.michaelcane.Commands.&lt;init&gt;(Commands.java:5)
	at io.michaelcane.Calculator.&lt;init&gt;(Calculator.java:6)
	at io.michaelcane.Commands.&lt;init&gt;(Commands.java:5)
	at io.michaelcane.Calculator.&lt;init&gt;(Calculator.java:6)
	at io.michaelcane.Commands.&lt;init&gt;(Commands.java:5)
	at io.michaelcane.Calculator.&lt;init&gt;(Calculator.java:6)
	at io.michaelcane.Commands.&lt;init&gt;(Commands.java:5)
	at io.michaelcane.Calculator.&lt;init&gt;(Calculator.java:6)
	at io.michaelcane.Commands.&lt;init&gt;(Commands.java:5)
	at io.michaelcane.Calculator.&lt;init&gt;(Calculator.java:6)
	at io.michaelcane.Commands.&lt;init&gt;(Commands.java:5)
	at io.michaelcane.Calculator.&lt;init&gt;(Calculator.java:6)
	at io.michaelcane.Commands.&lt;init&gt;(Commands.java:5)
	at io.michaelcane.Calculator.&lt;init&gt;(Calculator.java:6)
	at io.michaelcane.Commands.&lt;init&gt;(Commands.java:5)
	at io.michaelcane.Calculator.&lt;init&gt;(Calculator.java:6)
	at io.michaelcane.Commands.&lt;init&gt;(Commands.java:5)
	at io.michaelcane.Calculator.&lt;init&gt;(Calculator.java:6)
	at io.michaelcane.Commands.&lt;init&gt;(Commands.java:5)
	at io.michaelcane.Calculator.&lt;init&gt;(Calculator.java:6)
	at io.michaelcane.Commands.&lt;init&gt;(Commands.java:5)
	at io.michaelcane.Calculator.&lt;init&gt;(Calculator.java:6)
	at io.michaelcane.Commands.&lt;init&gt;(Commands.java:5)
	at io.michaelcane.Calculator.&lt;init&gt;(Calculator.java:6)
	at io.michaelcane.Commands.&lt;init&gt;(Commands.java:5)
	at io.michaelcane.Calculator.&lt;init&gt;(Calculator.java:6)
	at io.michaelcane.Commands.&lt;init&gt;(Commands.java:5)
	at io.michaelcane.Calculator.&lt;init&gt;(Calculator.java:6)
	at io.michaelcane.Commands.&lt;init&gt;(Commands.java:5)
	at io.michaelcane.Calculator.&lt;init&gt;(Calculator.java:6)
	at io.michaelcane.Commands.&lt;init&gt;(Commands.java:5)
	at io.michaelcane.Calculator.&lt;init&gt;(Calculator.java:6)
	at io.michaelcane.Commands.&lt;init&gt;(Commands.java:5)
	at io.michaelcane.Calculator.&lt;init&gt;(Calculator.java:6)
	at io.michaelcane.Commands.&lt;init&gt;(Commands.java:5)
	at io.michaelcane.Calculator.&lt;init&gt;(Calculator.java:6)
	at io.michaelcane.Commands.&lt;init&gt;(Commands.java:5)
	at io.michaelcane.Calculator.&lt;init&gt;(Calculator.java:6)
	at io.michaelcane.Commands.&lt;init&gt;(Commands.java:5)
	at io.michaelcane.Calculator.&lt;init&gt;(Calculator.java:6)
	at io.michaelcane.Commands.&lt;init&gt;(Commands.java:5)
	at io.michaelcane.Calculator.&lt;init&gt;(Calculator.java:6)
	at io.michaelcane.Commands.&lt;init&gt;(Commands.java:5)
	at io.michaelcane.Calculator.&lt;init&gt;(Calculator.java:6)
	at io.michaelcane.Commands.&lt;init&gt;(Commands.java:5)
	at io.michaelcane.Calculator.&lt;init&gt;(Calculator.java:6)
	at io.michaelcane.Commands.&lt;init&gt;(Commands.java:5)
	at io.michaelcane.Calculator.&lt;init&gt;(Calculator.java:6)
	at io.michaelcane.Commands.&lt;init&gt;(Commands.java:5)
	at io.michaelcane.Calculator.&lt;init&gt;(Calculator.java:6)
	at io.michaelcane.Commands.&lt;init&gt;(Commands.java:5)
	at io.michaelcane.Calculator.&lt;init&gt;(Calculator.java:6)
	at io.michaelcane.Commands.&lt;init&gt;(Commands.java:5)
	at io.michaelcane.Calculator.&lt;init&gt;(Calculator.java:6)
	at io.michaelcane.Commands.&lt;init&gt;(Commands.java:5)
	at io.michaelcane.Calculator.&lt;init&gt;(Calculator.java:6)
	at io.michaelcane.Commands.&lt;init&gt;(Commands.java:5)
	at io.michaelcane.Calculator.&lt;init&gt;(Calculator.java:6)
	at io.michaelcane.Commands.&lt;init&gt;(Commands.java:5)
	at io.michaelcane.Calculator.&lt;init&gt;(Calculator.java:6)
	at io.michaelcane.Commands.&lt;init&gt;(Commands.java:5)
	at io.michaelcane.Calculator.&lt;init&gt;(Calculator.java:6)
	at io.michaelcane.Commands.&lt;init&gt;(Commands.java:5)
	at io.michaelcane.Calculator.&lt;init&gt;(Calculator.java:6)
	at io.michaelcane.Commands.&lt;init&gt;(Commands.java:5)
	at io.michaelcane.Calculator.&lt;init&gt;(Calculator.java:6)
	at io.michaelcane.Commands.&lt;init&gt;(Commands.java:5)
	at io.michaelcane.Calculator.&lt;init&gt;(Calculator.java:6)
	at io.michaelcane.Commands.&lt;init&gt;(Commands.java:5)
	at io.michaelcane.Calculator.&lt;init&gt;(Calculator.java:6)
	at io.michaelcane.Commands.&lt;init&gt;(Commands.java:5)
	at io.michaelcane.Calculator.&lt;init&gt;(Calculator.java:6)
	at io.michaelcane.Commands.&lt;init&gt;(Commands.java:5)
	at io.michaelcane.Calculator.&lt;init&gt;(Calculator.java:6)
	at io.michaelcane.Commands.&lt;init&gt;(Commands.java:5)
	at io.michaelcane.Calculator.&lt;init&gt;(Calculator.java:6)
	at io.michaelcane.Commands.&lt;init&gt;(Commands.java:5)
	at io.michaelcane.Calculator.&lt;init&gt;(Calculator.java:6)
	at io.michaelcane.Commands.&lt;init&gt;(Commands.java:5)
	at io.michaelcane.Calculator.&lt;init&gt;(Calculator.java:6)
	at io.michaelcane.Commands.&lt;init&gt;(Commands.java:5)
	at io.michaelcane.Calculator.&lt;init&gt;(Calculator.java:6)
	at io.michaelcane.Commands.&lt;init&gt;(Commands.java:5)
	at io.michaelcane.Calculator.&lt;init&gt;(Calculator.java:6)
	at io.michaelcane.Commands.&lt;init&gt;(Commands.java:5)
	at io.michaelcane.Calculator.&lt;init&gt;(Calculator.java:6)
	at io.michaelcane.Commands.&lt;init&gt;(Commands.java:5)
	at io.michaelcane.Calculator.&lt;init&gt;(Calculator.java:6)
	at io.michaelcane.Commands.&lt;init&gt;(Commands.java:5)
	at io.michaelcane.Calculator.&lt;init&gt;(Calculator.java:6)
	at io.michaelcane.Commands.&lt;init&gt;(Commands.java:5)
	at io.michaelcane.Calculator.&lt;init&gt;(Calculator.java:6)
	at io.michaelcane.Commands.&lt;init&gt;(Commands.java:5)
	at io.michaelcane.Calculator.&lt;init&gt;(Calculator.java:6)
	at io.michaelcane.Commands.&lt;init&gt;(Commands.java:5)
	at io.michaelcane.Calculator.&lt;init&gt;(Calculator.java:6)
	at io.michaelcane.Commands.&lt;init&gt;(Commands.java:5)
	at io.michaelcane.Calculator.&lt;init&gt;(Calculator.java:6)
	at io.michaelcane.Commands.&lt;init&gt;(Commands.java:5)
	at io.michaelcane.Calculator.&lt;init&gt;(Calculator.java:6)
	at io.michaelcane.Commands.&lt;init&gt;(Commands.java:5)
	at io.michaelcane.Calculator.&lt;init&gt;(Calculator.java:6)
	at io.michaelcane.Commands.&lt;init&gt;(Commands.java:5)
	at io.michaelcane.Calculator.&lt;init&gt;(Calculator.java:6)
	at io.michaelcane.Commands.&lt;init&gt;(Commands.java:5)
	at io.michaelcane.Calculator.&lt;init&gt;(Calculator.java:6)
	at io.michaelcane.Commands.&lt;init&gt;(Commands.java:5)
	at io.michaelcane.Calculator.&lt;init&gt;(Calculator.java:6)
	at io.michaelcane.Commands.&lt;init&gt;(Commands.java:5)
	at io.michaelcane.Calculator.&lt;init&gt;(Calculator.java:6)
	at io.michaelcane.Commands.&lt;init&gt;(Commands.java:5)
	at io.michaelcane.Calculator.&lt;init&gt;(Calculator.java:6)
	at io.michaelcane.Commands.&lt;init&gt;(Commands.java:5)
	at io.michaelcane.Calculator.&lt;init&gt;(Calculator.java:6)
	at io.michaelcane.Commands.&lt;init&gt;(Commands.java:5)
	at io.michaelcane.Calculator.&lt;init&gt;(Calculator.java:6)
	at io.michaelcane.Commands.&lt;init&gt;(Commands.java:5)
	at io.michaelcane.Calculator.&lt;init&gt;(Calculator.java:6)
	at io.michaelcane.Commands.&lt;init&gt;(Commands.java:5)
	at io.michaelcane.Calculator.&lt;init&gt;(Calculator.java:6)
	at io.michaelcane.Commands.&lt;init&gt;(Commands.java:5)
	at io.michaelcane.Calculator.&lt;init&gt;(Calculator.java:6)
	at io.michaelcane.Commands.&lt;init&gt;(Commands.java:5)
	at io.michaelcane.Calculator.&lt;init&gt;(Calculator.java:6)
	at io.michaelcane.Commands.&lt;init&gt;(Commands.java:5)
	at io.michaelcane.Calculator.&lt;init&gt;(Calculator.java:6)
	at io.michaelcane.Commands.&lt;init&gt;(Commands.java:5)
	at io.michaelcane.Calculator.&lt;init&gt;(Calculator.java:6)
	at io.michaelcane.Commands.&lt;init&gt;(Commands.java:5)
	at io.michaelcane.Calculator.&lt;init&gt;(Calculator.java:6)
	at io.michaelcane.Commands.&lt;init&gt;(Commands.java:5)
	at io.michaelcane.Calculator.&lt;init&gt;(Calculator.java:6)
	at io.michaelcane.Commands.&lt;init&gt;(Commands.java:5)
	at io.michaelcane.Calculator.&lt;init&gt;(Calculator.java:6)
	at io.michaelcane.Commands.&lt;init&gt;(Commands.java:5)
	at io.michaelcane.Calculator.&lt;init&gt;(Calculator.java:6)
	at io.michaelcane.Commands.&lt;init&gt;(Commands.java:5)
	at io.michaelcane.Calculator.&lt;init&gt;(Calculator.java:6)
	at io.michaelcane.Commands.&lt;init&gt;(Commands.java:5)
	at io.michaelcane.Calculator.&lt;init&gt;(Calculator.java:6)
	at io.michaelcane.Commands.&lt;init&gt;(Commands.java:5)
	at io.michaelcane.Calculator.&lt;init&gt;(Calculator.java:6)
	at io.michaelcane.Commands.&lt;init&gt;(Commands.java:5)
	at io.michaelcane.Calculator.&lt;init&gt;(Calculator.java:6)
	at io.michaelcane.Commands.&lt;init&gt;(Commands.java:5)
	at io.michaelcane.Calculator.&lt;init&gt;(Calculator.java:6)
	at io.michaelcane.Commands.&lt;init&gt;(Commands.java:5)
	at io.michaelcane.Calculator.&lt;init&gt;(Calculator.java:6)
	at io.michaelcane.Commands.&lt;init&gt;(Commands.java:5)
	at io.michaelcane.Calculator.&lt;init&gt;(Calculator.java:6)
	at io.michaelcane.Commands.&lt;init&gt;(Commands.java:5)
	at io.michaelcane.Calculator.&lt;init&gt;(Calculator.java:6)
	at io.michaelcane.Commands.&lt;init&gt;(Commands.java:5)
	at io.michaelcane.Calculator.&lt;init&gt;(Calculator.java:6)
	at io.michaelcane.Commands.&lt;init&gt;(Commands.java:5)
	at io.michaelcane.Calculator.&lt;init&gt;(Calculator.java:6)
	at io.michaelcane.Commands.&lt;init&gt;(Commands.java:5)
	at io.michaelcane.Calculator.&lt;init&gt;(Calculator.java:6)
	at io.michaelcane.Commands.&lt;init&gt;(Commands.java:5)
	at io.michaelcane.Calculator.&lt;init&gt;(Calculator.java:6)
	at io.michaelcane.Commands.&lt;init&gt;(Commands.java:5)
	at io.michaelcane.Calculator.&lt;init&gt;(Calculator.java:6)
	at io.michaelcane.Commands.&lt;init&gt;(Commands.java:5)
	at io.michaelcane.Calculator.&lt;init&gt;(Calculator.java:6)
	at io.michaelcane.Commands.&lt;init&gt;(Commands.java:5)
	at io.michaelcane.Calculator.&lt;init&gt;(Calculator.java:6)
	at io.michaelcane.Commands.&lt;init&gt;(Commands.java:5)
	at io.michaelcane.Calculator.&lt;init&gt;(Calculator.java:6)
	at io.michaelcane.Commands.&lt;init&gt;(Commands.java:5)
	at io.michaelcane.Calculator.&lt;init&gt;(Calculator.java:6)
	at io.michaelcane.Commands.&lt;init&gt;(Commands.java:5)
	at io.michaelcane.Calculator.&lt;init&gt;(Calculator.java:6)
	at io.michaelcane.Commands.&lt;init&gt;(Commands.java:5)
	at io.michaelcane.Calculator.&lt;init&gt;(Calculator.java:6)
	at io.michaelcane.Commands.&lt;init&gt;(Commands.java:5)
	at io.michaelcane.Calculator.&lt;init&gt;(Calculator.java:6)
	at io.michaelcane.Commands.&lt;init&gt;(Commands.java:5)
	at io.michaelcane.Calculator.&lt;init&gt;(Calculator.java:6)
	at io.michaelcane.Commands.&lt;init&gt;(Commands.java:5)
	at io.michaelcane.Calculator.&lt;init&gt;(Calculator.java:6)
	at io.michaelcane.Commands.&lt;init&gt;(Commands.java:5)
	at io.michaelcane.Calculator.&lt;init&gt;(Calculator.java:6)
	at io.michaelcane.Commands.&lt;init&gt;(Commands.java:5)
	at io.michaelcane.Calculator.&lt;init&gt;(Calculator.java:6)
	at io.michaelcane.Commands.&lt;init&gt;(Commands.java:5)
	at io.michaelcane.Calculator.&lt;init&gt;(Calculator.java:6)
	at io.michaelcane.Commands.&lt;init&gt;(Commands.java:5)
	at io.michaelcane.Calculator.&lt;init&gt;(Calculator.java:6)
	at io.michaelcane.Commands.&lt;init&gt;(Commands.java:5)
	at io.michaelcane.Calculator.&lt;init&gt;(Calculator.java:6)
	at io.michaelcane.Commands.&lt;init&gt;(Commands.java:5)
	at io.michaelcane.Calculator.&lt;init&gt;(Calculator.java:6)
	at io.michaelcane.Commands.&lt;init&gt;(Commands.java:5)
	at io.michaelcane.Calculator.&lt;init&gt;(Calculator.java:6)
	at io.michaelcane.Commands.&lt;init&gt;(Commands.java:5)
	at io.michaelcane.Calculator.&lt;init&gt;(Calculator.java:6)
	at io.michaelcane.Commands.&lt;init&gt;(Commands.java:5)
	at io.michaelcane.Calculator.&lt;init&gt;(Calculator.java:6)
	at io.michaelcane.Commands.&lt;init&gt;(Commands.java:5)
	at io.michaelcane.Calculator.&lt;init&gt;(Calculator.java:6)
	at io.michaelcane.Commands.&lt;init&gt;(Commands.java:5)
	at io.michaelcane.Calculator.&lt;init&gt;(Calculator.java:6)
	at io.michaelcane.Commands.&lt;init&gt;(Commands.java:5)
	at io.michaelcane.Calculator.&lt;init&gt;(Calculator.java:6)
	at io.michaelcane.Commands.&lt;init&gt;(Commands.java:5)
	at io.michaelcane.Calculator.&lt;init&gt;(Calculator.java:6)
	at io.michaelcane.Commands.&lt;init&gt;(Commands.java:5)
	at io.michaelcane.Calculator.&lt;init&gt;(Calculator.java:6)
	at io.michaelcane.Commands.&lt;init&gt;(Commands.java:5)
	at io.michaelcane.Calculator.&lt;init&gt;(Calculator.java:6)
	at io.michaelcane.Commands.&lt;init&gt;(Commands.java:5)
	at io.michaelcane.Calculator.&lt;init&gt;(Calculator.java:6)
	at io.michaelcane.Commands.&lt;init&gt;(Commands.java:5)
	at io.michaelcane.Calculator.&lt;init&gt;(Calculator.java:6)
	at io.michaelcane.Commands.&lt;init&gt;(Commands.java:5)
	at io.michaelcane.Calculator.&lt;init&gt;(Calculator.java:6)
	at io.michaelcane.Commands.&lt;init&gt;(Commands.java:5)
	at io.michaelcane.Calculator.&lt;init&gt;(Calculator.java:6)
	at io.michaelcane.Commands.&lt;init&gt;(Commands.java:5)
	at io.michaelcane.Calculator.&lt;init&gt;(Calculator.java:6)
	at io.michaelcane.Commands.&lt;init&gt;(Commands.java:5)
	at io.michaelcane.Calculator.&lt;init&gt;(Calculator.java:6)
	at io.michaelcane.Commands.&lt;init&gt;(Commands.java:5)
	at io.michaelcane.Calculator.&lt;init&gt;(Calculator.java:6)
	at io.michaelcane.Commands.&lt;init&gt;(Commands.java:5)
	at io.michaelcane.Calculator.&lt;init&gt;(Calculator.java:6)
	at io.michaelcane.Commands.&lt;init&gt;(Commands.java:5)
	at io.michaelcane.Calculator.&lt;init&gt;(Calculator.java:6)
	at io.michaelcane.Commands.&lt;init&gt;(Commands.java:5)
	at io.michaelcane.Calculator.&lt;init&gt;(Calculator.java:6)
	at io.michaelcane.Commands.&lt;init&gt;(Commands.java:5)
	at io.michaelcane.Calculator.&lt;init&gt;(Calculator.java:6)
	at io.michaelcane.Commands.&lt;init&gt;(Commands.java:5)
	at io.michaelcane.Calculator.&lt;init&gt;(Calculator.java:6)
	at io.michaelcane.Commands.&lt;init&gt;(Commands.java:5)
	at io.michaelcane.Calculator.&lt;init&gt;(Calculator.java:6)
	at io.michaelcane.Commands.&lt;init&gt;(Commands.java:5)
	at io.michaelcane.Calculator.&lt;init&gt;(Calculator.java:6)
	at io.michaelcane.Commands.&lt;init&gt;(Commands.java:5)
	at io.michaelcane.Calculator.&lt;init&gt;(Calculator.java:6)
	at io.michaelcane.Commands.&lt;init&gt;(Commands.java:5)
	at io.michaelcane.Calculator.&lt;init&gt;(Calculator.java:6)
	at io.michaelcane.Commands.&lt;init&gt;(Commands.java:5)
	at io.michaelcane.Calculator.&lt;init&gt;(Calculator.java:6)
	at io.michaelcane.Commands.&lt;init&gt;(Commands.java:5)
	at io.michaelcane.Calculator.&lt;init&gt;(Calculator.java:6)
	at io.michaelcane.Commands.&lt;init&gt;(Commands.java:5)
	at io.michaelcane.Calculator.&lt;init&gt;(Calculator.java:6)
	at io.michaelcane.Commands.&lt;init&gt;(Commands.java:5)
	at io.michaelcane.Calculator.&lt;init&gt;(Calculator.java:6)
	at io.michaelcane.Commands.&lt;init&gt;(Commands.java:5)
	at io.michaelcane.Calculator.&lt;init&gt;(Calculator.java:6)
	at io.michaelcane.Commands.&lt;init&gt;(Commands.java:5)
	at io.michaelcane.Calculator.&lt;init&gt;(Calculator.java:6)
	at io.michaelcane.Commands.&lt;init&gt;(Commands.java:5)
	at io.michaelcane.Calculator.&lt;init&gt;(Calculator.java:6)
	at io.michaelcane.Commands.&lt;init&gt;(Commands.java:5)
	at io.michaelcane.Calculator.&lt;init&gt;(Calculator.java:6)
	at io.michaelcane.Commands.&lt;init&gt;(Commands.java:5)
	at io.michaelcane.Calculator.&lt;init&gt;(Calculator.java:6)
	at io.michaelcane.Commands.&lt;init&gt;(Commands.java:5)
	at io.michaelcane.Calculator.&lt;init&gt;(Calculator.java:6)
	at io.michaelcane.Commands.&lt;init&gt;(Commands.java:5)
	at io.michaelcane.Calculator.&lt;init&gt;(Calculator.java:6)
	at io.michaelcane.Commands.&lt;init&gt;(Commands.java:5)
	at io.michaelcane.Calculator.&lt;init&gt;(Calculator.java:6)
	at io.michaelcane.Commands.&lt;init&gt;(Commands.java:5)
	at io.michaelcane.Calculator.&lt;init&gt;(Calculator.java:6)
	at io.michaelcane.Commands.&lt;init&gt;(Commands.java:5)
	at io.michaelcane.Calculator.&lt;init&gt;(Calculator.java:6)
	at io.michaelcane.Commands.&lt;init&gt;(Commands.java:5)
	at io.michaelcane.Calculator.&lt;init&gt;(Calculator.java:6)
	at io.michaelcane.Commands.&lt;init&gt;(Commands.java:5)
	at io.michaelcane.Calculator.&lt;init&gt;(Calculator.java:6)
	at io.michaelcane.Commands.&lt;init&gt;(Commands.java:5)
	at io.michaelcane.Calculator.&lt;init&gt;(Calculator.java:6)
	at io.michaelcane.Commands.&lt;init&gt;(Commands.java:5)
	at io.michaelcane.Calculator.&lt;init&gt;(Calculator.java:6)
	at io.michaelcane.Commands.&lt;init&gt;(Commands.java:5)
	at io.michaelcane.Calculator.&lt;init&gt;(Calculator.java:6)
	at io.michaelcane.Commands.&lt;init&gt;(Commands.java:5)
	at io.michaelcane.Calculator.&lt;init&gt;(Calculator.java:6)
	at io.michaelcane.Commands.&lt;init&gt;(Commands.java:5)
	at io.michaelcane.Calculator.&lt;init&gt;(Calculator.java:6)
	at io.michaelcane.Commands.&lt;init&gt;(Commands.java:5)
	at io.michaelcane.Calculator.&lt;init&gt;(Calculator.java:6)
	at io.michaelcane.Commands.&lt;init&gt;(Commands.java:5)
	at io.michaelcane.Calculator.&lt;init&gt;(Calculator.java:6)
	at io.michaelcane.Commands.&lt;init&gt;(Commands.java:5)
	at io.michaelcane.Calculator.&lt;init&gt;(Calculator.java:6)
	at io.michaelcane.Commands.&lt;init&gt;(Commands.java:5)
	at io.michaelcane.Calculator.&lt;init&gt;(Calculator.java:6)
	at io.michaelcane.Commands.&lt;init&gt;(Commands.java:5)
	at io.michaelcane.Calculator.&lt;init&gt;(Calculator.java:6)
	at io.michaelcane.Commands.&lt;init&gt;(Commands.java:5)
	at io.michaelcane.Calculator.&lt;init&gt;(Calculator.java:6)
	at io.michaelcane.Commands.&lt;init&gt;(Commands.java:5)
	at io.michaelcane.Calculator.&lt;init&gt;(Calculator.java:6)
	at io.michaelcane.Commands.&lt;init&gt;(Commands.java:5)
	at io.michaelcane.Calculator.&lt;init&gt;(Calculator.java:6)
	at io.michaelcane.Commands.&lt;init&gt;(Commands.java:5)
	at io.michaelcane.Calculator.&lt;init&gt;(Calculator.java:6)
	at io.michaelcane.Commands.&lt;init&gt;(Commands.java:5)
	at io.michaelcane.Calculator.&lt;init&gt;(Calculator.java:6)
	at io.michaelcane.Commands.&lt;init&gt;(Commands.java:5)
	at io.michaelcane.Calculator.&lt;init&gt;(Calculator.java:6)
	at io.michaelcane.Commands.&lt;init&gt;(Commands.java:5)
	at io.michaelcane.Calculator.&lt;init&gt;(Calculator.java:6)
	at io.michaelcane.Commands.&lt;init&gt;(Commands.java:5)
	at io.michaelcane.Calculator.&lt;init&gt;(Calculator.java:6)
	at io.michaelcane.Commands.&lt;init&gt;(Commands.java:5)
	at io.michaelcane.Calculator.&lt;init&gt;(Calculator.java:6)
	at io.michaelcane.Commands.&lt;init&gt;(Commands.java:5)
	at io.michaelcane.Calculator.&lt;init&gt;(Calculator.java:6)
	at io.michaelcane.Commands.&lt;init&gt;(Commands.java:5)
	at io.michaelcane.Calculator.&lt;init&gt;(Calculator.java:6)
	at io.michaelcane.Commands.&lt;init&gt;(Commands.java:5)
	at io.michaelcane.Calculator.&lt;init&gt;(Calculator.java:6)
	at io.michaelcane.Commands.&lt;init&gt;(Commands.java:5)
	at io.michaelcane.Calculator.&lt;init&gt;(Calculator.java:6)
	at io.michaelcane.Commands.&lt;init&gt;(Commands.java:5)
	at io.michaelcane.Calculator.&lt;init&gt;(Calculator.java:6)
	at io.michaelcane.Commands.&lt;init&gt;(Commands.java:5)
	at io.michaelcane.Calculator.&lt;init&gt;(Calculator.java:6)
	at io.michaelcane.Commands.&lt;init&gt;(Commands.java:5)
	at io.michaelcane.Calculator.&lt;init&gt;(Calculator.java:6)
	at io.michaelcane.Commands.&lt;init&gt;(Commands.java:5)
	at io.michaelcane.Calculator.&lt;init&gt;(Calculator.java:6)
	at io.michaelcane.Commands.&lt;init&gt;(Commands.java:5)
	at io.michaelcane.Calculator.&lt;init&gt;(Calculator.java:6)
	at io.michaelcane.Commands.&lt;init&gt;(Commands.java:5)
	at io.michaelcane.Calculator.&lt;init&gt;(Calculator.java:6)
	at io.michaelcane.Commands.&lt;init&gt;(Commands.java:5)
	at io.michaelcane.Calculator.&lt;init&gt;(Calculator.java:6)
	at io.michaelcane.Commands.&lt;init&gt;(Commands.java:5)
	at io.michaelcane.Calculator.&lt;init&gt;(Calculator.java:6)
	at io.michaelcane.Commands.&lt;init&gt;(Commands.java:5)
	at io.michaelcane.Calculator.&lt;init&gt;(Calculator.java:6)
	at io.michaelcane.Commands.&lt;init&gt;(Commands.java:5)
	at io.michaelcane.Calculator.&lt;init&gt;(Calculator.java:6)
	at io.michaelcane.Commands.&lt;init&gt;(Commands.java:5)
	at io.michaelcane.Calculator.&lt;init&gt;(Calculator.java:6)
	at io.michaelcane.Commands.&lt;init&gt;(Commands.java:5)
	at io.michaelcane.Calculator.&lt;init&gt;(Calculator.java:6)
	at io.michaelcane.Commands.&lt;init&gt;(Commands.java:5)
	at io.michaelcane.Calculator.&lt;init&gt;(Calculator.java:6)
	at io.michaelcane.Commands.&lt;init&gt;(Commands.java:5)
	at io.michaelcane.Calculator.&lt;init&gt;(Calculator.java:6)
	at io.michaelcane.Commands.&lt;init&gt;(Commands.java:5)
	at io.michaelcane.Calculator.&lt;init&gt;(Calculator.java:6)
	at io.michaelcane.Commands.&lt;init&gt;(Commands.java:5)
	at io.michaelcane.Calculator.&lt;init&gt;(Calculator.java:6)
	at io.michaelcane.Commands.&lt;init&gt;(Commands.java:5)
	at io.michaelcane.Calculator.&lt;init&gt;(Calculator.java:6)
	at io.michaelcane.Commands.&lt;init&gt;(Commands.java:5)
	at io.michaelcane.Calculator.&lt;init&gt;(Calculator.java:6)
	at io.michaelcane.Commands.&lt;init&gt;(Commands.java:5)
	at io.michaelcane.Calculator.&lt;init&gt;(Calculator.java:6)
	at io.michaelcane.Commands.&lt;init&gt;(Commands.java:5)
	at io.michaelcane.Calculator.&lt;init&gt;(Calculator.java:6)
	at io.michaelcane.Commands.&lt;init&gt;(Commands.java:5)
	at io.michaelcane.Calculator.&lt;init&gt;(Calculator.java:6)
	at io.michaelcane.Commands.&lt;init&gt;(Commands.java:5)
	at io.michaelcane.Calculator.&lt;init&gt;(Calculator.java:6)
	at io.michaelcane.Commands.&lt;init&gt;(Commands.java:5)
	at io.michaelcane.Calculator.&lt;init&gt;(Calculator.java:6)
	at io.michaelcane.Commands.&lt;init&gt;(Commands.java:5)
	at io.michaelcane.Calculator.&lt;init&gt;(Calculator.java:6)
	at io.michaelcane.Commands.&lt;init&gt;(Commands.java:5)
	at io.michaelcane.Calculator.&lt;init&gt;(Calculator.java:6)
	at io.michaelcane.Commands.&lt;init&gt;(Commands.java:5)
	at io.michaelcane.Calculator.&lt;init&gt;(Calculator.java:6)
	at io.michaelcane.Commands.&lt;init&gt;(Commands.java:5)
	at io.michaelcane.Calculator.&lt;init&gt;(Calculator.java:6)
	at io.michaelcane.Commands.&lt;init&gt;(Commands.java:5)
	at io.michaelcane.Calculator.&lt;init&gt;(Calculator.java:6)
	at io.michaelcane.Commands.&lt;init&gt;(Commands.java:5)
	at io.michaelcane.Calculator.&lt;init&gt;(Calculator.java:6)
	at io.michaelcane.Commands.&lt;init&gt;(Commands.java:5)
	at io.michaelcane.Calculator.&lt;init&gt;(Calculator.java:6)
	at io.michaelcane.Commands.&lt;init&gt;(Commands.java:5)
	at io.michaelcane.Calculator.&lt;init&gt;(Calculator.java:6)
	at io.michaelcane.Commands.&lt;init&gt;(Commands.java:5)
	at io.michaelcane.Calculator.&lt;init&gt;(Calculator.java:6)
	at io.michaelcane.Commands.&lt;init&gt;(Commands.java:5)
	at io.michaelcane.Calculator.&lt;init&gt;(Calculator.java:6)
	at io.michaelcane.Commands.&lt;init&gt;(Commands.java:5)
	at io.michaelcane.Calculator.&lt;init&gt;(Calculator.java:6)
	at io.michaelcane.Commands.&lt;init&gt;(Commands.java:5)
	at io.michaelcane.Calculator.&lt;init&gt;(Calculator.java:6)
	at io.michaelcane.Commands.&lt;init&gt;(Commands.java:5)
	at io.michaelcane.Calculator.&lt;init&gt;(Calculator.java:6)
	at io.michaelcane.Commands.&lt;init&gt;(Commands.java:5)
	at io.michaelcane.Calculator.&lt;init&gt;(Calculator.java:6)
	at io.michaelcane.Commands.&lt;init&gt;(Commands.java:5)
	at io.michaelcane.Calculator.&lt;init&gt;(Calculator.java:6)
	at io.michaelcane.Commands.&lt;init&gt;(Commands.java:5)
	at io.michaelcane.Calculator.&lt;init&gt;(Calculator.java:6)
	at io.michaelcane.Commands.&lt;init&gt;(Commands.java:5)
	at io.michaelcane.Calculator.&lt;init&gt;(Calculator.java:6)
	at io.michaelcane.Commands.&lt;init&gt;(Commands.java:5)
	at io.michaelcane.Calculator.&lt;init&gt;(Calculator.java:6)
	at io.michaelcane.Commands.&lt;init&gt;(Commands.java:5)
	at io.michaelcane.Calculator.&lt;init&gt;(Calculator.java:6)
	at io.michaelcane.Commands.&lt;init&gt;(Commands.java:5)
	at io.michaelcane.Calculator.&lt;init&gt;(Calculator.java:6)
	at io.michaelcane.Commands.&lt;init&gt;(Commands.java:5)
	at io.michaelcane.Calculator.&lt;init&gt;(Calculator.java:6)
	at io.michaelcane.Commands.&lt;init&gt;(Commands.java:5)
	at io.michaelcane.Calculator.&lt;init&gt;(Calculator.java:6)
	at io.michaelcane.Commands.&lt;init&gt;(Commands.java:5)
	at io.michaelcane.Calculator.&lt;init&gt;(Calculator.java:6)
	at io.michaelcane.Commands.&lt;init&gt;(Commands.java:5)
	at io.michaelcane.Calculator.&lt;init&gt;(Calculator.java:6)
	at io.michaelcane.Commands.&lt;init&gt;(Commands.java:5)
	at io.michaelcane.Calculator.&lt;init&gt;(Calculator.java:6)
	at io.michaelcane.Commands.&lt;init&gt;(Commands.java:5)
	at io.michaelcane.Calculator.&lt;init&gt;(Calculator.java:6)
	at io.michaelcane.Commands.&lt;init&gt;(Commands.java:5)
	at io.michaelcane.Calculator.&lt;init&gt;(Calculator.java:6)
	at io.michaelcane.Commands.&lt;init&gt;(Commands.java:5)
	at io.michaelcane.Calculator.&lt;init&gt;(Calculator.java:6)
	at io.michaelcane.Commands.&lt;init&gt;(Commands.java:5)
	at io.michaelcane.Calculator.&lt;init&gt;(Calculator.java:6)
	at io.michaelcane.Commands.&lt;init&gt;(Commands.java:5)
	at io.michaelcane.Calculator.&lt;init&gt;(Calculator.java:6)
	at io.michaelcane.Commands.&lt;init&gt;(Commands.java:5)
	at io.michaelcane.Calculator.&lt;init&gt;(Calculator.java:6)
	at io.michaelcane.Commands.&lt;init&gt;(Commands.java:5)
	at io.michaelcane.Calculator.&lt;init&gt;(Calculator.java:6)
	at io.michaelcane.Commands.&lt;init&gt;(Commands.java:5)
	at io.michaelcane.Calculator.&lt;init&gt;(Calculator.java:6)
	at io.michaelcane.Commands.&lt;init&gt;(Commands.java:5)
	at io.michaelcane.Calculator.&lt;init&gt;(Calculator.java:6)
	at io.michaelcane.Commands.&lt;init&gt;(Commands.java:5)
	at io.michaelcane.Calculator.&lt;init&gt;(Calculator.java:6)
	at io.michaelcane.Commands.&lt;init&gt;(Commands.java:5)
	at io.michaelcane.Calculator.&lt;init&gt;(Calculator.java:6)
	at io.michaelcane.Commands.&lt;init&gt;(Commands.java:5)
	at io.michaelcane.Calculator.&lt;init&gt;(Calculator.java:6)
	at io.michaelcane.Commands.&lt;init&gt;(Commands.java:5)
	at io.michaelcane.Calculator.&lt;init&gt;(Calculator.java:6)
	at io.michaelcane.Commands.&lt;init&gt;(Commands.java:5)
	at io.michaelcane.Calculator.&lt;init&gt;(Calculator.java:6)
	at io.michaelcane.Commands.&lt;init&gt;(Commands.java:5)
	at io.michaelcane.Calculator.&lt;init&gt;(Calculator.java:6)
	at io.michaelcane.Commands.&lt;init&gt;(Commands.java:5)
	at io.michaelcane.Calculator.&lt;init&gt;(Calculator.java:6)
	at io.michaelcane.Commands.&lt;init&gt;(Commands.java:5)
	at io.michaelcane.Calculator.&lt;init&gt;(Calculator.java:6)
	at io.michaelcane.Commands.&lt;init&gt;(Commands.java:5)
	at io.michaelcane.Calculator.&lt;init&gt;(Calculator.java:6)
	at io.michaelcane.Commands.&lt;init&gt;(Commands.java:5)
	at io.michaelcane.Calculator.&lt;init&gt;(Calculator.java:6)
	at io.michaelcane.Commands.&lt;init&gt;(Commands.java:5)
	at io.michaelcane.Calculator.&lt;init&gt;(Calculator.java:6)
	at io.michaelcane.Commands.&lt;init&gt;(Commands.java:5)
	at io.michaelcane.Calculator.&lt;init&gt;(Calculator.java:6)
	at io.michaelcane.Commands.&lt;init&gt;(Commands.java:5)
	at io.michaelcane.Calculator.&lt;init&gt;(Calculator.java:6)
	at io.michaelcane.Commands.&lt;init&gt;(Commands.java:5)
	at io.michaelcane.Calculator.&lt;init&gt;(Calculator.java:6)
	at io.michaelcane.Commands.&lt;init&gt;(Commands.java:5)
	at io.michaelcane.Calculator.&lt;init&gt;(Calculator.java:6)
	at io.michaelcane.Commands.&lt;init&gt;(Commands.java:5)
	at io.michaelcane.Calculator.&lt;init&gt;(Calculator.java:6)
	at io.michaelcane.Commands.&lt;init&gt;(Commands.java:5)
	at io.michaelcane.Calculator.&lt;init&gt;(Calculator.java:6)
	at io.michaelcane.Commands.&lt;init&gt;(Commands.java:5)
	at io.michaelcane.Calculator.&lt;init&gt;(Calculator.java:6)
	at io.michaelcane.Commands.&lt;init&gt;(Commands.java:5)
	at io.michaelcane.Calculator.&lt;init&gt;(Calculator.java:6)
	at io.michaelcane.Commands.&lt;init&gt;(Commands.java:5)
	at io.michaelcane.Calculator.&lt;init&gt;(Calculator.java:6)
	at io.michaelcane.Commands.&lt;init&gt;(Commands.java:5)
	at io.michaelcane.Calculator.&lt;init&gt;(Calculator.java:6)
	at io.michaelcane.Commands.&lt;init&gt;(Commands.java:5)
	at io.michaelcane.Calculator.&lt;init&gt;(Calculator.java:6)
	at io.michaelcane.Commands.&lt;init&gt;(Commands.java:5)
	at io.michaelcane.Calculator.&lt;init&gt;(Calculator.java:6)
	at io.michaelcane.Commands.&lt;init&gt;(Commands.java:5)
	at io.michaelcane.Calculator.&lt;init&gt;(Calculator.java:6)
	at io.michaelcane.Commands.&lt;init&gt;(Commands.java:5)
	at io.michaelcane.Calculator.&lt;init&gt;(Calculator.java:6)
	at io.michaelcane.Commands.&lt;init&gt;(Commands.java:5)
	at io.michaelcane.Calculator.&lt;init&gt;(Calculator.java:6)
	at io.michaelcane.Commands.&lt;init&gt;(Commands.java:5)
	at io.michaelcane.Calculator.&lt;init&gt;(Calculator.java:6)
	at io.michaelcane.Commands.&lt;init&gt;(Commands.java:5)
	at io.michaelcane.Calculator.&lt;init&gt;(Calculator.java:6)
	at io.michaelcane.Commands.&lt;init&gt;(Commands.java:5)
	at io.michaelcane.Calculator.&lt;init&gt;(Calculator.java:6)
	at io.michaelcane.Commands.&lt;init&gt;(Commands.java:5)
	at io.michaelcane.Calculator.&lt;init&gt;(Calculator.java:6)
	at io.michaelcane.Commands.&lt;init&gt;(Commands.java:5)
	at io.michaelcane.Calculator.&lt;init&gt;(Calculator.java:6)
	at io.michaelcane.Commands.&lt;init&gt;(Commands.java:5)
	at io.michaelcane.Calculator.&lt;init&gt;(Calculator.java:6)
	at io.michaelcane.Commands.&lt;init&gt;(Commands.java:5)
	at io.michaelcane.Calculator.&lt;init&gt;(Calculator.java:6)
	at io.michaelcane.Commands.&lt;init&gt;(Commands.java:5)
	at io.michaelcane.Calculator.&lt;init&gt;(Calculator.java:6)
	at io.michaelcane.Commands.&lt;init&gt;(Commands.java:5)
	at io.michaelcane.Calculator.&lt;init&gt;(Calculator.java:6)
	at io.michaelcane.Commands.&lt;init&gt;(Commands.java:5)
	at io.michaelcane.Calculator.&lt;init&gt;(Calculator.java:6)
	at io.michaelcane.Commands.&lt;init&gt;(Commands.java:5)
	at io.michaelcane.Calculator.&lt;init&gt;(Calculator.java:6)
	at io.michaelcane.Commands.&lt;init&gt;(Commands.java:5)
	at io.michaelcane.Calculator.&lt;init&gt;(Calculator.java:6)
	at io.michaelcane.Commands.&lt;init&gt;(Commands.java:5)
	at io.michaelcane.Calculator.&lt;init&gt;(Calculator.java:6)
	at io.michaelcane.Commands.&lt;init&gt;(Commands.java:5)
	at io.michaelcane.Calculator.&lt;init&gt;(Calculator.java:6)
	at io.michaelcane.Commands.&lt;init&gt;(Commands.java:5)
	at io.michaelcane.Calculator.&lt;init&gt;(Calculator.java:6)
	at io.michaelcane.Commands.&lt;init&gt;(Commands.java:5)
	at io.michaelcane.Calculator.&lt;init&gt;(Calculator.java:6)
	at io.michaelcane.Commands.&lt;init&gt;(Commands.java:5)
	at io.michaelcane.Calculator.&lt;init&gt;(Calculator.java:6)
	at io.michaelcane.Commands.&lt;init&gt;(Commands.java:5)
	at io.michaelcane.Calculator.&lt;init&gt;(Calculator.java:6)
	at io.michaelcane.Commands.&lt;init&gt;(Commands.java:5)
	at io.michaelcane.Calculator.&lt;init&gt;(Calculator.java:6)
	at io.michaelcane.Commands.&lt;init&gt;(Commands.java:5)
	at io.michaelcane.Calculator.&lt;init&gt;(Calculator.java:6)
	at io.michaelcane.Commands.&lt;init&gt;(Commands.java:5)
	at io.michaelcane.Calculator.&lt;init&gt;(Calculator.java:6)
	at io.michaelcane.Commands.&lt;init&gt;(Commands.java:5)
	at io.michaelcane.Calculator.&lt;init&gt;(Calculator.java:6)
	at io.michaelcane.Commands.&lt;init&gt;(Commands.java:5)
	at io.michaelcane.Calculator.&lt;init&gt;(Calculator.java:6)
	at io.michaelcane.Commands.&lt;init&gt;(Commands.java:5)
	at io.michaelcane.Calculator.&lt;init&gt;(Calculator.java:6)
	at io.michaelcane.Commands.&lt;init&gt;(Commands.java:5)
	at io.michaelcane.Calculator.&lt;init&gt;(Calculator.java:6)
	at io.michaelcane.Commands.&lt;init&gt;(Commands.java:5)
	at io.michaelcane.Calculator.&lt;init&gt;(Calculator.java:6)
	at io.michaelcane.Commands.&lt;init&gt;(Commands.java:5)
	at io.michaelcane.Calculator.&lt;init&gt;(Calculator.java:6)
	at io.michaelcane.Commands.&lt;init&gt;(Commands.java:5)
	at io.michaelcane.Calculator.&lt;init&gt;(Calculator.java:6)
	at io.michaelcane.Commands.&lt;init&gt;(Commands.java:5)
	at io.michaelcane.Calculator.&lt;init&gt;(Calculator.java:6)
	at io.michaelcane.Commands.&lt;init&gt;(Commands.java:5)
	at io.michaelcane.Calculator.&lt;init&gt;(Calculator.java:6)
	at io.michaelcane.Commands.&lt;init&gt;(Commands.java:5)
	at io.michaelcane.Calculator.&lt;init&gt;(Calculator.java:6)
	at io.michaelcane.Commands.&lt;init&gt;(Commands.java:5)
	at io.michaelcane.Calculator.&lt;init&gt;(Calculator.java:6)
	at io.michaelcane.Commands.&lt;init&gt;(Commands.java:5)
	at io.michaelcane.Calculator.&lt;init&gt;(Calculator.java:6)
	at io.michaelcane.Commands.&lt;init&gt;(Commands.java:5)
	at io.michaelcane.Calculator.&lt;init&gt;(Calculator.java:6)
	at io.michaelcane.Commands.&lt;init&gt;(Commands.java:5)
	at io.michaelcane.Calculator.&lt;init&gt;(Calculator.java:6)
	at io.michaelcane.Commands.&lt;init&gt;(Commands.java:5)
	at io.michaelcane.Calculator.&lt;init&gt;(Calculator.java:6)
	at io.michaelcane.Commands.&lt;init&gt;(Commands.java:5)
	at io.michaelcane.Calculator.&lt;init&gt;(Calculator.java:6)
	at io.michaelcane.Commands.&lt;init&gt;(Commands.java:5)
	at io.michaelcane.Calculator.&lt;init&gt;(Calculator.java:6)
	at io.michaelcane.Commands.&lt;init&gt;(Commands.java:5)
	at io.michaelcane.Calculator.&lt;init&gt;(Calculator.java:6)
	at io.michaelcane.Commands.&lt;init&gt;(Commands.java:5)
	at io.michaelcane.Calculator.&lt;init&gt;(Calculator.java:6)
	at io.michaelcane.Commands.&lt;init&gt;(Commands.java:5)
	at io.michaelcane.Calculator.&lt;init&gt;(Calculator.java:6)
	at io.michaelcane.Commands.&lt;init&gt;(Commands.java:5)
	at io.michaelcane.Calculator.&lt;init&gt;(Calculator.java:6)
	at io.michaelcane.Commands.&lt;init&gt;(Commands.java:5)
	at io.michaelcane.Calculator.&lt;init&gt;(Calculator.java:6)
	at io.michaelcane.Commands.&lt;init&gt;(Commands.java:5)
	at io.michaelcane.Calculator.&lt;init&gt;(Calculator.java:6)
	at io.michaelcane.Commands.&lt;init&gt;(Commands.java:5)
	at io.michaelcane.Calculator.&lt;init&gt;(Calculator.java:6)
	at io.michaelcane.Commands.&lt;init&gt;(Commands.java:5)
	at io.michaelcane.Calculator.&lt;init&gt;(Calculator.java:6)
	at io.michaelcane.Commands.&lt;init&gt;(Commands.java:5)
	at io.michaelcane.Calculator.&lt;init&gt;(Calculator.java:6)
	at io.michaelcane.Commands.&lt;init&gt;(Commands.java:5)
	at io.michaelcane.Calculator.&lt;init&gt;(Calculator.java:6)
	at io.michaelcane.Commands.&lt;init&gt;(Commands.java:5)
	at io.michaelcane.Calculator.&lt;init&gt;(Calculator.java:6)
	at io.michaelcane.Commands.&lt;init&gt;(Commands.java:5)
	at io.michaelcane.Calculator.&lt;init&gt;(Calculator.java:6)
	at io.michaelcane.Commands.&lt;init&gt;(Commands.java:5)
	at io.michaelcane.Calculator.&lt;init&gt;(Calculator.java:6)
	at io.michaelcane.Commands.&lt;init&gt;(Commands.java:5)
	at io.michaelcane.Calculator.&lt;init&gt;(Calculator.java:6)
	at io.michaelcane.Commands.&lt;init&gt;(Commands.java:5)
	at io.michaelcane.Calculator.&lt;init&gt;(Calculator.java:6)
	at io.michaelcane.Commands.&lt;init&gt;(Commands.java:5)
	at io.michaelcane.Calculator.&lt;init&gt;(Calculator.java:6)
	at io.michaelcane.Commands.&lt;init&gt;(Commands.java:5)
	at io.michaelcane.Calculator.&lt;init&gt;(Calculator.java:6)
	at io.michaelcane.Commands.&lt;init&gt;(Commands.java:5)
	at io.michaelcane.Calculator.&lt;init&gt;(Calculator.java:6)
	at io.michaelcane.Commands.&lt;init&gt;(Commands.java:5)
	at io.michaelcane.Calculator.&lt;init&gt;(Calculator.java:6)
	at io.michaelcane.Commands.&lt;init&gt;(Commands.java:5)
	at io.michaelcane.Calculator.&lt;init&gt;(Calculator.java:6)
	at io.michaelcane.Commands.&lt;init&gt;(Commands.java:5)
	at io.michaelcane.Calculator.&lt;init&gt;(Calculator.java:6)
	at io.michaelcane.Commands.&lt;init&gt;(Commands.java:5)
	at io.michaelcane.Calculator.&lt;init&gt;(Calculator.java:6)
	at io.michaelcane.Commands.&lt;init&gt;(Commands.java:5)
	at io.michaelcane.Calculator.&lt;init&gt;(Calculator.java:6)
	at io.michaelcane.Commands.&lt;init&gt;(Commands.java:5)
	at io.michaelcane.Calculator.&lt;init&gt;(Calculator.java:6)
	at io.michaelcane.Commands.&lt;init&gt;(Commands.java:5)
	at io.michaelcane.Calculator.&lt;init&gt;(Calculator.java:6)
	at io.michaelcane.Commands.&lt;init&gt;(Commands.java:5)
	at io.michaelcane.Calculator.&lt;init&gt;(Calculator.java:6)
	at io.michaelcane.Commands.&lt;init&gt;(Commands.java:5)
	at io.michaelcane.Calculator.&lt;init&gt;(Calculator.java:6)
	at io.michaelcane.Commands.&lt;init&gt;(Commands.java:5)
	at io.michaelcane.Calculator.&lt;init&gt;(Calculator.java:6)
	at io.michaelcane.Commands.&lt;init&gt;(Commands.java:5)
	at io.michaelcane.Calculator.&lt;init&gt;(Calculator.java:6)
	at io.michaelcane.Commands.&lt;init&gt;(Commands.java:5)
	at io.michaelcane.Calculator.&lt;init&gt;(Calculator.java:6)
	at io.michaelcane.Commands.&lt;init&gt;(Commands.java:5)
	at io.michaelcane.Calculator.&lt;init&gt;(Calculator.java:6)
	at io.michaelcane.Commands.&lt;init&gt;(Commands.java:5)
	at io.michaelcane.Calculator.&lt;init&gt;(Calculator.java:6)
	at io.michaelcane.Commands.&lt;init&gt;(Commands.java:5)
	at io.michaelcane.Calculator.&lt;init&gt;(Calculator.java:6)
	at io.michaelcane.Commands.&lt;init&gt;(Commands.java:5)
	at io.michaelcane.Calculator.&lt;init&gt;(Calculator.java:6)
	at io.michaelcane.Commands.&lt;init&gt;(Commands.java:5)
	at io.michaelcane.Calculator.&lt;init&gt;(Calculator.java:6)
	at io.michaelcane.Commands.&lt;init&gt;(Commands.java:5)
	at io.michaelcane.Calculator.&lt;init&gt;(Calculator.java:6)
	at io.michaelcane.Commands.&lt;init&gt;(Commands.java:5)
	at io.michaelcane.Calculator.&lt;init&gt;(Calculator.java:6)
	at io.michaelcane.Commands.&lt;init&gt;(Commands.java:5)
	at io.michaelcane.Calculator.&lt;init&gt;(Calculator.java:6)
	at io.michaelcane.Commands.&lt;init&gt;(Commands.java:5)
	at io.michaelcane.Calculator.&lt;init&gt;(Calculator.java:6)
	at io.michaelcane.Commands.&lt;init&gt;(Commands.java:5)
	at io.michaelcane.Calculator.&lt;init&gt;(Calculator.java:6)
	at io.michaelcane.Commands.&lt;init&gt;(Commands.java:5)
	at io.michaelcane.Calculator.&lt;init&gt;(Calculator.java:6)
	at io.michaelcane.Commands.&lt;init&gt;(Commands.java:5)
	at io.michaelcane.Calculator.&lt;init&gt;(Calculator.java:6)
	at io.michaelcane.Commands.&lt;init&gt;(Commands.java:5)
	at io.michaelcane.Calculator.&lt;init&gt;(Calculator.java:6)
	at io.michaelcane.Commands.&lt;init&gt;(Commands.java:5)
	at io.michaelcane.Calculator.&lt;init&gt;(Calculator.java:6)
	at io.michaelcane.Commands.&lt;init&gt;(Commands.java:5)
	at io.michaelcane.Calculator.&lt;init&gt;(Calculator.java:6)
	at io.michaelcane.Commands.&lt;init&gt;(Commands.java:5)
	at io.michaelcane.Calculator.&lt;init&gt;(Calculator.java:6)
	at io.michaelcane.Commands.&lt;init&gt;(Commands.java:5)
	at io.michaelcane.Calculator.&lt;init&gt;(Calculator.java:6)
	at io.michaelcane.Commands.&lt;init&gt;(Commands.java:5)
	at io.michaelcane.Calculator.&lt;init&gt;(Calculator.java:6)
	at io.michaelcane.Commands.&lt;init&gt;(Commands.java:5)
	at io.michaelcane.Calculator.&lt;init&gt;(Calculator.java:6)
	at io.michaelcane.Commands.&lt;init&gt;(Commands.java:5)
	at io.michaelcane.Calculator.&lt;init&gt;(Calculator.java:6)
	at io.michaelcane.Commands.&lt;init&gt;(Commands.java:5)
	at io.michaelcane.Calculator.&lt;init&gt;(Calculator.java:6)
	at io.michaelcane.Commands.&lt;init&gt;(Commands.java:5)
	at io.michaelcane.Calculator.&lt;init&gt;(Calculator.java:6)
	at io.michaelcane.Commands.&lt;init&gt;(Commands.java:5)
	at io.michaelcane.Calculator.&lt;init&gt;(Calculator.java:6)
	at io.michaelcane.Commands.&lt;init&gt;(Commands.java:5)
	at io.michaelcane.Calculator.&lt;init&gt;(Calculator.java:6)
	at io.michaelcane.Commands.&lt;init&gt;(Commands.java:5)
	at io.michaelcane.Calculator.&lt;init&gt;(Calculator.java:6)
	at io.michaelcane.Commands.&lt;init&gt;(Commands.java:5)
	at io.michaelcane.Calculator.&lt;init&gt;(Calculator.java:6)
	at io.michaelcane.Commands.&lt;init&gt;(Commands.java:5)
	at io.michaelcane.Calculator.&lt;init&gt;(Calculator.java:6)
	at io.michaelcane.Commands.&lt;init&gt;(Commands.java:5)
	at io.michaelcane.Calculator.&lt;init&gt;(Calculator.java:6)
	at io.michaelcane.Commands.&lt;init&gt;(Commands.java:5)
	at io.michaelcane.Calculator.&lt;init&gt;(Calculator.java:6)
	at io.michaelcane.Commands.&lt;init&gt;(Commands.java:5)
	at io.michaelcane.Calculator.&lt;init&gt;(Calculator.java:6)
	at io.michaelcane.Commands.&lt;init&gt;(Commands.java:5)
	at io.michaelcane.Calculator.&lt;init&gt;(Calculator.java:6)
	at io.michaelcane.Commands.&lt;init&gt;(Commands.java:5)
	at io.michaelcane.Calculator.&lt;init&gt;(Calculator.java:6)
	at io.michaelcane.Commands.&lt;init&gt;(Commands.java:5)
	at io.michaelcane.Calculator.&lt;init&gt;(Calculator.java:6)
	at io.michaelcane.Commands.&lt;init&gt;(Commands.java:5)
</error>
  </testcase>
  <testcase classname="io.michaelcane.CalculatorSpec" name="test$square" time="0.009">
    <error type="java.lang.StackOverflowError">java.lang.StackOverflowError
	at io.michaelcane.Calculator.&lt;init&gt;(Calculator.java:6)
	at io.michaelcane.Commands.&lt;init&gt;(Commands.java:5)
	at io.michaelcane.Calculator.&lt;init&gt;(Calculator.java:6)
	at io.michaelcane.Commands.&lt;init&gt;(Commands.java:5)
	at io.michaelcane.Calculator.&lt;init&gt;(Calculator.java:6)
	at io.michaelcane.Commands.&lt;init&gt;(Commands.java:5)
	at io.michaelcane.Calculator.&lt;init&gt;(Calculator.java:6)
	at io.michaelcane.Commands.&lt;init&gt;(Commands.java:5)
	at io.michaelcane.Calculator.&lt;init&gt;(Calculator.java:6)
	at io.michaelcane.Commands.&lt;init&gt;(Commands.java:5)
	at io.michaelcane.Calculator.&lt;init&gt;(Calculator.java:6)
	at io.michaelcane.Commands.&lt;init&gt;(Commands.java:5)
	at io.michaelcane.Calculator.&lt;init&gt;(Calculator.java:6)
	at io.michaelcane.Commands.&lt;init&gt;(Commands.java:5)
	at io.michaelcane.Calculator.&lt;init&gt;(Calculator.java:6)
	at io.michaelcane.Commands.&lt;init&gt;(Commands.java:5)
	at io.michaelcane.Calculator.&lt;init&gt;(Calculator.java:6)
	at io.michaelcane.Commands.&lt;init&gt;(Commands.java:5)
	at io.michaelcane.Calculator.&lt;init&gt;(Calculator.java:6)
	at io.michaelcane.Commands.&lt;init&gt;(Commands.java:5)
	at io.michaelcane.Calculator.&lt;init&gt;(Calculator.java:6)
	at io.michaelcane.Commands.&lt;init&gt;(Commands.java:5)
	at io.michaelcane.Calculator.&lt;init&gt;(Calculator.java:6)
	at io.michaelcane.Commands.&lt;init&gt;(Commands.java:5)
	at io.michaelcane.Calculator.&lt;init&gt;(Calculator.java:6)
	at io.michaelcane.Commands.&lt;init&gt;(Commands.java:5)
	at io.michaelcane.Calculator.&lt;init&gt;(Calculator.java:6)
	at io.michaelcane.Commands.&lt;init&gt;(Commands.java:5)
	at io.michaelcane.Calculator.&lt;init&gt;(Calculator.java:6)
	at io.michaelcane.Commands.&lt;init&gt;(Commands.java:5)
	at io.michaelcane.Calculator.&lt;init&gt;(Calculator.java:6)
	at io.michaelcane.Commands.&lt;init&gt;(Commands.java:5)
	at io.michaelcane.Calculator.&lt;init&gt;(Calculator.java:6)
	at io.michaelcane.Commands.&lt;init&gt;(Commands.java:5)
	at io.michaelcane.Calculator.&lt;init&gt;(Calculator.java:6)
	at io.michaelcane.Commands.&lt;init&gt;(Commands.java:5)
	at io.michaelcane.Calculator.&lt;init&gt;(Calculator.java:6)
	at io.michaelcane.Commands.&lt;init&gt;(Commands.java:5)
	at io.michaelcane.Calculator.&lt;init&gt;(Calculator.java:6)
	at io.michaelcane.Commands.&lt;init&gt;(Commands.java:5)
	at io.michaelcane.Calculator.&lt;init&gt;(Calculator.java:6)
	at io.michaelcane.Commands.&lt;init&gt;(Commands.java:5)
	at io.michaelcane.Calculator.&lt;init&gt;(Calculator.java:6)
	at io.michaelcane.Commands.&lt;init&gt;(Commands.java:5)
	at io.michaelcane.Calculator.&lt;init&gt;(Calculator.java:6)
	at io.michaelcane.Commands.&lt;init&gt;(Commands.java:5)
	at io.michaelcane.Calculator.&lt;init&gt;(Calculator.java:6)
	at io.michaelcane.Commands.&lt;init&gt;(Commands.java:5)
	at io.michaelcane.Calculator.&lt;init&gt;(Calculator.java:6)
	at io.michaelcane.Commands.&lt;init&gt;(Commands.java:5)
	at io.michaelcane.Calculator.&lt;init&gt;(Calculator.java:6)
	at io.michaelcane.Commands.&lt;init&gt;(Commands.java:5)
	at io.michaelcane.Calculator.&lt;init&gt;(Calculator.java:6)
	at io.michaelcane.Commands.&lt;init&gt;(Commands.java:5)
	at io.michaelcane.Calculator.&lt;init&gt;(Calculator.java:6)
	at io.michaelcane.Commands.&lt;init&gt;(Commands.java:5)
	at io.michaelcane.Calculator.&lt;init&gt;(Calculator.java:6)
	at io.michaelcane.Commands.&lt;init&gt;(Commands.java:5)
	at io.michaelcane.Calculator.&lt;init&gt;(Calculator.java:6)
	at io.michaelcane.Commands.&lt;init&gt;(Commands.java:5)
	at io.michaelcane.Calculator.&lt;init&gt;(Calculator.java:6)
	at io.michaelcane.Commands.&lt;init&gt;(Commands.java:5)
	at io.michaelcane.Calculator.&lt;init&gt;(Calculator.java:6)
	at io.michaelcane.Commands.&lt;init&gt;(Commands.java:5)
	at io.michaelcane.Calculator.&lt;init&gt;(Calculator.java:6)
	at io.michaelcane.Commands.&lt;init&gt;(Commands.java:5)
	at io.michaelcane.Calculator.&lt;init&gt;(Calculator.java:6)
	at io.michaelcane.Commands.&lt;init&gt;(Commands.java:5)
	at io.michaelcane.Calculator.&lt;init&gt;(Calculator.java:6)
	at io.michaelcane.Commands.&lt;init&gt;(Commands.java:5)
	at io.michaelcane.Calculator.&lt;init&gt;(Calculator.java:6)
	at io.michaelcane.Commands.&lt;init&gt;(Commands.java:5)
	at io.michaelcane.Calculator.&lt;init&gt;(Calculator.java:6)
	at io.michaelcane.Commands.&lt;init&gt;(Commands.java:5)
	at io.michaelcane.Calculator.&lt;init&gt;(Calculator.java:6)
	at io.michaelcane.Commands.&lt;init&gt;(Commands.java:5)
	at io.michaelcane.Calculator.&lt;init&gt;(Calculator.java:6)
	at io.michaelcane.Commands.&lt;init&gt;(Commands.java:5)
	at io.michaelcane.Calculator.&lt;init&gt;(Calculator.java:6)
	at io.michaelcane.Commands.&lt;init&gt;(Commands.java:5)
	at io.michaelcane.Calculator.&lt;init&gt;(Calculator.java:6)
	at io.michaelcane.Commands.&lt;init&gt;(Commands.java:5)
	at io.michaelcane.Calculator.&lt;init&gt;(Calculator.java:6)
	at io.michaelcane.Commands.&lt;init&gt;(Commands.java:5)
	at io.michaelcane.Calculator.&lt;init&gt;(Calculator.java:6)
	at io.michaelcane.Commands.&lt;init&gt;(Commands.java:5)
	at io.michaelcane.Calculator.&lt;init&gt;(Calculator.java:6)
	at io.michaelcane.Commands.&lt;init&gt;(Commands.java:5)
	at io.michaelcane.Calculator.&lt;init&gt;(Calculator.java:6)
	at io.michaelcane.Commands.&lt;init&gt;(Commands.java:5)
	at io.michaelcane.Calculator.&lt;init&gt;(Calculator.java:6)
	at io.michaelcane.Commands.&lt;init&gt;(Commands.java:5)
	at io.michaelcane.Calculator.&lt;init&gt;(Calculator.java:6)
	at io.michaelcane.Commands.&lt;init&gt;(Commands.java:5)
	at io.michaelcane.Calculator.&lt;init&gt;(Calculator.java:6)
	at io.michaelcane.Commands.&lt;init&gt;(Commands.java:5)
	at io.michaelcane.Calculator.&lt;init&gt;(Calculator.java:6)
	at io.michaelcane.Commands.&lt;init&gt;(Commands.java:5)
	at io.michaelcane.Calculator.&lt;init&gt;(Calculator.java:6)
	at io.michaelcane.Commands.&lt;init&gt;(Commands.java:5)
	at io.michaelcane.Calculator.&lt;init&gt;(Calculator.java:6)
	at io.michaelcane.Commands.&lt;init&gt;(Commands.java:5)
	at io.michaelcane.Calculator.&lt;init&gt;(Calculator.java:6)
	at io.michaelcane.Commands.&lt;init&gt;(Commands.java:5)
	at io.michaelcane.Calculator.&lt;init&gt;(Calculator.java:6)
	at io.michaelcane.Commands.&lt;init&gt;(Commands.java:5)
	at io.michaelcane.Calculator.&lt;init&gt;(Calculator.java:6)
	at io.michaelcane.Commands.&lt;init&gt;(Commands.java:5)
	at io.michaelcane.Calculator.&lt;init&gt;(Calculator.java:6)
	at io.michaelcane.Commands.&lt;init&gt;(Commands.java:5)
	at io.michaelcane.Calculator.&lt;init&gt;(Calculator.java:6)
	at io.michaelcane.Commands.&lt;init&gt;(Commands.java:5)
	at io.michaelcane.Calculator.&lt;init&gt;(Calculator.java:6)
	at io.michaelcane.Commands.&lt;init&gt;(Commands.java:5)
	at io.michaelcane.Calculator.&lt;init&gt;(Calculator.java:6)
	at io.michaelcane.Commands.&lt;init&gt;(Commands.java:5)
	at io.michaelcane.Calculator.&lt;init&gt;(Calculator.java:6)
	at io.michaelcane.Commands.&lt;init&gt;(Commands.java:5)
	at io.michaelcane.Calculator.&lt;init&gt;(Calculator.java:6)
	at io.michaelcane.Commands.&lt;init&gt;(Commands.java:5)
	at io.michaelcane.Calculator.&lt;init&gt;(Calculator.java:6)
	at io.michaelcane.Commands.&lt;init&gt;(Commands.java:5)
	at io.michaelcane.Calculator.&lt;init&gt;(Calculator.java:6)
	at io.michaelcane.Commands.&lt;init&gt;(Commands.java:5)
	at io.michaelcane.Calculator.&lt;init&gt;(Calculator.java:6)
	at io.michaelcane.Commands.&lt;init&gt;(Commands.java:5)
	at io.michaelcane.Calculator.&lt;init&gt;(Calculator.java:6)
	at io.michaelcane.Commands.&lt;init&gt;(Commands.java:5)
	at io.michaelcane.Calculator.&lt;init&gt;(Calculator.java:6)
	at io.michaelcane.Commands.&lt;init&gt;(Commands.java:5)
	at io.michaelcane.Calculator.&lt;init&gt;(Calculator.java:6)
	at io.michaelcane.Commands.&lt;init&gt;(Commands.java:5)
	at io.michaelcane.Calculator.&lt;init&gt;(Calculator.java:6)
	at io.michaelcane.Commands.&lt;init&gt;(Commands.java:5)
	at io.michaelcane.Calculator.&lt;init&gt;(Calculator.java:6)
	at io.michaelcane.Commands.&lt;init&gt;(Commands.java:5)
	at io.michaelcane.Calculator.&lt;init&gt;(Calculator.java:6)
	at io.michaelcane.Commands.&lt;init&gt;(Commands.java:5)
	at io.michaelcane.Calculator.&lt;init&gt;(Calculator.java:6)
	at io.michaelcane.Commands.&lt;init&gt;(Commands.java:5)
	at io.michaelcane.Calculator.&lt;init&gt;(Calculator.java:6)
	at io.michaelcane.Commands.&lt;init&gt;(Commands.java:5)
	at io.michaelcane.Calculator.&lt;init&gt;(Calculator.java:6)
	at io.michaelcane.Commands.&lt;init&gt;(Commands.java:5)
	at io.michaelcane.Calculator.&lt;init&gt;(Calculator.java:6)
	at io.michaelcane.Commands.&lt;init&gt;(Commands.java:5)
	at io.michaelcane.Calculator.&lt;init&gt;(Calculator.java:6)
	at io.michaelcane.Commands.&lt;init&gt;(Commands.java:5)
	at io.michaelcane.Calculator.&lt;init&gt;(Calculator.java:6)
	at io.michaelcane.Commands.&lt;init&gt;(Commands.java:5)
	at io.michaelcane.Calculator.&lt;init&gt;(Calculator.java:6)
	at io.michaelcane.Commands.&lt;init&gt;(Commands.java:5)
	at io.michaelcane.Calculator.&lt;init&gt;(Calculator.java:6)
	at io.michaelcane.Commands.&lt;init&gt;(Commands.java:5)
	at io.michaelcane.Calculator.&lt;init&gt;(Calculator.java:6)
	at io.michaelcane.Commands.&lt;init&gt;(Commands.java:5)
	at io.michaelcane.Calculator.&lt;init&gt;(Calculator.java:6)
	at io.michaelcane.Commands.&lt;init&gt;(Commands.java:5)
	at io.michaelcane.Calculator.&lt;init&gt;(Calculator.java:6)
	at io.michaelcane.Commands.&lt;init&gt;(Commands.java:5)
	at io.michaelcane.Calculator.&lt;init&gt;(Calculator.java:6)
	at io.michaelcane.Commands.&lt;init&gt;(Commands.java:5)
	at io.michaelcane.Calculator.&lt;init&gt;(Calculator.java:6)
	at io.michaelcane.Commands.&lt;init&gt;(Commands.java:5)
	at io.michaelcane.Calculator.&lt;init&gt;(Calculator.java:6)
	at io.michaelcane.Commands.&lt;init&gt;(Commands.java:5)
	at io.michaelcane.Calculator.&lt;init&gt;(Calculator.java:6)
	at io.michaelcane.Commands.&lt;init&gt;(Commands.java:5)
	at io.michaelcane.Calculator.&lt;init&gt;(Calculator.java:6)
	at io.michaelcane.Commands.&lt;init&gt;(Commands.java:5)
	at io.michaelcane.Calculator.&lt;init&gt;(Calculator.java:6)
	at io.michaelcane.Commands.&lt;init&gt;(Commands.java:5)
	at io.michaelcane.Calculator.&lt;init&gt;(Calculator.java:6)
	at io.michaelcane.Commands.&lt;init&gt;(Commands.java:5)
	at io.michaelcane.Calculator.&lt;init&gt;(Calculator.java:6)
	at io.michaelcane.Commands.&lt;init&gt;(Commands.java:5)
	at io.michaelcane.Calculator.&lt;init&gt;(Calculator.java:6)
	at io.michaelcane.Commands.&lt;init&gt;(Commands.java:5)
	at io.michaelcane.Calculator.&lt;init&gt;(Calculator.java:6)
	at io.michaelcane.Commands.&lt;init&gt;(Commands.java:5)
	at io.michaelcane.Calculator.&lt;init&gt;(Calculator.java:6)
	at io.michaelcane.Commands.&lt;init&gt;(Commands.java:5)
	at io.michaelcane.Calculator.&lt;init&gt;(Calculator.java:6)
	at io.michaelcane.Commands.&lt;init&gt;(Commands.java:5)
	at io.michaelcane.Calculator.&lt;init&gt;(Calculator.java:6)
	at io.michaelcane.Commands.&lt;init&gt;(Commands.java:5)
	at io.michaelcane.Calculator.&lt;init&gt;(Calculator.java:6)
	at io.michaelcane.Commands.&lt;init&gt;(Commands.java:5)
	at io.michaelcane.Calculator.&lt;init&gt;(Calculator.java:6)
	at io.michaelcane.Commands.&lt;init&gt;(Commands.java:5)
	at io.michaelcane.Calculator.&lt;init&gt;(Calculator.java:6)
	at io.michaelcane.Commands.&lt;init&gt;(Commands.java:5)
	at io.michaelcane.Calculator.&lt;init&gt;(Calculator.java:6)
	at io.michaelcane.Commands.&lt;init&gt;(Commands.java:5)
	at io.michaelcane.Calculator.&lt;init&gt;(Calculator.java:6)
	at io.michaelcane.Commands.&lt;init&gt;(Commands.java:5)
	at io.michaelcane.Calculator.&lt;init&gt;(Calculator.java:6)
	at io.michaelcane.Commands.&lt;init&gt;(Commands.java:5)
	at io.michaelcane.Calculator.&lt;init&gt;(Calculator.java:6)
	at io.michaelcane.Commands.&lt;init&gt;(Commands.java:5)
	at io.michaelcane.Calculator.&lt;init&gt;(Calculator.java:6)
	at io.michaelcane.Commands.&lt;init&gt;(Commands.java:5)
	at io.michaelcane.Calculator.&lt;init&gt;(Calculator.java:6)
	at io.michaelcane.Commands.&lt;init&gt;(Commands.java:5)
	at io.michaelcane.Calculator.&lt;init&gt;(Calculator.java:6)
	at io.michaelcane.Commands.&lt;init&gt;(Commands.java:5)
	at io.michaelcane.Calculator.&lt;init&gt;(Calculator.java:6)
	at io.michaelcane.Commands.&lt;init&gt;(Commands.java:5)
	at io.michaelcane.Calculator.&lt;init&gt;(Calculator.java:6)
	at io.michaelcane.Commands.&lt;init&gt;(Commands.java:5)
	at io.michaelcane.Calculator.&lt;init&gt;(Calculator.java:6)
	at io.michaelcane.Commands.&lt;init&gt;(Commands.java:5)
	at io.michaelcane.Calculator.&lt;init&gt;(Calculator.java:6)
	at io.michaelcane.Commands.&lt;init&gt;(Commands.java:5)
	at io.michaelcane.Calculator.&lt;init&gt;(Calculator.java:6)
	at io.michaelcane.Commands.&lt;init&gt;(Commands.java:5)
	at io.michaelcane.Calculator.&lt;init&gt;(Calculator.java:6)
	at io.michaelcane.Commands.&lt;init&gt;(Commands.java:5)
	at io.michaelcane.Calculator.&lt;init&gt;(Calculator.java:6)
	at io.michaelcane.Commands.&lt;init&gt;(Commands.java:5)
	at io.michaelcane.Calculator.&lt;init&gt;(Calculator.java:6)
	at io.michaelcane.Commands.&lt;init&gt;(Commands.java:5)
	at io.michaelcane.Calculator.&lt;init&gt;(Calculator.java:6)
	at io.michaelcane.Commands.&lt;init&gt;(Commands.java:5)
	at io.michaelcane.Calculator.&lt;init&gt;(Calculator.java:6)
	at io.michaelcane.Commands.&lt;init&gt;(Commands.java:5)
	at io.michaelcane.Calculator.&lt;init&gt;(Calculator.java:6)
	at io.michaelcane.Commands.&lt;init&gt;(Commands.java:5)
	at io.michaelcane.Calculator.&lt;init&gt;(Calculator.java:6)
	at io.michaelcane.Commands.&lt;init&gt;(Commands.java:5)
	at io.michaelcane.Calculator.&lt;init&gt;(Calculator.java:6)
	at io.michaelcane.Commands.&lt;init&gt;(Commands.java:5)
	at io.michaelcane.Calculator.&lt;init&gt;(Calculator.java:6)
	at io.michaelcane.Commands.&lt;init&gt;(Commands.java:5)
	at io.michaelcane.Calculator.&lt;init&gt;(Calculator.java:6)
	at io.michaelcane.Commands.&lt;init&gt;(Commands.java:5)
	at io.michaelcane.Calculator.&lt;init&gt;(Calculator.java:6)
	at io.michaelcane.Commands.&lt;init&gt;(Commands.java:5)
	at io.michaelcane.Calculator.&lt;init&gt;(Calculator.java:6)
	at io.michaelcane.Commands.&lt;init&gt;(Commands.java:5)
	at io.michaelcane.Calculator.&lt;init&gt;(Calculator.java:6)
	at io.michaelcane.Commands.&lt;init&gt;(Commands.java:5)
	at io.michaelcane.Calculator.&lt;init&gt;(Calculator.java:6)
	at io.michaelcane.Commands.&lt;init&gt;(Commands.java:5)
	at io.michaelcane.Calculator.&lt;init&gt;(Calculator.java:6)
	at io.michaelcane.Commands.&lt;init&gt;(Commands.java:5)
	at io.michaelcane.Calculator.&lt;init&gt;(Calculator.java:6)
	at io.michaelcane.Commands.&lt;init&gt;(Commands.java:5)
	at io.michaelcane.Calculator.&lt;init&gt;(Calculator.java:6)
	at io.michaelcane.Commands.&lt;init&gt;(Commands.java:5)
	at io.michaelcane.Calculator.&lt;init&gt;(Calculator.java:6)
	at io.michaelcane.Commands.&lt;init&gt;(Commands.java:5)
	at io.michaelcane.Calculator.&lt;init&gt;(Calculator.java:6)
	at io.michaelcane.Commands.&lt;init&gt;(Commands.java:5)
	at io.michaelcane.Calculator.&lt;init&gt;(Calculator.java:6)
	at io.michaelcane.Commands.&lt;init&gt;(Commands.java:5)
	at io.michaelcane.Calculator.&lt;init&gt;(Calculator.java:6)
	at io.michaelcane.Commands.&lt;init&gt;(Commands.java:5)
	at io.michaelcane.Calculator.&lt;init&gt;(Calculator.java:6)
	at io.michaelcane.Commands.&lt;init&gt;(Commands.java:5)
	at io.michaelcane.Calculator.&lt;init&gt;(Calculator.java:6)
	at io.michaelcane.Commands.&lt;init&gt;(Commands.java:5)
	at io.michaelcane.Calculator.&lt;init&gt;(Calculator.java:6)
	at io.michaelcane.Commands.&lt;init&gt;(Commands.java:5)
	at io.michaelcane.Calculator.&lt;init&gt;(Calculator.java:6)
	at io.michaelcane.Commands.&lt;init&gt;(Commands.java:5)
	at io.michaelcane.Calculator.&lt;init&gt;(Calculator.java:6)
	at io.michaelcane.Commands.&lt;init&gt;(Commands.java:5)
	at io.michaelcane.Calculator.&lt;init&gt;(Calculator.java:6)
	at io.michaelcane.Commands.&lt;init&gt;(Commands.java:5)
	at io.michaelcane.Calculator.&lt;init&gt;(Calculator.java:6)
	at io.michaelcane.Commands.&lt;init&gt;(Commands.java:5)
	at io.michaelcane.Calculator.&lt;init&gt;(Calculator.java:6)
	at io.michaelcane.Commands.&lt;init&gt;(Commands.java:5)
	at io.michaelcane.Calculator.&lt;init&gt;(Calculator.java:6)
	at io.michaelcane.Commands.&lt;init&gt;(Commands.java:5)
	at io.michaelcane.Calculator.&lt;init&gt;(Calculator.java:6)
	at io.michaelcane.Commands.&lt;init&gt;(Commands.java:5)
	at io.michaelcane.Calculator.&lt;init&gt;(Calculator.java:6)
	at io.michaelcane.Commands.&lt;init&gt;(Commands.java:5)
	at io.michaelcane.Calculator.&lt;init&gt;(Calculator.java:6)
	at io.michaelcane.Commands.&lt;init&gt;(Commands.java:5)
	at io.michaelcane.Calculator.&lt;init&gt;(Calculator.java:6)
	at io.michaelcane.Commands.&lt;init&gt;(Commands.java:5)
	at io.michaelcane.Calculator.&lt;init&gt;(Calculator.java:6)
	at io.michaelcane.Commands.&lt;init&gt;(Commands.java:5)
	at io.michaelcane.Calculator.&lt;init&gt;(Calculator.java:6)
	at io.michaelcane.Commands.&lt;init&gt;(Commands.java:5)
	at io.michaelcane.Calculator.&lt;init&gt;(Calculator.java:6)
	at io.michaelcane.Commands.&lt;init&gt;(Commands.java:5)
	at io.michaelcane.Calculator.&lt;init&gt;(Calculator.java:6)
	at io.michaelcane.Commands.&lt;init&gt;(Commands.java:5)
	at io.michaelcane.Calculator.&lt;init&gt;(Calculator.java:6)
	at io.michaelcane.Commands.&lt;init&gt;(Commands.java:5)
	at io.michaelcane.Calculator.&lt;init&gt;(Calculator.java:6)
	at io.michaelcane.Commands.&lt;init&gt;(Commands.java:5)
	at io.michaelcane.Calculator.&lt;init&gt;(Calculator.java:6)
	at io.michaelcane.Commands.&lt;init&gt;(Commands.java:5)
	at io.michaelcane.Calculator.&lt;init&gt;(Calculator.java:6)
	at io.michaelcane.Commands.&lt;init&gt;(Commands.java:5)
	at io.michaelcane.Calculator.&lt;init&gt;(Calculator.java:6)
	at io.michaelcane.Commands.&lt;init&gt;(Commands.java:5)
	at io.michaelcane.Calculator.&lt;init&gt;(Calculator.java:6)
	at io.michaelcane.Commands.&lt;init&gt;(Commands.java:5)
	at io.michaelcane.Calculator.&lt;init&gt;(Calculator.java:6)
	at io.michaelcane.Commands.&lt;init&gt;(Commands.java:5)
	at io.michaelcane.Calculator.&lt;init&gt;(Calculator.java:6)
	at io.michaelcane.Commands.&lt;init&gt;(Commands.java:5)
	at io.michaelcane.Calculator.&lt;init&gt;(Calculator.java:6)
	at io.michaelcane.Commands.&lt;init&gt;(Commands.java:5)
	at io.michaelcane.Calculator.&lt;init&gt;(Calculator.java:6)
	at io.michaelcane.Commands.&lt;init&gt;(Commands.java:5)
	at io.michaelcane.Calculator.&lt;init&gt;(Calculator.java:6)
	at io.michaelcane.Commands.&lt;init&gt;(Commands.java:5)
	at io.michaelcane.Calculator.&lt;init&gt;(Calculator.java:6)
	at io.michaelcane.Commands.&lt;init&gt;(Commands.java:5)
	at io.michaelcane.Calculator.&lt;init&gt;(Calculator.java:6)
	at io.michaelcane.Commands.&lt;init&gt;(Commands.java:5)
	at io.michaelcane.Calculator.&lt;init&gt;(Calculator.java:6)
	at io.michaelcane.Commands.&lt;init&gt;(Commands.java:5)
	at io.michaelcane.Calculator.&lt;init&gt;(Calculator.java:6)
	at io.michaelcane.Commands.&lt;init&gt;(Commands.java:5)
	at io.michaelcane.Calculator.&lt;init&gt;(Calculator.java:6)
	at io.michaelcane.Commands.&lt;init&gt;(Commands.java:5)
	at io.michaelcane.Calculator.&lt;init&gt;(Calculator.java:6)
	at io.michaelcane.Commands.&lt;init&gt;(Commands.java:5)
	at io.michaelcane.Calculator.&lt;init&gt;(Calculator.java:6)
	at io.michaelcane.Commands.&lt;init&gt;(Commands.java:5)
	at io.michaelcane.Calculator.&lt;init&gt;(Calculator.java:6)
	at io.michaelcane.Commands.&lt;init&gt;(Commands.java:5)
	at io.michaelcane.Calculator.&lt;init&gt;(Calculator.java:6)
	at io.michaelcane.Commands.&lt;init&gt;(Commands.java:5)
	at io.michaelcane.Calculator.&lt;init&gt;(Calculator.java:6)
	at io.michaelcane.Commands.&lt;init&gt;(Commands.java:5)
	at io.michaelcane.Calculator.&lt;init&gt;(Calculator.java:6)
	at io.michaelcane.Commands.&lt;init&gt;(Commands.java:5)
	at io.michaelcane.Calculator.&lt;init&gt;(Calculator.java:6)
	at io.michaelcane.Commands.&lt;init&gt;(Commands.java:5)
	at io.michaelcane.Calculator.&lt;init&gt;(Calculator.java:6)
	at io.michaelcane.Commands.&lt;init&gt;(Commands.java:5)
	at io.michaelcane.Calculator.&lt;init&gt;(Calculator.java:6)
	at io.michaelcane.Commands.&lt;init&gt;(Commands.java:5)
	at io.michaelcane.Calculator.&lt;init&gt;(Calculator.java:6)
	at io.michaelcane.Commands.&lt;init&gt;(Commands.java:5)
	at io.michaelcane.Calculator.&lt;init&gt;(Calculator.java:6)
	at io.michaelcane.Commands.&lt;init&gt;(Commands.java:5)
	at io.michaelcane.Calculator.&lt;init&gt;(Calculator.java:6)
	at io.michaelcane.Commands.&lt;init&gt;(Commands.java:5)
	at io.michaelcane.Calculator.&lt;init&gt;(Calculator.java:6)
	at io.michaelcane.Commands.&lt;init&gt;(Commands.java:5)
	at io.michaelcane.Calculator.&lt;init&gt;(Calculator.java:6)
	at io.michaelcane.Commands.&lt;init&gt;(Commands.java:5)
	at io.michaelcane.Calculator.&lt;init&gt;(Calculator.java:6)
	at io.michaelcane.Commands.&lt;init&gt;(Commands.java:5)
	at io.michaelcane.Calculator.&lt;init&gt;(Calculator.java:6)
	at io.michaelcane.Commands.&lt;init&gt;(Commands.java:5)
	at io.michaelcane.Calculator.&lt;init&gt;(Calculator.java:6)
	at io.michaelcane.Commands.&lt;init&gt;(Commands.java:5)
	at io.michaelcane.Calculator.&lt;init&gt;(Calculator.java:6)
	at io.michaelcane.Commands.&lt;init&gt;(Commands.java:5)
	at io.michaelcane.Calculator.&lt;init&gt;(Calculator.java:6)
	at io.michaelcane.Commands.&lt;init&gt;(Commands.java:5)
	at io.michaelcane.Calculator.&lt;init&gt;(Calculator.java:6)
	at io.michaelcane.Commands.&lt;init&gt;(Commands.java:5)
	at io.michaelcane.Calculator.&lt;init&gt;(Calculator.java:6)
	at io.michaelcane.Commands.&lt;init&gt;(Commands.java:5)
	at io.michaelcane.Calculator.&lt;init&gt;(Calculator.java:6)
	at io.michaelcane.Commands.&lt;init&gt;(Commands.java:5)
	at io.michaelcane.Calculator.&lt;init&gt;(Calculator.java:6)
	at io.michaelcane.Commands.&lt;init&gt;(Commands.java:5)
	at io.michaelcane.Calculator.&lt;init&gt;(Calculator.java:6)
	at io.michaelcane.Commands.&lt;init&gt;(Commands.java:5)
	at io.michaelcane.Calculator.&lt;init&gt;(Calculator.java:6)
	at io.michaelcane.Commands.&lt;init&gt;(Commands.java:5)
	at io.michaelcane.Calculator.&lt;init&gt;(Calculator.java:6)
	at io.michaelcane.Commands.&lt;init&gt;(Commands.java:5)
	at io.michaelcane.Calculator.&lt;init&gt;(Calculator.java:6)
	at io.michaelcane.Commands.&lt;init&gt;(Commands.java:5)
	at io.michaelcane.Calculator.&lt;init&gt;(Calculator.java:6)
	at io.michaelcane.Commands.&lt;init&gt;(Commands.java:5)
	at io.michaelcane.Calculator.&lt;init&gt;(Calculator.java:6)
	at io.michaelcane.Commands.&lt;init&gt;(Commands.java:5)
	at io.michaelcane.Calculator.&lt;init&gt;(Calculator.java:6)
	at io.michaelcane.Commands.&lt;init&gt;(Commands.java:5)
	at io.michaelcane.Calculator.&lt;init&gt;(Calculator.java:6)
	at io.michaelcane.Commands.&lt;init&gt;(Commands.java:5)
	at io.michaelcane.Calculator.&lt;init&gt;(Calculator.java:6)
	at io.michaelcane.Commands.&lt;init&gt;(Commands.java:5)
	at io.michaelcane.Calculator.&lt;init&gt;(Calculator.java:6)
	at io.michaelcane.Commands.&lt;init&gt;(Commands.java:5)
	at io.michaelcane.Calculator.&lt;init&gt;(Calculator.java:6)
	at io.michaelcane.Commands.&lt;init&gt;(Commands.java:5)
	at io.michaelcane.Calculator.&lt;init&gt;(Calculator.java:6)
	at io.michaelcane.Commands.&lt;init&gt;(Commands.java:5)
	at io.michaelcane.Calculator.&lt;init&gt;(Calculator.java:6)
	at io.michaelcane.Commands.&lt;init&gt;(Commands.java:5)
	at io.michaelcane.Calculator.&lt;init&gt;(Calculator.java:6)
	at io.michaelcane.Commands.&lt;init&gt;(Commands.java:5)
	at io.michaelcane.Calculator.&lt;init&gt;(Calculator.java:6)
	at io.michaelcane.Commands.&lt;init&gt;(Commands.java:5)
	at io.michaelcane.Calculator.&lt;init&gt;(Calculator.java:6)
	at io.michaelcane.Commands.&lt;init&gt;(Commands.java:5)
	at io.michaelcane.Calculator.&lt;init&gt;(Calculator.java:6)
	at io.michaelcane.Commands.&lt;init&gt;(Commands.java:5)
	at io.michaelcane.Calculator.&lt;init&gt;(Calculator.java:6)
	at io.michaelcane.Commands.&lt;init&gt;(Commands.java:5)
	at io.michaelcane.Calculator.&lt;init&gt;(Calculator.java:6)
	at io.michaelcane.Commands.&lt;init&gt;(Commands.java:5)
	at io.michaelcane.Calculator.&lt;init&gt;(Calculator.java:6)
	at io.michaelcane.Commands.&lt;init&gt;(Commands.java:5)
	at io.michaelcane.Calculator.&lt;init&gt;(Calculator.java:6)
	at io.michaelcane.Commands.&lt;init&gt;(Commands.java:5)
	at io.michaelcane.Calculator.&lt;init&gt;(Calculator.java:6)
	at io.michaelcane.Commands.&lt;init&gt;(Commands.java:5)
	at io.michaelcane.Calculator.&lt;init&gt;(Calculator.java:6)
	at io.michaelcane.Commands.&lt;init&gt;(Commands.java:5)
	at io.michaelcane.Calculator.&lt;init&gt;(Calculator.java:6)
	at io.michaelcane.Commands.&lt;init&gt;(Commands.java:5)
	at io.michaelcane.Calculator.&lt;init&gt;(Calculator.java:6)
	at io.michaelcane.Commands.&lt;init&gt;(Commands.java:5)
	at io.michaelcane.Calculator.&lt;init&gt;(Calculator.java:6)
	at io.michaelcane.Commands.&lt;init&gt;(Commands.java:5)
	at io.michaelcane.Calculator.&lt;init&gt;(Calculator.java:6)
	at io.michaelcane.Commands.&lt;init&gt;(Commands.java:5)
	at io.michaelcane.Calculator.&lt;init&gt;(Calculator.java:6)
	at io.michaelcane.Commands.&lt;init&gt;(Commands.java:5)
	at io.michaelcane.Calculator.&lt;init&gt;(Calculator.java:6)
	at io.michaelcane.Commands.&lt;init&gt;(Commands.java:5)
	at io.michaelcane.Calculator.&lt;init&gt;(Calculator.java:6)
	at io.michaelcane.Commands.&lt;init&gt;(Commands.java:5)
	at io.michaelcane.Calculator.&lt;init&gt;(Calculator.java:6)
	at io.michaelcane.Commands.&lt;init&gt;(Commands.java:5)
	at io.michaelcane.Calculator.&lt;init&gt;(Calculator.java:6)
	at io.michaelcane.Commands.&lt;init&gt;(Commands.java:5)
	at io.michaelcane.Calculator.&lt;init&gt;(Calculator.java:6)
	at io.michaelcane.Commands.&lt;init&gt;(Commands.java:5)
	at io.michaelcane.Calculator.&lt;init&gt;(Calculator.java:6)
	at io.michaelcane.Commands.&lt;init&gt;(Commands.java:5)
	at io.michaelcane.Calculator.&lt;init&gt;(Calculator.java:6)
	at io.michaelcane.Commands.&lt;init&gt;(Commands.java:5)
	at io.michaelcane.Calculator.&lt;init&gt;(Calculator.java:6)
	at io.michaelcane.Commands.&lt;init&gt;(Commands.java:5)
	at io.michaelcane.Calculator.&lt;init&gt;(Calculator.java:6)
	at io.michaelcane.Commands.&lt;init&gt;(Commands.java:5)
	at io.michaelcane.Calculator.&lt;init&gt;(Calculator.java:6)
	at io.michaelcane.Commands.&lt;init&gt;(Commands.java:5)
	at io.michaelcane.Calculator.&lt;init&gt;(Calculator.java:6)
	at io.michaelcane.Commands.&lt;init&gt;(Commands.java:5)
	at io.michaelcane.Calculator.&lt;init&gt;(Calculator.java:6)
	at io.michaelcane.Commands.&lt;init&gt;(Commands.java:5)
	at io.michaelcane.Calculator.&lt;init&gt;(Calculator.java:6)
	at io.michaelcane.Commands.&lt;init&gt;(Commands.java:5)
	at io.michaelcane.Calculator.&lt;init&gt;(Calculator.java:6)
	at io.michaelcane.Commands.&lt;init&gt;(Commands.java:5)
	at io.michaelcane.Calculator.&lt;init&gt;(Calculator.java:6)
	at io.michaelcane.Commands.&lt;init&gt;(Commands.java:5)
	at io.michaelcane.Calculator.&lt;init&gt;(Calculator.java:6)
	at io.michaelcane.Commands.&lt;init&gt;(Commands.java:5)
	at io.michaelcane.Calculator.&lt;init&gt;(Calculator.java:6)
	at io.michaelcane.Commands.&lt;init&gt;(Commands.java:5)
	at io.michaelcane.Calculator.&lt;init&gt;(Calculator.java:6)
	at io.michaelcane.Commands.&lt;init&gt;(Commands.java:5)
	at io.michaelcane.Calculator.&lt;init&gt;(Calculator.java:6)
	at io.michaelcane.Commands.&lt;init&gt;(Commands.java:5)
	at io.michaelcane.Calculator.&lt;init&gt;(Calculator.java:6)
	at io.michaelcane.Commands.&lt;init&gt;(Commands.java:5)
	at io.michaelcane.Calculator.&lt;init&gt;(Calculator.java:6)
	at io.michaelcane.Commands.&lt;init&gt;(Commands.java:5)
	at io.michaelcane.Calculator.&lt;init&gt;(Calculator.java:6)
	at io.michaelcane.Commands.&lt;init&gt;(Commands.java:5)
	at io.michaelcane.Calculator.&lt;init&gt;(Calculator.java:6)
	at io.michaelcane.Commands.&lt;init&gt;(Commands.java:5)
	at io.michaelcane.Calculator.&lt;init&gt;(Calculator.java:6)
	at io.michaelcane.Commands.&lt;init&gt;(Commands.java:5)
	at io.michaelcane.Calculator.&lt;init&gt;(Calculator.java:6)
	at io.michaelcane.Commands.&lt;init&gt;(Commands.java:5)
	at io.michaelcane.Calculator.&lt;init&gt;(Calculator.java:6)
	at io.michaelcane.Commands.&lt;init&gt;(Commands.java:5)
	at io.michaelcane.Calculator.&lt;init&gt;(Calculator.java:6)
	at io.michaelcane.Commands.&lt;init&gt;(Commands.java:5)
	at io.michaelcane.Calculator.&lt;init&gt;(Calculator.java:6)
	at io.michaelcane.Commands.&lt;init&gt;(Commands.java:5)
	at io.michaelcane.Calculator.&lt;init&gt;(Calculator.java:6)
	at io.michaelcane.Commands.&lt;init&gt;(Commands.java:5)
	at io.michaelcane.Calculator.&lt;init&gt;(Calculator.java:6)
	at io.michaelcane.Commands.&lt;init&gt;(Commands.java:5)
	at io.michaelcane.Calculator.&lt;init&gt;(Calculator.java:6)
	at io.michaelcane.Commands.&lt;init&gt;(Commands.java:5)
	at io.michaelcane.Calculator.&lt;init&gt;(Calculator.java:6)
	at io.michaelcane.Commands.&lt;init&gt;(Commands.java:5)
	at io.michaelcane.Calculator.&lt;init&gt;(Calculator.java:6)
	at io.michaelcane.Commands.&lt;init&gt;(Commands.java:5)
	at io.michaelcane.Calculator.&lt;init&gt;(Calculator.java:6)
	at io.michaelcane.Commands.&lt;init&gt;(Commands.java:5)
	at io.michaelcane.Calculator.&lt;init&gt;(Calculator.java:6)
	at io.michaelcane.Commands.&lt;init&gt;(Commands.java:5)
	at io.michaelcane.Calculator.&lt;init&gt;(Calculator.java:6)
	at io.michaelcane.Commands.&lt;init&gt;(Commands.java:5)
	at io.michaelcane.Calculator.&lt;init&gt;(Calculator.java:6)
	at io.michaelcane.Commands.&lt;init&gt;(Commands.java:5)
	at io.michaelcane.Calculator.&lt;init&gt;(Calculator.java:6)
	at io.michaelcane.Commands.&lt;init&gt;(Commands.java:5)
	at io.michaelcane.Calculator.&lt;init&gt;(Calculator.java:6)
	at io.michaelcane.Commands.&lt;init&gt;(Commands.java:5)
	at io.michaelcane.Calculator.&lt;init&gt;(Calculator.java:6)
	at io.michaelcane.Commands.&lt;init&gt;(Commands.java:5)
	at io.michaelcane.Calculator.&lt;init&gt;(Calculator.java:6)
	at io.michaelcane.Commands.&lt;init&gt;(Commands.java:5)
	at io.michaelcane.Calculator.&lt;init&gt;(Calculator.java:6)
	at io.michaelcane.Commands.&lt;init&gt;(Commands.java:5)
	at io.michaelcane.Calculator.&lt;init&gt;(Calculator.java:6)
	at io.michaelcane.Commands.&lt;init&gt;(Commands.java:5)
	at io.michaelcane.Calculator.&lt;init&gt;(Calculator.java:6)
	at io.michaelcane.Commands.&lt;init&gt;(Commands.java:5)
	at io.michaelcane.Calculator.&lt;init&gt;(Calculator.java:6)
	at io.michaelcane.Commands.&lt;init&gt;(Commands.java:5)
	at io.michaelcane.Calculator.&lt;init&gt;(Calculator.java:6)
	at io.michaelcane.Commands.&lt;init&gt;(Commands.java:5)
	at io.michaelcane.Calculator.&lt;init&gt;(Calculator.java:6)
	at io.michaelcane.Commands.&lt;init&gt;(Commands.java:5)
	at io.michaelcane.Calculator.&lt;init&gt;(Calculator.java:6)
	at io.michaelcane.Commands.&lt;init&gt;(Commands.java:5)
	at io.michaelcane.Calculator.&lt;init&gt;(Calculator.java:6)
	at io.michaelcane.Commands.&lt;init&gt;(Commands.java:5)
	at io.michaelcane.Calculator.&lt;init&gt;(Calculator.java:6)
	at io.michaelcane.Commands.&lt;init&gt;(Commands.java:5)
	at io.michaelcane.Calculator.&lt;init&gt;(Calculator.java:6)
	at io.michaelcane.Commands.&lt;init&gt;(Commands.java:5)
	at io.michaelcane.Calculator.&lt;init&gt;(Calculator.java:6)
	at io.michaelcane.Commands.&lt;init&gt;(Commands.java:5)
	at io.michaelcane.Calculator.&lt;init&gt;(Calculator.java:6)
	at io.michaelcane.Commands.&lt;init&gt;(Commands.java:5)
	at io.michaelcane.Calculator.&lt;init&gt;(Calculator.java:6)
	at io.michaelcane.Commands.&lt;init&gt;(Commands.java:5)
	at io.michaelcane.Calculator.&lt;init&gt;(Calculator.java:6)
	at io.michaelcane.Commands.&lt;init&gt;(Commands.java:5)
	at io.michaelcane.Calculator.&lt;init&gt;(Calculator.java:6)
	at io.michaelcane.Commands.&lt;init&gt;(Commands.java:5)
	at io.michaelcane.Calculator.&lt;init&gt;(Calculator.java:6)
	at io.michaelcane.Commands.&lt;init&gt;(Commands.java:5)
	at io.michaelcane.Calculator.&lt;init&gt;(Calculator.java:6)
	at io.michaelcane.Commands.&lt;init&gt;(Commands.java:5)
	at io.michaelcane.Calculator.&lt;init&gt;(Calculator.java:6)
	at io.michaelcane.Commands.&lt;init&gt;(Commands.java:5)
	at io.michaelcane.Calculator.&lt;init&gt;(Calculator.java:6)
	at io.michaelcane.Commands.&lt;init&gt;(Commands.java:5)
	at io.michaelcane.Calculator.&lt;init&gt;(Calculator.java:6)
	at io.michaelcane.Commands.&lt;init&gt;(Commands.java:5)
	at io.michaelcane.Calculator.&lt;init&gt;(Calculator.java:6)
	at io.michaelcane.Commands.&lt;init&gt;(Commands.java:5)
	at io.michaelcane.Calculator.&lt;init&gt;(Calculator.java:6)
	at io.michaelcane.Commands.&lt;init&gt;(Commands.java:5)
	at io.michaelcane.Calculator.&lt;init&gt;(Calculator.java:6)
	at io.michaelcane.Commands.&lt;init&gt;(Commands.java:5)
	at io.michaelcane.Calculator.&lt;init&gt;(Calculator.java:6)
	at io.michaelcane.Commands.&lt;init&gt;(Commands.java:5)
	at io.michaelcane.Calculator.&lt;init&gt;(Calculator.java:6)
	at io.michaelcane.Commands.&lt;init&gt;(Commands.java:5)
	at io.michaelcane.Calculator.&lt;init&gt;(Calculator.java:6)
	at io.michaelcane.Commands.&lt;init&gt;(Commands.java:5)
	at io.michaelcane.Calculator.&lt;init&gt;(Calculator.java:6)
	at io.michaelcane.Commands.&lt;init&gt;(Commands.java:5)
	at io.michaelcane.Calculator.&lt;init&gt;(Calculator.java:6)
	at io.michaelcane.Commands.&lt;init&gt;(Commands.java:5)
	at io.michaelcane.Calculator.&lt;init&gt;(Calculator.java:6)
	at io.michaelcane.Commands.&lt;init&gt;(Commands.java:5)
	at io.michaelcane.Calculator.&lt;init&gt;(Calculator.java:6)
	at io.michaelcane.Commands.&lt;init&gt;(Commands.java:5)
	at io.michaelcane.Calculator.&lt;init&gt;(Calculator.java:6)
	at io.michaelcane.Commands.&lt;init&gt;(Commands.java:5)
	at io.michaelcane.Calculator.&lt;init&gt;(Calculator.java:6)
	at io.michaelcane.Commands.&lt;init&gt;(Commands.java:5)
	at io.michaelcane.Calculator.&lt;init&gt;(Calculator.java:6)
	at io.michaelcane.Commands.&lt;init&gt;(Commands.java:5)
	at io.michaelcane.Calculator.&lt;init&gt;(Calculator.java:6)
	at io.michaelcane.Commands.&lt;init&gt;(Commands.java:5)
	at io.michaelcane.Calculator.&lt;init&gt;(Calculator.java:6)
	at io.michaelcane.Commands.&lt;init&gt;(Commands.java:5)
	at io.michaelcane.Calculator.&lt;init&gt;(Calculator.java:6)
	at io.michaelcane.Commands.&lt;init&gt;(Commands.java:5)
	at io.michaelcane.Calculator.&lt;init&gt;(Calculator.java:6)
	at io.michaelcane.Commands.&lt;init&gt;(Commands.java:5)
	at io.michaelcane.Calculator.&lt;init&gt;(Calculator.java:6)
	at io.michaelcane.Commands.&lt;init&gt;(Commands.java:5)
	at io.michaelcane.Calculator.&lt;init&gt;(Calculator.java:6)
	at io.michaelcane.Commands.&lt;init&gt;(Commands.java:5)
	at io.michaelcane.Calculator.&lt;init&gt;(Calculator.java:6)
	at io.michaelcane.Commands.&lt;init&gt;(Commands.java:5)
	at io.michaelcane.Calculator.&lt;init&gt;(Calculator.java:6)
	at io.michaelcane.Commands.&lt;init&gt;(Commands.java:5)
	at io.michaelcane.Calculator.&lt;init&gt;(Calculator.java:6)
	at io.michaelcane.Commands.&lt;init&gt;(Commands.java:5)
	at io.michaelcane.Calculator.&lt;init&gt;(Calculator.java:6)
	at io.michaelcane.Commands.&lt;init&gt;(Commands.java:5)
	at io.michaelcane.Calculator.&lt;init&gt;(Calculator.java:6)
	at io.michaelcane.Commands.&lt;init&gt;(Commands.java:5)
	at io.michaelcane.Calculator.&lt;init&gt;(Calculator.java:6)
	at io.michaelcane.Commands.&lt;init&gt;(Commands.java:5)
	at io.michaelcane.Calculator.&lt;init&gt;(Calculator.java:6)
	at io.michaelcane.Commands.&lt;init&gt;(Commands.java:5)
	at io.michaelcane.Calculator.&lt;init&gt;(Calculator.java:6)
	at io.michaelcane.Commands.&lt;init&gt;(Commands.java:5)
	at io.michaelcane.Calculator.&lt;init&gt;(Calculator.java:6)
	at io.michaelcane.Commands.&lt;init&gt;(Commands.java:5)
	at io.michaelcane.Calculator.&lt;init&gt;(Calculator.java:6)
	at io.michaelcane.Commands.&lt;init&gt;(Commands.java:5)
	at io.michaelcane.Calculator.&lt;init&gt;(Calculator.java:6)
	at io.michaelcane.Commands.&lt;init&gt;(Commands.java:5)
	at io.michaelcane.Calculator.&lt;init&gt;(Calculator.java:6)
	at io.michaelcane.Commands.&lt;init&gt;(Commands.java:5)
	at io.michaelcane.Calculator.&lt;init&gt;(Calculator.java:6)
	at io.michaelcane.Commands.&lt;init&gt;(Commands.java:5)
	at io.michaelcane.Calculator.&lt;init&gt;(Calculator.java:6)
	at io.michaelcane.Commands.&lt;init&gt;(Commands.java:5)
	at io.michaelcane.Calculator.&lt;init&gt;(Calculator.java:6)
	at io.michaelcane.Commands.&lt;init&gt;(Commands.java:5)
	at io.michaelcane.Calculator.&lt;init&gt;(Calculator.java:6)
	at io.michaelcane.Commands.&lt;init&gt;(Commands.java:5)
	at io.michaelcane.Calculator.&lt;init&gt;(Calculator.java:6)
	at io.michaelcane.Commands.&lt;init&gt;(Commands.java:5)
	at io.michaelcane.Calculator.&lt;init&gt;(Calculator.java:6)
	at io.michaelcane.Commands.&lt;init&gt;(Commands.java:5)
	at io.michaelcane.Calculator.&lt;init&gt;(Calculator.java:6)
	at io.michaelcane.Commands.&lt;init&gt;(Commands.java:5)
	at io.michaelcane.Calculator.&lt;init&gt;(Calculator.java:6)
	at io.michaelcane.Commands.&lt;init&gt;(Commands.java:5)
	at io.michaelcane.Calculator.&lt;init&gt;(Calculator.java:6)
	at io.michaelcane.Commands.&lt;init&gt;(Commands.java:5)
	at io.michaelcane.Calculator.&lt;init&gt;(Calculator.java:6)
	at io.michaelcane.Commands.&lt;init&gt;(Commands.java:5)
	at io.michaelcane.Calculator.&lt;init&gt;(Calculator.java:6)
	at io.michaelcane.Commands.&lt;init&gt;(Commands.java:5)
	at io.michaelcane.Calculator.&lt;init&gt;(Calculator.java:6)
	at io.michaelcane.Commands.&lt;init&gt;(Commands.java:5)
	at io.michaelcane.Calculator.&lt;init&gt;(Calculator.java:6)
	at io.michaelcane.Commands.&lt;init&gt;(Commands.java:5)
	at io.michaelcane.Calculator.&lt;init&gt;(Calculator.java:6)
	at io.michaelcane.Commands.&lt;init&gt;(Commands.java:5)
	at io.michaelcane.Calculator.&lt;init&gt;(Calculator.java:6)
	at io.michaelcane.Commands.&lt;init&gt;(Commands.java:5)
	at io.michaelcane.Calculator.&lt;init&gt;(Calculator.java:6)
	at io.michaelcane.Commands.&lt;init&gt;(Commands.java:5)
	at io.michaelcane.Calculator.&lt;init&gt;(Calculator.java:6)
	at io.michaelcane.Commands.&lt;init&gt;(Commands.java:5)
	at io.michaelcane.Calculator.&lt;init&gt;(Calculator.java:6)
	at io.michaelcane.Commands.&lt;init&gt;(Commands.java:5)
	at io.michaelcane.Calculator.&lt;init&gt;(Calculator.java:6)
	at io.michaelcane.Commands.&lt;init&gt;(Commands.java:5)
	at io.michaelcane.Calculator.&lt;init&gt;(Calculator.java:6)
	at io.michaelcane.Commands.&lt;init&gt;(Commands.java:5)
	at io.michaelcane.Calculator.&lt;init&gt;(Calculator.java:6)
	at io.michaelcane.Commands.&lt;init&gt;(Commands.java:5)
	at io.michaelcane.Calculator.&lt;init&gt;(Calculator.java:6)
	at io.michaelcane.Commands.&lt;init&gt;(Commands.java:5)
	at io.michaelcane.Calculator.&lt;init&gt;(Calculator.java:6)
	at io.michaelcane.Commands.&lt;init&gt;(Commands.java:5)
	at io.michaelcane.Calculator.&lt;init&gt;(Calculator.java:6)
	at io.michaelcane.Commands.&lt;init&gt;(Commands.java:5)
	at io.michaelcane.Calculator.&lt;init&gt;(Calculator.java:6)
	at io.michaelcane.Commands.&lt;init&gt;(Commands.java:5)
	at io.michaelcane.Calculator.&lt;init&gt;(Calculator.java:6)
	at io.michaelcane.Commands.&lt;init&gt;(Commands.java:5)
	at io.michaelcane.Calculator.&lt;init&gt;(Calculator.java:6)
	at io.michaelcane.Commands.&lt;init&gt;(Commands.java:5)
	at io.michaelcane.Calculator.&lt;init&gt;(Calculator.java:6)
	at io.michaelcane.Commands.&lt;init&gt;(Commands.java:5)
	at io.michaelcane.Calculator.&lt;init&gt;(Calculator.java:6)
	at io.michaelcane.Commands.&lt;init&gt;(Commands.java:5)
	at io.michaelcane.Calculator.&lt;init&gt;(Calculator.java:6)
	at io.michaelcane.Commands.&lt;init&gt;(Commands.java:5)
	at io.michaelcane.Calculator.&lt;init&gt;(Calculator.java:6)
	at io.michaelcane.Commands.&lt;init&gt;(Commands.java:5)
	at io.michaelcane.Calculator.&lt;init&gt;(Calculator.java:6)
	at io.michaelcane.Commands.&lt;init&gt;(Commands.java:5)
	at io.michaelcane.Calculator.&lt;init&gt;(Calculator.java:6)
	at io.michaelcane.Commands.&lt;init&gt;(Commands.java:5)
	at io.michaelcane.Calculator.&lt;init&gt;(Calculator.java:6)
	at io.michaelcane.Commands.&lt;init&gt;(Commands.java:5)
	at io.michaelcane.Calculator.&lt;init&gt;(Calculator.java:6)
	at io.michaelcane.Commands.&lt;init&gt;(Commands.java:5)
	at io.michaelcane.Calculator.&lt;init&gt;(Calculator.java:6)
	at io.michaelcane.Commands.&lt;init&gt;(Commands.java:5)
	at io.michaelcane.Calculator.&lt;init&gt;(Calculator.java:6)
	at io.michaelcane.Commands.&lt;init&gt;(Commands.java:5)
	at io.michaelcane.Calculator.&lt;init&gt;(Calculator.java:6)
	at io.michaelcane.Commands.&lt;init&gt;(Commands.java:5)
	at io.michaelcane.Calculator.&lt;init&gt;(Calculator.java:6)
	at io.michaelcane.Commands.&lt;init&gt;(Commands.java:5)
	at io.michaelcane.Calculator.&lt;init&gt;(Calculator.java:6)
	at io.michaelcane.Commands.&lt;init&gt;(Commands.java:5)
	at io.michaelcane.Calculator.&lt;init&gt;(Calculator.java:6)
	at io.michaelcane.Commands.&lt;init&gt;(Commands.java:5)
	at io.michaelcane.Calculator.&lt;init&gt;(Calculator.java:6)
	at io.michaelcane.Commands.&lt;init&gt;(Commands.java:5)
	at io.michaelcane.Calculator.&lt;init&gt;(Calculator.java:6)
	at io.michaelcane.Commands.&lt;init&gt;(Commands.java:5)
	at io.michaelcane.Calculator.&lt;init&gt;(Calculator.java:6)
	at io.michaelcane.Commands.&lt;init&gt;(Commands.java:5)
	at io.michaelcane.Calculator.&lt;init&gt;(Calculator.java:6)
	at io.michaelcane.Commands.&lt;init&gt;(Commands.java:5)
	at io.michaelcane.Calculator.&lt;init&gt;(Calculator.java:6)
	at io.michaelcane.Commands.&lt;init&gt;(Commands.java:5)
	at io.michaelcane.Calculator.&lt;init&gt;(Calculator.java:6)
	at io.michaelcane.Commands.&lt;init&gt;(Commands.java:5)
	at io.michaelcane.Calculator.&lt;init&gt;(Calculator.java:6)
	at io.michaelcane.Commands.&lt;init&gt;(Commands.java:5)
	at io.michaelcane.Calculator.&lt;init&gt;(Calculator.java:6)
	at io.michaelcane.Commands.&lt;init&gt;(Commands.java:5)
	at io.michaelcane.Calculator.&lt;init&gt;(Calculator.java:6)
	at io.michaelcane.Commands.&lt;init&gt;(Commands.java:5)
	at io.michaelcane.Calculator.&lt;init&gt;(Calculator.java:6)
	at io.michaelcane.Commands.&lt;init&gt;(Commands.java:5)
	at io.michaelcane.Calculator.&lt;init&gt;(Calculator.java:6)
	at io.michaelcane.Commands.&lt;init&gt;(Commands.java:5)
	at io.michaelcane.Calculator.&lt;init&gt;(Calculator.java:6)
	at io.michaelcane.Commands.&lt;init&gt;(Commands.java:5)
	at io.michaelcane.Calculator.&lt;init&gt;(Calculator.java:6)
	at io.michaelcane.Commands.&lt;init&gt;(Commands.java:5)
	at io.michaelcane.Calculator.&lt;init&gt;(Calculator.java:6)
	at io.michaelcane.Commands.&lt;init&gt;(Commands.java:5)
	at io.michaelcane.Calculator.&lt;init&gt;(Calculator.java:6)
	at io.michaelcane.Commands.&lt;init&gt;(Commands.java:5)
	at io.michaelcane.Calculator.&lt;init&gt;(Calculator.java:6)
	at io.michaelcane.Commands.&lt;init&gt;(Commands.java:5)
	at io.michaelcane.Calculator.&lt;init&gt;(Calculator.java:6)
	at io.michaelcane.Commands.&lt;init&gt;(Commands.java:5)
	at io.michaelcane.Calculator.&lt;init&gt;(Calculator.java:6)
	at io.michaelcane.Commands.&lt;init&gt;(Commands.java:5)
	at io.michaelcane.Calculator.&lt;init&gt;(Calculator.java:6)
	at io.michaelcane.Commands.&lt;init&gt;(Commands.java:5)
	at io.michaelcane.Calculator.&lt;init&gt;(Calculator.java:6)
	at io.michaelcane.Commands.&lt;init&gt;(Commands.java:5)
	at io.michaelcane.Calculator.&lt;init&gt;(Calculator.java:6)
	at io.michaelcane.Commands.&lt;init&gt;(Commands.java:5)
	at io.michaelcane.Calculator.&lt;init&gt;(Calculator.java:6)
	at io.michaelcane.Commands.&lt;init&gt;(Commands.java:5)
	at io.michaelcane.Calculator.&lt;init&gt;(Calculator.java:6)
	at io.michaelcane.Commands.&lt;init&gt;(Commands.java:5)
	at io.michaelcane.Calculator.&lt;init&gt;(Calculator.java:6)
	at io.michaelcane.Commands.&lt;init&gt;(Commands.java:5)
	at io.michaelcane.Calculator.&lt;init&gt;(Calculator.java:6)
	at io.michaelcane.Commands.&lt;init&gt;(Commands.java:5)
	at io.michaelcane.Calculator.&lt;init&gt;(Calculator.java:6)
	at io.michaelcane.Commands.&lt;init&gt;(Commands.java:5)
	at io.michaelcane.Calculator.&lt;init&gt;(Calculator.java:6)
	at io.michaelcane.Commands.&lt;init&gt;(Commands.java:5)
	at io.michaelcane.Calculator.&lt;init&gt;(Calculator.java:6)
	at io.michaelcane.Commands.&lt;init&gt;(Commands.java:5)
	at io.michaelcane.Calculator.&lt;init&gt;(Calculator.java:6)
	at io.michaelcane.Commands.&lt;init&gt;(Commands.java:5)
	at io.michaelcane.Calculator.&lt;init&gt;(Calculator.java:6)
	at io.michaelcane.Commands.&lt;init&gt;(Commands.java:5)
	at io.michaelcane.Calculator.&lt;init&gt;(Calculator.java:6)
	at io.michaelcane.Commands.&lt;init&gt;(Commands.java:5)
	at io.michaelcane.Calculator.&lt;init&gt;(Calculator.java:6)
	at io.michaelcane.Commands.&lt;init&gt;(Commands.java:5)
	at io.michaelcane.Calculator.&lt;init&gt;(Calculator.java:6)
	at io.michaelcane.Commands.&lt;init&gt;(Commands.java:5)
	at io.michaelcane.Calculator.&lt;init&gt;(Calculator.java:6)
	at io.michaelcane.Commands.&lt;init&gt;(Commands.java:5)
	at io.michaelcane.Calculator.&lt;init&gt;(Calculator.java:6)
	at io.michaelcane.Commands.&lt;init&gt;(Commands.java:5)
	at io.michaelcane.Calculator.&lt;init&gt;(Calculator.java:6)
	at io.michaelcane.Commands.&lt;init&gt;(Commands.java:5)
	at io.michaelcane.Calculator.&lt;init&gt;(Calculator.java:6)
	at io.michaelcane.Commands.&lt;init&gt;(Commands.java:5)
	at io.michaelcane.Calculator.&lt;init&gt;(Calculator.java:6)
	at io.michaelcane.Commands.&lt;init&gt;(Commands.java:5)
	at io.michaelcane.Calculator.&lt;init&gt;(Calculator.java:6)
	at io.michaelcane.Commands.&lt;init&gt;(Commands.java:5)
	at io.michaelcane.Calculator.&lt;init&gt;(Calculator.java:6)
	at io.michaelcane.Commands.&lt;init&gt;(Commands.java:5)
	at io.michaelcane.Calculator.&lt;init&gt;(Calculator.java:6)
	at io.michaelcane.Commands.&lt;init&gt;(Commands.java:5)
	at io.michaelcane.Calculator.&lt;init&gt;(Calculator.java:6)
	at io.michaelcane.Commands.&lt;init&gt;(Commands.java:5)
	at io.michaelcane.Calculator.&lt;init&gt;(Calculator.java:6)
	at io.michaelcane.Commands.&lt;init&gt;(Commands.java:5)
	at io.michaelcane.Calculator.&lt;init&gt;(Calculator.java:6)
	at io.michaelcane.Commands.&lt;init&gt;(Commands.java:5)
	at io.michaelcane.Calculator.&lt;init&gt;(Calculator.java:6)
	at io.michaelcane.Commands.&lt;init&gt;(Commands.java:5)
	at io.michaelcane.Calculator.&lt;init&gt;(Calculator.java:6)
	at io.michaelcane.Commands.&lt;init&gt;(Commands.java:5)
	at io.michaelcane.Calculator.&lt;init&gt;(Calculator.java:6)
	at io.michaelcane.Commands.&lt;init&gt;(Commands.java:5)
	at io.michaelcane.Calculator.&lt;init&gt;(Calculator.java:6)
	at io.michaelcane.Commands.&lt;init&gt;(Commands.java:5)
	at io.michaelcane.Calculator.&lt;init&gt;(Calculator.java:6)
	at io.michaelcane.Commands.&lt;init&gt;(Commands.java:5)
	at io.michaelcane.Calculator.&lt;init&gt;(Calculator.java:6)
	at io.michaelcane.Commands.&lt;init&gt;(Commands.java:5)
	at io.michaelcane.Calculator.&lt;init&gt;(Calculator.java:6)
	at io.michaelcane.Commands.&lt;init&gt;(Commands.java:5)
	at io.michaelcane.Calculator.&lt;init&gt;(Calculator.java:6)
	at io.michaelcane.Commands.&lt;init&gt;(Commands.java:5)
	at io.michaelcane.Calculator.&lt;init&gt;(Calculator.java:6)
	at io.michaelcane.Commands.&lt;init&gt;(Commands.java:5)
	at io.michaelcane.Calculator.&lt;init&gt;(Calculator.java:6)
	at io.michaelcane.Commands.&lt;init&gt;(Commands.java:5)
	at io.michaelcane.Calculator.&lt;init&gt;(Calculator.java:6)
	at io.michaelcane.Commands.&lt;init&gt;(Commands.java:5)
	at io.michaelcane.Calculator.&lt;init&gt;(Calculator.java:6)
	at io.michaelcane.Commands.&lt;init&gt;(Commands.java:5)
	at io.michaelcane.Calculator.&lt;init&gt;(Calculator.java:6)
	at io.michaelcane.Commands.&lt;init&gt;(Commands.java:5)
	at io.michaelcane.Calculator.&lt;init&gt;(Calculator.java:6)
	at io.michaelcane.Commands.&lt;init&gt;(Commands.java:5)
	at io.michaelcane.Calculator.&lt;init&gt;(Calculator.java:6)
	at io.michaelcane.Commands.&lt;init&gt;(Commands.java:5)
	at io.michaelcane.Calculator.&lt;init&gt;(Calculator.java:6)
	at io.michaelcane.Commands.&lt;init&gt;(Commands.java:5)
	at io.michaelcane.Calculator.&lt;init&gt;(Calculator.java:6)
	at io.michaelcane.Commands.&lt;init&gt;(Commands.java:5)
	at io.michaelcane.Calculator.&lt;init&gt;(Calculator.java:6)
	at io.michaelcane.Commands.&lt;init&gt;(Commands.java:5)
	at io.michaelcane.Calculator.&lt;init&gt;(Calculator.java:6)
	at io.michaelcane.Commands.&lt;init&gt;(Commands.java:5)
	at io.michaelcane.Calculator.&lt;init&gt;(Calculator.java:6)
	at io.michaelcane.Commands.&lt;init&gt;(Commands.java:5)
	at io.michaelcane.Calculator.&lt;init&gt;(Calculator.java:6)
	at io.michaelcane.Commands.&lt;init&gt;(Commands.java:5)
	at io.michaelcane.Calculator.&lt;init&gt;(Calculator.java:6)
	at io.michaelcane.Commands.&lt;init&gt;(Commands.java:5)
	at io.michaelcane.Calculator.&lt;init&gt;(Calculator.java:6)
	at io.michaelcane.Commands.&lt;init&gt;(Commands.java:5)
	at io.michaelcane.Calculator.&lt;init&gt;(Calculator.java:6)
	at io.michaelcane.Commands.&lt;init&gt;(Commands.java:5)
	at io.michaelcane.Calculator.&lt;init&gt;(Calculator.java:6)
	at io.michaelcane.Commands.&lt;init&gt;(Commands.java:5)
	at io.michaelcane.Calculator.&lt;init&gt;(Calculator.java:6)
	at io.michaelcane.Commands.&lt;init&gt;(Commands.java:5)
	at io.michaelcane.Calculator.&lt;init&gt;(Calculator.java:6)
	at io.michaelcane.Commands.&lt;init&gt;(Commands.java:5)
	at io.michaelcane.Calculator.&lt;init&gt;(Calculator.java:6)
	at io.michaelcane.Commands.&lt;init&gt;(Commands.java:5)
	at io.michaelcane.Calculator.&lt;init&gt;(Calculator.java:6)
	at io.michaelcane.Commands.&lt;init&gt;(Commands.java:5)
	at io.michaelcane.Calculator.&lt;init&gt;(Calculator.java:6)
	at io.michaelcane.Commands.&lt;init&gt;(Commands.java:5)
	at io.michaelcane.Calculator.&lt;init&gt;(Calculator.java:6)
	at io.michaelcane.Commands.&lt;init&gt;(Commands.java:5)
	at io.michaelcane.Calculator.&lt;init&gt;(Calculator.java:6)
	at io.michaelcane.Commands.&lt;init&gt;(Commands.java:5)
	at io.michaelcane.Calculator.&lt;init&gt;(Calculator.java:6)
	at io.michaelcane.Commands.&lt;init&gt;(Commands.java:5)
	at io.michaelcane.Calculator.&lt;init&gt;(Calculator.java:6)
	at io.michaelcane.Commands.&lt;init&gt;(Commands.java:5)
	at io.michaelcane.Calculator.&lt;init&gt;(Calculator.java:6)
	at io.michaelcane.Commands.&lt;init&gt;(Commands.java:5)
	at io.michaelcane.Calculator.&lt;init&gt;(Calculator.java:6)
	at io.michaelcane.Commands.&lt;init&gt;(Commands.java:5)
	at io.michaelcane.Calculator.&lt;init&gt;(Calculator.java:6)
	at io.michaelcane.Commands.&lt;init&gt;(Commands.java:5)
	at io.michaelcane.Calculator.&lt;init&gt;(Calculator.java:6)
	at io.michaelcane.Commands.&lt;init&gt;(Commands.java:5)
	at io.michaelcane.Calculator.&lt;init&gt;(Calculator.java:6)
	at io.michaelcane.Commands.&lt;init&gt;(Commands.java:5)
	at io.michaelcane.Calculator.&lt;init&gt;(Calculator.java:6)
	at io.michaelcane.Commands.&lt;init&gt;(Commands.java:5)
	at io.michaelcane.Calculator.&lt;init&gt;(Calculator.java:6)
	at io.michaelcane.Commands.&lt;init&gt;(Commands.java:5)
	at io.michaelcane.Calculator.&lt;init&gt;(Calculator.java:6)
	at io.michaelcane.Commands.&lt;init&gt;(Commands.java:5)
	at io.michaelcane.Calculator.&lt;init&gt;(Calculator.java:6)
	at io.michaelcane.Commands.&lt;init&gt;(Commands.java:5)
	at io.michaelcane.Calculator.&lt;init&gt;(Calculator.java:6)
	at io.michaelcane.Commands.&lt;init&gt;(Commands.java:5)
	at io.michaelcane.Calculator.&lt;init&gt;(Calculator.java:6)
	at io.michaelcane.Commands.&lt;init&gt;(Commands.java:5)
	at io.michaelcane.Calculator.&lt;init&gt;(Calculator.java:6)
	at io.michaelcane.Commands.&lt;init&gt;(Commands.java:5)
	at io.michaelcane.Calculator.&lt;init&gt;(Calculator.java:6)
	at io.michaelcane.Commands.&lt;init&gt;(Commands.java:5)
	at io.michaelcane.Calculator.&lt;init&gt;(Calculator.java:6)
	at io.michaelcane.Commands.&lt;init&gt;(Commands.java:5)
	at io.michaelcane.Calculator.&lt;init&gt;(Calculator.java:6)
	at io.michaelcane.Commands.&lt;init&gt;(Commands.java:5)
	at io.michaelcane.Calculator.&lt;init&gt;(Calculator.java:6)
	at io.michaelcane.Commands.&lt;init&gt;(Commands.java:5)
	at io.michaelcane.Calculator.&lt;init&gt;(Calculator.java:6)
	at io.michaelcane.Commands.&lt;init&gt;(Commands.java:5)
	at io.michaelcane.Calculator.&lt;init&gt;(Calculator.java:6)
	at io.michaelcane.Commands.&lt;init&gt;(Commands.java:5)
	at io.michaelcane.Calculator.&lt;init&gt;(Calculator.java:6)
	at io.michaelcane.Commands.&lt;init&gt;(Commands.java:5)
	at io.michaelcane.Calculator.&lt;init&gt;(Calculator.java:6)
	at io.michaelcane.Commands.&lt;init&gt;(Commands.java:5)
	at io.michaelcane.Calculator.&lt;init&gt;(Calculator.java:6)
	at io.michaelcane.Commands.&lt;init&gt;(Commands.java:5)
	at io.michaelcane.Calculator.&lt;init&gt;(Calculator.java:6)
	at io.michaelcane.Commands.&lt;init&gt;(Commands.java:5)
	at io.michaelcane.Calculator.&lt;init&gt;(Calculator.java:6)
	at io.michaelcane.Commands.&lt;init&gt;(Commands.java:5)
	at io.michaelcane.Calculator.&lt;init&gt;(Calculator.java:6)
	at io.michaelcane.Commands.&lt;init&gt;(Commands.java:5)
	at io.michaelcane.Calculator.&lt;init&gt;(Calculator.java:6)
	at io.michaelcane.Commands.&lt;init&gt;(Commands.java:5)
	at io.michaelcane.Calculator.&lt;init&gt;(Calculator.java:6)
	at io.michaelcane.Commands.&lt;init&gt;(Commands.java:5)
	at io.michaelcane.Calculator.&lt;init&gt;(Calculator.java:6)
	at io.michaelcane.Commands.&lt;init&gt;(Commands.java:5)
	at io.michaelcane.Calculator.&lt;init&gt;(Calculator.java:6)
	at io.michaelcane.Commands.&lt;init&gt;(Commands.java:5)
	at io.michaelcane.Calculator.&lt;init&gt;(Calculator.java:6)
	at io.michaelcane.Commands.&lt;init&gt;(Commands.java:5)
	at io.michaelcane.Calculator.&lt;init&gt;(Calculator.java:6)
	at io.michaelcane.Commands.&lt;init&gt;(Commands.java:5)
	at io.michaelcane.Calculator.&lt;init&gt;(Calculator.java:6)
	at io.michaelcane.Commands.&lt;init&gt;(Commands.java:5)
	at io.michaelcane.Calculator.&lt;init&gt;(Calculator.java:6)
	at io.michaelcane.Commands.&lt;init&gt;(Commands.java:5)
	at io.michaelcane.Calculator.&lt;init&gt;(Calculator.java:6)
	at io.michaelcane.Commands.&lt;init&gt;(Commands.java:5)
	at io.michaelcane.Calculator.&lt;init&gt;(Calculator.java:6)
	at io.michaelcane.Commands.&lt;init&gt;(Commands.java:5)
	at io.michaelcane.Calculator.&lt;init&gt;(Calculator.java:6)
	at io.michaelcane.Commands.&lt;init&gt;(Commands.java:5)
	at io.michaelcane.Calculator.&lt;init&gt;(Calculator.java:6)
	at io.michaelcane.Commands.&lt;init&gt;(Commands.java:5)
	at io.michaelcane.Calculator.&lt;init&gt;(Calculator.java:6)
	at io.michaelcane.Commands.&lt;init&gt;(Commands.java:5)
	at io.michaelcane.Calculator.&lt;init&gt;(Calculator.java:6)
	at io.michaelcane.Commands.&lt;init&gt;(Commands.java:5)
	at io.michaelcane.Calculator.&lt;init&gt;(Calculator.java:6)
	at io.michaelcane.Commands.&lt;init&gt;(Commands.java:5)
	at io.michaelcane.Calculator.&lt;init&gt;(Calculator.java:6)
	at io.michaelcane.Commands.&lt;init&gt;(Commands.java:5)
	at io.michaelcane.Calculator.&lt;init&gt;(Calculator.java:6)
	at io.michaelcane.Commands.&lt;init&gt;(Commands.java:5)
	at io.michaelcane.Calculator.&lt;init&gt;(Calculator.java:6)
	at io.michaelcane.Commands.&lt;init&gt;(Commands.java:5)
	at io.michaelcane.Calculator.&lt;init&gt;(Calculator.java:6)
	at io.michaelcane.Commands.&lt;init&gt;(Commands.java:5)
	at io.michaelcane.Calculator.&lt;init&gt;(Calculator.java:6)
	at io.michaelcane.Commands.&lt;init&gt;(Commands.java:5)
	at io.michaelcane.Calculator.&lt;init&gt;(Calculator.java:6)
	at io.michaelcane.Commands.&lt;init&gt;(Commands.java:5)
	at io.michaelcane.Calculator.&lt;init&gt;(Calculator.java:6)
	at io.michaelcane.Commands.&lt;init&gt;(Commands.java:5)
	at io.michaelcane.Calculator.&lt;init&gt;(Calculator.java:6)
	at io.michaelcane.Commands.&lt;init&gt;(Commands.java:5)
	at io.michaelcane.Calculator.&lt;init&gt;(Calculator.java:6)
	at io.michaelcane.Commands.&lt;init&gt;(Commands.java:5)
	at io.michaelcane.Calculator.&lt;init&gt;(Calculator.java:6)
	at io.michaelcane.Commands.&lt;init&gt;(Commands.java:5)
	at io.michaelcane.Calculator.&lt;init&gt;(Calculator.java:6)
	at io.michaelcane.Commands.&lt;init&gt;(Commands.java:5)
	at io.michaelcane.Calculator.&lt;init&gt;(Calculator.java:6)
	at io.michaelcane.Commands.&lt;init&gt;(Commands.java:5)
	at io.michaelcane.Calculator.&lt;init&gt;(Calculator.java:6)
	at io.michaelcane.Commands.&lt;init&gt;(Commands.java:5)
	at io.michaelcane.Calculator.&lt;init&gt;(Calculator.java:6)
	at io.michaelcane.Commands.&lt;init&gt;(Commands.java:5)
	at io.michaelcane.Calculator.&lt;init&gt;(Calculator.java:6)
	at io.michaelcane.Commands.&lt;init&gt;(Commands.java:5)
	at io.michaelcane.Calculator.&lt;init&gt;(Calculator.java:6)
	at io.michaelcane.Commands.&lt;init&gt;(Commands.java:5)
	at io.michaelcane.Calculator.&lt;init&gt;(Calculator.java:6)
	at io.michaelcane.Commands.&lt;init&gt;(Commands.java:5)
	at io.michaelcane.Calculator.&lt;init&gt;(Calculator.java:6)
	at io.michaelcane.Commands.&lt;init&gt;(Commands.java:5)
	at io.michaelcane.Calculator.&lt;init&gt;(Calculator.java:6)
	at io.michaelcane.Commands.&lt;init&gt;(Commands.java:5)
	at io.michaelcane.Calculator.&lt;init&gt;(Calculator.java:6)
	at io.michaelcane.Commands.&lt;init&gt;(Commands.java:5)
	at io.michaelcane.Calculator.&lt;init&gt;(Calculator.java:6)
	at io.michaelcane.Commands.&lt;init&gt;(Commands.java:5)
	at io.michaelcane.Calculator.&lt;init&gt;(Calculator.java:6)
	at io.michaelcane.Commands.&lt;init&gt;(Commands.java:5)
	at io.michaelcane.Calculator.&lt;init&gt;(Calculator.java:6)
	at io.michaelcane.Commands.&lt;init&gt;(Commands.java:5)
	at io.michaelcane.Calculator.&lt;init&gt;(Calculator.java:6)
	at io.michaelcane.Commands.&lt;init&gt;(Commands.java:5)
	at io.michaelcane.Calculator.&lt;init&gt;(Calculator.java:6)
	at io.michaelcane.Commands.&lt;init&gt;(Commands.java:5)
	at io.michaelcane.Calculator.&lt;init&gt;(Calculator.java:6)
	at io.michaelcane.Commands.&lt;init&gt;(Commands.java:5)
	at io.michaelcane.Calculator.&lt;init&gt;(Calculator.java:6)
	at io.michaelcane.Commands.&lt;init&gt;(Commands.java:5)
	at io.michaelcane.Calculator.&lt;init&gt;(Calculator.java:6)
	at io.michaelcane.Commands.&lt;init&gt;(Commands.java:5)
	at io.michaelcane.Calculator.&lt;init&gt;(Calculator.java:6)
	at io.michaelcane.Commands.&lt;init&gt;(Commands.java:5)
	at io.michaelcane.Calculator.&lt;init&gt;(Calculator.java:6)
	at io.michaelcane.Commands.&lt;init&gt;(Commands.java:5)
	at io.michaelcane.Calculator.&lt;init&gt;(Calculator.java:6)
	at io.michaelcane.Commands.&lt;init&gt;(Commands.java:5)
	at io.michaelcane.Calculator.&lt;init&gt;(Calculator.java:6)
	at io.michaelcane.Commands.&lt;init&gt;(Commands.java:5)
	at io.michaelcane.Calculator.&lt;init&gt;(Calculator.java:6)
	at io.michaelcane.Commands.&lt;init&gt;(Commands.java:5)
	at io.michaelcane.Calculator.&lt;init&gt;(Calculator.java:6)
	at io.michaelcane.Commands.&lt;init&gt;(Commands.java:5)
	at io.michaelcane.Calculator.&lt;init&gt;(Calculator.java:6)
	at io.michaelcane.Commands.&lt;init&gt;(Commands.java:5)
	at io.michaelcane.Calculator.&lt;init&gt;(Calculator.java:6)
	at io.michaelcane.Commands.&lt;init&gt;(Commands.java:5)
	at io.michaelcane.Calculator.&lt;init&gt;(Calculator.java:6)
	at io.michaelcane.Commands.&lt;init&gt;(Commands.java:5)
	at io.michaelcane.Calculator.&lt;init&gt;(Calculator.java:6)
	at io.michaelcane.Commands.&lt;init&gt;(Commands.java:5)
	at io.michaelcane.Calculator.&lt;init&gt;(Calculator.java:6)
	at io.michaelcane.Commands.&lt;init&gt;(Commands.java:5)
	at io.michaelcane.Calculator.&lt;init&gt;(Calculator.java:6)
	at io.michaelcane.Commands.&lt;init&gt;(Commands.java:5)
	at io.michaelcane.Calculator.&lt;init&gt;(Calculator.java:6)
	at io.michaelcane.Commands.&lt;init&gt;(Commands.java:5)
	at io.michaelcane.Calculator.&lt;init&gt;(Calculator.java:6)
	at io.michaelcane.Commands.&lt;init&gt;(Commands.java:5)
	at io.michaelcane.Calculator.&lt;init&gt;(Calculator.java:6)
	at io.michaelcane.Commands.&lt;init&gt;(Commands.java:5)
	at io.michaelcane.Calculator.&lt;init&gt;(Calculator.java:6)
	at io.michaelcane.Commands.&lt;init&gt;(Commands.java:5)
	at io.michaelcane.Calculator.&lt;init&gt;(Calculator.java:6)
	at io.michaelcane.Commands.&lt;init&gt;(Commands.java:5)
	at io.michaelcane.Calculator.&lt;init&gt;(Calculator.java:6)
	at io.michaelcane.Commands.&lt;init&gt;(Commands.java:5)
	at io.michaelcane.Calculator.&lt;init&gt;(Calculator.java:6)
	at io.michaelcane.Commands.&lt;init&gt;(Commands.java:5)
	at io.michaelcane.Calculator.&lt;init&gt;(Calculator.java:6)
	at io.michaelcane.Commands.&lt;init&gt;(Commands.java:5)
	at io.michaelcane.Calculator.&lt;init&gt;(Calculator.java:6)
	at io.michaelcane.Commands.&lt;init&gt;(Commands.java:5)
</error>
  </testcase>
  <testcase classname="io.michaelcane.CalculatorSpec" name="test$invertPositiveAndNegative" time="0.006">
    <error type="java.lang.StackOverflowError">java.lang.StackOverflowError
	at io.michaelcane.Calculator.&lt;init&gt;(Calculator.java:6)
	at io.michaelcane.Commands.&lt;init&gt;(Commands.java:5)
	at io.michaelcane.Calculator.&lt;init&gt;(Calculator.java:6)
	at io.michaelcane.Commands.&lt;init&gt;(Commands.java:5)
	at io.michaelcane.Calculator.&lt;init&gt;(Calculator.java:6)
	at io.michaelcane.Commands.&lt;init&gt;(Commands.java:5)
	at io.michaelcane.Calculator.&lt;init&gt;(Calculator.java:6)
	at io.michaelcane.Commands.&lt;init&gt;(Commands.java:5)
	at io.michaelcane.Calculator.&lt;init&gt;(Calculator.java:6)
	at io.michaelcane.Commands.&lt;init&gt;(Commands.java:5)
	at io.michaelcane.Calculator.&lt;init&gt;(Calculator.java:6)
	at io.michaelcane.Commands.&lt;init&gt;(Commands.java:5)
	at io.michaelcane.Calculator.&lt;init&gt;(Calculator.java:6)
	at io.michaelcane.Commands.&lt;init&gt;(Commands.java:5)
	at io.michaelcane.Calculator.&lt;init&gt;(Calculator.java:6)
	at io.michaelcane.Commands.&lt;init&gt;(Commands.java:5)
	at io.michaelcane.Calculator.&lt;init&gt;(Calculator.java:6)
	at io.michaelcane.Commands.&lt;init&gt;(Commands.java:5)
	at io.michaelcane.Calculator.&lt;init&gt;(Calculator.java:6)
	at io.michaelcane.Commands.&lt;init&gt;(Commands.java:5)
	at io.michaelcane.Calculator.&lt;init&gt;(Calculator.java:6)
	at io.michaelcane.Commands.&lt;init&gt;(Commands.java:5)
	at io.michaelcane.Calculator.&lt;init&gt;(Calculator.java:6)
	at io.michaelcane.Commands.&lt;init&gt;(Commands.java:5)
	at io.michaelcane.Calculator.&lt;init&gt;(Calculator.java:6)
	at io.michaelcane.Commands.&lt;init&gt;(Commands.java:5)
	at io.michaelcane.Calculator.&lt;init&gt;(Calculator.java:6)
	at io.michaelcane.Commands.&lt;init&gt;(Commands.java:5)
	at io.michaelcane.Calculator.&lt;init&gt;(Calculator.java:6)
	at io.michaelcane.Commands.&lt;init&gt;(Commands.java:5)
	at io.michaelcane.Calculator.&lt;init&gt;(Calculator.java:6)
	at io.michaelcane.Commands.&lt;init&gt;(Commands.java:5)
	at io.michaelcane.Calculator.&lt;init&gt;(Calculator.java:6)
	at io.michaelcane.Commands.&lt;init&gt;(Commands.java:5)
	at io.michaelcane.Calculator.&lt;init&gt;(Calculator.java:6)
	at io.michaelcane.Commands.&lt;init&gt;(Commands.java:5)
	at io.michaelcane.Calculator.&lt;init&gt;(Calculator.java:6)
	at io.michaelcane.Commands.&lt;init&gt;(Commands.java:5)
	at io.michaelcane.Calculator.&lt;init&gt;(Calculator.java:6)
	at io.michaelcane.Commands.&lt;init&gt;(Commands.java:5)
	at io.michaelcane.Calculator.&lt;init&gt;(Calculator.java:6)
	at io.michaelcane.Commands.&lt;init&gt;(Commands.java:5)
	at io.michaelcane.Calculator.&lt;init&gt;(Calculator.java:6)
	at io.michaelcane.Commands.&lt;init&gt;(Commands.java:5)
	at io.michaelcane.Calculator.&lt;init&gt;(Calculator.java:6)
	at io.michaelcane.Commands.&lt;init&gt;(Commands.java:5)
	at io.michaelcane.Calculator.&lt;init&gt;(Calculator.java:6)
	at io.michaelcane.Commands.&lt;init&gt;(Commands.java:5)
	at io.michaelcane.Calculator.&lt;init&gt;(Calculator.java:6)
	at io.michaelcane.Commands.&lt;init&gt;(Commands.java:5)
	at io.michaelcane.Calculator.&lt;init&gt;(Calculator.java:6)
	at io.michaelcane.Commands.&lt;init&gt;(Commands.java:5)
	at io.michaelcane.Calculator.&lt;init&gt;(Calculator.java:6)
	at io.michaelcane.Commands.&lt;init&gt;(Commands.java:5)
	at io.michaelcane.Calculator.&lt;init&gt;(Calculator.java:6)
	at io.michaelcane.Commands.&lt;init&gt;(Commands.java:5)
	at io.michaelcane.Calculator.&lt;init&gt;(Calculator.java:6)
	at io.michaelcane.Commands.&lt;init&gt;(Commands.java:5)
	at io.michaelcane.Calculator.&lt;init&gt;(Calculator.java:6)
	at io.michaelcane.Commands.&lt;init&gt;(Commands.java:5)
	at io.michaelcane.Calculator.&lt;init&gt;(Calculator.java:6)
	at io.michaelcane.Commands.&lt;init&gt;(Commands.java:5)
	at io.michaelcane.Calculator.&lt;init&gt;(Calculator.java:6)
	at io.michaelcane.Commands.&lt;init&gt;(Commands.java:5)
	at io.michaelcane.Calculator.&lt;init&gt;(Calculator.java:6)
	at io.michaelcane.Commands.&lt;init&gt;(Commands.java:5)
	at io.michaelcane.Calculator.&lt;init&gt;(Calculator.java:6)
	at io.michaelcane.Commands.&lt;init&gt;(Commands.java:5)
	at io.michaelcane.Calculator.&lt;init&gt;(Calculator.java:6)
	at io.michaelcane.Commands.&lt;init&gt;(Commands.java:5)
	at io.michaelcane.Calculator.&lt;init&gt;(Calculator.java:6)
	at io.michaelcane.Commands.&lt;init&gt;(Commands.java:5)
	at io.michaelcane.Calculator.&lt;init&gt;(Calculator.java:6)
	at io.michaelcane.Commands.&lt;init&gt;(Commands.java:5)
	at io.michaelcane.Calculator.&lt;init&gt;(Calculator.java:6)
	at io.michaelcane.Commands.&lt;init&gt;(Commands.java:5)
	at io.michaelcane.Calculator.&lt;init&gt;(Calculator.java:6)
	at io.michaelcane.Commands.&lt;init&gt;(Commands.java:5)
	at io.michaelcane.Calculator.&lt;init&gt;(Calculator.java:6)
	at io.michaelcane.Commands.&lt;init&gt;(Commands.java:5)
	at io.michaelcane.Calculator.&lt;init&gt;(Calculator.java:6)
	at io.michaelcane.Commands.&lt;init&gt;(Commands.java:5)
	at io.michaelcane.Calculator.&lt;init&gt;(Calculator.java:6)
	at io.michaelcane.Commands.&lt;init&gt;(Commands.java:5)
	at io.michaelcane.Calculator.&lt;init&gt;(Calculator.java:6)
	at io.michaelcane.Commands.&lt;init&gt;(Commands.java:5)
	at io.michaelcane.Calculator.&lt;init&gt;(Calculator.java:6)
	at io.michaelcane.Commands.&lt;init&gt;(Commands.java:5)
	at io.michaelcane.Calculator.&lt;init&gt;(Calculator.java:6)
	at io.michaelcane.Commands.&lt;init&gt;(Commands.java:5)
	at io.michaelcane.Calculator.&lt;init&gt;(Calculator.java:6)
	at io.michaelcane.Commands.&lt;init&gt;(Commands.java:5)
	at io.michaelcane.Calculator.&lt;init&gt;(Calculator.java:6)
	at io.michaelcane.Commands.&lt;init&gt;(Commands.java:5)
	at io.michaelcane.Calculator.&lt;init&gt;(Calculator.java:6)
	at io.michaelcane.Commands.&lt;init&gt;(Commands.java:5)
	at io.michaelcane.Calculator.&lt;init&gt;(Calculator.java:6)
	at io.michaelcane.Commands.&lt;init&gt;(Commands.java:5)
	at io.michaelcane.Calculator.&lt;init&gt;(Calculator.java:6)
	at io.michaelcane.Commands.&lt;init&gt;(Commands.java:5)
	at io.michaelcane.Calculator.&lt;init&gt;(Calculator.java:6)
	at io.michaelcane.Commands.&lt;init&gt;(Commands.java:5)
	at io.michaelcane.Calculator.&lt;init&gt;(Calculator.java:6)
	at io.michaelcane.Commands.&lt;init&gt;(Commands.java:5)
	at io.michaelcane.Calculator.&lt;init&gt;(Calculator.java:6)
	at io.michaelcane.Commands.&lt;init&gt;(Commands.java:5)
	at io.michaelcane.Calculator.&lt;init&gt;(Calculator.java:6)
	at io.michaelcane.Commands.&lt;init&gt;(Commands.java:5)
	at io.michaelcane.Calculator.&lt;init&gt;(Calculator.java:6)
	at io.michaelcane.Commands.&lt;init&gt;(Commands.java:5)
	at io.michaelcane.Calculator.&lt;init&gt;(Calculator.java:6)
	at io.michaelcane.Commands.&lt;init&gt;(Commands.java:5)
	at io.michaelcane.Calculator.&lt;init&gt;(Calculator.java:6)
	at io.michaelcane.Commands.&lt;init&gt;(Commands.java:5)
	at io.michaelcane.Calculator.&lt;init&gt;(Calculator.java:6)
	at io.michaelcane.Commands.&lt;init&gt;(Commands.java:5)
	at io.michaelcane.Calculator.&lt;init&gt;(Calculator.java:6)
	at io.michaelcane.Commands.&lt;init&gt;(Commands.java:5)
	at io.michaelcane.Calculator.&lt;init&gt;(Calculator.java:6)
	at io.michaelcane.Commands.&lt;init&gt;(Commands.java:5)
	at io.michaelcane.Calculator.&lt;init&gt;(Calculator.java:6)
	at io.michaelcane.Commands.&lt;init&gt;(Commands.java:5)
	at io.michaelcane.Calculator.&lt;init&gt;(Calculator.java:6)
	at io.michaelcane.Commands.&lt;init&gt;(Commands.java:5)
	at io.michaelcane.Calculator.&lt;init&gt;(Calculator.java:6)
	at io.michaelcane.Commands.&lt;init&gt;(Commands.java:5)
	at io.michaelcane.Calculator.&lt;init&gt;(Calculator.java:6)
	at io.michaelcane.Commands.&lt;init&gt;(Commands.java:5)
	at io.michaelcane.Calculator.&lt;init&gt;(Calculator.java:6)
	at io.michaelcane.Commands.&lt;init&gt;(Commands.java:5)
	at io.michaelcane.Calculator.&lt;init&gt;(Calculator.java:6)
	at io.michaelcane.Commands.&lt;init&gt;(Commands.java:5)
	at io.michaelcane.Calculator.&lt;init&gt;(Calculator.java:6)
	at io.michaelcane.Commands.&lt;init&gt;(Commands.java:5)
	at io.michaelcane.Calculator.&lt;init&gt;(Calculator.java:6)
	at io.michaelcane.Commands.&lt;init&gt;(Commands.java:5)
	at io.michaelcane.Calculator.&lt;init&gt;(Calculator.java:6)
	at io.michaelcane.Commands.&lt;init&gt;(Commands.java:5)
	at io.michaelcane.Calculator.&lt;init&gt;(Calculator.java:6)
	at io.michaelcane.Commands.&lt;init&gt;(Commands.java:5)
	at io.michaelcane.Calculator.&lt;init&gt;(Calculator.java:6)
	at io.michaelcane.Commands.&lt;init&gt;(Commands.java:5)
	at io.michaelcane.Calculator.&lt;init&gt;(Calculator.java:6)
	at io.michaelcane.Commands.&lt;init&gt;(Commands.java:5)
	at io.michaelcane.Calculator.&lt;init&gt;(Calculator.java:6)
	at io.michaelcane.Commands.&lt;init&gt;(Commands.java:5)
	at io.michaelcane.Calculator.&lt;init&gt;(Calculator.java:6)
	at io.michaelcane.Commands.&lt;init&gt;(Commands.java:5)
	at io.michaelcane.Calculator.&lt;init&gt;(Calculator.java:6)
	at io.michaelcane.Commands.&lt;init&gt;(Commands.java:5)
	at io.michaelcane.Calculator.&lt;init&gt;(Calculator.java:6)
	at io.michaelcane.Commands.&lt;init&gt;(Commands.java:5)
	at io.michaelcane.Calculator.&lt;init&gt;(Calculator.java:6)
	at io.michaelcane.Commands.&lt;init&gt;(Commands.java:5)
	at io.michaelcane.Calculator.&lt;init&gt;(Calculator.java:6)
	at io.michaelcane.Commands.&lt;init&gt;(Commands.java:5)
	at io.michaelcane.Calculator.&lt;init&gt;(Calculator.java:6)
	at io.michaelcane.Commands.&lt;init&gt;(Commands.java:5)
	at io.michaelcane.Calculator.&lt;init&gt;(Calculator.java:6)
	at io.michaelcane.Commands.&lt;init&gt;(Commands.java:5)
	at io.michaelcane.Calculator.&lt;init&gt;(Calculator.java:6)
	at io.michaelcane.Commands.&lt;init&gt;(Commands.java:5)
	at io.michaelcane.Calculator.&lt;init&gt;(Calculator.java:6)
	at io.michaelcane.Commands.&lt;init&gt;(Commands.java:5)
	at io.michaelcane.Calculator.&lt;init&gt;(Calculator.java:6)
	at io.michaelcane.Commands.&lt;init&gt;(Commands.java:5)
	at io.michaelcane.Calculator.&lt;init&gt;(Calculator.java:6)
	at io.michaelcane.Commands.&lt;init&gt;(Commands.java:5)
	at io.michaelcane.Calculator.&lt;init&gt;(Calculator.java:6)
	at io.michaelcane.Commands.&lt;init&gt;(Commands.java:5)
	at io.michaelcane.Calculator.&lt;init&gt;(Calculator.java:6)
	at io.michaelcane.Commands.&lt;init&gt;(Commands.java:5)
	at io.michaelcane.Calculator.&lt;init&gt;(Calculator.java:6)
	at io.michaelcane.Commands.&lt;init&gt;(Commands.java:5)
	at io.michaelcane.Calculator.&lt;init&gt;(Calculator.java:6)
	at io.michaelcane.Commands.&lt;init&gt;(Commands.java:5)
	at io.michaelcane.Calculator.&lt;init&gt;(Calculator.java:6)
	at io.michaelcane.Commands.&lt;init&gt;(Commands.java:5)
	at io.michaelcane.Calculator.&lt;init&gt;(Calculator.java:6)
	at io.michaelcane.Commands.&lt;init&gt;(Commands.java:5)
	at io.michaelcane.Calculator.&lt;init&gt;(Calculator.java:6)
	at io.michaelcane.Commands.&lt;init&gt;(Commands.java:5)
	at io.michaelcane.Calculator.&lt;init&gt;(Calculator.java:6)
	at io.michaelcane.Commands.&lt;init&gt;(Commands.java:5)
	at io.michaelcane.Calculator.&lt;init&gt;(Calculator.java:6)
	at io.michaelcane.Commands.&lt;init&gt;(Commands.java:5)
	at io.michaelcane.Calculator.&lt;init&gt;(Calculator.java:6)
	at io.michaelcane.Commands.&lt;init&gt;(Commands.java:5)
	at io.michaelcane.Calculator.&lt;init&gt;(Calculator.java:6)
	at io.michaelcane.Commands.&lt;init&gt;(Commands.java:5)
	at io.michaelcane.Calculator.&lt;init&gt;(Calculator.java:6)
	at io.michaelcane.Commands.&lt;init&gt;(Commands.java:5)
	at io.michaelcane.Calculator.&lt;init&gt;(Calculator.java:6)
	at io.michaelcane.Commands.&lt;init&gt;(Commands.java:5)
	at io.michaelcane.Calculator.&lt;init&gt;(Calculator.java:6)
	at io.michaelcane.Commands.&lt;init&gt;(Commands.java:5)
	at io.michaelcane.Calculator.&lt;init&gt;(Calculator.java:6)
	at io.michaelcane.Commands.&lt;init&gt;(Commands.java:5)
	at io.michaelcane.Calculator.&lt;init&gt;(Calculator.java:6)
	at io.michaelcane.Commands.&lt;init&gt;(Commands.java:5)
	at io.michaelcane.Calculator.&lt;init&gt;(Calculator.java:6)
	at io.michaelcane.Commands.&lt;init&gt;(Commands.java:5)
	at io.michaelcane.Calculator.&lt;init&gt;(Calculator.java:6)
	at io.michaelcane.Commands.&lt;init&gt;(Commands.java:5)
	at io.michaelcane.Calculator.&lt;init&gt;(Calculator.java:6)
	at io.michaelcane.Commands.&lt;init&gt;(Commands.java:5)
	at io.michaelcane.Calculator.&lt;init&gt;(Calculator.java:6)
	at io.michaelcane.Commands.&lt;init&gt;(Commands.java:5)
	at io.michaelcane.Calculator.&lt;init&gt;(Calculator.java:6)
	at io.michaelcane.Commands.&lt;init&gt;(Commands.java:5)
	at io.michaelcane.Calculator.&lt;init&gt;(Calculator.java:6)
	at io.michaelcane.Commands.&lt;init&gt;(Commands.java:5)
	at io.michaelcane.Calculator.&lt;init&gt;(Calculator.java:6)
	at io.michaelcane.Commands.&lt;init&gt;(Commands.java:5)
	at io.michaelcane.Calculator.&lt;init&gt;(Calculator.java:6)
	at io.michaelcane.Commands.&lt;init&gt;(Commands.java:5)
	at io.michaelcane.Calculator.&lt;init&gt;(Calculator.java:6)
	at io.michaelcane.Commands.&lt;init&gt;(Commands.java:5)
	at io.michaelcane.Calculator.&lt;init&gt;(Calculator.java:6)
	at io.michaelcane.Commands.&lt;init&gt;(Commands.java:5)
	at io.michaelcane.Calculator.&lt;init&gt;(Calculator.java:6)
	at io.michaelcane.Commands.&lt;init&gt;(Commands.java:5)
	at io.michaelcane.Calculator.&lt;init&gt;(Calculator.java:6)
	at io.michaelcane.Commands.&lt;init&gt;(Commands.java:5)
	at io.michaelcane.Calculator.&lt;init&gt;(Calculator.java:6)
	at io.michaelcane.Commands.&lt;init&gt;(Commands.java:5)
	at io.michaelcane.Calculator.&lt;init&gt;(Calculator.java:6)
	at io.michaelcane.Commands.&lt;init&gt;(Commands.java:5)
	at io.michaelcane.Calculator.&lt;init&gt;(Calculator.java:6)
	at io.michaelcane.Commands.&lt;init&gt;(Commands.java:5)
	at io.michaelcane.Calculator.&lt;init&gt;(Calculator.java:6)
	at io.michaelcane.Commands.&lt;init&gt;(Commands.java:5)
	at io.michaelcane.Calculator.&lt;init&gt;(Calculator.java:6)
	at io.michaelcane.Commands.&lt;init&gt;(Commands.java:5)
	at io.michaelcane.Calculator.&lt;init&gt;(Calculator.java:6)
	at io.michaelcane.Commands.&lt;init&gt;(Commands.java:5)
	at io.michaelcane.Calculator.&lt;init&gt;(Calculator.java:6)
	at io.michaelcane.Commands.&lt;init&gt;(Commands.java:5)
	at io.michaelcane.Calculator.&lt;init&gt;(Calculator.java:6)
	at io.michaelcane.Commands.&lt;init&gt;(Commands.java:5)
	at io.michaelcane.Calculator.&lt;init&gt;(Calculator.java:6)
	at io.michaelcane.Commands.&lt;init&gt;(Commands.java:5)
	at io.michaelcane.Calculator.&lt;init&gt;(Calculator.java:6)
	at io.michaelcane.Commands.&lt;init&gt;(Commands.java:5)
	at io.michaelcane.Calculator.&lt;init&gt;(Calculator.java:6)
	at io.michaelcane.Commands.&lt;init&gt;(Commands.java:5)
	at io.michaelcane.Calculator.&lt;init&gt;(Calculator.java:6)
	at io.michaelcane.Commands.&lt;init&gt;(Commands.java:5)
	at io.michaelcane.Calculator.&lt;init&gt;(Calculator.java:6)
	at io.michaelcane.Commands.&lt;init&gt;(Commands.java:5)
	at io.michaelcane.Calculator.&lt;init&gt;(Calculator.java:6)
	at io.michaelcane.Commands.&lt;init&gt;(Commands.java:5)
	at io.michaelcane.Calculator.&lt;init&gt;(Calculator.java:6)
	at io.michaelcane.Commands.&lt;init&gt;(Commands.java:5)
	at io.michaelcane.Calculator.&lt;init&gt;(Calculator.java:6)
	at io.michaelcane.Commands.&lt;init&gt;(Commands.java:5)
	at io.michaelcane.Calculator.&lt;init&gt;(Calculator.java:6)
	at io.michaelcane.Commands.&lt;init&gt;(Commands.java:5)
	at io.michaelcane.Calculator.&lt;init&gt;(Calculator.java:6)
	at io.michaelcane.Commands.&lt;init&gt;(Commands.java:5)
	at io.michaelcane.Calculator.&lt;init&gt;(Calculator.java:6)
	at io.michaelcane.Commands.&lt;init&gt;(Commands.java:5)
	at io.michaelcane.Calculator.&lt;init&gt;(Calculator.java:6)
	at io.michaelcane.Commands.&lt;init&gt;(Commands.java:5)
	at io.michaelcane.Calculator.&lt;init&gt;(Calculator.java:6)
	at io.michaelcane.Commands.&lt;init&gt;(Commands.java:5)
	at io.michaelcane.Calculator.&lt;init&gt;(Calculator.java:6)
	at io.michaelcane.Commands.&lt;init&gt;(Commands.java:5)
	at io.michaelcane.Calculator.&lt;init&gt;(Calculator.java:6)
	at io.michaelcane.Commands.&lt;init&gt;(Commands.java:5)
	at io.michaelcane.Calculator.&lt;init&gt;(Calculator.java:6)
	at io.michaelcane.Commands.&lt;init&gt;(Commands.java:5)
	at io.michaelcane.Calculator.&lt;init&gt;(Calculator.java:6)
	at io.michaelcane.Commands.&lt;init&gt;(Commands.java:5)
	at io.michaelcane.Calculator.&lt;init&gt;(Calculator.java:6)
	at io.michaelcane.Commands.&lt;init&gt;(Commands.java:5)
	at io.michaelcane.Calculator.&lt;init&gt;(Calculator.java:6)
	at io.michaelcane.Commands.&lt;init&gt;(Commands.java:5)
	at io.michaelcane.Calculator.&lt;init&gt;(Calculator.java:6)
	at io.michaelcane.Commands.&lt;init&gt;(Commands.java:5)
	at io.michaelcane.Calculator.&lt;init&gt;(Calculator.java:6)
	at io.michaelcane.Commands.&lt;init&gt;(Commands.java:5)
	at io.michaelcane.Calculator.&lt;init&gt;(Calculator.java:6)
	at io.michaelcane.Commands.&lt;init&gt;(Commands.java:5)
	at io.michaelcane.Calculator.&lt;init&gt;(Calculator.java:6)
	at io.michaelcane.Commands.&lt;init&gt;(Commands.java:5)
	at io.michaelcane.Calculator.&lt;init&gt;(Calculator.java:6)
	at io.michaelcane.Commands.&lt;init&gt;(Commands.java:5)
	at io.michaelcane.Calculator.&lt;init&gt;(Calculator.java:6)
	at io.michaelcane.Commands.&lt;init&gt;(Commands.java:5)
	at io.michaelcane.Calculator.&lt;init&gt;(Calculator.java:6)
	at io.michaelcane.Commands.&lt;init&gt;(Commands.java:5)
	at io.michaelcane.Calculator.&lt;init&gt;(Calculator.java:6)
	at io.michaelcane.Commands.&lt;init&gt;(Commands.java:5)
	at io.michaelcane.Calculator.&lt;init&gt;(Calculator.java:6)
	at io.michaelcane.Commands.&lt;init&gt;(Commands.java:5)
	at io.michaelcane.Calculator.&lt;init&gt;(Calculator.java:6)
	at io.michaelcane.Commands.&lt;init&gt;(Commands.java:5)
	at io.michaelcane.Calculator.&lt;init&gt;(Calculator.java:6)
	at io.michaelcane.Commands.&lt;init&gt;(Commands.java:5)
	at io.michaelcane.Calculator.&lt;init&gt;(Calculator.java:6)
	at io.michaelcane.Commands.&lt;init&gt;(Commands.java:5)
	at io.michaelcane.Calculator.&lt;init&gt;(Calculator.java:6)
	at io.michaelcane.Commands.&lt;init&gt;(Commands.java:5)
	at io.michaelcane.Calculator.&lt;init&gt;(Calculator.java:6)
	at io.michaelcane.Commands.&lt;init&gt;(Commands.java:5)
	at io.michaelcane.Calculator.&lt;init&gt;(Calculator.java:6)
	at io.michaelcane.Commands.&lt;init&gt;(Commands.java:5)
	at io.michaelcane.Calculator.&lt;init&gt;(Calculator.java:6)
	at io.michaelcane.Commands.&lt;init&gt;(Commands.java:5)
	at io.michaelcane.Calculator.&lt;init&gt;(Calculator.java:6)
	at io.michaelcane.Commands.&lt;init&gt;(Commands.java:5)
	at io.michaelcane.Calculator.&lt;init&gt;(Calculator.java:6)
	at io.michaelcane.Commands.&lt;init&gt;(Commands.java:5)
	at io.michaelcane.Calculator.&lt;init&gt;(Calculator.java:6)
	at io.michaelcane.Commands.&lt;init&gt;(Commands.java:5)
	at io.michaelcane.Calculator.&lt;init&gt;(Calculator.java:6)
	at io.michaelcane.Commands.&lt;init&gt;(Commands.java:5)
	at io.michaelcane.Calculator.&lt;init&gt;(Calculator.java:6)
	at io.michaelcane.Commands.&lt;init&gt;(Commands.java:5)
	at io.michaelcane.Calculator.&lt;init&gt;(Calculator.java:6)
	at io.michaelcane.Commands.&lt;init&gt;(Commands.java:5)
	at io.michaelcane.Calculator.&lt;init&gt;(Calculator.java:6)
	at io.michaelcane.Commands.&lt;init&gt;(Commands.java:5)
	at io.michaelcane.Calculator.&lt;init&gt;(Calculator.java:6)
	at io.michaelcane.Commands.&lt;init&gt;(Commands.java:5)
	at io.michaelcane.Calculator.&lt;init&gt;(Calculator.java:6)
	at io.michaelcane.Commands.&lt;init&gt;(Commands.java:5)
	at io.michaelcane.Calculator.&lt;init&gt;(Calculator.java:6)
	at io.michaelcane.Commands.&lt;init&gt;(Commands.java:5)
	at io.michaelcane.Calculator.&lt;init&gt;(Calculator.java:6)
	at io.michaelcane.Commands.&lt;init&gt;(Commands.java:5)
	at io.michaelcane.Calculator.&lt;init&gt;(Calculator.java:6)
	at io.michaelcane.Commands.&lt;init&gt;(Commands.java:5)
	at io.michaelcane.Calculator.&lt;init&gt;(Calculator.java:6)
	at io.michaelcane.Commands.&lt;init&gt;(Commands.java:5)
	at io.michaelcane.Calculator.&lt;init&gt;(Calculator.java:6)
	at io.michaelcane.Commands.&lt;init&gt;(Commands.java:5)
	at io.michaelcane.Calculator.&lt;init&gt;(Calculator.java:6)
	at io.michaelcane.Commands.&lt;init&gt;(Commands.java:5)
	at io.michaelcane.Calculator.&lt;init&gt;(Calculator.java:6)
	at io.michaelcane.Commands.&lt;init&gt;(Commands.java:5)
	at io.michaelcane.Calculator.&lt;init&gt;(Calculator.java:6)
	at io.michaelcane.Commands.&lt;init&gt;(Commands.java:5)
	at io.michaelcane.Calculator.&lt;init&gt;(Calculator.java:6)
	at io.michaelcane.Commands.&lt;init&gt;(Commands.java:5)
	at io.michaelcane.Calculator.&lt;init&gt;(Calculator.java:6)
	at io.michaelcane.Commands.&lt;init&gt;(Commands.java:5)
	at io.michaelcane.Calculator.&lt;init&gt;(Calculator.java:6)
	at io.michaelcane.Commands.&lt;init&gt;(Commands.java:5)
	at io.michaelcane.Calculator.&lt;init&gt;(Calculator.java:6)
	at io.michaelcane.Commands.&lt;init&gt;(Commands.java:5)
	at io.michaelcane.Calculator.&lt;init&gt;(Calculator.java:6)
	at io.michaelcane.Commands.&lt;init&gt;(Commands.java:5)
	at io.michaelcane.Calculator.&lt;init&gt;(Calculator.java:6)
	at io.michaelcane.Commands.&lt;init&gt;(Commands.java:5)
	at io.michaelcane.Calculator.&lt;init&gt;(Calculator.java:6)
	at io.michaelcane.Commands.&lt;init&gt;(Commands.java:5)
	at io.michaelcane.Calculator.&lt;init&gt;(Calculator.java:6)
	at io.michaelcane.Commands.&lt;init&gt;(Commands.java:5)
	at io.michaelcane.Calculator.&lt;init&gt;(Calculator.java:6)
	at io.michaelcane.Commands.&lt;init&gt;(Commands.java:5)
	at io.michaelcane.Calculator.&lt;init&gt;(Calculator.java:6)
	at io.michaelcane.Commands.&lt;init&gt;(Commands.java:5)
	at io.michaelcane.Calculator.&lt;init&gt;(Calculator.java:6)
	at io.michaelcane.Commands.&lt;init&gt;(Commands.java:5)
	at io.michaelcane.Calculator.&lt;init&gt;(Calculator.java:6)
	at io.michaelcane.Commands.&lt;init&gt;(Commands.java:5)
	at io.michaelcane.Calculator.&lt;init&gt;(Calculator.java:6)
	at io.michaelcane.Commands.&lt;init&gt;(Commands.java:5)
	at io.michaelcane.Calculator.&lt;init&gt;(Calculator.java:6)
	at io.michaelcane.Commands.&lt;init&gt;(Commands.java:5)
	at io.michaelcane.Calculator.&lt;init&gt;(Calculator.java:6)
	at io.michaelcane.Commands.&lt;init&gt;(Commands.java:5)
	at io.michaelcane.Calculator.&lt;init&gt;(Calculator.java:6)
	at io.michaelcane.Commands.&lt;init&gt;(Commands.java:5)
	at io.michaelcane.Calculator.&lt;init&gt;(Calculator.java:6)
	at io.michaelcane.Commands.&lt;init&gt;(Commands.java:5)
	at io.michaelcane.Calculator.&lt;init&gt;(Calculator.java:6)
	at io.michaelcane.Commands.&lt;init&gt;(Commands.java:5)
	at io.michaelcane.Calculator.&lt;init&gt;(Calculator.java:6)
	at io.michaelcane.Commands.&lt;init&gt;(Commands.java:5)
	at io.michaelcane.Calculator.&lt;init&gt;(Calculator.java:6)
	at io.michaelcane.Commands.&lt;init&gt;(Commands.java:5)
	at io.michaelcane.Calculator.&lt;init&gt;(Calculator.java:6)
	at io.michaelcane.Commands.&lt;init&gt;(Commands.java:5)
	at io.michaelcane.Calculator.&lt;init&gt;(Calculator.java:6)
	at io.michaelcane.Commands.&lt;init&gt;(Commands.java:5)
	at io.michaelcane.Calculator.&lt;init&gt;(Calculator.java:6)
	at io.michaelcane.Commands.&lt;init&gt;(Commands.java:5)
	at io.michaelcane.Calculator.&lt;init&gt;(Calculator.java:6)
	at io.michaelcane.Commands.&lt;init&gt;(Commands.java:5)
	at io.michaelcane.Calculator.&lt;init&gt;(Calculator.java:6)
	at io.michaelcane.Commands.&lt;init&gt;(Commands.java:5)
	at io.michaelcane.Calculator.&lt;init&gt;(Calculator.java:6)
	at io.michaelcane.Commands.&lt;init&gt;(Commands.java:5)
	at io.michaelcane.Calculator.&lt;init&gt;(Calculator.java:6)
	at io.michaelcane.Commands.&lt;init&gt;(Commands.java:5)
	at io.michaelcane.Calculator.&lt;init&gt;(Calculator.java:6)
	at io.michaelcane.Commands.&lt;init&gt;(Commands.java:5)
	at io.michaelcane.Calculator.&lt;init&gt;(Calculator.java:6)
	at io.michaelcane.Commands.&lt;init&gt;(Commands.java:5)
	at io.michaelcane.Calculator.&lt;init&gt;(Calculator.java:6)
	at io.michaelcane.Commands.&lt;init&gt;(Commands.java:5)
	at io.michaelcane.Calculator.&lt;init&gt;(Calculator.java:6)
	at io.michaelcane.Commands.&lt;init&gt;(Commands.java:5)
	at io.michaelcane.Calculator.&lt;init&gt;(Calculator.java:6)
	at io.michaelcane.Commands.&lt;init&gt;(Commands.java:5)
	at io.michaelcane.Calculator.&lt;init&gt;(Calculator.java:6)
	at io.michaelcane.Commands.&lt;init&gt;(Commands.java:5)
	at io.michaelcane.Calculator.&lt;init&gt;(Calculator.java:6)
	at io.michaelcane.Commands.&lt;init&gt;(Commands.java:5)
	at io.michaelcane.Calculator.&lt;init&gt;(Calculator.java:6)
	at io.michaelcane.Commands.&lt;init&gt;(Commands.java:5)
	at io.michaelcane.Calculator.&lt;init&gt;(Calculator.java:6)
	at io.michaelcane.Commands.&lt;init&gt;(Commands.java:5)
	at io.michaelcane.Calculator.&lt;init&gt;(Calculator.java:6)
	at io.michaelcane.Commands.&lt;init&gt;(Commands.java:5)
	at io.michaelcane.Calculator.&lt;init&gt;(Calculator.java:6)
	at io.michaelcane.Commands.&lt;init&gt;(Commands.java:5)
	at io.michaelcane.Calculator.&lt;init&gt;(Calculator.java:6)
	at io.michaelcane.Commands.&lt;init&gt;(Commands.java:5)
	at io.michaelcane.Calculator.&lt;init&gt;(Calculator.java:6)
	at io.michaelcane.Commands.&lt;init&gt;(Commands.java:5)
	at io.michaelcane.Calculator.&lt;init&gt;(Calculator.java:6)
	at io.michaelcane.Commands.&lt;init&gt;(Commands.java:5)
	at io.michaelcane.Calculator.&lt;init&gt;(Calculator.java:6)
	at io.michaelcane.Commands.&lt;init&gt;(Commands.java:5)
	at io.michaelcane.Calculator.&lt;init&gt;(Calculator.java:6)
	at io.michaelcane.Commands.&lt;init&gt;(Commands.java:5)
	at io.michaelcane.Calculator.&lt;init&gt;(Calculator.java:6)
	at io.michaelcane.Commands.&lt;init&gt;(Commands.java:5)
	at io.michaelcane.Calculator.&lt;init&gt;(Calculator.java:6)
	at io.michaelcane.Commands.&lt;init&gt;(Commands.java:5)
	at io.michaelcane.Calculator.&lt;init&gt;(Calculator.java:6)
	at io.michaelcane.Commands.&lt;init&gt;(Commands.java:5)
	at io.michaelcane.Calculator.&lt;init&gt;(Calculator.java:6)
	at io.michaelcane.Commands.&lt;init&gt;(Commands.java:5)
	at io.michaelcane.Calculator.&lt;init&gt;(Calculator.java:6)
	at io.michaelcane.Commands.&lt;init&gt;(Commands.java:5)
	at io.michaelcane.Calculator.&lt;init&gt;(Calculator.java:6)
	at io.michaelcane.Commands.&lt;init&gt;(Commands.java:5)
	at io.michaelcane.Calculator.&lt;init&gt;(Calculator.java:6)
	at io.michaelcane.Commands.&lt;init&gt;(Commands.java:5)
	at io.michaelcane.Calculator.&lt;init&gt;(Calculator.java:6)
	at io.michaelcane.Commands.&lt;init&gt;(Commands.java:5)
	at io.michaelcane.Calculator.&lt;init&gt;(Calculator.java:6)
	at io.michaelcane.Commands.&lt;init&gt;(Commands.java:5)
	at io.michaelcane.Calculator.&lt;init&gt;(Calculator.java:6)
	at io.michaelcane.Commands.&lt;init&gt;(Commands.java:5)
	at io.michaelcane.Calculator.&lt;init&gt;(Calculator.java:6)
	at io.michaelcane.Commands.&lt;init&gt;(Commands.java:5)
	at io.michaelcane.Calculator.&lt;init&gt;(Calculator.java:6)
	at io.michaelcane.Commands.&lt;init&gt;(Commands.java:5)
	at io.michaelcane.Calculator.&lt;init&gt;(Calculator.java:6)
	at io.michaelcane.Commands.&lt;init&gt;(Commands.java:5)
	at io.michaelcane.Calculator.&lt;init&gt;(Calculator.java:6)
	at io.michaelcane.Commands.&lt;init&gt;(Commands.java:5)
	at io.michaelcane.Calculator.&lt;init&gt;(Calculator.java:6)
	at io.michaelcane.Commands.&lt;init&gt;(Commands.java:5)
	at io.michaelcane.Calculator.&lt;init&gt;(Calculator.java:6)
	at io.michaelcane.Commands.&lt;init&gt;(Commands.java:5)
	at io.michaelcane.Calculator.&lt;init&gt;(Calculator.java:6)
	at io.michaelcane.Commands.&lt;init&gt;(Commands.java:5)
	at io.michaelcane.Calculator.&lt;init&gt;(Calculator.java:6)
	at io.michaelcane.Commands.&lt;init&gt;(Commands.java:5)
	at io.michaelcane.Calculator.&lt;init&gt;(Calculator.java:6)
	at io.michaelcane.Commands.&lt;init&gt;(Commands.java:5)
	at io.michaelcane.Calculator.&lt;init&gt;(Calculator.java:6)
	at io.michaelcane.Commands.&lt;init&gt;(Commands.java:5)
	at io.michaelcane.Calculator.&lt;init&gt;(Calculator.java:6)
	at io.michaelcane.Commands.&lt;init&gt;(Commands.java:5)
	at io.michaelcane.Calculator.&lt;init&gt;(Calculator.java:6)
	at io.michaelcane.Commands.&lt;init&gt;(Commands.java:5)
	at io.michaelcane.Calculator.&lt;init&gt;(Calculator.java:6)
	at io.michaelcane.Commands.&lt;init&gt;(Commands.java:5)
	at io.michaelcane.Calculator.&lt;init&gt;(Calculator.java:6)
	at io.michaelcane.Commands.&lt;init&gt;(Commands.java:5)
	at io.michaelcane.Calculator.&lt;init&gt;(Calculator.java:6)
	at io.michaelcane.Commands.&lt;init&gt;(Commands.java:5)
	at io.michaelcane.Calculator.&lt;init&gt;(Calculator.java:6)
	at io.michaelcane.Commands.&lt;init&gt;(Commands.java:5)
	at io.michaelcane.Calculator.&lt;init&gt;(Calculator.java:6)
	at io.michaelcane.Commands.&lt;init&gt;(Commands.java:5)
	at io.michaelcane.Calculator.&lt;init&gt;(Calculator.java:6)
	at io.michaelcane.Commands.&lt;init&gt;(Commands.java:5)
	at io.michaelcane.Calculator.&lt;init&gt;(Calculator.java:6)
	at io.michaelcane.Commands.&lt;init&gt;(Commands.java:5)
	at io.michaelcane.Calculator.&lt;init&gt;(Calculator.java:6)
	at io.michaelcane.Commands.&lt;init&gt;(Commands.java:5)
	at io.michaelcane.Calculator.&lt;init&gt;(Calculator.java:6)
	at io.michaelcane.Commands.&lt;init&gt;(Commands.java:5)
	at io.michaelcane.Calculator.&lt;init&gt;(Calculator.java:6)
	at io.michaelcane.Commands.&lt;init&gt;(Commands.java:5)
	at io.michaelcane.Calculator.&lt;init&gt;(Calculator.java:6)
	at io.michaelcane.Commands.&lt;init&gt;(Commands.java:5)
	at io.michaelcane.Calculator.&lt;init&gt;(Calculator.java:6)
	at io.michaelcane.Commands.&lt;init&gt;(Commands.java:5)
	at io.michaelcane.Calculator.&lt;init&gt;(Calculator.java:6)
	at io.michaelcane.Commands.&lt;init&gt;(Commands.java:5)
	at io.michaelcane.Calculator.&lt;init&gt;(Calculator.java:6)
	at io.michaelcane.Commands.&lt;init&gt;(Commands.java:5)
	at io.michaelcane.Calculator.&lt;init&gt;(Calculator.java:6)
	at io.michaelcane.Commands.&lt;init&gt;(Commands.java:5)
	at io.michaelcane.Calculator.&lt;init&gt;(Calculator.java:6)
	at io.michaelcane.Commands.&lt;init&gt;(Commands.java:5)
	at io.michaelcane.Calculator.&lt;init&gt;(Calculator.java:6)
	at io.michaelcane.Commands.&lt;init&gt;(Commands.java:5)
	at io.michaelcane.Calculator.&lt;init&gt;(Calculator.java:6)
	at io.michaelcane.Commands.&lt;init&gt;(Commands.java:5)
	at io.michaelcane.Calculator.&lt;init&gt;(Calculator.java:6)
	at io.michaelcane.Commands.&lt;init&gt;(Commands.java:5)
	at io.michaelcane.Calculator.&lt;init&gt;(Calculator.java:6)
	at io.michaelcane.Commands.&lt;init&gt;(Commands.java:5)
	at io.michaelcane.Calculator.&lt;init&gt;(Calculator.java:6)
	at io.michaelcane.Commands.&lt;init&gt;(Commands.java:5)
	at io.michaelcane.Calculator.&lt;init&gt;(Calculator.java:6)
	at io.michaelcane.Commands.&lt;init&gt;(Commands.java:5)
	at io.michaelcane.Calculator.&lt;init&gt;(Calculator.java:6)
	at io.michaelcane.Commands.&lt;init&gt;(Commands.java:5)
	at io.michaelcane.Calculator.&lt;init&gt;(Calculator.java:6)
	at io.michaelcane.Commands.&lt;init&gt;(Commands.java:5)
	at io.michaelcane.Calculator.&lt;init&gt;(Calculator.java:6)
	at io.michaelcane.Commands.&lt;init&gt;(Commands.java:5)
	at io.michaelcane.Calculator.&lt;init&gt;(Calculator.java:6)
	at io.michaelcane.Commands.&lt;init&gt;(Commands.java:5)
	at io.michaelcane.Calculator.&lt;init&gt;(Calculator.java:6)
	at io.michaelcane.Commands.&lt;init&gt;(Commands.java:5)
	at io.michaelcane.Calculator.&lt;init&gt;(Calculator.java:6)
	at io.michaelcane.Commands.&lt;init&gt;(Commands.java:5)
	at io.michaelcane.Calculator.&lt;init&gt;(Calculator.java:6)
	at io.michaelcane.Commands.&lt;init&gt;(Commands.java:5)
	at io.michaelcane.Calculator.&lt;init&gt;(Calculator.java:6)
	at io.michaelcane.Commands.&lt;init&gt;(Commands.java:5)
	at io.michaelcane.Calculator.&lt;init&gt;(Calculator.java:6)
	at io.michaelcane.Commands.&lt;init&gt;(Commands.java:5)
	at io.michaelcane.Calculator.&lt;init&gt;(Calculator.java:6)
	at io.michaelcane.Commands.&lt;init&gt;(Commands.java:5)
	at io.michaelcane.Calculator.&lt;init&gt;(Calculator.java:6)
	at io.michaelcane.Commands.&lt;init&gt;(Commands.java:5)
	at io.michaelcane.Calculator.&lt;init&gt;(Calculator.java:6)
	at io.michaelcane.Commands.&lt;init&gt;(Commands.java:5)
	at io.michaelcane.Calculator.&lt;init&gt;(Calculator.java:6)
	at io.michaelcane.Commands.&lt;init&gt;(Commands.java:5)
	at io.michaelcane.Calculator.&lt;init&gt;(Calculator.java:6)
	at io.michaelcane.Commands.&lt;init&gt;(Commands.java:5)
	at io.michaelcane.Calculator.&lt;init&gt;(Calculator.java:6)
	at io.michaelcane.Commands.&lt;init&gt;(Commands.java:5)
	at io.michaelcane.Calculator.&lt;init&gt;(Calculator.java:6)
	at io.michaelcane.Commands.&lt;init&gt;(Commands.java:5)
	at io.michaelcane.Calculator.&lt;init&gt;(Calculator.java:6)
	at io.michaelcane.Commands.&lt;init&gt;(Commands.java:5)
	at io.michaelcane.Calculator.&lt;init&gt;(Calculator.java:6)
	at io.michaelcane.Commands.&lt;init&gt;(Commands.java:5)
	at io.michaelcane.Calculator.&lt;init&gt;(Calculator.java:6)
	at io.michaelcane.Commands.&lt;init&gt;(Commands.java:5)
	at io.michaelcane.Calculator.&lt;init&gt;(Calculator.java:6)
	at io.michaelcane.Commands.&lt;init&gt;(Commands.java:5)
	at io.michaelcane.Calculator.&lt;init&gt;(Calculator.java:6)
	at io.michaelcane.Commands.&lt;init&gt;(Commands.java:5)
	at io.michaelcane.Calculator.&lt;init&gt;(Calculator.java:6)
	at io.michaelcane.Commands.&lt;init&gt;(Commands.java:5)
	at io.michaelcane.Calculator.&lt;init&gt;(Calculator.java:6)
	at io.michaelcane.Commands.&lt;init&gt;(Commands.java:5)
	at io.michaelcane.Calculator.&lt;init&gt;(Calculator.java:6)
	at io.michaelcane.Commands.&lt;init&gt;(Commands.java:5)
	at io.michaelcane.Calculator.&lt;init&gt;(Calculator.java:6)
	at io.michaelcane.Commands.&lt;init&gt;(Commands.java:5)
	at io.michaelcane.Calculator.&lt;init&gt;(Calculator.java:6)
	at io.michaelcane.Commands.&lt;init&gt;(Commands.java:5)
	at io.michaelcane.Calculator.&lt;init&gt;(Calculator.java:6)
	at io.michaelcane.Commands.&lt;init&gt;(Commands.java:5)
	at io.michaelcane.Calculator.&lt;init&gt;(Calculator.java:6)
	at io.michaelcane.Commands.&lt;init&gt;(Commands.java:5)
	at io.michaelcane.Calculator.&lt;init&gt;(Calculator.java:6)
	at io.michaelcane.Commands.&lt;init&gt;(Commands.java:5)
	at io.michaelcane.Calculator.&lt;init&gt;(Calculator.java:6)
	at io.michaelcane.Commands.&lt;init&gt;(Commands.java:5)
	at io.michaelcane.Calculator.&lt;init&gt;(Calculator.java:6)
	at io.michaelcane.Commands.&lt;init&gt;(Commands.java:5)
	at io.michaelcane.Calculator.&lt;init&gt;(Calculator.java:6)
	at io.michaelcane.Commands.&lt;init&gt;(Commands.java:5)
	at io.michaelcane.Calculator.&lt;init&gt;(Calculator.java:6)
	at io.michaelcane.Commands.&lt;init&gt;(Commands.java:5)
	at io.michaelcane.Calculator.&lt;init&gt;(Calculator.java:6)
	at io.michaelcane.Commands.&lt;init&gt;(Commands.java:5)
	at io.michaelcane.Calculator.&lt;init&gt;(Calculator.java:6)
	at io.michaelcane.Commands.&lt;init&gt;(Commands.java:5)
	at io.michaelcane.Calculator.&lt;init&gt;(Calculator.java:6)
	at io.michaelcane.Commands.&lt;init&gt;(Commands.java:5)
	at io.michaelcane.Calculator.&lt;init&gt;(Calculator.java:6)
	at io.michaelcane.Commands.&lt;init&gt;(Commands.java:5)
	at io.michaelcane.Calculator.&lt;init&gt;(Calculator.java:6)
	at io.michaelcane.Commands.&lt;init&gt;(Commands.java:5)
	at io.michaelcane.Calculator.&lt;init&gt;(Calculator.java:6)
	at io.michaelcane.Commands.&lt;init&gt;(Commands.java:5)
	at io.michaelcane.Calculator.&lt;init&gt;(Calculator.java:6)
	at io.michaelcane.Commands.&lt;init&gt;(Commands.java:5)
	at io.michaelcane.Calculator.&lt;init&gt;(Calculator.java:6)
	at io.michaelcane.Commands.&lt;init&gt;(Commands.java:5)
	at io.michaelcane.Calculator.&lt;init&gt;(Calculator.java:6)
	at io.michaelcane.Commands.&lt;init&gt;(Commands.java:5)
	at io.michaelcane.Calculator.&lt;init&gt;(Calculator.java:6)
	at io.michaelcane.Commands.&lt;init&gt;(Commands.java:5)
	at io.michaelcane.Calculator.&lt;init&gt;(Calculator.java:6)
	at io.michaelcane.Commands.&lt;init&gt;(Commands.java:5)
	at io.michaelcane.Calculator.&lt;init&gt;(Calculator.java:6)
	at io.michaelcane.Commands.&lt;init&gt;(Commands.java:5)
	at io.michaelcane.Calculator.&lt;init&gt;(Calculator.java:6)
	at io.michaelcane.Commands.&lt;init&gt;(Commands.java:5)
	at io.michaelcane.Calculator.&lt;init&gt;(Calculator.java:6)
	at io.michaelcane.Commands.&lt;init&gt;(Commands.java:5)
	at io.michaelcane.Calculator.&lt;init&gt;(Calculator.java:6)
	at io.michaelcane.Commands.&lt;init&gt;(Commands.java:5)
	at io.michaelcane.Calculator.&lt;init&gt;(Calculator.java:6)
	at io.michaelcane.Commands.&lt;init&gt;(Commands.java:5)
	at io.michaelcane.Calculator.&lt;init&gt;(Calculator.java:6)
	at io.michaelcane.Commands.&lt;init&gt;(Commands.java:5)
	at io.michaelcane.Calculator.&lt;init&gt;(Calculator.java:6)
	at io.michaelcane.Commands.&lt;init&gt;(Commands.java:5)
	at io.michaelcane.Calculator.&lt;init&gt;(Calculator.java:6)
	at io.michaelcane.Commands.&lt;init&gt;(Commands.java:5)
	at io.michaelcane.Calculator.&lt;init&gt;(Calculator.java:6)
	at io.michaelcane.Commands.&lt;init&gt;(Commands.java:5)
	at io.michaelcane.Calculator.&lt;init&gt;(Calculator.java:6)
	at io.michaelcane.Commands.&lt;init&gt;(Commands.java:5)
	at io.michaelcane.Calculator.&lt;init&gt;(Calculator.java:6)
	at io.michaelcane.Commands.&lt;init&gt;(Commands.java:5)
	at io.michaelcane.Calculator.&lt;init&gt;(Calculator.java:6)
	at io.michaelcane.Commands.&lt;init&gt;(Commands.java:5)
	at io.michaelcane.Calculator.&lt;init&gt;(Calculator.java:6)
	at io.michaelcane.Commands.&lt;init&gt;(Commands.java:5)
	at io.michaelcane.Calculator.&lt;init&gt;(Calculator.java:6)
	at io.michaelcane.Commands.&lt;init&gt;(Commands.java:5)
	at io.michaelcane.Calculator.&lt;init&gt;(Calculator.java:6)
	at io.michaelcane.Commands.&lt;init&gt;(Commands.java:5)
	at io.michaelcane.Calculator.&lt;init&gt;(Calculator.java:6)
	at io.michaelcane.Commands.&lt;init&gt;(Commands.java:5)
	at io.michaelcane.Calculator.&lt;init&gt;(Calculator.java:6)
	at io.michaelcane.Commands.&lt;init&gt;(Commands.java:5)
	at io.michaelcane.Calculator.&lt;init&gt;(Calculator.java:6)
	at io.michaelcane.Commands.&lt;init&gt;(Commands.java:5)
	at io.michaelcane.Calculator.&lt;init&gt;(Calculator.java:6)
	at io.michaelcane.Commands.&lt;init&gt;(Commands.java:5)
	at io.michaelcane.Calculator.&lt;init&gt;(Calculator.java:6)
	at io.michaelcane.Commands.&lt;init&gt;(Commands.java:5)
	at io.michaelcane.Calculator.&lt;init&gt;(Calculator.java:6)
	at io.michaelcane.Commands.&lt;init&gt;(Commands.java:5)
	at io.michaelcane.Calculator.&lt;init&gt;(Calculator.java:6)
	at io.michaelcane.Commands.&lt;init&gt;(Commands.java:5)
	at io.michaelcane.Calculator.&lt;init&gt;(Calculator.java:6)
	at io.michaelcane.Commands.&lt;init&gt;(Commands.java:5)
	at io.michaelcane.Calculator.&lt;init&gt;(Calculator.java:6)
	at io.michaelcane.Commands.&lt;init&gt;(Commands.java:5)
	at io.michaelcane.Calculator.&lt;init&gt;(Calculator.java:6)
	at io.michaelcane.Commands.&lt;init&gt;(Commands.java:5)
	at io.michaelcane.Calculator.&lt;init&gt;(Calculator.java:6)
	at io.michaelcane.Commands.&lt;init&gt;(Commands.java:5)
	at io.michaelcane.Calculator.&lt;init&gt;(Calculator.java:6)
	at io.michaelcane.Commands.&lt;init&gt;(Commands.java:5)
	at io.michaelcane.Calculator.&lt;init&gt;(Calculator.java:6)
	at io.michaelcane.Commands.&lt;init&gt;(Commands.java:5)
	at io.michaelcane.Calculator.&lt;init&gt;(Calculator.java:6)
	at io.michaelcane.Commands.&lt;init&gt;(Commands.java:5)
	at io.michaelcane.Calculator.&lt;init&gt;(Calculator.java:6)
	at io.michaelcane.Commands.&lt;init&gt;(Commands.java:5)
	at io.michaelcane.Calculator.&lt;init&gt;(Calculator.java:6)
	at io.michaelcane.Commands.&lt;init&gt;(Commands.java:5)
	at io.michaelcane.Calculator.&lt;init&gt;(Calculator.java:6)
	at io.michaelcane.Commands.&lt;init&gt;(Commands.java:5)
	at io.michaelcane.Calculator.&lt;init&gt;(Calculator.java:6)
	at io.michaelcane.Commands.&lt;init&gt;(Commands.java:5)
	at io.michaelcane.Calculator.&lt;init&gt;(Calculator.java:6)
	at io.michaelcane.Commands.&lt;init&gt;(Commands.java:5)
	at io.michaelcane.Calculator.&lt;init&gt;(Calculator.java:6)
	at io.michaelcane.Commands.&lt;init&gt;(Commands.java:5)
	at io.michaelcane.Calculator.&lt;init&gt;(Calculator.java:6)
	at io.michaelcane.Commands.&lt;init&gt;(Commands.java:5)
	at io.michaelcane.Calculator.&lt;init&gt;(Calculator.java:6)
	at io.michaelcane.Commands.&lt;init&gt;(Commands.java:5)
	at io.michaelcane.Calculator.&lt;init&gt;(Calculator.java:6)
	at io.michaelcane.Commands.&lt;init&gt;(Commands.java:5)
	at io.michaelcane.Calculator.&lt;init&gt;(Calculator.java:6)
	at io.michaelcane.Commands.&lt;init&gt;(Commands.java:5)
	at io.michaelcane.Calculator.&lt;init&gt;(Calculator.java:6)
	at io.michaelcane.Commands.&lt;init&gt;(Commands.java:5)
	at io.michaelcane.Calculator.&lt;init&gt;(Calculator.java:6)
	at io.michaelcane.Commands.&lt;init&gt;(Commands.java:5)
	at io.michaelcane.Calculator.&lt;init&gt;(Calculator.java:6)
	at io.michaelcane.Commands.&lt;init&gt;(Commands.java:5)
	at io.michaelcane.Calculator.&lt;init&gt;(Calculator.java:6)
	at io.michaelcane.Commands.&lt;init&gt;(Commands.java:5)
	at io.michaelcane.Calculator.&lt;init&gt;(Calculator.java:6)
	at io.michaelcane.Commands.&lt;init&gt;(Commands.java:5)
	at io.michaelcane.Calculator.&lt;init&gt;(Calculator.java:6)
	at io.michaelcane.Commands.&lt;init&gt;(Commands.java:5)
	at io.michaelcane.Calculator.&lt;init&gt;(Calculator.java:6)
	at io.michaelcane.Commands.&lt;init&gt;(Commands.java:5)
	at io.michaelcane.Calculator.&lt;init&gt;(Calculator.java:6)
	at io.michaelcane.Commands.&lt;init&gt;(Commands.java:5)
	at io.michaelcane.Calculator.&lt;init&gt;(Calculator.java:6)
	at io.michaelcane.Commands.&lt;init&gt;(Commands.java:5)
	at io.michaelcane.Calculator.&lt;init&gt;(Calculator.java:6)
	at io.michaelcane.Commands.&lt;init&gt;(Commands.java:5)
	at io.michaelcane.Calculator.&lt;init&gt;(Calculator.java:6)
	at io.michaelcane.Commands.&lt;init&gt;(Commands.java:5)
	at io.michaelcane.Calculator.&lt;init&gt;(Calculator.java:6)
	at io.michaelcane.Commands.&lt;init&gt;(Commands.java:5)
	at io.michaelcane.Calculator.&lt;init&gt;(Calculator.java:6)
	at io.michaelcane.Commands.&lt;init&gt;(Commands.java:5)
	at io.michaelcane.Calculator.&lt;init&gt;(Calculator.java:6)
	at io.michaelcane.Commands.&lt;init&gt;(Commands.java:5)
	at io.michaelcane.Calculator.&lt;init&gt;(Calculator.java:6)
	at io.michaelcane.Commands.&lt;init&gt;(Commands.java:5)
	at io.michaelcane.Calculator.&lt;init&gt;(Calculator.java:6)
	at io.michaelcane.Commands.&lt;init&gt;(Commands.java:5)
	at io.michaelcane.Calculator.&lt;init&gt;(Calculator.java:6)
	at io.michaelcane.Commands.&lt;init&gt;(Commands.java:5)
	at io.michaelcane.Calculator.&lt;init&gt;(Calculator.java:6)
	at io.michaelcane.Commands.&lt;init&gt;(Commands.java:5)
	at io.michaelcane.Calculator.&lt;init&gt;(Calculator.java:6)
	at io.michaelcane.Commands.&lt;init&gt;(Commands.java:5)
	at io.michaelcane.Calculator.&lt;init&gt;(Calculator.java:6)
	at io.michaelcane.Commands.&lt;init&gt;(Commands.java:5)
	at io.michaelcane.Calculator.&lt;init&gt;(Calculator.java:6)
	at io.michaelcane.Commands.&lt;init&gt;(Commands.java:5)
	at io.michaelcane.Calculator.&lt;init&gt;(Calculator.java:6)
	at io.michaelcane.Commands.&lt;init&gt;(Commands.java:5)
	at io.michaelcane.Calculator.&lt;init&gt;(Calculator.java:6)
	at io.michaelcane.Commands.&lt;init&gt;(Commands.java:5)
	at io.michaelcane.Calculator.&lt;init&gt;(Calculator.java:6)
	at io.michaelcane.Commands.&lt;init&gt;(Commands.java:5)
	at io.michaelcane.Calculator.&lt;init&gt;(Calculator.java:6)
	at io.michaelcane.Commands.&lt;init&gt;(Commands.java:5)
	at io.michaelcane.Calculator.&lt;init&gt;(Calculator.java:6)
	at io.michaelcane.Commands.&lt;init&gt;(Commands.java:5)
	at io.michaelcane.Calculator.&lt;init&gt;(Calculator.java:6)
	at io.michaelcane.Commands.&lt;init&gt;(Commands.java:5)
	at io.michaelcane.Calculator.&lt;init&gt;(Calculator.java:6)
	at io.michaelcane.Commands.&lt;init&gt;(Commands.java:5)
	at io.michaelcane.Calculator.&lt;init&gt;(Calculator.java:6)
	at io.michaelcane.Commands.&lt;init&gt;(Commands.java:5)
	at io.michaelcane.Calculator.&lt;init&gt;(Calculator.java:6)
	at io.michaelcane.Commands.&lt;init&gt;(Commands.java:5)
	at io.michaelcane.Calculator.&lt;init&gt;(Calculator.java:6)
	at io.michaelcane.Commands.&lt;init&gt;(Commands.java:5)
	at io.michaelcane.Calculator.&lt;init&gt;(Calculator.java:6)
	at io.michaelcane.Commands.&lt;init&gt;(Commands.java:5)
	at io.michaelcane.Calculator.&lt;init&gt;(Calculator.java:6)
	at io.michaelcane.Commands.&lt;init&gt;(Commands.java:5)
	at io.michaelcane.Calculator.&lt;init&gt;(Calculator.java:6)
	at io.michaelcane.Commands.&lt;init&gt;(Commands.java:5)
	at io.michaelcane.Calculator.&lt;init&gt;(Calculator.java:6)
	at io.michaelcane.Commands.&lt;init&gt;(Commands.java:5)
	at io.michaelcane.Calculator.&lt;init&gt;(Calculator.java:6)
	at io.michaelcane.Commands.&lt;init&gt;(Commands.java:5)
	at io.michaelcane.Calculator.&lt;init&gt;(Calculator.java:6)
	at io.michaelcane.Commands.&lt;init&gt;(Commands.java:5)
	at io.michaelcane.Calculator.&lt;init&gt;(Calculator.java:6)
	at io.michaelcane.Commands.&lt;init&gt;(Commands.java:5)
	at io.michaelcane.Calculator.&lt;init&gt;(Calculator.java:6)
	at io.michaelcane.Commands.&lt;init&gt;(Commands.java:5)
	at io.michaelcane.Calculator.&lt;init&gt;(Calculator.java:6)
	at io.michaelcane.Commands.&lt;init&gt;(Commands.java:5)
	at io.michaelcane.Calculator.&lt;init&gt;(Calculator.java:6)
	at io.michaelcane.Commands.&lt;init&gt;(Commands.java:5)
	at io.michaelcane.Calculator.&lt;init&gt;(Calculator.java:6)
	at io.michaelcane.Commands.&lt;init&gt;(Commands.java:5)
	at io.michaelcane.Calculator.&lt;init&gt;(Calculator.java:6)
	at io.michaelcane.Commands.&lt;init&gt;(Commands.java:5)
	at io.michaelcane.Calculator.&lt;init&gt;(Calculator.java:6)
	at io.michaelcane.Commands.&lt;init&gt;(Commands.java:5)
	at io.michaelcane.Calculator.&lt;init&gt;(Calculator.java:6)
	at io.michaelcane.Commands.&lt;init&gt;(Commands.java:5)
	at io.michaelcane.Calculator.&lt;init&gt;(Calculator.java:6)
	at io.michaelcane.Commands.&lt;init&gt;(Commands.java:5)
	at io.michaelcane.Calculator.&lt;init&gt;(Calculator.java:6)
	at io.michaelcane.Commands.&lt;init&gt;(Commands.java:5)
	at io.michaelcane.Calculator.&lt;init&gt;(Calculator.java:6)
	at io.michaelcane.Commands.&lt;init&gt;(Commands.java:5)
	at io.michaelcane.Calculator.&lt;init&gt;(Calculator.java:6)
	at io.michaelcane.Commands.&lt;init&gt;(Commands.java:5)
	at io.michaelcane.Calculator.&lt;init&gt;(Calculator.java:6)
	at io.michaelcane.Commands.&lt;init&gt;(Commands.java:5)
	at io.michaelcane.Calculator.&lt;init&gt;(Calculator.java:6)
	at io.michaelcane.Commands.&lt;init&gt;(Commands.java:5)
	at io.michaelcane.Calculator.&lt;init&gt;(Calculator.java:6)
	at io.michaelcane.Commands.&lt;init&gt;(Commands.java:5)
	at io.michaelcane.Calculator.&lt;init&gt;(Calculator.java:6)
	at io.michaelcane.Commands.&lt;init&gt;(Commands.java:5)
	at io.michaelcane.Calculator.&lt;init&gt;(Calculator.java:6)
	at io.michaelcane.Commands.&lt;init&gt;(Commands.java:5)
	at io.michaelcane.Calculator.&lt;init&gt;(Calculator.java:6)
	at io.michaelcane.Commands.&lt;init&gt;(Commands.java:5)
	at io.michaelcane.Calculator.&lt;init&gt;(Calculator.java:6)
	at io.michaelcane.Commands.&lt;init&gt;(Commands.java:5)
	at io.michaelcane.Calculator.&lt;init&gt;(Calculator.java:6)
	at io.michaelcane.Commands.&lt;init&gt;(Commands.java:5)
	at io.michaelcane.Calculator.&lt;init&gt;(Calculator.java:6)
	at io.michaelcane.Commands.&lt;init&gt;(Commands.java:5)
	at io.michaelcane.Calculator.&lt;init&gt;(Calculator.java:6)
	at io.michaelcane.Commands.&lt;init&gt;(Commands.java:5)
	at io.michaelcane.Calculator.&lt;init&gt;(Calculator.java:6)
	at io.michaelcane.Commands.&lt;init&gt;(Commands.java:5)
	at io.michaelcane.Calculator.&lt;init&gt;(Calculator.java:6)
	at io.michaelcane.Commands.&lt;init&gt;(Commands.java:5)
	at io.michaelcane.Calculator.&lt;init&gt;(Calculator.java:6)
	at io.michaelcane.Commands.&lt;init&gt;(Commands.java:5)
	at io.michaelcane.Calculator.&lt;init&gt;(Calculator.java:6)
	at io.michaelcane.Commands.&lt;init&gt;(Commands.java:5)
	at io.michaelcane.Calculator.&lt;init&gt;(Calculator.java:6)
	at io.michaelcane.Commands.&lt;init&gt;(Commands.java:5)
	at io.michaelcane.Calculator.&lt;init&gt;(Calculator.java:6)
	at io.michaelcane.Commands.&lt;init&gt;(Commands.java:5)
	at io.michaelcane.Calculator.&lt;init&gt;(Calculator.java:6)
	at io.michaelcane.Commands.&lt;init&gt;(Commands.java:5)
	at io.michaelcane.Calculator.&lt;init&gt;(Calculator.java:6)
	at io.michaelcane.Commands.&lt;init&gt;(Commands.java:5)
	at io.michaelcane.Calculator.&lt;init&gt;(Calculator.java:6)
	at io.michaelcane.Commands.&lt;init&gt;(Commands.java:5)
	at io.michaelcane.Calculator.&lt;init&gt;(Calculator.java:6)
	at io.michaelcane.Commands.&lt;init&gt;(Commands.java:5)
	at io.michaelcane.Calculator.&lt;init&gt;(Calculator.java:6)
	at io.michaelcane.Commands.&lt;init&gt;(Commands.java:5)
	at io.michaelcane.Calculator.&lt;init&gt;(Calculator.java:6)
	at io.michaelcane.Commands.&lt;init&gt;(Commands.java:5)
	at io.michaelcane.Calculator.&lt;init&gt;(Calculator.java:6)
	at io.michaelcane.Commands.&lt;init&gt;(Commands.java:5)
	at io.michaelcane.Calculator.&lt;init&gt;(Calculator.java:6)
	at io.michaelcane.Commands.&lt;init&gt;(Commands.java:5)
	at io.michaelcane.Calculator.&lt;init&gt;(Calculator.java:6)
	at io.michaelcane.Commands.&lt;init&gt;(Commands.java:5)
	at io.michaelcane.Calculator.&lt;init&gt;(Calculator.java:6)
	at io.michaelcane.Commands.&lt;init&gt;(Commands.java:5)
	at io.michaelcane.Calculator.&lt;init&gt;(Calculator.java:6)
	at io.michaelcane.Commands.&lt;init&gt;(Commands.java:5)
	at io.michaelcane.Calculator.&lt;init&gt;(Calculator.java:6)
	at io.michaelcane.Commands.&lt;init&gt;(Commands.java:5)
	at io.michaelcane.Calculator.&lt;init&gt;(Calculator.java:6)
	at io.michaelcane.Commands.&lt;init&gt;(Commands.java:5)
	at io.michaelcane.Calculator.&lt;init&gt;(Calculator.java:6)
	at io.michaelcane.Commands.&lt;init&gt;(Commands.java:5)
	at io.michaelcane.Calculator.&lt;init&gt;(Calculator.java:6)
	at io.michaelcane.Commands.&lt;init&gt;(Commands.java:5)
	at io.michaelcane.Calculator.&lt;init&gt;(Calculator.java:6)
	at io.michaelcane.Commands.&lt;init&gt;(Commands.java:5)
	at io.michaelcane.Calculator.&lt;init&gt;(Calculator.java:6)
	at io.michaelcane.Commands.&lt;init&gt;(Commands.java:5)
	at io.michaelcane.Calculator.&lt;init&gt;(Calculator.java:6)
	at io.michaelcane.Commands.&lt;init&gt;(Commands.java:5)
	at io.michaelcane.Calculator.&lt;init&gt;(Calculator.java:6)
	at io.michaelcane.Commands.&lt;init&gt;(Commands.java:5)
	at io.michaelcane.Calculator.&lt;init&gt;(Calculator.java:6)
	at io.michaelcane.Commands.&lt;init&gt;(Commands.java:5)
	at io.michaelcane.Calculator.&lt;init&gt;(Calculator.java:6)
	at io.michaelcane.Commands.&lt;init&gt;(Commands.java:5)
	at io.michaelcane.Calculator.&lt;init&gt;(Calculator.java:6)
	at io.michaelcane.Commands.&lt;init&gt;(Commands.java:5)
	at io.michaelcane.Calculator.&lt;init&gt;(Calculator.java:6)
	at io.michaelcane.Commands.&lt;init&gt;(Commands.java:5)
	at io.michaelcane.Calculator.&lt;init&gt;(Calculator.java:6)
	at io.michaelcane.Commands.&lt;init&gt;(Commands.java:5)
	at io.michaelcane.Calculator.&lt;init&gt;(Calculator.java:6)
	at io.michaelcane.Commands.&lt;init&gt;(Commands.java:5)
	at io.michaelcane.Calculator.&lt;init&gt;(Calculator.java:6)
	at io.michaelcane.Commands.&lt;init&gt;(Commands.java:5)
	at io.michaelcane.Calculator.&lt;init&gt;(Calculator.java:6)
	at io.michaelcane.Commands.&lt;init&gt;(Commands.java:5)
	at io.michaelcane.Calculator.&lt;init&gt;(Calculator.java:6)
	at io.michaelcane.Commands.&lt;init&gt;(Commands.java:5)
	at io.michaelcane.Calculator.&lt;init&gt;(Calculator.java:6)
	at io.michaelcane.Commands.&lt;init&gt;(Commands.java:5)
	at io.michaelcane.Calculator.&lt;init&gt;(Calculator.java:6)
	at io.michaelcane.Commands.&lt;init&gt;(Commands.java:5)
	at io.michaelcane.Calculator.&lt;init&gt;(Calculator.java:6)
	at io.michaelcane.Commands.&lt;init&gt;(Commands.java:5)
	at io.michaelcane.Calculator.&lt;init&gt;(Calculator.java:6)
	at io.michaelcane.Commands.&lt;init&gt;(Commands.java:5)
	at io.michaelcane.Calculator.&lt;init&gt;(Calculator.java:6)
	at io.michaelcane.Commands.&lt;init&gt;(Commands.java:5)
	at io.michaelcane.Calculator.&lt;init&gt;(Calculator.java:6)
	at io.michaelcane.Commands.&lt;init&gt;(Commands.java:5)
	at io.michaelcane.Calculator.&lt;init&gt;(Calculator.java:6)
	at io.michaelcane.Commands.&lt;init&gt;(Commands.java:5)
	at io.michaelcane.Calculator.&lt;init&gt;(Calculator.java:6)
	at io.michaelcane.Commands.&lt;init&gt;(Commands.java:5)
	at io.michaelcane.Calculator.&lt;init&gt;(Calculator.java:6)
	at io.michaelcane.Commands.&lt;init&gt;(Commands.java:5)
	at io.michaelcane.Calculator.&lt;init&gt;(Calculator.java:6)
	at io.michaelcane.Commands.&lt;init&gt;(Commands.java:5)
	at io.michaelcane.Calculator.&lt;init&gt;(Calculator.java:6)
	at io.michaelcane.Commands.&lt;init&gt;(Commands.java:5)
	at io.michaelcane.Calculator.&lt;init&gt;(Calculator.java:6)
	at io.michaelcane.Commands.&lt;init&gt;(Commands.java:5)
	at io.michaelcane.Calculator.&lt;init&gt;(Calculator.java:6)
	at io.michaelcane.Commands.&lt;init&gt;(Commands.java:5)
	at io.michaelcane.Calculator.&lt;init&gt;(Calculator.java:6)
	at io.michaelcane.Commands.&lt;init&gt;(Commands.java:5)
	at io.michaelcane.Calculator.&lt;init&gt;(Calculator.java:6)
	at io.michaelcane.Commands.&lt;init&gt;(Commands.java:5)
	at io.michaelcane.Calculator.&lt;init&gt;(Calculator.java:6)
	at io.michaelcane.Commands.&lt;init&gt;(Commands.java:5)
	at io.michaelcane.Calculator.&lt;init&gt;(Calculator.java:6)
	at io.michaelcane.Commands.&lt;init&gt;(Commands.java:5)
	at io.michaelcane.Calculator.&lt;init&gt;(Calculator.java:6)
	at io.michaelcane.Commands.&lt;init&gt;(Commands.java:5)
	at io.michaelcane.Calculator.&lt;init&gt;(Calculator.java:6)
	at io.michaelcane.Commands.&lt;init&gt;(Commands.java:5)
	at io.michaelcane.Calculator.&lt;init&gt;(Calculator.java:6)
	at io.michaelcane.Commands.&lt;init&gt;(Commands.java:5)
	at io.michaelcane.Calculator.&lt;init&gt;(Calculator.java:6)
	at io.michaelcane.Commands.&lt;init&gt;(Commands.java:5)
	at io.michaelcane.Calculator.&lt;init&gt;(Calculator.java:6)
	at io.michaelcane.Commands.&lt;init&gt;(Commands.java:5)
	at io.michaelcane.Calculator.&lt;init&gt;(Calculator.java:6)
	at io.michaelcane.Commands.&lt;init&gt;(Commands.java:5)
	at io.michaelcane.Calculator.&lt;init&gt;(Calculator.java:6)
	at io.michaelcane.Commands.&lt;init&gt;(Commands.java:5)
	at io.michaelcane.Calculator.&lt;init&gt;(Calculator.java:6)
	at io.michaelcane.Commands.&lt;init&gt;(Commands.java:5)
	at io.michaelcane.Calculator.&lt;init&gt;(Calculator.java:6)
	at io.michaelcane.Commands.&lt;init&gt;(Commands.java:5)
	at io.michaelcane.Calculator.&lt;init&gt;(Calculator.java:6)
	at io.michaelcane.Commands.&lt;init&gt;(Commands.java:5)
	at io.michaelcane.Calculator.&lt;init&gt;(Calculator.java:6)
	at io.michaelcane.Commands.&lt;init&gt;(Commands.java:5)
	at io.michaelcane.Calculator.&lt;init&gt;(Calculator.java:6)
	at io.michaelcane.Commands.&lt;init&gt;(Commands.java:5)
	at io.michaelcane.Calculator.&lt;init&gt;(Calculator.java:6)
	at io.michaelcane.Commands.&lt;init&gt;(Commands.java:5)
	at io.michaelcane.Calculator.&lt;init&gt;(Calculator.java:6)
	at io.michaelcane.Commands.&lt;init&gt;(Commands.java:5)
	at io.michaelcane.Calculator.&lt;init&gt;(Calculator.java:6)
	at io.michaelcane.Commands.&lt;init&gt;(Commands.java:5)
	at io.michaelcane.Calculator.&lt;init&gt;(Calculator.java:6)
	at io.michaelcane.Commands.&lt;init&gt;(Commands.java:5)
	at io.michaelcane.Calculator.&lt;init&gt;(Calculator.java:6)
	at io.michaelcane.Commands.&lt;init&gt;(Commands.java:5)
	at io.michaelcane.Calculator.&lt;init&gt;(Calculator.java:6)
	at io.michaelcane.Commands.&lt;init&gt;(Commands.java:5)
	at io.michaelcane.Calculator.&lt;init&gt;(Calculator.java:6)
	at io.michaelcane.Commands.&lt;init&gt;(Commands.java:5)
	at io.michaelcane.Calculator.&lt;init&gt;(Calculator.java:6)
	at io.michaelcane.Commands.&lt;init&gt;(Commands.java:5)
	at io.michaelcane.Calculator.&lt;init&gt;(Calculator.java:6)
	at io.michaelcane.Commands.&lt;init&gt;(Commands.java:5)
	at io.michaelcane.Calculator.&lt;init&gt;(Calculator.java:6)
	at io.michaelcane.Commands.&lt;init&gt;(Commands.java:5)
	at io.michaelcane.Calculator.&lt;init&gt;(Calculator.java:6)
	at io.michaelcane.Commands.&lt;init&gt;(Commands.java:5)
	at io.michaelcane.Calculator.&lt;init&gt;(Calculator.java:6)
	at io.michaelcane.Commands.&lt;init&gt;(Commands.java:5)
	at io.michaelcane.Calculator.&lt;init&gt;(Calculator.java:6)
	at io.michaelcane.Commands.&lt;init&gt;(Commands.java:5)
	at io.michaelcane.Calculator.&lt;init&gt;(Calculator.java:6)
	at io.michaelcane.Commands.&lt;init&gt;(Commands.java:5)
	at io.michaelcane.Calculator.&lt;init&gt;(Calculator.java:6)
	at io.michaelcane.Commands.&lt;init&gt;(Commands.java:5)
	at io.michaelcane.Calculator.&lt;init&gt;(Calculator.java:6)
	at io.michaelcane.Commands.&lt;init&gt;(Commands.java:5)
	at io.michaelcane.Calculator.&lt;init&gt;(Calculator.java:6)
	at io.michaelcane.Commands.&lt;init&gt;(Commands.java:5)
	at io.michaelcane.Calculator.&lt;init&gt;(Calculator.java:6)
	at io.michaelcane.Commands.&lt;init&gt;(Commands.java:5)
	at io.michaelcane.Calculator.&lt;init&gt;(Calculator.java:6)
	at io.michaelcane.Commands.&lt;init&gt;(Commands.java:5)
	at io.michaelcane.Calculator.&lt;init&gt;(Calculator.java:6)
	at io.michaelcane.Commands.&lt;init&gt;(Commands.java:5)
	at io.michaelcane.Calculator.&lt;init&gt;(Calculator.java:6)
	at io.michaelcane.Commands.&lt;init&gt;(Commands.java:5)
	at io.michaelcane.Calculator.&lt;init&gt;(Calculator.java:6)
	at io.michaelcane.Commands.&lt;init&gt;(Commands.java:5)
	at io.michaelcane.Calculator.&lt;init&gt;(Calculator.java:6)
	at io.michaelcane.Commands.&lt;init&gt;(Commands.java:5)
	at io.michaelcane.Calculator.&lt;init&gt;(Calculator.java:6)
	at io.michaelcane.Commands.&lt;init&gt;(Commands.java:5)
	at io.michaelcane.Calculator.&lt;init&gt;(Calculator.java:6)
	at io.michaelcane.Commands.&lt;init&gt;(Commands.java:5)
	at io.michaelcane.Calculator.&lt;init&gt;(Calculator.java:6)
	at io.michaelcane.Commands.&lt;init&gt;(Commands.java:5)
	at io.michaelcane.Calculator.&lt;init&gt;(Calculator.java:6)
	at io.michaelcane.Commands.&lt;init&gt;(Commands.java:5)
	at io.michaelcane.Calculator.&lt;init&gt;(Calculator.java:6)
	at io.michaelcane.Commands.&lt;init&gt;(Commands.java:5)
	at io.michaelcane.Calculator.&lt;init&gt;(Calculator.java:6)
	at io.michaelcane.Commands.&lt;init&gt;(Commands.java:5)
	at io.michaelcane.Calculator.&lt;init&gt;(Calculator.java:6)
	at io.michaelcane.Commands.&lt;init&gt;(Commands.java:5)
	at io.michaelcane.Calculator.&lt;init&gt;(Calculator.java:6)
	at io.michaelcane.Commands.&lt;init&gt;(Commands.java:5)
	at io.michaelcane.Calculator.&lt;init&gt;(Calculator.java:6)
	at io.michaelcane.Commands.&lt;init&gt;(Commands.java:5)
	at io.michaelcane.Calculator.&lt;init&gt;(Calculator.java:6)
	at io.michaelcane.Commands.&lt;init&gt;(Commands.java:5)
	at io.michaelcane.Calculator.&lt;init&gt;(Calculator.java:6)
	at io.michaelcane.Commands.&lt;init&gt;(Commands.java:5)
	at io.michaelcane.Calculator.&lt;init&gt;(Calculator.java:6)
	at io.michaelcane.Commands.&lt;init&gt;(Commands.java:5)
	at io.michaelcane.Calculator.&lt;init&gt;(Calculator.java:6)
	at io.michaelcane.Commands.&lt;init&gt;(Commands.java:5)
	at io.michaelcane.Calculator.&lt;init&gt;(Calculator.java:6)
	at io.michaelcane.Commands.&lt;init&gt;(Commands.java:5)
	at io.michaelcane.Calculator.&lt;init&gt;(Calculator.java:6)
	at io.michaelcane.Commands.&lt;init&gt;(Commands.java:5)
	at io.michaelcane.Calculator.&lt;init&gt;(Calculator.java:6)
	at io.michaelcane.Commands.&lt;init&gt;(Commands.java:5)
	at io.michaelcane.Calculator.&lt;init&gt;(Calculator.java:6)
	at io.michaelcane.Commands.&lt;init&gt;(Commands.java:5)
	at io.michaelcane.Calculator.&lt;init&gt;(Calculator.java:6)
	at io.michaelcane.Commands.&lt;init&gt;(Commands.java:5)
	at io.michaelcane.Calculator.&lt;init&gt;(Calculator.java:6)
	at io.michaelcane.Commands.&lt;init&gt;(Commands.java:5)
	at io.michaelcane.Calculator.&lt;init&gt;(Calculator.java:6)
	at io.michaelcane.Commands.&lt;init&gt;(Commands.java:5)
	at io.michaelcane.Calculator.&lt;init&gt;(Calculator.java:6)
	at io.michaelcane.Commands.&lt;init&gt;(Commands.java:5)
	at io.michaelcane.Calculator.&lt;init&gt;(Calculator.java:6)
	at io.michaelcane.Commands.&lt;init&gt;(Commands.java:5)
	at io.michaelcane.Calculator.&lt;init&gt;(Calculator.java:6)
	at io.michaelcane.Commands.&lt;init&gt;(Commands.java:5)
	at io.michaelcane.Calculator.&lt;init&gt;(Calculator.java:6)
	at io.michaelcane.Commands.&lt;init&gt;(Commands.java:5)
	at io.michaelcane.Calculator.&lt;init&gt;(Calculator.java:6)
	at io.michaelcane.Commands.&lt;init&gt;(Commands.java:5)
</error>
  </testcase>
  <testcase classname="io.michaelcane.CalculatorSpec" name="test$squareRoot" time="0.008">
    <error type="java.lang.StackOverflowError">java.lang.StackOverflowError
	at io.michaelcane.Calculator.&lt;init&gt;(Calculator.java:6)
	at io.michaelcane.Commands.&lt;init&gt;(Commands.java:5)
	at io.michaelcane.Calculator.&lt;init&gt;(Calculator.java:6)
	at io.michaelcane.Commands.&lt;init&gt;(Commands.java:5)
	at io.michaelcane.Calculator.&lt;init&gt;(Calculator.java:6)
	at io.michaelcane.Commands.&lt;init&gt;(Commands.java:5)
	at io.michaelcane.Calculator.&lt;init&gt;(Calculator.java:6)
	at io.michaelcane.Commands.&lt;init&gt;(Commands.java:5)
	at io.michaelcane.Calculator.&lt;init&gt;(Calculator.java:6)
	at io.michaelcane.Commands.&lt;init&gt;(Commands.java:5)
	at io.michaelcane.Calculator.&lt;init&gt;(Calculator.java:6)
	at io.michaelcane.Commands.&lt;init&gt;(Commands.java:5)
	at io.michaelcane.Calculator.&lt;init&gt;(Calculator.java:6)
	at io.michaelcane.Commands.&lt;init&gt;(Commands.java:5)
	at io.michaelcane.Calculator.&lt;init&gt;(Calculator.java:6)
	at io.michaelcane.Commands.&lt;init&gt;(Commands.java:5)
	at io.michaelcane.Calculator.&lt;init&gt;(Calculator.java:6)
	at io.michaelcane.Commands.&lt;init&gt;(Commands.java:5)
	at io.michaelcane.Calculator.&lt;init&gt;(Calculator.java:6)
	at io.michaelcane.Commands.&lt;init&gt;(Commands.java:5)
	at io.michaelcane.Calculator.&lt;init&gt;(Calculator.java:6)
	at io.michaelcane.Commands.&lt;init&gt;(Commands.java:5)
	at io.michaelcane.Calculator.&lt;init&gt;(Calculator.java:6)
	at io.michaelcane.Commands.&lt;init&gt;(Commands.java:5)
	at io.michaelcane.Calculator.&lt;init&gt;(Calculator.java:6)
	at io.michaelcane.Commands.&lt;init&gt;(Commands.java:5)
	at io.michaelcane.Calculator.&lt;init&gt;(Calculator.java:6)
	at io.michaelcane.Commands.&lt;init&gt;(Commands.java:5)
	at io.michaelcane.Calculator.&lt;init&gt;(Calculator.java:6)
	at io.michaelcane.Commands.&lt;init&gt;(Commands.java:5)
	at io.michaelcane.Calculator.&lt;init&gt;(Calculator.java:6)
	at io.michaelcane.Commands.&lt;init&gt;(Commands.java:5)
	at io.michaelcane.Calculator.&lt;init&gt;(Calculator.java:6)
	at io.michaelcane.Commands.&lt;init&gt;(Commands.java:5)
	at io.michaelcane.Calculator.&lt;init&gt;(Calculator.java:6)
	at io.michaelcane.Commands.&lt;init&gt;(Commands.java:5)
	at io.michaelcane.Calculator.&lt;init&gt;(Calculator.java:6)
	at io.michaelcane.Commands.&lt;init&gt;(Commands.java:5)
	at io.michaelcane.Calculator.&lt;init&gt;(Calculator.java:6)
	at io.michaelcane.Commands.&lt;init&gt;(Commands.java:5)
	at io.michaelcane.Calculator.&lt;init&gt;(Calculator.java:6)
	at io.michaelcane.Commands.&lt;init&gt;(Commands.java:5)
	at io.michaelcane.Calculator.&lt;init&gt;(Calculator.java:6)
	at io.michaelcane.Commands.&lt;init&gt;(Commands.java:5)
	at io.michaelcane.Calculator.&lt;init&gt;(Calculator.java:6)
	at io.michaelcane.Commands.&lt;init&gt;(Commands.java:5)
	at io.michaelcane.Calculator.&lt;init&gt;(Calculator.java:6)
	at io.michaelcane.Commands.&lt;init&gt;(Commands.java:5)
	at io.michaelcane.Calculator.&lt;init&gt;(Calculator.java:6)
	at io.michaelcane.Commands.&lt;init&gt;(Commands.java:5)
	at io.michaelcane.Calculator.&lt;init&gt;(Calculator.java:6)
	at io.michaelcane.Commands.&lt;init&gt;(Commands.java:5)
	at io.michaelcane.Calculator.&lt;init&gt;(Calculator.java:6)
	at io.michaelcane.Commands.&lt;init&gt;(Commands.java:5)
	at io.michaelcane.Calculator.&lt;init&gt;(Calculator.java:6)
	at io.michaelcane.Commands.&lt;init&gt;(Commands.java:5)
	at io.michaelcane.Calculator.&lt;init&gt;(Calculator.java:6)
	at io.michaelcane.Commands.&lt;init&gt;(Commands.java:5)
	at io.michaelcane.Calculator.&lt;init&gt;(Calculator.java:6)
	at io.michaelcane.Commands.&lt;init&gt;(Commands.java:5)
	at io.michaelcane.Calculator.&lt;init&gt;(Calculator.java:6)
	at io.michaelcane.Commands.&lt;init&gt;(Commands.java:5)
	at io.michaelcane.Calculator.&lt;init&gt;(Calculator.java:6)
	at io.michaelcane.Commands.&lt;init&gt;(Commands.java:5)
	at io.michaelcane.Calculator.&lt;init&gt;(Calculator.java:6)
	at io.michaelcane.Commands.&lt;init&gt;(Commands.java:5)
	at io.michaelcane.Calculator.&lt;init&gt;(Calculator.java:6)
	at io.michaelcane.Commands.&lt;init&gt;(Commands.java:5)
	at io.michaelcane.Calculator.&lt;init&gt;(Calculator.java:6)
	at io.michaelcane.Commands.&lt;init&gt;(Commands.java:5)
	at io.michaelcane.Calculator.&lt;init&gt;(Calculator.java:6)
	at io.michaelcane.Commands.&lt;init&gt;(Commands.java:5)
	at io.michaelcane.Calculator.&lt;init&gt;(Calculator.java:6)
	at io.michaelcane.Commands.&lt;init&gt;(Commands.java:5)
	at io.michaelcane.Calculator.&lt;init&gt;(Calculator.java:6)
	at io.michaelcane.Commands.&lt;init&gt;(Commands.java:5)
	at io.michaelcane.Calculator.&lt;init&gt;(Calculator.java:6)
	at io.michaelcane.Commands.&lt;init&gt;(Commands.java:5)
	at io.michaelcane.Calculator.&lt;init&gt;(Calculator.java:6)
	at io.michaelcane.Commands.&lt;init&gt;(Commands.java:5)
	at io.michaelcane.Calculator.&lt;init&gt;(Calculator.java:6)
	at io.michaelcane.Commands.&lt;init&gt;(Commands.java:5)
	at io.michaelcane.Calculator.&lt;init&gt;(Calculator.java:6)
	at io.michaelcane.Commands.&lt;init&gt;(Commands.java:5)
	at io.michaelcane.Calculator.&lt;init&gt;(Calculator.java:6)
	at io.michaelcane.Commands.&lt;init&gt;(Commands.java:5)
	at io.michaelcane.Calculator.&lt;init&gt;(Calculator.java:6)
	at io.michaelcane.Commands.&lt;init&gt;(Commands.java:5)
	at io.michaelcane.Calculator.&lt;init&gt;(Calculator.java:6)
	at io.michaelcane.Commands.&lt;init&gt;(Commands.java:5)
	at io.michaelcane.Calculator.&lt;init&gt;(Calculator.java:6)
	at io.michaelcane.Commands.&lt;init&gt;(Commands.java:5)
	at io.michaelcane.Calculator.&lt;init&gt;(Calculator.java:6)
	at io.michaelcane.Commands.&lt;init&gt;(Commands.java:5)
	at io.michaelcane.Calculator.&lt;init&gt;(Calculator.java:6)
	at io.michaelcane.Commands.&lt;init&gt;(Commands.java:5)
	at io.michaelcane.Calculator.&lt;init&gt;(Calculator.java:6)
	at io.michaelcane.Commands.&lt;init&gt;(Commands.java:5)
	at io.michaelcane.Calculator.&lt;init&gt;(Calculator.java:6)
	at io.michaelcane.Commands.&lt;init&gt;(Commands.java:5)
	at io.michaelcane.Calculator.&lt;init&gt;(Calculator.java:6)
	at io.michaelcane.Commands.&lt;init&gt;(Commands.java:5)
	at io.michaelcane.Calculator.&lt;init&gt;(Calculator.java:6)
	at io.michaelcane.Commands.&lt;init&gt;(Commands.java:5)
	at io.michaelcane.Calculator.&lt;init&gt;(Calculator.java:6)
	at io.michaelcane.Commands.&lt;init&gt;(Commands.java:5)
	at io.michaelcane.Calculator.&lt;init&gt;(Calculator.java:6)
	at io.michaelcane.Commands.&lt;init&gt;(Commands.java:5)
	at io.michaelcane.Calculator.&lt;init&gt;(Calculator.java:6)
	at io.michaelcane.Commands.&lt;init&gt;(Commands.java:5)
	at io.michaelcane.Calculator.&lt;init&gt;(Calculator.java:6)
	at io.michaelcane.Commands.&lt;init&gt;(Commands.java:5)
	at io.michaelcane.Calculator.&lt;init&gt;(Calculator.java:6)
	at io.michaelcane.Commands.&lt;init&gt;(Commands.java:5)
	at io.michaelcane.Calculator.&lt;init&gt;(Calculator.java:6)
	at io.michaelcane.Commands.&lt;init&gt;(Commands.java:5)
	at io.michaelcane.Calculator.&lt;init&gt;(Calculator.java:6)
	at io.michaelcane.Commands.&lt;init&gt;(Commands.java:5)
	at io.michaelcane.Calculator.&lt;init&gt;(Calculator.java:6)
	at io.michaelcane.Commands.&lt;init&gt;(Commands.java:5)
	at io.michaelcane.Calculator.&lt;init&gt;(Calculator.java:6)
	at io.michaelcane.Commands.&lt;init&gt;(Commands.java:5)
	at io.michaelcane.Calculator.&lt;init&gt;(Calculator.java:6)
	at io.michaelcane.Commands.&lt;init&gt;(Commands.java:5)
	at io.michaelcane.Calculator.&lt;init&gt;(Calculator.java:6)
	at io.michaelcane.Commands.&lt;init&gt;(Commands.java:5)
	at io.michaelcane.Calculator.&lt;init&gt;(Calculator.java:6)
	at io.michaelcane.Commands.&lt;init&gt;(Commands.java:5)
	at io.michaelcane.Calculator.&lt;init&gt;(Calculator.java:6)
	at io.michaelcane.Commands.&lt;init&gt;(Commands.java:5)
	at io.michaelcane.Calculator.&lt;init&gt;(Calculator.java:6)
	at io.michaelcane.Commands.&lt;init&gt;(Commands.java:5)
	at io.michaelcane.Calculator.&lt;init&gt;(Calculator.java:6)
	at io.michaelcane.Commands.&lt;init&gt;(Commands.java:5)
	at io.michaelcane.Calculator.&lt;init&gt;(Calculator.java:6)
	at io.michaelcane.Commands.&lt;init&gt;(Commands.java:5)
	at io.michaelcane.Calculator.&lt;init&gt;(Calculator.java:6)
	at io.michaelcane.Commands.&lt;init&gt;(Commands.java:5)
	at io.michaelcane.Calculator.&lt;init&gt;(Calculator.java:6)
	at io.michaelcane.Commands.&lt;init&gt;(Commands.java:5)
	at io.michaelcane.Calculator.&lt;init&gt;(Calculator.java:6)
	at io.michaelcane.Commands.&lt;init&gt;(Commands.java:5)
	at io.michaelcane.Calculator.&lt;init&gt;(Calculator.java:6)
	at io.michaelcane.Commands.&lt;init&gt;(Commands.java:5)
	at io.michaelcane.Calculator.&lt;init&gt;(Calculator.java:6)
	at io.michaelcane.Commands.&lt;init&gt;(Commands.java:5)
	at io.michaelcane.Calculator.&lt;init&gt;(Calculator.java:6)
	at io.michaelcane.Commands.&lt;init&gt;(Commands.java:5)
	at io.michaelcane.Calculator.&lt;init&gt;(Calculator.java:6)
	at io.michaelcane.Commands.&lt;init&gt;(Commands.java:5)
	at io.michaelcane.Calculator.&lt;init&gt;(Calculator.java:6)
	at io.michaelcane.Commands.&lt;init&gt;(Commands.java:5)
	at io.michaelcane.Calculator.&lt;init&gt;(Calculator.java:6)
	at io.michaelcane.Commands.&lt;init&gt;(Commands.java:5)
	at io.michaelcane.Calculator.&lt;init&gt;(Calculator.java:6)
	at io.michaelcane.Commands.&lt;init&gt;(Commands.java:5)
	at io.michaelcane.Calculator.&lt;init&gt;(Calculator.java:6)
	at io.michaelcane.Commands.&lt;init&gt;(Commands.java:5)
	at io.michaelcane.Calculator.&lt;init&gt;(Calculator.java:6)
	at io.michaelcane.Commands.&lt;init&gt;(Commands.java:5)
	at io.michaelcane.Calculator.&lt;init&gt;(Calculator.java:6)
	at io.michaelcane.Commands.&lt;init&gt;(Commands.java:5)
	at io.michaelcane.Calculator.&lt;init&gt;(Calculator.java:6)
	at io.michaelcane.Commands.&lt;init&gt;(Commands.java:5)
	at io.michaelcane.Calculator.&lt;init&gt;(Calculator.java:6)
	at io.michaelcane.Commands.&lt;init&gt;(Commands.java:5)
	at io.michaelcane.Calculator.&lt;init&gt;(Calculator.java:6)
	at io.michaelcane.Commands.&lt;init&gt;(Commands.java:5)
	at io.michaelcane.Calculator.&lt;init&gt;(Calculator.java:6)
	at io.michaelcane.Commands.&lt;init&gt;(Commands.java:5)
	at io.michaelcane.Calculator.&lt;init&gt;(Calculator.java:6)
	at io.michaelcane.Commands.&lt;init&gt;(Commands.java:5)
	at io.michaelcane.Calculator.&lt;init&gt;(Calculator.java:6)
	at io.michaelcane.Commands.&lt;init&gt;(Commands.java:5)
	at io.michaelcane.Calculator.&lt;init&gt;(Calculator.java:6)
	at io.michaelcane.Commands.&lt;init&gt;(Commands.java:5)
	at io.michaelcane.Calculator.&lt;init&gt;(Calculator.java:6)
	at io.michaelcane.Commands.&lt;init&gt;(Commands.java:5)
	at io.michaelcane.Calculator.&lt;init&gt;(Calculator.java:6)
	at io.michaelcane.Commands.&lt;init&gt;(Commands.java:5)
	at io.michaelcane.Calculator.&lt;init&gt;(Calculator.java:6)
	at io.michaelcane.Commands.&lt;init&gt;(Commands.java:5)
	at io.michaelcane.Calculator.&lt;init&gt;(Calculator.java:6)
	at io.michaelcane.Commands.&lt;init&gt;(Commands.java:5)
	at io.michaelcane.Calculator.&lt;init&gt;(Calculator.java:6)
	at io.michaelcane.Commands.&lt;init&gt;(Commands.java:5)
	at io.michaelcane.Calculator.&lt;init&gt;(Calculator.java:6)
	at io.michaelcane.Commands.&lt;init&gt;(Commands.java:5)
	at io.michaelcane.Calculator.&lt;init&gt;(Calculator.java:6)
	at io.michaelcane.Commands.&lt;init&gt;(Commands.java:5)
	at io.michaelcane.Calculator.&lt;init&gt;(Calculator.java:6)
	at io.michaelcane.Commands.&lt;init&gt;(Commands.java:5)
	at io.michaelcane.Calculator.&lt;init&gt;(Calculator.java:6)
	at io.michaelcane.Commands.&lt;init&gt;(Commands.java:5)
	at io.michaelcane.Calculator.&lt;init&gt;(Calculator.java:6)
	at io.michaelcane.Commands.&lt;init&gt;(Commands.java:5)
	at io.michaelcane.Calculator.&lt;init&gt;(Calculator.java:6)
	at io.michaelcane.Commands.&lt;init&gt;(Commands.java:5)
	at io.michaelcane.Calculator.&lt;init&gt;(Calculator.java:6)
	at io.michaelcane.Commands.&lt;init&gt;(Commands.java:5)
	at io.michaelcane.Calculator.&lt;init&gt;(Calculator.java:6)
	at io.michaelcane.Commands.&lt;init&gt;(Commands.java:5)
	at io.michaelcane.Calculator.&lt;init&gt;(Calculator.java:6)
	at io.michaelcane.Commands.&lt;init&gt;(Commands.java:5)
	at io.michaelcane.Calculator.&lt;init&gt;(Calculator.java:6)
	at io.michaelcane.Commands.&lt;init&gt;(Commands.java:5)
	at io.michaelcane.Calculator.&lt;init&gt;(Calculator.java:6)
	at io.michaelcane.Commands.&lt;init&gt;(Commands.java:5)
	at io.michaelcane.Calculator.&lt;init&gt;(Calculator.java:6)
	at io.michaelcane.Commands.&lt;init&gt;(Commands.java:5)
	at io.michaelcane.Calculator.&lt;init&gt;(Calculator.java:6)
	at io.michaelcane.Commands.&lt;init&gt;(Commands.java:5)
	at io.michaelcane.Calculator.&lt;init&gt;(Calculator.java:6)
	at io.michaelcane.Commands.&lt;init&gt;(Commands.java:5)
	at io.michaelcane.Calculator.&lt;init&gt;(Calculator.java:6)
	at io.michaelcane.Commands.&lt;init&gt;(Commands.java:5)
	at io.michaelcane.Calculator.&lt;init&gt;(Calculator.java:6)
	at io.michaelcane.Commands.&lt;init&gt;(Commands.java:5)
	at io.michaelcane.Calculator.&lt;init&gt;(Calculator.java:6)
	at io.michaelcane.Commands.&lt;init&gt;(Commands.java:5)
	at io.michaelcane.Calculator.&lt;init&gt;(Calculator.java:6)
	at io.michaelcane.Commands.&lt;init&gt;(Commands.java:5)
	at io.michaelcane.Calculator.&lt;init&gt;(Calculator.java:6)
	at io.michaelcane.Commands.&lt;init&gt;(Commands.java:5)
	at io.michaelcane.Calculator.&lt;init&gt;(Calculator.java:6)
	at io.michaelcane.Commands.&lt;init&gt;(Commands.java:5)
	at io.michaelcane.Calculator.&lt;init&gt;(Calculator.java:6)
	at io.michaelcane.Commands.&lt;init&gt;(Commands.java:5)
	at io.michaelcane.Calculator.&lt;init&gt;(Calculator.java:6)
	at io.michaelcane.Commands.&lt;init&gt;(Commands.java:5)
	at io.michaelcane.Calculator.&lt;init&gt;(Calculator.java:6)
	at io.michaelcane.Commands.&lt;init&gt;(Commands.java:5)
	at io.michaelcane.Calculator.&lt;init&gt;(Calculator.java:6)
	at io.michaelcane.Commands.&lt;init&gt;(Commands.java:5)
	at io.michaelcane.Calculator.&lt;init&gt;(Calculator.java:6)
	at io.michaelcane.Commands.&lt;init&gt;(Commands.java:5)
	at io.michaelcane.Calculator.&lt;init&gt;(Calculator.java:6)
	at io.michaelcane.Commands.&lt;init&gt;(Commands.java:5)
	at io.michaelcane.Calculator.&lt;init&gt;(Calculator.java:6)
	at io.michaelcane.Commands.&lt;init&gt;(Commands.java:5)
	at io.michaelcane.Calculator.&lt;init&gt;(Calculator.java:6)
	at io.michaelcane.Commands.&lt;init&gt;(Commands.java:5)
	at io.michaelcane.Calculator.&lt;init&gt;(Calculator.java:6)
	at io.michaelcane.Commands.&lt;init&gt;(Commands.java:5)
	at io.michaelcane.Calculator.&lt;init&gt;(Calculator.java:6)
	at io.michaelcane.Commands.&lt;init&gt;(Commands.java:5)
	at io.michaelcane.Calculator.&lt;init&gt;(Calculator.java:6)
	at io.michaelcane.Commands.&lt;init&gt;(Commands.java:5)
	at io.michaelcane.Calculator.&lt;init&gt;(Calculator.java:6)
	at io.michaelcane.Commands.&lt;init&gt;(Commands.java:5)
	at io.michaelcane.Calculator.&lt;init&gt;(Calculator.java:6)
	at io.michaelcane.Commands.&lt;init&gt;(Commands.java:5)
	at io.michaelcane.Calculator.&lt;init&gt;(Calculator.java:6)
	at io.michaelcane.Commands.&lt;init&gt;(Commands.java:5)
	at io.michaelcane.Calculator.&lt;init&gt;(Calculator.java:6)
	at io.michaelcane.Commands.&lt;init&gt;(Commands.java:5)
	at io.michaelcane.Calculator.&lt;init&gt;(Calculator.java:6)
	at io.michaelcane.Commands.&lt;init&gt;(Commands.java:5)
	at io.michaelcane.Calculator.&lt;init&gt;(Calculator.java:6)
	at io.michaelcane.Commands.&lt;init&gt;(Commands.java:5)
	at io.michaelcane.Calculator.&lt;init&gt;(Calculator.java:6)
	at io.michaelcane.Commands.&lt;init&gt;(Commands.java:5)
	at io.michaelcane.Calculator.&lt;init&gt;(Calculator.java:6)
	at io.michaelcane.Commands.&lt;init&gt;(Commands.java:5)
	at io.michaelcane.Calculator.&lt;init&gt;(Calculator.java:6)
	at io.michaelcane.Commands.&lt;init&gt;(Commands.java:5)
	at io.michaelcane.Calculator.&lt;init&gt;(Calculator.java:6)
	at io.michaelcane.Commands.&lt;init&gt;(Commands.java:5)
	at io.michaelcane.Calculator.&lt;init&gt;(Calculator.java:6)
	at io.michaelcane.Commands.&lt;init&gt;(Commands.java:5)
	at io.michaelcane.Calculator.&lt;init&gt;(Calculator.java:6)
	at io.michaelcane.Commands.&lt;init&gt;(Commands.java:5)
	at io.michaelcane.Calculator.&lt;init&gt;(Calculator.java:6)
	at io.michaelcane.Commands.&lt;init&gt;(Commands.java:5)
	at io.michaelcane.Calculator.&lt;init&gt;(Calculator.java:6)
	at io.michaelcane.Commands.&lt;init&gt;(Commands.java:5)
	at io.michaelcane.Calculator.&lt;init&gt;(Calculator.java:6)
	at io.michaelcane.Commands.&lt;init&gt;(Commands.java:5)
	at io.michaelcane.Calculator.&lt;init&gt;(Calculator.java:6)
	at io.michaelcane.Commands.&lt;init&gt;(Commands.java:5)
	at io.michaelcane.Calculator.&lt;init&gt;(Calculator.java:6)
	at io.michaelcane.Commands.&lt;init&gt;(Commands.java:5)
	at io.michaelcane.Calculator.&lt;init&gt;(Calculator.java:6)
	at io.michaelcane.Commands.&lt;init&gt;(Commands.java:5)
	at io.michaelcane.Calculator.&lt;init&gt;(Calculator.java:6)
	at io.michaelcane.Commands.&lt;init&gt;(Commands.java:5)
	at io.michaelcane.Calculator.&lt;init&gt;(Calculator.java:6)
	at io.michaelcane.Commands.&lt;init&gt;(Commands.java:5)
	at io.michaelcane.Calculator.&lt;init&gt;(Calculator.java:6)
	at io.michaelcane.Commands.&lt;init&gt;(Commands.java:5)
	at io.michaelcane.Calculator.&lt;init&gt;(Calculator.java:6)
	at io.michaelcane.Commands.&lt;init&gt;(Commands.java:5)
	at io.michaelcane.Calculator.&lt;init&gt;(Calculator.java:6)
	at io.michaelcane.Commands.&lt;init&gt;(Commands.java:5)
	at io.michaelcane.Calculator.&lt;init&gt;(Calculator.java:6)
	at io.michaelcane.Commands.&lt;init&gt;(Commands.java:5)
	at io.michaelcane.Calculator.&lt;init&gt;(Calculator.java:6)
	at io.michaelcane.Commands.&lt;init&gt;(Commands.java:5)
	at io.michaelcane.Calculator.&lt;init&gt;(Calculator.java:6)
	at io.michaelcane.Commands.&lt;init&gt;(Commands.java:5)
	at io.michaelcane.Calculator.&lt;init&gt;(Calculator.java:6)
	at io.michaelcane.Commands.&lt;init&gt;(Commands.java:5)
	at io.michaelcane.Calculator.&lt;init&gt;(Calculator.java:6)
	at io.michaelcane.Commands.&lt;init&gt;(Commands.java:5)
	at io.michaelcane.Calculator.&lt;init&gt;(Calculator.java:6)
	at io.michaelcane.Commands.&lt;init&gt;(Commands.java:5)
	at io.michaelcane.Calculator.&lt;init&gt;(Calculator.java:6)
	at io.michaelcane.Commands.&lt;init&gt;(Commands.java:5)
	at io.michaelcane.Calculator.&lt;init&gt;(Calculator.java:6)
	at io.michaelcane.Commands.&lt;init&gt;(Commands.java:5)
	at io.michaelcane.Calculator.&lt;init&gt;(Calculator.java:6)
	at io.michaelcane.Commands.&lt;init&gt;(Commands.java:5)
	at io.michaelcane.Calculator.&lt;init&gt;(Calculator.java:6)
	at io.michaelcane.Commands.&lt;init&gt;(Commands.java:5)
	at io.michaelcane.Calculator.&lt;init&gt;(Calculator.java:6)
	at io.michaelcane.Commands.&lt;init&gt;(Commands.java:5)
	at io.michaelcane.Calculator.&lt;init&gt;(Calculator.java:6)
	at io.michaelcane.Commands.&lt;init&gt;(Commands.java:5)
	at io.michaelcane.Calculator.&lt;init&gt;(Calculator.java:6)
	at io.michaelcane.Commands.&lt;init&gt;(Commands.java:5)
	at io.michaelcane.Calculator.&lt;init&gt;(Calculator.java:6)
	at io.michaelcane.Commands.&lt;init&gt;(Commands.java:5)
	at io.michaelcane.Calculator.&lt;init&gt;(Calculator.java:6)
	at io.michaelcane.Commands.&lt;init&gt;(Commands.java:5)
	at io.michaelcane.Calculator.&lt;init&gt;(Calculator.java:6)
	at io.michaelcane.Commands.&lt;init&gt;(Commands.java:5)
	at io.michaelcane.Calculator.&lt;init&gt;(Calculator.java:6)
	at io.michaelcane.Commands.&lt;init&gt;(Commands.java:5)
	at io.michaelcane.Calculator.&lt;init&gt;(Calculator.java:6)
	at io.michaelcane.Commands.&lt;init&gt;(Commands.java:5)
	at io.michaelcane.Calculator.&lt;init&gt;(Calculator.java:6)
	at io.michaelcane.Commands.&lt;init&gt;(Commands.java:5)
	at io.michaelcane.Calculator.&lt;init&gt;(Calculator.java:6)
	at io.michaelcane.Commands.&lt;init&gt;(Commands.java:5)
	at io.michaelcane.Calculator.&lt;init&gt;(Calculator.java:6)
	at io.michaelcane.Commands.&lt;init&gt;(Commands.java:5)
	at io.michaelcane.Calculator.&lt;init&gt;(Calculator.java:6)
	at io.michaelcane.Commands.&lt;init&gt;(Commands.java:5)
	at io.michaelcane.Calculator.&lt;init&gt;(Calculator.java:6)
	at io.michaelcane.Commands.&lt;init&gt;(Commands.java:5)
	at io.michaelcane.Calculator.&lt;init&gt;(Calculator.java:6)
	at io.michaelcane.Commands.&lt;init&gt;(Commands.java:5)
	at io.michaelcane.Calculator.&lt;init&gt;(Calculator.java:6)
	at io.michaelcane.Commands.&lt;init&gt;(Commands.java:5)
	at io.michaelcane.Calculator.&lt;init&gt;(Calculator.java:6)
	at io.michaelcane.Commands.&lt;init&gt;(Commands.java:5)
	at io.michaelcane.Calculator.&lt;init&gt;(Calculator.java:6)
	at io.michaelcane.Commands.&lt;init&gt;(Commands.java:5)
	at io.michaelcane.Calculator.&lt;init&gt;(Calculator.java:6)
	at io.michaelcane.Commands.&lt;init&gt;(Commands.java:5)
	at io.michaelcane.Calculator.&lt;init&gt;(Calculator.java:6)
	at io.michaelcane.Commands.&lt;init&gt;(Commands.java:5)
	at io.michaelcane.Calculator.&lt;init&gt;(Calculator.java:6)
	at io.michaelcane.Commands.&lt;init&gt;(Commands.java:5)
	at io.michaelcane.Calculator.&lt;init&gt;(Calculator.java:6)
	at io.michaelcane.Commands.&lt;init&gt;(Commands.java:5)
	at io.michaelcane.Calculator.&lt;init&gt;(Calculator.java:6)
	at io.michaelcane.Commands.&lt;init&gt;(Commands.java:5)
	at io.michaelcane.Calculator.&lt;init&gt;(Calculator.java:6)
	at io.michaelcane.Commands.&lt;init&gt;(Commands.java:5)
	at io.michaelcane.Calculator.&lt;init&gt;(Calculator.java:6)
	at io.michaelcane.Commands.&lt;init&gt;(Commands.java:5)
	at io.michaelcane.Calculator.&lt;init&gt;(Calculator.java:6)
	at io.michaelcane.Commands.&lt;init&gt;(Commands.java:5)
	at io.michaelcane.Calculator.&lt;init&gt;(Calculator.java:6)
	at io.michaelcane.Commands.&lt;init&gt;(Commands.java:5)
	at io.michaelcane.Calculator.&lt;init&gt;(Calculator.java:6)
	at io.michaelcane.Commands.&lt;init&gt;(Commands.java:5)
	at io.michaelcane.Calculator.&lt;init&gt;(Calculator.java:6)
	at io.michaelcane.Commands.&lt;init&gt;(Commands.java:5)
	at io.michaelcane.Calculator.&lt;init&gt;(Calculator.java:6)
	at io.michaelcane.Commands.&lt;init&gt;(Commands.java:5)
	at io.michaelcane.Calculator.&lt;init&gt;(Calculator.java:6)
	at io.michaelcane.Commands.&lt;init&gt;(Commands.java:5)
	at io.michaelcane.Calculator.&lt;init&gt;(Calculator.java:6)
	at io.michaelcane.Commands.&lt;init&gt;(Commands.java:5)
	at io.michaelcane.Calculator.&lt;init&gt;(Calculator.java:6)
	at io.michaelcane.Commands.&lt;init&gt;(Commands.java:5)
	at io.michaelcane.Calculator.&lt;init&gt;(Calculator.java:6)
	at io.michaelcane.Commands.&lt;init&gt;(Commands.java:5)
	at io.michaelcane.Calculator.&lt;init&gt;(Calculator.java:6)
	at io.michaelcane.Commands.&lt;init&gt;(Commands.java:5)
	at io.michaelcane.Calculator.&lt;init&gt;(Calculator.java:6)
	at io.michaelcane.Commands.&lt;init&gt;(Commands.java:5)
	at io.michaelcane.Calculator.&lt;init&gt;(Calculator.java:6)
	at io.michaelcane.Commands.&lt;init&gt;(Commands.java:5)
	at io.michaelcane.Calculator.&lt;init&gt;(Calculator.java:6)
	at io.michaelcane.Commands.&lt;init&gt;(Commands.java:5)
	at io.michaelcane.Calculator.&lt;init&gt;(Calculator.java:6)
	at io.michaelcane.Commands.&lt;init&gt;(Commands.java:5)
	at io.michaelcane.Calculator.&lt;init&gt;(Calculator.java:6)
	at io.michaelcane.Commands.&lt;init&gt;(Commands.java:5)
	at io.michaelcane.Calculator.&lt;init&gt;(Calculator.java:6)
	at io.michaelcane.Commands.&lt;init&gt;(Commands.java:5)
	at io.michaelcane.Calculator.&lt;init&gt;(Calculator.java:6)
	at io.michaelcane.Commands.&lt;init&gt;(Commands.java:5)
	at io.michaelcane.Calculator.&lt;init&gt;(Calculator.java:6)
	at io.michaelcane.Commands.&lt;init&gt;(Commands.java:5)
	at io.michaelcane.Calculator.&lt;init&gt;(Calculator.java:6)
	at io.michaelcane.Commands.&lt;init&gt;(Commands.java:5)
	at io.michaelcane.Calculator.&lt;init&gt;(Calculator.java:6)
	at io.michaelcane.Commands.&lt;init&gt;(Commands.java:5)
	at io.michaelcane.Calculator.&lt;init&gt;(Calculator.java:6)
	at io.michaelcane.Commands.&lt;init&gt;(Commands.java:5)
	at io.michaelcane.Calculator.&lt;init&gt;(Calculator.java:6)
	at io.michaelcane.Commands.&lt;init&gt;(Commands.java:5)
	at io.michaelcane.Calculator.&lt;init&gt;(Calculator.java:6)
	at io.michaelcane.Commands.&lt;init&gt;(Commands.java:5)
	at io.michaelcane.Calculator.&lt;init&gt;(Calculator.java:6)
	at io.michaelcane.Commands.&lt;init&gt;(Commands.java:5)
	at io.michaelcane.Calculator.&lt;init&gt;(Calculator.java:6)
	at io.michaelcane.Commands.&lt;init&gt;(Commands.java:5)
	at io.michaelcane.Calculator.&lt;init&gt;(Calculator.java:6)
	at io.michaelcane.Commands.&lt;init&gt;(Commands.java:5)
	at io.michaelcane.Calculator.&lt;init&gt;(Calculator.java:6)
	at io.michaelcane.Commands.&lt;init&gt;(Commands.java:5)
	at io.michaelcane.Calculator.&lt;init&gt;(Calculator.java:6)
	at io.michaelcane.Commands.&lt;init&gt;(Commands.java:5)
	at io.michaelcane.Calculator.&lt;init&gt;(Calculator.java:6)
	at io.michaelcane.Commands.&lt;init&gt;(Commands.java:5)
	at io.michaelcane.Calculator.&lt;init&gt;(Calculator.java:6)
	at io.michaelcane.Commands.&lt;init&gt;(Commands.java:5)
	at io.michaelcane.Calculator.&lt;init&gt;(Calculator.java:6)
	at io.michaelcane.Commands.&lt;init&gt;(Commands.java:5)
	at io.michaelcane.Calculator.&lt;init&gt;(Calculator.java:6)
	at io.michaelcane.Commands.&lt;init&gt;(Commands.java:5)
	at io.michaelcane.Calculator.&lt;init&gt;(Calculator.java:6)
	at io.michaelcane.Commands.&lt;init&gt;(Commands.java:5)
	at io.michaelcane.Calculator.&lt;init&gt;(Calculator.java:6)
	at io.michaelcane.Commands.&lt;init&gt;(Commands.java:5)
	at io.michaelcane.Calculator.&lt;init&gt;(Calculator.java:6)
	at io.michaelcane.Commands.&lt;init&gt;(Commands.java:5)
	at io.michaelcane.Calculator.&lt;init&gt;(Calculator.java:6)
	at io.michaelcane.Commands.&lt;init&gt;(Commands.java:5)
	at io.michaelcane.Calculator.&lt;init&gt;(Calculator.java:6)
	at io.michaelcane.Commands.&lt;init&gt;(Commands.java:5)
	at io.michaelcane.Calculator.&lt;init&gt;(Calculator.java:6)
	at io.michaelcane.Commands.&lt;init&gt;(Commands.java:5)
	at io.michaelcane.Calculator.&lt;init&gt;(Calculator.java:6)
	at io.michaelcane.Commands.&lt;init&gt;(Commands.java:5)
	at io.michaelcane.Calculator.&lt;init&gt;(Calculator.java:6)
	at io.michaelcane.Commands.&lt;init&gt;(Commands.java:5)
	at io.michaelcane.Calculator.&lt;init&gt;(Calculator.java:6)
	at io.michaelcane.Commands.&lt;init&gt;(Commands.java:5)
	at io.michaelcane.Calculator.&lt;init&gt;(Calculator.java:6)
	at io.michaelcane.Commands.&lt;init&gt;(Commands.java:5)
	at io.michaelcane.Calculator.&lt;init&gt;(Calculator.java:6)
	at io.michaelcane.Commands.&lt;init&gt;(Commands.java:5)
	at io.michaelcane.Calculator.&lt;init&gt;(Calculator.java:6)
	at io.michaelcane.Commands.&lt;init&gt;(Commands.java:5)
	at io.michaelcane.Calculator.&lt;init&gt;(Calculator.java:6)
	at io.michaelcane.Commands.&lt;init&gt;(Commands.java:5)
	at io.michaelcane.Calculator.&lt;init&gt;(Calculator.java:6)
	at io.michaelcane.Commands.&lt;init&gt;(Commands.java:5)
	at io.michaelcane.Calculator.&lt;init&gt;(Calculator.java:6)
	at io.michaelcane.Commands.&lt;init&gt;(Commands.java:5)
	at io.michaelcane.Calculator.&lt;init&gt;(Calculator.java:6)
	at io.michaelcane.Commands.&lt;init&gt;(Commands.java:5)
	at io.michaelcane.Calculator.&lt;init&gt;(Calculator.java:6)
	at io.michaelcane.Commands.&lt;init&gt;(Commands.java:5)
	at io.michaelcane.Calculator.&lt;init&gt;(Calculator.java:6)
	at io.michaelcane.Commands.&lt;init&gt;(Commands.java:5)
	at io.michaelcane.Calculator.&lt;init&gt;(Calculator.java:6)
	at io.michaelcane.Commands.&lt;init&gt;(Commands.java:5)
	at io.michaelcane.Calculator.&lt;init&gt;(Calculator.java:6)
	at io.michaelcane.Commands.&lt;init&gt;(Commands.java:5)
	at io.michaelcane.Calculator.&lt;init&gt;(Calculator.java:6)
	at io.michaelcane.Commands.&lt;init&gt;(Commands.java:5)
	at io.michaelcane.Calculator.&lt;init&gt;(Calculator.java:6)
	at io.michaelcane.Commands.&lt;init&gt;(Commands.java:5)
	at io.michaelcane.Calculator.&lt;init&gt;(Calculator.java:6)
	at io.michaelcane.Commands.&lt;init&gt;(Commands.java:5)
	at io.michaelcane.Calculator.&lt;init&gt;(Calculator.java:6)
	at io.michaelcane.Commands.&lt;init&gt;(Commands.java:5)
	at io.michaelcane.Calculator.&lt;init&gt;(Calculator.java:6)
	at io.michaelcane.Commands.&lt;init&gt;(Commands.java:5)
	at io.michaelcane.Calculator.&lt;init&gt;(Calculator.java:6)
	at io.michaelcane.Commands.&lt;init&gt;(Commands.java:5)
	at io.michaelcane.Calculator.&lt;init&gt;(Calculator.java:6)
	at io.michaelcane.Commands.&lt;init&gt;(Commands.java:5)
	at io.michaelcane.Calculator.&lt;init&gt;(Calculator.java:6)
	at io.michaelcane.Commands.&lt;init&gt;(Commands.java:5)
	at io.michaelcane.Calculator.&lt;init&gt;(Calculator.java:6)
	at io.michaelcane.Commands.&lt;init&gt;(Commands.java:5)
	at io.michaelcane.Calculator.&lt;init&gt;(Calculator.java:6)
	at io.michaelcane.Commands.&lt;init&gt;(Commands.java:5)
	at io.michaelcane.Calculator.&lt;init&gt;(Calculator.java:6)
	at io.michaelcane.Commands.&lt;init&gt;(Commands.java:5)
	at io.michaelcane.Calculator.&lt;init&gt;(Calculator.java:6)
	at io.michaelcane.Commands.&lt;init&gt;(Commands.java:5)
	at io.michaelcane.Calculator.&lt;init&gt;(Calculator.java:6)
	at io.michaelcane.Commands.&lt;init&gt;(Commands.java:5)
	at io.michaelcane.Calculator.&lt;init&gt;(Calculator.java:6)
	at io.michaelcane.Commands.&lt;init&gt;(Commands.java:5)
	at io.michaelcane.Calculator.&lt;init&gt;(Calculator.java:6)
	at io.michaelcane.Commands.&lt;init&gt;(Commands.java:5)
	at io.michaelcane.Calculator.&lt;init&gt;(Calculator.java:6)
	at io.michaelcane.Commands.&lt;init&gt;(Commands.java:5)
	at io.michaelcane.Calculator.&lt;init&gt;(Calculator.java:6)
	at io.michaelcane.Commands.&lt;init&gt;(Commands.java:5)
	at io.michaelcane.Calculator.&lt;init&gt;(Calculator.java:6)
	at io.michaelcane.Commands.&lt;init&gt;(Commands.java:5)
	at io.michaelcane.Calculator.&lt;init&gt;(Calculator.java:6)
	at io.michaelcane.Commands.&lt;init&gt;(Commands.java:5)
	at io.michaelcane.Calculator.&lt;init&gt;(Calculator.java:6)
	at io.michaelcane.Commands.&lt;init&gt;(Commands.java:5)
	at io.michaelcane.Calculator.&lt;init&gt;(Calculator.java:6)
	at io.michaelcane.Commands.&lt;init&gt;(Commands.java:5)
	at io.michaelcane.Calculator.&lt;init&gt;(Calculator.java:6)
	at io.michaelcane.Commands.&lt;init&gt;(Commands.java:5)
	at io.michaelcane.Calculator.&lt;init&gt;(Calculator.java:6)
	at io.michaelcane.Commands.&lt;init&gt;(Commands.java:5)
	at io.michaelcane.Calculator.&lt;init&gt;(Calculator.java:6)
	at io.michaelcane.Commands.&lt;init&gt;(Commands.java:5)
	at io.michaelcane.Calculator.&lt;init&gt;(Calculator.java:6)
	at io.michaelcane.Commands.&lt;init&gt;(Commands.java:5)
	at io.michaelcane.Calculator.&lt;init&gt;(Calculator.java:6)
	at io.michaelcane.Commands.&lt;init&gt;(Commands.java:5)
	at io.michaelcane.Calculator.&lt;init&gt;(Calculator.java:6)
	at io.michaelcane.Commands.&lt;init&gt;(Commands.java:5)
	at io.michaelcane.Calculator.&lt;init&gt;(Calculator.java:6)
	at io.michaelcane.Commands.&lt;init&gt;(Commands.java:5)
	at io.michaelcane.Calculator.&lt;init&gt;(Calculator.java:6)
	at io.michaelcane.Commands.&lt;init&gt;(Commands.java:5)
	at io.michaelcane.Calculator.&lt;init&gt;(Calculator.java:6)
	at io.michaelcane.Commands.&lt;init&gt;(Commands.java:5)
	at io.michaelcane.Calculator.&lt;init&gt;(Calculator.java:6)
	at io.michaelcane.Commands.&lt;init&gt;(Commands.java:5)
	at io.michaelcane.Calculator.&lt;init&gt;(Calculator.java:6)
	at io.michaelcane.Commands.&lt;init&gt;(Commands.java:5)
	at io.michaelcane.Calculator.&lt;init&gt;(Calculator.java:6)
	at io.michaelcane.Commands.&lt;init&gt;(Commands.java:5)
	at io.michaelcane.Calculator.&lt;init&gt;(Calculator.java:6)
	at io.michaelcane.Commands.&lt;init&gt;(Commands.java:5)
	at io.michaelcane.Calculator.&lt;init&gt;(Calculator.java:6)
	at io.michaelcane.Commands.&lt;init&gt;(Commands.java:5)
	at io.michaelcane.Calculator.&lt;init&gt;(Calculator.java:6)
	at io.michaelcane.Commands.&lt;init&gt;(Commands.java:5)
	at io.michaelcane.Calculator.&lt;init&gt;(Calculator.java:6)
	at io.michaelcane.Commands.&lt;init&gt;(Commands.java:5)
	at io.michaelcane.Calculator.&lt;init&gt;(Calculator.java:6)
	at io.michaelcane.Commands.&lt;init&gt;(Commands.java:5)
	at io.michaelcane.Calculator.&lt;init&gt;(Calculator.java:6)
	at io.michaelcane.Commands.&lt;init&gt;(Commands.java:5)
	at io.michaelcane.Calculator.&lt;init&gt;(Calculator.java:6)
	at io.michaelcane.Commands.&lt;init&gt;(Commands.java:5)
	at io.michaelcane.Calculator.&lt;init&gt;(Calculator.java:6)
	at io.michaelcane.Commands.&lt;init&gt;(Commands.java:5)
	at io.michaelcane.Calculator.&lt;init&gt;(Calculator.java:6)
	at io.michaelcane.Commands.&lt;init&gt;(Commands.java:5)
	at io.michaelcane.Calculator.&lt;init&gt;(Calculator.java:6)
	at io.michaelcane.Commands.&lt;init&gt;(Commands.java:5)
	at io.michaelcane.Calculator.&lt;init&gt;(Calculator.java:6)
	at io.michaelcane.Commands.&lt;init&gt;(Commands.java:5)
	at io.michaelcane.Calculator.&lt;init&gt;(Calculator.java:6)
	at io.michaelcane.Commands.&lt;init&gt;(Commands.java:5)
	at io.michaelcane.Calculator.&lt;init&gt;(Calculator.java:6)
	at io.michaelcane.Commands.&lt;init&gt;(Commands.java:5)
	at io.michaelcane.Calculator.&lt;init&gt;(Calculator.java:6)
	at io.michaelcane.Commands.&lt;init&gt;(Commands.java:5)
	at io.michaelcane.Calculator.&lt;init&gt;(Calculator.java:6)
	at io.michaelcane.Commands.&lt;init&gt;(Commands.java:5)
	at io.michaelcane.Calculator.&lt;init&gt;(Calculator.java:6)
	at io.michaelcane.Commands.&lt;init&gt;(Commands.java:5)
	at io.michaelcane.Calculator.&lt;init&gt;(Calculator.java:6)
	at io.michaelcane.Commands.&lt;init&gt;(Commands.java:5)
	at io.michaelcane.Calculator.&lt;init&gt;(Calculator.java:6)
	at io.michaelcane.Commands.&lt;init&gt;(Commands.java:5)
	at io.michaelcane.Calculator.&lt;init&gt;(Calculator.java:6)
	at io.michaelcane.Commands.&lt;init&gt;(Commands.java:5)
	at io.michaelcane.Calculator.&lt;init&gt;(Calculator.java:6)
	at io.michaelcane.Commands.&lt;init&gt;(Commands.java:5)
	at io.michaelcane.Calculator.&lt;init&gt;(Calculator.java:6)
	at io.michaelcane.Commands.&lt;init&gt;(Commands.java:5)
	at io.michaelcane.Calculator.&lt;init&gt;(Calculator.java:6)
	at io.michaelcane.Commands.&lt;init&gt;(Commands.java:5)
	at io.michaelcane.Calculator.&lt;init&gt;(Calculator.java:6)
	at io.michaelcane.Commands.&lt;init&gt;(Commands.java:5)
	at io.michaelcane.Calculator.&lt;init&gt;(Calculator.java:6)
	at io.michaelcane.Commands.&lt;init&gt;(Commands.java:5)
	at io.michaelcane.Calculator.&lt;init&gt;(Calculator.java:6)
	at io.michaelcane.Commands.&lt;init&gt;(Commands.java:5)
	at io.michaelcane.Calculator.&lt;init&gt;(Calculator.java:6)
	at io.michaelcane.Commands.&lt;init&gt;(Commands.java:5)
	at io.michaelcane.Calculator.&lt;init&gt;(Calculator.java:6)
	at io.michaelcane.Commands.&lt;init&gt;(Commands.java:5)
	at io.michaelcane.Calculator.&lt;init&gt;(Calculator.java:6)
	at io.michaelcane.Commands.&lt;init&gt;(Commands.java:5)
	at io.michaelcane.Calculator.&lt;init&gt;(Calculator.java:6)
	at io.michaelcane.Commands.&lt;init&gt;(Commands.java:5)
	at io.michaelcane.Calculator.&lt;init&gt;(Calculator.java:6)
	at io.michaelcane.Commands.&lt;init&gt;(Commands.java:5)
	at io.michaelcane.Calculator.&lt;init&gt;(Calculator.java:6)
	at io.michaelcane.Commands.&lt;init&gt;(Commands.java:5)
	at io.michaelcane.Calculator.&lt;init&gt;(Calculator.java:6)
	at io.michaelcane.Commands.&lt;init&gt;(Commands.java:5)
	at io.michaelcane.Calculator.&lt;init&gt;(Calculator.java:6)
	at io.michaelcane.Commands.&lt;init&gt;(Commands.java:5)
	at io.michaelcane.Calculator.&lt;init&gt;(Calculator.java:6)
	at io.michaelcane.Commands.&lt;init&gt;(Commands.java:5)
	at io.michaelcane.Calculator.&lt;init&gt;(Calculator.java:6)
	at io.michaelcane.Commands.&lt;init&gt;(Commands.java:5)
	at io.michaelcane.Calculator.&lt;init&gt;(Calculator.java:6)
	at io.michaelcane.Commands.&lt;init&gt;(Commands.java:5)
	at io.michaelcane.Calculator.&lt;init&gt;(Calculator.java:6)
	at io.michaelcane.Commands.&lt;init&gt;(Commands.java:5)
	at io.michaelcane.Calculator.&lt;init&gt;(Calculator.java:6)
	at io.michaelcane.Commands.&lt;init&gt;(Commands.java:5)
	at io.michaelcane.Calculator.&lt;init&gt;(Calculator.java:6)
	at io.michaelcane.Commands.&lt;init&gt;(Commands.java:5)
	at io.michaelcane.Calculator.&lt;init&gt;(Calculator.java:6)
	at io.michaelcane.Commands.&lt;init&gt;(Commands.java:5)
	at io.michaelcane.Calculator.&lt;init&gt;(Calculator.java:6)
	at io.michaelcane.Commands.&lt;init&gt;(Commands.java:5)
	at io.michaelcane.Calculator.&lt;init&gt;(Calculator.java:6)
	at io.michaelcane.Commands.&lt;init&gt;(Commands.java:5)
	at io.michaelcane.Calculator.&lt;init&gt;(Calculator.java:6)
	at io.michaelcane.Commands.&lt;init&gt;(Commands.java:5)
	at io.michaelcane.Calculator.&lt;init&gt;(Calculator.java:6)
	at io.michaelcane.Commands.&lt;init&gt;(Commands.java:5)
	at io.michaelcane.Calculator.&lt;init&gt;(Calculator.java:6)
	at io.michaelcane.Commands.&lt;init&gt;(Commands.java:5)
	at io.michaelcane.Calculator.&lt;init&gt;(Calculator.java:6)
	at io.michaelcane.Commands.&lt;init&gt;(Commands.java:5)
	at io.michaelcane.Calculator.&lt;init&gt;(Calculator.java:6)
	at io.michaelcane.Commands.&lt;init&gt;(Commands.java:5)
	at io.michaelcane.Calculator.&lt;init&gt;(Calculator.java:6)
	at io.michaelcane.Commands.&lt;init&gt;(Commands.java:5)
	at io.michaelcane.Calculator.&lt;init&gt;(Calculator.java:6)
	at io.michaelcane.Commands.&lt;init&gt;(Commands.java:5)
	at io.michaelcane.Calculator.&lt;init&gt;(Calculator.java:6)
	at io.michaelcane.Commands.&lt;init&gt;(Commands.java:5)
	at io.michaelcane.Calculator.&lt;init&gt;(Calculator.java:6)
	at io.michaelcane.Commands.&lt;init&gt;(Commands.java:5)
	at io.michaelcane.Calculator.&lt;init&gt;(Calculator.java:6)
	at io.michaelcane.Commands.&lt;init&gt;(Commands.java:5)
	at io.michaelcane.Calculator.&lt;init&gt;(Calculator.java:6)
	at io.michaelcane.Commands.&lt;init&gt;(Commands.java:5)
	at io.michaelcane.Calculator.&lt;init&gt;(Calculator.java:6)
	at io.michaelcane.Commands.&lt;init&gt;(Commands.java:5)
	at io.michaelcane.Calculator.&lt;init&gt;(Calculator.java:6)
	at io.michaelcane.Commands.&lt;init&gt;(Commands.java:5)
	at io.michaelcane.Calculator.&lt;init&gt;(Calculator.java:6)
	at io.michaelcane.Commands.&lt;init&gt;(Commands.java:5)
	at io.michaelcane.Calculator.&lt;init&gt;(Calculator.java:6)
	at io.michaelcane.Commands.&lt;init&gt;(Commands.java:5)
	at io.michaelcane.Calculator.&lt;init&gt;(Calculator.java:6)
	at io.michaelcane.Commands.&lt;init&gt;(Commands.java:5)
	at io.michaelcane.Calculator.&lt;init&gt;(Calculator.java:6)
	at io.michaelcane.Commands.&lt;init&gt;(Commands.java:5)
	at io.michaelcane.Calculator.&lt;init&gt;(Calculator.java:6)
	at io.michaelcane.Commands.&lt;init&gt;(Commands.java:5)
	at io.michaelcane.Calculator.&lt;init&gt;(Calculator.java:6)
	at io.michaelcane.Commands.&lt;init&gt;(Commands.java:5)
	at io.michaelcane.Calculator.&lt;init&gt;(Calculator.java:6)
	at io.michaelcane.Commands.&lt;init&gt;(Commands.java:5)
	at io.michaelcane.Calculator.&lt;init&gt;(Calculator.java:6)
	at io.michaelcane.Commands.&lt;init&gt;(Commands.java:5)
	at io.michaelcane.Calculator.&lt;init&gt;(Calculator.java:6)
	at io.michaelcane.Commands.&lt;init&gt;(Commands.java:5)
	at io.michaelcane.Calculator.&lt;init&gt;(Calculator.java:6)
	at io.michaelcane.Commands.&lt;init&gt;(Commands.java:5)
	at io.michaelcane.Calculator.&lt;init&gt;(Calculator.java:6)
	at io.michaelcane.Commands.&lt;init&gt;(Commands.java:5)
	at io.michaelcane.Calculator.&lt;init&gt;(Calculator.java:6)
	at io.michaelcane.Commands.&lt;init&gt;(Commands.java:5)
	at io.michaelcane.Calculator.&lt;init&gt;(Calculator.java:6)
	at io.michaelcane.Commands.&lt;init&gt;(Commands.java:5)
	at io.michaelcane.Calculator.&lt;init&gt;(Calculator.java:6)
	at io.michaelcane.Commands.&lt;init&gt;(Commands.java:5)
	at io.michaelcane.Calculator.&lt;init&gt;(Calculator.java:6)
	at io.michaelcane.Commands.&lt;init&gt;(Commands.java:5)
	at io.michaelcane.Calculator.&lt;init&gt;(Calculator.java:6)
	at io.michaelcane.Commands.&lt;init&gt;(Commands.java:5)
	at io.michaelcane.Calculator.&lt;init&gt;(Calculator.java:6)
	at io.michaelcane.Commands.&lt;init&gt;(Commands.java:5)
	at io.michaelcane.Calculator.&lt;init&gt;(Calculator.java:6)
	at io.michaelcane.Commands.&lt;init&gt;(Commands.java:5)
	at io.michaelcane.Calculator.&lt;init&gt;(Calculator.java:6)
	at io.michaelcane.Commands.&lt;init&gt;(Commands.java:5)
	at io.michaelcane.Calculator.&lt;init&gt;(Calculator.java:6)
	at io.michaelcane.Commands.&lt;init&gt;(Commands.java:5)
	at io.michaelcane.Calculator.&lt;init&gt;(Calculator.java:6)
	at io.michaelcane.Commands.&lt;init&gt;(Commands.java:5)
	at io.michaelcane.Calculator.&lt;init&gt;(Calculator.java:6)
	at io.michaelcane.Commands.&lt;init&gt;(Commands.java:5)
	at io.michaelcane.Calculator.&lt;init&gt;(Calculator.java:6)
	at io.michaelcane.Commands.&lt;init&gt;(Commands.java:5)
	at io.michaelcane.Calculator.&lt;init&gt;(Calculator.java:6)
	at io.michaelcane.Commands.&lt;init&gt;(Commands.java:5)
	at io.michaelcane.Calculator.&lt;init&gt;(Calculator.java:6)
	at io.michaelcane.Commands.&lt;init&gt;(Commands.java:5)
	at io.michaelcane.Calculator.&lt;init&gt;(Calculator.java:6)
	at io.michaelcane.Commands.&lt;init&gt;(Commands.java:5)
	at io.michaelcane.Calculator.&lt;init&gt;(Calculator.java:6)
	at io.michaelcane.Commands.&lt;init&gt;(Commands.java:5)
	at io.michaelcane.Calculator.&lt;init&gt;(Calculator.java:6)
	at io.michaelcane.Commands.&lt;init&gt;(Commands.java:5)
	at io.michaelcane.Calculator.&lt;init&gt;(Calculator.java:6)
	at io.michaelcane.Commands.&lt;init&gt;(Commands.java:5)
	at io.michaelcane.Calculator.&lt;init&gt;(Calculator.java:6)
	at io.michaelcane.Commands.&lt;init&gt;(Commands.java:5)
	at io.michaelcane.Calculator.&lt;init&gt;(Calculator.java:6)
	at io.michaelcane.Commands.&lt;init&gt;(Commands.java:5)
	at io.michaelcane.Calculator.&lt;init&gt;(Calculator.java:6)
	at io.michaelcane.Commands.&lt;init&gt;(Commands.java:5)
	at io.michaelcane.Calculator.&lt;init&gt;(Calculator.java:6)
	at io.michaelcane.Commands.&lt;init&gt;(Commands.java:5)
	at io.michaelcane.Calculator.&lt;init&gt;(Calculator.java:6)
	at io.michaelcane.Commands.&lt;init&gt;(Commands.java:5)
	at io.michaelcane.Calculator.&lt;init&gt;(Calculator.java:6)
	at io.michaelcane.Commands.&lt;init&gt;(Commands.java:5)
	at io.michaelcane.Calculator.&lt;init&gt;(Calculator.java:6)
	at io.michaelcane.Commands.&lt;init&gt;(Commands.java:5)
	at io.michaelcane.Calculator.&lt;init&gt;(Calculator.java:6)
	at io.michaelcane.Commands.&lt;init&gt;(Commands.java:5)
	at io.michaelcane.Calculator.&lt;init&gt;(Calculator.java:6)
	at io.michaelcane.Commands.&lt;init&gt;(Commands.java:5)
	at io.michaelcane.Calculator.&lt;init&gt;(Calculator.java:6)
	at io.michaelcane.Commands.&lt;init&gt;(Commands.java:5)
	at io.michaelcane.Calculator.&lt;init&gt;(Calculator.java:6)
	at io.michaelcane.Commands.&lt;init&gt;(Commands.java:5)
	at io.michaelcane.Calculator.&lt;init&gt;(Calculator.java:6)
	at io.michaelcane.Commands.&lt;init&gt;(Commands.java:5)
	at io.michaelcane.Calculator.&lt;init&gt;(Calculator.java:6)
	at io.michaelcane.Commands.&lt;init&gt;(Commands.java:5)
	at io.michaelcane.Calculator.&lt;init&gt;(Calculator.java:6)
	at io.michaelcane.Commands.&lt;init&gt;(Commands.java:5)
	at io.michaelcane.Calculator.&lt;init&gt;(Calculator.java:6)
	at io.michaelcane.Commands.&lt;init&gt;(Commands.java:5)
	at io.michaelcane.Calculator.&lt;init&gt;(Calculator.java:6)
	at io.michaelcane.Commands.&lt;init&gt;(Commands.java:5)
	at io.michaelcane.Calculator.&lt;init&gt;(Calculator.java:6)
	at io.michaelcane.Commands.&lt;init&gt;(Commands.java:5)
	at io.michaelcane.Calculator.&lt;init&gt;(Calculator.java:6)
	at io.michaelcane.Commands.&lt;init&gt;(Commands.java:5)
	at io.michaelcane.Calculator.&lt;init&gt;(Calculator.java:6)
	at io.michaelcane.Commands.&lt;init&gt;(Commands.java:5)
	at io.michaelcane.Calculator.&lt;init&gt;(Calculator.java:6)
	at io.michaelcane.Commands.&lt;init&gt;(Commands.java:5)
	at io.michaelcane.Calculator.&lt;init&gt;(Calculator.java:6)
	at io.michaelcane.Commands.&lt;init&gt;(Commands.java:5)
	at io.michaelcane.Calculator.&lt;init&gt;(Calculator.java:6)
	at io.michaelcane.Commands.&lt;init&gt;(Commands.java:5)
	at io.michaelcane.Calculator.&lt;init&gt;(Calculator.java:6)
	at io.michaelcane.Commands.&lt;init&gt;(Commands.java:5)
	at io.michaelcane.Calculator.&lt;init&gt;(Calculator.java:6)
	at io.michaelcane.Commands.&lt;init&gt;(Commands.java:5)
	at io.michaelcane.Calculator.&lt;init&gt;(Calculator.java:6)
	at io.michaelcane.Commands.&lt;init&gt;(Commands.java:5)
	at io.michaelcane.Calculator.&lt;init&gt;(Calculator.java:6)
	at io.michaelcane.Commands.&lt;init&gt;(Commands.java:5)
	at io.michaelcane.Calculator.&lt;init&gt;(Calculator.java:6)
	at io.michaelcane.Commands.&lt;init&gt;(Commands.java:5)
	at io.michaelcane.Calculator.&lt;init&gt;(Calculator.java:6)
	at io.michaelcane.Commands.&lt;init&gt;(Commands.java:5)
	at io.michaelcane.Calculator.&lt;init&gt;(Calculator.java:6)
	at io.michaelcane.Commands.&lt;init&gt;(Commands.java:5)
	at io.michaelcane.Calculator.&lt;init&gt;(Calculator.java:6)
	at io.michaelcane.Commands.&lt;init&gt;(Commands.java:5)
	at io.michaelcane.Calculator.&lt;init&gt;(Calculator.java:6)
	at io.michaelcane.Commands.&lt;init&gt;(Commands.java:5)
	at io.michaelcane.Calculator.&lt;init&gt;(Calculator.java:6)
	at io.michaelcane.Commands.&lt;init&gt;(Commands.java:5)
	at io.michaelcane.Calculator.&lt;init&gt;(Calculator.java:6)
	at io.michaelcane.Commands.&lt;init&gt;(Commands.java:5)
	at io.michaelcane.Calculator.&lt;init&gt;(Calculator.java:6)
	at io.michaelcane.Commands.&lt;init&gt;(Commands.java:5)
	at io.michaelcane.Calculator.&lt;init&gt;(Calculator.java:6)
	at io.michaelcane.Commands.&lt;init&gt;(Commands.java:5)
	at io.michaelcane.Calculator.&lt;init&gt;(Calculator.java:6)
	at io.michaelcane.Commands.&lt;init&gt;(Commands.java:5)
	at io.michaelcane.Calculator.&lt;init&gt;(Calculator.java:6)
	at io.michaelcane.Commands.&lt;init&gt;(Commands.java:5)
	at io.michaelcane.Calculator.&lt;init&gt;(Calculator.java:6)
	at io.michaelcane.Commands.&lt;init&gt;(Commands.java:5)
	at io.michaelcane.Calculator.&lt;init&gt;(Calculator.java:6)
	at io.michaelcane.Commands.&lt;init&gt;(Commands.java:5)
	at io.michaelcane.Calculator.&lt;init&gt;(Calculator.java:6)
	at io.michaelcane.Commands.&lt;init&gt;(Commands.java:5)
	at io.michaelcane.Calculator.&lt;init&gt;(Calculator.java:6)
	at io.michaelcane.Commands.&lt;init&gt;(Commands.java:5)
	at io.michaelcane.Calculator.&lt;init&gt;(Calculator.java:6)
	at io.michaelcane.Commands.&lt;init&gt;(Commands.java:5)
	at io.michaelcane.Calculator.&lt;init&gt;(Calculator.java:6)
	at io.michaelcane.Commands.&lt;init&gt;(Commands.java:5)
	at io.michaelcane.Calculator.&lt;init&gt;(Calculator.java:6)
	at io.michaelcane.Commands.&lt;init&gt;(Commands.java:5)
	at io.michaelcane.Calculator.&lt;init&gt;(Calculator.java:6)
	at io.michaelcane.Commands.&lt;init&gt;(Commands.java:5)
	at io.michaelcane.Calculator.&lt;init&gt;(Calculator.java:6)
	at io.michaelcane.Commands.&lt;init&gt;(Commands.java:5)
	at io.michaelcane.Calculator.&lt;init&gt;(Calculator.java:6)
	at io.michaelcane.Commands.&lt;init&gt;(Commands.java:5)
	at io.michaelcane.Calculator.&lt;init&gt;(Calculator.java:6)
	at io.michaelcane.Commands.&lt;init&gt;(Commands.java:5)
	at io.michaelcane.Calculator.&lt;init&gt;(Calculator.java:6)
	at io.michaelcane.Commands.&lt;init&gt;(Commands.java:5)
	at io.michaelcane.Calculator.&lt;init&gt;(Calculator.java:6)
	at io.michaelcane.Commands.&lt;init&gt;(Commands.java:5)
	at io.michaelcane.Calculator.&lt;init&gt;(Calculator.java:6)
	at io.michaelcane.Commands.&lt;init&gt;(Commands.java:5)
	at io.michaelcane.Calculator.&lt;init&gt;(Calculator.java:6)
	at io.michaelcane.Commands.&lt;init&gt;(Commands.java:5)
	at io.michaelcane.Calculator.&lt;init&gt;(Calculator.java:6)
	at io.michaelcane.Commands.&lt;init&gt;(Commands.java:5)
	at io.michaelcane.Calculator.&lt;init&gt;(Calculator.java:6)
	at io.michaelcane.Commands.&lt;init&gt;(Commands.java:5)
	at io.michaelcane.Calculator.&lt;init&gt;(Calculator.java:6)
	at io.michaelcane.Commands.&lt;init&gt;(Commands.java:5)
	at io.michaelcane.Calculator.&lt;init&gt;(Calculator.java:6)
	at io.michaelcane.Commands.&lt;init&gt;(Commands.java:5)
	at io.michaelcane.Calculator.&lt;init&gt;(Calculator.java:6)
	at io.michaelcane.Commands.&lt;init&gt;(Commands.java:5)
	at io.michaelcane.Calculator.&lt;init&gt;(Calculator.java:6)
	at io.michaelcane.Commands.&lt;init&gt;(Commands.java:5)
	at io.michaelcane.Calculator.&lt;init&gt;(Calculator.java:6)
	at io.michaelcane.Commands.&lt;init&gt;(Commands.java:5)
	at io.michaelcane.Calculator.&lt;init&gt;(Calculator.java:6)
	at io.michaelcane.Commands.&lt;init&gt;(Commands.java:5)
	at io.michaelcane.Calculator.&lt;init&gt;(Calculator.java:6)
	at io.michaelcane.Commands.&lt;init&gt;(Commands.java:5)
	at io.michaelcane.Calculator.&lt;init&gt;(Calculator.java:6)
	at io.michaelcane.Commands.&lt;init&gt;(Commands.java:5)
	at io.michaelcane.Calculator.&lt;init&gt;(Calculator.java:6)
	at io.michaelcane.Commands.&lt;init&gt;(Commands.java:5)
	at io.michaelcane.Calculator.&lt;init&gt;(Calculator.java:6)
	at io.michaelcane.Commands.&lt;init&gt;(Commands.java:5)
	at io.michaelcane.Calculator.&lt;init&gt;(Calculator.java:6)
	at io.michaelcane.Commands.&lt;init&gt;(Commands.java:5)
	at io.michaelcane.Calculator.&lt;init&gt;(Calculator.java:6)
	at io.michaelcane.Commands.&lt;init&gt;(Commands.java:5)
	at io.michaelcane.Calculator.&lt;init&gt;(Calculator.java:6)
	at io.michaelcane.Commands.&lt;init&gt;(Commands.java:5)
	at io.michaelcane.Calculator.&lt;init&gt;(Calculator.java:6)
	at io.michaelcane.Commands.&lt;init&gt;(Commands.java:5)
	at io.michaelcane.Calculator.&lt;init&gt;(Calculator.java:6)
	at io.michaelcane.Commands.&lt;init&gt;(Commands.java:5)
	at io.michaelcane.Calculator.&lt;init&gt;(Calculator.java:6)
	at io.michaelcane.Commands.&lt;init&gt;(Commands.java:5)
	at io.michaelcane.Calculator.&lt;init&gt;(Calculator.java:6)
	at io.michaelcane.Commands.&lt;init&gt;(Commands.java:5)
	at io.michaelcane.Calculator.&lt;init&gt;(Calculator.java:6)
	at io.michaelcane.Commands.&lt;init&gt;(Commands.java:5)
	at io.michaelcane.Calculator.&lt;init&gt;(Calculator.java:6)
	at io.michaelcane.Commands.&lt;init&gt;(Commands.java:5)
	at io.michaelcane.Calculator.&lt;init&gt;(Calculator.java:6)
	at io.michaelcane.Commands.&lt;init&gt;(Commands.java:5)
	at io.michaelcane.Calculator.&lt;init&gt;(Calculator.java:6)
	at io.michaelcane.Commands.&lt;init&gt;(Commands.java:5)
	at io.michaelcane.Calculator.&lt;init&gt;(Calculator.java:6)
	at io.michaelcane.Commands.&lt;init&gt;(Commands.java:5)
	at io.michaelcane.Calculator.&lt;init&gt;(Calculator.java:6)
	at io.michaelcane.Commands.&lt;init&gt;(Commands.java:5)
	at io.michaelcane.Calculator.&lt;init&gt;(Calculator.java:6)
	at io.michaelcane.Commands.&lt;init&gt;(Commands.java:5)
	at io.michaelcane.Calculator.&lt;init&gt;(Calculator.java:6)
	at io.michaelcane.Commands.&lt;init&gt;(Commands.java:5)
	at io.michaelcane.Calculator.&lt;init&gt;(Calculator.java:6)
	at io.michaelcane.Commands.&lt;init&gt;(Commands.java:5)
	at io.michaelcane.Calculator.&lt;init&gt;(Calculator.java:6)
	at io.michaelcane.Commands.&lt;init&gt;(Commands.java:5)
	at io.michaelcane.Calculator.&lt;init&gt;(Calculator.java:6)
	at io.michaelcane.Commands.&lt;init&gt;(Commands.java:5)
	at io.michaelcane.Calculator.&lt;init&gt;(Calculator.java:6)
	at io.michaelcane.Commands.&lt;init&gt;(Commands.java:5)
	at io.michaelcane.Calculator.&lt;init&gt;(Calculator.java:6)
	at io.michaelcane.Commands.&lt;init&gt;(Commands.java:5)
	at io.michaelcane.Calculator.&lt;init&gt;(Calculator.java:6)
	at io.michaelcane.Commands.&lt;init&gt;(Commands.java:5)
	at io.michaelcane.Calculator.&lt;init&gt;(Calculator.java:6)
	at io.michaelcane.Commands.&lt;init&gt;(Commands.java:5)
	at io.michaelcane.Calculator.&lt;init&gt;(Calculator.java:6)
	at io.michaelcane.Commands.&lt;init&gt;(Commands.java:5)
	at io.michaelcane.Calculator.&lt;init&gt;(Calculator.java:6)
	at io.michaelcane.Commands.&lt;init&gt;(Commands.java:5)
	at io.michaelcane.Calculator.&lt;init&gt;(Calculator.java:6)
	at io.michaelcane.Commands.&lt;init&gt;(Commands.java:5)
	at io.michaelcane.Calculator.&lt;init&gt;(Calculator.java:6)
	at io.michaelcane.Commands.&lt;init&gt;(Commands.java:5)
	at io.michaelcane.Calculator.&lt;init&gt;(Calculator.java:6)
	at io.michaelcane.Commands.&lt;init&gt;(Commands.java:5)
	at io.michaelcane.Calculator.&lt;init&gt;(Calculator.java:6)
	at io.michaelcane.Commands.&lt;init&gt;(Commands.java:5)
	at io.michaelcane.Calculator.&lt;init&gt;(Calculator.java:6)
	at io.michaelcane.Commands.&lt;init&gt;(Commands.java:5)
	at io.michaelcane.Calculator.&lt;init&gt;(Calculator.java:6)
	at io.michaelcane.Commands.&lt;init&gt;(Commands.java:5)
	at io.michaelcane.Calculator.&lt;init&gt;(Calculator.java:6)
	at io.michaelcane.Commands.&lt;init&gt;(Commands.java:5)
	at io.michaelcane.Calculator.&lt;init&gt;(Calculator.java:6)
	at io.michaelcane.Commands.&lt;init&gt;(Commands.java:5)
	at io.michaelcane.Calculator.&lt;init&gt;(Calculator.java:6)
	at io.michaelcane.Commands.&lt;init&gt;(Commands.java:5)
	at io.michaelcane.Calculator.&lt;init&gt;(Calculator.java:6)
	at io.michaelcane.Commands.&lt;init&gt;(Commands.java:5)
	at io.michaelcane.Calculator.&lt;init&gt;(Calculator.java:6)
	at io.michaelcane.Commands.&lt;init&gt;(Commands.java:5)
	at io.michaelcane.Calculator.&lt;init&gt;(Calculator.java:6)
	at io.michaelcane.Commands.&lt;init&gt;(Commands.java:5)
	at io.michaelcane.Calculator.&lt;init&gt;(Calculator.java:6)
	at io.michaelcane.Commands.&lt;init&gt;(Commands.java:5)
	at io.michaelcane.Calculator.&lt;init&gt;(Calculator.java:6)
	at io.michaelcane.Commands.&lt;init&gt;(Commands.java:5)
	at io.michaelcane.Calculator.&lt;init&gt;(Calculator.java:6)
	at io.michaelcane.Commands.&lt;init&gt;(Commands.java:5)
	at io.michaelcane.Calculator.&lt;init&gt;(Calculator.java:6)
	at io.michaelcane.Commands.&lt;init&gt;(Commands.java:5)
	at io.michaelcane.Calculator.&lt;init&gt;(Calculator.java:6)
	at io.michaelcane.Commands.&lt;init&gt;(Commands.java:5)
	at io.michaelcane.Calculator.&lt;init&gt;(Calculator.java:6)
	at io.michaelcane.Commands.&lt;init&gt;(Commands.java:5)
	at io.michaelcane.Calculator.&lt;init&gt;(Calculator.java:6)
	at io.michaelcane.Commands.&lt;init&gt;(Commands.java:5)
	at io.michaelcane.Calculator.&lt;init&gt;(Calculator.java:6)
	at io.michaelcane.Commands.&lt;init&gt;(Commands.java:5)
	at io.michaelcane.Calculator.&lt;init&gt;(Calculator.java:6)
	at io.michaelcane.Commands.&lt;init&gt;(Commands.java:5)
	at io.michaelcane.Calculator.&lt;init&gt;(Calculator.java:6)
	at io.michaelcane.Commands.&lt;init&gt;(Commands.java:5)
	at io.michaelcane.Calculator.&lt;init&gt;(Calculator.java:6)
	at io.michaelcane.Commands.&lt;init&gt;(Commands.java:5)
	at io.michaelcane.Calculator.&lt;init&gt;(Calculator.java:6)
	at io.michaelcane.Commands.&lt;init&gt;(Commands.java:5)
	at io.michaelcane.Calculator.&lt;init&gt;(Calculator.java:6)
	at io.michaelcane.Commands.&lt;init&gt;(Commands.java:5)
	at io.michaelcane.Calculator.&lt;init&gt;(Calculator.java:6)
	at io.michaelcane.Commands.&lt;init&gt;(Commands.java:5)
	at io.michaelcane.Calculator.&lt;init&gt;(Calculator.java:6)
	at io.michaelcane.Commands.&lt;init&gt;(Commands.java:5)
	at io.michaelcane.Calculator.&lt;init&gt;(Calculator.java:6)
	at io.michaelcane.Commands.&lt;init&gt;(Commands.java:5)
	at io.michaelcane.Calculator.&lt;init&gt;(Calculator.java:6)
	at io.michaelcane.Commands.&lt;init&gt;(Commands.java:5)
	at io.michaelcane.Calculator.&lt;init&gt;(Calculator.java:6)
	at io.michaelcane.Commands.&lt;init&gt;(Commands.java:5)
	at io.michaelcane.Calculator.&lt;init&gt;(Calculator.java:6)
	at io.michaelcane.Commands.&lt;init&gt;(Commands.java:5)
	at io.michaelcane.Calculator.&lt;init&gt;(Calculator.java:6)
	at io.michaelcane.Commands.&lt;init&gt;(Commands.java:5)
	at io.michaelcane.Calculator.&lt;init&gt;(Calculator.java:6)
	at io.michaelcane.Commands.&lt;init&gt;(Commands.java:5)
	at io.michaelcane.Calculator.&lt;init&gt;(Calculator.java:6)
	at io.michaelcane.Commands.&lt;init&gt;(Commands.java:5)
	at io.michaelcane.Calculator.&lt;init&gt;(Calculator.java:6)
	at io.michaelcane.Commands.&lt;init&gt;(Commands.java:5)
	at io.michaelcane.Calculator.&lt;init&gt;(Calculator.java:6)
	at io.michaelcane.Commands.&lt;init&gt;(Commands.java:5)
	at io.michaelcane.Calculator.&lt;init&gt;(Calculator.java:6)
	at io.michaelcane.Commands.&lt;init&gt;(Commands.java:5)
	at io.michaelcane.Calculator.&lt;init&gt;(Calculator.java:6)
	at io.michaelcane.Commands.&lt;init&gt;(Commands.java:5)
	at io.michaelcane.Calculator.&lt;init&gt;(Calculator.java:6)
	at io.michaelcane.Commands.&lt;init&gt;(Commands.java:5)
	at io.michaelcane.Calculator.&lt;init&gt;(Calculator.java:6)
	at io.michaelcane.Commands.&lt;init&gt;(Commands.java:5)
	at io.michaelcane.Calculator.&lt;init&gt;(Calculator.java:6)
	at io.michaelcane.Commands.&lt;init&gt;(Commands.java:5)
	at io.michaelcane.Calculator.&lt;init&gt;(Calculator.java:6)
	at io.michaelcane.Commands.&lt;init&gt;(Commands.java:5)
	at io.michaelcane.Calculator.&lt;init&gt;(Calculator.java:6)
	at io.michaelcane.Commands.&lt;init&gt;(Commands.java:5)
	at io.michaelcane.Calculator.&lt;init&gt;(Calculator.java:6)
	at io.michaelcane.Commands.&lt;init&gt;(Commands.java:5)
	at io.michaelcane.Calculator.&lt;init&gt;(Calculator.java:6)
	at io.michaelcane.Commands.&lt;init&gt;(Commands.java:5)
	at io.michaelcane.Calculator.&lt;init&gt;(Calculator.java:6)
	at io.michaelcane.Commands.&lt;init&gt;(Commands.java:5)
	at io.michaelcane.Calculator.&lt;init&gt;(Calculator.java:6)
	at io.michaelcane.Commands.&lt;init&gt;(Commands.java:5)
	at io.michaelcane.Calculator.&lt;init&gt;(Calculator.java:6)
	at io.michaelcane.Commands.&lt;init&gt;(Commands.java:5)
	at io.michaelcane.Calculator.&lt;init&gt;(Calculator.java:6)
	at io.michaelcane.Commands.&lt;init&gt;(Commands.java:5)
	at io.michaelcane.Calculator.&lt;init&gt;(Calculator.java:6)
	at io.michaelcane.Commands.&lt;init&gt;(Commands.java:5)
	at io.michaelcane.Calculator.&lt;init&gt;(Calculator.java:6)
	at io.michaelcane.Commands.&lt;init&gt;(Commands.java:5)
	at io.michaelcane.Calculator.&lt;init&gt;(Calculator.java:6)
	at io.michaelcane.Commands.&lt;init&gt;(Commands.java:5)
	at io.michaelcane.Calculator.&lt;init&gt;(Calculator.java:6)
	at io.michaelcane.Commands.&lt;init&gt;(Commands.java:5)
	at io.michaelcane.Calculator.&lt;init&gt;(Calculator.java:6)
	at io.michaelcane.Commands.&lt;init&gt;(Commands.java:5)
	at io.michaelcane.Calculator.&lt;init&gt;(Calculator.java:6)
	at io.michaelcane.Commands.&lt;init&gt;(Commands.java:5)
	at io.michaelcane.Calculator.&lt;init&gt;(Calculator.java:6)
	at io.michaelcane.Commands.&lt;init&gt;(Commands.java:5)
	at io.michaelcane.Calculator.&lt;init&gt;(Calculator.java:6)
	at io.michaelcane.Commands.&lt;init&gt;(Commands.java:5)
	at io.michaelcane.Calculator.&lt;init&gt;(Calculator.java:6)
	at io.michaelcane.Commands.&lt;init&gt;(Commands.java:5)
	at io.michaelcane.Calculator.&lt;init&gt;(Calculator.java:6)
	at io.michaelcane.Commands.&lt;init&gt;(Commands.java:5)
	at io.michaelcane.Calculator.&lt;init&gt;(Calculator.java:6)
	at io.michaelcane.Commands.&lt;init&gt;(Commands.java:5)
	at io.michaelcane.Calculator.&lt;init&gt;(Calculator.java:6)
	at io.michaelcane.Commands.&lt;init&gt;(Commands.java:5)
	at io.michaelcane.Calculator.&lt;init&gt;(Calculator.java:6)
	at io.michaelcane.Commands.&lt;init&gt;(Commands.java:5)
	at io.michaelcane.Calculator.&lt;init&gt;(Calculator.java:6)
	at io.michaelcane.Commands.&lt;init&gt;(Commands.java:5)
	at io.michaelcane.Calculator.&lt;init&gt;(Calculator.java:6)
	at io.michaelcane.Commands.&lt;init&gt;(Commands.java:5)
	at io.michaelcane.Calculator.&lt;init&gt;(Calculator.java:6)
	at io.michaelcane.Commands.&lt;init&gt;(Commands.java:5)
	at io.michaelcane.Calculator.&lt;init&gt;(Calculator.java:6)
	at io.michaelcane.Commands.&lt;init&gt;(Commands.java:5)
	at io.michaelcane.Calculator.&lt;init&gt;(Calculator.java:6)
	at io.michaelcane.Commands.&lt;init&gt;(Commands.java:5)
	at io.michaelcane.Calculator.&lt;init&gt;(Calculator.java:6)
	at io.michaelcane.Commands.&lt;init&gt;(Commands.java:5)
	at io.michaelcane.Calculator.&lt;init&gt;(Calculator.java:6)
	at io.michaelcane.Commands.&lt;init&gt;(Commands.java:5)
	at io.michaelcane.Calculator.&lt;init&gt;(Calculator.java:6)
	at io.michaelcane.Commands.&lt;init&gt;(Commands.java:5)
	at io.michaelcane.Calculator.&lt;init&gt;(Calculator.java:6)
	at io.michaelcane.Commands.&lt;init&gt;(Commands.java:5)
	at io.michaelcane.Calculator.&lt;init&gt;(Calculator.java:6)
	at io.michaelcane.Commands.&lt;init&gt;(Commands.java:5)
	at io.michaelcane.Calculator.&lt;init&gt;(Calculator.java:6)
	at io.michaelcane.Commands.&lt;init&gt;(Commands.java:5)
	at io.michaelcane.Calculator.&lt;init&gt;(Calculator.java:6)
	at io.michaelcane.Commands.&lt;init&gt;(Commands.java:5)
</error>
  </testcase>
  <testcase classname="io.michaelcane.CalculatorSpec" name="test$inverseLogarithm" time="0.007">
    <error type="java.lang.StackOverflowError">java.lang.StackOverflowError
	at io.michaelcane.Calculator.&lt;init&gt;(Calculator.java:6)
	at io.michaelcane.Commands.&lt;init&gt;(Commands.java:5)
	at io.michaelcane.Calculator.&lt;init&gt;(Calculator.java:6)
	at io.michaelcane.Commands.&lt;init&gt;(Commands.java:5)
	at io.michaelcane.Calculator.&lt;init&gt;(Calculator.java:6)
	at io.michaelcane.Commands.&lt;init&gt;(Commands.java:5)
	at io.michaelcane.Calculator.&lt;init&gt;(Calculator.java:6)
	at io.michaelcane.Commands.&lt;init&gt;(Commands.java:5)
	at io.michaelcane.Calculator.&lt;init&gt;(Calculator.java:6)
	at io.michaelcane.Commands.&lt;init&gt;(Commands.java:5)
	at io.michaelcane.Calculator.&lt;init&gt;(Calculator.java:6)
	at io.michaelcane.Commands.&lt;init&gt;(Commands.java:5)
	at io.michaelcane.Calculator.&lt;init&gt;(Calculator.java:6)
	at io.michaelcane.Commands.&lt;init&gt;(Commands.java:5)
	at io.michaelcane.Calculator.&lt;init&gt;(Calculator.java:6)
	at io.michaelcane.Commands.&lt;init&gt;(Commands.java:5)
	at io.michaelcane.Calculator.&lt;init&gt;(Calculator.java:6)
	at io.michaelcane.Commands.&lt;init&gt;(Commands.java:5)
	at io.michaelcane.Calculator.&lt;init&gt;(Calculator.java:6)
	at io.michaelcane.Commands.&lt;init&gt;(Commands.java:5)
	at io.michaelcane.Calculator.&lt;init&gt;(Calculator.java:6)
	at io.michaelcane.Commands.&lt;init&gt;(Commands.java:5)
	at io.michaelcane.Calculator.&lt;init&gt;(Calculator.java:6)
	at io.michaelcane.Commands.&lt;init&gt;(Commands.java:5)
	at io.michaelcane.Calculator.&lt;init&gt;(Calculator.java:6)
	at io.michaelcane.Commands.&lt;init&gt;(Commands.java:5)
	at io.michaelcane.Calculator.&lt;init&gt;(Calculator.java:6)
	at io.michaelcane.Commands.&lt;init&gt;(Commands.java:5)
	at io.michaelcane.Calculator.&lt;init&gt;(Calculator.java:6)
	at io.michaelcane.Commands.&lt;init&gt;(Commands.java:5)
	at io.michaelcane.Calculator.&lt;init&gt;(Calculator.java:6)
	at io.michaelcane.Commands.&lt;init&gt;(Commands.java:5)
	at io.michaelcane.Calculator.&lt;init&gt;(Calculator.java:6)
	at io.michaelcane.Commands.&lt;init&gt;(Commands.java:5)
	at io.michaelcane.Calculator.&lt;init&gt;(Calculator.java:6)
	at io.michaelcane.Commands.&lt;init&gt;(Commands.java:5)
	at io.michaelcane.Calculator.&lt;init&gt;(Calculator.java:6)
	at io.michaelcane.Commands.&lt;init&gt;(Commands.java:5)
	at io.michaelcane.Calculator.&lt;init&gt;(Calculator.java:6)
	at io.michaelcane.Commands.&lt;init&gt;(Commands.java:5)
	at io.michaelcane.Calculator.&lt;init&gt;(Calculator.java:6)
	at io.michaelcane.Commands.&lt;init&gt;(Commands.java:5)
	at io.michaelcane.Calculator.&lt;init&gt;(Calculator.java:6)
	at io.michaelcane.Commands.&lt;init&gt;(Commands.java:5)
	at io.michaelcane.Calculator.&lt;init&gt;(Calculator.java:6)
	at io.michaelcane.Commands.&lt;init&gt;(Commands.java:5)
	at io.michaelcane.Calculator.&lt;init&gt;(Calculator.java:6)
	at io.michaelcane.Commands.&lt;init&gt;(Commands.java:5)
	at io.michaelcane.Calculator.&lt;init&gt;(Calculator.java:6)
	at io.michaelcane.Commands.&lt;init&gt;(Commands.java:5)
	at io.michaelcane.Calculator.&lt;init&gt;(Calculator.java:6)
	at io.michaelcane.Commands.&lt;init&gt;(Commands.java:5)
	at io.michaelcane.Calculator.&lt;init&gt;(Calculator.java:6)
	at io.michaelcane.Commands.&lt;init&gt;(Commands.java:5)
	at io.michaelcane.Calculator.&lt;init&gt;(Calculator.java:6)
	at io.michaelcane.Commands.&lt;init&gt;(Commands.java:5)
	at io.michaelcane.Calculator.&lt;init&gt;(Calculator.java:6)
	at io.michaelcane.Commands.&lt;init&gt;(Commands.java:5)
	at io.michaelcane.Calculator.&lt;init&gt;(Calculator.java:6)
	at io.michaelcane.Commands.&lt;init&gt;(Commands.java:5)
	at io.michaelcane.Calculator.&lt;init&gt;(Calculator.java:6)
	at io.michaelcane.Commands.&lt;init&gt;(Commands.java:5)
	at io.michaelcane.Calculator.&lt;init&gt;(Calculator.java:6)
	at io.michaelcane.Commands.&lt;init&gt;(Commands.java:5)
	at io.michaelcane.Calculator.&lt;init&gt;(Calculator.java:6)
	at io.michaelcane.Commands.&lt;init&gt;(Commands.java:5)
	at io.michaelcane.Calculator.&lt;init&gt;(Calculator.java:6)
	at io.michaelcane.Commands.&lt;init&gt;(Commands.java:5)
	at io.michaelcane.Calculator.&lt;init&gt;(Calculator.java:6)
	at io.michaelcane.Commands.&lt;init&gt;(Commands.java:5)
	at io.michaelcane.Calculator.&lt;init&gt;(Calculator.java:6)
	at io.michaelcane.Commands.&lt;init&gt;(Commands.java:5)
	at io.michaelcane.Calculator.&lt;init&gt;(Calculator.java:6)
	at io.michaelcane.Commands.&lt;init&gt;(Commands.java:5)
	at io.michaelcane.Calculator.&lt;init&gt;(Calculator.java:6)
	at io.michaelcane.Commands.&lt;init&gt;(Commands.java:5)
	at io.michaelcane.Calculator.&lt;init&gt;(Calculator.java:6)
	at io.michaelcane.Commands.&lt;init&gt;(Commands.java:5)
	at io.michaelcane.Calculator.&lt;init&gt;(Calculator.java:6)
	at io.michaelcane.Commands.&lt;init&gt;(Commands.java:5)
	at io.michaelcane.Calculator.&lt;init&gt;(Calculator.java:6)
	at io.michaelcane.Commands.&lt;init&gt;(Commands.java:5)
	at io.michaelcane.Calculator.&lt;init&gt;(Calculator.java:6)
	at io.michaelcane.Commands.&lt;init&gt;(Commands.java:5)
	at io.michaelcane.Calculator.&lt;init&gt;(Calculator.java:6)
	at io.michaelcane.Commands.&lt;init&gt;(Commands.java:5)
	at io.michaelcane.Calculator.&lt;init&gt;(Calculator.java:6)
	at io.michaelcane.Commands.&lt;init&gt;(Commands.java:5)
	at io.michaelcane.Calculator.&lt;init&gt;(Calculator.java:6)
	at io.michaelcane.Commands.&lt;init&gt;(Commands.java:5)
	at io.michaelcane.Calculator.&lt;init&gt;(Calculator.java:6)
	at io.michaelcane.Commands.&lt;init&gt;(Commands.java:5)
	at io.michaelcane.Calculator.&lt;init&gt;(Calculator.java:6)
	at io.michaelcane.Commands.&lt;init&gt;(Commands.java:5)
	at io.michaelcane.Calculator.&lt;init&gt;(Calculator.java:6)
	at io.michaelcane.Commands.&lt;init&gt;(Commands.java:5)
	at io.michaelcane.Calculator.&lt;init&gt;(Calculator.java:6)
	at io.michaelcane.Commands.&lt;init&gt;(Commands.java:5)
	at io.michaelcane.Calculator.&lt;init&gt;(Calculator.java:6)
	at io.michaelcane.Commands.&lt;init&gt;(Commands.java:5)
	at io.michaelcane.Calculator.&lt;init&gt;(Calculator.java:6)
	at io.michaelcane.Commands.&lt;init&gt;(Commands.java:5)
	at io.michaelcane.Calculator.&lt;init&gt;(Calculator.java:6)
	at io.michaelcane.Commands.&lt;init&gt;(Commands.java:5)
	at io.michaelcane.Calculator.&lt;init&gt;(Calculator.java:6)
	at io.michaelcane.Commands.&lt;init&gt;(Commands.java:5)
	at io.michaelcane.Calculator.&lt;init&gt;(Calculator.java:6)
	at io.michaelcane.Commands.&lt;init&gt;(Commands.java:5)
	at io.michaelcane.Calculator.&lt;init&gt;(Calculator.java:6)
	at io.michaelcane.Commands.&lt;init&gt;(Commands.java:5)
	at io.michaelcane.Calculator.&lt;init&gt;(Calculator.java:6)
	at io.michaelcane.Commands.&lt;init&gt;(Commands.java:5)
	at io.michaelcane.Calculator.&lt;init&gt;(Calculator.java:6)
	at io.michaelcane.Commands.&lt;init&gt;(Commands.java:5)
	at io.michaelcane.Calculator.&lt;init&gt;(Calculator.java:6)
	at io.michaelcane.Commands.&lt;init&gt;(Commands.java:5)
	at io.michaelcane.Calculator.&lt;init&gt;(Calculator.java:6)
	at io.michaelcane.Commands.&lt;init&gt;(Commands.java:5)
	at io.michaelcane.Calculator.&lt;init&gt;(Calculator.java:6)
	at io.michaelcane.Commands.&lt;init&gt;(Commands.java:5)
	at io.michaelcane.Calculator.&lt;init&gt;(Calculator.java:6)
	at io.michaelcane.Commands.&lt;init&gt;(Commands.java:5)
	at io.michaelcane.Calculator.&lt;init&gt;(Calculator.java:6)
	at io.michaelcane.Commands.&lt;init&gt;(Commands.java:5)
	at io.michaelcane.Calculator.&lt;init&gt;(Calculator.java:6)
	at io.michaelcane.Commands.&lt;init&gt;(Commands.java:5)
	at io.michaelcane.Calculator.&lt;init&gt;(Calculator.java:6)
	at io.michaelcane.Commands.&lt;init&gt;(Commands.java:5)
	at io.michaelcane.Calculator.&lt;init&gt;(Calculator.java:6)
	at io.michaelcane.Commands.&lt;init&gt;(Commands.java:5)
	at io.michaelcane.Calculator.&lt;init&gt;(Calculator.java:6)
	at io.michaelcane.Commands.&lt;init&gt;(Commands.java:5)
	at io.michaelcane.Calculator.&lt;init&gt;(Calculator.java:6)
	at io.michaelcane.Commands.&lt;init&gt;(Commands.java:5)
	at io.michaelcane.Calculator.&lt;init&gt;(Calculator.java:6)
	at io.michaelcane.Commands.&lt;init&gt;(Commands.java:5)
	at io.michaelcane.Calculator.&lt;init&gt;(Calculator.java:6)
	at io.michaelcane.Commands.&lt;init&gt;(Commands.java:5)
	at io.michaelcane.Calculator.&lt;init&gt;(Calculator.java:6)
	at io.michaelcane.Commands.&lt;init&gt;(Commands.java:5)
	at io.michaelcane.Calculator.&lt;init&gt;(Calculator.java:6)
	at io.michaelcane.Commands.&lt;init&gt;(Commands.java:5)
	at io.michaelcane.Calculator.&lt;init&gt;(Calculator.java:6)
	at io.michaelcane.Commands.&lt;init&gt;(Commands.java:5)
	at io.michaelcane.Calculator.&lt;init&gt;(Calculator.java:6)
	at io.michaelcane.Commands.&lt;init&gt;(Commands.java:5)
	at io.michaelcane.Calculator.&lt;init&gt;(Calculator.java:6)
	at io.michaelcane.Commands.&lt;init&gt;(Commands.java:5)
	at io.michaelcane.Calculator.&lt;init&gt;(Calculator.java:6)
	at io.michaelcane.Commands.&lt;init&gt;(Commands.java:5)
	at io.michaelcane.Calculator.&lt;init&gt;(Calculator.java:6)
	at io.michaelcane.Commands.&lt;init&gt;(Commands.java:5)
	at io.michaelcane.Calculator.&lt;init&gt;(Calculator.java:6)
	at io.michaelcane.Commands.&lt;init&gt;(Commands.java:5)
	at io.michaelcane.Calculator.&lt;init&gt;(Calculator.java:6)
	at io.michaelcane.Commands.&lt;init&gt;(Commands.java:5)
	at io.michaelcane.Calculator.&lt;init&gt;(Calculator.java:6)
	at io.michaelcane.Commands.&lt;init&gt;(Commands.java:5)
	at io.michaelcane.Calculator.&lt;init&gt;(Calculator.java:6)
	at io.michaelcane.Commands.&lt;init&gt;(Commands.java:5)
	at io.michaelcane.Calculator.&lt;init&gt;(Calculator.java:6)
	at io.michaelcane.Commands.&lt;init&gt;(Commands.java:5)
	at io.michaelcane.Calculator.&lt;init&gt;(Calculator.java:6)
	at io.michaelcane.Commands.&lt;init&gt;(Commands.java:5)
	at io.michaelcane.Calculator.&lt;init&gt;(Calculator.java:6)
	at io.michaelcane.Commands.&lt;init&gt;(Commands.java:5)
	at io.michaelcane.Calculator.&lt;init&gt;(Calculator.java:6)
	at io.michaelcane.Commands.&lt;init&gt;(Commands.java:5)
	at io.michaelcane.Calculator.&lt;init&gt;(Calculator.java:6)
	at io.michaelcane.Commands.&lt;init&gt;(Commands.java:5)
	at io.michaelcane.Calculator.&lt;init&gt;(Calculator.java:6)
	at io.michaelcane.Commands.&lt;init&gt;(Commands.java:5)
	at io.michaelcane.Calculator.&lt;init&gt;(Calculator.java:6)
	at io.michaelcane.Commands.&lt;init&gt;(Commands.java:5)
	at io.michaelcane.Calculator.&lt;init&gt;(Calculator.java:6)
	at io.michaelcane.Commands.&lt;init&gt;(Commands.java:5)
	at io.michaelcane.Calculator.&lt;init&gt;(Calculator.java:6)
	at io.michaelcane.Commands.&lt;init&gt;(Commands.java:5)
	at io.michaelcane.Calculator.&lt;init&gt;(Calculator.java:6)
	at io.michaelcane.Commands.&lt;init&gt;(Commands.java:5)
	at io.michaelcane.Calculator.&lt;init&gt;(Calculator.java:6)
	at io.michaelcane.Commands.&lt;init&gt;(Commands.java:5)
	at io.michaelcane.Calculator.&lt;init&gt;(Calculator.java:6)
	at io.michaelcane.Commands.&lt;init&gt;(Commands.java:5)
	at io.michaelcane.Calculator.&lt;init&gt;(Calculator.java:6)
	at io.michaelcane.Commands.&lt;init&gt;(Commands.java:5)
	at io.michaelcane.Calculator.&lt;init&gt;(Calculator.java:6)
	at io.michaelcane.Commands.&lt;init&gt;(Commands.java:5)
	at io.michaelcane.Calculator.&lt;init&gt;(Calculator.java:6)
	at io.michaelcane.Commands.&lt;init&gt;(Commands.java:5)
	at io.michaelcane.Calculator.&lt;init&gt;(Calculator.java:6)
	at io.michaelcane.Commands.&lt;init&gt;(Commands.java:5)
	at io.michaelcane.Calculator.&lt;init&gt;(Calculator.java:6)
	at io.michaelcane.Commands.&lt;init&gt;(Commands.java:5)
	at io.michaelcane.Calculator.&lt;init&gt;(Calculator.java:6)
	at io.michaelcane.Commands.&lt;init&gt;(Commands.java:5)
	at io.michaelcane.Calculator.&lt;init&gt;(Calculator.java:6)
	at io.michaelcane.Commands.&lt;init&gt;(Commands.java:5)
	at io.michaelcane.Calculator.&lt;init&gt;(Calculator.java:6)
	at io.michaelcane.Commands.&lt;init&gt;(Commands.java:5)
	at io.michaelcane.Calculator.&lt;init&gt;(Calculator.java:6)
	at io.michaelcane.Commands.&lt;init&gt;(Commands.java:5)
	at io.michaelcane.Calculator.&lt;init&gt;(Calculator.java:6)
	at io.michaelcane.Commands.&lt;init&gt;(Commands.java:5)
	at io.michaelcane.Calculator.&lt;init&gt;(Calculator.java:6)
	at io.michaelcane.Commands.&lt;init&gt;(Commands.java:5)
	at io.michaelcane.Calculator.&lt;init&gt;(Calculator.java:6)
	at io.michaelcane.Commands.&lt;init&gt;(Commands.java:5)
	at io.michaelcane.Calculator.&lt;init&gt;(Calculator.java:6)
	at io.michaelcane.Commands.&lt;init&gt;(Commands.java:5)
	at io.michaelcane.Calculator.&lt;init&gt;(Calculator.java:6)
	at io.michaelcane.Commands.&lt;init&gt;(Commands.java:5)
	at io.michaelcane.Calculator.&lt;init&gt;(Calculator.java:6)
	at io.michaelcane.Commands.&lt;init&gt;(Commands.java:5)
	at io.michaelcane.Calculator.&lt;init&gt;(Calculator.java:6)
	at io.michaelcane.Commands.&lt;init&gt;(Commands.java:5)
	at io.michaelcane.Calculator.&lt;init&gt;(Calculator.java:6)
	at io.michaelcane.Commands.&lt;init&gt;(Commands.java:5)
	at io.michaelcane.Calculator.&lt;init&gt;(Calculator.java:6)
	at io.michaelcane.Commands.&lt;init&gt;(Commands.java:5)
	at io.michaelcane.Calculator.&lt;init&gt;(Calculator.java:6)
	at io.michaelcane.Commands.&lt;init&gt;(Commands.java:5)
	at io.michaelcane.Calculator.&lt;init&gt;(Calculator.java:6)
	at io.michaelcane.Commands.&lt;init&gt;(Commands.java:5)
	at io.michaelcane.Calculator.&lt;init&gt;(Calculator.java:6)
	at io.michaelcane.Commands.&lt;init&gt;(Commands.java:5)
	at io.michaelcane.Calculator.&lt;init&gt;(Calculator.java:6)
	at io.michaelcane.Commands.&lt;init&gt;(Commands.java:5)
	at io.michaelcane.Calculator.&lt;init&gt;(Calculator.java:6)
	at io.michaelcane.Commands.&lt;init&gt;(Commands.java:5)
	at io.michaelcane.Calculator.&lt;init&gt;(Calculator.java:6)
	at io.michaelcane.Commands.&lt;init&gt;(Commands.java:5)
	at io.michaelcane.Calculator.&lt;init&gt;(Calculator.java:6)
	at io.michaelcane.Commands.&lt;init&gt;(Commands.java:5)
	at io.michaelcane.Calculator.&lt;init&gt;(Calculator.java:6)
	at io.michaelcane.Commands.&lt;init&gt;(Commands.java:5)
	at io.michaelcane.Calculator.&lt;init&gt;(Calculator.java:6)
	at io.michaelcane.Commands.&lt;init&gt;(Commands.java:5)
	at io.michaelcane.Calculator.&lt;init&gt;(Calculator.java:6)
	at io.michaelcane.Commands.&lt;init&gt;(Commands.java:5)
	at io.michaelcane.Calculator.&lt;init&gt;(Calculator.java:6)
	at io.michaelcane.Commands.&lt;init&gt;(Commands.java:5)
	at io.michaelcane.Calculator.&lt;init&gt;(Calculator.java:6)
	at io.michaelcane.Commands.&lt;init&gt;(Commands.java:5)
	at io.michaelcane.Calculator.&lt;init&gt;(Calculator.java:6)
	at io.michaelcane.Commands.&lt;init&gt;(Commands.java:5)
	at io.michaelcane.Calculator.&lt;init&gt;(Calculator.java:6)
	at io.michaelcane.Commands.&lt;init&gt;(Commands.java:5)
	at io.michaelcane.Calculator.&lt;init&gt;(Calculator.java:6)
	at io.michaelcane.Commands.&lt;init&gt;(Commands.java:5)
	at io.michaelcane.Calculator.&lt;init&gt;(Calculator.java:6)
	at io.michaelcane.Commands.&lt;init&gt;(Commands.java:5)
	at io.michaelcane.Calculator.&lt;init&gt;(Calculator.java:6)
	at io.michaelcane.Commands.&lt;init&gt;(Commands.java:5)
	at io.michaelcane.Calculator.&lt;init&gt;(Calculator.java:6)
	at io.michaelcane.Commands.&lt;init&gt;(Commands.java:5)
	at io.michaelcane.Calculator.&lt;init&gt;(Calculator.java:6)
	at io.michaelcane.Commands.&lt;init&gt;(Commands.java:5)
	at io.michaelcane.Calculator.&lt;init&gt;(Calculator.java:6)
	at io.michaelcane.Commands.&lt;init&gt;(Commands.java:5)
	at io.michaelcane.Calculator.&lt;init&gt;(Calculator.java:6)
	at io.michaelcane.Commands.&lt;init&gt;(Commands.java:5)
	at io.michaelcane.Calculator.&lt;init&gt;(Calculator.java:6)
	at io.michaelcane.Commands.&lt;init&gt;(Commands.java:5)
	at io.michaelcane.Calculator.&lt;init&gt;(Calculator.java:6)
	at io.michaelcane.Commands.&lt;init&gt;(Commands.java:5)
	at io.michaelcane.Calculator.&lt;init&gt;(Calculator.java:6)
	at io.michaelcane.Commands.&lt;init&gt;(Commands.java:5)
	at io.michaelcane.Calculator.&lt;init&gt;(Calculator.java:6)
	at io.michaelcane.Commands.&lt;init&gt;(Commands.java:5)
	at io.michaelcane.Calculator.&lt;init&gt;(Calculator.java:6)
	at io.michaelcane.Commands.&lt;init&gt;(Commands.java:5)
	at io.michaelcane.Calculator.&lt;init&gt;(Calculator.java:6)
	at io.michaelcane.Commands.&lt;init&gt;(Commands.java:5)
	at io.michaelcane.Calculator.&lt;init&gt;(Calculator.java:6)
	at io.michaelcane.Commands.&lt;init&gt;(Commands.java:5)
	at io.michaelcane.Calculator.&lt;init&gt;(Calculator.java:6)
	at io.michaelcane.Commands.&lt;init&gt;(Commands.java:5)
	at io.michaelcane.Calculator.&lt;init&gt;(Calculator.java:6)
	at io.michaelcane.Commands.&lt;init&gt;(Commands.java:5)
	at io.michaelcane.Calculator.&lt;init&gt;(Calculator.java:6)
	at io.michaelcane.Commands.&lt;init&gt;(Commands.java:5)
	at io.michaelcane.Calculator.&lt;init&gt;(Calculator.java:6)
	at io.michaelcane.Commands.&lt;init&gt;(Commands.java:5)
	at io.michaelcane.Calculator.&lt;init&gt;(Calculator.java:6)
	at io.michaelcane.Commands.&lt;init&gt;(Commands.java:5)
	at io.michaelcane.Calculator.&lt;init&gt;(Calculator.java:6)
	at io.michaelcane.Commands.&lt;init&gt;(Commands.java:5)
	at io.michaelcane.Calculator.&lt;init&gt;(Calculator.java:6)
	at io.michaelcane.Commands.&lt;init&gt;(Commands.java:5)
	at io.michaelcane.Calculator.&lt;init&gt;(Calculator.java:6)
	at io.michaelcane.Commands.&lt;init&gt;(Commands.java:5)
	at io.michaelcane.Calculator.&lt;init&gt;(Calculator.java:6)
	at io.michaelcane.Commands.&lt;init&gt;(Commands.java:5)
	at io.michaelcane.Calculator.&lt;init&gt;(Calculator.java:6)
	at io.michaelcane.Commands.&lt;init&gt;(Commands.java:5)
	at io.michaelcane.Calculator.&lt;init&gt;(Calculator.java:6)
	at io.michaelcane.Commands.&lt;init&gt;(Commands.java:5)
	at io.michaelcane.Calculator.&lt;init&gt;(Calculator.java:6)
	at io.michaelcane.Commands.&lt;init&gt;(Commands.java:5)
	at io.michaelcane.Calculator.&lt;init&gt;(Calculator.java:6)
	at io.michaelcane.Commands.&lt;init&gt;(Commands.java:5)
	at io.michaelcane.Calculator.&lt;init&gt;(Calculator.java:6)
	at io.michaelcane.Commands.&lt;init&gt;(Commands.java:5)
	at io.michaelcane.Calculator.&lt;init&gt;(Calculator.java:6)
	at io.michaelcane.Commands.&lt;init&gt;(Commands.java:5)
	at io.michaelcane.Calculator.&lt;init&gt;(Calculator.java:6)
	at io.michaelcane.Commands.&lt;init&gt;(Commands.java:5)
	at io.michaelcane.Calculator.&lt;init&gt;(Calculator.java:6)
	at io.michaelcane.Commands.&lt;init&gt;(Commands.java:5)
	at io.michaelcane.Calculator.&lt;init&gt;(Calculator.java:6)
	at io.michaelcane.Commands.&lt;init&gt;(Commands.java:5)
	at io.michaelcane.Calculator.&lt;init&gt;(Calculator.java:6)
	at io.michaelcane.Commands.&lt;init&gt;(Commands.java:5)
	at io.michaelcane.Calculator.&lt;init&gt;(Calculator.java:6)
	at io.michaelcane.Commands.&lt;init&gt;(Commands.java:5)
	at io.michaelcane.Calculator.&lt;init&gt;(Calculator.java:6)
	at io.michaelcane.Commands.&lt;init&gt;(Commands.java:5)
	at io.michaelcane.Calculator.&lt;init&gt;(Calculator.java:6)
	at io.michaelcane.Commands.&lt;init&gt;(Commands.java:5)
	at io.michaelcane.Calculator.&lt;init&gt;(Calculator.java:6)
	at io.michaelcane.Commands.&lt;init&gt;(Commands.java:5)
	at io.michaelcane.Calculator.&lt;init&gt;(Calculator.java:6)
	at io.michaelcane.Commands.&lt;init&gt;(Commands.java:5)
	at io.michaelcane.Calculator.&lt;init&gt;(Calculator.java:6)
	at io.michaelcane.Commands.&lt;init&gt;(Commands.java:5)
	at io.michaelcane.Calculator.&lt;init&gt;(Calculator.java:6)
	at io.michaelcane.Commands.&lt;init&gt;(Commands.java:5)
	at io.michaelcane.Calculator.&lt;init&gt;(Calculator.java:6)
	at io.michaelcane.Commands.&lt;init&gt;(Commands.java:5)
	at io.michaelcane.Calculator.&lt;init&gt;(Calculator.java:6)
	at io.michaelcane.Commands.&lt;init&gt;(Commands.java:5)
	at io.michaelcane.Calculator.&lt;init&gt;(Calculator.java:6)
	at io.michaelcane.Commands.&lt;init&gt;(Commands.java:5)
	at io.michaelcane.Calculator.&lt;init&gt;(Calculator.java:6)
	at io.michaelcane.Commands.&lt;init&gt;(Commands.java:5)
	at io.michaelcane.Calculator.&lt;init&gt;(Calculator.java:6)
	at io.michaelcane.Commands.&lt;init&gt;(Commands.java:5)
	at io.michaelcane.Calculator.&lt;init&gt;(Calculator.java:6)
	at io.michaelcane.Commands.&lt;init&gt;(Commands.java:5)
	at io.michaelcane.Calculator.&lt;init&gt;(Calculator.java:6)
	at io.michaelcane.Commands.&lt;init&gt;(Commands.java:5)
	at io.michaelcane.Calculator.&lt;init&gt;(Calculator.java:6)
	at io.michaelcane.Commands.&lt;init&gt;(Commands.java:5)
	at io.michaelcane.Calculator.&lt;init&gt;(Calculator.java:6)
	at io.michaelcane.Commands.&lt;init&gt;(Commands.java:5)
	at io.michaelcane.Calculator.&lt;init&gt;(Calculator.java:6)
	at io.michaelcane.Commands.&lt;init&gt;(Commands.java:5)
	at io.michaelcane.Calculator.&lt;init&gt;(Calculator.java:6)
	at io.michaelcane.Commands.&lt;init&gt;(Commands.java:5)
	at io.michaelcane.Calculator.&lt;init&gt;(Calculator.java:6)
	at io.michaelcane.Commands.&lt;init&gt;(Commands.java:5)
	at io.michaelcane.Calculator.&lt;init&gt;(Calculator.java:6)
	at io.michaelcane.Commands.&lt;init&gt;(Commands.java:5)
	at io.michaelcane.Calculator.&lt;init&gt;(Calculator.java:6)
	at io.michaelcane.Commands.&lt;init&gt;(Commands.java:5)
	at io.michaelcane.Calculator.&lt;init&gt;(Calculator.java:6)
	at io.michaelcane.Commands.&lt;init&gt;(Commands.java:5)
	at io.michaelcane.Calculator.&lt;init&gt;(Calculator.java:6)
	at io.michaelcane.Commands.&lt;init&gt;(Commands.java:5)
	at io.michaelcane.Calculator.&lt;init&gt;(Calculator.java:6)
	at io.michaelcane.Commands.&lt;init&gt;(Commands.java:5)
	at io.michaelcane.Calculator.&lt;init&gt;(Calculator.java:6)
	at io.michaelcane.Commands.&lt;init&gt;(Commands.java:5)
	at io.michaelcane.Calculator.&lt;init&gt;(Calculator.java:6)
	at io.michaelcane.Commands.&lt;init&gt;(Commands.java:5)
	at io.michaelcane.Calculator.&lt;init&gt;(Calculator.java:6)
	at io.michaelcane.Commands.&lt;init&gt;(Commands.java:5)
	at io.michaelcane.Calculator.&lt;init&gt;(Calculator.java:6)
	at io.michaelcane.Commands.&lt;init&gt;(Commands.java:5)
	at io.michaelcane.Calculator.&lt;init&gt;(Calculator.java:6)
	at io.michaelcane.Commands.&lt;init&gt;(Commands.java:5)
	at io.michaelcane.Calculator.&lt;init&gt;(Calculator.java:6)
	at io.michaelcane.Commands.&lt;init&gt;(Commands.java:5)
	at io.michaelcane.Calculator.&lt;init&gt;(Calculator.java:6)
	at io.michaelcane.Commands.&lt;init&gt;(Commands.java:5)
	at io.michaelcane.Calculator.&lt;init&gt;(Calculator.java:6)
	at io.michaelcane.Commands.&lt;init&gt;(Commands.java:5)
	at io.michaelcane.Calculator.&lt;init&gt;(Calculator.java:6)
	at io.michaelcane.Commands.&lt;init&gt;(Commands.java:5)
	at io.michaelcane.Calculator.&lt;init&gt;(Calculator.java:6)
	at io.michaelcane.Commands.&lt;init&gt;(Commands.java:5)
	at io.michaelcane.Calculator.&lt;init&gt;(Calculator.java:6)
	at io.michaelcane.Commands.&lt;init&gt;(Commands.java:5)
	at io.michaelcane.Calculator.&lt;init&gt;(Calculator.java:6)
	at io.michaelcane.Commands.&lt;init&gt;(Commands.java:5)
	at io.michaelcane.Calculator.&lt;init&gt;(Calculator.java:6)
	at io.michaelcane.Commands.&lt;init&gt;(Commands.java:5)
	at io.michaelcane.Calculator.&lt;init&gt;(Calculator.java:6)
	at io.michaelcane.Commands.&lt;init&gt;(Commands.java:5)
	at io.michaelcane.Calculator.&lt;init&gt;(Calculator.java:6)
	at io.michaelcane.Commands.&lt;init&gt;(Commands.java:5)
	at io.michaelcane.Calculator.&lt;init&gt;(Calculator.java:6)
	at io.michaelcane.Commands.&lt;init&gt;(Commands.java:5)
	at io.michaelcane.Calculator.&lt;init&gt;(Calculator.java:6)
	at io.michaelcane.Commands.&lt;init&gt;(Commands.java:5)
	at io.michaelcane.Calculator.&lt;init&gt;(Calculator.java:6)
	at io.michaelcane.Commands.&lt;init&gt;(Commands.java:5)
	at io.michaelcane.Calculator.&lt;init&gt;(Calculator.java:6)
	at io.michaelcane.Commands.&lt;init&gt;(Commands.java:5)
	at io.michaelcane.Calculator.&lt;init&gt;(Calculator.java:6)
	at io.michaelcane.Commands.&lt;init&gt;(Commands.java:5)
	at io.michaelcane.Calculator.&lt;init&gt;(Calculator.java:6)
	at io.michaelcane.Commands.&lt;init&gt;(Commands.java:5)
	at io.michaelcane.Calculator.&lt;init&gt;(Calculator.java:6)
	at io.michaelcane.Commands.&lt;init&gt;(Commands.java:5)
	at io.michaelcane.Calculator.&lt;init&gt;(Calculator.java:6)
	at io.michaelcane.Commands.&lt;init&gt;(Commands.java:5)
	at io.michaelcane.Calculator.&lt;init&gt;(Calculator.java:6)
	at io.michaelcane.Commands.&lt;init&gt;(Commands.java:5)
	at io.michaelcane.Calculator.&lt;init&gt;(Calculator.java:6)
	at io.michaelcane.Commands.&lt;init&gt;(Commands.java:5)
	at io.michaelcane.Calculator.&lt;init&gt;(Calculator.java:6)
	at io.michaelcane.Commands.&lt;init&gt;(Commands.java:5)
	at io.michaelcane.Calculator.&lt;init&gt;(Calculator.java:6)
	at io.michaelcane.Commands.&lt;init&gt;(Commands.java:5)
	at io.michaelcane.Calculator.&lt;init&gt;(Calculator.java:6)
	at io.michaelcane.Commands.&lt;init&gt;(Commands.java:5)
	at io.michaelcane.Calculator.&lt;init&gt;(Calculator.java:6)
	at io.michaelcane.Commands.&lt;init&gt;(Commands.java:5)
	at io.michaelcane.Calculator.&lt;init&gt;(Calculator.java:6)
	at io.michaelcane.Commands.&lt;init&gt;(Commands.java:5)
	at io.michaelcane.Calculator.&lt;init&gt;(Calculator.java:6)
	at io.michaelcane.Commands.&lt;init&gt;(Commands.java:5)
	at io.michaelcane.Calculator.&lt;init&gt;(Calculator.java:6)
	at io.michaelcane.Commands.&lt;init&gt;(Commands.java:5)
	at io.michaelcane.Calculator.&lt;init&gt;(Calculator.java:6)
	at io.michaelcane.Commands.&lt;init&gt;(Commands.java:5)
	at io.michaelcane.Calculator.&lt;init&gt;(Calculator.java:6)
	at io.michaelcane.Commands.&lt;init&gt;(Commands.java:5)
	at io.michaelcane.Calculator.&lt;init&gt;(Calculator.java:6)
	at io.michaelcane.Commands.&lt;init&gt;(Commands.java:5)
	at io.michaelcane.Calculator.&lt;init&gt;(Calculator.java:6)
	at io.michaelcane.Commands.&lt;init&gt;(Commands.java:5)
	at io.michaelcane.Calculator.&lt;init&gt;(Calculator.java:6)
	at io.michaelcane.Commands.&lt;init&gt;(Commands.java:5)
	at io.michaelcane.Calculator.&lt;init&gt;(Calculator.java:6)
	at io.michaelcane.Commands.&lt;init&gt;(Commands.java:5)
	at io.michaelcane.Calculator.&lt;init&gt;(Calculator.java:6)
	at io.michaelcane.Commands.&lt;init&gt;(Commands.java:5)
	at io.michaelcane.Calculator.&lt;init&gt;(Calculator.java:6)
	at io.michaelcane.Commands.&lt;init&gt;(Commands.java:5)
	at io.michaelcane.Calculator.&lt;init&gt;(Calculator.java:6)
	at io.michaelcane.Commands.&lt;init&gt;(Commands.java:5)
	at io.michaelcane.Calculator.&lt;init&gt;(Calculator.java:6)
	at io.michaelcane.Commands.&lt;init&gt;(Commands.java:5)
	at io.michaelcane.Calculator.&lt;init&gt;(Calculator.java:6)
	at io.michaelcane.Commands.&lt;init&gt;(Commands.java:5)
	at io.michaelcane.Calculator.&lt;init&gt;(Calculator.java:6)
	at io.michaelcane.Commands.&lt;init&gt;(Commands.java:5)
	at io.michaelcane.Calculator.&lt;init&gt;(Calculator.java:6)
	at io.michaelcane.Commands.&lt;init&gt;(Commands.java:5)
	at io.michaelcane.Calculator.&lt;init&gt;(Calculator.java:6)
	at io.michaelcane.Commands.&lt;init&gt;(Commands.java:5)
	at io.michaelcane.Calculator.&lt;init&gt;(Calculator.java:6)
	at io.michaelcane.Commands.&lt;init&gt;(Commands.java:5)
	at io.michaelcane.Calculator.&lt;init&gt;(Calculator.java:6)
	at io.michaelcane.Commands.&lt;init&gt;(Commands.java:5)
	at io.michaelcane.Calculator.&lt;init&gt;(Calculator.java:6)
	at io.michaelcane.Commands.&lt;init&gt;(Commands.java:5)
	at io.michaelcane.Calculator.&lt;init&gt;(Calculator.java:6)
	at io.michaelcane.Commands.&lt;init&gt;(Commands.java:5)
	at io.michaelcane.Calculator.&lt;init&gt;(Calculator.java:6)
	at io.michaelcane.Commands.&lt;init&gt;(Commands.java:5)
	at io.michaelcane.Calculator.&lt;init&gt;(Calculator.java:6)
	at io.michaelcane.Commands.&lt;init&gt;(Commands.java:5)
	at io.michaelcane.Calculator.&lt;init&gt;(Calculator.java:6)
	at io.michaelcane.Commands.&lt;init&gt;(Commands.java:5)
	at io.michaelcane.Calculator.&lt;init&gt;(Calculator.java:6)
	at io.michaelcane.Commands.&lt;init&gt;(Commands.java:5)
	at io.michaelcane.Calculator.&lt;init&gt;(Calculator.java:6)
	at io.michaelcane.Commands.&lt;init&gt;(Commands.java:5)
	at io.michaelcane.Calculator.&lt;init&gt;(Calculator.java:6)
	at io.michaelcane.Commands.&lt;init&gt;(Commands.java:5)
	at io.michaelcane.Calculator.&lt;init&gt;(Calculator.java:6)
	at io.michaelcane.Commands.&lt;init&gt;(Commands.java:5)
	at io.michaelcane.Calculator.&lt;init&gt;(Calculator.java:6)
	at io.michaelcane.Commands.&lt;init&gt;(Commands.java:5)
	at io.michaelcane.Calculator.&lt;init&gt;(Calculator.java:6)
	at io.michaelcane.Commands.&lt;init&gt;(Commands.java:5)
	at io.michaelcane.Calculator.&lt;init&gt;(Calculator.java:6)
	at io.michaelcane.Commands.&lt;init&gt;(Commands.java:5)
	at io.michaelcane.Calculator.&lt;init&gt;(Calculator.java:6)
	at io.michaelcane.Commands.&lt;init&gt;(Commands.java:5)
	at io.michaelcane.Calculator.&lt;init&gt;(Calculator.java:6)
	at io.michaelcane.Commands.&lt;init&gt;(Commands.java:5)
	at io.michaelcane.Calculator.&lt;init&gt;(Calculator.java:6)
	at io.michaelcane.Commands.&lt;init&gt;(Commands.java:5)
	at io.michaelcane.Calculator.&lt;init&gt;(Calculator.java:6)
	at io.michaelcane.Commands.&lt;init&gt;(Commands.java:5)
	at io.michaelcane.Calculator.&lt;init&gt;(Calculator.java:6)
	at io.michaelcane.Commands.&lt;init&gt;(Commands.java:5)
	at io.michaelcane.Calculator.&lt;init&gt;(Calculator.java:6)
	at io.michaelcane.Commands.&lt;init&gt;(Commands.java:5)
	at io.michaelcane.Calculator.&lt;init&gt;(Calculator.java:6)
	at io.michaelcane.Commands.&lt;init&gt;(Commands.java:5)
	at io.michaelcane.Calculator.&lt;init&gt;(Calculator.java:6)
	at io.michaelcane.Commands.&lt;init&gt;(Commands.java:5)
	at io.michaelcane.Calculator.&lt;init&gt;(Calculator.java:6)
	at io.michaelcane.Commands.&lt;init&gt;(Commands.java:5)
	at io.michaelcane.Calculator.&lt;init&gt;(Calculator.java:6)
	at io.michaelcane.Commands.&lt;init&gt;(Commands.java:5)
	at io.michaelcane.Calculator.&lt;init&gt;(Calculator.java:6)
	at io.michaelcane.Commands.&lt;init&gt;(Commands.java:5)
	at io.michaelcane.Calculator.&lt;init&gt;(Calculator.java:6)
	at io.michaelcane.Commands.&lt;init&gt;(Commands.java:5)
	at io.michaelcane.Calculator.&lt;init&gt;(Calculator.java:6)
	at io.michaelcane.Commands.&lt;init&gt;(Commands.java:5)
	at io.michaelcane.Calculator.&lt;init&gt;(Calculator.java:6)
	at io.michaelcane.Commands.&lt;init&gt;(Commands.java:5)
	at io.michaelcane.Calculator.&lt;init&gt;(Calculator.java:6)
	at io.michaelcane.Commands.&lt;init&gt;(Commands.java:5)
	at io.michaelcane.Calculator.&lt;init&gt;(Calculator.java:6)
	at io.michaelcane.Commands.&lt;init&gt;(Commands.java:5)
	at io.michaelcane.Calculator.&lt;init&gt;(Calculator.java:6)
	at io.michaelcane.Commands.&lt;init&gt;(Commands.java:5)
	at io.michaelcane.Calculator.&lt;init&gt;(Calculator.java:6)
	at io.michaelcane.Commands.&lt;init&gt;(Commands.java:5)
	at io.michaelcane.Calculator.&lt;init&gt;(Calculator.java:6)
	at io.michaelcane.Commands.&lt;init&gt;(Commands.java:5)
	at io.michaelcane.Calculator.&lt;init&gt;(Calculator.java:6)
	at io.michaelcane.Commands.&lt;init&gt;(Commands.java:5)
	at io.michaelcane.Calculator.&lt;init&gt;(Calculator.java:6)
	at io.michaelcane.Commands.&lt;init&gt;(Commands.java:5)
	at io.michaelcane.Calculator.&lt;init&gt;(Calculator.java:6)
	at io.michaelcane.Commands.&lt;init&gt;(Commands.java:5)
	at io.michaelcane.Calculator.&lt;init&gt;(Calculator.java:6)
	at io.michaelcane.Commands.&lt;init&gt;(Commands.java:5)
	at io.michaelcane.Calculator.&lt;init&gt;(Calculator.java:6)
	at io.michaelcane.Commands.&lt;init&gt;(Commands.java:5)
	at io.michaelcane.Calculator.&lt;init&gt;(Calculator.java:6)
	at io.michaelcane.Commands.&lt;init&gt;(Commands.java:5)
	at io.michaelcane.Calculator.&lt;init&gt;(Calculator.java:6)
	at io.michaelcane.Commands.&lt;init&gt;(Commands.java:5)
	at io.michaelcane.Calculator.&lt;init&gt;(Calculator.java:6)
	at io.michaelcane.Commands.&lt;init&gt;(Commands.java:5)
	at io.michaelcane.Calculator.&lt;init&gt;(Calculator.java:6)
	at io.michaelcane.Commands.&lt;init&gt;(Commands.java:5)
	at io.michaelcane.Calculator.&lt;init&gt;(Calculator.java:6)
	at io.michaelcane.Commands.&lt;init&gt;(Commands.java:5)
	at io.michaelcane.Calculator.&lt;init&gt;(Calculator.java:6)
	at io.michaelcane.Commands.&lt;init&gt;(Commands.java:5)
	at io.michaelcane.Calculator.&lt;init&gt;(Calculator.java:6)
	at io.michaelcane.Commands.&lt;init&gt;(Commands.java:5)
	at io.michaelcane.Calculator.&lt;init&gt;(Calculator.java:6)
	at io.michaelcane.Commands.&lt;init&gt;(Commands.java:5)
	at io.michaelcane.Calculator.&lt;init&gt;(Calculator.java:6)
	at io.michaelcane.Commands.&lt;init&gt;(Commands.java:5)
	at io.michaelcane.Calculator.&lt;init&gt;(Calculator.java:6)
	at io.michaelcane.Commands.&lt;init&gt;(Commands.java:5)
	at io.michaelcane.Calculator.&lt;init&gt;(Calculator.java:6)
	at io.michaelcane.Commands.&lt;init&gt;(Commands.java:5)
	at io.michaelcane.Calculator.&lt;init&gt;(Calculator.java:6)
	at io.michaelcane.Commands.&lt;init&gt;(Commands.java:5)
	at io.michaelcane.Calculator.&lt;init&gt;(Calculator.java:6)
	at io.michaelcane.Commands.&lt;init&gt;(Commands.java:5)
	at io.michaelcane.Calculator.&lt;init&gt;(Calculator.java:6)
	at io.michaelcane.Commands.&lt;init&gt;(Commands.java:5)
	at io.michaelcane.Calculator.&lt;init&gt;(Calculator.java:6)
	at io.michaelcane.Commands.&lt;init&gt;(Commands.java:5)
	at io.michaelcane.Calculator.&lt;init&gt;(Calculator.java:6)
	at io.michaelcane.Commands.&lt;init&gt;(Commands.java:5)
	at io.michaelcane.Calculator.&lt;init&gt;(Calculator.java:6)
	at io.michaelcane.Commands.&lt;init&gt;(Commands.java:5)
	at io.michaelcane.Calculator.&lt;init&gt;(Calculator.java:6)
	at io.michaelcane.Commands.&lt;init&gt;(Commands.java:5)
	at io.michaelcane.Calculator.&lt;init&gt;(Calculator.java:6)
	at io.michaelcane.Commands.&lt;init&gt;(Commands.java:5)
	at io.michaelcane.Calculator.&lt;init&gt;(Calculator.java:6)
	at io.michaelcane.Commands.&lt;init&gt;(Commands.java:5)
	at io.michaelcane.Calculator.&lt;init&gt;(Calculator.java:6)
	at io.michaelcane.Commands.&lt;init&gt;(Commands.java:5)
	at io.michaelcane.Calculator.&lt;init&gt;(Calculator.java:6)
	at io.michaelcane.Commands.&lt;init&gt;(Commands.java:5)
	at io.michaelcane.Calculator.&lt;init&gt;(Calculator.java:6)
	at io.michaelcane.Commands.&lt;init&gt;(Commands.java:5)
	at io.michaelcane.Calculator.&lt;init&gt;(Calculator.java:6)
	at io.michaelcane.Commands.&lt;init&gt;(Commands.java:5)
	at io.michaelcane.Calculator.&lt;init&gt;(Calculator.java:6)
	at io.michaelcane.Commands.&lt;init&gt;(Commands.java:5)
	at io.michaelcane.Calculator.&lt;init&gt;(Calculator.java:6)
	at io.michaelcane.Commands.&lt;init&gt;(Commands.java:5)
	at io.michaelcane.Calculator.&lt;init&gt;(Calculator.java:6)
	at io.michaelcane.Commands.&lt;init&gt;(Commands.java:5)
	at io.michaelcane.Calculator.&lt;init&gt;(Calculator.java:6)
	at io.michaelcane.Commands.&lt;init&gt;(Commands.java:5)
	at io.michaelcane.Calculator.&lt;init&gt;(Calculator.java:6)
	at io.michaelcane.Commands.&lt;init&gt;(Commands.java:5)
	at io.michaelcane.Calculator.&lt;init&gt;(Calculator.java:6)
	at io.michaelcane.Commands.&lt;init&gt;(Commands.java:5)
	at io.michaelcane.Calculator.&lt;init&gt;(Calculator.java:6)
	at io.michaelcane.Commands.&lt;init&gt;(Commands.java:5)
	at io.michaelcane.Calculator.&lt;init&gt;(Calculator.java:6)
	at io.michaelcane.Commands.&lt;init&gt;(Commands.java:5)
	at io.michaelcane.Calculator.&lt;init&gt;(Calculator.java:6)
	at io.michaelcane.Commands.&lt;init&gt;(Commands.java:5)
	at io.michaelcane.Calculator.&lt;init&gt;(Calculator.java:6)
	at io.michaelcane.Commands.&lt;init&gt;(Commands.java:5)
	at io.michaelcane.Calculator.&lt;init&gt;(Calculator.java:6)
	at io.michaelcane.Commands.&lt;init&gt;(Commands.java:5)
	at io.michaelcane.Calculator.&lt;init&gt;(Calculator.java:6)
	at io.michaelcane.Commands.&lt;init&gt;(Commands.java:5)
	at io.michaelcane.Calculator.&lt;init&gt;(Calculator.java:6)
	at io.michaelcane.Commands.&lt;init&gt;(Commands.java:5)
	at io.michaelcane.Calculator.&lt;init&gt;(Calculator.java:6)
	at io.michaelcane.Commands.&lt;init&gt;(Commands.java:5)
	at io.michaelcane.Calculator.&lt;init&gt;(Calculator.java:6)
	at io.michaelcane.Commands.&lt;init&gt;(Commands.java:5)
	at io.michaelcane.Calculator.&lt;init&gt;(Calculator.java:6)
	at io.michaelcane.Commands.&lt;init&gt;(Commands.java:5)
	at io.michaelcane.Calculator.&lt;init&gt;(Calculator.java:6)
	at io.michaelcane.Commands.&lt;init&gt;(Commands.java:5)
	at io.michaelcane.Calculator.&lt;init&gt;(Calculator.java:6)
	at io.michaelcane.Commands.&lt;init&gt;(Commands.java:5)
	at io.michaelcane.Calculator.&lt;init&gt;(Calculator.java:6)
	at io.michaelcane.Commands.&lt;init&gt;(Commands.java:5)
	at io.michaelcane.Calculator.&lt;init&gt;(Calculator.java:6)
	at io.michaelcane.Commands.&lt;init&gt;(Commands.java:5)
	at io.michaelcane.Calculator.&lt;init&gt;(Calculator.java:6)
	at io.michaelcane.Commands.&lt;init&gt;(Commands.java:5)
	at io.michaelcane.Calculator.&lt;init&gt;(Calculator.java:6)
	at io.michaelcane.Commands.&lt;init&gt;(Commands.java:5)
	at io.michaelcane.Calculator.&lt;init&gt;(Calculator.java:6)
	at io.michaelcane.Commands.&lt;init&gt;(Commands.java:5)
	at io.michaelcane.Calculator.&lt;init&gt;(Calculator.java:6)
	at io.michaelcane.Commands.&lt;init&gt;(Commands.java:5)
	at io.michaelcane.Calculator.&lt;init&gt;(Calculator.java:6)
	at io.michaelcane.Commands.&lt;init&gt;(Commands.java:5)
	at io.michaelcane.Calculator.&lt;init&gt;(Calculator.java:6)
	at io.michaelcane.Commands.&lt;init&gt;(Commands.java:5)
	at io.michaelcane.Calculator.&lt;init&gt;(Calculator.java:6)
	at io.michaelcane.Commands.&lt;init&gt;(Commands.java:5)
	at io.michaelcane.Calculator.&lt;init&gt;(Calculator.java:6)
	at io.michaelcane.Commands.&lt;init&gt;(Commands.java:5)
	at io.michaelcane.Calculator.&lt;init&gt;(Calculator.java:6)
	at io.michaelcane.Commands.&lt;init&gt;(Commands.java:5)
	at io.michaelcane.Calculator.&lt;init&gt;(Calculator.java:6)
	at io.michaelcane.Commands.&lt;init&gt;(Commands.java:5)
	at io.michaelcane.Calculator.&lt;init&gt;(Calculator.java:6)
	at io.michaelcane.Commands.&lt;init&gt;(Commands.java:5)
	at io.michaelcane.Calculator.&lt;init&gt;(Calculator.java:6)
	at io.michaelcane.Commands.&lt;init&gt;(Commands.java:5)
	at io.michaelcane.Calculator.&lt;init&gt;(Calculator.java:6)
	at io.michaelcane.Commands.&lt;init&gt;(Commands.java:5)
	at io.michaelcane.Calculator.&lt;init&gt;(Calculator.java:6)
	at io.michaelcane.Commands.&lt;init&gt;(Commands.java:5)
	at io.michaelcane.Calculator.&lt;init&gt;(Calculator.java:6)
	at io.michaelcane.Commands.&lt;init&gt;(Commands.java:5)
	at io.michaelcane.Calculator.&lt;init&gt;(Calculator.java:6)
	at io.michaelcane.Commands.&lt;init&gt;(Commands.java:5)
	at io.michaelcane.Calculator.&lt;init&gt;(Calculator.java:6)
	at io.michaelcane.Commands.&lt;init&gt;(Commands.java:5)
	at io.michaelcane.Calculator.&lt;init&gt;(Calculator.java:6)
	at io.michaelcane.Commands.&lt;init&gt;(Commands.java:5)
	at io.michaelcane.Calculator.&lt;init&gt;(Calculator.java:6)
	at io.michaelcane.Commands.&lt;init&gt;(Commands.java:5)
	at io.michaelcane.Calculator.&lt;init&gt;(Calculator.java:6)
	at io.michaelcane.Commands.&lt;init&gt;(Commands.java:5)
	at io.michaelcane.Calculator.&lt;init&gt;(Calculator.java:6)
	at io.michaelcane.Commands.&lt;init&gt;(Commands.java:5)
	at io.michaelcane.Calculator.&lt;init&gt;(Calculator.java:6)
	at io.michaelcane.Commands.&lt;init&gt;(Commands.java:5)
	at io.michaelcane.Calculator.&lt;init&gt;(Calculator.java:6)
	at io.michaelcane.Commands.&lt;init&gt;(Commands.java:5)
	at io.michaelcane.Calculator.&lt;init&gt;(Calculator.java:6)
	at io.michaelcane.Commands.&lt;init&gt;(Commands.java:5)
	at io.michaelcane.Calculator.&lt;init&gt;(Calculator.java:6)
	at io.michaelcane.Commands.&lt;init&gt;(Commands.java:5)
	at io.michaelcane.Calculator.&lt;init&gt;(Calculator.java:6)
	at io.michaelcane.Commands.&lt;init&gt;(Commands.java:5)
	at io.michaelcane.Calculator.&lt;init&gt;(Calculator.java:6)
	at io.michaelcane.Commands.&lt;init&gt;(Commands.java:5)
	at io.michaelcane.Calculator.&lt;init&gt;(Calculator.java:6)
	at io.michaelcane.Commands.&lt;init&gt;(Commands.java:5)
	at io.michaelcane.Calculator.&lt;init&gt;(Calculator.java:6)
	at io.michaelcane.Commands.&lt;init&gt;(Commands.java:5)
	at io.michaelcane.Calculator.&lt;init&gt;(Calculator.java:6)
	at io.michaelcane.Commands.&lt;init&gt;(Commands.java:5)
	at io.michaelcane.Calculator.&lt;init&gt;(Calculator.java:6)
	at io.michaelcane.Commands.&lt;init&gt;(Commands.java:5)
	at io.michaelcane.Calculator.&lt;init&gt;(Calculator.java:6)
	at io.michaelcane.Commands.&lt;init&gt;(Commands.java:5)
	at io.michaelcane.Calculator.&lt;init&gt;(Calculator.java:6)
	at io.michaelcane.Commands.&lt;init&gt;(Commands.java:5)
	at io.michaelcane.Calculator.&lt;init&gt;(Calculator.java:6)
	at io.michaelcane.Commands.&lt;init&gt;(Commands.java:5)
	at io.michaelcane.Calculator.&lt;init&gt;(Calculator.java:6)
	at io.michaelcane.Commands.&lt;init&gt;(Commands.java:5)
	at io.michaelcane.Calculator.&lt;init&gt;(Calculator.java:6)
	at io.michaelcane.Commands.&lt;init&gt;(Commands.java:5)
	at io.michaelcane.Calculator.&lt;init&gt;(Calculator.java:6)
	at io.michaelcane.Commands.&lt;init&gt;(Commands.java:5)
	at io.michaelcane.Calculator.&lt;init&gt;(Calculator.java:6)
	at io.michaelcane.Commands.&lt;init&gt;(Commands.java:5)
	at io.michaelcane.Calculator.&lt;init&gt;(Calculator.java:6)
	at io.michaelcane.Commands.&lt;init&gt;(Commands.java:5)
	at io.michaelcane.Calculator.&lt;init&gt;(Calculator.java:6)
	at io.michaelcane.Commands.&lt;init&gt;(Commands.java:5)
	at io.michaelcane.Calculator.&lt;init&gt;(Calculator.java:6)
	at io.michaelcane.Commands.&lt;init&gt;(Commands.java:5)
	at io.michaelcane.Calculator.&lt;init&gt;(Calculator.java:6)
	at io.michaelcane.Commands.&lt;init&gt;(Commands.java:5)
	at io.michaelcane.Calculator.&lt;init&gt;(Calculator.java:6)
	at io.michaelcane.Commands.&lt;init&gt;(Commands.java:5)
	at io.michaelcane.Calculator.&lt;init&gt;(Calculator.java:6)
	at io.michaelcane.Commands.&lt;init&gt;(Commands.java:5)
	at io.michaelcane.Calculator.&lt;init&gt;(Calculator.java:6)
	at io.michaelcane.Commands.&lt;init&gt;(Commands.java:5)
	at io.michaelcane.Calculator.&lt;init&gt;(Calculator.java:6)
	at io.michaelcane.Commands.&lt;init&gt;(Commands.java:5)
	at io.michaelcane.Calculator.&lt;init&gt;(Calculator.java:6)
	at io.michaelcane.Commands.&lt;init&gt;(Commands.java:5)
	at io.michaelcane.Calculator.&lt;init&gt;(Calculator.java:6)
	at io.michaelcane.Commands.&lt;init&gt;(Commands.java:5)
	at io.michaelcane.Calculator.&lt;init&gt;(Calculator.java:6)
	at io.michaelcane.Commands.&lt;init&gt;(Commands.java:5)
	at io.michaelcane.Calculator.&lt;init&gt;(Calculator.java:6)
	at io.michaelcane.Commands.&lt;init&gt;(Commands.java:5)
	at io.michaelcane.Calculator.&lt;init&gt;(Calculator.java:6)
	at io.michaelcane.Commands.&lt;init&gt;(Commands.java:5)
	at io.michaelcane.Calculator.&lt;init&gt;(Calculator.java:6)
	at io.michaelcane.Commands.&lt;init&gt;(Commands.java:5)
	at io.michaelcane.Calculator.&lt;init&gt;(Calculator.java:6)
	at io.michaelcane.Commands.&lt;init&gt;(Commands.java:5)
	at io.michaelcane.Calculator.&lt;init&gt;(Calculator.java:6)
	at io.michaelcane.Commands.&lt;init&gt;(Commands.java:5)
	at io.michaelcane.Calculator.&lt;init&gt;(Calculator.java:6)
	at io.michaelcane.Commands.&lt;init&gt;(Commands.java:5)
	at io.michaelcane.Calculator.&lt;init&gt;(Calculator.java:6)
	at io.michaelcane.Commands.&lt;init&gt;(Commands.java:5)
	at io.michaelcane.Calculator.&lt;init&gt;(Calculator.java:6)
	at io.michaelcane.Commands.&lt;init&gt;(Commands.java:5)
	at io.michaelcane.Calculator.&lt;init&gt;(Calculator.java:6)
	at io.michaelcane.Commands.&lt;init&gt;(Commands.java:5)
	at io.michaelcane.Calculator.&lt;init&gt;(Calculator.java:6)
	at io.michaelcane.Commands.&lt;init&gt;(Commands.java:5)
	at io.michaelcane.Calculator.&lt;init&gt;(Calculator.java:6)
	at io.michaelcane.Commands.&lt;init&gt;(Commands.java:5)
	at io.michaelcane.Calculator.&lt;init&gt;(Calculator.java:6)
	at io.michaelcane.Commands.&lt;init&gt;(Commands.java:5)
	at io.michaelcane.Calculator.&lt;init&gt;(Calculator.java:6)
	at io.michaelcane.Commands.&lt;init&gt;(Commands.java:5)
	at io.michaelcane.Calculator.&lt;init&gt;(Calculator.java:6)
	at io.michaelcane.Commands.&lt;init&gt;(Commands.java:5)
	at io.michaelcane.Calculator.&lt;init&gt;(Calculator.java:6)
	at io.michaelcane.Commands.&lt;init&gt;(Commands.java:5)
	at io.michaelcane.Calculator.&lt;init&gt;(Calculator.java:6)
	at io.michaelcane.Commands.&lt;init&gt;(Commands.java:5)
	at io.michaelcane.Calculator.&lt;init&gt;(Calculator.java:6)
	at io.michaelcane.Commands.&lt;init&gt;(Commands.java:5)
	at io.michaelcane.Calculator.&lt;init&gt;(Calculator.java:6)
	at io.michaelcane.Commands.&lt;init&gt;(Commands.java:5)
	at io.michaelcane.Calculator.&lt;init&gt;(Calculator.java:6)
	at io.michaelcane.Commands.&lt;init&gt;(Commands.java:5)
	at io.michaelcane.Calculator.&lt;init&gt;(Calculator.java:6)
	at io.michaelcane.Commands.&lt;init&gt;(Commands.java:5)
	at io.michaelcane.Calculator.&lt;init&gt;(Calculator.java:6)
	at io.michaelcane.Commands.&lt;init&gt;(Commands.java:5)
	at io.michaelcane.Calculator.&lt;init&gt;(Calculator.java:6)
	at io.michaelcane.Commands.&lt;init&gt;(Commands.java:5)
	at io.michaelcane.Calculator.&lt;init&gt;(Calculator.java:6)
	at io.michaelcane.Commands.&lt;init&gt;(Commands.java:5)
	at io.michaelcane.Calculator.&lt;init&gt;(Calculator.java:6)
	at io.michaelcane.Commands.&lt;init&gt;(Commands.java:5)
	at io.michaelcane.Calculator.&lt;init&gt;(Calculator.java:6)
	at io.michaelcane.Commands.&lt;init&gt;(Commands.java:5)
	at io.michaelcane.Calculator.&lt;init&gt;(Calculator.java:6)
	at io.michaelcane.Commands.&lt;init&gt;(Commands.java:5)
	at io.michaelcane.Calculator.&lt;init&gt;(Calculator.java:6)
	at io.michaelcane.Commands.&lt;init&gt;(Commands.java:5)
	at io.michaelcane.Calculator.&lt;init&gt;(Calculator.java:6)
	at io.michaelcane.Commands.&lt;init&gt;(Commands.java:5)
	at io.michaelcane.Calculator.&lt;init&gt;(Calculator.java:6)
	at io.michaelcane.Commands.&lt;init&gt;(Commands.java:5)
	at io.michaelcane.Calculator.&lt;init&gt;(Calculator.java:6)
	at io.michaelcane.Commands.&lt;init&gt;(Commands.java:5)
	at io.michaelcane.Calculator.&lt;init&gt;(Calculator.java:6)
	at io.michaelcane.Commands.&lt;init&gt;(Commands.java:5)
	at io.michaelcane.Calculator.&lt;init&gt;(Calculator.java:6)
	at io.michaelcane.Commands.&lt;init&gt;(Commands.java:5)
	at io.michaelcane.Calculator.&lt;init&gt;(Calculator.java:6)
	at io.michaelcane.Commands.&lt;init&gt;(Commands.java:5)
	at io.michaelcane.Calculator.&lt;init&gt;(Calculator.java:6)
	at io.michaelcane.Commands.&lt;init&gt;(Commands.java:5)
	at io.michaelcane.Calculator.&lt;init&gt;(Calculator.java:6)
	at io.michaelcane.Commands.&lt;init&gt;(Commands.java:5)
	at io.michaelcane.Calculator.&lt;init&gt;(Calculator.java:6)
	at io.michaelcane.Commands.&lt;init&gt;(Commands.java:5)
	at io.michaelcane.Calculator.&lt;init&gt;(Calculator.java:6)
	at io.michaelcane.Commands.&lt;init&gt;(Commands.java:5)
	at io.michaelcane.Calculator.&lt;init&gt;(Calculator.java:6)
	at io.michaelcane.Commands.&lt;init&gt;(Commands.java:5)
	at io.michaelcane.Calculator.&lt;init&gt;(Calculator.java:6)
	at io.michaelcane.Commands.&lt;init&gt;(Commands.java:5)
	at io.michaelcane.Calculator.&lt;init&gt;(Calculator.java:6)
	at io.michaelcane.Commands.&lt;init&gt;(Commands.java:5)
	at io.michaelcane.Calculator.&lt;init&gt;(Calculator.java:6)
	at io.michaelcane.Commands.&lt;init&gt;(Commands.java:5)
	at io.michaelcane.Calculator.&lt;init&gt;(Calculator.java:6)
	at io.michaelcane.Commands.&lt;init&gt;(Commands.java:5)
	at io.michaelcane.Calculator.&lt;init&gt;(Calculator.java:6)
	at io.michaelcane.Commands.&lt;init&gt;(Commands.java:5)
	at io.michaelcane.Calculator.&lt;init&gt;(Calculator.java:6)
	at io.michaelcane.Commands.&lt;init&gt;(Commands.java:5)
	at io.michaelcane.Calculator.&lt;init&gt;(Calculator.java:6)
	at io.michaelcane.Commands.&lt;init&gt;(Commands.java:5)
	at io.michaelcane.Calculator.&lt;init&gt;(Calculator.java:6)
	at io.michaelcane.Commands.&lt;init&gt;(Commands.java:5)
	at io.michaelcane.Calculator.&lt;init&gt;(Calculator.java:6)
	at io.michaelcane.Commands.&lt;init&gt;(Commands.java:5)
	at io.michaelcane.Calculator.&lt;init&gt;(Calculator.java:6)
	at io.michaelcane.Commands.&lt;init&gt;(Commands.java:5)
	at io.michaelcane.Calculator.&lt;init&gt;(Calculator.java:6)
	at io.michaelcane.Commands.&lt;init&gt;(Commands.java:5)
	at io.michaelcane.Calculator.&lt;init&gt;(Calculator.java:6)
	at io.michaelcane.Commands.&lt;init&gt;(Commands.java:5)
	at io.michaelcane.Calculator.&lt;init&gt;(Calculator.java:6)
	at io.michaelcane.Commands.&lt;init&gt;(Commands.java:5)
	at io.michaelcane.Calculator.&lt;init&gt;(Calculator.java:6)
	at io.michaelcane.Commands.&lt;init&gt;(Commands.java:5)
	at io.michaelcane.Calculator.&lt;init&gt;(Calculator.java:6)
	at io.michaelcane.Commands.&lt;init&gt;(Commands.java:5)
	at io.michaelcane.Calculator.&lt;init&gt;(Calculator.java:6)
	at io.michaelcane.Commands.&lt;init&gt;(Commands.java:5)
	at io.michaelcane.Calculator.&lt;init&gt;(Calculator.java:6)
	at io.michaelcane.Commands.&lt;init&gt;(Commands.java:5)
	at io.michaelcane.Calculator.&lt;init&gt;(Calculator.java:6)
	at io.michaelcane.Commands.&lt;init&gt;(Commands.java:5)
	at io.michaelcane.Calculator.&lt;init&gt;(Calculator.java:6)
	at io.michaelcane.Commands.&lt;init&gt;(Commands.java:5)
	at io.michaelcane.Calculator.&lt;init&gt;(Calculator.java:6)
	at io.michaelcane.Commands.&lt;init&gt;(Commands.java:5)
	at io.michaelcane.Calculator.&lt;init&gt;(Calculator.java:6)
	at io.michaelcane.Commands.&lt;init&gt;(Commands.java:5)
	at io.michaelcane.Calculator.&lt;init&gt;(Calculator.java:6)
	at io.michaelcane.Commands.&lt;init&gt;(Commands.java:5)
	at io.michaelcane.Calculator.&lt;init&gt;(Calculator.java:6)
	at io.michaelcane.Commands.&lt;init&gt;(Commands.java:5)
	at io.michaelcane.Calculator.&lt;init&gt;(Calculator.java:6)
	at io.michaelcane.Commands.&lt;init&gt;(Commands.java:5)
	at io.michaelcane.Calculator.&lt;init&gt;(Calculator.java:6)
	at io.michaelcane.Commands.&lt;init&gt;(Commands.java:5)
	at io.michaelcane.Calculator.&lt;init&gt;(Calculator.java:6)
	at io.michaelcane.Commands.&lt;init&gt;(Commands.java:5)
	at io.michaelcane.Calculator.&lt;init&gt;(Calculator.java:6)
	at io.michaelcane.Commands.&lt;init&gt;(Commands.java:5)
	at io.michaelcane.Calculator.&lt;init&gt;(Calculator.java:6)
	at io.michaelcane.Commands.&lt;init&gt;(Commands.java:5)
	at io.michaelcane.Calculator.&lt;init&gt;(Calculator.java:6)
	at io.michaelcane.Commands.&lt;init&gt;(Commands.java:5)
	at io.michaelcane.Calculator.&lt;init&gt;(Calculator.java:6)
	at io.michaelcane.Commands.&lt;init&gt;(Commands.java:5)
	at io.michaelcane.Calculator.&lt;init&gt;(Calculator.java:6)
	at io.michaelcane.Commands.&lt;init&gt;(Commands.java:5)
	at io.michaelcane.Calculator.&lt;init&gt;(Calculator.java:6)
	at io.michaelcane.Commands.&lt;init&gt;(Commands.java:5)
	at io.michaelcane.Calculator.&lt;init&gt;(Calculator.java:6)
	at io.michaelcane.Commands.&lt;init&gt;(Commands.java:5)
	at io.michaelcane.Calculator.&lt;init&gt;(Calculator.java:6)
	at io.michaelcane.Commands.&lt;init&gt;(Commands.java:5)
	at io.michaelcane.Calculator.&lt;init&gt;(Calculator.java:6)
	at io.michaelcane.Commands.&lt;init&gt;(Commands.java:5)
	at io.michaelcane.Calculator.&lt;init&gt;(Calculator.java:6)
	at io.michaelcane.Commands.&lt;init&gt;(Commands.java:5)
	at io.michaelcane.Calculator.&lt;init&gt;(Calculator.java:6)
	at io.michaelcane.Commands.&lt;init&gt;(Commands.java:5)
	at io.michaelcane.Calculator.&lt;init&gt;(Calculator.java:6)
	at io.michaelcane.Commands.&lt;init&gt;(Commands.java:5)
	at io.michaelcane.Calculator.&lt;init&gt;(Calculator.java:6)
	at io.michaelcane.Commands.&lt;init&gt;(Commands.java:5)
	at io.michaelcane.Calculator.&lt;init&gt;(Calculator.java:6)
	at io.michaelcane.Commands.&lt;init&gt;(Commands.java:5)
	at io.michaelcane.Calculator.&lt;init&gt;(Calculator.java:6)
	at io.michaelcane.Commands.&lt;init&gt;(Commands.java:5)
	at io.michaelcane.Calculator.&lt;init&gt;(Calculator.java:6)
	at io.michaelcane.Commands.&lt;init&gt;(Commands.java:5)
	at io.michaelcane.Calculator.&lt;init&gt;(Calculator.java:6)
	at io.michaelcane.Commands.&lt;init&gt;(Commands.java:5)
	at io.michaelcane.Calculator.&lt;init&gt;(Calculator.java:6)
	at io.michaelcane.Commands.&lt;init&gt;(Commands.java:5)
	at io.michaelcane.Calculator.&lt;init&gt;(Calculator.java:6)
	at io.michaelcane.Commands.&lt;init&gt;(Commands.java:5)
	at io.michaelcane.Calculator.&lt;init&gt;(Calculator.java:6)
	at io.michaelcane.Commands.&lt;init&gt;(Commands.java:5)
	at io.michaelcane.Calculator.&lt;init&gt;(Calculator.java:6)
	at io.michaelcane.Commands.&lt;init&gt;(Commands.java:5)
	at io.michaelcane.Calculator.&lt;init&gt;(Calculator.java:6)
	at io.michaelcane.Commands.&lt;init&gt;(Commands.java:5)
	at io.michaelcane.Calculator.&lt;init&gt;(Calculator.java:6)
	at io.michaelcane.Commands.&lt;init&gt;(Commands.java:5)
	at io.michaelcane.Calculator.&lt;init&gt;(Calculator.java:6)
	at io.michaelcane.Commands.&lt;init&gt;(Commands.java:5)
	at io.michaelcane.Calculator.&lt;init&gt;(Calculator.java:6)
	at io.michaelcane.Commands.&lt;init&gt;(Commands.java:5)
	at io.michaelcane.Calculator.&lt;init&gt;(Calculator.java:6)
	at io.michaelcane.Commands.&lt;init&gt;(Commands.java:5)
	at io.michaelcane.Calculator.&lt;init&gt;(Calculator.java:6)
	at io.michaelcane.Commands.&lt;init&gt;(Commands.java:5)
	at io.michaelcane.Calculator.&lt;init&gt;(Calculator.java:6)
	at io.michaelcane.Commands.&lt;init&gt;(Commands.java:5)
	at io.michaelcane.Calculator.&lt;init&gt;(Calculator.java:6)
	at io.michaelcane.Commands.&lt;init&gt;(Commands.java:5)
	at io.michaelcane.Calculator.&lt;init&gt;(Calculator.java:6)
	at io.michaelcane.Commands.&lt;init&gt;(Commands.java:5)
	at io.michaelcane.Calculator.&lt;init&gt;(Calculator.java:6)
	at io.michaelcane.Commands.&lt;init&gt;(Commands.java:5)
	at io.michaelcane.Calculator.&lt;init&gt;(Calculator.java:6)
	at io.michaelcane.Commands.&lt;init&gt;(Commands.java:5)
	at io.michaelcane.Calculator.&lt;init&gt;(Calculator.java:6)
	at io.michaelcane.Commands.&lt;init&gt;(Commands.java:5)
	at io.michaelcane.Calculator.&lt;init&gt;(Calculator.java:6)
	at io.michaelcane.Commands.&lt;init&gt;(Commands.java:5)
	at io.michaelcane.Calculator.&lt;init&gt;(Calculator.java:6)
	at io.michaelcane.Commands.&lt;init&gt;(Commands.java:5)
	at io.michaelcane.Calculator.&lt;init&gt;(Calculator.java:6)
	at io.michaelcane.Commands.&lt;init&gt;(Commands.java:5)
	at io.michaelcane.Calculator.&lt;init&gt;(Calculator.java:6)
	at io.michaelcane.Commands.&lt;init&gt;(Commands.java:5)
	at io.michaelcane.Calculator.&lt;init&gt;(Calculator.java:6)
	at io.michaelcane.Commands.&lt;init&gt;(Commands.java:5)
	at io.michaelcane.Calculator.&lt;init&gt;(Calculator.java:6)
	at io.michaelcane.Commands.&lt;init&gt;(Commands.java:5)
	at io.michaelcane.Calculator.&lt;init&gt;(Calculator.java:6)
	at io.michaelcane.Commands.&lt;init&gt;(Commands.java:5)
	at io.michaelcane.Calculator.&lt;init&gt;(Calculator.java:6)
	at io.michaelcane.Commands.&lt;init&gt;(Commands.java:5)
	at io.michaelcane.Calculator.&lt;init&gt;(Calculator.java:6)
	at io.michaelcane.Commands.&lt;init&gt;(Commands.java:5)
	at io.michaelcane.Calculator.&lt;init&gt;(Calculator.java:6)
	at io.michaelcane.Commands.&lt;init&gt;(Commands.java:5)
	at io.michaelcane.Calculator.&lt;init&gt;(Calculator.java:6)
	at io.michaelcane.Commands.&lt;init&gt;(Commands.java:5)
	at io.michaelcane.Calculator.&lt;init&gt;(Calculator.java:6)
	at io.michaelcane.Commands.&lt;init&gt;(Commands.java:5)
	at io.michaelcane.Calculator.&lt;init&gt;(Calculator.java:6)
	at io.michaelcane.Commands.&lt;init&gt;(Commands.java:5)
	at io.michaelcane.Calculator.&lt;init&gt;(Calculator.java:6)
	at io.michaelcane.Commands.&lt;init&gt;(Commands.java:5)
	at io.michaelcane.Calculator.&lt;init&gt;(Calculator.java:6)
	at io.michaelcane.Commands.&lt;init&gt;(Commands.java:5)
	at io.michaelcane.Calculator.&lt;init&gt;(Calculator.java:6)
	at io.michaelcane.Commands.&lt;init&gt;(Commands.java:5)
	at io.michaelcane.Calculator.&lt;init&gt;(Calculator.java:6)
	at io.michaelcane.Commands.&lt;init&gt;(Commands.java:5)
	at io.michaelcane.Calculator.&lt;init&gt;(Calculator.java:6)
	at io.michaelcane.Commands.&lt;init&gt;(Commands.java:5)
	at io.michaelcane.Calculator.&lt;init&gt;(Calculator.java:6)
	at io.michaelcane.Commands.&lt;init&gt;(Commands.java:5)
	at io.michaelcane.Calculator.&lt;init&gt;(Calculator.java:6)
	at io.michaelcane.Commands.&lt;init&gt;(Commands.java:5)
	at io.michaelcane.Calculator.&lt;init&gt;(Calculator.java:6)
	at io.michaelcane.Commands.&lt;init&gt;(Commands.java:5)
	at io.michaelcane.Calculator.&lt;init&gt;(Calculator.java:6)
	at io.michaelcane.Commands.&lt;init&gt;(Commands.java:5)
	at io.michaelcane.Calculator.&lt;init&gt;(Calculator.java:6)
	at io.michaelcane.Commands.&lt;init&gt;(Commands.java:5)
	at io.michaelcane.Calculator.&lt;init&gt;(Calculator.java:6)
	at io.michaelcane.Commands.&lt;init&gt;(Commands.java:5)
	at io.michaelcane.Calculator.&lt;init&gt;(Calculator.java:6)
	at io.michaelcane.Commands.&lt;init&gt;(Commands.java:5)
	at io.michaelcane.Calculator.&lt;init&gt;(Calculator.java:6)
	at io.michaelcane.Commands.&lt;init&gt;(Commands.java:5)
	at io.michaelcane.Calculator.&lt;init&gt;(Calculator.java:6)
	at io.michaelcane.Commands.&lt;init&gt;(Commands.java:5)
	at io.michaelcane.Calculator.&lt;init&gt;(Calculator.java:6)
	at io.michaelcane.Commands.&lt;init&gt;(Commands.java:5)
	at io.michaelcane.Calculator.&lt;init&gt;(Calculator.java:6)
	at io.michaelcane.Commands.&lt;init&gt;(Commands.java:5)
	at io.michaelcane.Calculator.&lt;init&gt;(Calculator.java:6)
	at io.michaelcane.Commands.&lt;init&gt;(Commands.java:5)
	at io.michaelcane.Calculator.&lt;init&gt;(Calculator.java:6)
	at io.michaelcane.Commands.&lt;init&gt;(Commands.java:5)
	at io.michaelcane.Calculator.&lt;init&gt;(Calculator.java:6)
	at io.michaelcane.Commands.&lt;init&gt;(Commands.java:5)
	at io.michaelcane.Calculator.&lt;init&gt;(Calculator.java:6)
	at io.michaelcane.Commands.&lt;init&gt;(Commands.java:5)
	at io.michaelcane.Calculator.&lt;init&gt;(Calculator.java:6)
	at io.michaelcane.Commands.&lt;init&gt;(Commands.java:5)
	at io.michaelcane.Calculator.&lt;init&gt;(Calculator.java:6)
	at io.michaelcane.Commands.&lt;init&gt;(Commands.java:5)
	at io.michaelcane.Calculator.&lt;init&gt;(Calculator.java:6)
	at io.michaelcane.Commands.&lt;init&gt;(Commands.java:5)
	at io.michaelcane.Calculator.&lt;init&gt;(Calculator.java:6)
	at io.michaelcane.Commands.&lt;init&gt;(Commands.java:5)
	at io.michaelcane.Calculator.&lt;init&gt;(Calculator.java:6)
	at io.michaelcane.Commands.&lt;init&gt;(Commands.java:5)
	at io.michaelcane.Calculator.&lt;init&gt;(Calculator.java:6)
	at io.michaelcane.Commands.&lt;init&gt;(Commands.java:5)
	at io.michaelcane.Calculator.&lt;init&gt;(Calculator.java:6)
	at io.michaelcane.Commands.&lt;init&gt;(Commands.java:5)
	at io.michaelcane.Calculator.&lt;init&gt;(Calculator.java:6)
	at io.michaelcane.Commands.&lt;init&gt;(Commands.java:5)
	at io.michaelcane.Calculator.&lt;init&gt;(Calculator.java:6)
	at io.michaelcane.Commands.&lt;init&gt;(Commands.java:5)
	at io.michaelcane.Calculator.&lt;init&gt;(Calculator.java:6)
	at io.michaelcane.Commands.&lt;init&gt;(Commands.java:5)
	at io.michaelcane.Calculator.&lt;init&gt;(Calculator.java:6)
	at io.michaelcane.Commands.&lt;init&gt;(Commands.java:5)
	at io.michaelcane.Calculator.&lt;init&gt;(Calculator.java:6)
	at io.michaelcane.Commands.&lt;init&gt;(Commands.java:5)
	at io.michaelcane.Calculator.&lt;init&gt;(Calculator.java:6)
	at io.michaelcane.Commands.&lt;init&gt;(Commands.java:5)
	at io.michaelcane.Calculator.&lt;init&gt;(Calculator.java:6)
	at io.michaelcane.Commands.&lt;init&gt;(Commands.java:5)
	at io.michaelcane.Calculator.&lt;init&gt;(Calculator.java:6)
	at io.michaelcane.Commands.&lt;init&gt;(Commands.java:5)
	at io.michaelcane.Calculator.&lt;init&gt;(Calculator.java:6)
	at io.michaelcane.Commands.&lt;init&gt;(Commands.java:5)
	at io.michaelcane.Calculator.&lt;init&gt;(Calculator.java:6)
	at io.michaelcane.Commands.&lt;init&gt;(Commands.java:5)
	at io.michaelcane.Calculator.&lt;init&gt;(Calculator.java:6)
	at io.michaelcane.Commands.&lt;init&gt;(Commands.java:5)
	at io.michaelcane.Calculator.&lt;init&gt;(Calculator.java:6)
	at io.michaelcane.Commands.&lt;init&gt;(Commands.java:5)
	at io.michaelcane.Calculator.&lt;init&gt;(Calculator.java:6)
	at io.michaelcane.Commands.&lt;init&gt;(Commands.java:5)
	at io.michaelcane.Calculator.&lt;init&gt;(Calculator.java:6)
	at io.michaelcane.Commands.&lt;init&gt;(Commands.java:5)
	at io.michaelcane.Calculator.&lt;init&gt;(Calculator.java:6)
	at io.michaelcane.Commands.&lt;init&gt;(Commands.java:5)
	at io.michaelcane.Calculator.&lt;init&gt;(Calculator.java:6)
	at io.michaelcane.Commands.&lt;init&gt;(Commands.java:5)
	at io.michaelcane.Calculator.&lt;init&gt;(Calculator.java:6)
	at io.michaelcane.Commands.&lt;init&gt;(Commands.java:5)
</error>
  </testcase>
  <testcase classname="io.michaelcane.CalculatorSpec" name="test$inverseSine" time="0.011">
    <error type="java.lang.StackOverflowError">java.lang.StackOverflowError
	at io.michaelcane.Calculator.&lt;init&gt;(Calculator.java:6)
	at io.michaelcane.Commands.&lt;init&gt;(Commands.java:5)
	at io.michaelcane.Calculator.&lt;init&gt;(Calculator.java:6)
	at io.michaelcane.Commands.&lt;init&gt;(Commands.java:5)
	at io.michaelcane.Calculator.&lt;init&gt;(Calculator.java:6)
	at io.michaelcane.Commands.&lt;init&gt;(Commands.java:5)
	at io.michaelcane.Calculator.&lt;init&gt;(Calculator.java:6)
	at io.michaelcane.Commands.&lt;init&gt;(Commands.java:5)
	at io.michaelcane.Calculator.&lt;init&gt;(Calculator.java:6)
	at io.michaelcane.Commands.&lt;init&gt;(Commands.java:5)
	at io.michaelcane.Calculator.&lt;init&gt;(Calculator.java:6)
	at io.michaelcane.Commands.&lt;init&gt;(Commands.java:5)
	at io.michaelcane.Calculator.&lt;init&gt;(Calculator.java:6)
	at io.michaelcane.Commands.&lt;init&gt;(Commands.java:5)
	at io.michaelcane.Calculator.&lt;init&gt;(Calculator.java:6)
	at io.michaelcane.Commands.&lt;init&gt;(Commands.java:5)
	at io.michaelcane.Calculator.&lt;init&gt;(Calculator.java:6)
	at io.michaelcane.Commands.&lt;init&gt;(Commands.java:5)
	at io.michaelcane.Calculator.&lt;init&gt;(Calculator.java:6)
	at io.michaelcane.Commands.&lt;init&gt;(Commands.java:5)
	at io.michaelcane.Calculator.&lt;init&gt;(Calculator.java:6)
	at io.michaelcane.Commands.&lt;init&gt;(Commands.java:5)
	at io.michaelcane.Calculator.&lt;init&gt;(Calculator.java:6)
	at io.michaelcane.Commands.&lt;init&gt;(Commands.java:5)
	at io.michaelcane.Calculator.&lt;init&gt;(Calculator.java:6)
	at io.michaelcane.Commands.&lt;init&gt;(Commands.java:5)
	at io.michaelcane.Calculator.&lt;init&gt;(Calculator.java:6)
	at io.michaelcane.Commands.&lt;init&gt;(Commands.java:5)
	at io.michaelcane.Calculator.&lt;init&gt;(Calculator.java:6)
	at io.michaelcane.Commands.&lt;init&gt;(Commands.java:5)
	at io.michaelcane.Calculator.&lt;init&gt;(Calculator.java:6)
	at io.michaelcane.Commands.&lt;init&gt;(Commands.java:5)
	at io.michaelcane.Calculator.&lt;init&gt;(Calculator.java:6)
	at io.michaelcane.Commands.&lt;init&gt;(Commands.java:5)
	at io.michaelcane.Calculator.&lt;init&gt;(Calculator.java:6)
	at io.michaelcane.Commands.&lt;init&gt;(Commands.java:5)
	at io.michaelcane.Calculator.&lt;init&gt;(Calculator.java:6)
	at io.michaelcane.Commands.&lt;init&gt;(Commands.java:5)
	at io.michaelcane.Calculator.&lt;init&gt;(Calculator.java:6)
	at io.michaelcane.Commands.&lt;init&gt;(Commands.java:5)
	at io.michaelcane.Calculator.&lt;init&gt;(Calculator.java:6)
	at io.michaelcane.Commands.&lt;init&gt;(Commands.java:5)
	at io.michaelcane.Calculator.&lt;init&gt;(Calculator.java:6)
	at io.michaelcane.Commands.&lt;init&gt;(Commands.java:5)
	at io.michaelcane.Calculator.&lt;init&gt;(Calculator.java:6)
	at io.michaelcane.Commands.&lt;init&gt;(Commands.java:5)
	at io.michaelcane.Calculator.&lt;init&gt;(Calculator.java:6)
	at io.michaelcane.Commands.&lt;init&gt;(Commands.java:5)
	at io.michaelcane.Calculator.&lt;init&gt;(Calculator.java:6)
	at io.michaelcane.Commands.&lt;init&gt;(Commands.java:5)
	at io.michaelcane.Calculator.&lt;init&gt;(Calculator.java:6)
	at io.michaelcane.Commands.&lt;init&gt;(Commands.java:5)
	at io.michaelcane.Calculator.&lt;init&gt;(Calculator.java:6)
	at io.michaelcane.Commands.&lt;init&gt;(Commands.java:5)
	at io.michaelcane.Calculator.&lt;init&gt;(Calculator.java:6)
	at io.michaelcane.Commands.&lt;init&gt;(Commands.java:5)
	at io.michaelcane.Calculator.&lt;init&gt;(Calculator.java:6)
	at io.michaelcane.Commands.&lt;init&gt;(Commands.java:5)
	at io.michaelcane.Calculator.&lt;init&gt;(Calculator.java:6)
	at io.michaelcane.Commands.&lt;init&gt;(Commands.java:5)
	at io.michaelcane.Calculator.&lt;init&gt;(Calculator.java:6)
	at io.michaelcane.Commands.&lt;init&gt;(Commands.java:5)
	at io.michaelcane.Calculator.&lt;init&gt;(Calculator.java:6)
	at io.michaelcane.Commands.&lt;init&gt;(Commands.java:5)
	at io.michaelcane.Calculator.&lt;init&gt;(Calculator.java:6)
	at io.michaelcane.Commands.&lt;init&gt;(Commands.java:5)
	at io.michaelcane.Calculator.&lt;init&gt;(Calculator.java:6)
	at io.michaelcane.Commands.&lt;init&gt;(Commands.java:5)
	at io.michaelcane.Calculator.&lt;init&gt;(Calculator.java:6)
	at io.michaelcane.Commands.&lt;init&gt;(Commands.java:5)
	at io.michaelcane.Calculator.&lt;init&gt;(Calculator.java:6)
	at io.michaelcane.Commands.&lt;init&gt;(Commands.java:5)
	at io.michaelcane.Calculator.&lt;init&gt;(Calculator.java:6)
	at io.michaelcane.Commands.&lt;init&gt;(Commands.java:5)
	at io.michaelcane.Calculator.&lt;init&gt;(Calculator.java:6)
	at io.michaelcane.Commands.&lt;init&gt;(Commands.java:5)
	at io.michaelcane.Calculator.&lt;init&gt;(Calculator.java:6)
	at io.michaelcane.Commands.&lt;init&gt;(Commands.java:5)
	at io.michaelcane.Calculator.&lt;init&gt;(Calculator.java:6)
	at io.michaelcane.Commands.&lt;init&gt;(Commands.java:5)
	at io.michaelcane.Calculator.&lt;init&gt;(Calculator.java:6)
	at io.michaelcane.Commands.&lt;init&gt;(Commands.java:5)
	at io.michaelcane.Calculator.&lt;init&gt;(Calculator.java:6)
	at io.michaelcane.Commands.&lt;init&gt;(Commands.java:5)
	at io.michaelcane.Calculator.&lt;init&gt;(Calculator.java:6)
	at io.michaelcane.Commands.&lt;init&gt;(Commands.java:5)
	at io.michaelcane.Calculator.&lt;init&gt;(Calculator.java:6)
	at io.michaelcane.Commands.&lt;init&gt;(Commands.java:5)
	at io.michaelcane.Calculator.&lt;init&gt;(Calculator.java:6)
	at io.michaelcane.Commands.&lt;init&gt;(Commands.java:5)
	at io.michaelcane.Calculator.&lt;init&gt;(Calculator.java:6)
	at io.michaelcane.Commands.&lt;init&gt;(Commands.java:5)
	at io.michaelcane.Calculator.&lt;init&gt;(Calculator.java:6)
	at io.michaelcane.Commands.&lt;init&gt;(Commands.java:5)
	at io.michaelcane.Calculator.&lt;init&gt;(Calculator.java:6)
	at io.michaelcane.Commands.&lt;init&gt;(Commands.java:5)
	at io.michaelcane.Calculator.&lt;init&gt;(Calculator.java:6)
	at io.michaelcane.Commands.&lt;init&gt;(Commands.java:5)
	at io.michaelcane.Calculator.&lt;init&gt;(Calculator.java:6)
	at io.michaelcane.Commands.&lt;init&gt;(Commands.java:5)
	at io.michaelcane.Calculator.&lt;init&gt;(Calculator.java:6)
	at io.michaelcane.Commands.&lt;init&gt;(Commands.java:5)
	at io.michaelcane.Calculator.&lt;init&gt;(Calculator.java:6)
	at io.michaelcane.Commands.&lt;init&gt;(Commands.java:5)
	at io.michaelcane.Calculator.&lt;init&gt;(Calculator.java:6)
	at io.michaelcane.Commands.&lt;init&gt;(Commands.java:5)
	at io.michaelcane.Calculator.&lt;init&gt;(Calculator.java:6)
	at io.michaelcane.Commands.&lt;init&gt;(Commands.java:5)
	at io.michaelcane.Calculator.&lt;init&gt;(Calculator.java:6)
	at io.michaelcane.Commands.&lt;init&gt;(Commands.java:5)
	at io.michaelcane.Calculator.&lt;init&gt;(Calculator.java:6)
	at io.michaelcane.Commands.&lt;init&gt;(Commands.java:5)
	at io.michaelcane.Calculator.&lt;init&gt;(Calculator.java:6)
	at io.michaelcane.Commands.&lt;init&gt;(Commands.java:5)
	at io.michaelcane.Calculator.&lt;init&gt;(Calculator.java:6)
	at io.michaelcane.Commands.&lt;init&gt;(Commands.java:5)
	at io.michaelcane.Calculator.&lt;init&gt;(Calculator.java:6)
	at io.michaelcane.Commands.&lt;init&gt;(Commands.java:5)
	at io.michaelcane.Calculator.&lt;init&gt;(Calculator.java:6)
	at io.michaelcane.Commands.&lt;init&gt;(Commands.java:5)
	at io.michaelcane.Calculator.&lt;init&gt;(Calculator.java:6)
	at io.michaelcane.Commands.&lt;init&gt;(Commands.java:5)
	at io.michaelcane.Calculator.&lt;init&gt;(Calculator.java:6)
	at io.michaelcane.Commands.&lt;init&gt;(Commands.java:5)
	at io.michaelcane.Calculator.&lt;init&gt;(Calculator.java:6)
	at io.michaelcane.Commands.&lt;init&gt;(Commands.java:5)
	at io.michaelcane.Calculator.&lt;init&gt;(Calculator.java:6)
	at io.michaelcane.Commands.&lt;init&gt;(Commands.java:5)
	at io.michaelcane.Calculator.&lt;init&gt;(Calculator.java:6)
	at io.michaelcane.Commands.&lt;init&gt;(Commands.java:5)
	at io.michaelcane.Calculator.&lt;init&gt;(Calculator.java:6)
	at io.michaelcane.Commands.&lt;init&gt;(Commands.java:5)
	at io.michaelcane.Calculator.&lt;init&gt;(Calculator.java:6)
	at io.michaelcane.Commands.&lt;init&gt;(Commands.java:5)
	at io.michaelcane.Calculator.&lt;init&gt;(Calculator.java:6)
	at io.michaelcane.Commands.&lt;init&gt;(Commands.java:5)
	at io.michaelcane.Calculator.&lt;init&gt;(Calculator.java:6)
	at io.michaelcane.Commands.&lt;init&gt;(Commands.java:5)
	at io.michaelcane.Calculator.&lt;init&gt;(Calculator.java:6)
	at io.michaelcane.Commands.&lt;init&gt;(Commands.java:5)
	at io.michaelcane.Calculator.&lt;init&gt;(Calculator.java:6)
	at io.michaelcane.Commands.&lt;init&gt;(Commands.java:5)
	at io.michaelcane.Calculator.&lt;init&gt;(Calculator.java:6)
	at io.michaelcane.Commands.&lt;init&gt;(Commands.java:5)
	at io.michaelcane.Calculator.&lt;init&gt;(Calculator.java:6)
	at io.michaelcane.Commands.&lt;init&gt;(Commands.java:5)
	at io.michaelcane.Calculator.&lt;init&gt;(Calculator.java:6)
	at io.michaelcane.Commands.&lt;init&gt;(Commands.java:5)
	at io.michaelcane.Calculator.&lt;init&gt;(Calculator.java:6)
	at io.michaelcane.Commands.&lt;init&gt;(Commands.java:5)
	at io.michaelcane.Calculator.&lt;init&gt;(Calculator.java:6)
	at io.michaelcane.Commands.&lt;init&gt;(Commands.java:5)
	at io.michaelcane.Calculator.&lt;init&gt;(Calculator.java:6)
	at io.michaelcane.Commands.&lt;init&gt;(Commands.java:5)
	at io.michaelcane.Calculator.&lt;init&gt;(Calculator.java:6)
	at io.michaelcane.Commands.&lt;init&gt;(Commands.java:5)
	at io.michaelcane.Calculator.&lt;init&gt;(Calculator.java:6)
	at io.michaelcane.Commands.&lt;init&gt;(Commands.java:5)
	at io.michaelcane.Calculator.&lt;init&gt;(Calculator.java:6)
	at io.michaelcane.Commands.&lt;init&gt;(Commands.java:5)
	at io.michaelcane.Calculator.&lt;init&gt;(Calculator.java:6)
	at io.michaelcane.Commands.&lt;init&gt;(Commands.java:5)
	at io.michaelcane.Calculator.&lt;init&gt;(Calculator.java:6)
	at io.michaelcane.Commands.&lt;init&gt;(Commands.java:5)
	at io.michaelcane.Calculator.&lt;init&gt;(Calculator.java:6)
	at io.michaelcane.Commands.&lt;init&gt;(Commands.java:5)
	at io.michaelcane.Calculator.&lt;init&gt;(Calculator.java:6)
	at io.michaelcane.Commands.&lt;init&gt;(Commands.java:5)
	at io.michaelcane.Calculator.&lt;init&gt;(Calculator.java:6)
	at io.michaelcane.Commands.&lt;init&gt;(Commands.java:5)
	at io.michaelcane.Calculator.&lt;init&gt;(Calculator.java:6)
	at io.michaelcane.Commands.&lt;init&gt;(Commands.java:5)
	at io.michaelcane.Calculator.&lt;init&gt;(Calculator.java:6)
	at io.michaelcane.Commands.&lt;init&gt;(Commands.java:5)
	at io.michaelcane.Calculator.&lt;init&gt;(Calculator.java:6)
	at io.michaelcane.Commands.&lt;init&gt;(Commands.java:5)
	at io.michaelcane.Calculator.&lt;init&gt;(Calculator.java:6)
	at io.michaelcane.Commands.&lt;init&gt;(Commands.java:5)
	at io.michaelcane.Calculator.&lt;init&gt;(Calculator.java:6)
	at io.michaelcane.Commands.&lt;init&gt;(Commands.java:5)
	at io.michaelcane.Calculator.&lt;init&gt;(Calculator.java:6)
	at io.michaelcane.Commands.&lt;init&gt;(Commands.java:5)
	at io.michaelcane.Calculator.&lt;init&gt;(Calculator.java:6)
	at io.michaelcane.Commands.&lt;init&gt;(Commands.java:5)
	at io.michaelcane.Calculator.&lt;init&gt;(Calculator.java:6)
	at io.michaelcane.Commands.&lt;init&gt;(Commands.java:5)
	at io.michaelcane.Calculator.&lt;init&gt;(Calculator.java:6)
	at io.michaelcane.Commands.&lt;init&gt;(Commands.java:5)
	at io.michaelcane.Calculator.&lt;init&gt;(Calculator.java:6)
	at io.michaelcane.Commands.&lt;init&gt;(Commands.java:5)
	at io.michaelcane.Calculator.&lt;init&gt;(Calculator.java:6)
	at io.michaelcane.Commands.&lt;init&gt;(Commands.java:5)
	at io.michaelcane.Calculator.&lt;init&gt;(Calculator.java:6)
	at io.michaelcane.Commands.&lt;init&gt;(Commands.java:5)
	at io.michaelcane.Calculator.&lt;init&gt;(Calculator.java:6)
	at io.michaelcane.Commands.&lt;init&gt;(Commands.java:5)
	at io.michaelcane.Calculator.&lt;init&gt;(Calculator.java:6)
	at io.michaelcane.Commands.&lt;init&gt;(Commands.java:5)
	at io.michaelcane.Calculator.&lt;init&gt;(Calculator.java:6)
	at io.michaelcane.Commands.&lt;init&gt;(Commands.java:5)
	at io.michaelcane.Calculator.&lt;init&gt;(Calculator.java:6)
	at io.michaelcane.Commands.&lt;init&gt;(Commands.java:5)
	at io.michaelcane.Calculator.&lt;init&gt;(Calculator.java:6)
	at io.michaelcane.Commands.&lt;init&gt;(Commands.java:5)
	at io.michaelcane.Calculator.&lt;init&gt;(Calculator.java:6)
	at io.michaelcane.Commands.&lt;init&gt;(Commands.java:5)
	at io.michaelcane.Calculator.&lt;init&gt;(Calculator.java:6)
	at io.michaelcane.Commands.&lt;init&gt;(Commands.java:5)
	at io.michaelcane.Calculator.&lt;init&gt;(Calculator.java:6)
	at io.michaelcane.Commands.&lt;init&gt;(Commands.java:5)
	at io.michaelcane.Calculator.&lt;init&gt;(Calculator.java:6)
	at io.michaelcane.Commands.&lt;init&gt;(Commands.java:5)
	at io.michaelcane.Calculator.&lt;init&gt;(Calculator.java:6)
	at io.michaelcane.Commands.&lt;init&gt;(Commands.java:5)
	at io.michaelcane.Calculator.&lt;init&gt;(Calculator.java:6)
	at io.michaelcane.Commands.&lt;init&gt;(Commands.java:5)
	at io.michaelcane.Calculator.&lt;init&gt;(Calculator.java:6)
	at io.michaelcane.Commands.&lt;init&gt;(Commands.java:5)
	at io.michaelcane.Calculator.&lt;init&gt;(Calculator.java:6)
	at io.michaelcane.Commands.&lt;init&gt;(Commands.java:5)
	at io.michaelcane.Calculator.&lt;init&gt;(Calculator.java:6)
	at io.michaelcane.Commands.&lt;init&gt;(Commands.java:5)
	at io.michaelcane.Calculator.&lt;init&gt;(Calculator.java:6)
	at io.michaelcane.Commands.&lt;init&gt;(Commands.java:5)
	at io.michaelcane.Calculator.&lt;init&gt;(Calculator.java:6)
	at io.michaelcane.Commands.&lt;init&gt;(Commands.java:5)
	at io.michaelcane.Calculator.&lt;init&gt;(Calculator.java:6)
	at io.michaelcane.Commands.&lt;init&gt;(Commands.java:5)
	at io.michaelcane.Calculator.&lt;init&gt;(Calculator.java:6)
	at io.michaelcane.Commands.&lt;init&gt;(Commands.java:5)
	at io.michaelcane.Calculator.&lt;init&gt;(Calculator.java:6)
	at io.michaelcane.Commands.&lt;init&gt;(Commands.java:5)
	at io.michaelcane.Calculator.&lt;init&gt;(Calculator.java:6)
	at io.michaelcane.Commands.&lt;init&gt;(Commands.java:5)
	at io.michaelcane.Calculator.&lt;init&gt;(Calculator.java:6)
	at io.michaelcane.Commands.&lt;init&gt;(Commands.java:5)
	at io.michaelcane.Calculator.&lt;init&gt;(Calculator.java:6)
	at io.michaelcane.Commands.&lt;init&gt;(Commands.java:5)
	at io.michaelcane.Calculator.&lt;init&gt;(Calculator.java:6)
	at io.michaelcane.Commands.&lt;init&gt;(Commands.java:5)
	at io.michaelcane.Calculator.&lt;init&gt;(Calculator.java:6)
	at io.michaelcane.Commands.&lt;init&gt;(Commands.java:5)
	at io.michaelcane.Calculator.&lt;init&gt;(Calculator.java:6)
	at io.michaelcane.Commands.&lt;init&gt;(Commands.java:5)
	at io.michaelcane.Calculator.&lt;init&gt;(Calculator.java:6)
	at io.michaelcane.Commands.&lt;init&gt;(Commands.java:5)
	at io.michaelcane.Calculator.&lt;init&gt;(Calculator.java:6)
	at io.michaelcane.Commands.&lt;init&gt;(Commands.java:5)
	at io.michaelcane.Calculator.&lt;init&gt;(Calculator.java:6)
	at io.michaelcane.Commands.&lt;init&gt;(Commands.java:5)
	at io.michaelcane.Calculator.&lt;init&gt;(Calculator.java:6)
	at io.michaelcane.Commands.&lt;init&gt;(Commands.java:5)
	at io.michaelcane.Calculator.&lt;init&gt;(Calculator.java:6)
	at io.michaelcane.Commands.&lt;init&gt;(Commands.java:5)
	at io.michaelcane.Calculator.&lt;init&gt;(Calculator.java:6)
	at io.michaelcane.Commands.&lt;init&gt;(Commands.java:5)
	at io.michaelcane.Calculator.&lt;init&gt;(Calculator.java:6)
	at io.michaelcane.Commands.&lt;init&gt;(Commands.java:5)
	at io.michaelcane.Calculator.&lt;init&gt;(Calculator.java:6)
	at io.michaelcane.Commands.&lt;init&gt;(Commands.java:5)
	at io.michaelcane.Calculator.&lt;init&gt;(Calculator.java:6)
	at io.michaelcane.Commands.&lt;init&gt;(Commands.java:5)
	at io.michaelcane.Calculator.&lt;init&gt;(Calculator.java:6)
	at io.michaelcane.Commands.&lt;init&gt;(Commands.java:5)
	at io.michaelcane.Calculator.&lt;init&gt;(Calculator.java:6)
	at io.michaelcane.Commands.&lt;init&gt;(Commands.java:5)
	at io.michaelcane.Calculator.&lt;init&gt;(Calculator.java:6)
	at io.michaelcane.Commands.&lt;init&gt;(Commands.java:5)
	at io.michaelcane.Calculator.&lt;init&gt;(Calculator.java:6)
	at io.michaelcane.Commands.&lt;init&gt;(Commands.java:5)
	at io.michaelcane.Calculator.&lt;init&gt;(Calculator.java:6)
	at io.michaelcane.Commands.&lt;init&gt;(Commands.java:5)
	at io.michaelcane.Calculator.&lt;init&gt;(Calculator.java:6)
	at io.michaelcane.Commands.&lt;init&gt;(Commands.java:5)
	at io.michaelcane.Calculator.&lt;init&gt;(Calculator.java:6)
	at io.michaelcane.Commands.&lt;init&gt;(Commands.java:5)
	at io.michaelcane.Calculator.&lt;init&gt;(Calculator.java:6)
	at io.michaelcane.Commands.&lt;init&gt;(Commands.java:5)
	at io.michaelcane.Calculator.&lt;init&gt;(Calculator.java:6)
	at io.michaelcane.Commands.&lt;init&gt;(Commands.java:5)
	at io.michaelcane.Calculator.&lt;init&gt;(Calculator.java:6)
	at io.michaelcane.Commands.&lt;init&gt;(Commands.java:5)
	at io.michaelcane.Calculator.&lt;init&gt;(Calculator.java:6)
	at io.michaelcane.Commands.&lt;init&gt;(Commands.java:5)
	at io.michaelcane.Calculator.&lt;init&gt;(Calculator.java:6)
	at io.michaelcane.Commands.&lt;init&gt;(Commands.java:5)
	at io.michaelcane.Calculator.&lt;init&gt;(Calculator.java:6)
	at io.michaelcane.Commands.&lt;init&gt;(Commands.java:5)
	at io.michaelcane.Calculator.&lt;init&gt;(Calculator.java:6)
	at io.michaelcane.Commands.&lt;init&gt;(Commands.java:5)
	at io.michaelcane.Calculator.&lt;init&gt;(Calculator.java:6)
	at io.michaelcane.Commands.&lt;init&gt;(Commands.java:5)
	at io.michaelcane.Calculator.&lt;init&gt;(Calculator.java:6)
	at io.michaelcane.Commands.&lt;init&gt;(Commands.java:5)
	at io.michaelcane.Calculator.&lt;init&gt;(Calculator.java:6)
	at io.michaelcane.Commands.&lt;init&gt;(Commands.java:5)
	at io.michaelcane.Calculator.&lt;init&gt;(Calculator.java:6)
	at io.michaelcane.Commands.&lt;init&gt;(Commands.java:5)
	at io.michaelcane.Calculator.&lt;init&gt;(Calculator.java:6)
	at io.michaelcane.Commands.&lt;init&gt;(Commands.java:5)
	at io.michaelcane.Calculator.&lt;init&gt;(Calculator.java:6)
	at io.michaelcane.Commands.&lt;init&gt;(Commands.java:5)
	at io.michaelcane.Calculator.&lt;init&gt;(Calculator.java:6)
	at io.michaelcane.Commands.&lt;init&gt;(Commands.java:5)
	at io.michaelcane.Calculator.&lt;init&gt;(Calculator.java:6)
	at io.michaelcane.Commands.&lt;init&gt;(Commands.java:5)
	at io.michaelcane.Calculator.&lt;init&gt;(Calculator.java:6)
	at io.michaelcane.Commands.&lt;init&gt;(Commands.java:5)
	at io.michaelcane.Calculator.&lt;init&gt;(Calculator.java:6)
	at io.michaelcane.Commands.&lt;init&gt;(Commands.java:5)
	at io.michaelcane.Calculator.&lt;init&gt;(Calculator.java:6)
	at io.michaelcane.Commands.&lt;init&gt;(Commands.java:5)
	at io.michaelcane.Calculator.&lt;init&gt;(Calculator.java:6)
	at io.michaelcane.Commands.&lt;init&gt;(Commands.java:5)
	at io.michaelcane.Calculator.&lt;init&gt;(Calculator.java:6)
	at io.michaelcane.Commands.&lt;init&gt;(Commands.java:5)
	at io.michaelcane.Calculator.&lt;init&gt;(Calculator.java:6)
	at io.michaelcane.Commands.&lt;init&gt;(Commands.java:5)
	at io.michaelcane.Calculator.&lt;init&gt;(Calculator.java:6)
	at io.michaelcane.Commands.&lt;init&gt;(Commands.java:5)
	at io.michaelcane.Calculator.&lt;init&gt;(Calculator.java:6)
	at io.michaelcane.Commands.&lt;init&gt;(Commands.java:5)
	at io.michaelcane.Calculator.&lt;init&gt;(Calculator.java:6)
	at io.michaelcane.Commands.&lt;init&gt;(Commands.java:5)
	at io.michaelcane.Calculator.&lt;init&gt;(Calculator.java:6)
	at io.michaelcane.Commands.&lt;init&gt;(Commands.java:5)
	at io.michaelcane.Calculator.&lt;init&gt;(Calculator.java:6)
	at io.michaelcane.Commands.&lt;init&gt;(Commands.java:5)
	at io.michaelcane.Calculator.&lt;init&gt;(Calculator.java:6)
	at io.michaelcane.Commands.&lt;init&gt;(Commands.java:5)
	at io.michaelcane.Calculator.&lt;init&gt;(Calculator.java:6)
	at io.michaelcane.Commands.&lt;init&gt;(Commands.java:5)
	at io.michaelcane.Calculator.&lt;init&gt;(Calculator.java:6)
	at io.michaelcane.Commands.&lt;init&gt;(Commands.java:5)
	at io.michaelcane.Calculator.&lt;init&gt;(Calculator.java:6)
	at io.michaelcane.Commands.&lt;init&gt;(Commands.java:5)
	at io.michaelcane.Calculator.&lt;init&gt;(Calculator.java:6)
	at io.michaelcane.Commands.&lt;init&gt;(Commands.java:5)
	at io.michaelcane.Calculator.&lt;init&gt;(Calculator.java:6)
	at io.michaelcane.Commands.&lt;init&gt;(Commands.java:5)
	at io.michaelcane.Calculator.&lt;init&gt;(Calculator.java:6)
	at io.michaelcane.Commands.&lt;init&gt;(Commands.java:5)
	at io.michaelcane.Calculator.&lt;init&gt;(Calculator.java:6)
	at io.michaelcane.Commands.&lt;init&gt;(Commands.java:5)
	at io.michaelcane.Calculator.&lt;init&gt;(Calculator.java:6)
	at io.michaelcane.Commands.&lt;init&gt;(Commands.java:5)
	at io.michaelcane.Calculator.&lt;init&gt;(Calculator.java:6)
	at io.michaelcane.Commands.&lt;init&gt;(Commands.java:5)
	at io.michaelcane.Calculator.&lt;init&gt;(Calculator.java:6)
	at io.michaelcane.Commands.&lt;init&gt;(Commands.java:5)
	at io.michaelcane.Calculator.&lt;init&gt;(Calculator.java:6)
	at io.michaelcane.Commands.&lt;init&gt;(Commands.java:5)
	at io.michaelcane.Calculator.&lt;init&gt;(Calculator.java:6)
	at io.michaelcane.Commands.&lt;init&gt;(Commands.java:5)
	at io.michaelcane.Calculator.&lt;init&gt;(Calculator.java:6)
	at io.michaelcane.Commands.&lt;init&gt;(Commands.java:5)
	at io.michaelcane.Calculator.&lt;init&gt;(Calculator.java:6)
	at io.michaelcane.Commands.&lt;init&gt;(Commands.java:5)
	at io.michaelcane.Calculator.&lt;init&gt;(Calculator.java:6)
	at io.michaelcane.Commands.&lt;init&gt;(Commands.java:5)
	at io.michaelcane.Calculator.&lt;init&gt;(Calculator.java:6)
	at io.michaelcane.Commands.&lt;init&gt;(Commands.java:5)
	at io.michaelcane.Calculator.&lt;init&gt;(Calculator.java:6)
	at io.michaelcane.Commands.&lt;init&gt;(Commands.java:5)
	at io.michaelcane.Calculator.&lt;init&gt;(Calculator.java:6)
	at io.michaelcane.Commands.&lt;init&gt;(Commands.java:5)
	at io.michaelcane.Calculator.&lt;init&gt;(Calculator.java:6)
	at io.michaelcane.Commands.&lt;init&gt;(Commands.java:5)
	at io.michaelcane.Calculator.&lt;init&gt;(Calculator.java:6)
	at io.michaelcane.Commands.&lt;init&gt;(Commands.java:5)
	at io.michaelcane.Calculator.&lt;init&gt;(Calculator.java:6)
	at io.michaelcane.Commands.&lt;init&gt;(Commands.java:5)
	at io.michaelcane.Calculator.&lt;init&gt;(Calculator.java:6)
	at io.michaelcane.Commands.&lt;init&gt;(Commands.java:5)
	at io.michaelcane.Calculator.&lt;init&gt;(Calculator.java:6)
	at io.michaelcane.Commands.&lt;init&gt;(Commands.java:5)
	at io.michaelcane.Calculator.&lt;init&gt;(Calculator.java:6)
	at io.michaelcane.Commands.&lt;init&gt;(Commands.java:5)
	at io.michaelcane.Calculator.&lt;init&gt;(Calculator.java:6)
	at io.michaelcane.Commands.&lt;init&gt;(Commands.java:5)
	at io.michaelcane.Calculator.&lt;init&gt;(Calculator.java:6)
	at io.michaelcane.Commands.&lt;init&gt;(Commands.java:5)
	at io.michaelcane.Calculator.&lt;init&gt;(Calculator.java:6)
	at io.michaelcane.Commands.&lt;init&gt;(Commands.java:5)
	at io.michaelcane.Calculator.&lt;init&gt;(Calculator.java:6)
	at io.michaelcane.Commands.&lt;init&gt;(Commands.java:5)
	at io.michaelcane.Calculator.&lt;init&gt;(Calculator.java:6)
	at io.michaelcane.Commands.&lt;init&gt;(Commands.java:5)
	at io.michaelcane.Calculator.&lt;init&gt;(Calculator.java:6)
	at io.michaelcane.Commands.&lt;init&gt;(Commands.java:5)
	at io.michaelcane.Calculator.&lt;init&gt;(Calculator.java:6)
	at io.michaelcane.Commands.&lt;init&gt;(Commands.java:5)
	at io.michaelcane.Calculator.&lt;init&gt;(Calculator.java:6)
	at io.michaelcane.Commands.&lt;init&gt;(Commands.java:5)
	at io.michaelcane.Calculator.&lt;init&gt;(Calculator.java:6)
	at io.michaelcane.Commands.&lt;init&gt;(Commands.java:5)
	at io.michaelcane.Calculator.&lt;init&gt;(Calculator.java:6)
	at io.michaelcane.Commands.&lt;init&gt;(Commands.java:5)
	at io.michaelcane.Calculator.&lt;init&gt;(Calculator.java:6)
	at io.michaelcane.Commands.&lt;init&gt;(Commands.java:5)
	at io.michaelcane.Calculator.&lt;init&gt;(Calculator.java:6)
	at io.michaelcane.Commands.&lt;init&gt;(Commands.java:5)
	at io.michaelcane.Calculator.&lt;init&gt;(Calculator.java:6)
	at io.michaelcane.Commands.&lt;init&gt;(Commands.java:5)
	at io.michaelcane.Calculator.&lt;init&gt;(Calculator.java:6)
	at io.michaelcane.Commands.&lt;init&gt;(Commands.java:5)
	at io.michaelcane.Calculator.&lt;init&gt;(Calculator.java:6)
	at io.michaelcane.Commands.&lt;init&gt;(Commands.java:5)
	at io.michaelcane.Calculator.&lt;init&gt;(Calculator.java:6)
	at io.michaelcane.Commands.&lt;init&gt;(Commands.java:5)
	at io.michaelcane.Calculator.&lt;init&gt;(Calculator.java:6)
	at io.michaelcane.Commands.&lt;init&gt;(Commands.java:5)
	at io.michaelcane.Calculator.&lt;init&gt;(Calculator.java:6)
	at io.michaelcane.Commands.&lt;init&gt;(Commands.java:5)
	at io.michaelcane.Calculator.&lt;init&gt;(Calculator.java:6)
	at io.michaelcane.Commands.&lt;init&gt;(Commands.java:5)
	at io.michaelcane.Calculator.&lt;init&gt;(Calculator.java:6)
	at io.michaelcane.Commands.&lt;init&gt;(Commands.java:5)
	at io.michaelcane.Calculator.&lt;init&gt;(Calculator.java:6)
	at io.michaelcane.Commands.&lt;init&gt;(Commands.java:5)
	at io.michaelcane.Calculator.&lt;init&gt;(Calculator.java:6)
	at io.michaelcane.Commands.&lt;init&gt;(Commands.java:5)
	at io.michaelcane.Calculator.&lt;init&gt;(Calculator.java:6)
	at io.michaelcane.Commands.&lt;init&gt;(Commands.java:5)
	at io.michaelcane.Calculator.&lt;init&gt;(Calculator.java:6)
	at io.michaelcane.Commands.&lt;init&gt;(Commands.java:5)
	at io.michaelcane.Calculator.&lt;init&gt;(Calculator.java:6)
	at io.michaelcane.Commands.&lt;init&gt;(Commands.java:5)
	at io.michaelcane.Calculator.&lt;init&gt;(Calculator.java:6)
	at io.michaelcane.Commands.&lt;init&gt;(Commands.java:5)
	at io.michaelcane.Calculator.&lt;init&gt;(Calculator.java:6)
	at io.michaelcane.Commands.&lt;init&gt;(Commands.java:5)
	at io.michaelcane.Calculator.&lt;init&gt;(Calculator.java:6)
	at io.michaelcane.Commands.&lt;init&gt;(Commands.java:5)
	at io.michaelcane.Calculator.&lt;init&gt;(Calculator.java:6)
	at io.michaelcane.Commands.&lt;init&gt;(Commands.java:5)
	at io.michaelcane.Calculator.&lt;init&gt;(Calculator.java:6)
	at io.michaelcane.Commands.&lt;init&gt;(Commands.java:5)
	at io.michaelcane.Calculator.&lt;init&gt;(Calculator.java:6)
	at io.michaelcane.Commands.&lt;init&gt;(Commands.java:5)
	at io.michaelcane.Calculator.&lt;init&gt;(Calculator.java:6)
	at io.michaelcane.Commands.&lt;init&gt;(Commands.java:5)
	at io.michaelcane.Calculator.&lt;init&gt;(Calculator.java:6)
	at io.michaelcane.Commands.&lt;init&gt;(Commands.java:5)
	at io.michaelcane.Calculator.&lt;init&gt;(Calculator.java:6)
	at io.michaelcane.Commands.&lt;init&gt;(Commands.java:5)
	at io.michaelcane.Calculator.&lt;init&gt;(Calculator.java:6)
	at io.michaelcane.Commands.&lt;init&gt;(Commands.java:5)
	at io.michaelcane.Calculator.&lt;init&gt;(Calculator.java:6)
	at io.michaelcane.Commands.&lt;init&gt;(Commands.java:5)
	at io.michaelcane.Calculator.&lt;init&gt;(Calculator.java:6)
	at io.michaelcane.Commands.&lt;init&gt;(Commands.java:5)
	at io.michaelcane.Calculator.&lt;init&gt;(Calculator.java:6)
	at io.michaelcane.Commands.&lt;init&gt;(Commands.java:5)
	at io.michaelcane.Calculator.&lt;init&gt;(Calculator.java:6)
	at io.michaelcane.Commands.&lt;init&gt;(Commands.java:5)
	at io.michaelcane.Calculator.&lt;init&gt;(Calculator.java:6)
	at io.michaelcane.Commands.&lt;init&gt;(Commands.java:5)
	at io.michaelcane.Calculator.&lt;init&gt;(Calculator.java:6)
	at io.michaelcane.Commands.&lt;init&gt;(Commands.java:5)
	at io.michaelcane.Calculator.&lt;init&gt;(Calculator.java:6)
	at io.michaelcane.Commands.&lt;init&gt;(Commands.java:5)
	at io.michaelcane.Calculator.&lt;init&gt;(Calculator.java:6)
	at io.michaelcane.Commands.&lt;init&gt;(Commands.java:5)
	at io.michaelcane.Calculator.&lt;init&gt;(Calculator.java:6)
	at io.michaelcane.Commands.&lt;init&gt;(Commands.java:5)
	at io.michaelcane.Calculator.&lt;init&gt;(Calculator.java:6)
	at io.michaelcane.Commands.&lt;init&gt;(Commands.java:5)
	at io.michaelcane.Calculator.&lt;init&gt;(Calculator.java:6)
	at io.michaelcane.Commands.&lt;init&gt;(Commands.java:5)
	at io.michaelcane.Calculator.&lt;init&gt;(Calculator.java:6)
	at io.michaelcane.Commands.&lt;init&gt;(Commands.java:5)
	at io.michaelcane.Calculator.&lt;init&gt;(Calculator.java:6)
	at io.michaelcane.Commands.&lt;init&gt;(Commands.java:5)
	at io.michaelcane.Calculator.&lt;init&gt;(Calculator.java:6)
	at io.michaelcane.Commands.&lt;init&gt;(Commands.java:5)
	at io.michaelcane.Calculator.&lt;init&gt;(Calculator.java:6)
	at io.michaelcane.Commands.&lt;init&gt;(Commands.java:5)
	at io.michaelcane.Calculator.&lt;init&gt;(Calculator.java:6)
	at io.michaelcane.Commands.&lt;init&gt;(Commands.java:5)
	at io.michaelcane.Calculator.&lt;init&gt;(Calculator.java:6)
	at io.michaelcane.Commands.&lt;init&gt;(Commands.java:5)
	at io.michaelcane.Calculator.&lt;init&gt;(Calculator.java:6)
	at io.michaelcane.Commands.&lt;init&gt;(Commands.java:5)
	at io.michaelcane.Calculator.&lt;init&gt;(Calculator.java:6)
	at io.michaelcane.Commands.&lt;init&gt;(Commands.java:5)
	at io.michaelcane.Calculator.&lt;init&gt;(Calculator.java:6)
	at io.michaelcane.Commands.&lt;init&gt;(Commands.java:5)
	at io.michaelcane.Calculator.&lt;init&gt;(Calculator.java:6)
	at io.michaelcane.Commands.&lt;init&gt;(Commands.java:5)
	at io.michaelcane.Calculator.&lt;init&gt;(Calculator.java:6)
	at io.michaelcane.Commands.&lt;init&gt;(Commands.java:5)
	at io.michaelcane.Calculator.&lt;init&gt;(Calculator.java:6)
	at io.michaelcane.Commands.&lt;init&gt;(Commands.java:5)
	at io.michaelcane.Calculator.&lt;init&gt;(Calculator.java:6)
	at io.michaelcane.Commands.&lt;init&gt;(Commands.java:5)
	at io.michaelcane.Calculator.&lt;init&gt;(Calculator.java:6)
	at io.michaelcane.Commands.&lt;init&gt;(Commands.java:5)
	at io.michaelcane.Calculator.&lt;init&gt;(Calculator.java:6)
	at io.michaelcane.Commands.&lt;init&gt;(Commands.java:5)
	at io.michaelcane.Calculator.&lt;init&gt;(Calculator.java:6)
	at io.michaelcane.Commands.&lt;init&gt;(Commands.java:5)
	at io.michaelcane.Calculator.&lt;init&gt;(Calculator.java:6)
	at io.michaelcane.Commands.&lt;init&gt;(Commands.java:5)
	at io.michaelcane.Calculator.&lt;init&gt;(Calculator.java:6)
	at io.michaelcane.Commands.&lt;init&gt;(Commands.java:5)
	at io.michaelcane.Calculator.&lt;init&gt;(Calculator.java:6)
	at io.michaelcane.Commands.&lt;init&gt;(Commands.java:5)
	at io.michaelcane.Calculator.&lt;init&gt;(Calculator.java:6)
	at io.michaelcane.Commands.&lt;init&gt;(Commands.java:5)
	at io.michaelcane.Calculator.&lt;init&gt;(Calculator.java:6)
	at io.michaelcane.Commands.&lt;init&gt;(Commands.java:5)
	at io.michaelcane.Calculator.&lt;init&gt;(Calculator.java:6)
	at io.michaelcane.Commands.&lt;init&gt;(Commands.java:5)
	at io.michaelcane.Calculator.&lt;init&gt;(Calculator.java:6)
	at io.michaelcane.Commands.&lt;init&gt;(Commands.java:5)
	at io.michaelcane.Calculator.&lt;init&gt;(Calculator.java:6)
	at io.michaelcane.Commands.&lt;init&gt;(Commands.java:5)
	at io.michaelcane.Calculator.&lt;init&gt;(Calculator.java:6)
	at io.michaelcane.Commands.&lt;init&gt;(Commands.java:5)
	at io.michaelcane.Calculator.&lt;init&gt;(Calculator.java:6)
	at io.michaelcane.Commands.&lt;init&gt;(Commands.java:5)
	at io.michaelcane.Calculator.&lt;init&gt;(Calculator.java:6)
	at io.michaelcane.Commands.&lt;init&gt;(Commands.java:5)
	at io.michaelcane.Calculator.&lt;init&gt;(Calculator.java:6)
	at io.michaelcane.Commands.&lt;init&gt;(Commands.java:5)
	at io.michaelcane.Calculator.&lt;init&gt;(Calculator.java:6)
	at io.michaelcane.Commands.&lt;init&gt;(Commands.java:5)
	at io.michaelcane.Calculator.&lt;init&gt;(Calculator.java:6)
	at io.michaelcane.Commands.&lt;init&gt;(Commands.java:5)
	at io.michaelcane.Calculator.&lt;init&gt;(Calculator.java:6)
	at io.michaelcane.Commands.&lt;init&gt;(Commands.java:5)
	at io.michaelcane.Calculator.&lt;init&gt;(Calculator.java:6)
	at io.michaelcane.Commands.&lt;init&gt;(Commands.java:5)
	at io.michaelcane.Calculator.&lt;init&gt;(Calculator.java:6)
	at io.michaelcane.Commands.&lt;init&gt;(Commands.java:5)
	at io.michaelcane.Calculator.&lt;init&gt;(Calculator.java:6)
	at io.michaelcane.Commands.&lt;init&gt;(Commands.java:5)
	at io.michaelcane.Calculator.&lt;init&gt;(Calculator.java:6)
	at io.michaelcane.Commands.&lt;init&gt;(Commands.java:5)
	at io.michaelcane.Calculator.&lt;init&gt;(Calculator.java:6)
	at io.michaelcane.Commands.&lt;init&gt;(Commands.java:5)
	at io.michaelcane.Calculator.&lt;init&gt;(Calculator.java:6)
	at io.michaelcane.Commands.&lt;init&gt;(Commands.java:5)
	at io.michaelcane.Calculator.&lt;init&gt;(Calculator.java:6)
	at io.michaelcane.Commands.&lt;init&gt;(Commands.java:5)
	at io.michaelcane.Calculator.&lt;init&gt;(Calculator.java:6)
	at io.michaelcane.Commands.&lt;init&gt;(Commands.java:5)
	at io.michaelcane.Calculator.&lt;init&gt;(Calculator.java:6)
	at io.michaelcane.Commands.&lt;init&gt;(Commands.java:5)
	at io.michaelcane.Calculator.&lt;init&gt;(Calculator.java:6)
	at io.michaelcane.Commands.&lt;init&gt;(Commands.java:5)
	at io.michaelcane.Calculator.&lt;init&gt;(Calculator.java:6)
	at io.michaelcane.Commands.&lt;init&gt;(Commands.java:5)
	at io.michaelcane.Calculator.&lt;init&gt;(Calculator.java:6)
	at io.michaelcane.Commands.&lt;init&gt;(Commands.java:5)
	at io.michaelcane.Calculator.&lt;init&gt;(Calculator.java:6)
	at io.michaelcane.Commands.&lt;init&gt;(Commands.java:5)
	at io.michaelcane.Calculator.&lt;init&gt;(Calculator.java:6)
	at io.michaelcane.Commands.&lt;init&gt;(Commands.java:5)
	at io.michaelcane.Calculator.&lt;init&gt;(Calculator.java:6)
	at io.michaelcane.Commands.&lt;init&gt;(Commands.java:5)
	at io.michaelcane.Calculator.&lt;init&gt;(Calculator.java:6)
	at io.michaelcane.Commands.&lt;init&gt;(Commands.java:5)
	at io.michaelcane.Calculator.&lt;init&gt;(Calculator.java:6)
	at io.michaelcane.Commands.&lt;init&gt;(Commands.java:5)
	at io.michaelcane.Calculator.&lt;init&gt;(Calculator.java:6)
	at io.michaelcane.Commands.&lt;init&gt;(Commands.java:5)
	at io.michaelcane.Calculator.&lt;init&gt;(Calculator.java:6)
	at io.michaelcane.Commands.&lt;init&gt;(Commands.java:5)
	at io.michaelcane.Calculator.&lt;init&gt;(Calculator.java:6)
	at io.michaelcane.Commands.&lt;init&gt;(Commands.java:5)
	at io.michaelcane.Calculator.&lt;init&gt;(Calculator.java:6)
	at io.michaelcane.Commands.&lt;init&gt;(Commands.java:5)
	at io.michaelcane.Calculator.&lt;init&gt;(Calculator.java:6)
	at io.michaelcane.Commands.&lt;init&gt;(Commands.java:5)
	at io.michaelcane.Calculator.&lt;init&gt;(Calculator.java:6)
	at io.michaelcane.Commands.&lt;init&gt;(Commands.java:5)
	at io.michaelcane.Calculator.&lt;init&gt;(Calculator.java:6)
	at io.michaelcane.Commands.&lt;init&gt;(Commands.java:5)
	at io.michaelcane.Calculator.&lt;init&gt;(Calculator.java:6)
	at io.michaelcane.Commands.&lt;init&gt;(Commands.java:5)
	at io.michaelcane.Calculator.&lt;init&gt;(Calculator.java:6)
	at io.michaelcane.Commands.&lt;init&gt;(Commands.java:5)
	at io.michaelcane.Calculator.&lt;init&gt;(Calculator.java:6)
	at io.michaelcane.Commands.&lt;init&gt;(Commands.java:5)
	at io.michaelcane.Calculator.&lt;init&gt;(Calculator.java:6)
	at io.michaelcane.Commands.&lt;init&gt;(Commands.java:5)
	at io.michaelcane.Calculator.&lt;init&gt;(Calculator.java:6)
	at io.michaelcane.Commands.&lt;init&gt;(Commands.java:5)
	at io.michaelcane.Calculator.&lt;init&gt;(Calculator.java:6)
	at io.michaelcane.Commands.&lt;init&gt;(Commands.java:5)
	at io.michaelcane.Calculator.&lt;init&gt;(Calculator.java:6)
	at io.michaelcane.Commands.&lt;init&gt;(Commands.java:5)
	at io.michaelcane.Calculator.&lt;init&gt;(Calculator.java:6)
	at io.michaelcane.Commands.&lt;init&gt;(Commands.java:5)
	at io.michaelcane.Calculator.&lt;init&gt;(Calculator.java:6)
	at io.michaelcane.Commands.&lt;init&gt;(Commands.java:5)
	at io.michaelcane.Calculator.&lt;init&gt;(Calculator.java:6)
	at io.michaelcane.Commands.&lt;init&gt;(Commands.java:5)
	at io.michaelcane.Calculator.&lt;init&gt;(Calculator.java:6)
	at io.michaelcane.Commands.&lt;init&gt;(Commands.java:5)
	at io.michaelcane.Calculator.&lt;init&gt;(Calculator.java:6)
	at io.michaelcane.Commands.&lt;init&gt;(Commands.java:5)
	at io.michaelcane.Calculator.&lt;init&gt;(Calculator.java:6)
	at io.michaelcane.Commands.&lt;init&gt;(Commands.java:5)
	at io.michaelcane.Calculator.&lt;init&gt;(Calculator.java:6)
	at io.michaelcane.Commands.&lt;init&gt;(Commands.java:5)
	at io.michaelcane.Calculator.&lt;init&gt;(Calculator.java:6)
	at io.michaelcane.Commands.&lt;init&gt;(Commands.java:5)
	at io.michaelcane.Calculator.&lt;init&gt;(Calculator.java:6)
	at io.michaelcane.Commands.&lt;init&gt;(Commands.java:5)
	at io.michaelcane.Calculator.&lt;init&gt;(Calculator.java:6)
	at io.michaelcane.Commands.&lt;init&gt;(Commands.java:5)
	at io.michaelcane.Calculator.&lt;init&gt;(Calculator.java:6)
	at io.michaelcane.Commands.&lt;init&gt;(Commands.java:5)
	at io.michaelcane.Calculator.&lt;init&gt;(Calculator.java:6)
	at io.michaelcane.Commands.&lt;init&gt;(Commands.java:5)
	at io.michaelcane.Calculator.&lt;init&gt;(Calculator.java:6)
	at io.michaelcane.Commands.&lt;init&gt;(Commands.java:5)
	at io.michaelcane.Calculator.&lt;init&gt;(Calculator.java:6)
	at io.michaelcane.Commands.&lt;init&gt;(Commands.java:5)
	at io.michaelcane.Calculator.&lt;init&gt;(Calculator.java:6)
	at io.michaelcane.Commands.&lt;init&gt;(Commands.java:5)
	at io.michaelcane.Calculator.&lt;init&gt;(Calculator.java:6)
	at io.michaelcane.Commands.&lt;init&gt;(Commands.java:5)
	at io.michaelcane.Calculator.&lt;init&gt;(Calculator.java:6)
	at io.michaelcane.Commands.&lt;init&gt;(Commands.java:5)
	at io.michaelcane.Calculator.&lt;init&gt;(Calculator.java:6)
	at io.michaelcane.Commands.&lt;init&gt;(Commands.java:5)
	at io.michaelcane.Calculator.&lt;init&gt;(Calculator.java:6)
	at io.michaelcane.Commands.&lt;init&gt;(Commands.java:5)
	at io.michaelcane.Calculator.&lt;init&gt;(Calculator.java:6)
	at io.michaelcane.Commands.&lt;init&gt;(Commands.java:5)
	at io.michaelcane.Calculator.&lt;init&gt;(Calculator.java:6)
	at io.michaelcane.Commands.&lt;init&gt;(Commands.java:5)
	at io.michaelcane.Calculator.&lt;init&gt;(Calculator.java:6)
	at io.michaelcane.Commands.&lt;init&gt;(Commands.java:5)
	at io.michaelcane.Calculator.&lt;init&gt;(Calculator.java:6)
	at io.michaelcane.Commands.&lt;init&gt;(Commands.java:5)
	at io.michaelcane.Calculator.&lt;init&gt;(Calculator.java:6)
	at io.michaelcane.Commands.&lt;init&gt;(Commands.java:5)
	at io.michaelcane.Calculator.&lt;init&gt;(Calculator.java:6)
	at io.michaelcane.Commands.&lt;init&gt;(Commands.java:5)
	at io.michaelcane.Calculator.&lt;init&gt;(Calculator.java:6)
	at io.michaelcane.Commands.&lt;init&gt;(Commands.java:5)
	at io.michaelcane.Calculator.&lt;init&gt;(Calculator.java:6)
	at io.michaelcane.Commands.&lt;init&gt;(Commands.java:5)
	at io.michaelcane.Calculator.&lt;init&gt;(Calculator.java:6)
	at io.michaelcane.Commands.&lt;init&gt;(Commands.java:5)
	at io.michaelcane.Calculator.&lt;init&gt;(Calculator.java:6)
	at io.michaelcane.Commands.&lt;init&gt;(Commands.java:5)
	at io.michaelcane.Calculator.&lt;init&gt;(Calculator.java:6)
	at io.michaelcane.Commands.&lt;init&gt;(Commands.java:5)
	at io.michaelcane.Calculator.&lt;init&gt;(Calculator.java:6)
	at io.michaelcane.Commands.&lt;init&gt;(Commands.java:5)
	at io.michaelcane.Calculator.&lt;init&gt;(Calculator.java:6)
	at io.michaelcane.Commands.&lt;init&gt;(Commands.java:5)
	at io.michaelcane.Calculator.&lt;init&gt;(Calculator.java:6)
	at io.michaelcane.Commands.&lt;init&gt;(Commands.java:5)
	at io.michaelcane.Calculator.&lt;init&gt;(Calculator.java:6)
	at io.michaelcane.Commands.&lt;init&gt;(Commands.java:5)
	at io.michaelcane.Calculator.&lt;init&gt;(Calculator.java:6)
	at io.michaelcane.Commands.&lt;init&gt;(Commands.java:5)
	at io.michaelcane.Calculator.&lt;init&gt;(Calculator.java:6)
	at io.michaelcane.Commands.&lt;init&gt;(Commands.java:5)
	at io.michaelcane.Calculator.&lt;init&gt;(Calculator.java:6)
	at io.michaelcane.Commands.&lt;init&gt;(Commands.java:5)
	at io.michaelcane.Calculator.&lt;init&gt;(Calculator.java:6)
	at io.michaelcane.Commands.&lt;init&gt;(Commands.java:5)
	at io.michaelcane.Calculator.&lt;init&gt;(Calculator.java:6)
	at io.michaelcane.Commands.&lt;init&gt;(Commands.java:5)
	at io.michaelcane.Calculator.&lt;init&gt;(Calculator.java:6)
	at io.michaelcane.Commands.&lt;init&gt;(Commands.java:5)
	at io.michaelcane.Calculator.&lt;init&gt;(Calculator.java:6)
	at io.michaelcane.Commands.&lt;init&gt;(Commands.java:5)
	at io.michaelcane.Calculator.&lt;init&gt;(Calculator.java:6)
	at io.michaelcane.Commands.&lt;init&gt;(Commands.java:5)
	at io.michaelcane.Calculator.&lt;init&gt;(Calculator.java:6)
	at io.michaelcane.Commands.&lt;init&gt;(Commands.java:5)
	at io.michaelcane.Calculator.&lt;init&gt;(Calculator.java:6)
	at io.michaelcane.Commands.&lt;init&gt;(Commands.java:5)
	at io.michaelcane.Calculator.&lt;init&gt;(Calculator.java:6)
	at io.michaelcane.Commands.&lt;init&gt;(Commands.java:5)
	at io.michaelcane.Calculator.&lt;init&gt;(Calculator.java:6)
	at io.michaelcane.Commands.&lt;init&gt;(Commands.java:5)
	at io.michaelcane.Calculator.&lt;init&gt;(Calculator.java:6)
	at io.michaelcane.Commands.&lt;init&gt;(Commands.java:5)
	at io.michaelcane.Calculator.&lt;init&gt;(Calculator.java:6)
	at io.michaelcane.Commands.&lt;init&gt;(Commands.java:5)
	at io.michaelcane.Calculator.&lt;init&gt;(Calculator.java:6)
	at io.michaelcane.Commands.&lt;init&gt;(Commands.java:5)
	at io.michaelcane.Calculator.&lt;init&gt;(Calculator.java:6)
	at io.michaelcane.Commands.&lt;init&gt;(Commands.java:5)
	at io.michaelcane.Calculator.&lt;init&gt;(Calculator.java:6)
	at io.michaelcane.Commands.&lt;init&gt;(Commands.java:5)
	at io.michaelcane.Calculator.&lt;init&gt;(Calculator.java:6)
	at io.michaelcane.Commands.&lt;init&gt;(Commands.java:5)
	at io.michaelcane.Calculator.&lt;init&gt;(Calculator.java:6)
	at io.michaelcane.Commands.&lt;init&gt;(Commands.java:5)
	at io.michaelcane.Calculator.&lt;init&gt;(Calculator.java:6)
	at io.michaelcane.Commands.&lt;init&gt;(Commands.java:5)
	at io.michaelcane.Calculator.&lt;init&gt;(Calculator.java:6)
	at io.michaelcane.Commands.&lt;init&gt;(Commands.java:5)
	at io.michaelcane.Calculator.&lt;init&gt;(Calculator.java:6)
	at io.michaelcane.Commands.&lt;init&gt;(Commands.java:5)
	at io.michaelcane.Calculator.&lt;init&gt;(Calculator.java:6)
	at io.michaelcane.Commands.&lt;init&gt;(Commands.java:5)
	at io.michaelcane.Calculator.&lt;init&gt;(Calculator.java:6)
	at io.michaelcane.Commands.&lt;init&gt;(Commands.java:5)
	at io.michaelcane.Calculator.&lt;init&gt;(Calculator.java:6)
	at io.michaelcane.Commands.&lt;init&gt;(Commands.java:5)
	at io.michaelcane.Calculator.&lt;init&gt;(Calculator.java:6)
	at io.michaelcane.Commands.&lt;init&gt;(Commands.java:5)
	at io.michaelcane.Calculator.&lt;init&gt;(Calculator.java:6)
	at io.michaelcane.Commands.&lt;init&gt;(Commands.java:5)
	at io.michaelcane.Calculator.&lt;init&gt;(Calculator.java:6)
	at io.michaelcane.Commands.&lt;init&gt;(Commands.java:5)
	at io.michaelcane.Calculator.&lt;init&gt;(Calculator.java:6)
	at io.michaelcane.Commands.&lt;init&gt;(Commands.java:5)
	at io.michaelcane.Calculator.&lt;init&gt;(Calculator.java:6)
	at io.michaelcane.Commands.&lt;init&gt;(Commands.java:5)
	at io.michaelcane.Calculator.&lt;init&gt;(Calculator.java:6)
	at io.michaelcane.Commands.&lt;init&gt;(Commands.java:5)
	at io.michaelcane.Calculator.&lt;init&gt;(Calculator.java:6)
	at io.michaelcane.Commands.&lt;init&gt;(Commands.java:5)
	at io.michaelcane.Calculator.&lt;init&gt;(Calculator.java:6)
	at io.michaelcane.Commands.&lt;init&gt;(Commands.java:5)
	at io.michaelcane.Calculator.&lt;init&gt;(Calculator.java:6)
	at io.michaelcane.Commands.&lt;init&gt;(Commands.java:5)
	at io.michaelcane.Calculator.&lt;init&gt;(Calculator.java:6)
	at io.michaelcane.Commands.&lt;init&gt;(Commands.java:5)
	at io.michaelcane.Calculator.&lt;init&gt;(Calculator.java:6)
	at io.michaelcane.Commands.&lt;init&gt;(Commands.java:5)
	at io.michaelcane.Calculator.&lt;init&gt;(Calculator.java:6)
	at io.michaelcane.Commands.&lt;init&gt;(Commands.java:5)
	at io.michaelcane.Calculator.&lt;init&gt;(Calculator.java:6)
	at io.michaelcane.Commands.&lt;init&gt;(Commands.java:5)
	at io.michaelcane.Calculator.&lt;init&gt;(Calculator.java:6)
	at io.michaelcane.Commands.&lt;init&gt;(Commands.java:5)
	at io.michaelcane.Calculator.&lt;init&gt;(Calculator.java:6)
	at io.michaelcane.Commands.&lt;init&gt;(Commands.java:5)
	at io.michaelcane.Calculator.&lt;init&gt;(Calculator.java:6)
	at io.michaelcane.Commands.&lt;init&gt;(Commands.java:5)
	at io.michaelcane.Calculator.&lt;init&gt;(Calculator.java:6)
	at io.michaelcane.Commands.&lt;init&gt;(Commands.java:5)
	at io.michaelcane.Calculator.&lt;init&gt;(Calculator.java:6)
	at io.michaelcane.Commands.&lt;init&gt;(Commands.java:5)
	at io.michaelcane.Calculator.&lt;init&gt;(Calculator.java:6)
	at io.michaelcane.Commands.&lt;init&gt;(Commands.java:5)
	at io.michaelcane.Calculator.&lt;init&gt;(Calculator.java:6)
	at io.michaelcane.Commands.&lt;init&gt;(Commands.java:5)
	at io.michaelcane.Calculator.&lt;init&gt;(Calculator.java:6)
	at io.michaelcane.Commands.&lt;init&gt;(Commands.java:5)
	at io.michaelcane.Calculator.&lt;init&gt;(Calculator.java:6)
	at io.michaelcane.Commands.&lt;init&gt;(Commands.java:5)
	at io.michaelcane.Calculator.&lt;init&gt;(Calculator.java:6)
	at io.michaelcane.Commands.&lt;init&gt;(Commands.java:5)
	at io.michaelcane.Calculator.&lt;init&gt;(Calculator.java:6)
	at io.michaelcane.Commands.&lt;init&gt;(Commands.java:5)
	at io.michaelcane.Calculator.&lt;init&gt;(Calculator.java:6)
	at io.michaelcane.Commands.&lt;init&gt;(Commands.java:5)
	at io.michaelcane.Calculator.&lt;init&gt;(Calculator.java:6)
	at io.michaelcane.Commands.&lt;init&gt;(Commands.java:5)
	at io.michaelcane.Calculator.&lt;init&gt;(Calculator.java:6)
	at io.michaelcane.Commands.&lt;init&gt;(Commands.java:5)
	at io.michaelcane.Calculator.&lt;init&gt;(Calculator.java:6)
	at io.michaelcane.Commands.&lt;init&gt;(Commands.java:5)
	at io.michaelcane.Calculator.&lt;init&gt;(Calculator.java:6)
	at io.michaelcane.Commands.&lt;init&gt;(Commands.java:5)
	at io.michaelcane.Calculator.&lt;init&gt;(Calculator.java:6)
	at io.michaelcane.Commands.&lt;init&gt;(Commands.java:5)
	at io.michaelcane.Calculator.&lt;init&gt;(Calculator.java:6)
	at io.michaelcane.Commands.&lt;init&gt;(Commands.java:5)
	at io.michaelcane.Calculator.&lt;init&gt;(Calculator.java:6)
	at io.michaelcane.Commands.&lt;init&gt;(Commands.java:5)
	at io.michaelcane.Calculator.&lt;init&gt;(Calculator.java:6)
	at io.michaelcane.Commands.&lt;init&gt;(Commands.java:5)
	at io.michaelcane.Calculator.&lt;init&gt;(Calculator.java:6)
	at io.michaelcane.Commands.&lt;init&gt;(Commands.java:5)
	at io.michaelcane.Calculator.&lt;init&gt;(Calculator.java:6)
	at io.michaelcane.Commands.&lt;init&gt;(Commands.java:5)
	at io.michaelcane.Calculator.&lt;init&gt;(Calculator.java:6)
	at io.michaelcane.Commands.&lt;init&gt;(Commands.java:5)
	at io.michaelcane.Calculator.&lt;init&gt;(Calculator.java:6)
	at io.michaelcane.Commands.&lt;init&gt;(Commands.java:5)
	at io.michaelcane.Calculator.&lt;init&gt;(Calculator.java:6)
	at io.michaelcane.Commands.&lt;init&gt;(Commands.java:5)
	at io.michaelcane.Calculator.&lt;init&gt;(Calculator.java:6)
	at io.michaelcane.Commands.&lt;init&gt;(Commands.java:5)
	at io.michaelcane.Calculator.&lt;init&gt;(Calculator.java:6)
	at io.michaelcane.Commands.&lt;init&gt;(Commands.java:5)
	at io.michaelcane.Calculator.&lt;init&gt;(Calculator.java:6)
	at io.michaelcane.Commands.&lt;init&gt;(Commands.java:5)
	at io.michaelcane.Calculator.&lt;init&gt;(Calculator.java:6)
	at io.michaelcane.Commands.&lt;init&gt;(Commands.java:5)
	at io.michaelcane.Calculator.&lt;init&gt;(Calculator.java:6)
	at io.michaelcane.Commands.&lt;init&gt;(Commands.java:5)
	at io.michaelcane.Calculator.&lt;init&gt;(Calculator.java:6)
	at io.michaelcane.Commands.&lt;init&gt;(Commands.java:5)
	at io.michaelcane.Calculator.&lt;init&gt;(Calculator.java:6)
	at io.michaelcane.Commands.&lt;init&gt;(Commands.java:5)
	at io.michaelcane.Calculator.&lt;init&gt;(Calculator.java:6)
	at io.michaelcane.Commands.&lt;init&gt;(Commands.java:5)
	at io.michaelcane.Calculator.&lt;init&gt;(Calculator.java:6)
	at io.michaelcane.Commands.&lt;init&gt;(Commands.java:5)
	at io.michaelcane.Calculator.&lt;init&gt;(Calculator.java:6)
	at io.michaelcane.Commands.&lt;init&gt;(Commands.java:5)
	at io.michaelcane.Calculator.&lt;init&gt;(Calculator.java:6)
	at io.michaelcane.Commands.&lt;init&gt;(Commands.java:5)
	at io.michaelcane.Calculator.&lt;init&gt;(Calculator.java:6)
	at io.michaelcane.Commands.&lt;init&gt;(Commands.java:5)
	at io.michaelcane.Calculator.&lt;init&gt;(Calculator.java:6)
	at io.michaelcane.Commands.&lt;init&gt;(Commands.java:5)
	at io.michaelcane.Calculator.&lt;init&gt;(Calculator.java:6)
	at io.michaelcane.Commands.&lt;init&gt;(Commands.java:5)
	at io.michaelcane.Calculator.&lt;init&gt;(Calculator.java:6)
	at io.michaelcane.Commands.&lt;init&gt;(Commands.java:5)
	at io.michaelcane.Calculator.&lt;init&gt;(Calculator.java:6)
	at io.michaelcane.Commands.&lt;init&gt;(Commands.java:5)
	at io.michaelcane.Calculator.&lt;init&gt;(Calculator.java:6)
	at io.michaelcane.Commands.&lt;init&gt;(Commands.java:5)
	at io.michaelcane.Calculator.&lt;init&gt;(Calculator.java:6)
	at io.michaelcane.Commands.&lt;init&gt;(Commands.java:5)
	at io.michaelcane.Calculator.&lt;init&gt;(Calculator.java:6)
	at io.michaelcane.Commands.&lt;init&gt;(Commands.java:5)
	at io.michaelcane.Calculator.&lt;init&gt;(Calculator.java:6)
	at io.michaelcane.Commands.&lt;init&gt;(Commands.java:5)
	at io.michaelcane.Calculator.&lt;init&gt;(Calculator.java:6)
	at io.michaelcane.Commands.&lt;init&gt;(Commands.java:5)
	at io.michaelcane.Calculator.&lt;init&gt;(Calculator.java:6)
	at io.michaelcane.Commands.&lt;init&gt;(Commands.java:5)
	at io.michaelcane.Calculator.&lt;init&gt;(Calculator.java:6)
	at io.michaelcane.Commands.&lt;init&gt;(Commands.java:5)
	at io.michaelcane.Calculator.&lt;init&gt;(Calculator.java:6)
	at io.michaelcane.Commands.&lt;init&gt;(Commands.java:5)
	at io.michaelcane.Calculator.&lt;init&gt;(Calculator.java:6)
	at io.michaelcane.Commands.&lt;init&gt;(Commands.java:5)
	at io.michaelcane.Calculator.&lt;init&gt;(Calculator.java:6)
	at io.michaelcane.Commands.&lt;init&gt;(Commands.java:5)
	at io.michaelcane.Calculator.&lt;init&gt;(Calculator.java:6)
	at io.michaelcane.Commands.&lt;init&gt;(Commands.java:5)
	at io.michaelcane.Calculator.&lt;init&gt;(Calculator.java:6)
	at io.michaelcane.Commands.&lt;init&gt;(Commands.java:5)
	at io.michaelcane.Calculator.&lt;init&gt;(Calculator.java:6)
	at io.michaelcane.Commands.&lt;init&gt;(Commands.java:5)
	at io.michaelcane.Calculator.&lt;init&gt;(Calculator.java:6)
	at io.michaelcane.Commands.&lt;init&gt;(Commands.java:5)
	at io.michaelcane.Calculator.&lt;init&gt;(Calculator.java:6)
	at io.michaelcane.Commands.&lt;init&gt;(Commands.java:5)
	at io.michaelcane.Calculator.&lt;init&gt;(Calculator.java:6)
	at io.michaelcane.Commands.&lt;init&gt;(Commands.java:5)
	at io.michaelcane.Calculator.&lt;init&gt;(Calculator.java:6)
	at io.michaelcane.Commands.&lt;init&gt;(Commands.java:5)
	at io.michaelcane.Calculator.&lt;init&gt;(Calculator.java:6)
	at io.michaelcane.Commands.&lt;init&gt;(Commands.java:5)
	at io.michaelcane.Calculator.&lt;init&gt;(Calculator.java:6)
	at io.michaelcane.Commands.&lt;init&gt;(Commands.java:5)
	at io.michaelcane.Calculator.&lt;init&gt;(Calculator.java:6)
	at io.michaelcane.Commands.&lt;init&gt;(Commands.java:5)
	at io.michaelcane.Calculator.&lt;init&gt;(Calculator.java:6)
	at io.michaelcane.Commands.&lt;init&gt;(Commands.java:5)
	at io.michaelcane.Calculator.&lt;init&gt;(Calculator.java:6)
	at io.michaelcane.Commands.&lt;init&gt;(Commands.java:5)
	at io.michaelcane.Calculator.&lt;init&gt;(Calculator.java:6)
	at io.michaelcane.Commands.&lt;init&gt;(Commands.java:5)
	at io.michaelcane.Calculator.&lt;init&gt;(Calculator.java:6)
	at io.michaelcane.Commands.&lt;init&gt;(Commands.java:5)
	at io.michaelcane.Calculator.&lt;init&gt;(Calculator.java:6)
	at io.michaelcane.Commands.&lt;init&gt;(Commands.java:5)
	at io.michaelcane.Calculator.&lt;init&gt;(Calculator.java:6)
	at io.michaelcane.Commands.&lt;init&gt;(Commands.java:5)
	at io.michaelcane.Calculator.&lt;init&gt;(Calculator.java:6)
	at io.michaelcane.Commands.&lt;init&gt;(Commands.java:5)
	at io.michaelcane.Calculator.&lt;init&gt;(Calculator.java:6)
	at io.michaelcane.Commands.&lt;init&gt;(Commands.java:5)
	at io.michaelcane.Calculator.&lt;init&gt;(Calculator.java:6)
	at io.michaelcane.Commands.&lt;init&gt;(Commands.java:5)
	at io.michaelcane.Calculator.&lt;init&gt;(Calculator.java:6)
	at io.michaelcane.Commands.&lt;init&gt;(Commands.java:5)
	at io.michaelcane.Calculator.&lt;init&gt;(Calculator.java:6)
	at io.michaelcane.Commands.&lt;init&gt;(Commands.java:5)
	at io.michaelcane.Calculator.&lt;init&gt;(Calculator.java:6)
	at io.michaelcane.Commands.&lt;init&gt;(Commands.java:5)
	at io.michaelcane.Calculator.&lt;init&gt;(Calculator.java:6)
	at io.michaelcane.Commands.&lt;init&gt;(Commands.java:5)
	at io.michaelcane.Calculator.&lt;init&gt;(Calculator.java:6)
	at io.michaelcane.Commands.&lt;init&gt;(Commands.java:5)
	at io.michaelcane.Calculator.&lt;init&gt;(Calculator.java:6)
	at io.michaelcane.Commands.&lt;init&gt;(Commands.java:5)
	at io.michaelcane.Calculator.&lt;init&gt;(Calculator.java:6)
	at io.michaelcane.Commands.&lt;init&gt;(Commands.java:5)
	at io.michaelcane.Calculator.&lt;init&gt;(Calculator.java:6)
	at io.michaelcane.Commands.&lt;init&gt;(Commands.java:5)
	at io.michaelcane.Calculator.&lt;init&gt;(Calculator.java:6)
	at io.michaelcane.Commands.&lt;init&gt;(Commands.java:5)
	at io.michaelcane.Calculator.&lt;init&gt;(Calculator.java:6)
	at io.michaelcane.Commands.&lt;init&gt;(Commands.java:5)
	at io.michaelcane.Calculator.&lt;init&gt;(Calculator.java:6)
	at io.michaelcane.Commands.&lt;init&gt;(Commands.java:5)
	at io.michaelcane.Calculator.&lt;init&gt;(Calculator.java:6)
	at io.michaelcane.Commands.&lt;init&gt;(Commands.java:5)
	at io.michaelcane.Calculator.&lt;init&gt;(Calculator.java:6)
	at io.michaelcane.Commands.&lt;init&gt;(Commands.java:5)
	at io.michaelcane.Calculator.&lt;init&gt;(Calculator.java:6)
	at io.michaelcane.Commands.&lt;init&gt;(Commands.java:5)
	at io.michaelcane.Calculator.&lt;init&gt;(Calculator.java:6)
	at io.michaelcane.Commands.&lt;init&gt;(Commands.java:5)
	at io.michaelcane.Calculator.&lt;init&gt;(Calculator.java:6)
	at io.michaelcane.Commands.&lt;init&gt;(Commands.java:5)
	at io.michaelcane.Calculator.&lt;init&gt;(Calculator.java:6)
	at io.michaelcane.Commands.&lt;init&gt;(Commands.java:5)
	at io.michaelcane.Calculator.&lt;init&gt;(Calculator.java:6)
	at io.michaelcane.Commands.&lt;init&gt;(Commands.java:5)
	at io.michaelcane.Calculator.&lt;init&gt;(Calculator.java:6)
	at io.michaelcane.Commands.&lt;init&gt;(Commands.java:5)
	at io.michaelcane.Calculator.&lt;init&gt;(Calculator.java:6)
	at io.michaelcane.Commands.&lt;init&gt;(Commands.java:5)
	at io.michaelcane.Calculator.&lt;init&gt;(Calculator.java:6)
	at io.michaelcane.Commands.&lt;init&gt;(Commands.java:5)
	at io.michaelcane.Calculator.&lt;init&gt;(Calculator.java:6)
	at io.michaelcane.Commands.&lt;init&gt;(Commands.java:5)
	at io.michaelcane.Calculator.&lt;init&gt;(Calculator.java:6)
	at io.michaelcane.Commands.&lt;init&gt;(Commands.java:5)
	at io.michaelcane.Calculator.&lt;init&gt;(Calculator.java:6)
	at io.michaelcane.Commands.&lt;init&gt;(Commands.java:5)
	at io.michaelcane.Calculator.&lt;init&gt;(Calculator.java:6)
	at io.michaelcane.Commands.&lt;init&gt;(Commands.java:5)
	at io.michaelcane.Calculator.&lt;init&gt;(Calculator.java:6)
	at io.michaelcane.Commands.&lt;init&gt;(Commands.java:5)
	at io.michaelcane.Calculator.&lt;init&gt;(Calculator.java:6)
	at io.michaelcane.Commands.&lt;init&gt;(Commands.java:5)
	at io.michaelcane.Calculator.&lt;init&gt;(Calculator.java:6)
	at io.michaelcane.Commands.&lt;init&gt;(Commands.java:5)
	at io.michaelcane.Calculator.&lt;init&gt;(Calculator.java:6)
	at io.michaelcane.Commands.&lt;init&gt;(Commands.java:5)
	at io.michaelcane.Calculator.&lt;init&gt;(Calculator.java:6)
	at io.michaelcane.Commands.&lt;init&gt;(Commands.java:5)
	at io.michaelcane.Calculator.&lt;init&gt;(Calculator.java:6)
	at io.michaelcane.Commands.&lt;init&gt;(Commands.java:5)
	at io.michaelcane.Calculator.&lt;init&gt;(Calculator.java:6)
	at io.michaelcane.Commands.&lt;init&gt;(Commands.java:5)
	at io.michaelcane.Calculator.&lt;init&gt;(Calculator.java:6)
	at io.michaelcane.Commands.&lt;init&gt;(Commands.java:5)
	at io.michaelcane.Calculator.&lt;init&gt;(Calculator.java:6)
	at io.michaelcane.Commands.&lt;init&gt;(Commands.java:5)
	at io.michaelcane.Calculator.&lt;init&gt;(Calculator.java:6)
	at io.michaelcane.Commands.&lt;init&gt;(Commands.java:5)
	at io.michaelcane.Calculator.&lt;init&gt;(Calculator.java:6)
	at io.michaelcane.Commands.&lt;init&gt;(Commands.java:5)
	at io.michaelcane.Calculator.&lt;init&gt;(Calculator.java:6)
	at io.michaelcane.Commands.&lt;init&gt;(Commands.java:5)
	at io.michaelcane.Calculator.&lt;init&gt;(Calculator.java:6)
	at io.michaelcane.Commands.&lt;init&gt;(Commands.java:5)
	at io.michaelcane.Calculator.&lt;init&gt;(Calculator.java:6)
	at io.michaelcane.Commands.&lt;init&gt;(Commands.java:5)
	at io.michaelcane.Calculator.&lt;init&gt;(Calculator.java:6)
	at io.michaelcane.Commands.&lt;init&gt;(Commands.java:5)
	at io.michaelcane.Calculator.&lt;init&gt;(Calculator.java:6)
	at io.michaelcane.Commands.&lt;init&gt;(Commands.java:5)
	at io.michaelcane.Calculator.&lt;init&gt;(Calculator.java:6)
	at io.michaelcane.Commands.&lt;init&gt;(Commands.java:5)
	at io.michaelcane.Calculator.&lt;init&gt;(Calculator.java:6)
	at io.michaelcane.Commands.&lt;init&gt;(Commands.java:5)
	at io.michaelcane.Calculator.&lt;init&gt;(Calculator.java:6)
	at io.michaelcane.Commands.&lt;init&gt;(Commands.java:5)
	at io.michaelcane.Calculator.&lt;init&gt;(Calculator.java:6)
	at io.michaelcane.Commands.&lt;init&gt;(Commands.java:5)
	at io.michaelcane.Calculator.&lt;init&gt;(Calculator.java:6)
	at io.michaelcane.Commands.&lt;init&gt;(Commands.java:5)
	at io.michaelcane.Calculator.&lt;init&gt;(Calculator.java:6)
	at io.michaelcane.Commands.&lt;init&gt;(Commands.java:5)
	at io.michaelcane.Calculator.&lt;init&gt;(Calculator.java:6)
	at io.michaelcane.Commands.&lt;init&gt;(Commands.java:5)
	at io.michaelcane.Calculator.&lt;init&gt;(Calculator.java:6)
	at io.michaelcane.Commands.&lt;init&gt;(Commands.java:5)
	at io.michaelcane.Calculator.&lt;init&gt;(Calculator.java:6)
	at io.michaelcane.Commands.&lt;init&gt;(Commands.java:5)
	at io.michaelcane.Calculator.&lt;init&gt;(Calculator.java:6)
	at io.michaelcane.Commands.&lt;init&gt;(Commands.java:5)
	at io.michaelcane.Calculator.&lt;init&gt;(Calculator.java:6)
	at io.michaelcane.Commands.&lt;init&gt;(Commands.java:5)
	at io.michaelcane.Calculator.&lt;init&gt;(Calculator.java:6)
	at io.michaelcane.Commands.&lt;init&gt;(Commands.java:5)
	at io.michaelcane.Calculator.&lt;init&gt;(Calculator.java:6)
	at io.michaelcane.Commands.&lt;init&gt;(Commands.java:5)
	at io.michaelcane.Calculator.&lt;init&gt;(Calculator.java:6)
	at io.michaelcane.Commands.&lt;init&gt;(Commands.java:5)
	at io.michaelcane.Calculator.&lt;init&gt;(Calculator.java:6)
	at io.michaelcane.Commands.&lt;init&gt;(Commands.java:5)
	at io.michaelcane.Calculator.&lt;init&gt;(Calculator.java:6)
	at io.michaelcane.Commands.&lt;init&gt;(Commands.java:5)
	at io.michaelcane.Calculator.&lt;init&gt;(Calculator.java:6)
	at io.michaelcane.Commands.&lt;init&gt;(Commands.java:5)
	at io.michaelcane.Calculator.&lt;init&gt;(Calculator.java:6)
	at io.michaelcane.Commands.&lt;init&gt;(Commands.java:5)
	at io.michaelcane.Calculator.&lt;init&gt;(Calculator.java:6)
	at io.michaelcane.Commands.&lt;init&gt;(Commands.java:5)
	at io.michaelcane.Calculator.&lt;init&gt;(Calculator.java:6)
	at io.michaelcane.Commands.&lt;init&gt;(Commands.java:5)
	at io.michaelcane.Calculator.&lt;init&gt;(Calculator.java:6)
	at io.michaelcane.Commands.&lt;init&gt;(Commands.java:5)
	at io.michaelcane.Calculator.&lt;init&gt;(Calculator.java:6)
	at io.michaelcane.Commands.&lt;init&gt;(Commands.java:5)
	at io.michaelcane.Calculator.&lt;init&gt;(Calculator.java:6)
	at io.michaelcane.Commands.&lt;init&gt;(Commands.java:5)
	at io.michaelcane.Calculator.&lt;init&gt;(Calculator.java:6)
	at io.michaelcane.Commands.&lt;init&gt;(Commands.java:5)
	at io.michaelcane.Calculator.&lt;init&gt;(Calculator.java:6)
	at io.michaelcane.Commands.&lt;init&gt;(Commands.java:5)
	at io.michaelcane.Calculator.&lt;init&gt;(Calculator.java:6)
	at io.michaelcane.Commands.&lt;init&gt;(Commands.java:5)
	at io.michaelcane.Calculator.&lt;init&gt;(Calculator.java:6)
	at io.michaelcane.Commands.&lt;init&gt;(Commands.java:5)
	at io.michaelcane.Calculator.&lt;init&gt;(Calculator.java:6)
	at io.michaelcane.Commands.&lt;init&gt;(Commands.java:5)
	at io.michaelcane.Calculator.&lt;init&gt;(Calculator.java:6)
	at io.michaelcane.Commands.&lt;init&gt;(Commands.java:5)
	at io.michaelcane.Calculator.&lt;init&gt;(Calculator.java:6)
	at io.michaelcane.Commands.&lt;init&gt;(Commands.java:5)
	at io.michaelcane.Calculator.&lt;init&gt;(Calculator.java:6)
	at io.michaelcane.Commands.&lt;init&gt;(Commands.java:5)
	at io.michaelcane.Calculator.&lt;init&gt;(Calculator.java:6)
	at io.michaelcane.Commands.&lt;init&gt;(Commands.java:5)
</error>
  </testcase>
  <testcase classname="io.michaelcane.CalculatorSpec" name="test$cosin" time="0.007">
    <error type="java.lang.StackOverflowError">java.lang.StackOverflowError
	at io.michaelcane.Calculator.&lt;init&gt;(Calculator.java:6)
	at io.michaelcane.Commands.&lt;init&gt;(Commands.java:5)
	at io.michaelcane.Calculator.&lt;init&gt;(Calculator.java:6)
	at io.michaelcane.Commands.&lt;init&gt;(Commands.java:5)
	at io.michaelcane.Calculator.&lt;init&gt;(Calculator.java:6)
	at io.michaelcane.Commands.&lt;init&gt;(Commands.java:5)
	at io.michaelcane.Calculator.&lt;init&gt;(Calculator.java:6)
	at io.michaelcane.Commands.&lt;init&gt;(Commands.java:5)
	at io.michaelcane.Calculator.&lt;init&gt;(Calculator.java:6)
	at io.michaelcane.Commands.&lt;init&gt;(Commands.java:5)
	at io.michaelcane.Calculator.&lt;init&gt;(Calculator.java:6)
	at io.michaelcane.Commands.&lt;init&gt;(Commands.java:5)
	at io.michaelcane.Calculator.&lt;init&gt;(Calculator.java:6)
	at io.michaelcane.Commands.&lt;init&gt;(Commands.java:5)
	at io.michaelcane.Calculator.&lt;init&gt;(Calculator.java:6)
	at io.michaelcane.Commands.&lt;init&gt;(Commands.java:5)
	at io.michaelcane.Calculator.&lt;init&gt;(Calculator.java:6)
	at io.michaelcane.Commands.&lt;init&gt;(Commands.java:5)
	at io.michaelcane.Calculator.&lt;init&gt;(Calculator.java:6)
	at io.michaelcane.Commands.&lt;init&gt;(Commands.java:5)
	at io.michaelcane.Calculator.&lt;init&gt;(Calculator.java:6)
	at io.michaelcane.Commands.&lt;init&gt;(Commands.java:5)
	at io.michaelcane.Calculator.&lt;init&gt;(Calculator.java:6)
	at io.michaelcane.Commands.&lt;init&gt;(Commands.java:5)
	at io.michaelcane.Calculator.&lt;init&gt;(Calculator.java:6)
	at io.michaelcane.Commands.&lt;init&gt;(Commands.java:5)
	at io.michaelcane.Calculator.&lt;init&gt;(Calculator.java:6)
	at io.michaelcane.Commands.&lt;init&gt;(Commands.java:5)
	at io.michaelcane.Calculator.&lt;init&gt;(Calculator.java:6)
	at io.michaelcane.Commands.&lt;init&gt;(Commands.java:5)
	at io.michaelcane.Calculator.&lt;init&gt;(Calculator.java:6)
	at io.michaelcane.Commands.&lt;init&gt;(Commands.java:5)
	at io.michaelcane.Calculator.&lt;init&gt;(Calculator.java:6)
	at io.michaelcane.Commands.&lt;init&gt;(Commands.java:5)
	at io.michaelcane.Calculator.&lt;init&gt;(Calculator.java:6)
	at io.michaelcane.Commands.&lt;init&gt;(Commands.java:5)
	at io.michaelcane.Calculator.&lt;init&gt;(Calculator.java:6)
	at io.michaelcane.Commands.&lt;init&gt;(Commands.java:5)
	at io.michaelcane.Calculator.&lt;init&gt;(Calculator.java:6)
	at io.michaelcane.Commands.&lt;init&gt;(Commands.java:5)
	at io.michaelcane.Calculator.&lt;init&gt;(Calculator.java:6)
	at io.michaelcane.Commands.&lt;init&gt;(Commands.java:5)
	at io.michaelcane.Calculator.&lt;init&gt;(Calculator.java:6)
	at io.michaelcane.Commands.&lt;init&gt;(Commands.java:5)
	at io.michaelcane.Calculator.&lt;init&gt;(Calculator.java:6)
	at io.michaelcane.Commands.&lt;init&gt;(Commands.java:5)
	at io.michaelcane.Calculator.&lt;init&gt;(Calculator.java:6)
	at io.michaelcane.Commands.&lt;init&gt;(Commands.java:5)
	at io.michaelcane.Calculator.&lt;init&gt;(Calculator.java:6)
	at io.michaelcane.Commands.&lt;init&gt;(Commands.java:5)
	at io.michaelcane.Calculator.&lt;init&gt;(Calculator.java:6)
	at io.michaelcane.Commands.&lt;init&gt;(Commands.java:5)
	at io.michaelcane.Calculator.&lt;init&gt;(Calculator.java:6)
	at io.michaelcane.Commands.&lt;init&gt;(Commands.java:5)
	at io.michaelcane.Calculator.&lt;init&gt;(Calculator.java:6)
	at io.michaelcane.Commands.&lt;init&gt;(Commands.java:5)
	at io.michaelcane.Calculator.&lt;init&gt;(Calculator.java:6)
	at io.michaelcane.Commands.&lt;init&gt;(Commands.java:5)
	at io.michaelcane.Calculator.&lt;init&gt;(Calculator.java:6)
	at io.michaelcane.Commands.&lt;init&gt;(Commands.java:5)
	at io.michaelcane.Calculator.&lt;init&gt;(Calculator.java:6)
	at io.michaelcane.Commands.&lt;init&gt;(Commands.java:5)
	at io.michaelcane.Calculator.&lt;init&gt;(Calculator.java:6)
	at io.michaelcane.Commands.&lt;init&gt;(Commands.java:5)
	at io.michaelcane.Calculator.&lt;init&gt;(Calculator.java:6)
	at io.michaelcane.Commands.&lt;init&gt;(Commands.java:5)
	at io.michaelcane.Calculator.&lt;init&gt;(Calculator.java:6)
	at io.michaelcane.Commands.&lt;init&gt;(Commands.java:5)
	at io.michaelcane.Calculator.&lt;init&gt;(Calculator.java:6)
	at io.michaelcane.Commands.&lt;init&gt;(Commands.java:5)
	at io.michaelcane.Calculator.&lt;init&gt;(Calculator.java:6)
	at io.michaelcane.Commands.&lt;init&gt;(Commands.java:5)
	at io.michaelcane.Calculator.&lt;init&gt;(Calculator.java:6)
	at io.michaelcane.Commands.&lt;init&gt;(Commands.java:5)
	at io.michaelcane.Calculator.&lt;init&gt;(Calculator.java:6)
	at io.michaelcane.Commands.&lt;init&gt;(Commands.java:5)
	at io.michaelcane.Calculator.&lt;init&gt;(Calculator.java:6)
	at io.michaelcane.Commands.&lt;init&gt;(Commands.java:5)
	at io.michaelcane.Calculator.&lt;init&gt;(Calculator.java:6)
	at io.michaelcane.Commands.&lt;init&gt;(Commands.java:5)
	at io.michaelcane.Calculator.&lt;init&gt;(Calculator.java:6)
	at io.michaelcane.Commands.&lt;init&gt;(Commands.java:5)
	at io.michaelcane.Calculator.&lt;init&gt;(Calculator.java:6)
	at io.michaelcane.Commands.&lt;init&gt;(Commands.java:5)
	at io.michaelcane.Calculator.&lt;init&gt;(Calculator.java:6)
	at io.michaelcane.Commands.&lt;init&gt;(Commands.java:5)
	at io.michaelcane.Calculator.&lt;init&gt;(Calculator.java:6)
	at io.michaelcane.Commands.&lt;init&gt;(Commands.java:5)
	at io.michaelcane.Calculator.&lt;init&gt;(Calculator.java:6)
	at io.michaelcane.Commands.&lt;init&gt;(Commands.java:5)
	at io.michaelcane.Calculator.&lt;init&gt;(Calculator.java:6)
	at io.michaelcane.Commands.&lt;init&gt;(Commands.java:5)
	at io.michaelcane.Calculator.&lt;init&gt;(Calculator.java:6)
	at io.michaelcane.Commands.&lt;init&gt;(Commands.java:5)
	at io.michaelcane.Calculator.&lt;init&gt;(Calculator.java:6)
	at io.michaelcane.Commands.&lt;init&gt;(Commands.java:5)
	at io.michaelcane.Calculator.&lt;init&gt;(Calculator.java:6)
	at io.michaelcane.Commands.&lt;init&gt;(Commands.java:5)
	at io.michaelcane.Calculator.&lt;init&gt;(Calculator.java:6)
	at io.michaelcane.Commands.&lt;init&gt;(Commands.java:5)
	at io.michaelcane.Calculator.&lt;init&gt;(Calculator.java:6)
	at io.michaelcane.Commands.&lt;init&gt;(Commands.java:5)
	at io.michaelcane.Calculator.&lt;init&gt;(Calculator.java:6)
	at io.michaelcane.Commands.&lt;init&gt;(Commands.java:5)
	at io.michaelcane.Calculator.&lt;init&gt;(Calculator.java:6)
	at io.michaelcane.Commands.&lt;init&gt;(Commands.java:5)
	at io.michaelcane.Calculator.&lt;init&gt;(Calculator.java:6)
	at io.michaelcane.Commands.&lt;init&gt;(Commands.java:5)
	at io.michaelcane.Calculator.&lt;init&gt;(Calculator.java:6)
	at io.michaelcane.Commands.&lt;init&gt;(Commands.java:5)
	at io.michaelcane.Calculator.&lt;init&gt;(Calculator.java:6)
	at io.michaelcane.Commands.&lt;init&gt;(Commands.java:5)
	at io.michaelcane.Calculator.&lt;init&gt;(Calculator.java:6)
	at io.michaelcane.Commands.&lt;init&gt;(Commands.java:5)
	at io.michaelcane.Calculator.&lt;init&gt;(Calculator.java:6)
	at io.michaelcane.Commands.&lt;init&gt;(Commands.java:5)
	at io.michaelcane.Calculator.&lt;init&gt;(Calculator.java:6)
	at io.michaelcane.Commands.&lt;init&gt;(Commands.java:5)
	at io.michaelcane.Calculator.&lt;init&gt;(Calculator.java:6)
	at io.michaelcane.Commands.&lt;init&gt;(Commands.java:5)
	at io.michaelcane.Calculator.&lt;init&gt;(Calculator.java:6)
	at io.michaelcane.Commands.&lt;init&gt;(Commands.java:5)
	at io.michaelcane.Calculator.&lt;init&gt;(Calculator.java:6)
	at io.michaelcane.Commands.&lt;init&gt;(Commands.java:5)
	at io.michaelcane.Calculator.&lt;init&gt;(Calculator.java:6)
	at io.michaelcane.Commands.&lt;init&gt;(Commands.java:5)
	at io.michaelcane.Calculator.&lt;init&gt;(Calculator.java:6)
	at io.michaelcane.Commands.&lt;init&gt;(Commands.java:5)
	at io.michaelcane.Calculator.&lt;init&gt;(Calculator.java:6)
	at io.michaelcane.Commands.&lt;init&gt;(Commands.java:5)
	at io.michaelcane.Calculator.&lt;init&gt;(Calculator.java:6)
	at io.michaelcane.Commands.&lt;init&gt;(Commands.java:5)
	at io.michaelcane.Calculator.&lt;init&gt;(Calculator.java:6)
	at io.michaelcane.Commands.&lt;init&gt;(Commands.java:5)
	at io.michaelcane.Calculator.&lt;init&gt;(Calculator.java:6)
	at io.michaelcane.Commands.&lt;init&gt;(Commands.java:5)
	at io.michaelcane.Calculator.&lt;init&gt;(Calculator.java:6)
	at io.michaelcane.Commands.&lt;init&gt;(Commands.java:5)
	at io.michaelcane.Calculator.&lt;init&gt;(Calculator.java:6)
	at io.michaelcane.Commands.&lt;init&gt;(Commands.java:5)
	at io.michaelcane.Calculator.&lt;init&gt;(Calculator.java:6)
	at io.michaelcane.Commands.&lt;init&gt;(Commands.java:5)
	at io.michaelcane.Calculator.&lt;init&gt;(Calculator.java:6)
	at io.michaelcane.Commands.&lt;init&gt;(Commands.java:5)
	at io.michaelcane.Calculator.&lt;init&gt;(Calculator.java:6)
	at io.michaelcane.Commands.&lt;init&gt;(Commands.java:5)
	at io.michaelcane.Calculator.&lt;init&gt;(Calculator.java:6)
	at io.michaelcane.Commands.&lt;init&gt;(Commands.java:5)
	at io.michaelcane.Calculator.&lt;init&gt;(Calculator.java:6)
	at io.michaelcane.Commands.&lt;init&gt;(Commands.java:5)
	at io.michaelcane.Calculator.&lt;init&gt;(Calculator.java:6)
	at io.michaelcane.Commands.&lt;init&gt;(Commands.java:5)
	at io.michaelcane.Calculator.&lt;init&gt;(Calculator.java:6)
	at io.michaelcane.Commands.&lt;init&gt;(Commands.java:5)
	at io.michaelcane.Calculator.&lt;init&gt;(Calculator.java:6)
	at io.michaelcane.Commands.&lt;init&gt;(Commands.java:5)
	at io.michaelcane.Calculator.&lt;init&gt;(Calculator.java:6)
	at io.michaelcane.Commands.&lt;init&gt;(Commands.java:5)
	at io.michaelcane.Calculator.&lt;init&gt;(Calculator.java:6)
	at io.michaelcane.Commands.&lt;init&gt;(Commands.java:5)
	at io.michaelcane.Calculator.&lt;init&gt;(Calculator.java:6)
	at io.michaelcane.Commands.&lt;init&gt;(Commands.java:5)
	at io.michaelcane.Calculator.&lt;init&gt;(Calculator.java:6)
	at io.michaelcane.Commands.&lt;init&gt;(Commands.java:5)
	at io.michaelcane.Calculator.&lt;init&gt;(Calculator.java:6)
	at io.michaelcane.Commands.&lt;init&gt;(Commands.java:5)
	at io.michaelcane.Calculator.&lt;init&gt;(Calculator.java:6)
	at io.michaelcane.Commands.&lt;init&gt;(Commands.java:5)
	at io.michaelcane.Calculator.&lt;init&gt;(Calculator.java:6)
	at io.michaelcane.Commands.&lt;init&gt;(Commands.java:5)
	at io.michaelcane.Calculator.&lt;init&gt;(Calculator.java:6)
	at io.michaelcane.Commands.&lt;init&gt;(Commands.java:5)
	at io.michaelcane.Calculator.&lt;init&gt;(Calculator.java:6)
	at io.michaelcane.Commands.&lt;init&gt;(Commands.java:5)
	at io.michaelcane.Calculator.&lt;init&gt;(Calculator.java:6)
	at io.michaelcane.Commands.&lt;init&gt;(Commands.java:5)
	at io.michaelcane.Calculator.&lt;init&gt;(Calculator.java:6)
	at io.michaelcane.Commands.&lt;init&gt;(Commands.java:5)
	at io.michaelcane.Calculator.&lt;init&gt;(Calculator.java:6)
	at io.michaelcane.Commands.&lt;init&gt;(Commands.java:5)
	at io.michaelcane.Calculator.&lt;init&gt;(Calculator.java:6)
	at io.michaelcane.Commands.&lt;init&gt;(Commands.java:5)
	at io.michaelcane.Calculator.&lt;init&gt;(Calculator.java:6)
	at io.michaelcane.Commands.&lt;init&gt;(Commands.java:5)
	at io.michaelcane.Calculator.&lt;init&gt;(Calculator.java:6)
	at io.michaelcane.Commands.&lt;init&gt;(Commands.java:5)
	at io.michaelcane.Calculator.&lt;init&gt;(Calculator.java:6)
	at io.michaelcane.Commands.&lt;init&gt;(Commands.java:5)
	at io.michaelcane.Calculator.&lt;init&gt;(Calculator.java:6)
	at io.michaelcane.Commands.&lt;init&gt;(Commands.java:5)
	at io.michaelcane.Calculator.&lt;init&gt;(Calculator.java:6)
	at io.michaelcane.Commands.&lt;init&gt;(Commands.java:5)
	at io.michaelcane.Calculator.&lt;init&gt;(Calculator.java:6)
	at io.michaelcane.Commands.&lt;init&gt;(Commands.java:5)
	at io.michaelcane.Calculator.&lt;init&gt;(Calculator.java:6)
	at io.michaelcane.Commands.&lt;init&gt;(Commands.java:5)
	at io.michaelcane.Calculator.&lt;init&gt;(Calculator.java:6)
	at io.michaelcane.Commands.&lt;init&gt;(Commands.java:5)
	at io.michaelcane.Calculator.&lt;init&gt;(Calculator.java:6)
	at io.michaelcane.Commands.&lt;init&gt;(Commands.java:5)
	at io.michaelcane.Calculator.&lt;init&gt;(Calculator.java:6)
	at io.michaelcane.Commands.&lt;init&gt;(Commands.java:5)
	at io.michaelcane.Calculator.&lt;init&gt;(Calculator.java:6)
	at io.michaelcane.Commands.&lt;init&gt;(Commands.java:5)
	at io.michaelcane.Calculator.&lt;init&gt;(Calculator.java:6)
	at io.michaelcane.Commands.&lt;init&gt;(Commands.java:5)
	at io.michaelcane.Calculator.&lt;init&gt;(Calculator.java:6)
	at io.michaelcane.Commands.&lt;init&gt;(Commands.java:5)
	at io.michaelcane.Calculator.&lt;init&gt;(Calculator.java:6)
	at io.michaelcane.Commands.&lt;init&gt;(Commands.java:5)
	at io.michaelcane.Calculator.&lt;init&gt;(Calculator.java:6)
	at io.michaelcane.Commands.&lt;init&gt;(Commands.java:5)
	at io.michaelcane.Calculator.&lt;init&gt;(Calculator.java:6)
	at io.michaelcane.Commands.&lt;init&gt;(Commands.java:5)
	at io.michaelcane.Calculator.&lt;init&gt;(Calculator.java:6)
	at io.michaelcane.Commands.&lt;init&gt;(Commands.java:5)
	at io.michaelcane.Calculator.&lt;init&gt;(Calculator.java:6)
	at io.michaelcane.Commands.&lt;init&gt;(Commands.java:5)
	at io.michaelcane.Calculator.&lt;init&gt;(Calculator.java:6)
	at io.michaelcane.Commands.&lt;init&gt;(Commands.java:5)
	at io.michaelcane.Calculator.&lt;init&gt;(Calculator.java:6)
	at io.michaelcane.Commands.&lt;init&gt;(Commands.java:5)
	at io.michaelcane.Calculator.&lt;init&gt;(Calculator.java:6)
	at io.michaelcane.Commands.&lt;init&gt;(Commands.java:5)
	at io.michaelcane.Calculator.&lt;init&gt;(Calculator.java:6)
	at io.michaelcane.Commands.&lt;init&gt;(Commands.java:5)
	at io.michaelcane.Calculator.&lt;init&gt;(Calculator.java:6)
	at io.michaelcane.Commands.&lt;init&gt;(Commands.java:5)
	at io.michaelcane.Calculator.&lt;init&gt;(Calculator.java:6)
	at io.michaelcane.Commands.&lt;init&gt;(Commands.java:5)
	at io.michaelcane.Calculator.&lt;init&gt;(Calculator.java:6)
	at io.michaelcane.Commands.&lt;init&gt;(Commands.java:5)
	at io.michaelcane.Calculator.&lt;init&gt;(Calculator.java:6)
	at io.michaelcane.Commands.&lt;init&gt;(Commands.java:5)
	at io.michaelcane.Calculator.&lt;init&gt;(Calculator.java:6)
	at io.michaelcane.Commands.&lt;init&gt;(Commands.java:5)
	at io.michaelcane.Calculator.&lt;init&gt;(Calculator.java:6)
	at io.michaelcane.Commands.&lt;init&gt;(Commands.java:5)
	at io.michaelcane.Calculator.&lt;init&gt;(Calculator.java:6)
	at io.michaelcane.Commands.&lt;init&gt;(Commands.java:5)
	at io.michaelcane.Calculator.&lt;init&gt;(Calculator.java:6)
	at io.michaelcane.Commands.&lt;init&gt;(Commands.java:5)
	at io.michaelcane.Calculator.&lt;init&gt;(Calculator.java:6)
	at io.michaelcane.Commands.&lt;init&gt;(Commands.java:5)
	at io.michaelcane.Calculator.&lt;init&gt;(Calculator.java:6)
	at io.michaelcane.Commands.&lt;init&gt;(Commands.java:5)
	at io.michaelcane.Calculator.&lt;init&gt;(Calculator.java:6)
	at io.michaelcane.Commands.&lt;init&gt;(Commands.java:5)
	at io.michaelcane.Calculator.&lt;init&gt;(Calculator.java:6)
	at io.michaelcane.Commands.&lt;init&gt;(Commands.java:5)
	at io.michaelcane.Calculator.&lt;init&gt;(Calculator.java:6)
	at io.michaelcane.Commands.&lt;init&gt;(Commands.java:5)
	at io.michaelcane.Calculator.&lt;init&gt;(Calculator.java:6)
	at io.michaelcane.Commands.&lt;init&gt;(Commands.java:5)
	at io.michaelcane.Calculator.&lt;init&gt;(Calculator.java:6)
	at io.michaelcane.Commands.&lt;init&gt;(Commands.java:5)
	at io.michaelcane.Calculator.&lt;init&gt;(Calculator.java:6)
	at io.michaelcane.Commands.&lt;init&gt;(Commands.java:5)
	at io.michaelcane.Calculator.&lt;init&gt;(Calculator.java:6)
	at io.michaelcane.Commands.&lt;init&gt;(Commands.java:5)
	at io.michaelcane.Calculator.&lt;init&gt;(Calculator.java:6)
	at io.michaelcane.Commands.&lt;init&gt;(Commands.java:5)
	at io.michaelcane.Calculator.&lt;init&gt;(Calculator.java:6)
	at io.michaelcane.Commands.&lt;init&gt;(Commands.java:5)
	at io.michaelcane.Calculator.&lt;init&gt;(Calculator.java:6)
	at io.michaelcane.Commands.&lt;init&gt;(Commands.java:5)
	at io.michaelcane.Calculator.&lt;init&gt;(Calculator.java:6)
	at io.michaelcane.Commands.&lt;init&gt;(Commands.java:5)
	at io.michaelcane.Calculator.&lt;init&gt;(Calculator.java:6)
	at io.michaelcane.Commands.&lt;init&gt;(Commands.java:5)
	at io.michaelcane.Calculator.&lt;init&gt;(Calculator.java:6)
	at io.michaelcane.Commands.&lt;init&gt;(Commands.java:5)
	at io.michaelcane.Calculator.&lt;init&gt;(Calculator.java:6)
	at io.michaelcane.Commands.&lt;init&gt;(Commands.java:5)
	at io.michaelcane.Calculator.&lt;init&gt;(Calculator.java:6)
	at io.michaelcane.Commands.&lt;init&gt;(Commands.java:5)
	at io.michaelcane.Calculator.&lt;init&gt;(Calculator.java:6)
	at io.michaelcane.Commands.&lt;init&gt;(Commands.java:5)
	at io.michaelcane.Calculator.&lt;init&gt;(Calculator.java:6)
	at io.michaelcane.Commands.&lt;init&gt;(Commands.java:5)
	at io.michaelcane.Calculator.&lt;init&gt;(Calculator.java:6)
	at io.michaelcane.Commands.&lt;init&gt;(Commands.java:5)
	at io.michaelcane.Calculator.&lt;init&gt;(Calculator.java:6)
	at io.michaelcane.Commands.&lt;init&gt;(Commands.java:5)
	at io.michaelcane.Calculator.&lt;init&gt;(Calculator.java:6)
	at io.michaelcane.Commands.&lt;init&gt;(Commands.java:5)
	at io.michaelcane.Calculator.&lt;init&gt;(Calculator.java:6)
	at io.michaelcane.Commands.&lt;init&gt;(Commands.java:5)
	at io.michaelcane.Calculator.&lt;init&gt;(Calculator.java:6)
	at io.michaelcane.Commands.&lt;init&gt;(Commands.java:5)
	at io.michaelcane.Calculator.&lt;init&gt;(Calculator.java:6)
	at io.michaelcane.Commands.&lt;init&gt;(Commands.java:5)
	at io.michaelcane.Calculator.&lt;init&gt;(Calculator.java:6)
	at io.michaelcane.Commands.&lt;init&gt;(Commands.java:5)
	at io.michaelcane.Calculator.&lt;init&gt;(Calculator.java:6)
	at io.michaelcane.Commands.&lt;init&gt;(Commands.java:5)
	at io.michaelcane.Calculator.&lt;init&gt;(Calculator.java:6)
	at io.michaelcane.Commands.&lt;init&gt;(Commands.java:5)
	at io.michaelcane.Calculator.&lt;init&gt;(Calculator.java:6)
	at io.michaelcane.Commands.&lt;init&gt;(Commands.java:5)
	at io.michaelcane.Calculator.&lt;init&gt;(Calculator.java:6)
	at io.michaelcane.Commands.&lt;init&gt;(Commands.java:5)
	at io.michaelcane.Calculator.&lt;init&gt;(Calculator.java:6)
	at io.michaelcane.Commands.&lt;init&gt;(Commands.java:5)
	at io.michaelcane.Calculator.&lt;init&gt;(Calculator.java:6)
	at io.michaelcane.Commands.&lt;init&gt;(Commands.java:5)
	at io.michaelcane.Calculator.&lt;init&gt;(Calculator.java:6)
	at io.michaelcane.Commands.&lt;init&gt;(Commands.java:5)
	at io.michaelcane.Calculator.&lt;init&gt;(Calculator.java:6)
	at io.michaelcane.Commands.&lt;init&gt;(Commands.java:5)
	at io.michaelcane.Calculator.&lt;init&gt;(Calculator.java:6)
	at io.michaelcane.Commands.&lt;init&gt;(Commands.java:5)
	at io.michaelcane.Calculator.&lt;init&gt;(Calculator.java:6)
	at io.michaelcane.Commands.&lt;init&gt;(Commands.java:5)
	at io.michaelcane.Calculator.&lt;init&gt;(Calculator.java:6)
	at io.michaelcane.Commands.&lt;init&gt;(Commands.java:5)
	at io.michaelcane.Calculator.&lt;init&gt;(Calculator.java:6)
	at io.michaelcane.Commands.&lt;init&gt;(Commands.java:5)
	at io.michaelcane.Calculator.&lt;init&gt;(Calculator.java:6)
	at io.michaelcane.Commands.&lt;init&gt;(Commands.java:5)
	at io.michaelcane.Calculator.&lt;init&gt;(Calculator.java:6)
	at io.michaelcane.Commands.&lt;init&gt;(Commands.java:5)
	at io.michaelcane.Calculator.&lt;init&gt;(Calculator.java:6)
	at io.michaelcane.Commands.&lt;init&gt;(Commands.java:5)
	at io.michaelcane.Calculator.&lt;init&gt;(Calculator.java:6)
	at io.michaelcane.Commands.&lt;init&gt;(Commands.java:5)
	at io.michaelcane.Calculator.&lt;init&gt;(Calculator.java:6)
	at io.michaelcane.Commands.&lt;init&gt;(Commands.java:5)
	at io.michaelcane.Calculator.&lt;init&gt;(Calculator.java:6)
	at io.michaelcane.Commands.&lt;init&gt;(Commands.java:5)
	at io.michaelcane.Calculator.&lt;init&gt;(Calculator.java:6)
	at io.michaelcane.Commands.&lt;init&gt;(Commands.java:5)
	at io.michaelcane.Calculator.&lt;init&gt;(Calculator.java:6)
	at io.michaelcane.Commands.&lt;init&gt;(Commands.java:5)
	at io.michaelcane.Calculator.&lt;init&gt;(Calculator.java:6)
	at io.michaelcane.Commands.&lt;init&gt;(Commands.java:5)
	at io.michaelcane.Calculator.&lt;init&gt;(Calculator.java:6)
	at io.michaelcane.Commands.&lt;init&gt;(Commands.java:5)
	at io.michaelcane.Calculator.&lt;init&gt;(Calculator.java:6)
	at io.michaelcane.Commands.&lt;init&gt;(Commands.java:5)
	at io.michaelcane.Calculator.&lt;init&gt;(Calculator.java:6)
	at io.michaelcane.Commands.&lt;init&gt;(Commands.java:5)
	at io.michaelcane.Calculator.&lt;init&gt;(Calculator.java:6)
	at io.michaelcane.Commands.&lt;init&gt;(Commands.java:5)
	at io.michaelcane.Calculator.&lt;init&gt;(Calculator.java:6)
	at io.michaelcane.Commands.&lt;init&gt;(Commands.java:5)
	at io.michaelcane.Calculator.&lt;init&gt;(Calculator.java:6)
	at io.michaelcane.Commands.&lt;init&gt;(Commands.java:5)
	at io.michaelcane.Calculator.&lt;init&gt;(Calculator.java:6)
	at io.michaelcane.Commands.&lt;init&gt;(Commands.java:5)
	at io.michaelcane.Calculator.&lt;init&gt;(Calculator.java:6)
	at io.michaelcane.Commands.&lt;init&gt;(Commands.java:5)
	at io.michaelcane.Calculator.&lt;init&gt;(Calculator.java:6)
	at io.michaelcane.Commands.&lt;init&gt;(Commands.java:5)
	at io.michaelcane.Calculator.&lt;init&gt;(Calculator.java:6)
	at io.michaelcane.Commands.&lt;init&gt;(Commands.java:5)
	at io.michaelcane.Calculator.&lt;init&gt;(Calculator.java:6)
	at io.michaelcane.Commands.&lt;init&gt;(Commands.java:5)
	at io.michaelcane.Calculator.&lt;init&gt;(Calculator.java:6)
	at io.michaelcane.Commands.&lt;init&gt;(Commands.java:5)
	at io.michaelcane.Calculator.&lt;init&gt;(Calculator.java:6)
	at io.michaelcane.Commands.&lt;init&gt;(Commands.java:5)
	at io.michaelcane.Calculator.&lt;init&gt;(Calculator.java:6)
	at io.michaelcane.Commands.&lt;init&gt;(Commands.java:5)
	at io.michaelcane.Calculator.&lt;init&gt;(Calculator.java:6)
	at io.michaelcane.Commands.&lt;init&gt;(Commands.java:5)
	at io.michaelcane.Calculator.&lt;init&gt;(Calculator.java:6)
	at io.michaelcane.Commands.&lt;init&gt;(Commands.java:5)
	at io.michaelcane.Calculator.&lt;init&gt;(Calculator.java:6)
	at io.michaelcane.Commands.&lt;init&gt;(Commands.java:5)
	at io.michaelcane.Calculator.&lt;init&gt;(Calculator.java:6)
	at io.michaelcane.Commands.&lt;init&gt;(Commands.java:5)
	at io.michaelcane.Calculator.&lt;init&gt;(Calculator.java:6)
	at io.michaelcane.Commands.&lt;init&gt;(Commands.java:5)
	at io.michaelcane.Calculator.&lt;init&gt;(Calculator.java:6)
	at io.michaelcane.Commands.&lt;init&gt;(Commands.java:5)
	at io.michaelcane.Calculator.&lt;init&gt;(Calculator.java:6)
	at io.michaelcane.Commands.&lt;init&gt;(Commands.java:5)
	at io.michaelcane.Calculator.&lt;init&gt;(Calculator.java:6)
	at io.michaelcane.Commands.&lt;init&gt;(Commands.java:5)
	at io.michaelcane.Calculator.&lt;init&gt;(Calculator.java:6)
	at io.michaelcane.Commands.&lt;init&gt;(Commands.java:5)
	at io.michaelcane.Calculator.&lt;init&gt;(Calculator.java:6)
	at io.michaelcane.Commands.&lt;init&gt;(Commands.java:5)
	at io.michaelcane.Calculator.&lt;init&gt;(Calculator.java:6)
	at io.michaelcane.Commands.&lt;init&gt;(Commands.java:5)
	at io.michaelcane.Calculator.&lt;init&gt;(Calculator.java:6)
	at io.michaelcane.Commands.&lt;init&gt;(Commands.java:5)
	at io.michaelcane.Calculator.&lt;init&gt;(Calculator.java:6)
	at io.michaelcane.Commands.&lt;init&gt;(Commands.java:5)
	at io.michaelcane.Calculator.&lt;init&gt;(Calculator.java:6)
	at io.michaelcane.Commands.&lt;init&gt;(Commands.java:5)
	at io.michaelcane.Calculator.&lt;init&gt;(Calculator.java:6)
	at io.michaelcane.Commands.&lt;init&gt;(Commands.java:5)
	at io.michaelcane.Calculator.&lt;init&gt;(Calculator.java:6)
	at io.michaelcane.Commands.&lt;init&gt;(Commands.java:5)
	at io.michaelcane.Calculator.&lt;init&gt;(Calculator.java:6)
	at io.michaelcane.Commands.&lt;init&gt;(Commands.java:5)
	at io.michaelcane.Calculator.&lt;init&gt;(Calculator.java:6)
	at io.michaelcane.Commands.&lt;init&gt;(Commands.java:5)
	at io.michaelcane.Calculator.&lt;init&gt;(Calculator.java:6)
	at io.michaelcane.Commands.&lt;init&gt;(Commands.java:5)
	at io.michaelcane.Calculator.&lt;init&gt;(Calculator.java:6)
	at io.michaelcane.Commands.&lt;init&gt;(Commands.java:5)
	at io.michaelcane.Calculator.&lt;init&gt;(Calculator.java:6)
	at io.michaelcane.Commands.&lt;init&gt;(Commands.java:5)
	at io.michaelcane.Calculator.&lt;init&gt;(Calculator.java:6)
	at io.michaelcane.Commands.&lt;init&gt;(Commands.java:5)
	at io.michaelcane.Calculator.&lt;init&gt;(Calculator.java:6)
	at io.michaelcane.Commands.&lt;init&gt;(Commands.java:5)
	at io.michaelcane.Calculator.&lt;init&gt;(Calculator.java:6)
	at io.michaelcane.Commands.&lt;init&gt;(Commands.java:5)
	at io.michaelcane.Calculator.&lt;init&gt;(Calculator.java:6)
	at io.michaelcane.Commands.&lt;init&gt;(Commands.java:5)
	at io.michaelcane.Calculator.&lt;init&gt;(Calculator.java:6)
	at io.michaelcane.Commands.&lt;init&gt;(Commands.java:5)
	at io.michaelcane.Calculator.&lt;init&gt;(Calculator.java:6)
	at io.michaelcane.Commands.&lt;init&gt;(Commands.java:5)
	at io.michaelcane.Calculator.&lt;init&gt;(Calculator.java:6)
	at io.michaelcane.Commands.&lt;init&gt;(Commands.java:5)
	at io.michaelcane.Calculator.&lt;init&gt;(Calculator.java:6)
	at io.michaelcane.Commands.&lt;init&gt;(Commands.java:5)
	at io.michaelcane.Calculator.&lt;init&gt;(Calculator.java:6)
	at io.michaelcane.Commands.&lt;init&gt;(Commands.java:5)
	at io.michaelcane.Calculator.&lt;init&gt;(Calculator.java:6)
	at io.michaelcane.Commands.&lt;init&gt;(Commands.java:5)
	at io.michaelcane.Calculator.&lt;init&gt;(Calculator.java:6)
	at io.michaelcane.Commands.&lt;init&gt;(Commands.java:5)
	at io.michaelcane.Calculator.&lt;init&gt;(Calculator.java:6)
	at io.michaelcane.Commands.&lt;init&gt;(Commands.java:5)
	at io.michaelcane.Calculator.&lt;init&gt;(Calculator.java:6)
	at io.michaelcane.Commands.&lt;init&gt;(Commands.java:5)
	at io.michaelcane.Calculator.&lt;init&gt;(Calculator.java:6)
	at io.michaelcane.Commands.&lt;init&gt;(Commands.java:5)
	at io.michaelcane.Calculator.&lt;init&gt;(Calculator.java:6)
	at io.michaelcane.Commands.&lt;init&gt;(Commands.java:5)
	at io.michaelcane.Calculator.&lt;init&gt;(Calculator.java:6)
	at io.michaelcane.Commands.&lt;init&gt;(Commands.java:5)
	at io.michaelcane.Calculator.&lt;init&gt;(Calculator.java:6)
	at io.michaelcane.Commands.&lt;init&gt;(Commands.java:5)
	at io.michaelcane.Calculator.&lt;init&gt;(Calculator.java:6)
	at io.michaelcane.Commands.&lt;init&gt;(Commands.java:5)
	at io.michaelcane.Calculator.&lt;init&gt;(Calculator.java:6)
	at io.michaelcane.Commands.&lt;init&gt;(Commands.java:5)
	at io.michaelcane.Calculator.&lt;init&gt;(Calculator.java:6)
	at io.michaelcane.Commands.&lt;init&gt;(Commands.java:5)
	at io.michaelcane.Calculator.&lt;init&gt;(Calculator.java:6)
	at io.michaelcane.Commands.&lt;init&gt;(Commands.java:5)
	at io.michaelcane.Calculator.&lt;init&gt;(Calculator.java:6)
	at io.michaelcane.Commands.&lt;init&gt;(Commands.java:5)
	at io.michaelcane.Calculator.&lt;init&gt;(Calculator.java:6)
	at io.michaelcane.Commands.&lt;init&gt;(Commands.java:5)
	at io.michaelcane.Calculator.&lt;init&gt;(Calculator.java:6)
	at io.michaelcane.Commands.&lt;init&gt;(Commands.java:5)
	at io.michaelcane.Calculator.&lt;init&gt;(Calculator.java:6)
	at io.michaelcane.Commands.&lt;init&gt;(Commands.java:5)
	at io.michaelcane.Calculator.&lt;init&gt;(Calculator.java:6)
	at io.michaelcane.Commands.&lt;init&gt;(Commands.java:5)
	at io.michaelcane.Calculator.&lt;init&gt;(Calculator.java:6)
	at io.michaelcane.Commands.&lt;init&gt;(Commands.java:5)
	at io.michaelcane.Calculator.&lt;init&gt;(Calculator.java:6)
	at io.michaelcane.Commands.&lt;init&gt;(Commands.java:5)
	at io.michaelcane.Calculator.&lt;init&gt;(Calculator.java:6)
	at io.michaelcane.Commands.&lt;init&gt;(Commands.java:5)
	at io.michaelcane.Calculator.&lt;init&gt;(Calculator.java:6)
	at io.michaelcane.Commands.&lt;init&gt;(Commands.java:5)
	at io.michaelcane.Calculator.&lt;init&gt;(Calculator.java:6)
	at io.michaelcane.Commands.&lt;init&gt;(Commands.java:5)
	at io.michaelcane.Calculator.&lt;init&gt;(Calculator.java:6)
	at io.michaelcane.Commands.&lt;init&gt;(Commands.java:5)
	at io.michaelcane.Calculator.&lt;init&gt;(Calculator.java:6)
	at io.michaelcane.Commands.&lt;init&gt;(Commands.java:5)
	at io.michaelcane.Calculator.&lt;init&gt;(Calculator.java:6)
	at io.michaelcane.Commands.&lt;init&gt;(Commands.java:5)
	at io.michaelcane.Calculator.&lt;init&gt;(Calculator.java:6)
	at io.michaelcane.Commands.&lt;init&gt;(Commands.java:5)
	at io.michaelcane.Calculator.&lt;init&gt;(Calculator.java:6)
	at io.michaelcane.Commands.&lt;init&gt;(Commands.java:5)
	at io.michaelcane.Calculator.&lt;init&gt;(Calculator.java:6)
	at io.michaelcane.Commands.&lt;init&gt;(Commands.java:5)
	at io.michaelcane.Calculator.&lt;init&gt;(Calculator.java:6)
	at io.michaelcane.Commands.&lt;init&gt;(Commands.java:5)
	at io.michaelcane.Calculator.&lt;init&gt;(Calculator.java:6)
	at io.michaelcane.Commands.&lt;init&gt;(Commands.java:5)
	at io.michaelcane.Calculator.&lt;init&gt;(Calculator.java:6)
	at io.michaelcane.Commands.&lt;init&gt;(Commands.java:5)
	at io.michaelcane.Calculator.&lt;init&gt;(Calculator.java:6)
	at io.michaelcane.Commands.&lt;init&gt;(Commands.java:5)
	at io.michaelcane.Calculator.&lt;init&gt;(Calculator.java:6)
	at io.michaelcane.Commands.&lt;init&gt;(Commands.java:5)
	at io.michaelcane.Calculator.&lt;init&gt;(Calculator.java:6)
	at io.michaelcane.Commands.&lt;init&gt;(Commands.java:5)
	at io.michaelcane.Calculator.&lt;init&gt;(Calculator.java:6)
	at io.michaelcane.Commands.&lt;init&gt;(Commands.java:5)
	at io.michaelcane.Calculator.&lt;init&gt;(Calculator.java:6)
	at io.michaelcane.Commands.&lt;init&gt;(Commands.java:5)
	at io.michaelcane.Calculator.&lt;init&gt;(Calculator.java:6)
	at io.michaelcane.Commands.&lt;init&gt;(Commands.java:5)
	at io.michaelcane.Calculator.&lt;init&gt;(Calculator.java:6)
	at io.michaelcane.Commands.&lt;init&gt;(Commands.java:5)
	at io.michaelcane.Calculator.&lt;init&gt;(Calculator.java:6)
	at io.michaelcane.Commands.&lt;init&gt;(Commands.java:5)
	at io.michaelcane.Calculator.&lt;init&gt;(Calculator.java:6)
	at io.michaelcane.Commands.&lt;init&gt;(Commands.java:5)
	at io.michaelcane.Calculator.&lt;init&gt;(Calculator.java:6)
	at io.michaelcane.Commands.&lt;init&gt;(Commands.java:5)
	at io.michaelcane.Calculator.&lt;init&gt;(Calculator.java:6)
	at io.michaelcane.Commands.&lt;init&gt;(Commands.java:5)
	at io.michaelcane.Calculator.&lt;init&gt;(Calculator.java:6)
	at io.michaelcane.Commands.&lt;init&gt;(Commands.java:5)
	at io.michaelcane.Calculator.&lt;init&gt;(Calculator.java:6)
	at io.michaelcane.Commands.&lt;init&gt;(Commands.java:5)
	at io.michaelcane.Calculator.&lt;init&gt;(Calculator.java:6)
	at io.michaelcane.Commands.&lt;init&gt;(Commands.java:5)
	at io.michaelcane.Calculator.&lt;init&gt;(Calculator.java:6)
	at io.michaelcane.Commands.&lt;init&gt;(Commands.java:5)
	at io.michaelcane.Calculator.&lt;init&gt;(Calculator.java:6)
	at io.michaelcane.Commands.&lt;init&gt;(Commands.java:5)
	at io.michaelcane.Calculator.&lt;init&gt;(Calculator.java:6)
	at io.michaelcane.Commands.&lt;init&gt;(Commands.java:5)
	at io.michaelcane.Calculator.&lt;init&gt;(Calculator.java:6)
	at io.michaelcane.Commands.&lt;init&gt;(Commands.java:5)
	at io.michaelcane.Calculator.&lt;init&gt;(Calculator.java:6)
	at io.michaelcane.Commands.&lt;init&gt;(Commands.java:5)
	at io.michaelcane.Calculator.&lt;init&gt;(Calculator.java:6)
	at io.michaelcane.Commands.&lt;init&gt;(Commands.java:5)
	at io.michaelcane.Calculator.&lt;init&gt;(Calculator.java:6)
	at io.michaelcane.Commands.&lt;init&gt;(Commands.java:5)
	at io.michaelcane.Calculator.&lt;init&gt;(Calculator.java:6)
	at io.michaelcane.Commands.&lt;init&gt;(Commands.java:5)
	at io.michaelcane.Calculator.&lt;init&gt;(Calculator.java:6)
	at io.michaelcane.Commands.&lt;init&gt;(Commands.java:5)
	at io.michaelcane.Calculator.&lt;init&gt;(Calculator.java:6)
	at io.michaelcane.Commands.&lt;init&gt;(Commands.java:5)
	at io.michaelcane.Calculator.&lt;init&gt;(Calculator.java:6)
	at io.michaelcane.Commands.&lt;init&gt;(Commands.java:5)
	at io.michaelcane.Calculator.&lt;init&gt;(Calculator.java:6)
	at io.michaelcane.Commands.&lt;init&gt;(Commands.java:5)
	at io.michaelcane.Calculator.&lt;init&gt;(Calculator.java:6)
	at io.michaelcane.Commands.&lt;init&gt;(Commands.java:5)
	at io.michaelcane.Calculator.&lt;init&gt;(Calculator.java:6)
	at io.michaelcane.Commands.&lt;init&gt;(Commands.java:5)
	at io.michaelcane.Calculator.&lt;init&gt;(Calculator.java:6)
	at io.michaelcane.Commands.&lt;init&gt;(Commands.java:5)
	at io.michaelcane.Calculator.&lt;init&gt;(Calculator.java:6)
	at io.michaelcane.Commands.&lt;init&gt;(Commands.java:5)
	at io.michaelcane.Calculator.&lt;init&gt;(Calculator.java:6)
	at io.michaelcane.Commands.&lt;init&gt;(Commands.java:5)
	at io.michaelcane.Calculator.&lt;init&gt;(Calculator.java:6)
	at io.michaelcane.Commands.&lt;init&gt;(Commands.java:5)
	at io.michaelcane.Calculator.&lt;init&gt;(Calculator.java:6)
	at io.michaelcane.Commands.&lt;init&gt;(Commands.java:5)
	at io.michaelcane.Calculator.&lt;init&gt;(Calculator.java:6)
	at io.michaelcane.Commands.&lt;init&gt;(Commands.java:5)
	at io.michaelcane.Calculator.&lt;init&gt;(Calculator.java:6)
	at io.michaelcane.Commands.&lt;init&gt;(Commands.java:5)
	at io.michaelcane.Calculator.&lt;init&gt;(Calculator.java:6)
	at io.michaelcane.Commands.&lt;init&gt;(Commands.java:5)
	at io.michaelcane.Calculator.&lt;init&gt;(Calculator.java:6)
	at io.michaelcane.Commands.&lt;init&gt;(Commands.java:5)
	at io.michaelcane.Calculator.&lt;init&gt;(Calculator.java:6)
	at io.michaelcane.Commands.&lt;init&gt;(Commands.java:5)
	at io.michaelcane.Calculator.&lt;init&gt;(Calculator.java:6)
	at io.michaelcane.Commands.&lt;init&gt;(Commands.java:5)
	at io.michaelcane.Calculator.&lt;init&gt;(Calculator.java:6)
	at io.michaelcane.Commands.&lt;init&gt;(Commands.java:5)
	at io.michaelcane.Calculator.&lt;init&gt;(Calculator.java:6)
	at io.michaelcane.Commands.&lt;init&gt;(Commands.java:5)
	at io.michaelcane.Calculator.&lt;init&gt;(Calculator.java:6)
	at io.michaelcane.Commands.&lt;init&gt;(Commands.java:5)
	at io.michaelcane.Calculator.&lt;init&gt;(Calculator.java:6)
	at io.michaelcane.Commands.&lt;init&gt;(Commands.java:5)
	at io.michaelcane.Calculator.&lt;init&gt;(Calculator.java:6)
	at io.michaelcane.Commands.&lt;init&gt;(Commands.java:5)
	at io.michaelcane.Calculator.&lt;init&gt;(Calculator.java:6)
	at io.michaelcane.Commands.&lt;init&gt;(Commands.java:5)
	at io.michaelcane.Calculator.&lt;init&gt;(Calculator.java:6)
	at io.michaelcane.Commands.&lt;init&gt;(Commands.java:5)
	at io.michaelcane.Calculator.&lt;init&gt;(Calculator.java:6)
	at io.michaelcane.Commands.&lt;init&gt;(Commands.java:5)
	at io.michaelcane.Calculator.&lt;init&gt;(Calculator.java:6)
	at io.michaelcane.Commands.&lt;init&gt;(Commands.java:5)
	at io.michaelcane.Calculator.&lt;init&gt;(Calculator.java:6)
	at io.michaelcane.Commands.&lt;init&gt;(Commands.java:5)
	at io.michaelcane.Calculator.&lt;init&gt;(Calculator.java:6)
	at io.michaelcane.Commands.&lt;init&gt;(Commands.java:5)
	at io.michaelcane.Calculator.&lt;init&gt;(Calculator.java:6)
	at io.michaelcane.Commands.&lt;init&gt;(Commands.java:5)
	at io.michaelcane.Calculator.&lt;init&gt;(Calculator.java:6)
	at io.michaelcane.Commands.&lt;init&gt;(Commands.java:5)
	at io.michaelcane.Calculator.&lt;init&gt;(Calculator.java:6)
	at io.michaelcane.Commands.&lt;init&gt;(Commands.java:5)
	at io.michaelcane.Calculator.&lt;init&gt;(Calculator.java:6)
	at io.michaelcane.Commands.&lt;init&gt;(Commands.java:5)
	at io.michaelcane.Calculator.&lt;init&gt;(Calculator.java:6)
	at io.michaelcane.Commands.&lt;init&gt;(Commands.java:5)
	at io.michaelcane.Calculator.&lt;init&gt;(Calculator.java:6)
	at io.michaelcane.Commands.&lt;init&gt;(Commands.java:5)
	at io.michaelcane.Calculator.&lt;init&gt;(Calculator.java:6)
	at io.michaelcane.Commands.&lt;init&gt;(Commands.java:5)
	at io.michaelcane.Calculator.&lt;init&gt;(Calculator.java:6)
	at io.michaelcane.Commands.&lt;init&gt;(Commands.java:5)
	at io.michaelcane.Calculator.&lt;init&gt;(Calculator.java:6)
	at io.michaelcane.Commands.&lt;init&gt;(Commands.java:5)
	at io.michaelcane.Calculator.&lt;init&gt;(Calculator.java:6)
	at io.michaelcane.Commands.&lt;init&gt;(Commands.java:5)
	at io.michaelcane.Calculator.&lt;init&gt;(Calculator.java:6)
	at io.michaelcane.Commands.&lt;init&gt;(Commands.java:5)
	at io.michaelcane.Calculator.&lt;init&gt;(Calculator.java:6)
	at io.michaelcane.Commands.&lt;init&gt;(Commands.java:5)
	at io.michaelcane.Calculator.&lt;init&gt;(Calculator.java:6)
	at io.michaelcane.Commands.&lt;init&gt;(Commands.java:5)
	at io.michaelcane.Calculator.&lt;init&gt;(Calculator.java:6)
	at io.michaelcane.Commands.&lt;init&gt;(Commands.java:5)
	at io.michaelcane.Calculator.&lt;init&gt;(Calculator.java:6)
	at io.michaelcane.Commands.&lt;init&gt;(Commands.java:5)
	at io.michaelcane.Calculator.&lt;init&gt;(Calculator.java:6)
	at io.michaelcane.Commands.&lt;init&gt;(Commands.java:5)
	at io.michaelcane.Calculator.&lt;init&gt;(Calculator.java:6)
	at io.michaelcane.Commands.&lt;init&gt;(Commands.java:5)
	at io.michaelcane.Calculator.&lt;init&gt;(Calculator.java:6)
	at io.michaelcane.Commands.&lt;init&gt;(Commands.java:5)
	at io.michaelcane.Calculator.&lt;init&gt;(Calculator.java:6)
	at io.michaelcane.Commands.&lt;init&gt;(Commands.java:5)
	at io.michaelcane.Calculator.&lt;init&gt;(Calculator.java:6)
	at io.michaelcane.Commands.&lt;init&gt;(Commands.java:5)
	at io.michaelcane.Calculator.&lt;init&gt;(Calculator.java:6)
	at io.michaelcane.Commands.&lt;init&gt;(Commands.java:5)
	at io.michaelcane.Calculator.&lt;init&gt;(Calculator.java:6)
	at io.michaelcane.Commands.&lt;init&gt;(Commands.java:5)
	at io.michaelcane.Calculator.&lt;init&gt;(Calculator.java:6)
	at io.michaelcane.Commands.&lt;init&gt;(Commands.java:5)
	at io.michaelcane.Calculator.&lt;init&gt;(Calculator.java:6)
	at io.michaelcane.Commands.&lt;init&gt;(Commands.java:5)
	at io.michaelcane.Calculator.&lt;init&gt;(Calculator.java:6)
	at io.michaelcane.Commands.&lt;init&gt;(Commands.java:5)
	at io.michaelcane.Calculator.&lt;init&gt;(Calculator.java:6)
	at io.michaelcane.Commands.&lt;init&gt;(Commands.java:5)
	at io.michaelcane.Calculator.&lt;init&gt;(Calculator.java:6)
	at io.michaelcane.Commands.&lt;init&gt;(Commands.java:5)
	at io.michaelcane.Calculator.&lt;init&gt;(Calculator.java:6)
	at io.michaelcane.Commands.&lt;init&gt;(Commands.java:5)
	at io.michaelcane.Calculator.&lt;init&gt;(Calculator.java:6)
	at io.michaelcane.Commands.&lt;init&gt;(Commands.java:5)
	at io.michaelcane.Calculator.&lt;init&gt;(Calculator.java:6)
	at io.michaelcane.Commands.&lt;init&gt;(Commands.java:5)
	at io.michaelcane.Calculator.&lt;init&gt;(Calculator.java:6)
	at io.michaelcane.Commands.&lt;init&gt;(Commands.java:5)
	at io.michaelcane.Calculator.&lt;init&gt;(Calculator.java:6)
	at io.michaelcane.Commands.&lt;init&gt;(Commands.java:5)
	at io.michaelcane.Calculator.&lt;init&gt;(Calculator.java:6)
	at io.michaelcane.Commands.&lt;init&gt;(Commands.java:5)
	at io.michaelcane.Calculator.&lt;init&gt;(Calculator.java:6)
	at io.michaelcane.Commands.&lt;init&gt;(Commands.java:5)
	at io.michaelcane.Calculator.&lt;init&gt;(Calculator.java:6)
	at io.michaelcane.Commands.&lt;init&gt;(Commands.java:5)
	at io.michaelcane.Calculator.&lt;init&gt;(Calculator.java:6)
	at io.michaelcane.Commands.&lt;init&gt;(Commands.java:5)
	at io.michaelcane.Calculator.&lt;init&gt;(Calculator.java:6)
	at io.michaelcane.Commands.&lt;init&gt;(Commands.java:5)
	at io.michaelcane.Calculator.&lt;init&gt;(Calculator.java:6)
	at io.michaelcane.Commands.&lt;init&gt;(Commands.java:5)
	at io.michaelcane.Calculator.&lt;init&gt;(Calculator.java:6)
	at io.michaelcane.Commands.&lt;init&gt;(Commands.java:5)
	at io.michaelcane.Calculator.&lt;init&gt;(Calculator.java:6)
	at io.michaelcane.Commands.&lt;init&gt;(Commands.java:5)
	at io.michaelcane.Calculator.&lt;init&gt;(Calculator.java:6)
	at io.michaelcane.Commands.&lt;init&gt;(Commands.java:5)
	at io.michaelcane.Calculator.&lt;init&gt;(Calculator.java:6)
	at io.michaelcane.Commands.&lt;init&gt;(Commands.java:5)
	at io.michaelcane.Calculator.&lt;init&gt;(Calculator.java:6)
	at io.michaelcane.Commands.&lt;init&gt;(Commands.java:5)
	at io.michaelcane.Calculator.&lt;init&gt;(Calculator.java:6)
	at io.michaelcane.Commands.&lt;init&gt;(Commands.java:5)
	at io.michaelcane.Calculator.&lt;init&gt;(Calculator.java:6)
	at io.michaelcane.Commands.&lt;init&gt;(Commands.java:5)
	at io.michaelcane.Calculator.&lt;init&gt;(Calculator.java:6)
	at io.michaelcane.Commands.&lt;init&gt;(Commands.java:5)
	at io.michaelcane.Calculator.&lt;init&gt;(Calculator.java:6)
	at io.michaelcane.Commands.&lt;init&gt;(Commands.java:5)
	at io.michaelcane.Calculator.&lt;init&gt;(Calculator.java:6)
	at io.michaelcane.Commands.&lt;init&gt;(Commands.java:5)
	at io.michaelcane.Calculator.&lt;init&gt;(Calculator.java:6)
	at io.michaelcane.Commands.&lt;init&gt;(Commands.java:5)
	at io.michaelcane.Calculator.&lt;init&gt;(Calculator.java:6)
	at io.michaelcane.Commands.&lt;init&gt;(Commands.java:5)
	at io.michaelcane.Calculator.&lt;init&gt;(Calculator.java:6)
	at io.michaelcane.Commands.&lt;init&gt;(Commands.java:5)
	at io.michaelcane.Calculator.&lt;init&gt;(Calculator.java:6)
	at io.michaelcane.Commands.&lt;init&gt;(Commands.java:5)
	at io.michaelcane.Calculator.&lt;init&gt;(Calculator.java:6)
	at io.michaelcane.Commands.&lt;init&gt;(Commands.java:5)
	at io.michaelcane.Calculator.&lt;init&gt;(Calculator.java:6)
	at io.michaelcane.Commands.&lt;init&gt;(Commands.java:5)
	at io.michaelcane.Calculator.&lt;init&gt;(Calculator.java:6)
	at io.michaelcane.Commands.&lt;init&gt;(Commands.java:5)
	at io.michaelcane.Calculator.&lt;init&gt;(Calculator.java:6)
	at io.michaelcane.Commands.&lt;init&gt;(Commands.java:5)
	at io.michaelcane.Calculator.&lt;init&gt;(Calculator.java:6)
	at io.michaelcane.Commands.&lt;init&gt;(Commands.java:5)
	at io.michaelcane.Calculator.&lt;init&gt;(Calculator.java:6)
	at io.michaelcane.Commands.&lt;init&gt;(Commands.java:5)
	at io.michaelcane.Calculator.&lt;init&gt;(Calculator.java:6)
	at io.michaelcane.Commands.&lt;init&gt;(Commands.java:5)
	at io.michaelcane.Calculator.&lt;init&gt;(Calculator.java:6)
	at io.michaelcane.Commands.&lt;init&gt;(Commands.java:5)
	at io.michaelcane.Calculator.&lt;init&gt;(Calculator.java:6)
	at io.michaelcane.Commands.&lt;init&gt;(Commands.java:5)
	at io.michaelcane.Calculator.&lt;init&gt;(Calculator.java:6)
	at io.michaelcane.Commands.&lt;init&gt;(Commands.java:5)
	at io.michaelcane.Calculator.&lt;init&gt;(Calculator.java:6)
	at io.michaelcane.Commands.&lt;init&gt;(Commands.java:5)
	at io.michaelcane.Calculator.&lt;init&gt;(Calculator.java:6)
	at io.michaelcane.Commands.&lt;init&gt;(Commands.java:5)
	at io.michaelcane.Calculator.&lt;init&gt;(Calculator.java:6)
	at io.michaelcane.Commands.&lt;init&gt;(Commands.java:5)
	at io.michaelcane.Calculator.&lt;init&gt;(Calculator.java:6)
	at io.michaelcane.Commands.&lt;init&gt;(Commands.java:5)
	at io.michaelcane.Calculator.&lt;init&gt;(Calculator.java:6)
	at io.michaelcane.Commands.&lt;init&gt;(Commands.java:5)
	at io.michaelcane.Calculator.&lt;init&gt;(Calculator.java:6)
	at io.michaelcane.Commands.&lt;init&gt;(Commands.java:5)
	at io.michaelcane.Calculator.&lt;init&gt;(Calculator.java:6)
	at io.michaelcane.Commands.&lt;init&gt;(Commands.java:5)
	at io.michaelcane.Calculator.&lt;init&gt;(Calculator.java:6)
	at io.michaelcane.Commands.&lt;init&gt;(Commands.java:5)
	at io.michaelcane.Calculator.&lt;init&gt;(Calculator.java:6)
	at io.michaelcane.Commands.&lt;init&gt;(Commands.java:5)
	at io.michaelcane.Calculator.&lt;init&gt;(Calculator.java:6)
	at io.michaelcane.Commands.&lt;init&gt;(Commands.java:5)
	at io.michaelcane.Calculator.&lt;init&gt;(Calculator.java:6)
	at io.michaelcane.Commands.&lt;init&gt;(Commands.java:5)
	at io.michaelcane.Calculator.&lt;init&gt;(Calculator.java:6)
	at io.michaelcane.Commands.&lt;init&gt;(Commands.java:5)
	at io.michaelcane.Calculator.&lt;init&gt;(Calculator.java:6)
	at io.michaelcane.Commands.&lt;init&gt;(Commands.java:5)
	at io.michaelcane.Calculator.&lt;init&gt;(Calculator.java:6)
	at io.michaelcane.Commands.&lt;init&gt;(Commands.java:5)
	at io.michaelcane.Calculator.&lt;init&gt;(Calculator.java:6)
	at io.michaelcane.Commands.&lt;init&gt;(Commands.java:5)
	at io.michaelcane.Calculator.&lt;init&gt;(Calculator.java:6)
	at io.michaelcane.Commands.&lt;init&gt;(Commands.java:5)
	at io.michaelcane.Calculator.&lt;init&gt;(Calculator.java:6)
	at io.michaelcane.Commands.&lt;init&gt;(Commands.java:5)
	at io.michaelcane.Calculator.&lt;init&gt;(Calculator.java:6)
	at io.michaelcane.Commands.&lt;init&gt;(Commands.java:5)
	at io.michaelcane.Calculator.&lt;init&gt;(Calculator.java:6)
	at io.michaelcane.Commands.&lt;init&gt;(Commands.java:5)
	at io.michaelcane.Calculator.&lt;init&gt;(Calculator.java:6)
	at io.michaelcane.Commands.&lt;init&gt;(Commands.java:5)
	at io.michaelcane.Calculator.&lt;init&gt;(Calculator.java:6)
	at io.michaelcane.Commands.&lt;init&gt;(Commands.java:5)
	at io.michaelcane.Calculator.&lt;init&gt;(Calculator.java:6)
	at io.michaelcane.Commands.&lt;init&gt;(Commands.java:5)
	at io.michaelcane.Calculator.&lt;init&gt;(Calculator.java:6)
	at io.michaelcane.Commands.&lt;init&gt;(Commands.java:5)
	at io.michaelcane.Calculator.&lt;init&gt;(Calculator.java:6)
	at io.michaelcane.Commands.&lt;init&gt;(Commands.java:5)
	at io.michaelcane.Calculator.&lt;init&gt;(Calculator.java:6)
	at io.michaelcane.Commands.&lt;init&gt;(Commands.java:5)
	at io.michaelcane.Calculator.&lt;init&gt;(Calculator.java:6)
	at io.michaelcane.Commands.&lt;init&gt;(Commands.java:5)
	at io.michaelcane.Calculator.&lt;init&gt;(Calculator.java:6)
	at io.michaelcane.Commands.&lt;init&gt;(Commands.java:5)
	at io.michaelcane.Calculator.&lt;init&gt;(Calculator.java:6)
	at io.michaelcane.Commands.&lt;init&gt;(Commands.java:5)
	at io.michaelcane.Calculator.&lt;init&gt;(Calculator.java:6)
	at io.michaelcane.Commands.&lt;init&gt;(Commands.java:5)
	at io.michaelcane.Calculator.&lt;init&gt;(Calculator.java:6)
	at io.michaelcane.Commands.&lt;init&gt;(Commands.java:5)
	at io.michaelcane.Calculator.&lt;init&gt;(Calculator.java:6)
	at io.michaelcane.Commands.&lt;init&gt;(Commands.java:5)
	at io.michaelcane.Calculator.&lt;init&gt;(Calculator.java:6)
	at io.michaelcane.Commands.&lt;init&gt;(Commands.java:5)
	at io.michaelcane.Calculator.&lt;init&gt;(Calculator.java:6)
	at io.michaelcane.Commands.&lt;init&gt;(Commands.java:5)
	at io.michaelcane.Calculator.&lt;init&gt;(Calculator.java:6)
	at io.michaelcane.Commands.&lt;init&gt;(Commands.java:5)
	at io.michaelcane.Calculator.&lt;init&gt;(Calculator.java:6)
	at io.michaelcane.Commands.&lt;init&gt;(Commands.java:5)
	at io.michaelcane.Calculator.&lt;init&gt;(Calculator.java:6)
	at io.michaelcane.Commands.&lt;init&gt;(Commands.java:5)
	at io.michaelcane.Calculator.&lt;init&gt;(Calculator.java:6)
	at io.michaelcane.Commands.&lt;init&gt;(Commands.java:5)
	at io.michaelcane.Calculator.&lt;init&gt;(Calculator.java:6)
	at io.michaelcane.Commands.&lt;init&gt;(Commands.java:5)
	at io.michaelcane.Calculator.&lt;init&gt;(Calculator.java:6)
	at io.michaelcane.Commands.&lt;init&gt;(Commands.java:5)
	at io.michaelcane.Calculator.&lt;init&gt;(Calculator.java:6)
	at io.michaelcane.Commands.&lt;init&gt;(Commands.java:5)
	at io.michaelcane.Calculator.&lt;init&gt;(Calculator.java:6)
	at io.michaelcane.Commands.&lt;init&gt;(Commands.java:5)
	at io.michaelcane.Calculator.&lt;init&gt;(Calculator.java:6)
	at io.michaelcane.Commands.&lt;init&gt;(Commands.java:5)
	at io.michaelcane.Calculator.&lt;init&gt;(Calculator.java:6)
	at io.michaelcane.Commands.&lt;init&gt;(Commands.java:5)
	at io.michaelcane.Calculator.&lt;init&gt;(Calculator.java:6)
	at io.michaelcane.Commands.&lt;init&gt;(Commands.java:5)
	at io.michaelcane.Calculator.&lt;init&gt;(Calculator.java:6)
	at io.michaelcane.Commands.&lt;init&gt;(Commands.java:5)
	at io.michaelcane.Calculator.&lt;init&gt;(Calculator.java:6)
	at io.michaelcane.Commands.&lt;init&gt;(Commands.java:5)
	at io.michaelcane.Calculator.&lt;init&gt;(Calculator.java:6)
	at io.michaelcane.Commands.&lt;init&gt;(Commands.java:5)
	at io.michaelcane.Calculator.&lt;init&gt;(Calculator.java:6)
	at io.michaelcane.Commands.&lt;init&gt;(Commands.java:5)
	at io.michaelcane.Calculator.&lt;init&gt;(Calculator.java:6)
	at io.michaelcane.Commands.&lt;init&gt;(Commands.java:5)
	at io.michaelcane.Calculator.&lt;init&gt;(Calculator.java:6)
	at io.michaelcane.Commands.&lt;init&gt;(Commands.java:5)
	at io.michaelcane.Calculator.&lt;init&gt;(Calculator.java:6)
	at io.michaelcane.Commands.&lt;init&gt;(Commands.java:5)
	at io.michaelcane.Calculator.&lt;init&gt;(Calculator.java:6)
	at io.michaelcane.Commands.&lt;init&gt;(Commands.java:5)
	at io.michaelcane.Calculator.&lt;init&gt;(Calculator.java:6)
	at io.michaelcane.Commands.&lt;init&gt;(Commands.java:5)
	at io.michaelcane.Calculator.&lt;init&gt;(Calculator.java:6)
	at io.michaelcane.Commands.&lt;init&gt;(Commands.java:5)
	at io.michaelcane.Calculator.&lt;init&gt;(Calculator.java:6)
	at io.michaelcane.Commands.&lt;init&gt;(Commands.java:5)
	at io.michaelcane.Calculator.&lt;init&gt;(Calculator.java:6)
	at io.michaelcane.Commands.&lt;init&gt;(Commands.java:5)
	at io.michaelcane.Calculator.&lt;init&gt;(Calculator.java:6)
	at io.michaelcane.Commands.&lt;init&gt;(Commands.java:5)
	at io.michaelcane.Calculator.&lt;init&gt;(Calculator.java:6)
	at io.michaelcane.Commands.&lt;init&gt;(Commands.java:5)
	at io.michaelcane.Calculator.&lt;init&gt;(Calculator.java:6)
	at io.michaelcane.Commands.&lt;init&gt;(Commands.java:5)
	at io.michaelcane.Calculator.&lt;init&gt;(Calculator.java:6)
	at io.michaelcane.Commands.&lt;init&gt;(Commands.java:5)
	at io.michaelcane.Calculator.&lt;init&gt;(Calculator.java:6)
	at io.michaelcane.Commands.&lt;init&gt;(Commands.java:5)
	at io.michaelcane.Calculator.&lt;init&gt;(Calculator.java:6)
	at io.michaelcane.Commands.&lt;init&gt;(Commands.java:5)
	at io.michaelcane.Calculator.&lt;init&gt;(Calculator.java:6)
	at io.michaelcane.Commands.&lt;init&gt;(Commands.java:5)
	at io.michaelcane.Calculator.&lt;init&gt;(Calculator.java:6)
	at io.michaelcane.Commands.&lt;init&gt;(Commands.java:5)
	at io.michaelcane.Calculator.&lt;init&gt;(Calculator.java:6)
	at io.michaelcane.Commands.&lt;init&gt;(Commands.java:5)
	at io.michaelcane.Calculator.&lt;init&gt;(Calculator.java:6)
	at io.michaelcane.Commands.&lt;init&gt;(Commands.java:5)
	at io.michaelcane.Calculator.&lt;init&gt;(Calculator.java:6)
	at io.michaelcane.Commands.&lt;init&gt;(Commands.java:5)
	at io.michaelcane.Calculator.&lt;init&gt;(Calculator.java:6)
	at io.michaelcane.Commands.&lt;init&gt;(Commands.java:5)
	at io.michaelcane.Calculator.&lt;init&gt;(Calculator.java:6)
	at io.michaelcane.Commands.&lt;init&gt;(Commands.java:5)
	at io.michaelcane.Calculator.&lt;init&gt;(Calculator.java:6)
	at io.michaelcane.Commands.&lt;init&gt;(Commands.java:5)
	at io.michaelcane.Calculator.&lt;init&gt;(Calculator.java:6)
	at io.michaelcane.Commands.&lt;init&gt;(Commands.java:5)
	at io.michaelcane.Calculator.&lt;init&gt;(Calculator.java:6)
	at io.michaelcane.Commands.&lt;init&gt;(Commands.java:5)
	at io.michaelcane.Calculator.&lt;init&gt;(Calculator.java:6)
	at io.michaelcane.Commands.&lt;init&gt;(Commands.java:5)
	at io.michaelcane.Calculator.&lt;init&gt;(Calculator.java:6)
	at io.michaelcane.Commands.&lt;init&gt;(Commands.java:5)
	at io.michaelcane.Calculator.&lt;init&gt;(Calculator.java:6)
	at io.michaelcane.Commands.&lt;init&gt;(Commands.java:5)
	at io.michaelcane.Calculator.&lt;init&gt;(Calculator.java:6)
	at io.michaelcane.Commands.&lt;init&gt;(Commands.java:5)
	at io.michaelcane.Calculator.&lt;init&gt;(Calculator.java:6)
	at io.michaelcane.Commands.&lt;init&gt;(Commands.java:5)
	at io.michaelcane.Calculator.&lt;init&gt;(Calculator.java:6)
	at io.michaelcane.Commands.&lt;init&gt;(Commands.java:5)
	at io.michaelcane.Calculator.&lt;init&gt;(Calculator.java:6)
	at io.michaelcane.Commands.&lt;init&gt;(Commands.java:5)
	at io.michaelcane.Calculator.&lt;init&gt;(Calculator.java:6)
	at io.michaelcane.Commands.&lt;init&gt;(Commands.java:5)
	at io.michaelcane.Calculator.&lt;init&gt;(Calculator.java:6)
	at io.michaelcane.Commands.&lt;init&gt;(Commands.java:5)
	at io.michaelcane.Calculator.&lt;init&gt;(Calculator.java:6)
	at io.michaelcane.Commands.&lt;init&gt;(Commands.java:5)
	at io.michaelcane.Calculator.&lt;init&gt;(Calculator.java:6)
	at io.michaelcane.Commands.&lt;init&gt;(Commands.java:5)
	at io.michaelcane.Calculator.&lt;init&gt;(Calculator.java:6)
	at io.michaelcane.Commands.&lt;init&gt;(Commands.java:5)
	at io.michaelcane.Calculator.&lt;init&gt;(Calculator.java:6)
	at io.michaelcane.Commands.&lt;init&gt;(Commands.java:5)
	at io.michaelcane.Calculator.&lt;init&gt;(Calculator.java:6)
	at io.michaelcane.Commands.&lt;init&gt;(Commands.java:5)
	at io.michaelcane.Calculator.&lt;init&gt;(Calculator.java:6)
	at io.michaelcane.Commands.&lt;init&gt;(Commands.java:5)
	at io.michaelcane.Calculator.&lt;init&gt;(Calculator.java:6)
	at io.michaelcane.Commands.&lt;init&gt;(Commands.java:5)
	at io.michaelcane.Calculator.&lt;init&gt;(Calculator.java:6)
	at io.michaelcane.Commands.&lt;init&gt;(Commands.java:5)
	at io.michaelcane.Calculator.&lt;init&gt;(Calculator.java:6)
	at io.michaelcane.Commands.&lt;init&gt;(Commands.java:5)
	at io.michaelcane.Calculator.&lt;init&gt;(Calculator.java:6)
	at io.michaelcane.Commands.&lt;init&gt;(Commands.java:5)
	at io.michaelcane.Calculator.&lt;init&gt;(Calculator.java:6)
	at io.michaelcane.Commands.&lt;init&gt;(Commands.java:5)
	at io.michaelcane.Calculator.&lt;init&gt;(Calculator.java:6)
	at io.michaelcane.Commands.&lt;init&gt;(Commands.java:5)
	at io.michaelcane.Calculator.&lt;init&gt;(Calculator.java:6)
	at io.michaelcane.Commands.&lt;init&gt;(Commands.java:5)
	at io.michaelcane.Calculator.&lt;init&gt;(Calculator.java:6)
	at io.michaelcane.Commands.&lt;init&gt;(Commands.java:5)
	at io.michaelcane.Calculator.&lt;init&gt;(Calculator.java:6)
	at io.michaelcane.Commands.&lt;init&gt;(Commands.java:5)
	at io.michaelcane.Calculator.&lt;init&gt;(Calculator.java:6)
	at io.michaelcane.Commands.&lt;init&gt;(Commands.java:5)
	at io.michaelcane.Calculator.&lt;init&gt;(Calculator.java:6)
	at io.michaelcane.Commands.&lt;init&gt;(Commands.java:5)
	at io.michaelcane.Calculator.&lt;init&gt;(Calculator.java:6)
	at io.michaelcane.Commands.&lt;init&gt;(Commands.java:5)
	at io.michaelcane.Calculator.&lt;init&gt;(Calculator.java:6)
	at io.michaelcane.Commands.&lt;init&gt;(Commands.java:5)
	at io.michaelcane.Calculator.&lt;init&gt;(Calculator.java:6)
	at io.michaelcane.Commands.&lt;init&gt;(Commands.java:5)
	at io.michaelcane.Calculator.&lt;init&gt;(Calculator.java:6)
	at io.michaelcane.Commands.&lt;init&gt;(Commands.java:5)
	at io.michaelcane.Calculator.&lt;init&gt;(Calculator.java:6)
	at io.michaelcane.Commands.&lt;init&gt;(Commands.java:5)
	at io.michaelcane.Calculator.&lt;init&gt;(Calculator.java:6)
	at io.michaelcane.Commands.&lt;init&gt;(Commands.java:5)
	at io.michaelcane.Calculator.&lt;init&gt;(Calculator.java:6)
	at io.michaelcane.Commands.&lt;init&gt;(Commands.java:5)
	at io.michaelcane.Calculator.&lt;init&gt;(Calculator.java:6)
	at io.michaelcane.Commands.&lt;init&gt;(Commands.java:5)
	at io.michaelcane.Calculator.&lt;init&gt;(Calculator.java:6)
	at io.michaelcane.Commands.&lt;init&gt;(Commands.java:5)
	at io.michaelcane.Calculator.&lt;init&gt;(Calculator.java:6)
	at io.michaelcane.Commands.&lt;init&gt;(Commands.java:5)
	at io.michaelcane.Calculator.&lt;init&gt;(Calculator.java:6)
	at io.michaelcane.Commands.&lt;init&gt;(Commands.java:5)
	at io.michaelcane.Calculator.&lt;init&gt;(Calculator.java:6)
	at io.michaelcane.Commands.&lt;init&gt;(Commands.java:5)
	at io.michaelcane.Calculator.&lt;init&gt;(Calculator.java:6)
	at io.michaelcane.Commands.&lt;init&gt;(Commands.java:5)
	at io.michaelcane.Calculator.&lt;init&gt;(Calculator.java:6)
	at io.michaelcane.Commands.&lt;init&gt;(Commands.java:5)
	at io.michaelcane.Calculator.&lt;init&gt;(Calculator.java:6)
	at io.michaelcane.Commands.&lt;init&gt;(Commands.java:5)
	at io.michaelcane.Calculator.&lt;init&gt;(Calculator.java:6)
	at io.michaelcane.Commands.&lt;init&gt;(Commands.java:5)
	at io.michaelcane.Calculator.&lt;init&gt;(Calculator.java:6)
	at io.michaelcane.Commands.&lt;init&gt;(Commands.java:5)
	at io.michaelcane.Calculator.&lt;init&gt;(Calculator.java:6)
	at io.michaelcane.Commands.&lt;init&gt;(Commands.java:5)
	at io.michaelcane.Calculator.&lt;init&gt;(Calculator.java:6)
	at io.michaelcane.Commands.&lt;init&gt;(Commands.java:5)
	at io.michaelcane.Calculator.&lt;init&gt;(Calculator.java:6)
	at io.michaelcane.Commands.&lt;init&gt;(Commands.java:5)
	at io.michaelcane.Calculator.&lt;init&gt;(Calculator.java:6)
	at io.michaelcane.Commands.&lt;init&gt;(Commands.java:5)
	at io.michaelcane.Calculator.&lt;init&gt;(Calculator.java:6)
	at io.michaelcane.Commands.&lt;init&gt;(Commands.java:5)
	at io.michaelcane.Calculator.&lt;init&gt;(Calculator.java:6)
	at io.michaelcane.Commands.&lt;init&gt;(Commands.java:5)
	at io.michaelcane.Calculator.&lt;init&gt;(Calculator.java:6)
	at io.michaelcane.Commands.&lt;init&gt;(Commands.java:5)
	at io.michaelcane.Calculator.&lt;init&gt;(Calculator.java:6)
	at io.michaelcane.Commands.&lt;init&gt;(Commands.java:5)
	at io.michaelcane.Calculator.&lt;init&gt;(Calculator.java:6)
	at io.michaelcane.Commands.&lt;init&gt;(Commands.java:5)
	at io.michaelcane.Calculator.&lt;init&gt;(Calculator.java:6)
	at io.michaelcane.Commands.&lt;init&gt;(Commands.java:5)
	at io.michaelcane.Calculator.&lt;init&gt;(Calculator.java:6)
	at io.michaelcane.Commands.&lt;init&gt;(Commands.java:5)
	at io.michaelcane.Calculator.&lt;init&gt;(Calculator.java:6)
	at io.michaelcane.Commands.&lt;init&gt;(Commands.java:5)
	at io.michaelcane.Calculator.&lt;init&gt;(Calculator.java:6)
	at io.michaelcane.Commands.&lt;init&gt;(Commands.java:5)
	at io.michaelcane.Calculator.&lt;init&gt;(Calculator.java:6)
	at io.michaelcane.Commands.&lt;init&gt;(Commands.java:5)
	at io.michaelcane.Calculator.&lt;init&gt;(Calculator.java:6)
	at io.michaelcane.Commands.&lt;init&gt;(Commands.java:5)
	at io.michaelcane.Calculator.&lt;init&gt;(Calculator.java:6)
	at io.michaelcane.Commands.&lt;init&gt;(Commands.java:5)
	at io.michaelcane.Calculator.&lt;init&gt;(Calculator.java:6)
	at io.michaelcane.Commands.&lt;init&gt;(Commands.java:5)
	at io.michaelcane.Calculator.&lt;init&gt;(Calculator.java:6)
	at io.michaelcane.Commands.&lt;init&gt;(Commands.java:5)
	at io.michaelcane.Calculator.&lt;init&gt;(Calculator.java:6)
	at io.michaelcane.Commands.&lt;init&gt;(Commands.java:5)
	at io.michaelcane.Calculator.&lt;init&gt;(Calculator.java:6)
	at io.michaelcane.Commands.&lt;init&gt;(Commands.java:5)
	at io.michaelcane.Calculator.&lt;init&gt;(Calculator.java:6)
	at io.michaelcane.Commands.&lt;init&gt;(Commands.java:5)
	at io.michaelcane.Calculator.&lt;init&gt;(Calculator.java:6)
	at io.michaelcane.Commands.&lt;init&gt;(Commands.java:5)
	at io.michaelcane.Calculator.&lt;init&gt;(Calculator.java:6)
	at io.michaelcane.Commands.&lt;init&gt;(Commands.java:5)
	at io.michaelcane.Calculator.&lt;init&gt;(Calculator.java:6)
	at io.michaelcane.Commands.&lt;init&gt;(Commands.java:5)
	at io.michaelcane.Calculator.&lt;init&gt;(Calculator.java:6)
	at io.michaelcane.Commands.&lt;init&gt;(Commands.java:5)
	at io.michaelcane.Calculator.&lt;init&gt;(Calculator.java:6)
	at io.michaelcane.Commands.&lt;init&gt;(Commands.java:5)
	at io.michaelcane.Calculator.&lt;init&gt;(Calculator.java:6)
	at io.michaelcane.Commands.&lt;init&gt;(Commands.java:5)
	at io.michaelcane.Calculator.&lt;init&gt;(Calculator.java:6)
	at io.michaelcane.Commands.&lt;init&gt;(Commands.java:5)
	at io.michaelcane.Calculator.&lt;init&gt;(Calculator.java:6)
	at io.michaelcane.Commands.&lt;init&gt;(Commands.java:5)
	at io.michaelcane.Calculator.&lt;init&gt;(Calculator.java:6)
	at io.michaelcane.Commands.&lt;init&gt;(Commands.java:5)
	at io.michaelcane.Calculator.&lt;init&gt;(Calculator.java:6)
	at io.michaelcane.Commands.&lt;init&gt;(Commands.java:5)
	at io.michaelcane.Calculator.&lt;init&gt;(Calculator.java:6)
	at io.michaelcane.Commands.&lt;init&gt;(Commands.java:5)
	at io.michaelcane.Calculator.&lt;init&gt;(Calculator.java:6)
	at io.michaelcane.Commands.&lt;init&gt;(Commands.java:5)
	at io.michaelcane.Calculator.&lt;init&gt;(Calculator.java:6)
	at io.michaelcane.Commands.&lt;init&gt;(Commands.java:5)
	at io.michaelcane.Calculator.&lt;init&gt;(Calculator.java:6)
	at io.michaelcane.Commands.&lt;init&gt;(Commands.java:5)
	at io.michaelcane.Calculator.&lt;init&gt;(Calculator.java:6)
	at io.michaelcane.Commands.&lt;init&gt;(Commands.java:5)
	at io.michaelcane.Calculator.&lt;init&gt;(Calculator.java:6)
	at io.michaelcane.Commands.&lt;init&gt;(Commands.java:5)
	at io.michaelcane.Calculator.&lt;init&gt;(Calculator.java:6)
	at io.michaelcane.Commands.&lt;init&gt;(Commands.java:5)
	at io.michaelcane.Calculator.&lt;init&gt;(Calculator.java:6)
	at io.michaelcane.Commands.&lt;init&gt;(Commands.java:5)
	at io.michaelcane.Calculator.&lt;init&gt;(Calculator.java:6)
	at io.michaelcane.Commands.&lt;init&gt;(Commands.java:5)
	at io.michaelcane.Calculator.&lt;init&gt;(Calculator.java:6)
	at io.michaelcane.Commands.&lt;init&gt;(Commands.java:5)
	at io.michaelcane.Calculator.&lt;init&gt;(Calculator.java:6)
	at io.michaelcane.Commands.&lt;init&gt;(Commands.java:5)
</error>
  </testcase>
  <testcase classname="io.michaelcane.CalculatorSpec" name="test$naturalLogarithm" time="0.007">
    <error type="java.lang.StackOverflowError">java.lang.StackOverflowError
	at io.michaelcane.Calculator.&lt;init&gt;(Calculator.java:6)
	at io.michaelcane.Commands.&lt;init&gt;(Commands.java:5)
	at io.michaelcane.Calculator.&lt;init&gt;(Calculator.java:6)
	at io.michaelcane.Commands.&lt;init&gt;(Commands.java:5)
	at io.michaelcane.Calculator.&lt;init&gt;(Calculator.java:6)
	at io.michaelcane.Commands.&lt;init&gt;(Commands.java:5)
	at io.michaelcane.Calculator.&lt;init&gt;(Calculator.java:6)
	at io.michaelcane.Commands.&lt;init&gt;(Commands.java:5)
	at io.michaelcane.Calculator.&lt;init&gt;(Calculator.java:6)
	at io.michaelcane.Commands.&lt;init&gt;(Commands.java:5)
	at io.michaelcane.Calculator.&lt;init&gt;(Calculator.java:6)
	at io.michaelcane.Commands.&lt;init&gt;(Commands.java:5)
	at io.michaelcane.Calculator.&lt;init&gt;(Calculator.java:6)
	at io.michaelcane.Commands.&lt;init&gt;(Commands.java:5)
	at io.michaelcane.Calculator.&lt;init&gt;(Calculator.java:6)
	at io.michaelcane.Commands.&lt;init&gt;(Commands.java:5)
	at io.michaelcane.Calculator.&lt;init&gt;(Calculator.java:6)
	at io.michaelcane.Commands.&lt;init&gt;(Commands.java:5)
	at io.michaelcane.Calculator.&lt;init&gt;(Calculator.java:6)
	at io.michaelcane.Commands.&lt;init&gt;(Commands.java:5)
	at io.michaelcane.Calculator.&lt;init&gt;(Calculator.java:6)
	at io.michaelcane.Commands.&lt;init&gt;(Commands.java:5)
	at io.michaelcane.Calculator.&lt;init&gt;(Calculator.java:6)
	at io.michaelcane.Commands.&lt;init&gt;(Commands.java:5)
	at io.michaelcane.Calculator.&lt;init&gt;(Calculator.java:6)
	at io.michaelcane.Commands.&lt;init&gt;(Commands.java:5)
	at io.michaelcane.Calculator.&lt;init&gt;(Calculator.java:6)
	at io.michaelcane.Commands.&lt;init&gt;(Commands.java:5)
	at io.michaelcane.Calculator.&lt;init&gt;(Calculator.java:6)
	at io.michaelcane.Commands.&lt;init&gt;(Commands.java:5)
	at io.michaelcane.Calculator.&lt;init&gt;(Calculator.java:6)
	at io.michaelcane.Commands.&lt;init&gt;(Commands.java:5)
	at io.michaelcane.Calculator.&lt;init&gt;(Calculator.java:6)
	at io.michaelcane.Commands.&lt;init&gt;(Commands.java:5)
	at io.michaelcane.Calculator.&lt;init&gt;(Calculator.java:6)
	at io.michaelcane.Commands.&lt;init&gt;(Commands.java:5)
	at io.michaelcane.Calculator.&lt;init&gt;(Calculator.java:6)
	at io.michaelcane.Commands.&lt;init&gt;(Commands.java:5)
	at io.michaelcane.Calculator.&lt;init&gt;(Calculator.java:6)
	at io.michaelcane.Commands.&lt;init&gt;(Commands.java:5)
	at io.michaelcane.Calculator.&lt;init&gt;(Calculator.java:6)
	at io.michaelcane.Commands.&lt;init&gt;(Commands.java:5)
	at io.michaelcane.Calculator.&lt;init&gt;(Calculator.java:6)
	at io.michaelcane.Commands.&lt;init&gt;(Commands.java:5)
	at io.michaelcane.Calculator.&lt;init&gt;(Calculator.java:6)
	at io.michaelcane.Commands.&lt;init&gt;(Commands.java:5)
	at io.michaelcane.Calculator.&lt;init&gt;(Calculator.java:6)
	at io.michaelcane.Commands.&lt;init&gt;(Commands.java:5)
	at io.michaelcane.Calculator.&lt;init&gt;(Calculator.java:6)
	at io.michaelcane.Commands.&lt;init&gt;(Commands.java:5)
	at io.michaelcane.Calculator.&lt;init&gt;(Calculator.java:6)
	at io.michaelcane.Commands.&lt;init&gt;(Commands.java:5)
	at io.michaelcane.Calculator.&lt;init&gt;(Calculator.java:6)
	at io.michaelcane.Commands.&lt;init&gt;(Commands.java:5)
	at io.michaelcane.Calculator.&lt;init&gt;(Calculator.java:6)
	at io.michaelcane.Commands.&lt;init&gt;(Commands.java:5)
	at io.michaelcane.Calculator.&lt;init&gt;(Calculator.java:6)
	at io.michaelcane.Commands.&lt;init&gt;(Commands.java:5)
	at io.michaelcane.Calculator.&lt;init&gt;(Calculator.java:6)
	at io.michaelcane.Commands.&lt;init&gt;(Commands.java:5)
	at io.michaelcane.Calculator.&lt;init&gt;(Calculator.java:6)
	at io.michaelcane.Commands.&lt;init&gt;(Commands.java:5)
	at io.michaelcane.Calculator.&lt;init&gt;(Calculator.java:6)
	at io.michaelcane.Commands.&lt;init&gt;(Commands.java:5)
	at io.michaelcane.Calculator.&lt;init&gt;(Calculator.java:6)
	at io.michaelcane.Commands.&lt;init&gt;(Commands.java:5)
	at io.michaelcane.Calculator.&lt;init&gt;(Calculator.java:6)
	at io.michaelcane.Commands.&lt;init&gt;(Commands.java:5)
	at io.michaelcane.Calculator.&lt;init&gt;(Calculator.java:6)
	at io.michaelcane.Commands.&lt;init&gt;(Commands.java:5)
	at io.michaelcane.Calculator.&lt;init&gt;(Calculator.java:6)
	at io.michaelcane.Commands.&lt;init&gt;(Commands.java:5)
	at io.michaelcane.Calculator.&lt;init&gt;(Calculator.java:6)
	at io.michaelcane.Commands.&lt;init&gt;(Commands.java:5)
	at io.michaelcane.Calculator.&lt;init&gt;(Calculator.java:6)
	at io.michaelcane.Commands.&lt;init&gt;(Commands.java:5)
	at io.michaelcane.Calculator.&lt;init&gt;(Calculator.java:6)
	at io.michaelcane.Commands.&lt;init&gt;(Commands.java:5)
	at io.michaelcane.Calculator.&lt;init&gt;(Calculator.java:6)
	at io.michaelcane.Commands.&lt;init&gt;(Commands.java:5)
	at io.michaelcane.Calculator.&lt;init&gt;(Calculator.java:6)
	at io.michaelcane.Commands.&lt;init&gt;(Commands.java:5)
	at io.michaelcane.Calculator.&lt;init&gt;(Calculator.java:6)
	at io.michaelcane.Commands.&lt;init&gt;(Commands.java:5)
	at io.michaelcane.Calculator.&lt;init&gt;(Calculator.java:6)
	at io.michaelcane.Commands.&lt;init&gt;(Commands.java:5)
	at io.michaelcane.Calculator.&lt;init&gt;(Calculator.java:6)
	at io.michaelcane.Commands.&lt;init&gt;(Commands.java:5)
	at io.michaelcane.Calculator.&lt;init&gt;(Calculator.java:6)
	at io.michaelcane.Commands.&lt;init&gt;(Commands.java:5)
	at io.michaelcane.Calculator.&lt;init&gt;(Calculator.java:6)
	at io.michaelcane.Commands.&lt;init&gt;(Commands.java:5)
	at io.michaelcane.Calculator.&lt;init&gt;(Calculator.java:6)
	at io.michaelcane.Commands.&lt;init&gt;(Commands.java:5)
	at io.michaelcane.Calculator.&lt;init&gt;(Calculator.java:6)
	at io.michaelcane.Commands.&lt;init&gt;(Commands.java:5)
	at io.michaelcane.Calculator.&lt;init&gt;(Calculator.java:6)
	at io.michaelcane.Commands.&lt;init&gt;(Commands.java:5)
	at io.michaelcane.Calculator.&lt;init&gt;(Calculator.java:6)
	at io.michaelcane.Commands.&lt;init&gt;(Commands.java:5)
	at io.michaelcane.Calculator.&lt;init&gt;(Calculator.java:6)
	at io.michaelcane.Commands.&lt;init&gt;(Commands.java:5)
	at io.michaelcane.Calculator.&lt;init&gt;(Calculator.java:6)
	at io.michaelcane.Commands.&lt;init&gt;(Commands.java:5)
	at io.michaelcane.Calculator.&lt;init&gt;(Calculator.java:6)
	at io.michaelcane.Commands.&lt;init&gt;(Commands.java:5)
	at io.michaelcane.Calculator.&lt;init&gt;(Calculator.java:6)
	at io.michaelcane.Commands.&lt;init&gt;(Commands.java:5)
	at io.michaelcane.Calculator.&lt;init&gt;(Calculator.java:6)
	at io.michaelcane.Commands.&lt;init&gt;(Commands.java:5)
	at io.michaelcane.Calculator.&lt;init&gt;(Calculator.java:6)
	at io.michaelcane.Commands.&lt;init&gt;(Commands.java:5)
	at io.michaelcane.Calculator.&lt;init&gt;(Calculator.java:6)
	at io.michaelcane.Commands.&lt;init&gt;(Commands.java:5)
	at io.michaelcane.Calculator.&lt;init&gt;(Calculator.java:6)
	at io.michaelcane.Commands.&lt;init&gt;(Commands.java:5)
	at io.michaelcane.Calculator.&lt;init&gt;(Calculator.java:6)
	at io.michaelcane.Commands.&lt;init&gt;(Commands.java:5)
	at io.michaelcane.Calculator.&lt;init&gt;(Calculator.java:6)
	at io.michaelcane.Commands.&lt;init&gt;(Commands.java:5)
	at io.michaelcane.Calculator.&lt;init&gt;(Calculator.java:6)
	at io.michaelcane.Commands.&lt;init&gt;(Commands.java:5)
	at io.michaelcane.Calculator.&lt;init&gt;(Calculator.java:6)
	at io.michaelcane.Commands.&lt;init&gt;(Commands.java:5)
	at io.michaelcane.Calculator.&lt;init&gt;(Calculator.java:6)
	at io.michaelcane.Commands.&lt;init&gt;(Commands.java:5)
	at io.michaelcane.Calculator.&lt;init&gt;(Calculator.java:6)
	at io.michaelcane.Commands.&lt;init&gt;(Commands.java:5)
	at io.michaelcane.Calculator.&lt;init&gt;(Calculator.java:6)
	at io.michaelcane.Commands.&lt;init&gt;(Commands.java:5)
	at io.michaelcane.Calculator.&lt;init&gt;(Calculator.java:6)
	at io.michaelcane.Commands.&lt;init&gt;(Commands.java:5)
	at io.michaelcane.Calculator.&lt;init&gt;(Calculator.java:6)
	at io.michaelcane.Commands.&lt;init&gt;(Commands.java:5)
	at io.michaelcane.Calculator.&lt;init&gt;(Calculator.java:6)
	at io.michaelcane.Commands.&lt;init&gt;(Commands.java:5)
	at io.michaelcane.Calculator.&lt;init&gt;(Calculator.java:6)
	at io.michaelcane.Commands.&lt;init&gt;(Commands.java:5)
	at io.michaelcane.Calculator.&lt;init&gt;(Calculator.java:6)
	at io.michaelcane.Commands.&lt;init&gt;(Commands.java:5)
	at io.michaelcane.Calculator.&lt;init&gt;(Calculator.java:6)
	at io.michaelcane.Commands.&lt;init&gt;(Commands.java:5)
	at io.michaelcane.Calculator.&lt;init&gt;(Calculator.java:6)
	at io.michaelcane.Commands.&lt;init&gt;(Commands.java:5)
	at io.michaelcane.Calculator.&lt;init&gt;(Calculator.java:6)
	at io.michaelcane.Commands.&lt;init&gt;(Commands.java:5)
	at io.michaelcane.Calculator.&lt;init&gt;(Calculator.java:6)
	at io.michaelcane.Commands.&lt;init&gt;(Commands.java:5)
	at io.michaelcane.Calculator.&lt;init&gt;(Calculator.java:6)
	at io.michaelcane.Commands.&lt;init&gt;(Commands.java:5)
	at io.michaelcane.Calculator.&lt;init&gt;(Calculator.java:6)
	at io.michaelcane.Commands.&lt;init&gt;(Commands.java:5)
	at io.michaelcane.Calculator.&lt;init&gt;(Calculator.java:6)
	at io.michaelcane.Commands.&lt;init&gt;(Commands.java:5)
	at io.michaelcane.Calculator.&lt;init&gt;(Calculator.java:6)
	at io.michaelcane.Commands.&lt;init&gt;(Commands.java:5)
	at io.michaelcane.Calculator.&lt;init&gt;(Calculator.java:6)
	at io.michaelcane.Commands.&lt;init&gt;(Commands.java:5)
	at io.michaelcane.Calculator.&lt;init&gt;(Calculator.java:6)
	at io.michaelcane.Commands.&lt;init&gt;(Commands.java:5)
	at io.michaelcane.Calculator.&lt;init&gt;(Calculator.java:6)
	at io.michaelcane.Commands.&lt;init&gt;(Commands.java:5)
	at io.michaelcane.Calculator.&lt;init&gt;(Calculator.java:6)
	at io.michaelcane.Commands.&lt;init&gt;(Commands.java:5)
	at io.michaelcane.Calculator.&lt;init&gt;(Calculator.java:6)
	at io.michaelcane.Commands.&lt;init&gt;(Commands.java:5)
	at io.michaelcane.Calculator.&lt;init&gt;(Calculator.java:6)
	at io.michaelcane.Commands.&lt;init&gt;(Commands.java:5)
	at io.michaelcane.Calculator.&lt;init&gt;(Calculator.java:6)
	at io.michaelcane.Commands.&lt;init&gt;(Commands.java:5)
	at io.michaelcane.Calculator.&lt;init&gt;(Calculator.java:6)
	at io.michaelcane.Commands.&lt;init&gt;(Commands.java:5)
	at io.michaelcane.Calculator.&lt;init&gt;(Calculator.java:6)
	at io.michaelcane.Commands.&lt;init&gt;(Commands.java:5)
	at io.michaelcane.Calculator.&lt;init&gt;(Calculator.java:6)
	at io.michaelcane.Commands.&lt;init&gt;(Commands.java:5)
	at io.michaelcane.Calculator.&lt;init&gt;(Calculator.java:6)
	at io.michaelcane.Commands.&lt;init&gt;(Commands.java:5)
	at io.michaelcane.Calculator.&lt;init&gt;(Calculator.java:6)
	at io.michaelcane.Commands.&lt;init&gt;(Commands.java:5)
	at io.michaelcane.Calculator.&lt;init&gt;(Calculator.java:6)
	at io.michaelcane.Commands.&lt;init&gt;(Commands.java:5)
	at io.michaelcane.Calculator.&lt;init&gt;(Calculator.java:6)
	at io.michaelcane.Commands.&lt;init&gt;(Commands.java:5)
	at io.michaelcane.Calculator.&lt;init&gt;(Calculator.java:6)
	at io.michaelcane.Commands.&lt;init&gt;(Commands.java:5)
	at io.michaelcane.Calculator.&lt;init&gt;(Calculator.java:6)
	at io.michaelcane.Commands.&lt;init&gt;(Commands.java:5)
	at io.michaelcane.Calculator.&lt;init&gt;(Calculator.java:6)
	at io.michaelcane.Commands.&lt;init&gt;(Commands.java:5)
	at io.michaelcane.Calculator.&lt;init&gt;(Calculator.java:6)
	at io.michaelcane.Commands.&lt;init&gt;(Commands.java:5)
	at io.michaelcane.Calculator.&lt;init&gt;(Calculator.java:6)
	at io.michaelcane.Commands.&lt;init&gt;(Commands.java:5)
	at io.michaelcane.Calculator.&lt;init&gt;(Calculator.java:6)
	at io.michaelcane.Commands.&lt;init&gt;(Commands.java:5)
	at io.michaelcane.Calculator.&lt;init&gt;(Calculator.java:6)
	at io.michaelcane.Commands.&lt;init&gt;(Commands.java:5)
	at io.michaelcane.Calculator.&lt;init&gt;(Calculator.java:6)
	at io.michaelcane.Commands.&lt;init&gt;(Commands.java:5)
	at io.michaelcane.Calculator.&lt;init&gt;(Calculator.java:6)
	at io.michaelcane.Commands.&lt;init&gt;(Commands.java:5)
	at io.michaelcane.Calculator.&lt;init&gt;(Calculator.java:6)
	at io.michaelcane.Commands.&lt;init&gt;(Commands.java:5)
	at io.michaelcane.Calculator.&lt;init&gt;(Calculator.java:6)
	at io.michaelcane.Commands.&lt;init&gt;(Commands.java:5)
	at io.michaelcane.Calculator.&lt;init&gt;(Calculator.java:6)
	at io.michaelcane.Commands.&lt;init&gt;(Commands.java:5)
	at io.michaelcane.Calculator.&lt;init&gt;(Calculator.java:6)
	at io.michaelcane.Commands.&lt;init&gt;(Commands.java:5)
	at io.michaelcane.Calculator.&lt;init&gt;(Calculator.java:6)
	at io.michaelcane.Commands.&lt;init&gt;(Commands.java:5)
	at io.michaelcane.Calculator.&lt;init&gt;(Calculator.java:6)
	at io.michaelcane.Commands.&lt;init&gt;(Commands.java:5)
	at io.michaelcane.Calculator.&lt;init&gt;(Calculator.java:6)
	at io.michaelcane.Commands.&lt;init&gt;(Commands.java:5)
	at io.michaelcane.Calculator.&lt;init&gt;(Calculator.java:6)
	at io.michaelcane.Commands.&lt;init&gt;(Commands.java:5)
	at io.michaelcane.Calculator.&lt;init&gt;(Calculator.java:6)
	at io.michaelcane.Commands.&lt;init&gt;(Commands.java:5)
	at io.michaelcane.Calculator.&lt;init&gt;(Calculator.java:6)
	at io.michaelcane.Commands.&lt;init&gt;(Commands.java:5)
	at io.michaelcane.Calculator.&lt;init&gt;(Calculator.java:6)
	at io.michaelcane.Commands.&lt;init&gt;(Commands.java:5)
	at io.michaelcane.Calculator.&lt;init&gt;(Calculator.java:6)
	at io.michaelcane.Commands.&lt;init&gt;(Commands.java:5)
	at io.michaelcane.Calculator.&lt;init&gt;(Calculator.java:6)
	at io.michaelcane.Commands.&lt;init&gt;(Commands.java:5)
	at io.michaelcane.Calculator.&lt;init&gt;(Calculator.java:6)
	at io.michaelcane.Commands.&lt;init&gt;(Commands.java:5)
	at io.michaelcane.Calculator.&lt;init&gt;(Calculator.java:6)
	at io.michaelcane.Commands.&lt;init&gt;(Commands.java:5)
	at io.michaelcane.Calculator.&lt;init&gt;(Calculator.java:6)
	at io.michaelcane.Commands.&lt;init&gt;(Commands.java:5)
	at io.michaelcane.Calculator.&lt;init&gt;(Calculator.java:6)
	at io.michaelcane.Commands.&lt;init&gt;(Commands.java:5)
	at io.michaelcane.Calculator.&lt;init&gt;(Calculator.java:6)
	at io.michaelcane.Commands.&lt;init&gt;(Commands.java:5)
	at io.michaelcane.Calculator.&lt;init&gt;(Calculator.java:6)
	at io.michaelcane.Commands.&lt;init&gt;(Commands.java:5)
	at io.michaelcane.Calculator.&lt;init&gt;(Calculator.java:6)
	at io.michaelcane.Commands.&lt;init&gt;(Commands.java:5)
	at io.michaelcane.Calculator.&lt;init&gt;(Calculator.java:6)
	at io.michaelcane.Commands.&lt;init&gt;(Commands.java:5)
	at io.michaelcane.Calculator.&lt;init&gt;(Calculator.java:6)
	at io.michaelcane.Commands.&lt;init&gt;(Commands.java:5)
	at io.michaelcane.Calculator.&lt;init&gt;(Calculator.java:6)
	at io.michaelcane.Commands.&lt;init&gt;(Commands.java:5)
	at io.michaelcane.Calculator.&lt;init&gt;(Calculator.java:6)
	at io.michaelcane.Commands.&lt;init&gt;(Commands.java:5)
	at io.michaelcane.Calculator.&lt;init&gt;(Calculator.java:6)
	at io.michaelcane.Commands.&lt;init&gt;(Commands.java:5)
	at io.michaelcane.Calculator.&lt;init&gt;(Calculator.java:6)
	at io.michaelcane.Commands.&lt;init&gt;(Commands.java:5)
	at io.michaelcane.Calculator.&lt;init&gt;(Calculator.java:6)
	at io.michaelcane.Commands.&lt;init&gt;(Commands.java:5)
	at io.michaelcane.Calculator.&lt;init&gt;(Calculator.java:6)
	at io.michaelcane.Commands.&lt;init&gt;(Commands.java:5)
	at io.michaelcane.Calculator.&lt;init&gt;(Calculator.java:6)
	at io.michaelcane.Commands.&lt;init&gt;(Commands.java:5)
	at io.michaelcane.Calculator.&lt;init&gt;(Calculator.java:6)
	at io.michaelcane.Commands.&lt;init&gt;(Commands.java:5)
	at io.michaelcane.Calculator.&lt;init&gt;(Calculator.java:6)
	at io.michaelcane.Commands.&lt;init&gt;(Commands.java:5)
	at io.michaelcane.Calculator.&lt;init&gt;(Calculator.java:6)
	at io.michaelcane.Commands.&lt;init&gt;(Commands.java:5)
	at io.michaelcane.Calculator.&lt;init&gt;(Calculator.java:6)
	at io.michaelcane.Commands.&lt;init&gt;(Commands.java:5)
	at io.michaelcane.Calculator.&lt;init&gt;(Calculator.java:6)
	at io.michaelcane.Commands.&lt;init&gt;(Commands.java:5)
	at io.michaelcane.Calculator.&lt;init&gt;(Calculator.java:6)
	at io.michaelcane.Commands.&lt;init&gt;(Commands.java:5)
	at io.michaelcane.Calculator.&lt;init&gt;(Calculator.java:6)
	at io.michaelcane.Commands.&lt;init&gt;(Commands.java:5)
	at io.michaelcane.Calculator.&lt;init&gt;(Calculator.java:6)
	at io.michaelcane.Commands.&lt;init&gt;(Commands.java:5)
	at io.michaelcane.Calculator.&lt;init&gt;(Calculator.java:6)
	at io.michaelcane.Commands.&lt;init&gt;(Commands.java:5)
	at io.michaelcane.Calculator.&lt;init&gt;(Calculator.java:6)
	at io.michaelcane.Commands.&lt;init&gt;(Commands.java:5)
	at io.michaelcane.Calculator.&lt;init&gt;(Calculator.java:6)
	at io.michaelcane.Commands.&lt;init&gt;(Commands.java:5)
	at io.michaelcane.Calculator.&lt;init&gt;(Calculator.java:6)
	at io.michaelcane.Commands.&lt;init&gt;(Commands.java:5)
	at io.michaelcane.Calculator.&lt;init&gt;(Calculator.java:6)
	at io.michaelcane.Commands.&lt;init&gt;(Commands.java:5)
	at io.michaelcane.Calculator.&lt;init&gt;(Calculator.java:6)
	at io.michaelcane.Commands.&lt;init&gt;(Commands.java:5)
	at io.michaelcane.Calculator.&lt;init&gt;(Calculator.java:6)
	at io.michaelcane.Commands.&lt;init&gt;(Commands.java:5)
	at io.michaelcane.Calculator.&lt;init&gt;(Calculator.java:6)
	at io.michaelcane.Commands.&lt;init&gt;(Commands.java:5)
	at io.michaelcane.Calculator.&lt;init&gt;(Calculator.java:6)
	at io.michaelcane.Commands.&lt;init&gt;(Commands.java:5)
	at io.michaelcane.Calculator.&lt;init&gt;(Calculator.java:6)
	at io.michaelcane.Commands.&lt;init&gt;(Commands.java:5)
	at io.michaelcane.Calculator.&lt;init&gt;(Calculator.java:6)
	at io.michaelcane.Commands.&lt;init&gt;(Commands.java:5)
	at io.michaelcane.Calculator.&lt;init&gt;(Calculator.java:6)
	at io.michaelcane.Commands.&lt;init&gt;(Commands.java:5)
	at io.michaelcane.Calculator.&lt;init&gt;(Calculator.java:6)
	at io.michaelcane.Commands.&lt;init&gt;(Commands.java:5)
	at io.michaelcane.Calculator.&lt;init&gt;(Calculator.java:6)
	at io.michaelcane.Commands.&lt;init&gt;(Commands.java:5)
	at io.michaelcane.Calculator.&lt;init&gt;(Calculator.java:6)
	at io.michaelcane.Commands.&lt;init&gt;(Commands.java:5)
	at io.michaelcane.Calculator.&lt;init&gt;(Calculator.java:6)
	at io.michaelcane.Commands.&lt;init&gt;(Commands.java:5)
	at io.michaelcane.Calculator.&lt;init&gt;(Calculator.java:6)
	at io.michaelcane.Commands.&lt;init&gt;(Commands.java:5)
	at io.michaelcane.Calculator.&lt;init&gt;(Calculator.java:6)
	at io.michaelcane.Commands.&lt;init&gt;(Commands.java:5)
	at io.michaelcane.Calculator.&lt;init&gt;(Calculator.java:6)
	at io.michaelcane.Commands.&lt;init&gt;(Commands.java:5)
	at io.michaelcane.Calculator.&lt;init&gt;(Calculator.java:6)
	at io.michaelcane.Commands.&lt;init&gt;(Commands.java:5)
	at io.michaelcane.Calculator.&lt;init&gt;(Calculator.java:6)
	at io.michaelcane.Commands.&lt;init&gt;(Commands.java:5)
	at io.michaelcane.Calculator.&lt;init&gt;(Calculator.java:6)
	at io.michaelcane.Commands.&lt;init&gt;(Commands.java:5)
	at io.michaelcane.Calculator.&lt;init&gt;(Calculator.java:6)
	at io.michaelcane.Commands.&lt;init&gt;(Commands.java:5)
	at io.michaelcane.Calculator.&lt;init&gt;(Calculator.java:6)
	at io.michaelcane.Commands.&lt;init&gt;(Commands.java:5)
	at io.michaelcane.Calculator.&lt;init&gt;(Calculator.java:6)
	at io.michaelcane.Commands.&lt;init&gt;(Commands.java:5)
	at io.michaelcane.Calculator.&lt;init&gt;(Calculator.java:6)
	at io.michaelcane.Commands.&lt;init&gt;(Commands.java:5)
	at io.michaelcane.Calculator.&lt;init&gt;(Calculator.java:6)
	at io.michaelcane.Commands.&lt;init&gt;(Commands.java:5)
	at io.michaelcane.Calculator.&lt;init&gt;(Calculator.java:6)
	at io.michaelcane.Commands.&lt;init&gt;(Commands.java:5)
	at io.michaelcane.Calculator.&lt;init&gt;(Calculator.java:6)
	at io.michaelcane.Commands.&lt;init&gt;(Commands.java:5)
	at io.michaelcane.Calculator.&lt;init&gt;(Calculator.java:6)
	at io.michaelcane.Commands.&lt;init&gt;(Commands.java:5)
	at io.michaelcane.Calculator.&lt;init&gt;(Calculator.java:6)
	at io.michaelcane.Commands.&lt;init&gt;(Commands.java:5)
	at io.michaelcane.Calculator.&lt;init&gt;(Calculator.java:6)
	at io.michaelcane.Commands.&lt;init&gt;(Commands.java:5)
	at io.michaelcane.Calculator.&lt;init&gt;(Calculator.java:6)
	at io.michaelcane.Commands.&lt;init&gt;(Commands.java:5)
	at io.michaelcane.Calculator.&lt;init&gt;(Calculator.java:6)
	at io.michaelcane.Commands.&lt;init&gt;(Commands.java:5)
	at io.michaelcane.Calculator.&lt;init&gt;(Calculator.java:6)
	at io.michaelcane.Commands.&lt;init&gt;(Commands.java:5)
	at io.michaelcane.Calculator.&lt;init&gt;(Calculator.java:6)
	at io.michaelcane.Commands.&lt;init&gt;(Commands.java:5)
	at io.michaelcane.Calculator.&lt;init&gt;(Calculator.java:6)
	at io.michaelcane.Commands.&lt;init&gt;(Commands.java:5)
	at io.michaelcane.Calculator.&lt;init&gt;(Calculator.java:6)
	at io.michaelcane.Commands.&lt;init&gt;(Commands.java:5)
	at io.michaelcane.Calculator.&lt;init&gt;(Calculator.java:6)
	at io.michaelcane.Commands.&lt;init&gt;(Commands.java:5)
	at io.michaelcane.Calculator.&lt;init&gt;(Calculator.java:6)
	at io.michaelcane.Commands.&lt;init&gt;(Commands.java:5)
	at io.michaelcane.Calculator.&lt;init&gt;(Calculator.java:6)
	at io.michaelcane.Commands.&lt;init&gt;(Commands.java:5)
	at io.michaelcane.Calculator.&lt;init&gt;(Calculator.java:6)
	at io.michaelcane.Commands.&lt;init&gt;(Commands.java:5)
	at io.michaelcane.Calculator.&lt;init&gt;(Calculator.java:6)
	at io.michaelcane.Commands.&lt;init&gt;(Commands.java:5)
	at io.michaelcane.Calculator.&lt;init&gt;(Calculator.java:6)
	at io.michaelcane.Commands.&lt;init&gt;(Commands.java:5)
	at io.michaelcane.Calculator.&lt;init&gt;(Calculator.java:6)
	at io.michaelcane.Commands.&lt;init&gt;(Commands.java:5)
	at io.michaelcane.Calculator.&lt;init&gt;(Calculator.java:6)
	at io.michaelcane.Commands.&lt;init&gt;(Commands.java:5)
	at io.michaelcane.Calculator.&lt;init&gt;(Calculator.java:6)
	at io.michaelcane.Commands.&lt;init&gt;(Commands.java:5)
	at io.michaelcane.Calculator.&lt;init&gt;(Calculator.java:6)
	at io.michaelcane.Commands.&lt;init&gt;(Commands.java:5)
	at io.michaelcane.Calculator.&lt;init&gt;(Calculator.java:6)
	at io.michaelcane.Commands.&lt;init&gt;(Commands.java:5)
	at io.michaelcane.Calculator.&lt;init&gt;(Calculator.java:6)
	at io.michaelcane.Commands.&lt;init&gt;(Commands.java:5)
	at io.michaelcane.Calculator.&lt;init&gt;(Calculator.java:6)
	at io.michaelcane.Commands.&lt;init&gt;(Commands.java:5)
	at io.michaelcane.Calculator.&lt;init&gt;(Calculator.java:6)
	at io.michaelcane.Commands.&lt;init&gt;(Commands.java:5)
	at io.michaelcane.Calculator.&lt;init&gt;(Calculator.java:6)
	at io.michaelcane.Commands.&lt;init&gt;(Commands.java:5)
	at io.michaelcane.Calculator.&lt;init&gt;(Calculator.java:6)
	at io.michaelcane.Commands.&lt;init&gt;(Commands.java:5)
	at io.michaelcane.Calculator.&lt;init&gt;(Calculator.java:6)
	at io.michaelcane.Commands.&lt;init&gt;(Commands.java:5)
	at io.michaelcane.Calculator.&lt;init&gt;(Calculator.java:6)
	at io.michaelcane.Commands.&lt;init&gt;(Commands.java:5)
	at io.michaelcane.Calculator.&lt;init&gt;(Calculator.java:6)
	at io.michaelcane.Commands.&lt;init&gt;(Commands.java:5)
	at io.michaelcane.Calculator.&lt;init&gt;(Calculator.java:6)
	at io.michaelcane.Commands.&lt;init&gt;(Commands.java:5)
	at io.michaelcane.Calculator.&lt;init&gt;(Calculator.java:6)
	at io.michaelcane.Commands.&lt;init&gt;(Commands.java:5)
	at io.michaelcane.Calculator.&lt;init&gt;(Calculator.java:6)
	at io.michaelcane.Commands.&lt;init&gt;(Commands.java:5)
	at io.michaelcane.Calculator.&lt;init&gt;(Calculator.java:6)
	at io.michaelcane.Commands.&lt;init&gt;(Commands.java:5)
	at io.michaelcane.Calculator.&lt;init&gt;(Calculator.java:6)
	at io.michaelcane.Commands.&lt;init&gt;(Commands.java:5)
	at io.michaelcane.Calculator.&lt;init&gt;(Calculator.java:6)
	at io.michaelcane.Commands.&lt;init&gt;(Commands.java:5)
	at io.michaelcane.Calculator.&lt;init&gt;(Calculator.java:6)
	at io.michaelcane.Commands.&lt;init&gt;(Commands.java:5)
	at io.michaelcane.Calculator.&lt;init&gt;(Calculator.java:6)
	at io.michaelcane.Commands.&lt;init&gt;(Commands.java:5)
	at io.michaelcane.Calculator.&lt;init&gt;(Calculator.java:6)
	at io.michaelcane.Commands.&lt;init&gt;(Commands.java:5)
	at io.michaelcane.Calculator.&lt;init&gt;(Calculator.java:6)
	at io.michaelcane.Commands.&lt;init&gt;(Commands.java:5)
	at io.michaelcane.Calculator.&lt;init&gt;(Calculator.java:6)
	at io.michaelcane.Commands.&lt;init&gt;(Commands.java:5)
	at io.michaelcane.Calculator.&lt;init&gt;(Calculator.java:6)
	at io.michaelcane.Commands.&lt;init&gt;(Commands.java:5)
	at io.michaelcane.Calculator.&lt;init&gt;(Calculator.java:6)
	at io.michaelcane.Commands.&lt;init&gt;(Commands.java:5)
	at io.michaelcane.Calculator.&lt;init&gt;(Calculator.java:6)
	at io.michaelcane.Commands.&lt;init&gt;(Commands.java:5)
	at io.michaelcane.Calculator.&lt;init&gt;(Calculator.java:6)
	at io.michaelcane.Commands.&lt;init&gt;(Commands.java:5)
	at io.michaelcane.Calculator.&lt;init&gt;(Calculator.java:6)
	at io.michaelcane.Commands.&lt;init&gt;(Commands.java:5)
	at io.michaelcane.Calculator.&lt;init&gt;(Calculator.java:6)
	at io.michaelcane.Commands.&lt;init&gt;(Commands.java:5)
	at io.michaelcane.Calculator.&lt;init&gt;(Calculator.java:6)
	at io.michaelcane.Commands.&lt;init&gt;(Commands.java:5)
	at io.michaelcane.Calculator.&lt;init&gt;(Calculator.java:6)
	at io.michaelcane.Commands.&lt;init&gt;(Commands.java:5)
	at io.michaelcane.Calculator.&lt;init&gt;(Calculator.java:6)
	at io.michaelcane.Commands.&lt;init&gt;(Commands.java:5)
	at io.michaelcane.Calculator.&lt;init&gt;(Calculator.java:6)
	at io.michaelcane.Commands.&lt;init&gt;(Commands.java:5)
	at io.michaelcane.Calculator.&lt;init&gt;(Calculator.java:6)
	at io.michaelcane.Commands.&lt;init&gt;(Commands.java:5)
	at io.michaelcane.Calculator.&lt;init&gt;(Calculator.java:6)
	at io.michaelcane.Commands.&lt;init&gt;(Commands.java:5)
	at io.michaelcane.Calculator.&lt;init&gt;(Calculator.java:6)
	at io.michaelcane.Commands.&lt;init&gt;(Commands.java:5)
	at io.michaelcane.Calculator.&lt;init&gt;(Calculator.java:6)
	at io.michaelcane.Commands.&lt;init&gt;(Commands.java:5)
	at io.michaelcane.Calculator.&lt;init&gt;(Calculator.java:6)
	at io.michaelcane.Commands.&lt;init&gt;(Commands.java:5)
	at io.michaelcane.Calculator.&lt;init&gt;(Calculator.java:6)
	at io.michaelcane.Commands.&lt;init&gt;(Commands.java:5)
	at io.michaelcane.Calculator.&lt;init&gt;(Calculator.java:6)
	at io.michaelcane.Commands.&lt;init&gt;(Commands.java:5)
	at io.michaelcane.Calculator.&lt;init&gt;(Calculator.java:6)
	at io.michaelcane.Commands.&lt;init&gt;(Commands.java:5)
	at io.michaelcane.Calculator.&lt;init&gt;(Calculator.java:6)
	at io.michaelcane.Commands.&lt;init&gt;(Commands.java:5)
	at io.michaelcane.Calculator.&lt;init&gt;(Calculator.java:6)
	at io.michaelcane.Commands.&lt;init&gt;(Commands.java:5)
	at io.michaelcane.Calculator.&lt;init&gt;(Calculator.java:6)
	at io.michaelcane.Commands.&lt;init&gt;(Commands.java:5)
	at io.michaelcane.Calculator.&lt;init&gt;(Calculator.java:6)
	at io.michaelcane.Commands.&lt;init&gt;(Commands.java:5)
	at io.michaelcane.Calculator.&lt;init&gt;(Calculator.java:6)
	at io.michaelcane.Commands.&lt;init&gt;(Commands.java:5)
	at io.michaelcane.Calculator.&lt;init&gt;(Calculator.java:6)
	at io.michaelcane.Commands.&lt;init&gt;(Commands.java:5)
	at io.michaelcane.Calculator.&lt;init&gt;(Calculator.java:6)
	at io.michaelcane.Commands.&lt;init&gt;(Commands.java:5)
	at io.michaelcane.Calculator.&lt;init&gt;(Calculator.java:6)
	at io.michaelcane.Commands.&lt;init&gt;(Commands.java:5)
	at io.michaelcane.Calculator.&lt;init&gt;(Calculator.java:6)
	at io.michaelcane.Commands.&lt;init&gt;(Commands.java:5)
	at io.michaelcane.Calculator.&lt;init&gt;(Calculator.java:6)
	at io.michaelcane.Commands.&lt;init&gt;(Commands.java:5)
	at io.michaelcane.Calculator.&lt;init&gt;(Calculator.java:6)
	at io.michaelcane.Commands.&lt;init&gt;(Commands.java:5)
	at io.michaelcane.Calculator.&lt;init&gt;(Calculator.java:6)
	at io.michaelcane.Commands.&lt;init&gt;(Commands.java:5)
	at io.michaelcane.Calculator.&lt;init&gt;(Calculator.java:6)
	at io.michaelcane.Commands.&lt;init&gt;(Commands.java:5)
	at io.michaelcane.Calculator.&lt;init&gt;(Calculator.java:6)
	at io.michaelcane.Commands.&lt;init&gt;(Commands.java:5)
	at io.michaelcane.Calculator.&lt;init&gt;(Calculator.java:6)
	at io.michaelcane.Commands.&lt;init&gt;(Commands.java:5)
	at io.michaelcane.Calculator.&lt;init&gt;(Calculator.java:6)
	at io.michaelcane.Commands.&lt;init&gt;(Commands.java:5)
	at io.michaelcane.Calculator.&lt;init&gt;(Calculator.java:6)
	at io.michaelcane.Commands.&lt;init&gt;(Commands.java:5)
	at io.michaelcane.Calculator.&lt;init&gt;(Calculator.java:6)
	at io.michaelcane.Commands.&lt;init&gt;(Commands.java:5)
	at io.michaelcane.Calculator.&lt;init&gt;(Calculator.java:6)
	at io.michaelcane.Commands.&lt;init&gt;(Commands.java:5)
	at io.michaelcane.Calculator.&lt;init&gt;(Calculator.java:6)
	at io.michaelcane.Commands.&lt;init&gt;(Commands.java:5)
	at io.michaelcane.Calculator.&lt;init&gt;(Calculator.java:6)
	at io.michaelcane.Commands.&lt;init&gt;(Commands.java:5)
	at io.michaelcane.Calculator.&lt;init&gt;(Calculator.java:6)
	at io.michaelcane.Commands.&lt;init&gt;(Commands.java:5)
	at io.michaelcane.Calculator.&lt;init&gt;(Calculator.java:6)
	at io.michaelcane.Commands.&lt;init&gt;(Commands.java:5)
	at io.michaelcane.Calculator.&lt;init&gt;(Calculator.java:6)
	at io.michaelcane.Commands.&lt;init&gt;(Commands.java:5)
	at io.michaelcane.Calculator.&lt;init&gt;(Calculator.java:6)
	at io.michaelcane.Commands.&lt;init&gt;(Commands.java:5)
	at io.michaelcane.Calculator.&lt;init&gt;(Calculator.java:6)
	at io.michaelcane.Commands.&lt;init&gt;(Commands.java:5)
	at io.michaelcane.Calculator.&lt;init&gt;(Calculator.java:6)
	at io.michaelcane.Commands.&lt;init&gt;(Commands.java:5)
	at io.michaelcane.Calculator.&lt;init&gt;(Calculator.java:6)
	at io.michaelcane.Commands.&lt;init&gt;(Commands.java:5)
	at io.michaelcane.Calculator.&lt;init&gt;(Calculator.java:6)
	at io.michaelcane.Commands.&lt;init&gt;(Commands.java:5)
	at io.michaelcane.Calculator.&lt;init&gt;(Calculator.java:6)
	at io.michaelcane.Commands.&lt;init&gt;(Commands.java:5)
	at io.michaelcane.Calculator.&lt;init&gt;(Calculator.java:6)
	at io.michaelcane.Commands.&lt;init&gt;(Commands.java:5)
	at io.michaelcane.Calculator.&lt;init&gt;(Calculator.java:6)
	at io.michaelcane.Commands.&lt;init&gt;(Commands.java:5)
	at io.michaelcane.Calculator.&lt;init&gt;(Calculator.java:6)
	at io.michaelcane.Commands.&lt;init&gt;(Commands.java:5)
	at io.michaelcane.Calculator.&lt;init&gt;(Calculator.java:6)
	at io.michaelcane.Commands.&lt;init&gt;(Commands.java:5)
	at io.michaelcane.Calculator.&lt;init&gt;(Calculator.java:6)
	at io.michaelcane.Commands.&lt;init&gt;(Commands.java:5)
	at io.michaelcane.Calculator.&lt;init&gt;(Calculator.java:6)
	at io.michaelcane.Commands.&lt;init&gt;(Commands.java:5)
	at io.michaelcane.Calculator.&lt;init&gt;(Calculator.java:6)
	at io.michaelcane.Commands.&lt;init&gt;(Commands.java:5)
	at io.michaelcane.Calculator.&lt;init&gt;(Calculator.java:6)
	at io.michaelcane.Commands.&lt;init&gt;(Commands.java:5)
	at io.michaelcane.Calculator.&lt;init&gt;(Calculator.java:6)
	at io.michaelcane.Commands.&lt;init&gt;(Commands.java:5)
	at io.michaelcane.Calculator.&lt;init&gt;(Calculator.java:6)
	at io.michaelcane.Commands.&lt;init&gt;(Commands.java:5)
	at io.michaelcane.Calculator.&lt;init&gt;(Calculator.java:6)
	at io.michaelcane.Commands.&lt;init&gt;(Commands.java:5)
	at io.michaelcane.Calculator.&lt;init&gt;(Calculator.java:6)
	at io.michaelcane.Commands.&lt;init&gt;(Commands.java:5)
	at io.michaelcane.Calculator.&lt;init&gt;(Calculator.java:6)
	at io.michaelcane.Commands.&lt;init&gt;(Commands.java:5)
	at io.michaelcane.Calculator.&lt;init&gt;(Calculator.java:6)
	at io.michaelcane.Commands.&lt;init&gt;(Commands.java:5)
	at io.michaelcane.Calculator.&lt;init&gt;(Calculator.java:6)
	at io.michaelcane.Commands.&lt;init&gt;(Commands.java:5)
	at io.michaelcane.Calculator.&lt;init&gt;(Calculator.java:6)
	at io.michaelcane.Commands.&lt;init&gt;(Commands.java:5)
	at io.michaelcane.Calculator.&lt;init&gt;(Calculator.java:6)
	at io.michaelcane.Commands.&lt;init&gt;(Commands.java:5)
	at io.michaelcane.Calculator.&lt;init&gt;(Calculator.java:6)
	at io.michaelcane.Commands.&lt;init&gt;(Commands.java:5)
	at io.michaelcane.Calculator.&lt;init&gt;(Calculator.java:6)
	at io.michaelcane.Commands.&lt;init&gt;(Commands.java:5)
	at io.michaelcane.Calculator.&lt;init&gt;(Calculator.java:6)
	at io.michaelcane.Commands.&lt;init&gt;(Commands.java:5)
	at io.michaelcane.Calculator.&lt;init&gt;(Calculator.java:6)
	at io.michaelcane.Commands.&lt;init&gt;(Commands.java:5)
	at io.michaelcane.Calculator.&lt;init&gt;(Calculator.java:6)
	at io.michaelcane.Commands.&lt;init&gt;(Commands.java:5)
	at io.michaelcane.Calculator.&lt;init&gt;(Calculator.java:6)
	at io.michaelcane.Commands.&lt;init&gt;(Commands.java:5)
	at io.michaelcane.Calculator.&lt;init&gt;(Calculator.java:6)
	at io.michaelcane.Commands.&lt;init&gt;(Commands.java:5)
	at io.michaelcane.Calculator.&lt;init&gt;(Calculator.java:6)
	at io.michaelcane.Commands.&lt;init&gt;(Commands.java:5)
	at io.michaelcane.Calculator.&lt;init&gt;(Calculator.java:6)
	at io.michaelcane.Commands.&lt;init&gt;(Commands.java:5)
	at io.michaelcane.Calculator.&lt;init&gt;(Calculator.java:6)
	at io.michaelcane.Commands.&lt;init&gt;(Commands.java:5)
	at io.michaelcane.Calculator.&lt;init&gt;(Calculator.java:6)
	at io.michaelcane.Commands.&lt;init&gt;(Commands.java:5)
	at io.michaelcane.Calculator.&lt;init&gt;(Calculator.java:6)
	at io.michaelcane.Commands.&lt;init&gt;(Commands.java:5)
	at io.michaelcane.Calculator.&lt;init&gt;(Calculator.java:6)
	at io.michaelcane.Commands.&lt;init&gt;(Commands.java:5)
	at io.michaelcane.Calculator.&lt;init&gt;(Calculator.java:6)
	at io.michaelcane.Commands.&lt;init&gt;(Commands.java:5)
	at io.michaelcane.Calculator.&lt;init&gt;(Calculator.java:6)
	at io.michaelcane.Commands.&lt;init&gt;(Commands.java:5)
	at io.michaelcane.Calculator.&lt;init&gt;(Calculator.java:6)
	at io.michaelcane.Commands.&lt;init&gt;(Commands.java:5)
	at io.michaelcane.Calculator.&lt;init&gt;(Calculator.java:6)
	at io.michaelcane.Commands.&lt;init&gt;(Commands.java:5)
	at io.michaelcane.Calculator.&lt;init&gt;(Calculator.java:6)
	at io.michaelcane.Commands.&lt;init&gt;(Commands.java:5)
	at io.michaelcane.Calculator.&lt;init&gt;(Calculator.java:6)
	at io.michaelcane.Commands.&lt;init&gt;(Commands.java:5)
	at io.michaelcane.Calculator.&lt;init&gt;(Calculator.java:6)
	at io.michaelcane.Commands.&lt;init&gt;(Commands.java:5)
	at io.michaelcane.Calculator.&lt;init&gt;(Calculator.java:6)
	at io.michaelcane.Commands.&lt;init&gt;(Commands.java:5)
	at io.michaelcane.Calculator.&lt;init&gt;(Calculator.java:6)
	at io.michaelcane.Commands.&lt;init&gt;(Commands.java:5)
	at io.michaelcane.Calculator.&lt;init&gt;(Calculator.java:6)
	at io.michaelcane.Commands.&lt;init&gt;(Commands.java:5)
	at io.michaelcane.Calculator.&lt;init&gt;(Calculator.java:6)
	at io.michaelcane.Commands.&lt;init&gt;(Commands.java:5)
	at io.michaelcane.Calculator.&lt;init&gt;(Calculator.java:6)
	at io.michaelcane.Commands.&lt;init&gt;(Commands.java:5)
	at io.michaelcane.Calculator.&lt;init&gt;(Calculator.java:6)
	at io.michaelcane.Commands.&lt;init&gt;(Commands.java:5)
	at io.michaelcane.Calculator.&lt;init&gt;(Calculator.java:6)
	at io.michaelcane.Commands.&lt;init&gt;(Commands.java:5)
	at io.michaelcane.Calculator.&lt;init&gt;(Calculator.java:6)
	at io.michaelcane.Commands.&lt;init&gt;(Commands.java:5)
	at io.michaelcane.Calculator.&lt;init&gt;(Calculator.java:6)
	at io.michaelcane.Commands.&lt;init&gt;(Commands.java:5)
	at io.michaelcane.Calculator.&lt;init&gt;(Calculator.java:6)
	at io.michaelcane.Commands.&lt;init&gt;(Commands.java:5)
	at io.michaelcane.Calculator.&lt;init&gt;(Calculator.java:6)
	at io.michaelcane.Commands.&lt;init&gt;(Commands.java:5)
	at io.michaelcane.Calculator.&lt;init&gt;(Calculator.java:6)
	at io.michaelcane.Commands.&lt;init&gt;(Commands.java:5)
	at io.michaelcane.Calculator.&lt;init&gt;(Calculator.java:6)
	at io.michaelcane.Commands.&lt;init&gt;(Commands.java:5)
	at io.michaelcane.Calculator.&lt;init&gt;(Calculator.java:6)
	at io.michaelcane.Commands.&lt;init&gt;(Commands.java:5)
	at io.michaelcane.Calculator.&lt;init&gt;(Calculator.java:6)
	at io.michaelcane.Commands.&lt;init&gt;(Commands.java:5)
	at io.michaelcane.Calculator.&lt;init&gt;(Calculator.java:6)
	at io.michaelcane.Commands.&lt;init&gt;(Commands.java:5)
	at io.michaelcane.Calculator.&lt;init&gt;(Calculator.java:6)
	at io.michaelcane.Commands.&lt;init&gt;(Commands.java:5)
	at io.michaelcane.Calculator.&lt;init&gt;(Calculator.java:6)
	at io.michaelcane.Commands.&lt;init&gt;(Commands.java:5)
	at io.michaelcane.Calculator.&lt;init&gt;(Calculator.java:6)
	at io.michaelcane.Commands.&lt;init&gt;(Commands.java:5)
	at io.michaelcane.Calculator.&lt;init&gt;(Calculator.java:6)
	at io.michaelcane.Commands.&lt;init&gt;(Commands.java:5)
	at io.michaelcane.Calculator.&lt;init&gt;(Calculator.java:6)
	at io.michaelcane.Commands.&lt;init&gt;(Commands.java:5)
	at io.michaelcane.Calculator.&lt;init&gt;(Calculator.java:6)
	at io.michaelcane.Commands.&lt;init&gt;(Commands.java:5)
	at io.michaelcane.Calculator.&lt;init&gt;(Calculator.java:6)
	at io.michaelcane.Commands.&lt;init&gt;(Commands.java:5)
	at io.michaelcane.Calculator.&lt;init&gt;(Calculator.java:6)
	at io.michaelcane.Commands.&lt;init&gt;(Commands.java:5)
	at io.michaelcane.Calculator.&lt;init&gt;(Calculator.java:6)
	at io.michaelcane.Commands.&lt;init&gt;(Commands.java:5)
	at io.michaelcane.Calculator.&lt;init&gt;(Calculator.java:6)
	at io.michaelcane.Commands.&lt;init&gt;(Commands.java:5)
	at io.michaelcane.Calculator.&lt;init&gt;(Calculator.java:6)
	at io.michaelcane.Commands.&lt;init&gt;(Commands.java:5)
	at io.michaelcane.Calculator.&lt;init&gt;(Calculator.java:6)
	at io.michaelcane.Commands.&lt;init&gt;(Commands.java:5)
	at io.michaelcane.Calculator.&lt;init&gt;(Calculator.java:6)
	at io.michaelcane.Commands.&lt;init&gt;(Commands.java:5)
	at io.michaelcane.Calculator.&lt;init&gt;(Calculator.java:6)
	at io.michaelcane.Commands.&lt;init&gt;(Commands.java:5)
	at io.michaelcane.Calculator.&lt;init&gt;(Calculator.java:6)
	at io.michaelcane.Commands.&lt;init&gt;(Commands.java:5)
	at io.michaelcane.Calculator.&lt;init&gt;(Calculator.java:6)
	at io.michaelcane.Commands.&lt;init&gt;(Commands.java:5)
	at io.michaelcane.Calculator.&lt;init&gt;(Calculator.java:6)
	at io.michaelcane.Commands.&lt;init&gt;(Commands.java:5)
	at io.michaelcane.Calculator.&lt;init&gt;(Calculator.java:6)
	at io.michaelcane.Commands.&lt;init&gt;(Commands.java:5)
	at io.michaelcane.Calculator.&lt;init&gt;(Calculator.java:6)
	at io.michaelcane.Commands.&lt;init&gt;(Commands.java:5)
	at io.michaelcane.Calculator.&lt;init&gt;(Calculator.java:6)
	at io.michaelcane.Commands.&lt;init&gt;(Commands.java:5)
	at io.michaelcane.Calculator.&lt;init&gt;(Calculator.java:6)
	at io.michaelcane.Commands.&lt;init&gt;(Commands.java:5)
	at io.michaelcane.Calculator.&lt;init&gt;(Calculator.java:6)
	at io.michaelcane.Commands.&lt;init&gt;(Commands.java:5)
	at io.michaelcane.Calculator.&lt;init&gt;(Calculator.java:6)
	at io.michaelcane.Commands.&lt;init&gt;(Commands.java:5)
	at io.michaelcane.Calculator.&lt;init&gt;(Calculator.java:6)
	at io.michaelcane.Commands.&lt;init&gt;(Commands.java:5)
	at io.michaelcane.Calculator.&lt;init&gt;(Calculator.java:6)
	at io.michaelcane.Commands.&lt;init&gt;(Commands.java:5)
	at io.michaelcane.Calculator.&lt;init&gt;(Calculator.java:6)
	at io.michaelcane.Commands.&lt;init&gt;(Commands.java:5)
	at io.michaelcane.Calculator.&lt;init&gt;(Calculator.java:6)
	at io.michaelcane.Commands.&lt;init&gt;(Commands.java:5)
	at io.michaelcane.Calculator.&lt;init&gt;(Calculator.java:6)
	at io.michaelcane.Commands.&lt;init&gt;(Commands.java:5)
	at io.michaelcane.Calculator.&lt;init&gt;(Calculator.java:6)
	at io.michaelcane.Commands.&lt;init&gt;(Commands.java:5)
	at io.michaelcane.Calculator.&lt;init&gt;(Calculator.java:6)
	at io.michaelcane.Commands.&lt;init&gt;(Commands.java:5)
	at io.michaelcane.Calculator.&lt;init&gt;(Calculator.java:6)
	at io.michaelcane.Commands.&lt;init&gt;(Commands.java:5)
	at io.michaelcane.Calculator.&lt;init&gt;(Calculator.java:6)
	at io.michaelcane.Commands.&lt;init&gt;(Commands.java:5)
	at io.michaelcane.Calculator.&lt;init&gt;(Calculator.java:6)
	at io.michaelcane.Commands.&lt;init&gt;(Commands.java:5)
	at io.michaelcane.Calculator.&lt;init&gt;(Calculator.java:6)
	at io.michaelcane.Commands.&lt;init&gt;(Commands.java:5)
	at io.michaelcane.Calculator.&lt;init&gt;(Calculator.java:6)
	at io.michaelcane.Commands.&lt;init&gt;(Commands.java:5)
	at io.michaelcane.Calculator.&lt;init&gt;(Calculator.java:6)
	at io.michaelcane.Commands.&lt;init&gt;(Commands.java:5)
	at io.michaelcane.Calculator.&lt;init&gt;(Calculator.java:6)
	at io.michaelcane.Commands.&lt;init&gt;(Commands.java:5)
	at io.michaelcane.Calculator.&lt;init&gt;(Calculator.java:6)
	at io.michaelcane.Commands.&lt;init&gt;(Commands.java:5)
	at io.michaelcane.Calculator.&lt;init&gt;(Calculator.java:6)
	at io.michaelcane.Commands.&lt;init&gt;(Commands.java:5)
	at io.michaelcane.Calculator.&lt;init&gt;(Calculator.java:6)
	at io.michaelcane.Commands.&lt;init&gt;(Commands.java:5)
	at io.michaelcane.Calculator.&lt;init&gt;(Calculator.java:6)
	at io.michaelcane.Commands.&lt;init&gt;(Commands.java:5)
	at io.michaelcane.Calculator.&lt;init&gt;(Calculator.java:6)
	at io.michaelcane.Commands.&lt;init&gt;(Commands.java:5)
	at io.michaelcane.Calculator.&lt;init&gt;(Calculator.java:6)
	at io.michaelcane.Commands.&lt;init&gt;(Commands.java:5)
	at io.michaelcane.Calculator.&lt;init&gt;(Calculator.java:6)
	at io.michaelcane.Commands.&lt;init&gt;(Commands.java:5)
	at io.michaelcane.Calculator.&lt;init&gt;(Calculator.java:6)
	at io.michaelcane.Commands.&lt;init&gt;(Commands.java:5)
	at io.michaelcane.Calculator.&lt;init&gt;(Calculator.java:6)
	at io.michaelcane.Commands.&lt;init&gt;(Commands.java:5)
	at io.michaelcane.Calculator.&lt;init&gt;(Calculator.java:6)
	at io.michaelcane.Commands.&lt;init&gt;(Commands.java:5)
	at io.michaelcane.Calculator.&lt;init&gt;(Calculator.java:6)
	at io.michaelcane.Commands.&lt;init&gt;(Commands.java:5)
	at io.michaelcane.Calculator.&lt;init&gt;(Calculator.java:6)
	at io.michaelcane.Commands.&lt;init&gt;(Commands.java:5)
	at io.michaelcane.Calculator.&lt;init&gt;(Calculator.java:6)
	at io.michaelcane.Commands.&lt;init&gt;(Commands.java:5)
	at io.michaelcane.Calculator.&lt;init&gt;(Calculator.java:6)
	at io.michaelcane.Commands.&lt;init&gt;(Commands.java:5)
	at io.michaelcane.Calculator.&lt;init&gt;(Calculator.java:6)
	at io.michaelcane.Commands.&lt;init&gt;(Commands.java:5)
	at io.michaelcane.Calculator.&lt;init&gt;(Calculator.java:6)
	at io.michaelcane.Commands.&lt;init&gt;(Commands.java:5)
	at io.michaelcane.Calculator.&lt;init&gt;(Calculator.java:6)
	at io.michaelcane.Commands.&lt;init&gt;(Commands.java:5)
	at io.michaelcane.Calculator.&lt;init&gt;(Calculator.java:6)
	at io.michaelcane.Commands.&lt;init&gt;(Commands.java:5)
	at io.michaelcane.Calculator.&lt;init&gt;(Calculator.java:6)
	at io.michaelcane.Commands.&lt;init&gt;(Commands.java:5)
	at io.michaelcane.Calculator.&lt;init&gt;(Calculator.java:6)
	at io.michaelcane.Commands.&lt;init&gt;(Commands.java:5)
	at io.michaelcane.Calculator.&lt;init&gt;(Calculator.java:6)
	at io.michaelcane.Commands.&lt;init&gt;(Commands.java:5)
	at io.michaelcane.Calculator.&lt;init&gt;(Calculator.java:6)
	at io.michaelcane.Commands.&lt;init&gt;(Commands.java:5)
	at io.michaelcane.Calculator.&lt;init&gt;(Calculator.java:6)
	at io.michaelcane.Commands.&lt;init&gt;(Commands.java:5)
	at io.michaelcane.Calculator.&lt;init&gt;(Calculator.java:6)
	at io.michaelcane.Commands.&lt;init&gt;(Commands.java:5)
	at io.michaelcane.Calculator.&lt;init&gt;(Calculator.java:6)
	at io.michaelcane.Commands.&lt;init&gt;(Commands.java:5)
	at io.michaelcane.Calculator.&lt;init&gt;(Calculator.java:6)
	at io.michaelcane.Commands.&lt;init&gt;(Commands.java:5)
	at io.michaelcane.Calculator.&lt;init&gt;(Calculator.java:6)
	at io.michaelcane.Commands.&lt;init&gt;(Commands.java:5)
	at io.michaelcane.Calculator.&lt;init&gt;(Calculator.java:6)
	at io.michaelcane.Commands.&lt;init&gt;(Commands.java:5)
	at io.michaelcane.Calculator.&lt;init&gt;(Calculator.java:6)
	at io.michaelcane.Commands.&lt;init&gt;(Commands.java:5)
	at io.michaelcane.Calculator.&lt;init&gt;(Calculator.java:6)
	at io.michaelcane.Commands.&lt;init&gt;(Commands.java:5)
	at io.michaelcane.Calculator.&lt;init&gt;(Calculator.java:6)
	at io.michaelcane.Commands.&lt;init&gt;(Commands.java:5)
	at io.michaelcane.Calculator.&lt;init&gt;(Calculator.java:6)
	at io.michaelcane.Commands.&lt;init&gt;(Commands.java:5)
	at io.michaelcane.Calculator.&lt;init&gt;(Calculator.java:6)
	at io.michaelcane.Commands.&lt;init&gt;(Commands.java:5)
	at io.michaelcane.Calculator.&lt;init&gt;(Calculator.java:6)
	at io.michaelcane.Commands.&lt;init&gt;(Commands.java:5)
	at io.michaelcane.Calculator.&lt;init&gt;(Calculator.java:6)
	at io.michaelcane.Commands.&lt;init&gt;(Commands.java:5)
	at io.michaelcane.Calculator.&lt;init&gt;(Calculator.java:6)
	at io.michaelcane.Commands.&lt;init&gt;(Commands.java:5)
	at io.michaelcane.Calculator.&lt;init&gt;(Calculator.java:6)
	at io.michaelcane.Commands.&lt;init&gt;(Commands.java:5)
	at io.michaelcane.Calculator.&lt;init&gt;(Calculator.java:6)
	at io.michaelcane.Commands.&lt;init&gt;(Commands.java:5)
	at io.michaelcane.Calculator.&lt;init&gt;(Calculator.java:6)
	at io.michaelcane.Commands.&lt;init&gt;(Commands.java:5)
	at io.michaelcane.Calculator.&lt;init&gt;(Calculator.java:6)
	at io.michaelcane.Commands.&lt;init&gt;(Commands.java:5)
	at io.michaelcane.Calculator.&lt;init&gt;(Calculator.java:6)
	at io.michaelcane.Commands.&lt;init&gt;(Commands.java:5)
	at io.michaelcane.Calculator.&lt;init&gt;(Calculator.java:6)
	at io.michaelcane.Commands.&lt;init&gt;(Commands.java:5)
	at io.michaelcane.Calculator.&lt;init&gt;(Calculator.java:6)
	at io.michaelcane.Commands.&lt;init&gt;(Commands.java:5)
	at io.michaelcane.Calculator.&lt;init&gt;(Calculator.java:6)
	at io.michaelcane.Commands.&lt;init&gt;(Commands.java:5)
	at io.michaelcane.Calculator.&lt;init&gt;(Calculator.java:6)
	at io.michaelcane.Commands.&lt;init&gt;(Commands.java:5)
	at io.michaelcane.Calculator.&lt;init&gt;(Calculator.java:6)
	at io.michaelcane.Commands.&lt;init&gt;(Commands.java:5)
	at io.michaelcane.Calculator.&lt;init&gt;(Calculator.java:6)
	at io.michaelcane.Commands.&lt;init&gt;(Commands.java:5)
	at io.michaelcane.Calculator.&lt;init&gt;(Calculator.java:6)
	at io.michaelcane.Commands.&lt;init&gt;(Commands.java:5)
	at io.michaelcane.Calculator.&lt;init&gt;(Calculator.java:6)
	at io.michaelcane.Commands.&lt;init&gt;(Commands.java:5)
	at io.michaelcane.Calculator.&lt;init&gt;(Calculator.java:6)
	at io.michaelcane.Commands.&lt;init&gt;(Commands.java:5)
	at io.michaelcane.Calculator.&lt;init&gt;(Calculator.java:6)
	at io.michaelcane.Commands.&lt;init&gt;(Commands.java:5)
	at io.michaelcane.Calculator.&lt;init&gt;(Calculator.java:6)
	at io.michaelcane.Commands.&lt;init&gt;(Commands.java:5)
	at io.michaelcane.Calculator.&lt;init&gt;(Calculator.java:6)
	at io.michaelcane.Commands.&lt;init&gt;(Commands.java:5)
	at io.michaelcane.Calculator.&lt;init&gt;(Calculator.java:6)
	at io.michaelcane.Commands.&lt;init&gt;(Commands.java:5)
	at io.michaelcane.Calculator.&lt;init&gt;(Calculator.java:6)
	at io.michaelcane.Commands.&lt;init&gt;(Commands.java:5)
	at io.michaelcane.Calculator.&lt;init&gt;(Calculator.java:6)
	at io.michaelcane.Commands.&lt;init&gt;(Commands.java:5)
	at io.michaelcane.Calculator.&lt;init&gt;(Calculator.java:6)
	at io.michaelcane.Commands.&lt;init&gt;(Commands.java:5)
	at io.michaelcane.Calculator.&lt;init&gt;(Calculator.java:6)
	at io.michaelcane.Commands.&lt;init&gt;(Commands.java:5)
	at io.michaelcane.Calculator.&lt;init&gt;(Calculator.java:6)
	at io.michaelcane.Commands.&lt;init&gt;(Commands.java:5)
	at io.michaelcane.Calculator.&lt;init&gt;(Calculator.java:6)
	at io.michaelcane.Commands.&lt;init&gt;(Commands.java:5)
	at io.michaelcane.Calculator.&lt;init&gt;(Calculator.java:6)
	at io.michaelcane.Commands.&lt;init&gt;(Commands.java:5)
	at io.michaelcane.Calculator.&lt;init&gt;(Calculator.java:6)
	at io.michaelcane.Commands.&lt;init&gt;(Commands.java:5)
	at io.michaelcane.Calculator.&lt;init&gt;(Calculator.java:6)
	at io.michaelcane.Commands.&lt;init&gt;(Commands.java:5)
	at io.michaelcane.Calculator.&lt;init&gt;(Calculator.java:6)
	at io.michaelcane.Commands.&lt;init&gt;(Commands.java:5)
	at io.michaelcane.Calculator.&lt;init&gt;(Calculator.java:6)
	at io.michaelcane.Commands.&lt;init&gt;(Commands.java:5)
	at io.michaelcane.Calculator.&lt;init&gt;(Calculator.java:6)
	at io.michaelcane.Commands.&lt;init&gt;(Commands.java:5)
	at io.michaelcane.Calculator.&lt;init&gt;(Calculator.java:6)
	at io.michaelcane.Commands.&lt;init&gt;(Commands.java:5)
	at io.michaelcane.Calculator.&lt;init&gt;(Calculator.java:6)
	at io.michaelcane.Commands.&lt;init&gt;(Commands.java:5)
	at io.michaelcane.Calculator.&lt;init&gt;(Calculator.java:6)
	at io.michaelcane.Commands.&lt;init&gt;(Commands.java:5)
	at io.michaelcane.Calculator.&lt;init&gt;(Calculator.java:6)
	at io.michaelcane.Commands.&lt;init&gt;(Commands.java:5)
	at io.michaelcane.Calculator.&lt;init&gt;(Calculator.java:6)
	at io.michaelcane.Commands.&lt;init&gt;(Commands.java:5)
	at io.michaelcane.Calculator.&lt;init&gt;(Calculator.java:6)
	at io.michaelcane.Commands.&lt;init&gt;(Commands.java:5)
	at io.michaelcane.Calculator.&lt;init&gt;(Calculator.java:6)
	at io.michaelcane.Commands.&lt;init&gt;(Commands.java:5)
	at io.michaelcane.Calculator.&lt;init&gt;(Calculator.java:6)
	at io.michaelcane.Commands.&lt;init&gt;(Commands.java:5)
	at io.michaelcane.Calculator.&lt;init&gt;(Calculator.java:6)
	at io.michaelcane.Commands.&lt;init&gt;(Commands.java:5)
	at io.michaelcane.Calculator.&lt;init&gt;(Calculator.java:6)
	at io.michaelcane.Commands.&lt;init&gt;(Commands.java:5)
	at io.michaelcane.Calculator.&lt;init&gt;(Calculator.java:6)
	at io.michaelcane.Commands.&lt;init&gt;(Commands.java:5)
	at io.michaelcane.Calculator.&lt;init&gt;(Calculator.java:6)
	at io.michaelcane.Commands.&lt;init&gt;(Commands.java:5)
	at io.michaelcane.Calculator.&lt;init&gt;(Calculator.java:6)
	at io.michaelcane.Commands.&lt;init&gt;(Commands.java:5)
	at io.michaelcane.Calculator.&lt;init&gt;(Calculator.java:6)
	at io.michaelcane.Commands.&lt;init&gt;(Commands.java:5)
	at io.michaelcane.Calculator.&lt;init&gt;(Calculator.java:6)
	at io.michaelcane.Commands.&lt;init&gt;(Commands.java:5)
	at io.michaelcane.Calculator.&lt;init&gt;(Calculator.java:6)
	at io.michaelcane.Commands.&lt;init&gt;(Commands.java:5)
	at io.michaelcane.Calculator.&lt;init&gt;(Calculator.java:6)
	at io.michaelcane.Commands.&lt;init&gt;(Commands.java:5)
	at io.michaelcane.Calculator.&lt;init&gt;(Calculator.java:6)
	at io.michaelcane.Commands.&lt;init&gt;(Commands.java:5)
	at io.michaelcane.Calculator.&lt;init&gt;(Calculator.java:6)
	at io.michaelcane.Commands.&lt;init&gt;(Commands.java:5)
	at io.michaelcane.Calculator.&lt;init&gt;(Calculator.java:6)
	at io.michaelcane.Commands.&lt;init&gt;(Commands.java:5)
	at io.michaelcane.Calculator.&lt;init&gt;(Calculator.java:6)
	at io.michaelcane.Commands.&lt;init&gt;(Commands.java:5)
	at io.michaelcane.Calculator.&lt;init&gt;(Calculator.java:6)
	at io.michaelcane.Commands.&lt;init&gt;(Commands.java:5)
	at io.michaelcane.Calculator.&lt;init&gt;(Calculator.java:6)
	at io.michaelcane.Commands.&lt;init&gt;(Commands.java:5)
	at io.michaelcane.Calculator.&lt;init&gt;(Calculator.java:6)
	at io.michaelcane.Commands.&lt;init&gt;(Commands.java:5)
	at io.michaelcane.Calculator.&lt;init&gt;(Calculator.java:6)
	at io.michaelcane.Commands.&lt;init&gt;(Commands.java:5)
	at io.michaelcane.Calculator.&lt;init&gt;(Calculator.java:6)
	at io.michaelcane.Commands.&lt;init&gt;(Commands.java:5)
	at io.michaelcane.Calculator.&lt;init&gt;(Calculator.java:6)
	at io.michaelcane.Commands.&lt;init&gt;(Commands.java:5)
	at io.michaelcane.Calculator.&lt;init&gt;(Calculator.java:6)
	at io.michaelcane.Commands.&lt;init&gt;(Commands.java:5)
	at io.michaelcane.Calculator.&lt;init&gt;(Calculator.java:6)
	at io.michaelcane.Commands.&lt;init&gt;(Commands.java:5)
	at io.michaelcane.Calculator.&lt;init&gt;(Calculator.java:6)
	at io.michaelcane.Commands.&lt;init&gt;(Commands.java:5)
	at io.michaelcane.Calculator.&lt;init&gt;(Calculator.java:6)
	at io.michaelcane.Commands.&lt;init&gt;(Commands.java:5)
	at io.michaelcane.Calculator.&lt;init&gt;(Calculator.java:6)
	at io.michaelcane.Commands.&lt;init&gt;(Commands.java:5)
	at io.michaelcane.Calculator.&lt;init&gt;(Calculator.java:6)
	at io.michaelcane.Commands.&lt;init&gt;(Commands.java:5)
	at io.michaelcane.Calculator.&lt;init&gt;(Calculator.java:6)
	at io.michaelcane.Commands.&lt;init&gt;(Commands.java:5)
	at io.michaelcane.Calculator.&lt;init&gt;(Calculator.java:6)
	at io.michaelcane.Commands.&lt;init&gt;(Commands.java:5)
	at io.michaelcane.Calculator.&lt;init&gt;(Calculator.java:6)
	at io.michaelcane.Commands.&lt;init&gt;(Commands.java:5)
	at io.michaelcane.Calculator.&lt;init&gt;(Calculator.java:6)
	at io.michaelcane.Commands.&lt;init&gt;(Commands.java:5)
	at io.michaelcane.Calculator.&lt;init&gt;(Calculator.java:6)
	at io.michaelcane.Commands.&lt;init&gt;(Commands.java:5)
	at io.michaelcane.Calculator.&lt;init&gt;(Calculator.java:6)
	at io.michaelcane.Commands.&lt;init&gt;(Commands.java:5)
	at io.michaelcane.Calculator.&lt;init&gt;(Calculator.java:6)
	at io.michaelcane.Commands.&lt;init&gt;(Commands.java:5)
	at io.michaelcane.Calculator.&lt;init&gt;(Calculator.java:6)
	at io.michaelcane.Commands.&lt;init&gt;(Commands.java:5)
	at io.michaelcane.Calculator.&lt;init&gt;(Calculator.java:6)
	at io.michaelcane.Commands.&lt;init&gt;(Commands.java:5)
	at io.michaelcane.Calculator.&lt;init&gt;(Calculator.java:6)
	at io.michaelcane.Commands.&lt;init&gt;(Commands.java:5)
	at io.michaelcane.Calculator.&lt;init&gt;(Calculator.java:6)
	at io.michaelcane.Commands.&lt;init&gt;(Commands.java:5)
	at io.michaelcane.Calculator.&lt;init&gt;(Calculator.java:6)
	at io.michaelcane.Commands.&lt;init&gt;(Commands.java:5)
	at io.michaelcane.Calculator.&lt;init&gt;(Calculator.java:6)
	at io.michaelcane.Commands.&lt;init&gt;(Commands.java:5)
	at io.michaelcane.Calculator.&lt;init&gt;(Calculator.java:6)
	at io.michaelcane.Commands.&lt;init&gt;(Commands.java:5)
	at io.michaelcane.Calculator.&lt;init&gt;(Calculator.java:6)
	at io.michaelcane.Commands.&lt;init&gt;(Commands.java:5)
	at io.michaelcane.Calculator.&lt;init&gt;(Calculator.java:6)
	at io.michaelcane.Commands.&lt;init&gt;(Commands.java:5)
	at io.michaelcane.Calculator.&lt;init&gt;(Calculator.java:6)
	at io.michaelcane.Commands.&lt;init&gt;(Commands.java:5)
	at io.michaelcane.Calculator.&lt;init&gt;(Calculator.java:6)
	at io.michaelcane.Commands.&lt;init&gt;(Commands.java:5)
	at io.michaelcane.Calculator.&lt;init&gt;(Calculator.java:6)
	at io.michaelcane.Commands.&lt;init&gt;(Commands.java:5)
	at io.michaelcane.Calculator.&lt;init&gt;(Calculator.java:6)
	at io.michaelcane.Commands.&lt;init&gt;(Commands.java:5)
	at io.michaelcane.Calculator.&lt;init&gt;(Calculator.java:6)
	at io.michaelcane.Commands.&lt;init&gt;(Commands.java:5)
	at io.michaelcane.Calculator.&lt;init&gt;(Calculator.java:6)
	at io.michaelcane.Commands.&lt;init&gt;(Commands.java:5)
	at io.michaelcane.Calculator.&lt;init&gt;(Calculator.java:6)
	at io.michaelcane.Commands.&lt;init&gt;(Commands.java:5)
	at io.michaelcane.Calculator.&lt;init&gt;(Calculator.java:6)
	at io.michaelcane.Commands.&lt;init&gt;(Commands.java:5)
	at io.michaelcane.Calculator.&lt;init&gt;(Calculator.java:6)
	at io.michaelcane.Commands.&lt;init&gt;(Commands.java:5)
	at io.michaelcane.Calculator.&lt;init&gt;(Calculator.java:6)
	at io.michaelcane.Commands.&lt;init&gt;(Commands.java:5)
	at io.michaelcane.Calculator.&lt;init&gt;(Calculator.java:6)
	at io.michaelcane.Commands.&lt;init&gt;(Commands.java:5)
	at io.michaelcane.Calculator.&lt;init&gt;(Calculator.java:6)
	at io.michaelcane.Commands.&lt;init&gt;(Commands.java:5)
	at io.michaelcane.Calculator.&lt;init&gt;(Calculator.java:6)
	at io.michaelcane.Commands.&lt;init&gt;(Commands.java:5)
	at io.michaelcane.Calculator.&lt;init&gt;(Calculator.java:6)
	at io.michaelcane.Commands.&lt;init&gt;(Commands.java:5)
	at io.michaelcane.Calculator.&lt;init&gt;(Calculator.java:6)
	at io.michaelcane.Commands.&lt;init&gt;(Commands.java:5)
	at io.michaelcane.Calculator.&lt;init&gt;(Calculator.java:6)
	at io.michaelcane.Commands.&lt;init&gt;(Commands.java:5)
	at io.michaelcane.Calculator.&lt;init&gt;(Calculator.java:6)
	at io.michaelcane.Commands.&lt;init&gt;(Commands.java:5)
	at io.michaelcane.Calculator.&lt;init&gt;(Calculator.java:6)
	at io.michaelcane.Commands.&lt;init&gt;(Commands.java:5)
	at io.michaelcane.Calculator.&lt;init&gt;(Calculator.java:6)
	at io.michaelcane.Commands.&lt;init&gt;(Commands.java:5)
	at io.michaelcane.Calculator.&lt;init&gt;(Calculator.java:6)
	at io.michaelcane.Commands.&lt;init&gt;(Commands.java:5)
	at io.michaelcane.Calculator.&lt;init&gt;(Calculator.java:6)
	at io.michaelcane.Commands.&lt;init&gt;(Commands.java:5)
	at io.michaelcane.Calculator.&lt;init&gt;(Calculator.java:6)
	at io.michaelcane.Commands.&lt;init&gt;(Commands.java:5)
	at io.michaelcane.Calculator.&lt;init&gt;(Calculator.java:6)
	at io.michaelcane.Commands.&lt;init&gt;(Commands.java:5)
	at io.michaelcane.Calculator.&lt;init&gt;(Calculator.java:6)
	at io.michaelcane.Commands.&lt;init&gt;(Commands.java:5)
	at io.michaelcane.Calculator.&lt;init&gt;(Calculator.java:6)
	at io.michaelcane.Commands.&lt;init&gt;(Commands.java:5)
	at io.michaelcane.Calculator.&lt;init&gt;(Calculator.java:6)
	at io.michaelcane.Commands.&lt;init&gt;(Commands.java:5)
	at io.michaelcane.Calculator.&lt;init&gt;(Calculator.java:6)
	at io.michaelcane.Commands.&lt;init&gt;(Commands.java:5)
	at io.michaelcane.Calculator.&lt;init&gt;(Calculator.java:6)
	at io.michaelcane.Commands.&lt;init&gt;(Commands.java:5)
	at io.michaelcane.Calculator.&lt;init&gt;(Calculator.java:6)
	at io.michaelcane.Commands.&lt;init&gt;(Commands.java:5)
	at io.michaelcane.Calculator.&lt;init&gt;(Calculator.java:6)
	at io.michaelcane.Commands.&lt;init&gt;(Commands.java:5)
	at io.michaelcane.Calculator.&lt;init&gt;(Calculator.java:6)
	at io.michaelcane.Commands.&lt;init&gt;(Commands.java:5)
	at io.michaelcane.Calculator.&lt;init&gt;(Calculator.java:6)
	at io.michaelcane.Commands.&lt;init&gt;(Commands.java:5)
	at io.michaelcane.Calculator.&lt;init&gt;(Calculator.java:6)
	at io.michaelcane.Commands.&lt;init&gt;(Commands.java:5)
	at io.michaelcane.Calculator.&lt;init&gt;(Calculator.java:6)
	at io.michaelcane.Commands.&lt;init&gt;(Commands.java:5)
	at io.michaelcane.Calculator.&lt;init&gt;(Calculator.java:6)
	at io.michaelcane.Commands.&lt;init&gt;(Commands.java:5)
	at io.michaelcane.Calculator.&lt;init&gt;(Calculator.java:6)
	at io.michaelcane.Commands.&lt;init&gt;(Commands.java:5)
	at io.michaelcane.Calculator.&lt;init&gt;(Calculator.java:6)
	at io.michaelcane.Commands.&lt;init&gt;(Commands.java:5)
	at io.michaelcane.Calculator.&lt;init&gt;(Calculator.java:6)
	at io.michaelcane.Commands.&lt;init&gt;(Commands.java:5)
	at io.michaelcane.Calculator.&lt;init&gt;(Calculator.java:6)
	at io.michaelcane.Commands.&lt;init&gt;(Commands.java:5)
	at io.michaelcane.Calculator.&lt;init&gt;(Calculator.java:6)
	at io.michaelcane.Commands.&lt;init&gt;(Commands.java:5)
	at io.michaelcane.Calculator.&lt;init&gt;(Calculator.java:6)
	at io.michaelcane.Commands.&lt;init&gt;(Commands.java:5)
	at io.michaelcane.Calculator.&lt;init&gt;(Calculator.java:6)
	at io.michaelcane.Commands.&lt;init&gt;(Commands.java:5)
	at io.michaelcane.Calculator.&lt;init&gt;(Calculator.java:6)
	at io.michaelcane.Commands.&lt;init&gt;(Commands.java:5)
	at io.michaelcane.Calculator.&lt;init&gt;(Calculator.java:6)
	at io.michaelcane.Commands.&lt;init&gt;(Commands.java:5)
	at io.michaelcane.Calculator.&lt;init&gt;(Calculator.java:6)
	at io.michaelcane.Commands.&lt;init&gt;(Commands.java:5)
	at io.michaelcane.Calculator.&lt;init&gt;(Calculator.java:6)
	at io.michaelcane.Commands.&lt;init&gt;(Commands.java:5)
	at io.michaelcane.Calculator.&lt;init&gt;(Calculator.java:6)
	at io.michaelcane.Commands.&lt;init&gt;(Commands.java:5)
	at io.michaelcane.Calculator.&lt;init&gt;(Calculator.java:6)
	at io.michaelcane.Commands.&lt;init&gt;(Commands.java:5)
	at io.michaelcane.Calculator.&lt;init&gt;(Calculator.java:6)
	at io.michaelcane.Commands.&lt;init&gt;(Commands.java:5)
	at io.michaelcane.Calculator.&lt;init&gt;(Calculator.java:6)
	at io.michaelcane.Commands.&lt;init&gt;(Commands.java:5)
	at io.michaelcane.Calculator.&lt;init&gt;(Calculator.java:6)
	at io.michaelcane.Commands.&lt;init&gt;(Commands.java:5)
	at io.michaelcane.Calculator.&lt;init&gt;(Calculator.java:6)
	at io.michaelcane.Commands.&lt;init&gt;(Commands.java:5)
	at io.michaelcane.Calculator.&lt;init&gt;(Calculator.java:6)
	at io.michaelcane.Commands.&lt;init&gt;(Commands.java:5)
</error>
  </testcase>
  <testcase classname="io.michaelcane.CalculatorSpec" name="test$logarithm" time="0.005">
    <error type="java.lang.StackOverflowError">java.lang.StackOverflowError
	at io.michaelcane.Calculator.&lt;init&gt;(Calculator.java:6)
	at io.michaelcane.Commands.&lt;init&gt;(Commands.java:5)
	at io.michaelcane.Calculator.&lt;init&gt;(Calculator.java:6)
	at io.michaelcane.Commands.&lt;init&gt;(Commands.java:5)
	at io.michaelcane.Calculator.&lt;init&gt;(Calculator.java:6)
	at io.michaelcane.Commands.&lt;init&gt;(Commands.java:5)
	at io.michaelcane.Calculator.&lt;init&gt;(Calculator.java:6)
	at io.michaelcane.Commands.&lt;init&gt;(Commands.java:5)
	at io.michaelcane.Calculator.&lt;init&gt;(Calculator.java:6)
	at io.michaelcane.Commands.&lt;init&gt;(Commands.java:5)
	at io.michaelcane.Calculator.&lt;init&gt;(Calculator.java:6)
	at io.michaelcane.Commands.&lt;init&gt;(Commands.java:5)
	at io.michaelcane.Calculator.&lt;init&gt;(Calculator.java:6)
	at io.michaelcane.Commands.&lt;init&gt;(Commands.java:5)
	at io.michaelcane.Calculator.&lt;init&gt;(Calculator.java:6)
	at io.michaelcane.Commands.&lt;init&gt;(Commands.java:5)
	at io.michaelcane.Calculator.&lt;init&gt;(Calculator.java:6)
	at io.michaelcane.Commands.&lt;init&gt;(Commands.java:5)
	at io.michaelcane.Calculator.&lt;init&gt;(Calculator.java:6)
	at io.michaelcane.Commands.&lt;init&gt;(Commands.java:5)
	at io.michaelcane.Calculator.&lt;init&gt;(Calculator.java:6)
	at io.michaelcane.Commands.&lt;init&gt;(Commands.java:5)
	at io.michaelcane.Calculator.&lt;init&gt;(Calculator.java:6)
	at io.michaelcane.Commands.&lt;init&gt;(Commands.java:5)
	at io.michaelcane.Calculator.&lt;init&gt;(Calculator.java:6)
	at io.michaelcane.Commands.&lt;init&gt;(Commands.java:5)
	at io.michaelcane.Calculator.&lt;init&gt;(Calculator.java:6)
	at io.michaelcane.Commands.&lt;init&gt;(Commands.java:5)
	at io.michaelcane.Calculator.&lt;init&gt;(Calculator.java:6)
	at io.michaelcane.Commands.&lt;init&gt;(Commands.java:5)
	at io.michaelcane.Calculator.&lt;init&gt;(Calculator.java:6)
	at io.michaelcane.Commands.&lt;init&gt;(Commands.java:5)
	at io.michaelcane.Calculator.&lt;init&gt;(Calculator.java:6)
	at io.michaelcane.Commands.&lt;init&gt;(Commands.java:5)
	at io.michaelcane.Calculator.&lt;init&gt;(Calculator.java:6)
	at io.michaelcane.Commands.&lt;init&gt;(Commands.java:5)
	at io.michaelcane.Calculator.&lt;init&gt;(Calculator.java:6)
	at io.michaelcane.Commands.&lt;init&gt;(Commands.java:5)
	at io.michaelcane.Calculator.&lt;init&gt;(Calculator.java:6)
	at io.michaelcane.Commands.&lt;init&gt;(Commands.java:5)
	at io.michaelcane.Calculator.&lt;init&gt;(Calculator.java:6)
	at io.michaelcane.Commands.&lt;init&gt;(Commands.java:5)
	at io.michaelcane.Calculator.&lt;init&gt;(Calculator.java:6)
	at io.michaelcane.Commands.&lt;init&gt;(Commands.java:5)
	at io.michaelcane.Calculator.&lt;init&gt;(Calculator.java:6)
	at io.michaelcane.Commands.&lt;init&gt;(Commands.java:5)
	at io.michaelcane.Calculator.&lt;init&gt;(Calculator.java:6)
	at io.michaelcane.Commands.&lt;init&gt;(Commands.java:5)
	at io.michaelcane.Calculator.&lt;init&gt;(Calculator.java:6)
	at io.michaelcane.Commands.&lt;init&gt;(Commands.java:5)
	at io.michaelcane.Calculator.&lt;init&gt;(Calculator.java:6)
	at io.michaelcane.Commands.&lt;init&gt;(Commands.java:5)
	at io.michaelcane.Calculator.&lt;init&gt;(Calculator.java:6)
	at io.michaelcane.Commands.&lt;init&gt;(Commands.java:5)
	at io.michaelcane.Calculator.&lt;init&gt;(Calculator.java:6)
	at io.michaelcane.Commands.&lt;init&gt;(Commands.java:5)
	at io.michaelcane.Calculator.&lt;init&gt;(Calculator.java:6)
	at io.michaelcane.Commands.&lt;init&gt;(Commands.java:5)
	at io.michaelcane.Calculator.&lt;init&gt;(Calculator.java:6)
	at io.michaelcane.Commands.&lt;init&gt;(Commands.java:5)
	at io.michaelcane.Calculator.&lt;init&gt;(Calculator.java:6)
	at io.michaelcane.Commands.&lt;init&gt;(Commands.java:5)
	at io.michaelcane.Calculator.&lt;init&gt;(Calculator.java:6)
	at io.michaelcane.Commands.&lt;init&gt;(Commands.java:5)
	at io.michaelcane.Calculator.&lt;init&gt;(Calculator.java:6)
	at io.michaelcane.Commands.&lt;init&gt;(Commands.java:5)
	at io.michaelcane.Calculator.&lt;init&gt;(Calculator.java:6)
	at io.michaelcane.Commands.&lt;init&gt;(Commands.java:5)
	at io.michaelcane.Calculator.&lt;init&gt;(Calculator.java:6)
	at io.michaelcane.Commands.&lt;init&gt;(Commands.java:5)
	at io.michaelcane.Calculator.&lt;init&gt;(Calculator.java:6)
	at io.michaelcane.Commands.&lt;init&gt;(Commands.java:5)
	at io.michaelcane.Calculator.&lt;init&gt;(Calculator.java:6)
	at io.michaelcane.Commands.&lt;init&gt;(Commands.java:5)
	at io.michaelcane.Calculator.&lt;init&gt;(Calculator.java:6)
	at io.michaelcane.Commands.&lt;init&gt;(Commands.java:5)
	at io.michaelcane.Calculator.&lt;init&gt;(Calculator.java:6)
	at io.michaelcane.Commands.&lt;init&gt;(Commands.java:5)
	at io.michaelcane.Calculator.&lt;init&gt;(Calculator.java:6)
	at io.michaelcane.Commands.&lt;init&gt;(Commands.java:5)
	at io.michaelcane.Calculator.&lt;init&gt;(Calculator.java:6)
	at io.michaelcane.Commands.&lt;init&gt;(Commands.java:5)
	at io.michaelcane.Calculator.&lt;init&gt;(Calculator.java:6)
	at io.michaelcane.Commands.&lt;init&gt;(Commands.java:5)
	at io.michaelcane.Calculator.&lt;init&gt;(Calculator.java:6)
	at io.michaelcane.Commands.&lt;init&gt;(Commands.java:5)
	at io.michaelcane.Calculator.&lt;init&gt;(Calculator.java:6)
	at io.michaelcane.Commands.&lt;init&gt;(Commands.java:5)
	at io.michaelcane.Calculator.&lt;init&gt;(Calculator.java:6)
	at io.michaelcane.Commands.&lt;init&gt;(Commands.java:5)
	at io.michaelcane.Calculator.&lt;init&gt;(Calculator.java:6)
	at io.michaelcane.Commands.&lt;init&gt;(Commands.java:5)
	at io.michaelcane.Calculator.&lt;init&gt;(Calculator.java:6)
	at io.michaelcane.Commands.&lt;init&gt;(Commands.java:5)
	at io.michaelcane.Calculator.&lt;init&gt;(Calculator.java:6)
	at io.michaelcane.Commands.&lt;init&gt;(Commands.java:5)
	at io.michaelcane.Calculator.&lt;init&gt;(Calculator.java:6)
	at io.michaelcane.Commands.&lt;init&gt;(Commands.java:5)
	at io.michaelcane.Calculator.&lt;init&gt;(Calculator.java:6)
	at io.michaelcane.Commands.&lt;init&gt;(Commands.java:5)
	at io.michaelcane.Calculator.&lt;init&gt;(Calculator.java:6)
	at io.michaelcane.Commands.&lt;init&gt;(Commands.java:5)
	at io.michaelcane.Calculator.&lt;init&gt;(Calculator.java:6)
	at io.michaelcane.Commands.&lt;init&gt;(Commands.java:5)
	at io.michaelcane.Calculator.&lt;init&gt;(Calculator.java:6)
	at io.michaelcane.Commands.&lt;init&gt;(Commands.java:5)
	at io.michaelcane.Calculator.&lt;init&gt;(Calculator.java:6)
	at io.michaelcane.Commands.&lt;init&gt;(Commands.java:5)
	at io.michaelcane.Calculator.&lt;init&gt;(Calculator.java:6)
	at io.michaelcane.Commands.&lt;init&gt;(Commands.java:5)
	at io.michaelcane.Calculator.&lt;init&gt;(Calculator.java:6)
	at io.michaelcane.Commands.&lt;init&gt;(Commands.java:5)
	at io.michaelcane.Calculator.&lt;init&gt;(Calculator.java:6)
	at io.michaelcane.Commands.&lt;init&gt;(Commands.java:5)
	at io.michaelcane.Calculator.&lt;init&gt;(Calculator.java:6)
	at io.michaelcane.Commands.&lt;init&gt;(Commands.java:5)
	at io.michaelcane.Calculator.&lt;init&gt;(Calculator.java:6)
	at io.michaelcane.Commands.&lt;init&gt;(Commands.java:5)
	at io.michaelcane.Calculator.&lt;init&gt;(Calculator.java:6)
	at io.michaelcane.Commands.&lt;init&gt;(Commands.java:5)
	at io.michaelcane.Calculator.&lt;init&gt;(Calculator.java:6)
	at io.michaelcane.Commands.&lt;init&gt;(Commands.java:5)
	at io.michaelcane.Calculator.&lt;init&gt;(Calculator.java:6)
	at io.michaelcane.Commands.&lt;init&gt;(Commands.java:5)
	at io.michaelcane.Calculator.&lt;init&gt;(Calculator.java:6)
	at io.michaelcane.Commands.&lt;init&gt;(Commands.java:5)
	at io.michaelcane.Calculator.&lt;init&gt;(Calculator.java:6)
	at io.michaelcane.Commands.&lt;init&gt;(Commands.java:5)
	at io.michaelcane.Calculator.&lt;init&gt;(Calculator.java:6)
	at io.michaelcane.Commands.&lt;init&gt;(Commands.java:5)
	at io.michaelcane.Calculator.&lt;init&gt;(Calculator.java:6)
	at io.michaelcane.Commands.&lt;init&gt;(Commands.java:5)
	at io.michaelcane.Calculator.&lt;init&gt;(Calculator.java:6)
	at io.michaelcane.Commands.&lt;init&gt;(Commands.java:5)
	at io.michaelcane.Calculator.&lt;init&gt;(Calculator.java:6)
	at io.michaelcane.Commands.&lt;init&gt;(Commands.java:5)
	at io.michaelcane.Calculator.&lt;init&gt;(Calculator.java:6)
	at io.michaelcane.Commands.&lt;init&gt;(Commands.java:5)
	at io.michaelcane.Calculator.&lt;init&gt;(Calculator.java:6)
	at io.michaelcane.Commands.&lt;init&gt;(Commands.java:5)
	at io.michaelcane.Calculator.&lt;init&gt;(Calculator.java:6)
	at io.michaelcane.Commands.&lt;init&gt;(Commands.java:5)
	at io.michaelcane.Calculator.&lt;init&gt;(Calculator.java:6)
	at io.michaelcane.Commands.&lt;init&gt;(Commands.java:5)
	at io.michaelcane.Calculator.&lt;init&gt;(Calculator.java:6)
	at io.michaelcane.Commands.&lt;init&gt;(Commands.java:5)
	at io.michaelcane.Calculator.&lt;init&gt;(Calculator.java:6)
	at io.michaelcane.Commands.&lt;init&gt;(Commands.java:5)
	at io.michaelcane.Calculator.&lt;init&gt;(Calculator.java:6)
	at io.michaelcane.Commands.&lt;init&gt;(Commands.java:5)
	at io.michaelcane.Calculator.&lt;init&gt;(Calculator.java:6)
	at io.michaelcane.Commands.&lt;init&gt;(Commands.java:5)
	at io.michaelcane.Calculator.&lt;init&gt;(Calculator.java:6)
	at io.michaelcane.Commands.&lt;init&gt;(Commands.java:5)
	at io.michaelcane.Calculator.&lt;init&gt;(Calculator.java:6)
	at io.michaelcane.Commands.&lt;init&gt;(Commands.java:5)
	at io.michaelcane.Calculator.&lt;init&gt;(Calculator.java:6)
	at io.michaelcane.Commands.&lt;init&gt;(Commands.java:5)
	at io.michaelcane.Calculator.&lt;init&gt;(Calculator.java:6)
	at io.michaelcane.Commands.&lt;init&gt;(Commands.java:5)
	at io.michaelcane.Calculator.&lt;init&gt;(Calculator.java:6)
	at io.michaelcane.Commands.&lt;init&gt;(Commands.java:5)
	at io.michaelcane.Calculator.&lt;init&gt;(Calculator.java:6)
	at io.michaelcane.Commands.&lt;init&gt;(Commands.java:5)
	at io.michaelcane.Calculator.&lt;init&gt;(Calculator.java:6)
	at io.michaelcane.Commands.&lt;init&gt;(Commands.java:5)
	at io.michaelcane.Calculator.&lt;init&gt;(Calculator.java:6)
	at io.michaelcane.Commands.&lt;init&gt;(Commands.java:5)
	at io.michaelcane.Calculator.&lt;init&gt;(Calculator.java:6)
	at io.michaelcane.Commands.&lt;init&gt;(Commands.java:5)
	at io.michaelcane.Calculator.&lt;init&gt;(Calculator.java:6)
	at io.michaelcane.Commands.&lt;init&gt;(Commands.java:5)
	at io.michaelcane.Calculator.&lt;init&gt;(Calculator.java:6)
	at io.michaelcane.Commands.&lt;init&gt;(Commands.java:5)
	at io.michaelcane.Calculator.&lt;init&gt;(Calculator.java:6)
	at io.michaelcane.Commands.&lt;init&gt;(Commands.java:5)
	at io.michaelcane.Calculator.&lt;init&gt;(Calculator.java:6)
	at io.michaelcane.Commands.&lt;init&gt;(Commands.java:5)
	at io.michaelcane.Calculator.&lt;init&gt;(Calculator.java:6)
	at io.michaelcane.Commands.&lt;init&gt;(Commands.java:5)
	at io.michaelcane.Calculator.&lt;init&gt;(Calculator.java:6)
	at io.michaelcane.Commands.&lt;init&gt;(Commands.java:5)
	at io.michaelcane.Calculator.&lt;init&gt;(Calculator.java:6)
	at io.michaelcane.Commands.&lt;init&gt;(Commands.java:5)
	at io.michaelcane.Calculator.&lt;init&gt;(Calculator.java:6)
	at io.michaelcane.Commands.&lt;init&gt;(Commands.java:5)
	at io.michaelcane.Calculator.&lt;init&gt;(Calculator.java:6)
	at io.michaelcane.Commands.&lt;init&gt;(Commands.java:5)
	at io.michaelcane.Calculator.&lt;init&gt;(Calculator.java:6)
	at io.michaelcane.Commands.&lt;init&gt;(Commands.java:5)
	at io.michaelcane.Calculator.&lt;init&gt;(Calculator.java:6)
	at io.michaelcane.Commands.&lt;init&gt;(Commands.java:5)
	at io.michaelcane.Calculator.&lt;init&gt;(Calculator.java:6)
	at io.michaelcane.Commands.&lt;init&gt;(Commands.java:5)
	at io.michaelcane.Calculator.&lt;init&gt;(Calculator.java:6)
	at io.michaelcane.Commands.&lt;init&gt;(Commands.java:5)
	at io.michaelcane.Calculator.&lt;init&gt;(Calculator.java:6)
	at io.michaelcane.Commands.&lt;init&gt;(Commands.java:5)
	at io.michaelcane.Calculator.&lt;init&gt;(Calculator.java:6)
	at io.michaelcane.Commands.&lt;init&gt;(Commands.java:5)
	at io.michaelcane.Calculator.&lt;init&gt;(Calculator.java:6)
	at io.michaelcane.Commands.&lt;init&gt;(Commands.java:5)
	at io.michaelcane.Calculator.&lt;init&gt;(Calculator.java:6)
	at io.michaelcane.Commands.&lt;init&gt;(Commands.java:5)
	at io.michaelcane.Calculator.&lt;init&gt;(Calculator.java:6)
	at io.michaelcane.Commands.&lt;init&gt;(Commands.java:5)
	at io.michaelcane.Calculator.&lt;init&gt;(Calculator.java:6)
	at io.michaelcane.Commands.&lt;init&gt;(Commands.java:5)
	at io.michaelcane.Calculator.&lt;init&gt;(Calculator.java:6)
	at io.michaelcane.Commands.&lt;init&gt;(Commands.java:5)
	at io.michaelcane.Calculator.&lt;init&gt;(Calculator.java:6)
	at io.michaelcane.Commands.&lt;init&gt;(Commands.java:5)
	at io.michaelcane.Calculator.&lt;init&gt;(Calculator.java:6)
	at io.michaelcane.Commands.&lt;init&gt;(Commands.java:5)
	at io.michaelcane.Calculator.&lt;init&gt;(Calculator.java:6)
	at io.michaelcane.Commands.&lt;init&gt;(Commands.java:5)
	at io.michaelcane.Calculator.&lt;init&gt;(Calculator.java:6)
	at io.michaelcane.Commands.&lt;init&gt;(Commands.java:5)
	at io.michaelcane.Calculator.&lt;init&gt;(Calculator.java:6)
	at io.michaelcane.Commands.&lt;init&gt;(Commands.java:5)
	at io.michaelcane.Calculator.&lt;init&gt;(Calculator.java:6)
	at io.michaelcane.Commands.&lt;init&gt;(Commands.java:5)
	at io.michaelcane.Calculator.&lt;init&gt;(Calculator.java:6)
	at io.michaelcane.Commands.&lt;init&gt;(Commands.java:5)
	at io.michaelcane.Calculator.&lt;init&gt;(Calculator.java:6)
	at io.michaelcane.Commands.&lt;init&gt;(Commands.java:5)
	at io.michaelcane.Calculator.&lt;init&gt;(Calculator.java:6)
	at io.michaelcane.Commands.&lt;init&gt;(Commands.java:5)
	at io.michaelcane.Calculator.&lt;init&gt;(Calculator.java:6)
	at io.michaelcane.Commands.&lt;init&gt;(Commands.java:5)
	at io.michaelcane.Calculator.&lt;init&gt;(Calculator.java:6)
	at io.michaelcane.Commands.&lt;init&gt;(Commands.java:5)
	at io.michaelcane.Calculator.&lt;init&gt;(Calculator.java:6)
	at io.michaelcane.Commands.&lt;init&gt;(Commands.java:5)
	at io.michaelcane.Calculator.&lt;init&gt;(Calculator.java:6)
	at io.michaelcane.Commands.&lt;init&gt;(Commands.java:5)
	at io.michaelcane.Calculator.&lt;init&gt;(Calculator.java:6)
	at io.michaelcane.Commands.&lt;init&gt;(Commands.java:5)
	at io.michaelcane.Calculator.&lt;init&gt;(Calculator.java:6)
	at io.michaelcane.Commands.&lt;init&gt;(Commands.java:5)
	at io.michaelcane.Calculator.&lt;init&gt;(Calculator.java:6)
	at io.michaelcane.Commands.&lt;init&gt;(Commands.java:5)
	at io.michaelcane.Calculator.&lt;init&gt;(Calculator.java:6)
	at io.michaelcane.Commands.&lt;init&gt;(Commands.java:5)
	at io.michaelcane.Calculator.&lt;init&gt;(Calculator.java:6)
	at io.michaelcane.Commands.&lt;init&gt;(Commands.java:5)
	at io.michaelcane.Calculator.&lt;init&gt;(Calculator.java:6)
	at io.michaelcane.Commands.&lt;init&gt;(Commands.java:5)
	at io.michaelcane.Calculator.&lt;init&gt;(Calculator.java:6)
	at io.michaelcane.Commands.&lt;init&gt;(Commands.java:5)
	at io.michaelcane.Calculator.&lt;init&gt;(Calculator.java:6)
	at io.michaelcane.Commands.&lt;init&gt;(Commands.java:5)
	at io.michaelcane.Calculator.&lt;init&gt;(Calculator.java:6)
	at io.michaelcane.Commands.&lt;init&gt;(Commands.java:5)
	at io.michaelcane.Calculator.&lt;init&gt;(Calculator.java:6)
	at io.michaelcane.Commands.&lt;init&gt;(Commands.java:5)
	at io.michaelcane.Calculator.&lt;init&gt;(Calculator.java:6)
	at io.michaelcane.Commands.&lt;init&gt;(Commands.java:5)
	at io.michaelcane.Calculator.&lt;init&gt;(Calculator.java:6)
	at io.michaelcane.Commands.&lt;init&gt;(Commands.java:5)
	at io.michaelcane.Calculator.&lt;init&gt;(Calculator.java:6)
	at io.michaelcane.Commands.&lt;init&gt;(Commands.java:5)
	at io.michaelcane.Calculator.&lt;init&gt;(Calculator.java:6)
	at io.michaelcane.Commands.&lt;init&gt;(Commands.java:5)
	at io.michaelcane.Calculator.&lt;init&gt;(Calculator.java:6)
	at io.michaelcane.Commands.&lt;init&gt;(Commands.java:5)
	at io.michaelcane.Calculator.&lt;init&gt;(Calculator.java:6)
	at io.michaelcane.Commands.&lt;init&gt;(Commands.java:5)
	at io.michaelcane.Calculator.&lt;init&gt;(Calculator.java:6)
	at io.michaelcane.Commands.&lt;init&gt;(Commands.java:5)
	at io.michaelcane.Calculator.&lt;init&gt;(Calculator.java:6)
	at io.michaelcane.Commands.&lt;init&gt;(Commands.java:5)
	at io.michaelcane.Calculator.&lt;init&gt;(Calculator.java:6)
	at io.michaelcane.Commands.&lt;init&gt;(Commands.java:5)
	at io.michaelcane.Calculator.&lt;init&gt;(Calculator.java:6)
	at io.michaelcane.Commands.&lt;init&gt;(Commands.java:5)
	at io.michaelcane.Calculator.&lt;init&gt;(Calculator.java:6)
	at io.michaelcane.Commands.&lt;init&gt;(Commands.java:5)
	at io.michaelcane.Calculator.&lt;init&gt;(Calculator.java:6)
	at io.michaelcane.Commands.&lt;init&gt;(Commands.java:5)
	at io.michaelcane.Calculator.&lt;init&gt;(Calculator.java:6)
	at io.michaelcane.Commands.&lt;init&gt;(Commands.java:5)
	at io.michaelcane.Calculator.&lt;init&gt;(Calculator.java:6)
	at io.michaelcane.Commands.&lt;init&gt;(Commands.java:5)
	at io.michaelcane.Calculator.&lt;init&gt;(Calculator.java:6)
	at io.michaelcane.Commands.&lt;init&gt;(Commands.java:5)
	at io.michaelcane.Calculator.&lt;init&gt;(Calculator.java:6)
	at io.michaelcane.Commands.&lt;init&gt;(Commands.java:5)
	at io.michaelcane.Calculator.&lt;init&gt;(Calculator.java:6)
	at io.michaelcane.Commands.&lt;init&gt;(Commands.java:5)
	at io.michaelcane.Calculator.&lt;init&gt;(Calculator.java:6)
	at io.michaelcane.Commands.&lt;init&gt;(Commands.java:5)
	at io.michaelcane.Calculator.&lt;init&gt;(Calculator.java:6)
	at io.michaelcane.Commands.&lt;init&gt;(Commands.java:5)
	at io.michaelcane.Calculator.&lt;init&gt;(Calculator.java:6)
	at io.michaelcane.Commands.&lt;init&gt;(Commands.java:5)
	at io.michaelcane.Calculator.&lt;init&gt;(Calculator.java:6)
	at io.michaelcane.Commands.&lt;init&gt;(Commands.java:5)
	at io.michaelcane.Calculator.&lt;init&gt;(Calculator.java:6)
	at io.michaelcane.Commands.&lt;init&gt;(Commands.java:5)
	at io.michaelcane.Calculator.&lt;init&gt;(Calculator.java:6)
	at io.michaelcane.Commands.&lt;init&gt;(Commands.java:5)
	at io.michaelcane.Calculator.&lt;init&gt;(Calculator.java:6)
	at io.michaelcane.Commands.&lt;init&gt;(Commands.java:5)
	at io.michaelcane.Calculator.&lt;init&gt;(Calculator.java:6)
	at io.michaelcane.Commands.&lt;init&gt;(Commands.java:5)
	at io.michaelcane.Calculator.&lt;init&gt;(Calculator.java:6)
	at io.michaelcane.Commands.&lt;init&gt;(Commands.java:5)
	at io.michaelcane.Calculator.&lt;init&gt;(Calculator.java:6)
	at io.michaelcane.Commands.&lt;init&gt;(Commands.java:5)
	at io.michaelcane.Calculator.&lt;init&gt;(Calculator.java:6)
	at io.michaelcane.Commands.&lt;init&gt;(Commands.java:5)
	at io.michaelcane.Calculator.&lt;init&gt;(Calculator.java:6)
	at io.michaelcane.Commands.&lt;init&gt;(Commands.java:5)
	at io.michaelcane.Calculator.&lt;init&gt;(Calculator.java:6)
	at io.michaelcane.Commands.&lt;init&gt;(Commands.java:5)
	at io.michaelcane.Calculator.&lt;init&gt;(Calculator.java:6)
	at io.michaelcane.Commands.&lt;init&gt;(Commands.java:5)
	at io.michaelcane.Calculator.&lt;init&gt;(Calculator.java:6)
	at io.michaelcane.Commands.&lt;init&gt;(Commands.java:5)
	at io.michaelcane.Calculator.&lt;init&gt;(Calculator.java:6)
	at io.michaelcane.Commands.&lt;init&gt;(Commands.java:5)
	at io.michaelcane.Calculator.&lt;init&gt;(Calculator.java:6)
	at io.michaelcane.Commands.&lt;init&gt;(Commands.java:5)
	at io.michaelcane.Calculator.&lt;init&gt;(Calculator.java:6)
	at io.michaelcane.Commands.&lt;init&gt;(Commands.java:5)
	at io.michaelcane.Calculator.&lt;init&gt;(Calculator.java:6)
	at io.michaelcane.Commands.&lt;init&gt;(Commands.java:5)
	at io.michaelcane.Calculator.&lt;init&gt;(Calculator.java:6)
	at io.michaelcane.Commands.&lt;init&gt;(Commands.java:5)
	at io.michaelcane.Calculator.&lt;init&gt;(Calculator.java:6)
	at io.michaelcane.Commands.&lt;init&gt;(Commands.java:5)
	at io.michaelcane.Calculator.&lt;init&gt;(Calculator.java:6)
	at io.michaelcane.Commands.&lt;init&gt;(Commands.java:5)
	at io.michaelcane.Calculator.&lt;init&gt;(Calculator.java:6)
	at io.michaelcane.Commands.&lt;init&gt;(Commands.java:5)
	at io.michaelcane.Calculator.&lt;init&gt;(Calculator.java:6)
	at io.michaelcane.Commands.&lt;init&gt;(Commands.java:5)
	at io.michaelcane.Calculator.&lt;init&gt;(Calculator.java:6)
	at io.michaelcane.Commands.&lt;init&gt;(Commands.java:5)
	at io.michaelcane.Calculator.&lt;init&gt;(Calculator.java:6)
	at io.michaelcane.Commands.&lt;init&gt;(Commands.java:5)
	at io.michaelcane.Calculator.&lt;init&gt;(Calculator.java:6)
	at io.michaelcane.Commands.&lt;init&gt;(Commands.java:5)
	at io.michaelcane.Calculator.&lt;init&gt;(Calculator.java:6)
	at io.michaelcane.Commands.&lt;init&gt;(Commands.java:5)
	at io.michaelcane.Calculator.&lt;init&gt;(Calculator.java:6)
	at io.michaelcane.Commands.&lt;init&gt;(Commands.java:5)
	at io.michaelcane.Calculator.&lt;init&gt;(Calculator.java:6)
	at io.michaelcane.Commands.&lt;init&gt;(Commands.java:5)
	at io.michaelcane.Calculator.&lt;init&gt;(Calculator.java:6)
	at io.michaelcane.Commands.&lt;init&gt;(Commands.java:5)
	at io.michaelcane.Calculator.&lt;init&gt;(Calculator.java:6)
	at io.michaelcane.Commands.&lt;init&gt;(Commands.java:5)
	at io.michaelcane.Calculator.&lt;init&gt;(Calculator.java:6)
	at io.michaelcane.Commands.&lt;init&gt;(Commands.java:5)
	at io.michaelcane.Calculator.&lt;init&gt;(Calculator.java:6)
	at io.michaelcane.Commands.&lt;init&gt;(Commands.java:5)
	at io.michaelcane.Calculator.&lt;init&gt;(Calculator.java:6)
	at io.michaelcane.Commands.&lt;init&gt;(Commands.java:5)
	at io.michaelcane.Calculator.&lt;init&gt;(Calculator.java:6)
	at io.michaelcane.Commands.&lt;init&gt;(Commands.java:5)
	at io.michaelcane.Calculator.&lt;init&gt;(Calculator.java:6)
	at io.michaelcane.Commands.&lt;init&gt;(Commands.java:5)
	at io.michaelcane.Calculator.&lt;init&gt;(Calculator.java:6)
	at io.michaelcane.Commands.&lt;init&gt;(Commands.java:5)
	at io.michaelcane.Calculator.&lt;init&gt;(Calculator.java:6)
	at io.michaelcane.Commands.&lt;init&gt;(Commands.java:5)
	at io.michaelcane.Calculator.&lt;init&gt;(Calculator.java:6)
	at io.michaelcane.Commands.&lt;init&gt;(Commands.java:5)
	at io.michaelcane.Calculator.&lt;init&gt;(Calculator.java:6)
	at io.michaelcane.Commands.&lt;init&gt;(Commands.java:5)
	at io.michaelcane.Calculator.&lt;init&gt;(Calculator.java:6)
	at io.michaelcane.Commands.&lt;init&gt;(Commands.java:5)
	at io.michaelcane.Calculator.&lt;init&gt;(Calculator.java:6)
	at io.michaelcane.Commands.&lt;init&gt;(Commands.java:5)
	at io.michaelcane.Calculator.&lt;init&gt;(Calculator.java:6)
	at io.michaelcane.Commands.&lt;init&gt;(Commands.java:5)
	at io.michaelcane.Calculator.&lt;init&gt;(Calculator.java:6)
	at io.michaelcane.Commands.&lt;init&gt;(Commands.java:5)
	at io.michaelcane.Calculator.&lt;init&gt;(Calculator.java:6)
	at io.michaelcane.Commands.&lt;init&gt;(Commands.java:5)
	at io.michaelcane.Calculator.&lt;init&gt;(Calculator.java:6)
	at io.michaelcane.Commands.&lt;init&gt;(Commands.java:5)
	at io.michaelcane.Calculator.&lt;init&gt;(Calculator.java:6)
	at io.michaelcane.Commands.&lt;init&gt;(Commands.java:5)
	at io.michaelcane.Calculator.&lt;init&gt;(Calculator.java:6)
	at io.michaelcane.Commands.&lt;init&gt;(Commands.java:5)
	at io.michaelcane.Calculator.&lt;init&gt;(Calculator.java:6)
	at io.michaelcane.Commands.&lt;init&gt;(Commands.java:5)
	at io.michaelcane.Calculator.&lt;init&gt;(Calculator.java:6)
	at io.michaelcane.Commands.&lt;init&gt;(Commands.java:5)
	at io.michaelcane.Calculator.&lt;init&gt;(Calculator.java:6)
	at io.michaelcane.Commands.&lt;init&gt;(Commands.java:5)
	at io.michaelcane.Calculator.&lt;init&gt;(Calculator.java:6)
	at io.michaelcane.Commands.&lt;init&gt;(Commands.java:5)
	at io.michaelcane.Calculator.&lt;init&gt;(Calculator.java:6)
	at io.michaelcane.Commands.&lt;init&gt;(Commands.java:5)
	at io.michaelcane.Calculator.&lt;init&gt;(Calculator.java:6)
	at io.michaelcane.Commands.&lt;init&gt;(Commands.java:5)
	at io.michaelcane.Calculator.&lt;init&gt;(Calculator.java:6)
	at io.michaelcane.Commands.&lt;init&gt;(Commands.java:5)
	at io.michaelcane.Calculator.&lt;init&gt;(Calculator.java:6)
	at io.michaelcane.Commands.&lt;init&gt;(Commands.java:5)
	at io.michaelcane.Calculator.&lt;init&gt;(Calculator.java:6)
	at io.michaelcane.Commands.&lt;init&gt;(Commands.java:5)
	at io.michaelcane.Calculator.&lt;init&gt;(Calculator.java:6)
	at io.michaelcane.Commands.&lt;init&gt;(Commands.java:5)
	at io.michaelcane.Calculator.&lt;init&gt;(Calculator.java:6)
	at io.michaelcane.Commands.&lt;init&gt;(Commands.java:5)
	at io.michaelcane.Calculator.&lt;init&gt;(Calculator.java:6)
	at io.michaelcane.Commands.&lt;init&gt;(Commands.java:5)
	at io.michaelcane.Calculator.&lt;init&gt;(Calculator.java:6)
	at io.michaelcane.Commands.&lt;init&gt;(Commands.java:5)
	at io.michaelcane.Calculator.&lt;init&gt;(Calculator.java:6)
	at io.michaelcane.Commands.&lt;init&gt;(Commands.java:5)
	at io.michaelcane.Calculator.&lt;init&gt;(Calculator.java:6)
	at io.michaelcane.Commands.&lt;init&gt;(Commands.java:5)
	at io.michaelcane.Calculator.&lt;init&gt;(Calculator.java:6)
	at io.michaelcane.Commands.&lt;init&gt;(Commands.java:5)
	at io.michaelcane.Calculator.&lt;init&gt;(Calculator.java:6)
	at io.michaelcane.Commands.&lt;init&gt;(Commands.java:5)
	at io.michaelcane.Calculator.&lt;init&gt;(Calculator.java:6)
	at io.michaelcane.Commands.&lt;init&gt;(Commands.java:5)
	at io.michaelcane.Calculator.&lt;init&gt;(Calculator.java:6)
	at io.michaelcane.Commands.&lt;init&gt;(Commands.java:5)
	at io.michaelcane.Calculator.&lt;init&gt;(Calculator.java:6)
	at io.michaelcane.Commands.&lt;init&gt;(Commands.java:5)
	at io.michaelcane.Calculator.&lt;init&gt;(Calculator.java:6)
	at io.michaelcane.Commands.&lt;init&gt;(Commands.java:5)
	at io.michaelcane.Calculator.&lt;init&gt;(Calculator.java:6)
	at io.michaelcane.Commands.&lt;init&gt;(Commands.java:5)
	at io.michaelcane.Calculator.&lt;init&gt;(Calculator.java:6)
	at io.michaelcane.Commands.&lt;init&gt;(Commands.java:5)
	at io.michaelcane.Calculator.&lt;init&gt;(Calculator.java:6)
	at io.michaelcane.Commands.&lt;init&gt;(Commands.java:5)
	at io.michaelcane.Calculator.&lt;init&gt;(Calculator.java:6)
	at io.michaelcane.Commands.&lt;init&gt;(Commands.java:5)
	at io.michaelcane.Calculator.&lt;init&gt;(Calculator.java:6)
	at io.michaelcane.Commands.&lt;init&gt;(Commands.java:5)
	at io.michaelcane.Calculator.&lt;init&gt;(Calculator.java:6)
	at io.michaelcane.Commands.&lt;init&gt;(Commands.java:5)
	at io.michaelcane.Calculator.&lt;init&gt;(Calculator.java:6)
	at io.michaelcane.Commands.&lt;init&gt;(Commands.java:5)
	at io.michaelcane.Calculator.&lt;init&gt;(Calculator.java:6)
	at io.michaelcane.Commands.&lt;init&gt;(Commands.java:5)
	at io.michaelcane.Calculator.&lt;init&gt;(Calculator.java:6)
	at io.michaelcane.Commands.&lt;init&gt;(Commands.java:5)
	at io.michaelcane.Calculator.&lt;init&gt;(Calculator.java:6)
	at io.michaelcane.Commands.&lt;init&gt;(Commands.java:5)
	at io.michaelcane.Calculator.&lt;init&gt;(Calculator.java:6)
	at io.michaelcane.Commands.&lt;init&gt;(Commands.java:5)
	at io.michaelcane.Calculator.&lt;init&gt;(Calculator.java:6)
	at io.michaelcane.Commands.&lt;init&gt;(Commands.java:5)
	at io.michaelcane.Calculator.&lt;init&gt;(Calculator.java:6)
	at io.michaelcane.Commands.&lt;init&gt;(Commands.java:5)
	at io.michaelcane.Calculator.&lt;init&gt;(Calculator.java:6)
	at io.michaelcane.Commands.&lt;init&gt;(Commands.java:5)
	at io.michaelcane.Calculator.&lt;init&gt;(Calculator.java:6)
	at io.michaelcane.Commands.&lt;init&gt;(Commands.java:5)
	at io.michaelcane.Calculator.&lt;init&gt;(Calculator.java:6)
	at io.michaelcane.Commands.&lt;init&gt;(Commands.java:5)
	at io.michaelcane.Calculator.&lt;init&gt;(Calculator.java:6)
	at io.michaelcane.Commands.&lt;init&gt;(Commands.java:5)
	at io.michaelcane.Calculator.&lt;init&gt;(Calculator.java:6)
	at io.michaelcane.Commands.&lt;init&gt;(Commands.java:5)
	at io.michaelcane.Calculator.&lt;init&gt;(Calculator.java:6)
	at io.michaelcane.Commands.&lt;init&gt;(Commands.java:5)
	at io.michaelcane.Calculator.&lt;init&gt;(Calculator.java:6)
	at io.michaelcane.Commands.&lt;init&gt;(Commands.java:5)
	at io.michaelcane.Calculator.&lt;init&gt;(Calculator.java:6)
	at io.michaelcane.Commands.&lt;init&gt;(Commands.java:5)
	at io.michaelcane.Calculator.&lt;init&gt;(Calculator.java:6)
	at io.michaelcane.Commands.&lt;init&gt;(Commands.java:5)
	at io.michaelcane.Calculator.&lt;init&gt;(Calculator.java:6)
	at io.michaelcane.Commands.&lt;init&gt;(Commands.java:5)
	at io.michaelcane.Calculator.&lt;init&gt;(Calculator.java:6)
	at io.michaelcane.Commands.&lt;init&gt;(Commands.java:5)
	at io.michaelcane.Calculator.&lt;init&gt;(Calculator.java:6)
	at io.michaelcane.Commands.&lt;init&gt;(Commands.java:5)
	at io.michaelcane.Calculator.&lt;init&gt;(Calculator.java:6)
	at io.michaelcane.Commands.&lt;init&gt;(Commands.java:5)
	at io.michaelcane.Calculator.&lt;init&gt;(Calculator.java:6)
	at io.michaelcane.Commands.&lt;init&gt;(Commands.java:5)
	at io.michaelcane.Calculator.&lt;init&gt;(Calculator.java:6)
	at io.michaelcane.Commands.&lt;init&gt;(Commands.java:5)
	at io.michaelcane.Calculator.&lt;init&gt;(Calculator.java:6)
	at io.michaelcane.Commands.&lt;init&gt;(Commands.java:5)
	at io.michaelcane.Calculator.&lt;init&gt;(Calculator.java:6)
	at io.michaelcane.Commands.&lt;init&gt;(Commands.java:5)
	at io.michaelcane.Calculator.&lt;init&gt;(Calculator.java:6)
	at io.michaelcane.Commands.&lt;init&gt;(Commands.java:5)
	at io.michaelcane.Calculator.&lt;init&gt;(Calculator.java:6)
	at io.michaelcane.Commands.&lt;init&gt;(Commands.java:5)
	at io.michaelcane.Calculator.&lt;init&gt;(Calculator.java:6)
	at io.michaelcane.Commands.&lt;init&gt;(Commands.java:5)
	at io.michaelcane.Calculator.&lt;init&gt;(Calculator.java:6)
	at io.michaelcane.Commands.&lt;init&gt;(Commands.java:5)
	at io.michaelcane.Calculator.&lt;init&gt;(Calculator.java:6)
	at io.michaelcane.Commands.&lt;init&gt;(Commands.java:5)
	at io.michaelcane.Calculator.&lt;init&gt;(Calculator.java:6)
	at io.michaelcane.Commands.&lt;init&gt;(Commands.java:5)
	at io.michaelcane.Calculator.&lt;init&gt;(Calculator.java:6)
	at io.michaelcane.Commands.&lt;init&gt;(Commands.java:5)
	at io.michaelcane.Calculator.&lt;init&gt;(Calculator.java:6)
	at io.michaelcane.Commands.&lt;init&gt;(Commands.java:5)
	at io.michaelcane.Calculator.&lt;init&gt;(Calculator.java:6)
	at io.michaelcane.Commands.&lt;init&gt;(Commands.java:5)
	at io.michaelcane.Calculator.&lt;init&gt;(Calculator.java:6)
	at io.michaelcane.Commands.&lt;init&gt;(Commands.java:5)
	at io.michaelcane.Calculator.&lt;init&gt;(Calculator.java:6)
	at io.michaelcane.Commands.&lt;init&gt;(Commands.java:5)
	at io.michaelcane.Calculator.&lt;init&gt;(Calculator.java:6)
	at io.michaelcane.Commands.&lt;init&gt;(Commands.java:5)
	at io.michaelcane.Calculator.&lt;init&gt;(Calculator.java:6)
	at io.michaelcane.Commands.&lt;init&gt;(Commands.java:5)
	at io.michaelcane.Calculator.&lt;init&gt;(Calculator.java:6)
	at io.michaelcane.Commands.&lt;init&gt;(Commands.java:5)
	at io.michaelcane.Calculator.&lt;init&gt;(Calculator.java:6)
	at io.michaelcane.Commands.&lt;init&gt;(Commands.java:5)
	at io.michaelcane.Calculator.&lt;init&gt;(Calculator.java:6)
	at io.michaelcane.Commands.&lt;init&gt;(Commands.java:5)
	at io.michaelcane.Calculator.&lt;init&gt;(Calculator.java:6)
	at io.michaelcane.Commands.&lt;init&gt;(Commands.java:5)
	at io.michaelcane.Calculator.&lt;init&gt;(Calculator.java:6)
	at io.michaelcane.Commands.&lt;init&gt;(Commands.java:5)
	at io.michaelcane.Calculator.&lt;init&gt;(Calculator.java:6)
	at io.michaelcane.Commands.&lt;init&gt;(Commands.java:5)
	at io.michaelcane.Calculator.&lt;init&gt;(Calculator.java:6)
	at io.michaelcane.Commands.&lt;init&gt;(Commands.java:5)
	at io.michaelcane.Calculator.&lt;init&gt;(Calculator.java:6)
	at io.michaelcane.Commands.&lt;init&gt;(Commands.java:5)
	at io.michaelcane.Calculator.&lt;init&gt;(Calculator.java:6)
	at io.michaelcane.Commands.&lt;init&gt;(Commands.java:5)
	at io.michaelcane.Calculator.&lt;init&gt;(Calculator.java:6)
	at io.michaelcane.Commands.&lt;init&gt;(Commands.java:5)
	at io.michaelcane.Calculator.&lt;init&gt;(Calculator.java:6)
	at io.michaelcane.Commands.&lt;init&gt;(Commands.java:5)
	at io.michaelcane.Calculator.&lt;init&gt;(Calculator.java:6)
	at io.michaelcane.Commands.&lt;init&gt;(Commands.java:5)
	at io.michaelcane.Calculator.&lt;init&gt;(Calculator.java:6)
	at io.michaelcane.Commands.&lt;init&gt;(Commands.java:5)
	at io.michaelcane.Calculator.&lt;init&gt;(Calculator.java:6)
	at io.michaelcane.Commands.&lt;init&gt;(Commands.java:5)
	at io.michaelcane.Calculator.&lt;init&gt;(Calculator.java:6)
	at io.michaelcane.Commands.&lt;init&gt;(Commands.java:5)
	at io.michaelcane.Calculator.&lt;init&gt;(Calculator.java:6)
	at io.michaelcane.Commands.&lt;init&gt;(Commands.java:5)
	at io.michaelcane.Calculator.&lt;init&gt;(Calculator.java:6)
	at io.michaelcane.Commands.&lt;init&gt;(Commands.java:5)
	at io.michaelcane.Calculator.&lt;init&gt;(Calculator.java:6)
	at io.michaelcane.Commands.&lt;init&gt;(Commands.java:5)
	at io.michaelcane.Calculator.&lt;init&gt;(Calculator.java:6)
	at io.michaelcane.Commands.&lt;init&gt;(Commands.java:5)
	at io.michaelcane.Calculator.&lt;init&gt;(Calculator.java:6)
	at io.michaelcane.Commands.&lt;init&gt;(Commands.java:5)
	at io.michaelcane.Calculator.&lt;init&gt;(Calculator.java:6)
	at io.michaelcane.Commands.&lt;init&gt;(Commands.java:5)
	at io.michaelcane.Calculator.&lt;init&gt;(Calculator.java:6)
	at io.michaelcane.Commands.&lt;init&gt;(Commands.java:5)
	at io.michaelcane.Calculator.&lt;init&gt;(Calculator.java:6)
	at io.michaelcane.Commands.&lt;init&gt;(Commands.java:5)
	at io.michaelcane.Calculator.&lt;init&gt;(Calculator.java:6)
	at io.michaelcane.Commands.&lt;init&gt;(Commands.java:5)
	at io.michaelcane.Calculator.&lt;init&gt;(Calculator.java:6)
	at io.michaelcane.Commands.&lt;init&gt;(Commands.java:5)
	at io.michaelcane.Calculator.&lt;init&gt;(Calculator.java:6)
	at io.michaelcane.Commands.&lt;init&gt;(Commands.java:5)
	at io.michaelcane.Calculator.&lt;init&gt;(Calculator.java:6)
	at io.michaelcane.Commands.&lt;init&gt;(Commands.java:5)
	at io.michaelcane.Calculator.&lt;init&gt;(Calculator.java:6)
	at io.michaelcane.Commands.&lt;init&gt;(Commands.java:5)
	at io.michaelcane.Calculator.&lt;init&gt;(Calculator.java:6)
	at io.michaelcane.Commands.&lt;init&gt;(Commands.java:5)
	at io.michaelcane.Calculator.&lt;init&gt;(Calculator.java:6)
	at io.michaelcane.Commands.&lt;init&gt;(Commands.java:5)
	at io.michaelcane.Calculator.&lt;init&gt;(Calculator.java:6)
	at io.michaelcane.Commands.&lt;init&gt;(Commands.java:5)
	at io.michaelcane.Calculator.&lt;init&gt;(Calculator.java:6)
	at io.michaelcane.Commands.&lt;init&gt;(Commands.java:5)
	at io.michaelcane.Calculator.&lt;init&gt;(Calculator.java:6)
	at io.michaelcane.Commands.&lt;init&gt;(Commands.java:5)
	at io.michaelcane.Calculator.&lt;init&gt;(Calculator.java:6)
	at io.michaelcane.Commands.&lt;init&gt;(Commands.java:5)
	at io.michaelcane.Calculator.&lt;init&gt;(Calculator.java:6)
	at io.michaelcane.Commands.&lt;init&gt;(Commands.java:5)
	at io.michaelcane.Calculator.&lt;init&gt;(Calculator.java:6)
	at io.michaelcane.Commands.&lt;init&gt;(Commands.java:5)
	at io.michaelcane.Calculator.&lt;init&gt;(Calculator.java:6)
	at io.michaelcane.Commands.&lt;init&gt;(Commands.java:5)
	at io.michaelcane.Calculator.&lt;init&gt;(Calculator.java:6)
	at io.michaelcane.Commands.&lt;init&gt;(Commands.java:5)
	at io.michaelcane.Calculator.&lt;init&gt;(Calculator.java:6)
	at io.michaelcane.Commands.&lt;init&gt;(Commands.java:5)
	at io.michaelcane.Calculator.&lt;init&gt;(Calculator.java:6)
	at io.michaelcane.Commands.&lt;init&gt;(Commands.java:5)
	at io.michaelcane.Calculator.&lt;init&gt;(Calculator.java:6)
	at io.michaelcane.Commands.&lt;init&gt;(Commands.java:5)
	at io.michaelcane.Calculator.&lt;init&gt;(Calculator.java:6)
	at io.michaelcane.Commands.&lt;init&gt;(Commands.java:5)
	at io.michaelcane.Calculator.&lt;init&gt;(Calculator.java:6)
	at io.michaelcane.Commands.&lt;init&gt;(Commands.java:5)
	at io.michaelcane.Calculator.&lt;init&gt;(Calculator.java:6)
	at io.michaelcane.Commands.&lt;init&gt;(Commands.java:5)
	at io.michaelcane.Calculator.&lt;init&gt;(Calculator.java:6)
	at io.michaelcane.Commands.&lt;init&gt;(Commands.java:5)
	at io.michaelcane.Calculator.&lt;init&gt;(Calculator.java:6)
	at io.michaelcane.Commands.&lt;init&gt;(Commands.java:5)
	at io.michaelcane.Calculator.&lt;init&gt;(Calculator.java:6)
	at io.michaelcane.Commands.&lt;init&gt;(Commands.java:5)
	at io.michaelcane.Calculator.&lt;init&gt;(Calculator.java:6)
	at io.michaelcane.Commands.&lt;init&gt;(Commands.java:5)
	at io.michaelcane.Calculator.&lt;init&gt;(Calculator.java:6)
	at io.michaelcane.Commands.&lt;init&gt;(Commands.java:5)
	at io.michaelcane.Calculator.&lt;init&gt;(Calculator.java:6)
	at io.michaelcane.Commands.&lt;init&gt;(Commands.java:5)
	at io.michaelcane.Calculator.&lt;init&gt;(Calculator.java:6)
	at io.michaelcane.Commands.&lt;init&gt;(Commands.java:5)
	at io.michaelcane.Calculator.&lt;init&gt;(Calculator.java:6)
	at io.michaelcane.Commands.&lt;init&gt;(Commands.java:5)
	at io.michaelcane.Calculator.&lt;init&gt;(Calculator.java:6)
	at io.michaelcane.Commands.&lt;init&gt;(Commands.java:5)
	at io.michaelcane.Calculator.&lt;init&gt;(Calculator.java:6)
	at io.michaelcane.Commands.&lt;init&gt;(Commands.java:5)
	at io.michaelcane.Calculator.&lt;init&gt;(Calculator.java:6)
	at io.michaelcane.Commands.&lt;init&gt;(Commands.java:5)
	at io.michaelcane.Calculator.&lt;init&gt;(Calculator.java:6)
	at io.michaelcane.Commands.&lt;init&gt;(Commands.java:5)
	at io.michaelcane.Calculator.&lt;init&gt;(Calculator.java:6)
	at io.michaelcane.Commands.&lt;init&gt;(Commands.java:5)
	at io.michaelcane.Calculator.&lt;init&gt;(Calculator.java:6)
	at io.michaelcane.Commands.&lt;init&gt;(Commands.java:5)
	at io.michaelcane.Calculator.&lt;init&gt;(Calculator.java:6)
	at io.michaelcane.Commands.&lt;init&gt;(Commands.java:5)
	at io.michaelcane.Calculator.&lt;init&gt;(Calculator.java:6)
	at io.michaelcane.Commands.&lt;init&gt;(Commands.java:5)
	at io.michaelcane.Calculator.&lt;init&gt;(Calculator.java:6)
	at io.michaelcane.Commands.&lt;init&gt;(Commands.java:5)
	at io.michaelcane.Calculator.&lt;init&gt;(Calculator.java:6)
	at io.michaelcane.Commands.&lt;init&gt;(Commands.java:5)
	at io.michaelcane.Calculator.&lt;init&gt;(Calculator.java:6)
	at io.michaelcane.Commands.&lt;init&gt;(Commands.java:5)
	at io.michaelcane.Calculator.&lt;init&gt;(Calculator.java:6)
	at io.michaelcane.Commands.&lt;init&gt;(Commands.java:5)
	at io.michaelcane.Calculator.&lt;init&gt;(Calculator.java:6)
	at io.michaelcane.Commands.&lt;init&gt;(Commands.java:5)
	at io.michaelcane.Calculator.&lt;init&gt;(Calculator.java:6)
	at io.michaelcane.Commands.&lt;init&gt;(Commands.java:5)
	at io.michaelcane.Calculator.&lt;init&gt;(Calculator.java:6)
	at io.michaelcane.Commands.&lt;init&gt;(Commands.java:5)
	at io.michaelcane.Calculator.&lt;init&gt;(Calculator.java:6)
	at io.michaelcane.Commands.&lt;init&gt;(Commands.java:5)
	at io.michaelcane.Calculator.&lt;init&gt;(Calculator.java:6)
	at io.michaelcane.Commands.&lt;init&gt;(Commands.java:5)
	at io.michaelcane.Calculator.&lt;init&gt;(Calculator.java:6)
	at io.michaelcane.Commands.&lt;init&gt;(Commands.java:5)
	at io.michaelcane.Calculator.&lt;init&gt;(Calculator.java:6)
	at io.michaelcane.Commands.&lt;init&gt;(Commands.java:5)
	at io.michaelcane.Calculator.&lt;init&gt;(Calculator.java:6)
	at io.michaelcane.Commands.&lt;init&gt;(Commands.java:5)
	at io.michaelcane.Calculator.&lt;init&gt;(Calculator.java:6)
	at io.michaelcane.Commands.&lt;init&gt;(Commands.java:5)
	at io.michaelcane.Calculator.&lt;init&gt;(Calculator.java:6)
	at io.michaelcane.Commands.&lt;init&gt;(Commands.java:5)
	at io.michaelcane.Calculator.&lt;init&gt;(Calculator.java:6)
	at io.michaelcane.Commands.&lt;init&gt;(Commands.java:5)
	at io.michaelcane.Calculator.&lt;init&gt;(Calculator.java:6)
	at io.michaelcane.Commands.&lt;init&gt;(Commands.java:5)
	at io.michaelcane.Calculator.&lt;init&gt;(Calculator.java:6)
	at io.michaelcane.Commands.&lt;init&gt;(Commands.java:5)
	at io.michaelcane.Calculator.&lt;init&gt;(Calculator.java:6)
	at io.michaelcane.Commands.&lt;init&gt;(Commands.java:5)
	at io.michaelcane.Calculator.&lt;init&gt;(Calculator.java:6)
	at io.michaelcane.Commands.&lt;init&gt;(Commands.java:5)
	at io.michaelcane.Calculator.&lt;init&gt;(Calculator.java:6)
	at io.michaelcane.Commands.&lt;init&gt;(Commands.java:5)
	at io.michaelcane.Calculator.&lt;init&gt;(Calculator.java:6)
	at io.michaelcane.Commands.&lt;init&gt;(Commands.java:5)
	at io.michaelcane.Calculator.&lt;init&gt;(Calculator.java:6)
	at io.michaelcane.Commands.&lt;init&gt;(Commands.java:5)
	at io.michaelcane.Calculator.&lt;init&gt;(Calculator.java:6)
	at io.michaelcane.Commands.&lt;init&gt;(Commands.java:5)
	at io.michaelcane.Calculator.&lt;init&gt;(Calculator.java:6)
	at io.michaelcane.Commands.&lt;init&gt;(Commands.java:5)
	at io.michaelcane.Calculator.&lt;init&gt;(Calculator.java:6)
	at io.michaelcane.Commands.&lt;init&gt;(Commands.java:5)
	at io.michaelcane.Calculator.&lt;init&gt;(Calculator.java:6)
	at io.michaelcane.Commands.&lt;init&gt;(Commands.java:5)
	at io.michaelcane.Calculator.&lt;init&gt;(Calculator.java:6)
	at io.michaelcane.Commands.&lt;init&gt;(Commands.java:5)
	at io.michaelcane.Calculator.&lt;init&gt;(Calculator.java:6)
	at io.michaelcane.Commands.&lt;init&gt;(Commands.java:5)
	at io.michaelcane.Calculator.&lt;init&gt;(Calculator.java:6)
	at io.michaelcane.Commands.&lt;init&gt;(Commands.java:5)
	at io.michaelcane.Calculator.&lt;init&gt;(Calculator.java:6)
	at io.michaelcane.Commands.&lt;init&gt;(Commands.java:5)
	at io.michaelcane.Calculator.&lt;init&gt;(Calculator.java:6)
	at io.michaelcane.Commands.&lt;init&gt;(Commands.java:5)
	at io.michaelcane.Calculator.&lt;init&gt;(Calculator.java:6)
	at io.michaelcane.Commands.&lt;init&gt;(Commands.java:5)
	at io.michaelcane.Calculator.&lt;init&gt;(Calculator.java:6)
	at io.michaelcane.Commands.&lt;init&gt;(Commands.java:5)
	at io.michaelcane.Calculator.&lt;init&gt;(Calculator.java:6)
	at io.michaelcane.Commands.&lt;init&gt;(Commands.java:5)
	at io.michaelcane.Calculator.&lt;init&gt;(Calculator.java:6)
	at io.michaelcane.Commands.&lt;init&gt;(Commands.java:5)
	at io.michaelcane.Calculator.&lt;init&gt;(Calculator.java:6)
	at io.michaelcane.Commands.&lt;init&gt;(Commands.java:5)
	at io.michaelcane.Calculator.&lt;init&gt;(Calculator.java:6)
	at io.michaelcane.Commands.&lt;init&gt;(Commands.java:5)
	at io.michaelcane.Calculator.&lt;init&gt;(Calculator.java:6)
	at io.michaelcane.Commands.&lt;init&gt;(Commands.java:5)
	at io.michaelcane.Calculator.&lt;init&gt;(Calculator.java:6)
	at io.michaelcane.Commands.&lt;init&gt;(Commands.java:5)
	at io.michaelcane.Calculator.&lt;init&gt;(Calculator.java:6)
	at io.michaelcane.Commands.&lt;init&gt;(Commands.java:5)
	at io.michaelcane.Calculator.&lt;init&gt;(Calculator.java:6)
	at io.michaelcane.Commands.&lt;init&gt;(Commands.java:5)
	at io.michaelcane.Calculator.&lt;init&gt;(Calculator.java:6)
	at io.michaelcane.Commands.&lt;init&gt;(Commands.java:5)
	at io.michaelcane.Calculator.&lt;init&gt;(Calculator.java:6)
	at io.michaelcane.Commands.&lt;init&gt;(Commands.java:5)
	at io.michaelcane.Calculator.&lt;init&gt;(Calculator.java:6)
	at io.michaelcane.Commands.&lt;init&gt;(Commands.java:5)
	at io.michaelcane.Calculator.&lt;init&gt;(Calculator.java:6)
	at io.michaelcane.Commands.&lt;init&gt;(Commands.java:5)
	at io.michaelcane.Calculator.&lt;init&gt;(Calculator.java:6)
	at io.michaelcane.Commands.&lt;init&gt;(Commands.java:5)
	at io.michaelcane.Calculator.&lt;init&gt;(Calculator.java:6)
	at io.michaelcane.Commands.&lt;init&gt;(Commands.java:5)
	at io.michaelcane.Calculator.&lt;init&gt;(Calculator.java:6)
	at io.michaelcane.Commands.&lt;init&gt;(Commands.java:5)
	at io.michaelcane.Calculator.&lt;init&gt;(Calculator.java:6)
	at io.michaelcane.Commands.&lt;init&gt;(Commands.java:5)
	at io.michaelcane.Calculator.&lt;init&gt;(Calculator.java:6)
	at io.michaelcane.Commands.&lt;init&gt;(Commands.java:5)
	at io.michaelcane.Calculator.&lt;init&gt;(Calculator.java:6)
	at io.michaelcane.Commands.&lt;init&gt;(Commands.java:5)
	at io.michaelcane.Calculator.&lt;init&gt;(Calculator.java:6)
	at io.michaelcane.Commands.&lt;init&gt;(Commands.java:5)
	at io.michaelcane.Calculator.&lt;init&gt;(Calculator.java:6)
	at io.michaelcane.Commands.&lt;init&gt;(Commands.java:5)
	at io.michaelcane.Calculator.&lt;init&gt;(Calculator.java:6)
	at io.michaelcane.Commands.&lt;init&gt;(Commands.java:5)
	at io.michaelcane.Calculator.&lt;init&gt;(Calculator.java:6)
	at io.michaelcane.Commands.&lt;init&gt;(Commands.java:5)
	at io.michaelcane.Calculator.&lt;init&gt;(Calculator.java:6)
	at io.michaelcane.Commands.&lt;init&gt;(Commands.java:5)
	at io.michaelcane.Calculator.&lt;init&gt;(Calculator.java:6)
	at io.michaelcane.Commands.&lt;init&gt;(Commands.java:5)
	at io.michaelcane.Calculator.&lt;init&gt;(Calculator.java:6)
	at io.michaelcane.Commands.&lt;init&gt;(Commands.java:5)
	at io.michaelcane.Calculator.&lt;init&gt;(Calculator.java:6)
	at io.michaelcane.Commands.&lt;init&gt;(Commands.java:5)
	at io.michaelcane.Calculator.&lt;init&gt;(Calculator.java:6)
	at io.michaelcane.Commands.&lt;init&gt;(Commands.java:5)
	at io.michaelcane.Calculator.&lt;init&gt;(Calculator.java:6)
	at io.michaelcane.Commands.&lt;init&gt;(Commands.java:5)
	at io.michaelcane.Calculator.&lt;init&gt;(Calculator.java:6)
	at io.michaelcane.Commands.&lt;init&gt;(Commands.java:5)
	at io.michaelcane.Calculator.&lt;init&gt;(Calculator.java:6)
	at io.michaelcane.Commands.&lt;init&gt;(Commands.java:5)
	at io.michaelcane.Calculator.&lt;init&gt;(Calculator.java:6)
	at io.michaelcane.Commands.&lt;init&gt;(Commands.java:5)
	at io.michaelcane.Calculator.&lt;init&gt;(Calculator.java:6)
	at io.michaelcane.Commands.&lt;init&gt;(Commands.java:5)
	at io.michaelcane.Calculator.&lt;init&gt;(Calculator.java:6)
	at io.michaelcane.Commands.&lt;init&gt;(Commands.java:5)
	at io.michaelcane.Calculator.&lt;init&gt;(Calculator.java:6)
	at io.michaelcane.Commands.&lt;init&gt;(Commands.java:5)
	at io.michaelcane.Calculator.&lt;init&gt;(Calculator.java:6)
	at io.michaelcane.Commands.&lt;init&gt;(Commands.java:5)
	at io.michaelcane.Calculator.&lt;init&gt;(Calculator.java:6)
	at io.michaelcane.Commands.&lt;init&gt;(Commands.java:5)
	at io.michaelcane.Calculator.&lt;init&gt;(Calculator.java:6)
	at io.michaelcane.Commands.&lt;init&gt;(Commands.java:5)
	at io.michaelcane.Calculator.&lt;init&gt;(Calculator.java:6)
	at io.michaelcane.Commands.&lt;init&gt;(Commands.java:5)
	at io.michaelcane.Calculator.&lt;init&gt;(Calculator.java:6)
	at io.michaelcane.Commands.&lt;init&gt;(Commands.java:5)
	at io.michaelcane.Calculator.&lt;init&gt;(Calculator.java:6)
	at io.michaelcane.Commands.&lt;init&gt;(Commands.java:5)
	at io.michaelcane.Calculator.&lt;init&gt;(Calculator.java:6)
	at io.michaelcane.Commands.&lt;init&gt;(Commands.java:5)
	at io.michaelcane.Calculator.&lt;init&gt;(Calculator.java:6)
	at io.michaelcane.Commands.&lt;init&gt;(Commands.java:5)
	at io.michaelcane.Calculator.&lt;init&gt;(Calculator.java:6)
	at io.michaelcane.Commands.&lt;init&gt;(Commands.java:5)
	at io.michaelcane.Calculator.&lt;init&gt;(Calculator.java:6)
	at io.michaelcane.Commands.&lt;init&gt;(Commands.java:5)
	at io.michaelcane.Calculator.&lt;init&gt;(Calculator.java:6)
	at io.michaelcane.Commands.&lt;init&gt;(Commands.java:5)
	at io.michaelcane.Calculator.&lt;init&gt;(Calculator.java:6)
	at io.michaelcane.Commands.&lt;init&gt;(Commands.java:5)
	at io.michaelcane.Calculator.&lt;init&gt;(Calculator.java:6)
	at io.michaelcane.Commands.&lt;init&gt;(Commands.java:5)
	at io.michaelcane.Calculator.&lt;init&gt;(Calculator.java:6)
	at io.michaelcane.Commands.&lt;init&gt;(Commands.java:5)
	at io.michaelcane.Calculator.&lt;init&gt;(Calculator.java:6)
	at io.michaelcane.Commands.&lt;init&gt;(Commands.java:5)
	at io.michaelcane.Calculator.&lt;init&gt;(Calculator.java:6)
	at io.michaelcane.Commands.&lt;init&gt;(Commands.java:5)
	at io.michaelcane.Calculator.&lt;init&gt;(Calculator.java:6)
	at io.michaelcane.Commands.&lt;init&gt;(Commands.java:5)
	at io.michaelcane.Calculator.&lt;init&gt;(Calculator.java:6)
	at io.michaelcane.Commands.&lt;init&gt;(Commands.java:5)
	at io.michaelcane.Calculator.&lt;init&gt;(Calculator.java:6)
	at io.michaelcane.Commands.&lt;init&gt;(Commands.java:5)
	at io.michaelcane.Calculator.&lt;init&gt;(Calculator.java:6)
	at io.michaelcane.Commands.&lt;init&gt;(Commands.java:5)
	at io.michaelcane.Calculator.&lt;init&gt;(Calculator.java:6)
	at io.michaelcane.Commands.&lt;init&gt;(Commands.java:5)
	at io.michaelcane.Calculator.&lt;init&gt;(Calculator.java:6)
	at io.michaelcane.Commands.&lt;init&gt;(Commands.java:5)
	at io.michaelcane.Calculator.&lt;init&gt;(Calculator.java:6)
	at io.michaelcane.Commands.&lt;init&gt;(Commands.java:5)
	at io.michaelcane.Calculator.&lt;init&gt;(Calculator.java:6)
	at io.michaelcane.Commands.&lt;init&gt;(Commands.java:5)
	at io.michaelcane.Calculator.&lt;init&gt;(Calculator.java:6)
	at io.michaelcane.Commands.&lt;init&gt;(Commands.java:5)
	at io.michaelcane.Calculator.&lt;init&gt;(Calculator.java:6)
	at io.michaelcane.Commands.&lt;init&gt;(Commands.java:5)
	at io.michaelcane.Calculator.&lt;init&gt;(Calculator.java:6)
	at io.michaelcane.Commands.&lt;init&gt;(Commands.java:5)
	at io.michaelcane.Calculator.&lt;init&gt;(Calculator.java:6)
	at io.michaelcane.Commands.&lt;init&gt;(Commands.java:5)
	at io.michaelcane.Calculator.&lt;init&gt;(Calculator.java:6)
	at io.michaelcane.Commands.&lt;init&gt;(Commands.java:5)
	at io.michaelcane.Calculator.&lt;init&gt;(Calculator.java:6)
	at io.michaelcane.Commands.&lt;init&gt;(Commands.java:5)
	at io.michaelcane.Calculator.&lt;init&gt;(Calculator.java:6)
	at io.michaelcane.Commands.&lt;init&gt;(Commands.java:5)
	at io.michaelcane.Calculator.&lt;init&gt;(Calculator.java:6)
	at io.michaelcane.Commands.&lt;init&gt;(Commands.java:5)
	at io.michaelcane.Calculator.&lt;init&gt;(Calculator.java:6)
	at io.michaelcane.Commands.&lt;init&gt;(Commands.java:5)
	at io.michaelcane.Calculator.&lt;init&gt;(Calculator.java:6)
	at io.michaelcane.Commands.&lt;init&gt;(Commands.java:5)
	at io.michaelcane.Calculator.&lt;init&gt;(Calculator.java:6)
	at io.michaelcane.Commands.&lt;init&gt;(Commands.java:5)
	at io.michaelcane.Calculator.&lt;init&gt;(Calculator.java:6)
	at io.michaelcane.Commands.&lt;init&gt;(Commands.java:5)
	at io.michaelcane.Calculator.&lt;init&gt;(Calculator.java:6)
	at io.michaelcane.Commands.&lt;init&gt;(Commands.java:5)
	at io.michaelcane.Calculator.&lt;init&gt;(Calculator.java:6)
	at io.michaelcane.Commands.&lt;init&gt;(Commands.java:5)
	at io.michaelcane.Calculator.&lt;init&gt;(Calculator.java:6)
	at io.michaelcane.Commands.&lt;init&gt;(Commands.java:5)
	at io.michaelcane.Calculator.&lt;init&gt;(Calculator.java:6)
	at io.michaelcane.Commands.&lt;init&gt;(Commands.java:5)
	at io.michaelcane.Calculator.&lt;init&gt;(Calculator.java:6)
	at io.michaelcane.Commands.&lt;init&gt;(Commands.java:5)
	at io.michaelcane.Calculator.&lt;init&gt;(Calculator.java:6)
	at io.michaelcane.Commands.&lt;init&gt;(Commands.java:5)
	at io.michaelcane.Calculator.&lt;init&gt;(Calculator.java:6)
	at io.michaelcane.Commands.&lt;init&gt;(Commands.java:5)
	at io.michaelcane.Calculator.&lt;init&gt;(Calculator.java:6)
	at io.michaelcane.Commands.&lt;init&gt;(Commands.java:5)
	at io.michaelcane.Calculator.&lt;init&gt;(Calculator.java:6)
	at io.michaelcane.Commands.&lt;init&gt;(Commands.java:5)
	at io.michaelcane.Calculator.&lt;init&gt;(Calculator.java:6)
	at io.michaelcane.Commands.&lt;init&gt;(Commands.java:5)
	at io.michaelcane.Calculator.&lt;init&gt;(Calculator.java:6)
	at io.michaelcane.Commands.&lt;init&gt;(Commands.java:5)
	at io.michaelcane.Calculator.&lt;init&gt;(Calculator.java:6)
	at io.michaelcane.Commands.&lt;init&gt;(Commands.java:5)
	at io.michaelcane.Calculator.&lt;init&gt;(Calculator.java:6)
	at io.michaelcane.Commands.&lt;init&gt;(Commands.java:5)
	at io.michaelcane.Calculator.&lt;init&gt;(Calculator.java:6)
	at io.michaelcane.Commands.&lt;init&gt;(Commands.java:5)
	at io.michaelcane.Calculator.&lt;init&gt;(Calculator.java:6)
	at io.michaelcane.Commands.&lt;init&gt;(Commands.java:5)
	at io.michaelcane.Calculator.&lt;init&gt;(Calculator.java:6)
	at io.michaelcane.Commands.&lt;init&gt;(Commands.java:5)
	at io.michaelcane.Calculator.&lt;init&gt;(Calculator.java:6)
	at io.michaelcane.Commands.&lt;init&gt;(Commands.java:5)
	at io.michaelcane.Calculator.&lt;init&gt;(Calculator.java:6)
	at io.michaelcane.Commands.&lt;init&gt;(Commands.java:5)
	at io.michaelcane.Calculator.&lt;init&gt;(Calculator.java:6)
	at io.michaelcane.Commands.&lt;init&gt;(Commands.java:5)
	at io.michaelcane.Calculator.&lt;init&gt;(Calculator.java:6)
	at io.michaelcane.Commands.&lt;init&gt;(Commands.java:5)
	at io.michaelcane.Calculator.&lt;init&gt;(Calculator.java:6)
	at io.michaelcane.Commands.&lt;init&gt;(Commands.java:5)
	at io.michaelcane.Calculator.&lt;init&gt;(Calculator.java:6)
	at io.michaelcane.Commands.&lt;init&gt;(Commands.java:5)
	at io.michaelcane.Calculator.&lt;init&gt;(Calculator.java:6)
	at io.michaelcane.Commands.&lt;init&gt;(Commands.java:5)
	at io.michaelcane.Calculator.&lt;init&gt;(Calculator.java:6)
	at io.michaelcane.Commands.&lt;init&gt;(Commands.java:5)
	at io.michaelcane.Calculator.&lt;init&gt;(Calculator.java:6)
	at io.michaelcane.Commands.&lt;init&gt;(Commands.java:5)
	at io.michaelcane.Calculator.&lt;init&gt;(Calculator.java:6)
	at io.michaelcane.Commands.&lt;init&gt;(Commands.java:5)
	at io.michaelcane.Calculator.&lt;init&gt;(Calculator.java:6)
	at io.michaelcane.Commands.&lt;init&gt;(Commands.java:5)
	at io.michaelcane.Calculator.&lt;init&gt;(Calculator.java:6)
	at io.michaelcane.Commands.&lt;init&gt;(Commands.java:5)
	at io.michaelcane.Calculator.&lt;init&gt;(Calculator.java:6)
	at io.michaelcane.Commands.&lt;init&gt;(Commands.java:5)
	at io.michaelcane.Calculator.&lt;init&gt;(Calculator.java:6)
	at io.michaelcane.Commands.&lt;init&gt;(Commands.java:5)
	at io.michaelcane.Calculator.&lt;init&gt;(Calculator.java:6)
	at io.michaelcane.Commands.&lt;init&gt;(Commands.java:5)
	at io.michaelcane.Calculator.&lt;init&gt;(Calculator.java:6)
	at io.michaelcane.Commands.&lt;init&gt;(Commands.java:5)
	at io.michaelcane.Calculator.&lt;init&gt;(Calculator.java:6)
	at io.michaelcane.Commands.&lt;init&gt;(Commands.java:5)
	at io.michaelcane.Calculator.&lt;init&gt;(Calculator.java:6)
	at io.michaelcane.Commands.&lt;init&gt;(Commands.java:5)
	at io.michaelcane.Calculator.&lt;init&gt;(Calculator.java:6)
	at io.michaelcane.Commands.&lt;init&gt;(Commands.java:5)
	at io.michaelcane.Calculator.&lt;init&gt;(Calculator.java:6)
	at io.michaelcane.Commands.&lt;init&gt;(Commands.java:5)
	at io.michaelcane.Calculator.&lt;init&gt;(Calculator.java:6)
	at io.michaelcane.Commands.&lt;init&gt;(Commands.java:5)
	at io.michaelcane.Calculator.&lt;init&gt;(Calculator.java:6)
	at io.michaelcane.Commands.&lt;init&gt;(Commands.java:5)
	at io.michaelcane.Calculator.&lt;init&gt;(Calculator.java:6)
	at io.michaelcane.Commands.&lt;init&gt;(Commands.java:5)
	at io.michaelcane.Calculator.&lt;init&gt;(Calculator.java:6)
	at io.michaelcane.Commands.&lt;init&gt;(Commands.java:5)
	at io.michaelcane.Calculator.&lt;init&gt;(Calculator.java:6)
	at io.michaelcane.Commands.&lt;init&gt;(Commands.java:5)
	at io.michaelcane.Calculator.&lt;init&gt;(Calculator.java:6)
	at io.michaelcane.Commands.&lt;init&gt;(Commands.java:5)
	at io.michaelcane.Calculator.&lt;init&gt;(Calculator.java:6)
	at io.michaelcane.Commands.&lt;init&gt;(Commands.java:5)
	at io.michaelcane.Calculator.&lt;init&gt;(Calculator.java:6)
	at io.michaelcane.Commands.&lt;init&gt;(Commands.java:5)
	at io.michaelcane.Calculator.&lt;init&gt;(Calculator.java:6)
	at io.michaelcane.Commands.&lt;init&gt;(Commands.java:5)
	at io.michaelcane.Calculator.&lt;init&gt;(Calculator.java:6)
	at io.michaelcane.Commands.&lt;init&gt;(Commands.java:5)
	at io.michaelcane.Calculator.&lt;init&gt;(Calculator.java:6)
	at io.michaelcane.Commands.&lt;init&gt;(Commands.java:5)
	at io.michaelcane.Calculator.&lt;init&gt;(Calculator.java:6)
	at io.michaelcane.Commands.&lt;init&gt;(Commands.java:5)
	at io.michaelcane.Calculator.&lt;init&gt;(Calculator.java:6)
	at io.michaelcane.Commands.&lt;init&gt;(Commands.java:5)
	at io.michaelcane.Calculator.&lt;init&gt;(Calculator.java:6)
	at io.michaelcane.Commands.&lt;init&gt;(Commands.java:5)
	at io.michaelcane.Calculator.&lt;init&gt;(Calculator.java:6)
	at io.michaelcane.Commands.&lt;init&gt;(Commands.java:5)
	at io.michaelcane.Calculator.&lt;init&gt;(Calculator.java:6)
	at io.michaelcane.Commands.&lt;init&gt;(Commands.java:5)
	at io.michaelcane.Calculator.&lt;init&gt;(Calculator.java:6)
	at io.michaelcane.Commands.&lt;init&gt;(Commands.java:5)
	at io.michaelcane.Calculator.&lt;init&gt;(Calculator.java:6)
	at io.michaelcane.Commands.&lt;init&gt;(Commands.java:5)
	at io.michaelcane.Calculator.&lt;init&gt;(Calculator.java:6)
	at io.michaelcane.Commands.&lt;init&gt;(Commands.java:5)
	at io.michaelcane.Calculator.&lt;init&gt;(Calculator.java:6)
	at io.michaelcane.Commands.&lt;init&gt;(Commands.java:5)
	at io.michaelcane.Calculator.&lt;init&gt;(Calculator.java:6)
	at io.michaelcane.Commands.&lt;init&gt;(Commands.java:5)
	at io.michaelcane.Calculator.&lt;init&gt;(Calculator.java:6)
	at io.michaelcane.Commands.&lt;init&gt;(Commands.java:5)
	at io.michaelcane.Calculator.&lt;init&gt;(Calculator.java:6)
	at io.michaelcane.Commands.&lt;init&gt;(Commands.java:5)
	at io.michaelcane.Calculator.&lt;init&gt;(Calculator.java:6)
	at io.michaelcane.Commands.&lt;init&gt;(Commands.java:5)
	at io.michaelcane.Calculator.&lt;init&gt;(Calculator.java:6)
	at io.michaelcane.Commands.&lt;init&gt;(Commands.java:5)
	at io.michaelcane.Calculator.&lt;init&gt;(Calculator.java:6)
	at io.michaelcane.Commands.&lt;init&gt;(Commands.java:5)
	at io.michaelcane.Calculator.&lt;init&gt;(Calculator.java:6)
	at io.michaelcane.Commands.&lt;init&gt;(Commands.java:5)
	at io.michaelcane.Calculator.&lt;init&gt;(Calculator.java:6)
	at io.michaelcane.Commands.&lt;init&gt;(Commands.java:5)
	at io.michaelcane.Calculator.&lt;init&gt;(Calculator.java:6)
	at io.michaelcane.Commands.&lt;init&gt;(Commands.java:5)
	at io.michaelcane.Calculator.&lt;init&gt;(Calculator.java:6)
	at io.michaelcane.Commands.&lt;init&gt;(Commands.java:5)
	at io.michaelcane.Calculator.&lt;init&gt;(Calculator.java:6)
	at io.michaelcane.Commands.&lt;init&gt;(Commands.java:5)
	at io.michaelcane.Calculator.&lt;init&gt;(Calculator.java:6)
	at io.michaelcane.Commands.&lt;init&gt;(Commands.java:5)
	at io.michaelcane.Calculator.&lt;init&gt;(Calculator.java:6)
	at io.michaelcane.Commands.&lt;init&gt;(Commands.java:5)
	at io.michaelcane.Calculator.&lt;init&gt;(Calculator.java:6)
	at io.michaelcane.Commands.&lt;init&gt;(Commands.java:5)
	at io.michaelcane.Calculator.&lt;init&gt;(Calculator.java:6)
	at io.michaelcane.Commands.&lt;init&gt;(Commands.java:5)
	at io.michaelcane.Calculator.&lt;init&gt;(Calculator.java:6)
	at io.michaelcane.Commands.&lt;init&gt;(Commands.java:5)
	at io.michaelcane.Calculator.&lt;init&gt;(Calculator.java:6)
	at io.michaelcane.Commands.&lt;init&gt;(Commands.java:5)
	at io.michaelcane.Calculator.&lt;init&gt;(Calculator.java:6)
	at io.michaelcane.Commands.&lt;init&gt;(Commands.java:5)
	at io.michaelcane.Calculator.&lt;init&gt;(Calculator.java:6)
	at io.michaelcane.Commands.&lt;init&gt;(Commands.java:5)
	at io.michaelcane.Calculator.&lt;init&gt;(Calculator.java:6)
	at io.michaelcane.Commands.&lt;init&gt;(Commands.java:5)
	at io.michaelcane.Calculator.&lt;init&gt;(Calculator.java:6)
	at io.michaelcane.Commands.&lt;init&gt;(Commands.java:5)
	at io.michaelcane.Calculator.&lt;init&gt;(Calculator.java:6)
	at io.michaelcane.Commands.&lt;init&gt;(Commands.java:5)
	at io.michaelcane.Calculator.&lt;init&gt;(Calculator.java:6)
	at io.michaelcane.Commands.&lt;init&gt;(Commands.java:5)
	at io.michaelcane.Calculator.&lt;init&gt;(Calculator.java:6)
	at io.michaelcane.Commands.&lt;init&gt;(Commands.java:5)
	at io.michaelcane.Calculator.&lt;init&gt;(Calculator.java:6)
	at io.michaelcane.Commands.&lt;init&gt;(Commands.java:5)
	at io.michaelcane.Calculator.&lt;init&gt;(Calculator.java:6)
	at io.michaelcane.Commands.&lt;init&gt;(Commands.java:5)
	at io.michaelcane.Calculator.&lt;init&gt;(Calculator.java:6)
	at io.michaelcane.Commands.&lt;init&gt;(Commands.java:5)
	at io.michaelcane.Calculator.&lt;init&gt;(Calculator.java:6)
	at io.michaelcane.Commands.&lt;init&gt;(Commands.java:5)
	at io.michaelcane.Calculator.&lt;init&gt;(Calculator.java:6)
	at io.michaelcane.Commands.&lt;init&gt;(Commands.java:5)
	at io.michaelcane.Calculator.&lt;init&gt;(Calculator.java:6)
	at io.michaelcane.Commands.&lt;init&gt;(Commands.java:5)
	at io.michaelcane.Calculator.&lt;init&gt;(Calculator.java:6)
	at io.michaelcane.Commands.&lt;init&gt;(Commands.java:5)
	at io.michaelcane.Calculator.&lt;init&gt;(Calculator.java:6)
	at io.michaelcane.Commands.&lt;init&gt;(Commands.java:5)
	at io.michaelcane.Calculator.&lt;init&gt;(Calculator.java:6)
	at io.michaelcane.Commands.&lt;init&gt;(Commands.java:5)
	at io.michaelcane.Calculator.&lt;init&gt;(Calculator.java:6)
	at io.michaelcane.Commands.&lt;init&gt;(Commands.java:5)
	at io.michaelcane.Calculator.&lt;init&gt;(Calculator.java:6)
	at io.michaelcane.Commands.&lt;init&gt;(Commands.java:5)
</error>
  </testcase>
  <testcase classname="io.michaelcane.CalculatorSpec" name="test$subract" time="0.007">
    <error type="java.lang.StackOverflowError">java.lang.StackOverflowError
	at io.michaelcane.Calculator.&lt;init&gt;(Calculator.java:6)
	at io.michaelcane.Commands.&lt;init&gt;(Commands.java:5)
	at io.michaelcane.Calculator.&lt;init&gt;(Calculator.java:6)
	at io.michaelcane.Commands.&lt;init&gt;(Commands.java:5)
	at io.michaelcane.Calculator.&lt;init&gt;(Calculator.java:6)
	at io.michaelcane.Commands.&lt;init&gt;(Commands.java:5)
	at io.michaelcane.Calculator.&lt;init&gt;(Calculator.java:6)
	at io.michaelcane.Commands.&lt;init&gt;(Commands.java:5)
	at io.michaelcane.Calculator.&lt;init&gt;(Calculator.java:6)
	at io.michaelcane.Commands.&lt;init&gt;(Commands.java:5)
	at io.michaelcane.Calculator.&lt;init&gt;(Calculator.java:6)
	at io.michaelcane.Commands.&lt;init&gt;(Commands.java:5)
	at io.michaelcane.Calculator.&lt;init&gt;(Calculator.java:6)
	at io.michaelcane.Commands.&lt;init&gt;(Commands.java:5)
	at io.michaelcane.Calculator.&lt;init&gt;(Calculator.java:6)
	at io.michaelcane.Commands.&lt;init&gt;(Commands.java:5)
	at io.michaelcane.Calculator.&lt;init&gt;(Calculator.java:6)
	at io.michaelcane.Commands.&lt;init&gt;(Commands.java:5)
	at io.michaelcane.Calculator.&lt;init&gt;(Calculator.java:6)
	at io.michaelcane.Commands.&lt;init&gt;(Commands.java:5)
	at io.michaelcane.Calculator.&lt;init&gt;(Calculator.java:6)
	at io.michaelcane.Commands.&lt;init&gt;(Commands.java:5)
	at io.michaelcane.Calculator.&lt;init&gt;(Calculator.java:6)
	at io.michaelcane.Commands.&lt;init&gt;(Commands.java:5)
	at io.michaelcane.Calculator.&lt;init&gt;(Calculator.java:6)
	at io.michaelcane.Commands.&lt;init&gt;(Commands.java:5)
	at io.michaelcane.Calculator.&lt;init&gt;(Calculator.java:6)
	at io.michaelcane.Commands.&lt;init&gt;(Commands.java:5)
	at io.michaelcane.Calculator.&lt;init&gt;(Calculator.java:6)
	at io.michaelcane.Commands.&lt;init&gt;(Commands.java:5)
	at io.michaelcane.Calculator.&lt;init&gt;(Calculator.java:6)
	at io.michaelcane.Commands.&lt;init&gt;(Commands.java:5)
	at io.michaelcane.Calculator.&lt;init&gt;(Calculator.java:6)
	at io.michaelcane.Commands.&lt;init&gt;(Commands.java:5)
	at io.michaelcane.Calculator.&lt;init&gt;(Calculator.java:6)
	at io.michaelcane.Commands.&lt;init&gt;(Commands.java:5)
	at io.michaelcane.Calculator.&lt;init&gt;(Calculator.java:6)
	at io.michaelcane.Commands.&lt;init&gt;(Commands.java:5)
	at io.michaelcane.Calculator.&lt;init&gt;(Calculator.java:6)
	at io.michaelcane.Commands.&lt;init&gt;(Commands.java:5)
	at io.michaelcane.Calculator.&lt;init&gt;(Calculator.java:6)
	at io.michaelcane.Commands.&lt;init&gt;(Commands.java:5)
	at io.michaelcane.Calculator.&lt;init&gt;(Calculator.java:6)
	at io.michaelcane.Commands.&lt;init&gt;(Commands.java:5)
	at io.michaelcane.Calculator.&lt;init&gt;(Calculator.java:6)
	at io.michaelcane.Commands.&lt;init&gt;(Commands.java:5)
	at io.michaelcane.Calculator.&lt;init&gt;(Calculator.java:6)
	at io.michaelcane.Commands.&lt;init&gt;(Commands.java:5)
	at io.michaelcane.Calculator.&lt;init&gt;(Calculator.java:6)
	at io.michaelcane.Commands.&lt;init&gt;(Commands.java:5)
	at io.michaelcane.Calculator.&lt;init&gt;(Calculator.java:6)
	at io.michaelcane.Commands.&lt;init&gt;(Commands.java:5)
	at io.michaelcane.Calculator.&lt;init&gt;(Calculator.java:6)
	at io.michaelcane.Commands.&lt;init&gt;(Commands.java:5)
	at io.michaelcane.Calculator.&lt;init&gt;(Calculator.java:6)
	at io.michaelcane.Commands.&lt;init&gt;(Commands.java:5)
	at io.michaelcane.Calculator.&lt;init&gt;(Calculator.java:6)
	at io.michaelcane.Commands.&lt;init&gt;(Commands.java:5)
	at io.michaelcane.Calculator.&lt;init&gt;(Calculator.java:6)
	at io.michaelcane.Commands.&lt;init&gt;(Commands.java:5)
	at io.michaelcane.Calculator.&lt;init&gt;(Calculator.java:6)
	at io.michaelcane.Commands.&lt;init&gt;(Commands.java:5)
	at io.michaelcane.Calculator.&lt;init&gt;(Calculator.java:6)
	at io.michaelcane.Commands.&lt;init&gt;(Commands.java:5)
	at io.michaelcane.Calculator.&lt;init&gt;(Calculator.java:6)
	at io.michaelcane.Commands.&lt;init&gt;(Commands.java:5)
	at io.michaelcane.Calculator.&lt;init&gt;(Calculator.java:6)
	at io.michaelcane.Commands.&lt;init&gt;(Commands.java:5)
	at io.michaelcane.Calculator.&lt;init&gt;(Calculator.java:6)
	at io.michaelcane.Commands.&lt;init&gt;(Commands.java:5)
	at io.michaelcane.Calculator.&lt;init&gt;(Calculator.java:6)
	at io.michaelcane.Commands.&lt;init&gt;(Commands.java:5)
	at io.michaelcane.Calculator.&lt;init&gt;(Calculator.java:6)
	at io.michaelcane.Commands.&lt;init&gt;(Commands.java:5)
	at io.michaelcane.Calculator.&lt;init&gt;(Calculator.java:6)
	at io.michaelcane.Commands.&lt;init&gt;(Commands.java:5)
	at io.michaelcane.Calculator.&lt;init&gt;(Calculator.java:6)
	at io.michaelcane.Commands.&lt;init&gt;(Commands.java:5)
	at io.michaelcane.Calculator.&lt;init&gt;(Calculator.java:6)
	at io.michaelcane.Commands.&lt;init&gt;(Commands.java:5)
	at io.michaelcane.Calculator.&lt;init&gt;(Calculator.java:6)
	at io.michaelcane.Commands.&lt;init&gt;(Commands.java:5)
	at io.michaelcane.Calculator.&lt;init&gt;(Calculator.java:6)
	at io.michaelcane.Commands.&lt;init&gt;(Commands.java:5)
	at io.michaelcane.Calculator.&lt;init&gt;(Calculator.java:6)
	at io.michaelcane.Commands.&lt;init&gt;(Commands.java:5)
	at io.michaelcane.Calculator.&lt;init&gt;(Calculator.java:6)
	at io.michaelcane.Commands.&lt;init&gt;(Commands.java:5)
	at io.michaelcane.Calculator.&lt;init&gt;(Calculator.java:6)
	at io.michaelcane.Commands.&lt;init&gt;(Commands.java:5)
	at io.michaelcane.Calculator.&lt;init&gt;(Calculator.java:6)
	at io.michaelcane.Commands.&lt;init&gt;(Commands.java:5)
	at io.michaelcane.Calculator.&lt;init&gt;(Calculator.java:6)
	at io.michaelcane.Commands.&lt;init&gt;(Commands.java:5)
	at io.michaelcane.Calculator.&lt;init&gt;(Calculator.java:6)
	at io.michaelcane.Commands.&lt;init&gt;(Commands.java:5)
	at io.michaelcane.Calculator.&lt;init&gt;(Calculator.java:6)
	at io.michaelcane.Commands.&lt;init&gt;(Commands.java:5)
	at io.michaelcane.Calculator.&lt;init&gt;(Calculator.java:6)
	at io.michaelcane.Commands.&lt;init&gt;(Commands.java:5)
	at io.michaelcane.Calculator.&lt;init&gt;(Calculator.java:6)
	at io.michaelcane.Commands.&lt;init&gt;(Commands.java:5)
	at io.michaelcane.Calculator.&lt;init&gt;(Calculator.java:6)
	at io.michaelcane.Commands.&lt;init&gt;(Commands.java:5)
	at io.michaelcane.Calculator.&lt;init&gt;(Calculator.java:6)
	at io.michaelcane.Commands.&lt;init&gt;(Commands.java:5)
	at io.michaelcane.Calculator.&lt;init&gt;(Calculator.java:6)
	at io.michaelcane.Commands.&lt;init&gt;(Commands.java:5)
	at io.michaelcane.Calculator.&lt;init&gt;(Calculator.java:6)
	at io.michaelcane.Commands.&lt;init&gt;(Commands.java:5)
	at io.michaelcane.Calculator.&lt;init&gt;(Calculator.java:6)
	at io.michaelcane.Commands.&lt;init&gt;(Commands.java:5)
	at io.michaelcane.Calculator.&lt;init&gt;(Calculator.java:6)
	at io.michaelcane.Commands.&lt;init&gt;(Commands.java:5)
	at io.michaelcane.Calculator.&lt;init&gt;(Calculator.java:6)
	at io.michaelcane.Commands.&lt;init&gt;(Commands.java:5)
	at io.michaelcane.Calculator.&lt;init&gt;(Calculator.java:6)
	at io.michaelcane.Commands.&lt;init&gt;(Commands.java:5)
	at io.michaelcane.Calculator.&lt;init&gt;(Calculator.java:6)
	at io.michaelcane.Commands.&lt;init&gt;(Commands.java:5)
	at io.michaelcane.Calculator.&lt;init&gt;(Calculator.java:6)
	at io.michaelcane.Commands.&lt;init&gt;(Commands.java:5)
	at io.michaelcane.Calculator.&lt;init&gt;(Calculator.java:6)
	at io.michaelcane.Commands.&lt;init&gt;(Commands.java:5)
	at io.michaelcane.Calculator.&lt;init&gt;(Calculator.java:6)
	at io.michaelcane.Commands.&lt;init&gt;(Commands.java:5)
	at io.michaelcane.Calculator.&lt;init&gt;(Calculator.java:6)
	at io.michaelcane.Commands.&lt;init&gt;(Commands.java:5)
	at io.michaelcane.Calculator.&lt;init&gt;(Calculator.java:6)
	at io.michaelcane.Commands.&lt;init&gt;(Commands.java:5)
	at io.michaelcane.Calculator.&lt;init&gt;(Calculator.java:6)
	at io.michaelcane.Commands.&lt;init&gt;(Commands.java:5)
	at io.michaelcane.Calculator.&lt;init&gt;(Calculator.java:6)
	at io.michaelcane.Commands.&lt;init&gt;(Commands.java:5)
	at io.michaelcane.Calculator.&lt;init&gt;(Calculator.java:6)
	at io.michaelcane.Commands.&lt;init&gt;(Commands.java:5)
	at io.michaelcane.Calculator.&lt;init&gt;(Calculator.java:6)
	at io.michaelcane.Commands.&lt;init&gt;(Commands.java:5)
	at io.michaelcane.Calculator.&lt;init&gt;(Calculator.java:6)
	at io.michaelcane.Commands.&lt;init&gt;(Commands.java:5)
	at io.michaelcane.Calculator.&lt;init&gt;(Calculator.java:6)
	at io.michaelcane.Commands.&lt;init&gt;(Commands.java:5)
	at io.michaelcane.Calculator.&lt;init&gt;(Calculator.java:6)
	at io.michaelcane.Commands.&lt;init&gt;(Commands.java:5)
	at io.michaelcane.Calculator.&lt;init&gt;(Calculator.java:6)
	at io.michaelcane.Commands.&lt;init&gt;(Commands.java:5)
	at io.michaelcane.Calculator.&lt;init&gt;(Calculator.java:6)
	at io.michaelcane.Commands.&lt;init&gt;(Commands.java:5)
	at io.michaelcane.Calculator.&lt;init&gt;(Calculator.java:6)
	at io.michaelcane.Commands.&lt;init&gt;(Commands.java:5)
	at io.michaelcane.Calculator.&lt;init&gt;(Calculator.java:6)
	at io.michaelcane.Commands.&lt;init&gt;(Commands.java:5)
	at io.michaelcane.Calculator.&lt;init&gt;(Calculator.java:6)
	at io.michaelcane.Commands.&lt;init&gt;(Commands.java:5)
	at io.michaelcane.Calculator.&lt;init&gt;(Calculator.java:6)
	at io.michaelcane.Commands.&lt;init&gt;(Commands.java:5)
	at io.michaelcane.Calculator.&lt;init&gt;(Calculator.java:6)
	at io.michaelcane.Commands.&lt;init&gt;(Commands.java:5)
	at io.michaelcane.Calculator.&lt;init&gt;(Calculator.java:6)
	at io.michaelcane.Commands.&lt;init&gt;(Commands.java:5)
	at io.michaelcane.Calculator.&lt;init&gt;(Calculator.java:6)
	at io.michaelcane.Commands.&lt;init&gt;(Commands.java:5)
	at io.michaelcane.Calculator.&lt;init&gt;(Calculator.java:6)
	at io.michaelcane.Commands.&lt;init&gt;(Commands.java:5)
	at io.michaelcane.Calculator.&lt;init&gt;(Calculator.java:6)
	at io.michaelcane.Commands.&lt;init&gt;(Commands.java:5)
	at io.michaelcane.Calculator.&lt;init&gt;(Calculator.java:6)
	at io.michaelcane.Commands.&lt;init&gt;(Commands.java:5)
	at io.michaelcane.Calculator.&lt;init&gt;(Calculator.java:6)
	at io.michaelcane.Commands.&lt;init&gt;(Commands.java:5)
	at io.michaelcane.Calculator.&lt;init&gt;(Calculator.java:6)
	at io.michaelcane.Commands.&lt;init&gt;(Commands.java:5)
	at io.michaelcane.Calculator.&lt;init&gt;(Calculator.java:6)
	at io.michaelcane.Commands.&lt;init&gt;(Commands.java:5)
	at io.michaelcane.Calculator.&lt;init&gt;(Calculator.java:6)
	at io.michaelcane.Commands.&lt;init&gt;(Commands.java:5)
	at io.michaelcane.Calculator.&lt;init&gt;(Calculator.java:6)
	at io.michaelcane.Commands.&lt;init&gt;(Commands.java:5)
	at io.michaelcane.Calculator.&lt;init&gt;(Calculator.java:6)
	at io.michaelcane.Commands.&lt;init&gt;(Commands.java:5)
	at io.michaelcane.Calculator.&lt;init&gt;(Calculator.java:6)
	at io.michaelcane.Commands.&lt;init&gt;(Commands.java:5)
	at io.michaelcane.Calculator.&lt;init&gt;(Calculator.java:6)
	at io.michaelcane.Commands.&lt;init&gt;(Commands.java:5)
	at io.michaelcane.Calculator.&lt;init&gt;(Calculator.java:6)
	at io.michaelcane.Commands.&lt;init&gt;(Commands.java:5)
	at io.michaelcane.Calculator.&lt;init&gt;(Calculator.java:6)
	at io.michaelcane.Commands.&lt;init&gt;(Commands.java:5)
	at io.michaelcane.Calculator.&lt;init&gt;(Calculator.java:6)
	at io.michaelcane.Commands.&lt;init&gt;(Commands.java:5)
	at io.michaelcane.Calculator.&lt;init&gt;(Calculator.java:6)
	at io.michaelcane.Commands.&lt;init&gt;(Commands.java:5)
	at io.michaelcane.Calculator.&lt;init&gt;(Calculator.java:6)
	at io.michaelcane.Commands.&lt;init&gt;(Commands.java:5)
	at io.michaelcane.Calculator.&lt;init&gt;(Calculator.java:6)
	at io.michaelcane.Commands.&lt;init&gt;(Commands.java:5)
	at io.michaelcane.Calculator.&lt;init&gt;(Calculator.java:6)
	at io.michaelcane.Commands.&lt;init&gt;(Commands.java:5)
	at io.michaelcane.Calculator.&lt;init&gt;(Calculator.java:6)
	at io.michaelcane.Commands.&lt;init&gt;(Commands.java:5)
	at io.michaelcane.Calculator.&lt;init&gt;(Calculator.java:6)
	at io.michaelcane.Commands.&lt;init&gt;(Commands.java:5)
	at io.michaelcane.Calculator.&lt;init&gt;(Calculator.java:6)
	at io.michaelcane.Commands.&lt;init&gt;(Commands.java:5)
	at io.michaelcane.Calculator.&lt;init&gt;(Calculator.java:6)
	at io.michaelcane.Commands.&lt;init&gt;(Commands.java:5)
	at io.michaelcane.Calculator.&lt;init&gt;(Calculator.java:6)
	at io.michaelcane.Commands.&lt;init&gt;(Commands.java:5)
	at io.michaelcane.Calculator.&lt;init&gt;(Calculator.java:6)
	at io.michaelcane.Commands.&lt;init&gt;(Commands.java:5)
	at io.michaelcane.Calculator.&lt;init&gt;(Calculator.java:6)
	at io.michaelcane.Commands.&lt;init&gt;(Commands.java:5)
	at io.michaelcane.Calculator.&lt;init&gt;(Calculator.java:6)
	at io.michaelcane.Commands.&lt;init&gt;(Commands.java:5)
	at io.michaelcane.Calculator.&lt;init&gt;(Calculator.java:6)
	at io.michaelcane.Commands.&lt;init&gt;(Commands.java:5)
	at io.michaelcane.Calculator.&lt;init&gt;(Calculator.java:6)
	at io.michaelcane.Commands.&lt;init&gt;(Commands.java:5)
	at io.michaelcane.Calculator.&lt;init&gt;(Calculator.java:6)
	at io.michaelcane.Commands.&lt;init&gt;(Commands.java:5)
	at io.michaelcane.Calculator.&lt;init&gt;(Calculator.java:6)
	at io.michaelcane.Commands.&lt;init&gt;(Commands.java:5)
	at io.michaelcane.Calculator.&lt;init&gt;(Calculator.java:6)
	at io.michaelcane.Commands.&lt;init&gt;(Commands.java:5)
	at io.michaelcane.Calculator.&lt;init&gt;(Calculator.java:6)
	at io.michaelcane.Commands.&lt;init&gt;(Commands.java:5)
	at io.michaelcane.Calculator.&lt;init&gt;(Calculator.java:6)
	at io.michaelcane.Commands.&lt;init&gt;(Commands.java:5)
	at io.michaelcane.Calculator.&lt;init&gt;(Calculator.java:6)
	at io.michaelcane.Commands.&lt;init&gt;(Commands.java:5)
	at io.michaelcane.Calculator.&lt;init&gt;(Calculator.java:6)
	at io.michaelcane.Commands.&lt;init&gt;(Commands.java:5)
	at io.michaelcane.Calculator.&lt;init&gt;(Calculator.java:6)
	at io.michaelcane.Commands.&lt;init&gt;(Commands.java:5)
	at io.michaelcane.Calculator.&lt;init&gt;(Calculator.java:6)
	at io.michaelcane.Commands.&lt;init&gt;(Commands.java:5)
	at io.michaelcane.Calculator.&lt;init&gt;(Calculator.java:6)
	at io.michaelcane.Commands.&lt;init&gt;(Commands.java:5)
	at io.michaelcane.Calculator.&lt;init&gt;(Calculator.java:6)
	at io.michaelcane.Commands.&lt;init&gt;(Commands.java:5)
	at io.michaelcane.Calculator.&lt;init&gt;(Calculator.java:6)
	at io.michaelcane.Commands.&lt;init&gt;(Commands.java:5)
	at io.michaelcane.Calculator.&lt;init&gt;(Calculator.java:6)
	at io.michaelcane.Commands.&lt;init&gt;(Commands.java:5)
	at io.michaelcane.Calculator.&lt;init&gt;(Calculator.java:6)
	at io.michaelcane.Commands.&lt;init&gt;(Commands.java:5)
	at io.michaelcane.Calculator.&lt;init&gt;(Calculator.java:6)
	at io.michaelcane.Commands.&lt;init&gt;(Commands.java:5)
	at io.michaelcane.Calculator.&lt;init&gt;(Calculator.java:6)
	at io.michaelcane.Commands.&lt;init&gt;(Commands.java:5)
	at io.michaelcane.Calculator.&lt;init&gt;(Calculator.java:6)
	at io.michaelcane.Commands.&lt;init&gt;(Commands.java:5)
	at io.michaelcane.Calculator.&lt;init&gt;(Calculator.java:6)
	at io.michaelcane.Commands.&lt;init&gt;(Commands.java:5)
	at io.michaelcane.Calculator.&lt;init&gt;(Calculator.java:6)
	at io.michaelcane.Commands.&lt;init&gt;(Commands.java:5)
	at io.michaelcane.Calculator.&lt;init&gt;(Calculator.java:6)
	at io.michaelcane.Commands.&lt;init&gt;(Commands.java:5)
	at io.michaelcane.Calculator.&lt;init&gt;(Calculator.java:6)
	at io.michaelcane.Commands.&lt;init&gt;(Commands.java:5)
	at io.michaelcane.Calculator.&lt;init&gt;(Calculator.java:6)
	at io.michaelcane.Commands.&lt;init&gt;(Commands.java:5)
	at io.michaelcane.Calculator.&lt;init&gt;(Calculator.java:6)
	at io.michaelcane.Commands.&lt;init&gt;(Commands.java:5)
	at io.michaelcane.Calculator.&lt;init&gt;(Calculator.java:6)
	at io.michaelcane.Commands.&lt;init&gt;(Commands.java:5)
	at io.michaelcane.Calculator.&lt;init&gt;(Calculator.java:6)
	at io.michaelcane.Commands.&lt;init&gt;(Commands.java:5)
	at io.michaelcane.Calculator.&lt;init&gt;(Calculator.java:6)
	at io.michaelcane.Commands.&lt;init&gt;(Commands.java:5)
	at io.michaelcane.Calculator.&lt;init&gt;(Calculator.java:6)
	at io.michaelcane.Commands.&lt;init&gt;(Commands.java:5)
	at io.michaelcane.Calculator.&lt;init&gt;(Calculator.java:6)
	at io.michaelcane.Commands.&lt;init&gt;(Commands.java:5)
	at io.michaelcane.Calculator.&lt;init&gt;(Calculator.java:6)
	at io.michaelcane.Commands.&lt;init&gt;(Commands.java:5)
	at io.michaelcane.Calculator.&lt;init&gt;(Calculator.java:6)
	at io.michaelcane.Commands.&lt;init&gt;(Commands.java:5)
	at io.michaelcane.Calculator.&lt;init&gt;(Calculator.java:6)
	at io.michaelcane.Commands.&lt;init&gt;(Commands.java:5)
	at io.michaelcane.Calculator.&lt;init&gt;(Calculator.java:6)
	at io.michaelcane.Commands.&lt;init&gt;(Commands.java:5)
	at io.michaelcane.Calculator.&lt;init&gt;(Calculator.java:6)
	at io.michaelcane.Commands.&lt;init&gt;(Commands.java:5)
	at io.michaelcane.Calculator.&lt;init&gt;(Calculator.java:6)
	at io.michaelcane.Commands.&lt;init&gt;(Commands.java:5)
	at io.michaelcane.Calculator.&lt;init&gt;(Calculator.java:6)
	at io.michaelcane.Commands.&lt;init&gt;(Commands.java:5)
	at io.michaelcane.Calculator.&lt;init&gt;(Calculator.java:6)
	at io.michaelcane.Commands.&lt;init&gt;(Commands.java:5)
	at io.michaelcane.Calculator.&lt;init&gt;(Calculator.java:6)
	at io.michaelcane.Commands.&lt;init&gt;(Commands.java:5)
	at io.michaelcane.Calculator.&lt;init&gt;(Calculator.java:6)
	at io.michaelcane.Commands.&lt;init&gt;(Commands.java:5)
	at io.michaelcane.Calculator.&lt;init&gt;(Calculator.java:6)
	at io.michaelcane.Commands.&lt;init&gt;(Commands.java:5)
	at io.michaelcane.Calculator.&lt;init&gt;(Calculator.java:6)
	at io.michaelcane.Commands.&lt;init&gt;(Commands.java:5)
	at io.michaelcane.Calculator.&lt;init&gt;(Calculator.java:6)
	at io.michaelcane.Commands.&lt;init&gt;(Commands.java:5)
	at io.michaelcane.Calculator.&lt;init&gt;(Calculator.java:6)
	at io.michaelcane.Commands.&lt;init&gt;(Commands.java:5)
	at io.michaelcane.Calculator.&lt;init&gt;(Calculator.java:6)
	at io.michaelcane.Commands.&lt;init&gt;(Commands.java:5)
	at io.michaelcane.Calculator.&lt;init&gt;(Calculator.java:6)
	at io.michaelcane.Commands.&lt;init&gt;(Commands.java:5)
	at io.michaelcane.Calculator.&lt;init&gt;(Calculator.java:6)
	at io.michaelcane.Commands.&lt;init&gt;(Commands.java:5)
	at io.michaelcane.Calculator.&lt;init&gt;(Calculator.java:6)
	at io.michaelcane.Commands.&lt;init&gt;(Commands.java:5)
	at io.michaelcane.Calculator.&lt;init&gt;(Calculator.java:6)
	at io.michaelcane.Commands.&lt;init&gt;(Commands.java:5)
	at io.michaelcane.Calculator.&lt;init&gt;(Calculator.java:6)
	at io.michaelcane.Commands.&lt;init&gt;(Commands.java:5)
	at io.michaelcane.Calculator.&lt;init&gt;(Calculator.java:6)
	at io.michaelcane.Commands.&lt;init&gt;(Commands.java:5)
	at io.michaelcane.Calculator.&lt;init&gt;(Calculator.java:6)
	at io.michaelcane.Commands.&lt;init&gt;(Commands.java:5)
	at io.michaelcane.Calculator.&lt;init&gt;(Calculator.java:6)
	at io.michaelcane.Commands.&lt;init&gt;(Commands.java:5)
	at io.michaelcane.Calculator.&lt;init&gt;(Calculator.java:6)
	at io.michaelcane.Commands.&lt;init&gt;(Commands.java:5)
	at io.michaelcane.Calculator.&lt;init&gt;(Calculator.java:6)
	at io.michaelcane.Commands.&lt;init&gt;(Commands.java:5)
	at io.michaelcane.Calculator.&lt;init&gt;(Calculator.java:6)
	at io.michaelcane.Commands.&lt;init&gt;(Commands.java:5)
	at io.michaelcane.Calculator.&lt;init&gt;(Calculator.java:6)
	at io.michaelcane.Commands.&lt;init&gt;(Commands.java:5)
	at io.michaelcane.Calculator.&lt;init&gt;(Calculator.java:6)
	at io.michaelcane.Commands.&lt;init&gt;(Commands.java:5)
	at io.michaelcane.Calculator.&lt;init&gt;(Calculator.java:6)
	at io.michaelcane.Commands.&lt;init&gt;(Commands.java:5)
	at io.michaelcane.Calculator.&lt;init&gt;(Calculator.java:6)
	at io.michaelcane.Commands.&lt;init&gt;(Commands.java:5)
	at io.michaelcane.Calculator.&lt;init&gt;(Calculator.java:6)
	at io.michaelcane.Commands.&lt;init&gt;(Commands.java:5)
	at io.michaelcane.Calculator.&lt;init&gt;(Calculator.java:6)
	at io.michaelcane.Commands.&lt;init&gt;(Commands.java:5)
	at io.michaelcane.Calculator.&lt;init&gt;(Calculator.java:6)
	at io.michaelcane.Commands.&lt;init&gt;(Commands.java:5)
	at io.michaelcane.Calculator.&lt;init&gt;(Calculator.java:6)
	at io.michaelcane.Commands.&lt;init&gt;(Commands.java:5)
	at io.michaelcane.Calculator.&lt;init&gt;(Calculator.java:6)
	at io.michaelcane.Commands.&lt;init&gt;(Commands.java:5)
	at io.michaelcane.Calculator.&lt;init&gt;(Calculator.java:6)
	at io.michaelcane.Commands.&lt;init&gt;(Commands.java:5)
	at io.michaelcane.Calculator.&lt;init&gt;(Calculator.java:6)
	at io.michaelcane.Commands.&lt;init&gt;(Commands.java:5)
	at io.michaelcane.Calculator.&lt;init&gt;(Calculator.java:6)
	at io.michaelcane.Commands.&lt;init&gt;(Commands.java:5)
	at io.michaelcane.Calculator.&lt;init&gt;(Calculator.java:6)
	at io.michaelcane.Commands.&lt;init&gt;(Commands.java:5)
	at io.michaelcane.Calculator.&lt;init&gt;(Calculator.java:6)
	at io.michaelcane.Commands.&lt;init&gt;(Commands.java:5)
	at io.michaelcane.Calculator.&lt;init&gt;(Calculator.java:6)
	at io.michaelcane.Commands.&lt;init&gt;(Commands.java:5)
	at io.michaelcane.Calculator.&lt;init&gt;(Calculator.java:6)
	at io.michaelcane.Commands.&lt;init&gt;(Commands.java:5)
	at io.michaelcane.Calculator.&lt;init&gt;(Calculator.java:6)
	at io.michaelcane.Commands.&lt;init&gt;(Commands.java:5)
	at io.michaelcane.Calculator.&lt;init&gt;(Calculator.java:6)
	at io.michaelcane.Commands.&lt;init&gt;(Commands.java:5)
	at io.michaelcane.Calculator.&lt;init&gt;(Calculator.java:6)
	at io.michaelcane.Commands.&lt;init&gt;(Commands.java:5)
	at io.michaelcane.Calculator.&lt;init&gt;(Calculator.java:6)
	at io.michaelcane.Commands.&lt;init&gt;(Commands.java:5)
	at io.michaelcane.Calculator.&lt;init&gt;(Calculator.java:6)
	at io.michaelcane.Commands.&lt;init&gt;(Commands.java:5)
	at io.michaelcane.Calculator.&lt;init&gt;(Calculator.java:6)
	at io.michaelcane.Commands.&lt;init&gt;(Commands.java:5)
	at io.michaelcane.Calculator.&lt;init&gt;(Calculator.java:6)
	at io.michaelcane.Commands.&lt;init&gt;(Commands.java:5)
	at io.michaelcane.Calculator.&lt;init&gt;(Calculator.java:6)
	at io.michaelcane.Commands.&lt;init&gt;(Commands.java:5)
	at io.michaelcane.Calculator.&lt;init&gt;(Calculator.java:6)
	at io.michaelcane.Commands.&lt;init&gt;(Commands.java:5)
	at io.michaelcane.Calculator.&lt;init&gt;(Calculator.java:6)
	at io.michaelcane.Commands.&lt;init&gt;(Commands.java:5)
	at io.michaelcane.Calculator.&lt;init&gt;(Calculator.java:6)
	at io.michaelcane.Commands.&lt;init&gt;(Commands.java:5)
	at io.michaelcane.Calculator.&lt;init&gt;(Calculator.java:6)
	at io.michaelcane.Commands.&lt;init&gt;(Commands.java:5)
	at io.michaelcane.Calculator.&lt;init&gt;(Calculator.java:6)
	at io.michaelcane.Commands.&lt;init&gt;(Commands.java:5)
	at io.michaelcane.Calculator.&lt;init&gt;(Calculator.java:6)
	at io.michaelcane.Commands.&lt;init&gt;(Commands.java:5)
	at io.michaelcane.Calculator.&lt;init&gt;(Calculator.java:6)
	at io.michaelcane.Commands.&lt;init&gt;(Commands.java:5)
	at io.michaelcane.Calculator.&lt;init&gt;(Calculator.java:6)
	at io.michaelcane.Commands.&lt;init&gt;(Commands.java:5)
	at io.michaelcane.Calculator.&lt;init&gt;(Calculator.java:6)
	at io.michaelcane.Commands.&lt;init&gt;(Commands.java:5)
	at io.michaelcane.Calculator.&lt;init&gt;(Calculator.java:6)
	at io.michaelcane.Commands.&lt;init&gt;(Commands.java:5)
	at io.michaelcane.Calculator.&lt;init&gt;(Calculator.java:6)
	at io.michaelcane.Commands.&lt;init&gt;(Commands.java:5)
	at io.michaelcane.Calculator.&lt;init&gt;(Calculator.java:6)
	at io.michaelcane.Commands.&lt;init&gt;(Commands.java:5)
	at io.michaelcane.Calculator.&lt;init&gt;(Calculator.java:6)
	at io.michaelcane.Commands.&lt;init&gt;(Commands.java:5)
	at io.michaelcane.Calculator.&lt;init&gt;(Calculator.java:6)
	at io.michaelcane.Commands.&lt;init&gt;(Commands.java:5)
	at io.michaelcane.Calculator.&lt;init&gt;(Calculator.java:6)
	at io.michaelcane.Commands.&lt;init&gt;(Commands.java:5)
	at io.michaelcane.Calculator.&lt;init&gt;(Calculator.java:6)
	at io.michaelcane.Commands.&lt;init&gt;(Commands.java:5)
	at io.michaelcane.Calculator.&lt;init&gt;(Calculator.java:6)
	at io.michaelcane.Commands.&lt;init&gt;(Commands.java:5)
	at io.michaelcane.Calculator.&lt;init&gt;(Calculator.java:6)
	at io.michaelcane.Commands.&lt;init&gt;(Commands.java:5)
	at io.michaelcane.Calculator.&lt;init&gt;(Calculator.java:6)
	at io.michaelcane.Commands.&lt;init&gt;(Commands.java:5)
	at io.michaelcane.Calculator.&lt;init&gt;(Calculator.java:6)
	at io.michaelcane.Commands.&lt;init&gt;(Commands.java:5)
	at io.michaelcane.Calculator.&lt;init&gt;(Calculator.java:6)
	at io.michaelcane.Commands.&lt;init&gt;(Commands.java:5)
	at io.michaelcane.Calculator.&lt;init&gt;(Calculator.java:6)
	at io.michaelcane.Commands.&lt;init&gt;(Commands.java:5)
	at io.michaelcane.Calculator.&lt;init&gt;(Calculator.java:6)
	at io.michaelcane.Commands.&lt;init&gt;(Commands.java:5)
	at io.michaelcane.Calculator.&lt;init&gt;(Calculator.java:6)
	at io.michaelcane.Commands.&lt;init&gt;(Commands.java:5)
	at io.michaelcane.Calculator.&lt;init&gt;(Calculator.java:6)
	at io.michaelcane.Commands.&lt;init&gt;(Commands.java:5)
	at io.michaelcane.Calculator.&lt;init&gt;(Calculator.java:6)
	at io.michaelcane.Commands.&lt;init&gt;(Commands.java:5)
	at io.michaelcane.Calculator.&lt;init&gt;(Calculator.java:6)
	at io.michaelcane.Commands.&lt;init&gt;(Commands.java:5)
	at io.michaelcane.Calculator.&lt;init&gt;(Calculator.java:6)
	at io.michaelcane.Commands.&lt;init&gt;(Commands.java:5)
	at io.michaelcane.Calculator.&lt;init&gt;(Calculator.java:6)
	at io.michaelcane.Commands.&lt;init&gt;(Commands.java:5)
	at io.michaelcane.Calculator.&lt;init&gt;(Calculator.java:6)
	at io.michaelcane.Commands.&lt;init&gt;(Commands.java:5)
	at io.michaelcane.Calculator.&lt;init&gt;(Calculator.java:6)
	at io.michaelcane.Commands.&lt;init&gt;(Commands.java:5)
	at io.michaelcane.Calculator.&lt;init&gt;(Calculator.java:6)
	at io.michaelcane.Commands.&lt;init&gt;(Commands.java:5)
	at io.michaelcane.Calculator.&lt;init&gt;(Calculator.java:6)
	at io.michaelcane.Commands.&lt;init&gt;(Commands.java:5)
	at io.michaelcane.Calculator.&lt;init&gt;(Calculator.java:6)
	at io.michaelcane.Commands.&lt;init&gt;(Commands.java:5)
	at io.michaelcane.Calculator.&lt;init&gt;(Calculator.java:6)
	at io.michaelcane.Commands.&lt;init&gt;(Commands.java:5)
	at io.michaelcane.Calculator.&lt;init&gt;(Calculator.java:6)
	at io.michaelcane.Commands.&lt;init&gt;(Commands.java:5)
	at io.michaelcane.Calculator.&lt;init&gt;(Calculator.java:6)
	at io.michaelcane.Commands.&lt;init&gt;(Commands.java:5)
	at io.michaelcane.Calculator.&lt;init&gt;(Calculator.java:6)
	at io.michaelcane.Commands.&lt;init&gt;(Commands.java:5)
	at io.michaelcane.Calculator.&lt;init&gt;(Calculator.java:6)
	at io.michaelcane.Commands.&lt;init&gt;(Commands.java:5)
	at io.michaelcane.Calculator.&lt;init&gt;(Calculator.java:6)
	at io.michaelcane.Commands.&lt;init&gt;(Commands.java:5)
	at io.michaelcane.Calculator.&lt;init&gt;(Calculator.java:6)
	at io.michaelcane.Commands.&lt;init&gt;(Commands.java:5)
	at io.michaelcane.Calculator.&lt;init&gt;(Calculator.java:6)
	at io.michaelcane.Commands.&lt;init&gt;(Commands.java:5)
	at io.michaelcane.Calculator.&lt;init&gt;(Calculator.java:6)
	at io.michaelcane.Commands.&lt;init&gt;(Commands.java:5)
	at io.michaelcane.Calculator.&lt;init&gt;(Calculator.java:6)
	at io.michaelcane.Commands.&lt;init&gt;(Commands.java:5)
	at io.michaelcane.Calculator.&lt;init&gt;(Calculator.java:6)
	at io.michaelcane.Commands.&lt;init&gt;(Commands.java:5)
	at io.michaelcane.Calculator.&lt;init&gt;(Calculator.java:6)
	at io.michaelcane.Commands.&lt;init&gt;(Commands.java:5)
	at io.michaelcane.Calculator.&lt;init&gt;(Calculator.java:6)
	at io.michaelcane.Commands.&lt;init&gt;(Commands.java:5)
	at io.michaelcane.Calculator.&lt;init&gt;(Calculator.java:6)
	at io.michaelcane.Commands.&lt;init&gt;(Commands.java:5)
	at io.michaelcane.Calculator.&lt;init&gt;(Calculator.java:6)
	at io.michaelcane.Commands.&lt;init&gt;(Commands.java:5)
	at io.michaelcane.Calculator.&lt;init&gt;(Calculator.java:6)
	at io.michaelcane.Commands.&lt;init&gt;(Commands.java:5)
	at io.michaelcane.Calculator.&lt;init&gt;(Calculator.java:6)
	at io.michaelcane.Commands.&lt;init&gt;(Commands.java:5)
	at io.michaelcane.Calculator.&lt;init&gt;(Calculator.java:6)
	at io.michaelcane.Commands.&lt;init&gt;(Commands.java:5)
	at io.michaelcane.Calculator.&lt;init&gt;(Calculator.java:6)
	at io.michaelcane.Commands.&lt;init&gt;(Commands.java:5)
	at io.michaelcane.Calculator.&lt;init&gt;(Calculator.java:6)
	at io.michaelcane.Commands.&lt;init&gt;(Commands.java:5)
	at io.michaelcane.Calculator.&lt;init&gt;(Calculator.java:6)
	at io.michaelcane.Commands.&lt;init&gt;(Commands.java:5)
	at io.michaelcane.Calculator.&lt;init&gt;(Calculator.java:6)
	at io.michaelcane.Commands.&lt;init&gt;(Commands.java:5)
	at io.michaelcane.Calculator.&lt;init&gt;(Calculator.java:6)
	at io.michaelcane.Commands.&lt;init&gt;(Commands.java:5)
	at io.michaelcane.Calculator.&lt;init&gt;(Calculator.java:6)
	at io.michaelcane.Commands.&lt;init&gt;(Commands.java:5)
	at io.michaelcane.Calculator.&lt;init&gt;(Calculator.java:6)
	at io.michaelcane.Commands.&lt;init&gt;(Commands.java:5)
	at io.michaelcane.Calculator.&lt;init&gt;(Calculator.java:6)
	at io.michaelcane.Commands.&lt;init&gt;(Commands.java:5)
	at io.michaelcane.Calculator.&lt;init&gt;(Calculator.java:6)
	at io.michaelcane.Commands.&lt;init&gt;(Commands.java:5)
	at io.michaelcane.Calculator.&lt;init&gt;(Calculator.java:6)
	at io.michaelcane.Commands.&lt;init&gt;(Commands.java:5)
	at io.michaelcane.Calculator.&lt;init&gt;(Calculator.java:6)
	at io.michaelcane.Commands.&lt;init&gt;(Commands.java:5)
	at io.michaelcane.Calculator.&lt;init&gt;(Calculator.java:6)
	at io.michaelcane.Commands.&lt;init&gt;(Commands.java:5)
	at io.michaelcane.Calculator.&lt;init&gt;(Calculator.java:6)
	at io.michaelcane.Commands.&lt;init&gt;(Commands.java:5)
	at io.michaelcane.Calculator.&lt;init&gt;(Calculator.java:6)
	at io.michaelcane.Commands.&lt;init&gt;(Commands.java:5)
	at io.michaelcane.Calculator.&lt;init&gt;(Calculator.java:6)
	at io.michaelcane.Commands.&lt;init&gt;(Commands.java:5)
	at io.michaelcane.Calculator.&lt;init&gt;(Calculator.java:6)
	at io.michaelcane.Commands.&lt;init&gt;(Commands.java:5)
	at io.michaelcane.Calculator.&lt;init&gt;(Calculator.java:6)
	at io.michaelcane.Commands.&lt;init&gt;(Commands.java:5)
	at io.michaelcane.Calculator.&lt;init&gt;(Calculator.java:6)
	at io.michaelcane.Commands.&lt;init&gt;(Commands.java:5)
	at io.michaelcane.Calculator.&lt;init&gt;(Calculator.java:6)
	at io.michaelcane.Commands.&lt;init&gt;(Commands.java:5)
	at io.michaelcane.Calculator.&lt;init&gt;(Calculator.java:6)
	at io.michaelcane.Commands.&lt;init&gt;(Commands.java:5)
	at io.michaelcane.Calculator.&lt;init&gt;(Calculator.java:6)
	at io.michaelcane.Commands.&lt;init&gt;(Commands.java:5)
	at io.michaelcane.Calculator.&lt;init&gt;(Calculator.java:6)
	at io.michaelcane.Commands.&lt;init&gt;(Commands.java:5)
	at io.michaelcane.Calculator.&lt;init&gt;(Calculator.java:6)
	at io.michaelcane.Commands.&lt;init&gt;(Commands.java:5)
	at io.michaelcane.Calculator.&lt;init&gt;(Calculator.java:6)
	at io.michaelcane.Commands.&lt;init&gt;(Commands.java:5)
	at io.michaelcane.Calculator.&lt;init&gt;(Calculator.java:6)
	at io.michaelcane.Commands.&lt;init&gt;(Commands.java:5)
	at io.michaelcane.Calculator.&lt;init&gt;(Calculator.java:6)
	at io.michaelcane.Commands.&lt;init&gt;(Commands.java:5)
	at io.michaelcane.Calculator.&lt;init&gt;(Calculator.java:6)
	at io.michaelcane.Commands.&lt;init&gt;(Commands.java:5)
	at io.michaelcane.Calculator.&lt;init&gt;(Calculator.java:6)
	at io.michaelcane.Commands.&lt;init&gt;(Commands.java:5)
	at io.michaelcane.Calculator.&lt;init&gt;(Calculator.java:6)
	at io.michaelcane.Commands.&lt;init&gt;(Commands.java:5)
	at io.michaelcane.Calculator.&lt;init&gt;(Calculator.java:6)
	at io.michaelcane.Commands.&lt;init&gt;(Commands.java:5)
	at io.michaelcane.Calculator.&lt;init&gt;(Calculator.java:6)
	at io.michaelcane.Commands.&lt;init&gt;(Commands.java:5)
	at io.michaelcane.Calculator.&lt;init&gt;(Calculator.java:6)
	at io.michaelcane.Commands.&lt;init&gt;(Commands.java:5)
	at io.michaelcane.Calculator.&lt;init&gt;(Calculator.java:6)
	at io.michaelcane.Commands.&lt;init&gt;(Commands.java:5)
	at io.michaelcane.Calculator.&lt;init&gt;(Calculator.java:6)
	at io.michaelcane.Commands.&lt;init&gt;(Commands.java:5)
	at io.michaelcane.Calculator.&lt;init&gt;(Calculator.java:6)
	at io.michaelcane.Commands.&lt;init&gt;(Commands.java:5)
	at io.michaelcane.Calculator.&lt;init&gt;(Calculator.java:6)
	at io.michaelcane.Commands.&lt;init&gt;(Commands.java:5)
	at io.michaelcane.Calculator.&lt;init&gt;(Calculator.java:6)
	at io.michaelcane.Commands.&lt;init&gt;(Commands.java:5)
	at io.michaelcane.Calculator.&lt;init&gt;(Calculator.java:6)
	at io.michaelcane.Commands.&lt;init&gt;(Commands.java:5)
	at io.michaelcane.Calculator.&lt;init&gt;(Calculator.java:6)
	at io.michaelcane.Commands.&lt;init&gt;(Commands.java:5)
	at io.michaelcane.Calculator.&lt;init&gt;(Calculator.java:6)
	at io.michaelcane.Commands.&lt;init&gt;(Commands.java:5)
	at io.michaelcane.Calculator.&lt;init&gt;(Calculator.java:6)
	at io.michaelcane.Commands.&lt;init&gt;(Commands.java:5)
	at io.michaelcane.Calculator.&lt;init&gt;(Calculator.java:6)
	at io.michaelcane.Commands.&lt;init&gt;(Commands.java:5)
	at io.michaelcane.Calculator.&lt;init&gt;(Calculator.java:6)
	at io.michaelcane.Commands.&lt;init&gt;(Commands.java:5)
	at io.michaelcane.Calculator.&lt;init&gt;(Calculator.java:6)
	at io.michaelcane.Commands.&lt;init&gt;(Commands.java:5)
	at io.michaelcane.Calculator.&lt;init&gt;(Calculator.java:6)
	at io.michaelcane.Commands.&lt;init&gt;(Commands.java:5)
	at io.michaelcane.Calculator.&lt;init&gt;(Calculator.java:6)
	at io.michaelcane.Commands.&lt;init&gt;(Commands.java:5)
	at io.michaelcane.Calculator.&lt;init&gt;(Calculator.java:6)
	at io.michaelcane.Commands.&lt;init&gt;(Commands.java:5)
	at io.michaelcane.Calculator.&lt;init&gt;(Calculator.java:6)
	at io.michaelcane.Commands.&lt;init&gt;(Commands.java:5)
	at io.michaelcane.Calculator.&lt;init&gt;(Calculator.java:6)
	at io.michaelcane.Commands.&lt;init&gt;(Commands.java:5)
	at io.michaelcane.Calculator.&lt;init&gt;(Calculator.java:6)
	at io.michaelcane.Commands.&lt;init&gt;(Commands.java:5)
	at io.michaelcane.Calculator.&lt;init&gt;(Calculator.java:6)
	at io.michaelcane.Commands.&lt;init&gt;(Commands.java:5)
	at io.michaelcane.Calculator.&lt;init&gt;(Calculator.java:6)
	at io.michaelcane.Commands.&lt;init&gt;(Commands.java:5)
	at io.michaelcane.Calculator.&lt;init&gt;(Calculator.java:6)
	at io.michaelcane.Commands.&lt;init&gt;(Commands.java:5)
	at io.michaelcane.Calculator.&lt;init&gt;(Calculator.java:6)
	at io.michaelcane.Commands.&lt;init&gt;(Commands.java:5)
	at io.michaelcane.Calculator.&lt;init&gt;(Calculator.java:6)
	at io.michaelcane.Commands.&lt;init&gt;(Commands.java:5)
	at io.michaelcane.Calculator.&lt;init&gt;(Calculator.java:6)
	at io.michaelcane.Commands.&lt;init&gt;(Commands.java:5)
	at io.michaelcane.Calculator.&lt;init&gt;(Calculator.java:6)
	at io.michaelcane.Commands.&lt;init&gt;(Commands.java:5)
	at io.michaelcane.Calculator.&lt;init&gt;(Calculator.java:6)
	at io.michaelcane.Commands.&lt;init&gt;(Commands.java:5)
	at io.michaelcane.Calculator.&lt;init&gt;(Calculator.java:6)
	at io.michaelcane.Commands.&lt;init&gt;(Commands.java:5)
	at io.michaelcane.Calculator.&lt;init&gt;(Calculator.java:6)
	at io.michaelcane.Commands.&lt;init&gt;(Commands.java:5)
	at io.michaelcane.Calculator.&lt;init&gt;(Calculator.java:6)
	at io.michaelcane.Commands.&lt;init&gt;(Commands.java:5)
	at io.michaelcane.Calculator.&lt;init&gt;(Calculator.java:6)
	at io.michaelcane.Commands.&lt;init&gt;(Commands.java:5)
	at io.michaelcane.Calculator.&lt;init&gt;(Calculator.java:6)
	at io.michaelcane.Commands.&lt;init&gt;(Commands.java:5)
	at io.michaelcane.Calculator.&lt;init&gt;(Calculator.java:6)
	at io.michaelcane.Commands.&lt;init&gt;(Commands.java:5)
	at io.michaelcane.Calculator.&lt;init&gt;(Calculator.java:6)
	at io.michaelcane.Commands.&lt;init&gt;(Commands.java:5)
	at io.michaelcane.Calculator.&lt;init&gt;(Calculator.java:6)
	at io.michaelcane.Commands.&lt;init&gt;(Commands.java:5)
	at io.michaelcane.Calculator.&lt;init&gt;(Calculator.java:6)
	at io.michaelcane.Commands.&lt;init&gt;(Commands.java:5)
	at io.michaelcane.Calculator.&lt;init&gt;(Calculator.java:6)
	at io.michaelcane.Commands.&lt;init&gt;(Commands.java:5)
	at io.michaelcane.Calculator.&lt;init&gt;(Calculator.java:6)
	at io.michaelcane.Commands.&lt;init&gt;(Commands.java:5)
	at io.michaelcane.Calculator.&lt;init&gt;(Calculator.java:6)
	at io.michaelcane.Commands.&lt;init&gt;(Commands.java:5)
	at io.michaelcane.Calculator.&lt;init&gt;(Calculator.java:6)
	at io.michaelcane.Commands.&lt;init&gt;(Commands.java:5)
	at io.michaelcane.Calculator.&lt;init&gt;(Calculator.java:6)
	at io.michaelcane.Commands.&lt;init&gt;(Commands.java:5)
	at io.michaelcane.Calculator.&lt;init&gt;(Calculator.java:6)
	at io.michaelcane.Commands.&lt;init&gt;(Commands.java:5)
	at io.michaelcane.Calculator.&lt;init&gt;(Calculator.java:6)
	at io.michaelcane.Commands.&lt;init&gt;(Commands.java:5)
	at io.michaelcane.Calculator.&lt;init&gt;(Calculator.java:6)
	at io.michaelcane.Commands.&lt;init&gt;(Commands.java:5)
	at io.michaelcane.Calculator.&lt;init&gt;(Calculator.java:6)
	at io.michaelcane.Commands.&lt;init&gt;(Commands.java:5)
	at io.michaelcane.Calculator.&lt;init&gt;(Calculator.java:6)
	at io.michaelcane.Commands.&lt;init&gt;(Commands.java:5)
	at io.michaelcane.Calculator.&lt;init&gt;(Calculator.java:6)
	at io.michaelcane.Commands.&lt;init&gt;(Commands.java:5)
	at io.michaelcane.Calculator.&lt;init&gt;(Calculator.java:6)
	at io.michaelcane.Commands.&lt;init&gt;(Commands.java:5)
	at io.michaelcane.Calculator.&lt;init&gt;(Calculator.java:6)
	at io.michaelcane.Commands.&lt;init&gt;(Commands.java:5)
	at io.michaelcane.Calculator.&lt;init&gt;(Calculator.java:6)
	at io.michaelcane.Commands.&lt;init&gt;(Commands.java:5)
	at io.michaelcane.Calculator.&lt;init&gt;(Calculator.java:6)
	at io.michaelcane.Commands.&lt;init&gt;(Commands.java:5)
	at io.michaelcane.Calculator.&lt;init&gt;(Calculator.java:6)
	at io.michaelcane.Commands.&lt;init&gt;(Commands.java:5)
	at io.michaelcane.Calculator.&lt;init&gt;(Calculator.java:6)
	at io.michaelcane.Commands.&lt;init&gt;(Commands.java:5)
	at io.michaelcane.Calculator.&lt;init&gt;(Calculator.java:6)
	at io.michaelcane.Commands.&lt;init&gt;(Commands.java:5)
	at io.michaelcane.Calculator.&lt;init&gt;(Calculator.java:6)
	at io.michaelcane.Commands.&lt;init&gt;(Commands.java:5)
	at io.michaelcane.Calculator.&lt;init&gt;(Calculator.java:6)
	at io.michaelcane.Commands.&lt;init&gt;(Commands.java:5)
	at io.michaelcane.Calculator.&lt;init&gt;(Calculator.java:6)
	at io.michaelcane.Commands.&lt;init&gt;(Commands.java:5)
	at io.michaelcane.Calculator.&lt;init&gt;(Calculator.java:6)
	at io.michaelcane.Commands.&lt;init&gt;(Commands.java:5)
	at io.michaelcane.Calculator.&lt;init&gt;(Calculator.java:6)
	at io.michaelcane.Commands.&lt;init&gt;(Commands.java:5)
	at io.michaelcane.Calculator.&lt;init&gt;(Calculator.java:6)
	at io.michaelcane.Commands.&lt;init&gt;(Commands.java:5)
	at io.michaelcane.Calculator.&lt;init&gt;(Calculator.java:6)
	at io.michaelcane.Commands.&lt;init&gt;(Commands.java:5)
	at io.michaelcane.Calculator.&lt;init&gt;(Calculator.java:6)
	at io.michaelcane.Commands.&lt;init&gt;(Commands.java:5)
	at io.michaelcane.Calculator.&lt;init&gt;(Calculator.java:6)
	at io.michaelcane.Commands.&lt;init&gt;(Commands.java:5)
	at io.michaelcane.Calculator.&lt;init&gt;(Calculator.java:6)
	at io.michaelcane.Commands.&lt;init&gt;(Commands.java:5)
	at io.michaelcane.Calculator.&lt;init&gt;(Calculator.java:6)
	at io.michaelcane.Commands.&lt;init&gt;(Commands.java:5)
	at io.michaelcane.Calculator.&lt;init&gt;(Calculator.java:6)
	at io.michaelcane.Commands.&lt;init&gt;(Commands.java:5)
	at io.michaelcane.Calculator.&lt;init&gt;(Calculator.java:6)
	at io.michaelcane.Commands.&lt;init&gt;(Commands.java:5)
	at io.michaelcane.Calculator.&lt;init&gt;(Calculator.java:6)
	at io.michaelcane.Commands.&lt;init&gt;(Commands.java:5)
	at io.michaelcane.Calculator.&lt;init&gt;(Calculator.java:6)
	at io.michaelcane.Commands.&lt;init&gt;(Commands.java:5)
	at io.michaelcane.Calculator.&lt;init&gt;(Calculator.java:6)
	at io.michaelcane.Commands.&lt;init&gt;(Commands.java:5)
	at io.michaelcane.Calculator.&lt;init&gt;(Calculator.java:6)
	at io.michaelcane.Commands.&lt;init&gt;(Commands.java:5)
	at io.michaelcane.Calculator.&lt;init&gt;(Calculator.java:6)
	at io.michaelcane.Commands.&lt;init&gt;(Commands.java:5)
	at io.michaelcane.Calculator.&lt;init&gt;(Calculator.java:6)
	at io.michaelcane.Commands.&lt;init&gt;(Commands.java:5)
	at io.michaelcane.Calculator.&lt;init&gt;(Calculator.java:6)
	at io.michaelcane.Commands.&lt;init&gt;(Commands.java:5)
	at io.michaelcane.Calculator.&lt;init&gt;(Calculator.java:6)
	at io.michaelcane.Commands.&lt;init&gt;(Commands.java:5)
	at io.michaelcane.Calculator.&lt;init&gt;(Calculator.java:6)
	at io.michaelcane.Commands.&lt;init&gt;(Commands.java:5)
	at io.michaelcane.Calculator.&lt;init&gt;(Calculator.java:6)
	at io.michaelcane.Commands.&lt;init&gt;(Commands.java:5)
	at io.michaelcane.Calculator.&lt;init&gt;(Calculator.java:6)
	at io.michaelcane.Commands.&lt;init&gt;(Commands.java:5)
	at io.michaelcane.Calculator.&lt;init&gt;(Calculator.java:6)
	at io.michaelcane.Commands.&lt;init&gt;(Commands.java:5)
	at io.michaelcane.Calculator.&lt;init&gt;(Calculator.java:6)
	at io.michaelcane.Commands.&lt;init&gt;(Commands.java:5)
	at io.michaelcane.Calculator.&lt;init&gt;(Calculator.java:6)
	at io.michaelcane.Commands.&lt;init&gt;(Commands.java:5)
	at io.michaelcane.Calculator.&lt;init&gt;(Calculator.java:6)
	at io.michaelcane.Commands.&lt;init&gt;(Commands.java:5)
	at io.michaelcane.Calculator.&lt;init&gt;(Calculator.java:6)
	at io.michaelcane.Commands.&lt;init&gt;(Commands.java:5)
	at io.michaelcane.Calculator.&lt;init&gt;(Calculator.java:6)
	at io.michaelcane.Commands.&lt;init&gt;(Commands.java:5)
	at io.michaelcane.Calculator.&lt;init&gt;(Calculator.java:6)
	at io.michaelcane.Commands.&lt;init&gt;(Commands.java:5)
	at io.michaelcane.Calculator.&lt;init&gt;(Calculator.java:6)
	at io.michaelcane.Commands.&lt;init&gt;(Commands.java:5)
	at io.michaelcane.Calculator.&lt;init&gt;(Calculator.java:6)
	at io.michaelcane.Commands.&lt;init&gt;(Commands.java:5)
	at io.michaelcane.Calculator.&lt;init&gt;(Calculator.java:6)
	at io.michaelcane.Commands.&lt;init&gt;(Commands.java:5)
	at io.michaelcane.Calculator.&lt;init&gt;(Calculator.java:6)
	at io.michaelcane.Commands.&lt;init&gt;(Commands.java:5)
	at io.michaelcane.Calculator.&lt;init&gt;(Calculator.java:6)
	at io.michaelcane.Commands.&lt;init&gt;(Commands.java:5)
	at io.michaelcane.Calculator.&lt;init&gt;(Calculator.java:6)
	at io.michaelcane.Commands.&lt;init&gt;(Commands.java:5)
	at io.michaelcane.Calculator.&lt;init&gt;(Calculator.java:6)
	at io.michaelcane.Commands.&lt;init&gt;(Commands.java:5)
	at io.michaelcane.Calculator.&lt;init&gt;(Calculator.java:6)
	at io.michaelcane.Commands.&lt;init&gt;(Commands.java:5)
	at io.michaelcane.Calculator.&lt;init&gt;(Calculator.java:6)
	at io.michaelcane.Commands.&lt;init&gt;(Commands.java:5)
	at io.michaelcane.Calculator.&lt;init&gt;(Calculator.java:6)
	at io.michaelcane.Commands.&lt;init&gt;(Commands.java:5)
	at io.michaelcane.Calculator.&lt;init&gt;(Calculator.java:6)
	at io.michaelcane.Commands.&lt;init&gt;(Commands.java:5)
	at io.michaelcane.Calculator.&lt;init&gt;(Calculator.java:6)
	at io.michaelcane.Commands.&lt;init&gt;(Commands.java:5)
	at io.michaelcane.Calculator.&lt;init&gt;(Calculator.java:6)
	at io.michaelcane.Commands.&lt;init&gt;(Commands.java:5)
	at io.michaelcane.Calculator.&lt;init&gt;(Calculator.java:6)
	at io.michaelcane.Commands.&lt;init&gt;(Commands.java:5)
	at io.michaelcane.Calculator.&lt;init&gt;(Calculator.java:6)
	at io.michaelcane.Commands.&lt;init&gt;(Commands.java:5)
	at io.michaelcane.Calculator.&lt;init&gt;(Calculator.java:6)
	at io.michaelcane.Commands.&lt;init&gt;(Commands.java:5)
	at io.michaelcane.Calculator.&lt;init&gt;(Calculator.java:6)
	at io.michaelcane.Commands.&lt;init&gt;(Commands.java:5)
	at io.michaelcane.Calculator.&lt;init&gt;(Calculator.java:6)
	at io.michaelcane.Commands.&lt;init&gt;(Commands.java:5)
	at io.michaelcane.Calculator.&lt;init&gt;(Calculator.java:6)
	at io.michaelcane.Commands.&lt;init&gt;(Commands.java:5)
	at io.michaelcane.Calculator.&lt;init&gt;(Calculator.java:6)
	at io.michaelcane.Commands.&lt;init&gt;(Commands.java:5)
	at io.michaelcane.Calculator.&lt;init&gt;(Calculator.java:6)
	at io.michaelcane.Commands.&lt;init&gt;(Commands.java:5)
	at io.michaelcane.Calculator.&lt;init&gt;(Calculator.java:6)
	at io.michaelcane.Commands.&lt;init&gt;(Commands.java:5)
	at io.michaelcane.Calculator.&lt;init&gt;(Calculator.java:6)
	at io.michaelcane.Commands.&lt;init&gt;(Commands.java:5)
	at io.michaelcane.Calculator.&lt;init&gt;(Calculator.java:6)
	at io.michaelcane.Commands.&lt;init&gt;(Commands.java:5)
	at io.michaelcane.Calculator.&lt;init&gt;(Calculator.java:6)
	at io.michaelcane.Commands.&lt;init&gt;(Commands.java:5)
	at io.michaelcane.Calculator.&lt;init&gt;(Calculator.java:6)
	at io.michaelcane.Commands.&lt;init&gt;(Commands.java:5)
	at io.michaelcane.Calculator.&lt;init&gt;(Calculator.java:6)
	at io.michaelcane.Commands.&lt;init&gt;(Commands.java:5)
	at io.michaelcane.Calculator.&lt;init&gt;(Calculator.java:6)
	at io.michaelcane.Commands.&lt;init&gt;(Commands.java:5)
	at io.michaelcane.Calculator.&lt;init&gt;(Calculator.java:6)
	at io.michaelcane.Commands.&lt;init&gt;(Commands.java:5)
	at io.michaelcane.Calculator.&lt;init&gt;(Calculator.java:6)
	at io.michaelcane.Commands.&lt;init&gt;(Commands.java:5)
	at io.michaelcane.Calculator.&lt;init&gt;(Calculator.java:6)
	at io.michaelcane.Commands.&lt;init&gt;(Commands.java:5)
	at io.michaelcane.Calculator.&lt;init&gt;(Calculator.java:6)
	at io.michaelcane.Commands.&lt;init&gt;(Commands.java:5)
	at io.michaelcane.Calculator.&lt;init&gt;(Calculator.java:6)
	at io.michaelcane.Commands.&lt;init&gt;(Commands.java:5)
	at io.michaelcane.Calculator.&lt;init&gt;(Calculator.java:6)
	at io.michaelcane.Commands.&lt;init&gt;(Commands.java:5)
	at io.michaelcane.Calculator.&lt;init&gt;(Calculator.java:6)
	at io.michaelcane.Commands.&lt;init&gt;(Commands.java:5)
	at io.michaelcane.Calculator.&lt;init&gt;(Calculator.java:6)
	at io.michaelcane.Commands.&lt;init&gt;(Commands.java:5)
	at io.michaelcane.Calculator.&lt;init&gt;(Calculator.java:6)
	at io.michaelcane.Commands.&lt;init&gt;(Commands.java:5)
	at io.michaelcane.Calculator.&lt;init&gt;(Calculator.java:6)
	at io.michaelcane.Commands.&lt;init&gt;(Commands.java:5)
	at io.michaelcane.Calculator.&lt;init&gt;(Calculator.java:6)
	at io.michaelcane.Commands.&lt;init&gt;(Commands.java:5)
	at io.michaelcane.Calculator.&lt;init&gt;(Calculator.java:6)
	at io.michaelcane.Commands.&lt;init&gt;(Commands.java:5)
	at io.michaelcane.Calculator.&lt;init&gt;(Calculator.java:6)
	at io.michaelcane.Commands.&lt;init&gt;(Commands.java:5)
	at io.michaelcane.Calculator.&lt;init&gt;(Calculator.java:6)
	at io.michaelcane.Commands.&lt;init&gt;(Commands.java:5)
	at io.michaelcane.Calculator.&lt;init&gt;(Calculator.java:6)
	at io.michaelcane.Commands.&lt;init&gt;(Commands.java:5)
	at io.michaelcane.Calculator.&lt;init&gt;(Calculator.java:6)
	at io.michaelcane.Commands.&lt;init&gt;(Commands.java:5)
	at io.michaelcane.Calculator.&lt;init&gt;(Calculator.java:6)
	at io.michaelcane.Commands.&lt;init&gt;(Commands.java:5)
	at io.michaelcane.Calculator.&lt;init&gt;(Calculator.java:6)
	at io.michaelcane.Commands.&lt;init&gt;(Commands.java:5)
	at io.michaelcane.Calculator.&lt;init&gt;(Calculator.java:6)
	at io.michaelcane.Commands.&lt;init&gt;(Commands.java:5)
	at io.michaelcane.Calculator.&lt;init&gt;(Calculator.java:6)
	at io.michaelcane.Commands.&lt;init&gt;(Commands.java:5)
	at io.michaelcane.Calculator.&lt;init&gt;(Calculator.java:6)
	at io.michaelcane.Commands.&lt;init&gt;(Commands.java:5)
	at io.michaelcane.Calculator.&lt;init&gt;(Calculator.java:6)
	at io.michaelcane.Commands.&lt;init&gt;(Commands.java:5)
	at io.michaelcane.Calculator.&lt;init&gt;(Calculator.java:6)
	at io.michaelcane.Commands.&lt;init&gt;(Commands.java:5)
	at io.michaelcane.Calculator.&lt;init&gt;(Calculator.java:6)
	at io.michaelcane.Commands.&lt;init&gt;(Commands.java:5)
	at io.michaelcane.Calculator.&lt;init&gt;(Calculator.java:6)
	at io.michaelcane.Commands.&lt;init&gt;(Commands.java:5)
	at io.michaelcane.Calculator.&lt;init&gt;(Calculator.java:6)
	at io.michaelcane.Commands.&lt;init&gt;(Commands.java:5)
	at io.michaelcane.Calculator.&lt;init&gt;(Calculator.java:6)
	at io.michaelcane.Commands.&lt;init&gt;(Commands.java:5)
	at io.michaelcane.Calculator.&lt;init&gt;(Calculator.java:6)
	at io.michaelcane.Commands.&lt;init&gt;(Commands.java:5)
	at io.michaelcane.Calculator.&lt;init&gt;(Calculator.java:6)
	at io.michaelcane.Commands.&lt;init&gt;(Commands.java:5)
	at io.michaelcane.Calculator.&lt;init&gt;(Calculator.java:6)
	at io.michaelcane.Commands.&lt;init&gt;(Commands.java:5)
	at io.michaelcane.Calculator.&lt;init&gt;(Calculator.java:6)
	at io.michaelcane.Commands.&lt;init&gt;(Commands.java:5)
	at io.michaelcane.Calculator.&lt;init&gt;(Calculator.java:6)
	at io.michaelcane.Commands.&lt;init&gt;(Commands.java:5)
	at io.michaelcane.Calculator.&lt;init&gt;(Calculator.java:6)
	at io.michaelcane.Commands.&lt;init&gt;(Commands.java:5)
	at io.michaelcane.Calculator.&lt;init&gt;(Calculator.java:6)
	at io.michaelcane.Commands.&lt;init&gt;(Commands.java:5)
	at io.michaelcane.Calculator.&lt;init&gt;(Calculator.java:6)
	at io.michaelcane.Commands.&lt;init&gt;(Commands.java:5)
	at io.michaelcane.Calculator.&lt;init&gt;(Calculator.java:6)
	at io.michaelcane.Commands.&lt;init&gt;(Commands.java:5)
	at io.michaelcane.Calculator.&lt;init&gt;(Calculator.java:6)
	at io.michaelcane.Commands.&lt;init&gt;(Commands.java:5)
	at io.michaelcane.Calculator.&lt;init&gt;(Calculator.java:6)
	at io.michaelcane.Commands.&lt;init&gt;(Commands.java:5)
	at io.michaelcane.Calculator.&lt;init&gt;(Calculator.java:6)
	at io.michaelcane.Commands.&lt;init&gt;(Commands.java:5)
	at io.michaelcane.Calculator.&lt;init&gt;(Calculator.java:6)
	at io.michaelcane.Commands.&lt;init&gt;(Commands.java:5)
	at io.michaelcane.Calculator.&lt;init&gt;(Calculator.java:6)
	at io.michaelcane.Commands.&lt;init&gt;(Commands.java:5)
	at io.michaelcane.Calculator.&lt;init&gt;(Calculator.java:6)
	at io.michaelcane.Commands.&lt;init&gt;(Commands.java:5)
	at io.michaelcane.Calculator.&lt;init&gt;(Calculator.java:6)
	at io.michaelcane.Commands.&lt;init&gt;(Commands.java:5)
	at io.michaelcane.Calculator.&lt;init&gt;(Calculator.java:6)
	at io.michaelcane.Commands.&lt;init&gt;(Commands.java:5)
	at io.michaelcane.Calculator.&lt;init&gt;(Calculator.java:6)
	at io.michaelcane.Commands.&lt;init&gt;(Commands.java:5)
	at io.michaelcane.Calculator.&lt;init&gt;(Calculator.java:6)
	at io.michaelcane.Commands.&lt;init&gt;(Commands.java:5)
	at io.michaelcane.Calculator.&lt;init&gt;(Calculator.java:6)
	at io.michaelcane.Commands.&lt;init&gt;(Commands.java:5)
	at io.michaelcane.Calculator.&lt;init&gt;(Calculator.java:6)
	at io.michaelcane.Commands.&lt;init&gt;(Commands.java:5)
	at io.michaelcane.Calculator.&lt;init&gt;(Calculator.java:6)
	at io.michaelcane.Commands.&lt;init&gt;(Commands.java:5)
	at io.michaelcane.Calculator.&lt;init&gt;(Calculator.java:6)
	at io.michaelcane.Commands.&lt;init&gt;(Commands.java:5)
	at io.michaelcane.Calculator.&lt;init&gt;(Calculator.java:6)
	at io.michaelcane.Commands.&lt;init&gt;(Commands.java:5)
	at io.michaelcane.Calculator.&lt;init&gt;(Calculator.java:6)
	at io.michaelcane.Commands.&lt;init&gt;(Commands.java:5)
	at io.michaelcane.Calculator.&lt;init&gt;(Calculator.java:6)
	at io.michaelcane.Commands.&lt;init&gt;(Commands.java:5)
	at io.michaelcane.Calculator.&lt;init&gt;(Calculator.java:6)
	at io.michaelcane.Commands.&lt;init&gt;(Commands.java:5)
	at io.michaelcane.Calculator.&lt;init&gt;(Calculator.java:6)
	at io.michaelcane.Commands.&lt;init&gt;(Commands.java:5)
	at io.michaelcane.Calculator.&lt;init&gt;(Calculator.java:6)
	at io.michaelcane.Commands.&lt;init&gt;(Commands.java:5)
	at io.michaelcane.Calculator.&lt;init&gt;(Calculator.java:6)
	at io.michaelcane.Commands.&lt;init&gt;(Commands.java:5)
	at io.michaelcane.Calculator.&lt;init&gt;(Calculator.java:6)
	at io.michaelcane.Commands.&lt;init&gt;(Commands.java:5)
	at io.michaelcane.Calculator.&lt;init&gt;(Calculator.java:6)
	at io.michaelcane.Commands.&lt;init&gt;(Commands.java:5)
	at io.michaelcane.Calculator.&lt;init&gt;(Calculator.java:6)
	at io.michaelcane.Commands.&lt;init&gt;(Commands.java:5)
	at io.michaelcane.Calculator.&lt;init&gt;(Calculator.java:6)
	at io.michaelcane.Commands.&lt;init&gt;(Commands.java:5)
	at io.michaelcane.Calculator.&lt;init&gt;(Calculator.java:6)
	at io.michaelcane.Commands.&lt;init&gt;(Commands.java:5)
	at io.michaelcane.Calculator.&lt;init&gt;(Calculator.java:6)
	at io.michaelcane.Commands.&lt;init&gt;(Commands.java:5)
	at io.michaelcane.Calculator.&lt;init&gt;(Calculator.java:6)
	at io.michaelcane.Commands.&lt;init&gt;(Commands.java:5)
	at io.michaelcane.Calculator.&lt;init&gt;(Calculator.java:6)
	at io.michaelcane.Commands.&lt;init&gt;(Commands.java:5)
	at io.michaelcane.Calculator.&lt;init&gt;(Calculator.java:6)
	at io.michaelcane.Commands.&lt;init&gt;(Commands.java:5)
	at io.michaelcane.Calculator.&lt;init&gt;(Calculator.java:6)
	at io.michaelcane.Commands.&lt;init&gt;(Commands.java:5)
	at io.michaelcane.Calculator.&lt;init&gt;(Calculator.java:6)
	at io.michaelcane.Commands.&lt;init&gt;(Commands.java:5)
	at io.michaelcane.Calculator.&lt;init&gt;(Calculator.java:6)
	at io.michaelcane.Commands.&lt;init&gt;(Commands.java:5)
	at io.michaelcane.Calculator.&lt;init&gt;(Calculator.java:6)
	at io.michaelcane.Commands.&lt;init&gt;(Commands.java:5)
	at io.michaelcane.Calculator.&lt;init&gt;(Calculator.java:6)
	at io.michaelcane.Commands.&lt;init&gt;(Commands.java:5)
	at io.michaelcane.Calculator.&lt;init&gt;(Calculator.java:6)
	at io.michaelcane.Commands.&lt;init&gt;(Commands.java:5)
	at io.michaelcane.Calculator.&lt;init&gt;(Calculator.java:6)
	at io.michaelcane.Commands.&lt;init&gt;(Commands.java:5)
	at io.michaelcane.Calculator.&lt;init&gt;(Calculator.java:6)
	at io.michaelcane.Commands.&lt;init&gt;(Commands.java:5)
	at io.michaelcane.Calculator.&lt;init&gt;(Calculator.java:6)
	at io.michaelcane.Commands.&lt;init&gt;(Commands.java:5)
	at io.michaelcane.Calculator.&lt;init&gt;(Calculator.java:6)
	at io.michaelcane.Commands.&lt;init&gt;(Commands.java:5)
	at io.michaelcane.Calculator.&lt;init&gt;(Calculator.java:6)
	at io.michaelcane.Commands.&lt;init&gt;(Commands.java:5)
	at io.michaelcane.Calculator.&lt;init&gt;(Calculator.java:6)
	at io.michaelcane.Commands.&lt;init&gt;(Commands.java:5)
	at io.michaelcane.Calculator.&lt;init&gt;(Calculator.java:6)
	at io.michaelcane.Commands.&lt;init&gt;(Commands.java:5)
	at io.michaelcane.Calculator.&lt;init&gt;(Calculator.java:6)
	at io.michaelcane.Commands.&lt;init&gt;(Commands.java:5)
	at io.michaelcane.Calculator.&lt;init&gt;(Calculator.java:6)
	at io.michaelcane.Commands.&lt;init&gt;(Commands.java:5)
	at io.michaelcane.Calculator.&lt;init&gt;(Calculator.java:6)
	at io.michaelcane.Commands.&lt;init&gt;(Commands.java:5)
	at io.michaelcane.Calculator.&lt;init&gt;(Calculator.java:6)
	at io.michaelcane.Commands.&lt;init&gt;(Commands.java:5)
	at io.michaelcane.Calculator.&lt;init&gt;(Calculator.java:6)
	at io.michaelcane.Commands.&lt;init&gt;(Commands.java:5)
	at io.michaelcane.Calculator.&lt;init&gt;(Calculator.java:6)
	at io.michaelcane.Commands.&lt;init&gt;(Commands.java:5)
	at io.michaelcane.Calculator.&lt;init&gt;(Calculator.java:6)
	at io.michaelcane.Commands.&lt;init&gt;(Commands.java:5)
	at io.michaelcane.Calculator.&lt;init&gt;(Calculator.java:6)
	at io.michaelcane.Commands.&lt;init&gt;(Commands.java:5)
	at io.michaelcane.Calculator.&lt;init&gt;(Calculator.java:6)
	at io.michaelcane.Commands.&lt;init&gt;(Commands.java:5)
	at io.michaelcane.Calculator.&lt;init&gt;(Calculator.java:6)
	at io.michaelcane.Commands.&lt;init&gt;(Commands.java:5)
	at io.michaelcane.Calculator.&lt;init&gt;(Calculator.java:6)
	at io.michaelcane.Commands.&lt;init&gt;(Commands.java:5)
	at io.michaelcane.Calculator.&lt;init&gt;(Calculator.java:6)
	at io.michaelcane.Commands.&lt;init&gt;(Commands.java:5)
	at io.michaelcane.Calculator.&lt;init&gt;(Calculator.java:6)
	at io.michaelcane.Commands.&lt;init&gt;(Commands.java:5)
	at io.michaelcane.Calculator.&lt;init&gt;(Calculator.java:6)
	at io.michaelcane.Commands.&lt;init&gt;(Commands.java:5)
	at io.michaelcane.Calculator.&lt;init&gt;(Calculator.java:6)
	at io.michaelcane.Commands.&lt;init&gt;(Commands.java:5)
	at io.michaelcane.Calculator.&lt;init&gt;(Calculator.java:6)
	at io.michaelcane.Commands.&lt;init&gt;(Commands.java:5)
	at io.michaelcane.Calculator.&lt;init&gt;(Calculator.java:6)
	at io.michaelcane.Commands.&lt;init&gt;(Commands.java:5)
	at io.michaelcane.Calculator.&lt;init&gt;(Calculator.java:6)
	at io.michaelcane.Commands.&lt;init&gt;(Commands.java:5)
	at io.michaelcane.Calculator.&lt;init&gt;(Calculator.java:6)
	at io.michaelcane.Commands.&lt;init&gt;(Commands.java:5)
	at io.michaelcane.Calculator.&lt;init&gt;(Calculator.java:6)
	at io.michaelcane.Commands.&lt;init&gt;(Commands.java:5)
	at io.michaelcane.Calculator.&lt;init&gt;(Calculator.java:6)
	at io.michaelcane.Commands.&lt;init&gt;(Commands.java:5)
	at io.michaelcane.Calculator.&lt;init&gt;(Calculator.java:6)
	at io.michaelcane.Commands.&lt;init&gt;(Commands.java:5)
	at io.michaelcane.Calculator.&lt;init&gt;(Calculator.java:6)
	at io.michaelcane.Commands.&lt;init&gt;(Commands.java:5)
	at io.michaelcane.Calculator.&lt;init&gt;(Calculator.java:6)
	at io.michaelcane.Commands.&lt;init&gt;(Commands.java:5)
	at io.michaelcane.Calculator.&lt;init&gt;(Calculator.java:6)
	at io.michaelcane.Commands.&lt;init&gt;(Commands.java:5)
	at io.michaelcane.Calculator.&lt;init&gt;(Calculator.java:6)
	at io.michaelcane.Commands.&lt;init&gt;(Commands.java:5)
	at io.michaelcane.Calculator.&lt;init&gt;(Calculator.java:6)
	at io.michaelcane.Commands.&lt;init&gt;(Commands.java:5)
	at io.michaelcane.Calculator.&lt;init&gt;(Calculator.java:6)
	at io.michaelcane.Commands.&lt;init&gt;(Commands.java:5)
	at io.michaelcane.Calculator.&lt;init&gt;(Calculator.java:6)
	at io.michaelcane.Commands.&lt;init&gt;(Commands.java:5)
	at io.michaelcane.Calculator.&lt;init&gt;(Calculator.java:6)
	at io.michaelcane.Commands.&lt;init&gt;(Commands.java:5)
	at io.michaelcane.Calculator.&lt;init&gt;(Calculator.java:6)
	at io.michaelcane.Commands.&lt;init&gt;(Commands.java:5)
	at io.michaelcane.Calculator.&lt;init&gt;(Calculator.java:6)
	at io.michaelcane.Commands.&lt;init&gt;(Commands.java:5)
	at io.michaelcane.Calculator.&lt;init&gt;(Calculator.java:6)
	at io.michaelcane.Commands.&lt;init&gt;(Commands.java:5)
	at io.michaelcane.Calculator.&lt;init&gt;(Calculator.java:6)
	at io.michaelcane.Commands.&lt;init&gt;(Commands.java:5)
	at io.michaelcane.Calculator.&lt;init&gt;(Calculator.java:6)
	at io.michaelcane.Commands.&lt;init&gt;(Commands.java:5)
	at io.michaelcane.Calculator.&lt;init&gt;(Calculator.java:6)
	at io.michaelcane.Commands.&lt;init&gt;(Commands.java:5)
	at io.michaelcane.Calculator.&lt;init&gt;(Calculator.java:6)
	at io.michaelcane.Commands.&lt;init&gt;(Commands.java:5)
	at io.michaelcane.Calculator.&lt;init&gt;(Calculator.java:6)
	at io.michaelcane.Commands.&lt;init&gt;(Commands.java:5)
	at io.michaelcane.Calculator.&lt;init&gt;(Calculator.java:6)
	at io.michaelcane.Commands.&lt;init&gt;(Commands.java:5)
	at io.michaelcane.Calculator.&lt;init&gt;(Calculator.java:6)
	at io.michaelcane.Commands.&lt;init&gt;(Commands.java:5)
	at io.michaelcane.Calculator.&lt;init&gt;(Calculator.java:6)
	at io.michaelcane.Commands.&lt;init&gt;(Commands.java:5)
	at io.michaelcane.Calculator.&lt;init&gt;(Calculator.java:6)
	at io.michaelcane.Commands.&lt;init&gt;(Commands.java:5)
	at io.michaelcane.Calculator.&lt;init&gt;(Calculator.java:6)
	at io.michaelcane.Commands.&lt;init&gt;(Commands.java:5)
	at io.michaelcane.Calculator.&lt;init&gt;(Calculator.java:6)
	at io.michaelcane.Commands.&lt;init&gt;(Commands.java:5)
	at io.michaelcane.Calculator.&lt;init&gt;(Calculator.java:6)
	at io.michaelcane.Commands.&lt;init&gt;(Commands.java:5)
	at io.michaelcane.Calculator.&lt;init&gt;(Calculator.java:6)
	at io.michaelcane.Commands.&lt;init&gt;(Commands.java:5)
	at io.michaelcane.Calculator.&lt;init&gt;(Calculator.java:6)
	at io.michaelcane.Commands.&lt;init&gt;(Commands.java:5)
	at io.michaelcane.Calculator.&lt;init&gt;(Calculator.java:6)
	at io.michaelcane.Commands.&lt;init&gt;(Commands.java:5)
	at io.michaelcane.Calculator.&lt;init&gt;(Calculator.java:6)
	at io.michaelcane.Commands.&lt;init&gt;(Commands.java:5)
	at io.michaelcane.Calculator.&lt;init&gt;(Calculator.java:6)
	at io.michaelcane.Commands.&lt;init&gt;(Commands.java:5)
</error>
  </testcase>
  <testcase classname="io.michaelcane.CalculatorSpec" name="test$variableExponentiation" time="0.007">
    <error type="java.lang.StackOverflowError">java.lang.StackOverflowError
	at io.michaelcane.Calculator.&lt;init&gt;(Calculator.java:6)
	at io.michaelcane.Commands.&lt;init&gt;(Commands.java:5)
	at io.michaelcane.Calculator.&lt;init&gt;(Calculator.java:6)
	at io.michaelcane.Commands.&lt;init&gt;(Commands.java:5)
	at io.michaelcane.Calculator.&lt;init&gt;(Calculator.java:6)
	at io.michaelcane.Commands.&lt;init&gt;(Commands.java:5)
	at io.michaelcane.Calculator.&lt;init&gt;(Calculator.java:6)
	at io.michaelcane.Commands.&lt;init&gt;(Commands.java:5)
	at io.michaelcane.Calculator.&lt;init&gt;(Calculator.java:6)
	at io.michaelcane.Commands.&lt;init&gt;(Commands.java:5)
	at io.michaelcane.Calculator.&lt;init&gt;(Calculator.java:6)
	at io.michaelcane.Commands.&lt;init&gt;(Commands.java:5)
	at io.michaelcane.Calculator.&lt;init&gt;(Calculator.java:6)
	at io.michaelcane.Commands.&lt;init&gt;(Commands.java:5)
	at io.michaelcane.Calculator.&lt;init&gt;(Calculator.java:6)
	at io.michaelcane.Commands.&lt;init&gt;(Commands.java:5)
	at io.michaelcane.Calculator.&lt;init&gt;(Calculator.java:6)
	at io.michaelcane.Commands.&lt;init&gt;(Commands.java:5)
	at io.michaelcane.Calculator.&lt;init&gt;(Calculator.java:6)
	at io.michaelcane.Commands.&lt;init&gt;(Commands.java:5)
	at io.michaelcane.Calculator.&lt;init&gt;(Calculator.java:6)
	at io.michaelcane.Commands.&lt;init&gt;(Commands.java:5)
	at io.michaelcane.Calculator.&lt;init&gt;(Calculator.java:6)
	at io.michaelcane.Commands.&lt;init&gt;(Commands.java:5)
	at io.michaelcane.Calculator.&lt;init&gt;(Calculator.java:6)
	at io.michaelcane.Commands.&lt;init&gt;(Commands.java:5)
	at io.michaelcane.Calculator.&lt;init&gt;(Calculator.java:6)
	at io.michaelcane.Commands.&lt;init&gt;(Commands.java:5)
	at io.michaelcane.Calculator.&lt;init&gt;(Calculator.java:6)
	at io.michaelcane.Commands.&lt;init&gt;(Commands.java:5)
	at io.michaelcane.Calculator.&lt;init&gt;(Calculator.java:6)
	at io.michaelcane.Commands.&lt;init&gt;(Commands.java:5)
	at io.michaelcane.Calculator.&lt;init&gt;(Calculator.java:6)
	at io.michaelcane.Commands.&lt;init&gt;(Commands.java:5)
	at io.michaelcane.Calculator.&lt;init&gt;(Calculator.java:6)
	at io.michaelcane.Commands.&lt;init&gt;(Commands.java:5)
	at io.michaelcane.Calculator.&lt;init&gt;(Calculator.java:6)
	at io.michaelcane.Commands.&lt;init&gt;(Commands.java:5)
	at io.michaelcane.Calculator.&lt;init&gt;(Calculator.java:6)
	at io.michaelcane.Commands.&lt;init&gt;(Commands.java:5)
	at io.michaelcane.Calculator.&lt;init&gt;(Calculator.java:6)
	at io.michaelcane.Commands.&lt;init&gt;(Commands.java:5)
	at io.michaelcane.Calculator.&lt;init&gt;(Calculator.java:6)
	at io.michaelcane.Commands.&lt;init&gt;(Commands.java:5)
	at io.michaelcane.Calculator.&lt;init&gt;(Calculator.java:6)
	at io.michaelcane.Commands.&lt;init&gt;(Commands.java:5)
	at io.michaelcane.Calculator.&lt;init&gt;(Calculator.java:6)
	at io.michaelcane.Commands.&lt;init&gt;(Commands.java:5)
	at io.michaelcane.Calculator.&lt;init&gt;(Calculator.java:6)
	at io.michaelcane.Commands.&lt;init&gt;(Commands.java:5)
	at io.michaelcane.Calculator.&lt;init&gt;(Calculator.java:6)
	at io.michaelcane.Commands.&lt;init&gt;(Commands.java:5)
	at io.michaelcane.Calculator.&lt;init&gt;(Calculator.java:6)
	at io.michaelcane.Commands.&lt;init&gt;(Commands.java:5)
	at io.michaelcane.Calculator.&lt;init&gt;(Calculator.java:6)
	at io.michaelcane.Commands.&lt;init&gt;(Commands.java:5)
	at io.michaelcane.Calculator.&lt;init&gt;(Calculator.java:6)
	at io.michaelcane.Commands.&lt;init&gt;(Commands.java:5)
	at io.michaelcane.Calculator.&lt;init&gt;(Calculator.java:6)
	at io.michaelcane.Commands.&lt;init&gt;(Commands.java:5)
	at io.michaelcane.Calculator.&lt;init&gt;(Calculator.java:6)
	at io.michaelcane.Commands.&lt;init&gt;(Commands.java:5)
	at io.michaelcane.Calculator.&lt;init&gt;(Calculator.java:6)
	at io.michaelcane.Commands.&lt;init&gt;(Commands.java:5)
	at io.michaelcane.Calculator.&lt;init&gt;(Calculator.java:6)
	at io.michaelcane.Commands.&lt;init&gt;(Commands.java:5)
	at io.michaelcane.Calculator.&lt;init&gt;(Calculator.java:6)
	at io.michaelcane.Commands.&lt;init&gt;(Commands.java:5)
	at io.michaelcane.Calculator.&lt;init&gt;(Calculator.java:6)
	at io.michaelcane.Commands.&lt;init&gt;(Commands.java:5)
	at io.michaelcane.Calculator.&lt;init&gt;(Calculator.java:6)
	at io.michaelcane.Commands.&lt;init&gt;(Commands.java:5)
	at io.michaelcane.Calculator.&lt;init&gt;(Calculator.java:6)
	at io.michaelcane.Commands.&lt;init&gt;(Commands.java:5)
	at io.michaelcane.Calculator.&lt;init&gt;(Calculator.java:6)
	at io.michaelcane.Commands.&lt;init&gt;(Commands.java:5)
	at io.michaelcane.Calculator.&lt;init&gt;(Calculator.java:6)
	at io.michaelcane.Commands.&lt;init&gt;(Commands.java:5)
	at io.michaelcane.Calculator.&lt;init&gt;(Calculator.java:6)
	at io.michaelcane.Commands.&lt;init&gt;(Commands.java:5)
	at io.michaelcane.Calculator.&lt;init&gt;(Calculator.java:6)
	at io.michaelcane.Commands.&lt;init&gt;(Commands.java:5)
	at io.michaelcane.Calculator.&lt;init&gt;(Calculator.java:6)
	at io.michaelcane.Commands.&lt;init&gt;(Commands.java:5)
	at io.michaelcane.Calculator.&lt;init&gt;(Calculator.java:6)
	at io.michaelcane.Commands.&lt;init&gt;(Commands.java:5)
	at io.michaelcane.Calculator.&lt;init&gt;(Calculator.java:6)
	at io.michaelcane.Commands.&lt;init&gt;(Commands.java:5)
	at io.michaelcane.Calculator.&lt;init&gt;(Calculator.java:6)
	at io.michaelcane.Commands.&lt;init&gt;(Commands.java:5)
	at io.michaelcane.Calculator.&lt;init&gt;(Calculator.java:6)
	at io.michaelcane.Commands.&lt;init&gt;(Commands.java:5)
	at io.michaelcane.Calculator.&lt;init&gt;(Calculator.java:6)
	at io.michaelcane.Commands.&lt;init&gt;(Commands.java:5)
	at io.michaelcane.Calculator.&lt;init&gt;(Calculator.java:6)
	at io.michaelcane.Commands.&lt;init&gt;(Commands.java:5)
	at io.michaelcane.Calculator.&lt;init&gt;(Calculator.java:6)
	at io.michaelcane.Commands.&lt;init&gt;(Commands.java:5)
	at io.michaelcane.Calculator.&lt;init&gt;(Calculator.java:6)
	at io.michaelcane.Commands.&lt;init&gt;(Commands.java:5)
	at io.michaelcane.Calculator.&lt;init&gt;(Calculator.java:6)
	at io.michaelcane.Commands.&lt;init&gt;(Commands.java:5)
	at io.michaelcane.Calculator.&lt;init&gt;(Calculator.java:6)
	at io.michaelcane.Commands.&lt;init&gt;(Commands.java:5)
	at io.michaelcane.Calculator.&lt;init&gt;(Calculator.java:6)
	at io.michaelcane.Commands.&lt;init&gt;(Commands.java:5)
	at io.michaelcane.Calculator.&lt;init&gt;(Calculator.java:6)
	at io.michaelcane.Commands.&lt;init&gt;(Commands.java:5)
	at io.michaelcane.Calculator.&lt;init&gt;(Calculator.java:6)
	at io.michaelcane.Commands.&lt;init&gt;(Commands.java:5)
	at io.michaelcane.Calculator.&lt;init&gt;(Calculator.java:6)
	at io.michaelcane.Commands.&lt;init&gt;(Commands.java:5)
	at io.michaelcane.Calculator.&lt;init&gt;(Calculator.java:6)
	at io.michaelcane.Commands.&lt;init&gt;(Commands.java:5)
	at io.michaelcane.Calculator.&lt;init&gt;(Calculator.java:6)
	at io.michaelcane.Commands.&lt;init&gt;(Commands.java:5)
	at io.michaelcane.Calculator.&lt;init&gt;(Calculator.java:6)
	at io.michaelcane.Commands.&lt;init&gt;(Commands.java:5)
	at io.michaelcane.Calculator.&lt;init&gt;(Calculator.java:6)
	at io.michaelcane.Commands.&lt;init&gt;(Commands.java:5)
	at io.michaelcane.Calculator.&lt;init&gt;(Calculator.java:6)
	at io.michaelcane.Commands.&lt;init&gt;(Commands.java:5)
	at io.michaelcane.Calculator.&lt;init&gt;(Calculator.java:6)
	at io.michaelcane.Commands.&lt;init&gt;(Commands.java:5)
	at io.michaelcane.Calculator.&lt;init&gt;(Calculator.java:6)
	at io.michaelcane.Commands.&lt;init&gt;(Commands.java:5)
	at io.michaelcane.Calculator.&lt;init&gt;(Calculator.java:6)
	at io.michaelcane.Commands.&lt;init&gt;(Commands.java:5)
	at io.michaelcane.Calculator.&lt;init&gt;(Calculator.java:6)
	at io.michaelcane.Commands.&lt;init&gt;(Commands.java:5)
	at io.michaelcane.Calculator.&lt;init&gt;(Calculator.java:6)
	at io.michaelcane.Commands.&lt;init&gt;(Commands.java:5)
	at io.michaelcane.Calculator.&lt;init&gt;(Calculator.java:6)
	at io.michaelcane.Commands.&lt;init&gt;(Commands.java:5)
	at io.michaelcane.Calculator.&lt;init&gt;(Calculator.java:6)
	at io.michaelcane.Commands.&lt;init&gt;(Commands.java:5)
	at io.michaelcane.Calculator.&lt;init&gt;(Calculator.java:6)
	at io.michaelcane.Commands.&lt;init&gt;(Commands.java:5)
	at io.michaelcane.Calculator.&lt;init&gt;(Calculator.java:6)
	at io.michaelcane.Commands.&lt;init&gt;(Commands.java:5)
	at io.michaelcane.Calculator.&lt;init&gt;(Calculator.java:6)
	at io.michaelcane.Commands.&lt;init&gt;(Commands.java:5)
	at io.michaelcane.Calculator.&lt;init&gt;(Calculator.java:6)
	at io.michaelcane.Commands.&lt;init&gt;(Commands.java:5)
	at io.michaelcane.Calculator.&lt;init&gt;(Calculator.java:6)
	at io.michaelcane.Commands.&lt;init&gt;(Commands.java:5)
	at io.michaelcane.Calculator.&lt;init&gt;(Calculator.java:6)
	at io.michaelcane.Commands.&lt;init&gt;(Commands.java:5)
	at io.michaelcane.Calculator.&lt;init&gt;(Calculator.java:6)
	at io.michaelcane.Commands.&lt;init&gt;(Commands.java:5)
	at io.michaelcane.Calculator.&lt;init&gt;(Calculator.java:6)
	at io.michaelcane.Commands.&lt;init&gt;(Commands.java:5)
	at io.michaelcane.Calculator.&lt;init&gt;(Calculator.java:6)
	at io.michaelcane.Commands.&lt;init&gt;(Commands.java:5)
	at io.michaelcane.Calculator.&lt;init&gt;(Calculator.java:6)
	at io.michaelcane.Commands.&lt;init&gt;(Commands.java:5)
	at io.michaelcane.Calculator.&lt;init&gt;(Calculator.java:6)
	at io.michaelcane.Commands.&lt;init&gt;(Commands.java:5)
	at io.michaelcane.Calculator.&lt;init&gt;(Calculator.java:6)
	at io.michaelcane.Commands.&lt;init&gt;(Commands.java:5)
	at io.michaelcane.Calculator.&lt;init&gt;(Calculator.java:6)
	at io.michaelcane.Commands.&lt;init&gt;(Commands.java:5)
	at io.michaelcane.Calculator.&lt;init&gt;(Calculator.java:6)
	at io.michaelcane.Commands.&lt;init&gt;(Commands.java:5)
	at io.michaelcane.Calculator.&lt;init&gt;(Calculator.java:6)
	at io.michaelcane.Commands.&lt;init&gt;(Commands.java:5)
	at io.michaelcane.Calculator.&lt;init&gt;(Calculator.java:6)
	at io.michaelcane.Commands.&lt;init&gt;(Commands.java:5)
	at io.michaelcane.Calculator.&lt;init&gt;(Calculator.java:6)
	at io.michaelcane.Commands.&lt;init&gt;(Commands.java:5)
	at io.michaelcane.Calculator.&lt;init&gt;(Calculator.java:6)
	at io.michaelcane.Commands.&lt;init&gt;(Commands.java:5)
	at io.michaelcane.Calculator.&lt;init&gt;(Calculator.java:6)
	at io.michaelcane.Commands.&lt;init&gt;(Commands.java:5)
	at io.michaelcane.Calculator.&lt;init&gt;(Calculator.java:6)
	at io.michaelcane.Commands.&lt;init&gt;(Commands.java:5)
	at io.michaelcane.Calculator.&lt;init&gt;(Calculator.java:6)
	at io.michaelcane.Commands.&lt;init&gt;(Commands.java:5)
	at io.michaelcane.Calculator.&lt;init&gt;(Calculator.java:6)
	at io.michaelcane.Commands.&lt;init&gt;(Commands.java:5)
	at io.michaelcane.Calculator.&lt;init&gt;(Calculator.java:6)
	at io.michaelcane.Commands.&lt;init&gt;(Commands.java:5)
	at io.michaelcane.Calculator.&lt;init&gt;(Calculator.java:6)
	at io.michaelcane.Commands.&lt;init&gt;(Commands.java:5)
	at io.michaelcane.Calculator.&lt;init&gt;(Calculator.java:6)
	at io.michaelcane.Commands.&lt;init&gt;(Commands.java:5)
	at io.michaelcane.Calculator.&lt;init&gt;(Calculator.java:6)
	at io.michaelcane.Commands.&lt;init&gt;(Commands.java:5)
	at io.michaelcane.Calculator.&lt;init&gt;(Calculator.java:6)
	at io.michaelcane.Commands.&lt;init&gt;(Commands.java:5)
	at io.michaelcane.Calculator.&lt;init&gt;(Calculator.java:6)
	at io.michaelcane.Commands.&lt;init&gt;(Commands.java:5)
	at io.michaelcane.Calculator.&lt;init&gt;(Calculator.java:6)
	at io.michaelcane.Commands.&lt;init&gt;(Commands.java:5)
	at io.michaelcane.Calculator.&lt;init&gt;(Calculator.java:6)
	at io.michaelcane.Commands.&lt;init&gt;(Commands.java:5)
	at io.michaelcane.Calculator.&lt;init&gt;(Calculator.java:6)
	at io.michaelcane.Commands.&lt;init&gt;(Commands.java:5)
	at io.michaelcane.Calculator.&lt;init&gt;(Calculator.java:6)
	at io.michaelcane.Commands.&lt;init&gt;(Commands.java:5)
	at io.michaelcane.Calculator.&lt;init&gt;(Calculator.java:6)
	at io.michaelcane.Commands.&lt;init&gt;(Commands.java:5)
	at io.michaelcane.Calculator.&lt;init&gt;(Calculator.java:6)
	at io.michaelcane.Commands.&lt;init&gt;(Commands.java:5)
	at io.michaelcane.Calculator.&lt;init&gt;(Calculator.java:6)
	at io.michaelcane.Commands.&lt;init&gt;(Commands.java:5)
	at io.michaelcane.Calculator.&lt;init&gt;(Calculator.java:6)
	at io.michaelcane.Commands.&lt;init&gt;(Commands.java:5)
	at io.michaelcane.Calculator.&lt;init&gt;(Calculator.java:6)
	at io.michaelcane.Commands.&lt;init&gt;(Commands.java:5)
	at io.michaelcane.Calculator.&lt;init&gt;(Calculator.java:6)
	at io.michaelcane.Commands.&lt;init&gt;(Commands.java:5)
	at io.michaelcane.Calculator.&lt;init&gt;(Calculator.java:6)
	at io.michaelcane.Commands.&lt;init&gt;(Commands.java:5)
	at io.michaelcane.Calculator.&lt;init&gt;(Calculator.java:6)
	at io.michaelcane.Commands.&lt;init&gt;(Commands.java:5)
	at io.michaelcane.Calculator.&lt;init&gt;(Calculator.java:6)
	at io.michaelcane.Commands.&lt;init&gt;(Commands.java:5)
	at io.michaelcane.Calculator.&lt;init&gt;(Calculator.java:6)
	at io.michaelcane.Commands.&lt;init&gt;(Commands.java:5)
	at io.michaelcane.Calculator.&lt;init&gt;(Calculator.java:6)
	at io.michaelcane.Commands.&lt;init&gt;(Commands.java:5)
	at io.michaelcane.Calculator.&lt;init&gt;(Calculator.java:6)
	at io.michaelcane.Commands.&lt;init&gt;(Commands.java:5)
	at io.michaelcane.Calculator.&lt;init&gt;(Calculator.java:6)
	at io.michaelcane.Commands.&lt;init&gt;(Commands.java:5)
	at io.michaelcane.Calculator.&lt;init&gt;(Calculator.java:6)
	at io.michaelcane.Commands.&lt;init&gt;(Commands.java:5)
	at io.michaelcane.Calculator.&lt;init&gt;(Calculator.java:6)
	at io.michaelcane.Commands.&lt;init&gt;(Commands.java:5)
	at io.michaelcane.Calculator.&lt;init&gt;(Calculator.java:6)
	at io.michaelcane.Commands.&lt;init&gt;(Commands.java:5)
	at io.michaelcane.Calculator.&lt;init&gt;(Calculator.java:6)
	at io.michaelcane.Commands.&lt;init&gt;(Commands.java:5)
	at io.michaelcane.Calculator.&lt;init&gt;(Calculator.java:6)
	at io.michaelcane.Commands.&lt;init&gt;(Commands.java:5)
	at io.michaelcane.Calculator.&lt;init&gt;(Calculator.java:6)
	at io.michaelcane.Commands.&lt;init&gt;(Commands.java:5)
	at io.michaelcane.Calculator.&lt;init&gt;(Calculator.java:6)
	at io.michaelcane.Commands.&lt;init&gt;(Commands.java:5)
	at io.michaelcane.Calculator.&lt;init&gt;(Calculator.java:6)
	at io.michaelcane.Commands.&lt;init&gt;(Commands.java:5)
	at io.michaelcane.Calculator.&lt;init&gt;(Calculator.java:6)
	at io.michaelcane.Commands.&lt;init&gt;(Commands.java:5)
	at io.michaelcane.Calculator.&lt;init&gt;(Calculator.java:6)
	at io.michaelcane.Commands.&lt;init&gt;(Commands.java:5)
	at io.michaelcane.Calculator.&lt;init&gt;(Calculator.java:6)
	at io.michaelcane.Commands.&lt;init&gt;(Commands.java:5)
	at io.michaelcane.Calculator.&lt;init&gt;(Calculator.java:6)
	at io.michaelcane.Commands.&lt;init&gt;(Commands.java:5)
	at io.michaelcane.Calculator.&lt;init&gt;(Calculator.java:6)
	at io.michaelcane.Commands.&lt;init&gt;(Commands.java:5)
	at io.michaelcane.Calculator.&lt;init&gt;(Calculator.java:6)
	at io.michaelcane.Commands.&lt;init&gt;(Commands.java:5)
	at io.michaelcane.Calculator.&lt;init&gt;(Calculator.java:6)
	at io.michaelcane.Commands.&lt;init&gt;(Commands.java:5)
	at io.michaelcane.Calculator.&lt;init&gt;(Calculator.java:6)
	at io.michaelcane.Commands.&lt;init&gt;(Commands.java:5)
	at io.michaelcane.Calculator.&lt;init&gt;(Calculator.java:6)
	at io.michaelcane.Commands.&lt;init&gt;(Commands.java:5)
	at io.michaelcane.Calculator.&lt;init&gt;(Calculator.java:6)
	at io.michaelcane.Commands.&lt;init&gt;(Commands.java:5)
	at io.michaelcane.Calculator.&lt;init&gt;(Calculator.java:6)
	at io.michaelcane.Commands.&lt;init&gt;(Commands.java:5)
	at io.michaelcane.Calculator.&lt;init&gt;(Calculator.java:6)
	at io.michaelcane.Commands.&lt;init&gt;(Commands.java:5)
	at io.michaelcane.Calculator.&lt;init&gt;(Calculator.java:6)
	at io.michaelcane.Commands.&lt;init&gt;(Commands.java:5)
	at io.michaelcane.Calculator.&lt;init&gt;(Calculator.java:6)
	at io.michaelcane.Commands.&lt;init&gt;(Commands.java:5)
	at io.michaelcane.Calculator.&lt;init&gt;(Calculator.java:6)
	at io.michaelcane.Commands.&lt;init&gt;(Commands.java:5)
	at io.michaelcane.Calculator.&lt;init&gt;(Calculator.java:6)
	at io.michaelcane.Commands.&lt;init&gt;(Commands.java:5)
	at io.michaelcane.Calculator.&lt;init&gt;(Calculator.java:6)
	at io.michaelcane.Commands.&lt;init&gt;(Commands.java:5)
	at io.michaelcane.Calculator.&lt;init&gt;(Calculator.java:6)
	at io.michaelcane.Commands.&lt;init&gt;(Commands.java:5)
	at io.michaelcane.Calculator.&lt;init&gt;(Calculator.java:6)
	at io.michaelcane.Commands.&lt;init&gt;(Commands.java:5)
	at io.michaelcane.Calculator.&lt;init&gt;(Calculator.java:6)
	at io.michaelcane.Commands.&lt;init&gt;(Commands.java:5)
	at io.michaelcane.Calculator.&lt;init&gt;(Calculator.java:6)
	at io.michaelcane.Commands.&lt;init&gt;(Commands.java:5)
	at io.michaelcane.Calculator.&lt;init&gt;(Calculator.java:6)
	at io.michaelcane.Commands.&lt;init&gt;(Commands.java:5)
	at io.michaelcane.Calculator.&lt;init&gt;(Calculator.java:6)
	at io.michaelcane.Commands.&lt;init&gt;(Commands.java:5)
	at io.michaelcane.Calculator.&lt;init&gt;(Calculator.java:6)
	at io.michaelcane.Commands.&lt;init&gt;(Commands.java:5)
	at io.michaelcane.Calculator.&lt;init&gt;(Calculator.java:6)
	at io.michaelcane.Commands.&lt;init&gt;(Commands.java:5)
	at io.michaelcane.Calculator.&lt;init&gt;(Calculator.java:6)
	at io.michaelcane.Commands.&lt;init&gt;(Commands.java:5)
	at io.michaelcane.Calculator.&lt;init&gt;(Calculator.java:6)
	at io.michaelcane.Commands.&lt;init&gt;(Commands.java:5)
	at io.michaelcane.Calculator.&lt;init&gt;(Calculator.java:6)
	at io.michaelcane.Commands.&lt;init&gt;(Commands.java:5)
	at io.michaelcane.Calculator.&lt;init&gt;(Calculator.java:6)
	at io.michaelcane.Commands.&lt;init&gt;(Commands.java:5)
	at io.michaelcane.Calculator.&lt;init&gt;(Calculator.java:6)
	at io.michaelcane.Commands.&lt;init&gt;(Commands.java:5)
	at io.michaelcane.Calculator.&lt;init&gt;(Calculator.java:6)
	at io.michaelcane.Commands.&lt;init&gt;(Commands.java:5)
	at io.michaelcane.Calculator.&lt;init&gt;(Calculator.java:6)
	at io.michaelcane.Commands.&lt;init&gt;(Commands.java:5)
	at io.michaelcane.Calculator.&lt;init&gt;(Calculator.java:6)
	at io.michaelcane.Commands.&lt;init&gt;(Commands.java:5)
	at io.michaelcane.Calculator.&lt;init&gt;(Calculator.java:6)
	at io.michaelcane.Commands.&lt;init&gt;(Commands.java:5)
	at io.michaelcane.Calculator.&lt;init&gt;(Calculator.java:6)
	at io.michaelcane.Commands.&lt;init&gt;(Commands.java:5)
	at io.michaelcane.Calculator.&lt;init&gt;(Calculator.java:6)
	at io.michaelcane.Commands.&lt;init&gt;(Commands.java:5)
	at io.michaelcane.Calculator.&lt;init&gt;(Calculator.java:6)
	at io.michaelcane.Commands.&lt;init&gt;(Commands.java:5)
	at io.michaelcane.Calculator.&lt;init&gt;(Calculator.java:6)
	at io.michaelcane.Commands.&lt;init&gt;(Commands.java:5)
	at io.michaelcane.Calculator.&lt;init&gt;(Calculator.java:6)
	at io.michaelcane.Commands.&lt;init&gt;(Commands.java:5)
	at io.michaelcane.Calculator.&lt;init&gt;(Calculator.java:6)
	at io.michaelcane.Commands.&lt;init&gt;(Commands.java:5)
	at io.michaelcane.Calculator.&lt;init&gt;(Calculator.java:6)
	at io.michaelcane.Commands.&lt;init&gt;(Commands.java:5)
	at io.michaelcane.Calculator.&lt;init&gt;(Calculator.java:6)
	at io.michaelcane.Commands.&lt;init&gt;(Commands.java:5)
	at io.michaelcane.Calculator.&lt;init&gt;(Calculator.java:6)
	at io.michaelcane.Commands.&lt;init&gt;(Commands.java:5)
	at io.michaelcane.Calculator.&lt;init&gt;(Calculator.java:6)
	at io.michaelcane.Commands.&lt;init&gt;(Commands.java:5)
	at io.michaelcane.Calculator.&lt;init&gt;(Calculator.java:6)
	at io.michaelcane.Commands.&lt;init&gt;(Commands.java:5)
	at io.michaelcane.Calculator.&lt;init&gt;(Calculator.java:6)
	at io.michaelcane.Commands.&lt;init&gt;(Commands.java:5)
	at io.michaelcane.Calculator.&lt;init&gt;(Calculator.java:6)
	at io.michaelcane.Commands.&lt;init&gt;(Commands.java:5)
	at io.michaelcane.Calculator.&lt;init&gt;(Calculator.java:6)
	at io.michaelcane.Commands.&lt;init&gt;(Commands.java:5)
	at io.michaelcane.Calculator.&lt;init&gt;(Calculator.java:6)
	at io.michaelcane.Commands.&lt;init&gt;(Commands.java:5)
	at io.michaelcane.Calculator.&lt;init&gt;(Calculator.java:6)
	at io.michaelcane.Commands.&lt;init&gt;(Commands.java:5)
	at io.michaelcane.Calculator.&lt;init&gt;(Calculator.java:6)
	at io.michaelcane.Commands.&lt;init&gt;(Commands.java:5)
	at io.michaelcane.Calculator.&lt;init&gt;(Calculator.java:6)
	at io.michaelcane.Commands.&lt;init&gt;(Commands.java:5)
	at io.michaelcane.Calculator.&lt;init&gt;(Calculator.java:6)
	at io.michaelcane.Commands.&lt;init&gt;(Commands.java:5)
	at io.michaelcane.Calculator.&lt;init&gt;(Calculator.java:6)
	at io.michaelcane.Commands.&lt;init&gt;(Commands.java:5)
	at io.michaelcane.Calculator.&lt;init&gt;(Calculator.java:6)
	at io.michaelcane.Commands.&lt;init&gt;(Commands.java:5)
	at io.michaelcane.Calculator.&lt;init&gt;(Calculator.java:6)
	at io.michaelcane.Commands.&lt;init&gt;(Commands.java:5)
	at io.michaelcane.Calculator.&lt;init&gt;(Calculator.java:6)
	at io.michaelcane.Commands.&lt;init&gt;(Commands.java:5)
	at io.michaelcane.Calculator.&lt;init&gt;(Calculator.java:6)
	at io.michaelcane.Commands.&lt;init&gt;(Commands.java:5)
	at io.michaelcane.Calculator.&lt;init&gt;(Calculator.java:6)
	at io.michaelcane.Commands.&lt;init&gt;(Commands.java:5)
	at io.michaelcane.Calculator.&lt;init&gt;(Calculator.java:6)
	at io.michaelcane.Commands.&lt;init&gt;(Commands.java:5)
	at io.michaelcane.Calculator.&lt;init&gt;(Calculator.java:6)
	at io.michaelcane.Commands.&lt;init&gt;(Commands.java:5)
	at io.michaelcane.Calculator.&lt;init&gt;(Calculator.java:6)
	at io.michaelcane.Commands.&lt;init&gt;(Commands.java:5)
	at io.michaelcane.Calculator.&lt;init&gt;(Calculator.java:6)
	at io.michaelcane.Commands.&lt;init&gt;(Commands.java:5)
	at io.michaelcane.Calculator.&lt;init&gt;(Calculator.java:6)
	at io.michaelcane.Commands.&lt;init&gt;(Commands.java:5)
	at io.michaelcane.Calculator.&lt;init&gt;(Calculator.java:6)
	at io.michaelcane.Commands.&lt;init&gt;(Commands.java:5)
	at io.michaelcane.Calculator.&lt;init&gt;(Calculator.java:6)
	at io.michaelcane.Commands.&lt;init&gt;(Commands.java:5)
	at io.michaelcane.Calculator.&lt;init&gt;(Calculator.java:6)
	at io.michaelcane.Commands.&lt;init&gt;(Commands.java:5)
	at io.michaelcane.Calculator.&lt;init&gt;(Calculator.java:6)
	at io.michaelcane.Commands.&lt;init&gt;(Commands.java:5)
	at io.michaelcane.Calculator.&lt;init&gt;(Calculator.java:6)
	at io.michaelcane.Commands.&lt;init&gt;(Commands.java:5)
	at io.michaelcane.Calculator.&lt;init&gt;(Calculator.java:6)
	at io.michaelcane.Commands.&lt;init&gt;(Commands.java:5)
	at io.michaelcane.Calculator.&lt;init&gt;(Calculator.java:6)
	at io.michaelcane.Commands.&lt;init&gt;(Commands.java:5)
	at io.michaelcane.Calculator.&lt;init&gt;(Calculator.java:6)
	at io.michaelcane.Commands.&lt;init&gt;(Commands.java:5)
	at io.michaelcane.Calculator.&lt;init&gt;(Calculator.java:6)
	at io.michaelcane.Commands.&lt;init&gt;(Commands.java:5)
	at io.michaelcane.Calculator.&lt;init&gt;(Calculator.java:6)
	at io.michaelcane.Commands.&lt;init&gt;(Commands.java:5)
	at io.michaelcane.Calculator.&lt;init&gt;(Calculator.java:6)
	at io.michaelcane.Commands.&lt;init&gt;(Commands.java:5)
	at io.michaelcane.Calculator.&lt;init&gt;(Calculator.java:6)
	at io.michaelcane.Commands.&lt;init&gt;(Commands.java:5)
	at io.michaelcane.Calculator.&lt;init&gt;(Calculator.java:6)
	at io.michaelcane.Commands.&lt;init&gt;(Commands.java:5)
	at io.michaelcane.Calculator.&lt;init&gt;(Calculator.java:6)
	at io.michaelcane.Commands.&lt;init&gt;(Commands.java:5)
	at io.michaelcane.Calculator.&lt;init&gt;(Calculator.java:6)
	at io.michaelcane.Commands.&lt;init&gt;(Commands.java:5)
	at io.michaelcane.Calculator.&lt;init&gt;(Calculator.java:6)
	at io.michaelcane.Commands.&lt;init&gt;(Commands.java:5)
	at io.michaelcane.Calculator.&lt;init&gt;(Calculator.java:6)
	at io.michaelcane.Commands.&lt;init&gt;(Commands.java:5)
	at io.michaelcane.Calculator.&lt;init&gt;(Calculator.java:6)
	at io.michaelcane.Commands.&lt;init&gt;(Commands.java:5)
	at io.michaelcane.Calculator.&lt;init&gt;(Calculator.java:6)
	at io.michaelcane.Commands.&lt;init&gt;(Commands.java:5)
	at io.michaelcane.Calculator.&lt;init&gt;(Calculator.java:6)
	at io.michaelcane.Commands.&lt;init&gt;(Commands.java:5)
	at io.michaelcane.Calculator.&lt;init&gt;(Calculator.java:6)
	at io.michaelcane.Commands.&lt;init&gt;(Commands.java:5)
	at io.michaelcane.Calculator.&lt;init&gt;(Calculator.java:6)
	at io.michaelcane.Commands.&lt;init&gt;(Commands.java:5)
	at io.michaelcane.Calculator.&lt;init&gt;(Calculator.java:6)
	at io.michaelcane.Commands.&lt;init&gt;(Commands.java:5)
	at io.michaelcane.Calculator.&lt;init&gt;(Calculator.java:6)
	at io.michaelcane.Commands.&lt;init&gt;(Commands.java:5)
	at io.michaelcane.Calculator.&lt;init&gt;(Calculator.java:6)
	at io.michaelcane.Commands.&lt;init&gt;(Commands.java:5)
	at io.michaelcane.Calculator.&lt;init&gt;(Calculator.java:6)
	at io.michaelcane.Commands.&lt;init&gt;(Commands.java:5)
	at io.michaelcane.Calculator.&lt;init&gt;(Calculator.java:6)
	at io.michaelcane.Commands.&lt;init&gt;(Commands.java:5)
	at io.michaelcane.Calculator.&lt;init&gt;(Calculator.java:6)
	at io.michaelcane.Commands.&lt;init&gt;(Commands.java:5)
	at io.michaelcane.Calculator.&lt;init&gt;(Calculator.java:6)
	at io.michaelcane.Commands.&lt;init&gt;(Commands.java:5)
	at io.michaelcane.Calculator.&lt;init&gt;(Calculator.java:6)
	at io.michaelcane.Commands.&lt;init&gt;(Commands.java:5)
	at io.michaelcane.Calculator.&lt;init&gt;(Calculator.java:6)
	at io.michaelcane.Commands.&lt;init&gt;(Commands.java:5)
	at io.michaelcane.Calculator.&lt;init&gt;(Calculator.java:6)
	at io.michaelcane.Commands.&lt;init&gt;(Commands.java:5)
	at io.michaelcane.Calculator.&lt;init&gt;(Calculator.java:6)
	at io.michaelcane.Commands.&lt;init&gt;(Commands.java:5)
	at io.michaelcane.Calculator.&lt;init&gt;(Calculator.java:6)
	at io.michaelcane.Commands.&lt;init&gt;(Commands.java:5)
	at io.michaelcane.Calculator.&lt;init&gt;(Calculator.java:6)
	at io.michaelcane.Commands.&lt;init&gt;(Commands.java:5)
	at io.michaelcane.Calculator.&lt;init&gt;(Calculator.java:6)
	at io.michaelcane.Commands.&lt;init&gt;(Commands.java:5)
	at io.michaelcane.Calculator.&lt;init&gt;(Calculator.java:6)
	at io.michaelcane.Commands.&lt;init&gt;(Commands.java:5)
	at io.michaelcane.Calculator.&lt;init&gt;(Calculator.java:6)
	at io.michaelcane.Commands.&lt;init&gt;(Commands.java:5)
	at io.michaelcane.Calculator.&lt;init&gt;(Calculator.java:6)
	at io.michaelcane.Commands.&lt;init&gt;(Commands.java:5)
	at io.michaelcane.Calculator.&lt;init&gt;(Calculator.java:6)
	at io.michaelcane.Commands.&lt;init&gt;(Commands.java:5)
	at io.michaelcane.Calculator.&lt;init&gt;(Calculator.java:6)
	at io.michaelcane.Commands.&lt;init&gt;(Commands.java:5)
	at io.michaelcane.Calculator.&lt;init&gt;(Calculator.java:6)
	at io.michaelcane.Commands.&lt;init&gt;(Commands.java:5)
	at io.michaelcane.Calculator.&lt;init&gt;(Calculator.java:6)
	at io.michaelcane.Commands.&lt;init&gt;(Commands.java:5)
	at io.michaelcane.Calculator.&lt;init&gt;(Calculator.java:6)
	at io.michaelcane.Commands.&lt;init&gt;(Commands.java:5)
	at io.michaelcane.Calculator.&lt;init&gt;(Calculator.java:6)
	at io.michaelcane.Commands.&lt;init&gt;(Commands.java:5)
	at io.michaelcane.Calculator.&lt;init&gt;(Calculator.java:6)
	at io.michaelcane.Commands.&lt;init&gt;(Commands.java:5)
	at io.michaelcane.Calculator.&lt;init&gt;(Calculator.java:6)
	at io.michaelcane.Commands.&lt;init&gt;(Commands.java:5)
	at io.michaelcane.Calculator.&lt;init&gt;(Calculator.java:6)
	at io.michaelcane.Commands.&lt;init&gt;(Commands.java:5)
	at io.michaelcane.Calculator.&lt;init&gt;(Calculator.java:6)
	at io.michaelcane.Commands.&lt;init&gt;(Commands.java:5)
	at io.michaelcane.Calculator.&lt;init&gt;(Calculator.java:6)
	at io.michaelcane.Commands.&lt;init&gt;(Commands.java:5)
	at io.michaelcane.Calculator.&lt;init&gt;(Calculator.java:6)
	at io.michaelcane.Commands.&lt;init&gt;(Commands.java:5)
	at io.michaelcane.Calculator.&lt;init&gt;(Calculator.java:6)
	at io.michaelcane.Commands.&lt;init&gt;(Commands.java:5)
	at io.michaelcane.Calculator.&lt;init&gt;(Calculator.java:6)
	at io.michaelcane.Commands.&lt;init&gt;(Commands.java:5)
	at io.michaelcane.Calculator.&lt;init&gt;(Calculator.java:6)
	at io.michaelcane.Commands.&lt;init&gt;(Commands.java:5)
	at io.michaelcane.Calculator.&lt;init&gt;(Calculator.java:6)
	at io.michaelcane.Commands.&lt;init&gt;(Commands.java:5)
	at io.michaelcane.Calculator.&lt;init&gt;(Calculator.java:6)
	at io.michaelcane.Commands.&lt;init&gt;(Commands.java:5)
	at io.michaelcane.Calculator.&lt;init&gt;(Calculator.java:6)
	at io.michaelcane.Commands.&lt;init&gt;(Commands.java:5)
	at io.michaelcane.Calculator.&lt;init&gt;(Calculator.java:6)
	at io.michaelcane.Commands.&lt;init&gt;(Commands.java:5)
	at io.michaelcane.Calculator.&lt;init&gt;(Calculator.java:6)
	at io.michaelcane.Commands.&lt;init&gt;(Commands.java:5)
	at io.michaelcane.Calculator.&lt;init&gt;(Calculator.java:6)
	at io.michaelcane.Commands.&lt;init&gt;(Commands.java:5)
	at io.michaelcane.Calculator.&lt;init&gt;(Calculator.java:6)
	at io.michaelcane.Commands.&lt;init&gt;(Commands.java:5)
	at io.michaelcane.Calculator.&lt;init&gt;(Calculator.java:6)
	at io.michaelcane.Commands.&lt;init&gt;(Commands.java:5)
	at io.michaelcane.Calculator.&lt;init&gt;(Calculator.java:6)
	at io.michaelcane.Commands.&lt;init&gt;(Commands.java:5)
	at io.michaelcane.Calculator.&lt;init&gt;(Calculator.java:6)
	at io.michaelcane.Commands.&lt;init&gt;(Commands.java:5)
	at io.michaelcane.Calculator.&lt;init&gt;(Calculator.java:6)
	at io.michaelcane.Commands.&lt;init&gt;(Commands.java:5)
	at io.michaelcane.Calculator.&lt;init&gt;(Calculator.java:6)
	at io.michaelcane.Commands.&lt;init&gt;(Commands.java:5)
	at io.michaelcane.Calculator.&lt;init&gt;(Calculator.java:6)
	at io.michaelcane.Commands.&lt;init&gt;(Commands.java:5)
	at io.michaelcane.Calculator.&lt;init&gt;(Calculator.java:6)
	at io.michaelcane.Commands.&lt;init&gt;(Commands.java:5)
	at io.michaelcane.Calculator.&lt;init&gt;(Calculator.java:6)
	at io.michaelcane.Commands.&lt;init&gt;(Commands.java:5)
	at io.michaelcane.Calculator.&lt;init&gt;(Calculator.java:6)
	at io.michaelcane.Commands.&lt;init&gt;(Commands.java:5)
	at io.michaelcane.Calculator.&lt;init&gt;(Calculator.java:6)
	at io.michaelcane.Commands.&lt;init&gt;(Commands.java:5)
	at io.michaelcane.Calculator.&lt;init&gt;(Calculator.java:6)
	at io.michaelcane.Commands.&lt;init&gt;(Commands.java:5)
	at io.michaelcane.Calculator.&lt;init&gt;(Calculator.java:6)
	at io.michaelcane.Commands.&lt;init&gt;(Commands.java:5)
	at io.michaelcane.Calculator.&lt;init&gt;(Calculator.java:6)
	at io.michaelcane.Commands.&lt;init&gt;(Commands.java:5)
	at io.michaelcane.Calculator.&lt;init&gt;(Calculator.java:6)
	at io.michaelcane.Commands.&lt;init&gt;(Commands.java:5)
	at io.michaelcane.Calculator.&lt;init&gt;(Calculator.java:6)
	at io.michaelcane.Commands.&lt;init&gt;(Commands.java:5)
	at io.michaelcane.Calculator.&lt;init&gt;(Calculator.java:6)
	at io.michaelcane.Commands.&lt;init&gt;(Commands.java:5)
	at io.michaelcane.Calculator.&lt;init&gt;(Calculator.java:6)
	at io.michaelcane.Commands.&lt;init&gt;(Commands.java:5)
	at io.michaelcane.Calculator.&lt;init&gt;(Calculator.java:6)
	at io.michaelcane.Commands.&lt;init&gt;(Commands.java:5)
	at io.michaelcane.Calculator.&lt;init&gt;(Calculator.java:6)
	at io.michaelcane.Commands.&lt;init&gt;(Commands.java:5)
	at io.michaelcane.Calculator.&lt;init&gt;(Calculator.java:6)
	at io.michaelcane.Commands.&lt;init&gt;(Commands.java:5)
	at io.michaelcane.Calculator.&lt;init&gt;(Calculator.java:6)
	at io.michaelcane.Commands.&lt;init&gt;(Commands.java:5)
	at io.michaelcane.Calculator.&lt;init&gt;(Calculator.java:6)
	at io.michaelcane.Commands.&lt;init&gt;(Commands.java:5)
	at io.michaelcane.Calculator.&lt;init&gt;(Calculator.java:6)
	at io.michaelcane.Commands.&lt;init&gt;(Commands.java:5)
	at io.michaelcane.Calculator.&lt;init&gt;(Calculator.java:6)
	at io.michaelcane.Commands.&lt;init&gt;(Commands.java:5)
	at io.michaelcane.Calculator.&lt;init&gt;(Calculator.java:6)
	at io.michaelcane.Commands.&lt;init&gt;(Commands.java:5)
	at io.michaelcane.Calculator.&lt;init&gt;(Calculator.java:6)
	at io.michaelcane.Commands.&lt;init&gt;(Commands.java:5)
	at io.michaelcane.Calculator.&lt;init&gt;(Calculator.java:6)
	at io.michaelcane.Commands.&lt;init&gt;(Commands.java:5)
	at io.michaelcane.Calculator.&lt;init&gt;(Calculator.java:6)
	at io.michaelcane.Commands.&lt;init&gt;(Commands.java:5)
	at io.michaelcane.Calculator.&lt;init&gt;(Calculator.java:6)
	at io.michaelcane.Commands.&lt;init&gt;(Commands.java:5)
	at io.michaelcane.Calculator.&lt;init&gt;(Calculator.java:6)
	at io.michaelcane.Commands.&lt;init&gt;(Commands.java:5)
	at io.michaelcane.Calculator.&lt;init&gt;(Calculator.java:6)
	at io.michaelcane.Commands.&lt;init&gt;(Commands.java:5)
	at io.michaelcane.Calculator.&lt;init&gt;(Calculator.java:6)
	at io.michaelcane.Commands.&lt;init&gt;(Commands.java:5)
	at io.michaelcane.Calculator.&lt;init&gt;(Calculator.java:6)
	at io.michaelcane.Commands.&lt;init&gt;(Commands.java:5)
	at io.michaelcane.Calculator.&lt;init&gt;(Calculator.java:6)
	at io.michaelcane.Commands.&lt;init&gt;(Commands.java:5)
	at io.michaelcane.Calculator.&lt;init&gt;(Calculator.java:6)
	at io.michaelcane.Commands.&lt;init&gt;(Commands.java:5)
	at io.michaelcane.Calculator.&lt;init&gt;(Calculator.java:6)
	at io.michaelcane.Commands.&lt;init&gt;(Commands.java:5)
	at io.michaelcane.Calculator.&lt;init&gt;(Calculator.java:6)
	at io.michaelcane.Commands.&lt;init&gt;(Commands.java:5)
	at io.michaelcane.Calculator.&lt;init&gt;(Calculator.java:6)
	at io.michaelcane.Commands.&lt;init&gt;(Commands.java:5)
	at io.michaelcane.Calculator.&lt;init&gt;(Calculator.java:6)
	at io.michaelcane.Commands.&lt;init&gt;(Commands.java:5)
	at io.michaelcane.Calculator.&lt;init&gt;(Calculator.java:6)
	at io.michaelcane.Commands.&lt;init&gt;(Commands.java:5)
	at io.michaelcane.Calculator.&lt;init&gt;(Calculator.java:6)
	at io.michaelcane.Commands.&lt;init&gt;(Commands.java:5)
	at io.michaelcane.Calculator.&lt;init&gt;(Calculator.java:6)
	at io.michaelcane.Commands.&lt;init&gt;(Commands.java:5)
	at io.michaelcane.Calculator.&lt;init&gt;(Calculator.java:6)
	at io.michaelcane.Commands.&lt;init&gt;(Commands.java:5)
	at io.michaelcane.Calculator.&lt;init&gt;(Calculator.java:6)
	at io.michaelcane.Commands.&lt;init&gt;(Commands.java:5)
	at io.michaelcane.Calculator.&lt;init&gt;(Calculator.java:6)
	at io.michaelcane.Commands.&lt;init&gt;(Commands.java:5)
	at io.michaelcane.Calculator.&lt;init&gt;(Calculator.java:6)
	at io.michaelcane.Commands.&lt;init&gt;(Commands.java:5)
	at io.michaelcane.Calculator.&lt;init&gt;(Calculator.java:6)
	at io.michaelcane.Commands.&lt;init&gt;(Commands.java:5)
	at io.michaelcane.Calculator.&lt;init&gt;(Calculator.java:6)
	at io.michaelcane.Commands.&lt;init&gt;(Commands.java:5)
	at io.michaelcane.Calculator.&lt;init&gt;(Calculator.java:6)
	at io.michaelcane.Commands.&lt;init&gt;(Commands.java:5)
	at io.michaelcane.Calculator.&lt;init&gt;(Calculator.java:6)
	at io.michaelcane.Commands.&lt;init&gt;(Commands.java:5)
	at io.michaelcane.Calculator.&lt;init&gt;(Calculator.java:6)
	at io.michaelcane.Commands.&lt;init&gt;(Commands.java:5)
	at io.michaelcane.Calculator.&lt;init&gt;(Calculator.java:6)
	at io.michaelcane.Commands.&lt;init&gt;(Commands.java:5)
	at io.michaelcane.Calculator.&lt;init&gt;(Calculator.java:6)
	at io.michaelcane.Commands.&lt;init&gt;(Commands.java:5)
	at io.michaelcane.Calculator.&lt;init&gt;(Calculator.java:6)
	at io.michaelcane.Commands.&lt;init&gt;(Commands.java:5)
	at io.michaelcane.Calculator.&lt;init&gt;(Calculator.java:6)
	at io.michaelcane.Commands.&lt;init&gt;(Commands.java:5)
	at io.michaelcane.Calculator.&lt;init&gt;(Calculator.java:6)
	at io.michaelcane.Commands.&lt;init&gt;(Commands.java:5)
	at io.michaelcane.Calculator.&lt;init&gt;(Calculator.java:6)
	at io.michaelcane.Commands.&lt;init&gt;(Commands.java:5)
	at io.michaelcane.Calculator.&lt;init&gt;(Calculator.java:6)
	at io.michaelcane.Commands.&lt;init&gt;(Commands.java:5)
	at io.michaelcane.Calculator.&lt;init&gt;(Calculator.java:6)
	at io.michaelcane.Commands.&lt;init&gt;(Commands.java:5)
	at io.michaelcane.Calculator.&lt;init&gt;(Calculator.java:6)
	at io.michaelcane.Commands.&lt;init&gt;(Commands.java:5)
	at io.michaelcane.Calculator.&lt;init&gt;(Calculator.java:6)
	at io.michaelcane.Commands.&lt;init&gt;(Commands.java:5)
	at io.michaelcane.Calculator.&lt;init&gt;(Calculator.java:6)
	at io.michaelcane.Commands.&lt;init&gt;(Commands.java:5)
	at io.michaelcane.Calculator.&lt;init&gt;(Calculator.java:6)
	at io.michaelcane.Commands.&lt;init&gt;(Commands.java:5)
	at io.michaelcane.Calculator.&lt;init&gt;(Calculator.java:6)
	at io.michaelcane.Commands.&lt;init&gt;(Commands.java:5)
	at io.michaelcane.Calculator.&lt;init&gt;(Calculator.java:6)
	at io.michaelcane.Commands.&lt;init&gt;(Commands.java:5)
	at io.michaelcane.Calculator.&lt;init&gt;(Calculator.java:6)
	at io.michaelcane.Commands.&lt;init&gt;(Commands.java:5)
	at io.michaelcane.Calculator.&lt;init&gt;(Calculator.java:6)
	at io.michaelcane.Commands.&lt;init&gt;(Commands.java:5)
	at io.michaelcane.Calculator.&lt;init&gt;(Calculator.java:6)
	at io.michaelcane.Commands.&lt;init&gt;(Commands.java:5)
	at io.michaelcane.Calculator.&lt;init&gt;(Calculator.java:6)
	at io.michaelcane.Commands.&lt;init&gt;(Commands.java:5)
	at io.michaelcane.Calculator.&lt;init&gt;(Calculator.java:6)
	at io.michaelcane.Commands.&lt;init&gt;(Commands.java:5)
	at io.michaelcane.Calculator.&lt;init&gt;(Calculator.java:6)
	at io.michaelcane.Commands.&lt;init&gt;(Commands.java:5)
	at io.michaelcane.Calculator.&lt;init&gt;(Calculator.java:6)
	at io.michaelcane.Commands.&lt;init&gt;(Commands.java:5)
	at io.michaelcane.Calculator.&lt;init&gt;(Calculator.java:6)
	at io.michaelcane.Commands.&lt;init&gt;(Commands.java:5)
	at io.michaelcane.Calculator.&lt;init&gt;(Calculator.java:6)
	at io.michaelcane.Commands.&lt;init&gt;(Commands.java:5)
	at io.michaelcane.Calculator.&lt;init&gt;(Calculator.java:6)
	at io.michaelcane.Commands.&lt;init&gt;(Commands.java:5)
	at io.michaelcane.Calculator.&lt;init&gt;(Calculator.java:6)
	at io.michaelcane.Commands.&lt;init&gt;(Commands.java:5)
	at io.michaelcane.Calculator.&lt;init&gt;(Calculator.java:6)
	at io.michaelcane.Commands.&lt;init&gt;(Commands.java:5)
	at io.michaelcane.Calculator.&lt;init&gt;(Calculator.java:6)
	at io.michaelcane.Commands.&lt;init&gt;(Commands.java:5)
	at io.michaelcane.Calculator.&lt;init&gt;(Calculator.java:6)
	at io.michaelcane.Commands.&lt;init&gt;(Commands.java:5)
	at io.michaelcane.Calculator.&lt;init&gt;(Calculator.java:6)
	at io.michaelcane.Commands.&lt;init&gt;(Commands.java:5)
	at io.michaelcane.Calculator.&lt;init&gt;(Calculator.java:6)
	at io.michaelcane.Commands.&lt;init&gt;(Commands.java:5)
	at io.michaelcane.Calculator.&lt;init&gt;(Calculator.java:6)
	at io.michaelcane.Commands.&lt;init&gt;(Commands.java:5)
	at io.michaelcane.Calculator.&lt;init&gt;(Calculator.java:6)
	at io.michaelcane.Commands.&lt;init&gt;(Commands.java:5)
	at io.michaelcane.Calculator.&lt;init&gt;(Calculator.java:6)
	at io.michaelcane.Commands.&lt;init&gt;(Commands.java:5)
	at io.michaelcane.Calculator.&lt;init&gt;(Calculator.java:6)
	at io.michaelcane.Commands.&lt;init&gt;(Commands.java:5)
	at io.michaelcane.Calculator.&lt;init&gt;(Calculator.java:6)
	at io.michaelcane.Commands.&lt;init&gt;(Commands.java:5)
	at io.michaelcane.Calculator.&lt;init&gt;(Calculator.java:6)
	at io.michaelcane.Commands.&lt;init&gt;(Commands.java:5)
	at io.michaelcane.Calculator.&lt;init&gt;(Calculator.java:6)
	at io.michaelcane.Commands.&lt;init&gt;(Commands.java:5)
	at io.michaelcane.Calculator.&lt;init&gt;(Calculator.java:6)
	at io.michaelcane.Commands.&lt;init&gt;(Commands.java:5)
	at io.michaelcane.Calculator.&lt;init&gt;(Calculator.java:6)
	at io.michaelcane.Commands.&lt;init&gt;(Commands.java:5)
	at io.michaelcane.Calculator.&lt;init&gt;(Calculator.java:6)
	at io.michaelcane.Commands.&lt;init&gt;(Commands.java:5)
	at io.michaelcane.Calculator.&lt;init&gt;(Calculator.java:6)
	at io.michaelcane.Commands.&lt;init&gt;(Commands.java:5)
	at io.michaelcane.Calculator.&lt;init&gt;(Calculator.java:6)
	at io.michaelcane.Commands.&lt;init&gt;(Commands.java:5)
	at io.michaelcane.Calculator.&lt;init&gt;(Calculator.java:6)
	at io.michaelcane.Commands.&lt;init&gt;(Commands.java:5)
	at io.michaelcane.Calculator.&lt;init&gt;(Calculator.java:6)
	at io.michaelcane.Commands.&lt;init&gt;(Commands.java:5)
	at io.michaelcane.Calculator.&lt;init&gt;(Calculator.java:6)
	at io.michaelcane.Commands.&lt;init&gt;(Commands.java:5)
	at io.michaelcane.Calculator.&lt;init&gt;(Calculator.java:6)
	at io.michaelcane.Commands.&lt;init&gt;(Commands.java:5)
	at io.michaelcane.Calculator.&lt;init&gt;(Calculator.java:6)
	at io.michaelcane.Commands.&lt;init&gt;(Commands.java:5)
	at io.michaelcane.Calculator.&lt;init&gt;(Calculator.java:6)
	at io.michaelcane.Commands.&lt;init&gt;(Commands.java:5)
	at io.michaelcane.Calculator.&lt;init&gt;(Calculator.java:6)
	at io.michaelcane.Commands.&lt;init&gt;(Commands.java:5)
	at io.michaelcane.Calculator.&lt;init&gt;(Calculator.java:6)
	at io.michaelcane.Commands.&lt;init&gt;(Commands.java:5)
	at io.michaelcane.Calculator.&lt;init&gt;(Calculator.java:6)
	at io.michaelcane.Commands.&lt;init&gt;(Commands.java:5)
	at io.michaelcane.Calculator.&lt;init&gt;(Calculator.java:6)
	at io.michaelcane.Commands.&lt;init&gt;(Commands.java:5)
	at io.michaelcane.Calculator.&lt;init&gt;(Calculator.java:6)
	at io.michaelcane.Commands.&lt;init&gt;(Commands.java:5)
	at io.michaelcane.Calculator.&lt;init&gt;(Calculator.java:6)
	at io.michaelcane.Commands.&lt;init&gt;(Commands.java:5)
	at io.michaelcane.Calculator.&lt;init&gt;(Calculator.java:6)
	at io.michaelcane.Commands.&lt;init&gt;(Commands.java:5)
	at io.michaelcane.Calculator.&lt;init&gt;(Calculator.java:6)
	at io.michaelcane.Commands.&lt;init&gt;(Commands.java:5)
	at io.michaelcane.Calculator.&lt;init&gt;(Calculator.java:6)
	at io.michaelcane.Commands.&lt;init&gt;(Commands.java:5)
	at io.michaelcane.Calculator.&lt;init&gt;(Calculator.java:6)
	at io.michaelcane.Commands.&lt;init&gt;(Commands.java:5)
	at io.michaelcane.Calculator.&lt;init&gt;(Calculator.java:6)
	at io.michaelcane.Commands.&lt;init&gt;(Commands.java:5)
	at io.michaelcane.Calculator.&lt;init&gt;(Calculator.java:6)
	at io.michaelcane.Commands.&lt;init&gt;(Commands.java:5)
	at io.michaelcane.Calculator.&lt;init&gt;(Calculator.java:6)
	at io.michaelcane.Commands.&lt;init&gt;(Commands.java:5)
	at io.michaelcane.Calculator.&lt;init&gt;(Calculator.java:6)
	at io.michaelcane.Commands.&lt;init&gt;(Commands.java:5)
	at io.michaelcane.Calculator.&lt;init&gt;(Calculator.java:6)
	at io.michaelcane.Commands.&lt;init&gt;(Commands.java:5)
	at io.michaelcane.Calculator.&lt;init&gt;(Calculator.java:6)
	at io.michaelcane.Commands.&lt;init&gt;(Commands.java:5)
	at io.michaelcane.Calculator.&lt;init&gt;(Calculator.java:6)
	at io.michaelcane.Commands.&lt;init&gt;(Commands.java:5)
	at io.michaelcane.Calculator.&lt;init&gt;(Calculator.java:6)
	at io.michaelcane.Commands.&lt;init&gt;(Commands.java:5)
	at io.michaelcane.Calculator.&lt;init&gt;(Calculator.java:6)
	at io.michaelcane.Commands.&lt;init&gt;(Commands.java:5)
	at io.michaelcane.Calculator.&lt;init&gt;(Calculator.java:6)
	at io.michaelcane.Commands.&lt;init&gt;(Commands.java:5)
	at io.michaelcane.Calculator.&lt;init&gt;(Calculator.java:6)
	at io.michaelcane.Commands.&lt;init&gt;(Commands.java:5)
	at io.michaelcane.Calculator.&lt;init&gt;(Calculator.java:6)
	at io.michaelcane.Commands.&lt;init&gt;(Commands.java:5)
	at io.michaelcane.Calculator.&lt;init&gt;(Calculator.java:6)
	at io.michaelcane.Commands.&lt;init&gt;(Commands.java:5)
	at io.michaelcane.Calculator.&lt;init&gt;(Calculator.java:6)
	at io.michaelcane.Commands.&lt;init&gt;(Commands.java:5)
	at io.michaelcane.Calculator.&lt;init&gt;(Calculator.java:6)
	at io.michaelcane.Commands.&lt;init&gt;(Commands.java:5)
	at io.michaelcane.Calculator.&lt;init&gt;(Calculator.java:6)
	at io.michaelcane.Commands.&lt;init&gt;(Commands.java:5)
	at io.michaelcane.Calculator.&lt;init&gt;(Calculator.java:6)
	at io.michaelcane.Commands.&lt;init&gt;(Commands.java:5)
	at io.michaelcane.Calculator.&lt;init&gt;(Calculator.java:6)
	at io.michaelcane.Commands.&lt;init&gt;(Commands.java:5)
	at io.michaelcane.Calculator.&lt;init&gt;(Calculator.java:6)
	at io.michaelcane.Commands.&lt;init&gt;(Commands.java:5)
	at io.michaelcane.Calculator.&lt;init&gt;(Calculator.java:6)
	at io.michaelcane.Commands.&lt;init&gt;(Commands.java:5)
	at io.michaelcane.Calculator.&lt;init&gt;(Calculator.java:6)
	at io.michaelcane.Commands.&lt;init&gt;(Commands.java:5)
	at io.michaelcane.Calculator.&lt;init&gt;(Calculator.java:6)
	at io.michaelcane.Commands.&lt;init&gt;(Commands.java:5)
	at io.michaelcane.Calculator.&lt;init&gt;(Calculator.java:6)
	at io.michaelcane.Commands.&lt;init&gt;(Commands.java:5)
	at io.michaelcane.Calculator.&lt;init&gt;(Calculator.java:6)
	at io.michaelcane.Commands.&lt;init&gt;(Commands.java:5)
	at io.michaelcane.Calculator.&lt;init&gt;(Calculator.java:6)
	at io.michaelcane.Commands.&lt;init&gt;(Commands.java:5)
	at io.michaelcane.Calculator.&lt;init&gt;(Calculator.java:6)
	at io.michaelcane.Commands.&lt;init&gt;(Commands.java:5)
	at io.michaelcane.Calculator.&lt;init&gt;(Calculator.java:6)
	at io.michaelcane.Commands.&lt;init&gt;(Commands.java:5)
	at io.michaelcane.Calculator.&lt;init&gt;(Calculator.java:6)
	at io.michaelcane.Commands.&lt;init&gt;(Commands.java:5)
	at io.michaelcane.Calculator.&lt;init&gt;(Calculator.java:6)
	at io.michaelcane.Commands.&lt;init&gt;(Commands.java:5)
	at io.michaelcane.Calculator.&lt;init&gt;(Calculator.java:6)
	at io.michaelcane.Commands.&lt;init&gt;(Commands.java:5)
	at io.michaelcane.Calculator.&lt;init&gt;(Calculator.java:6)
	at io.michaelcane.Commands.&lt;init&gt;(Commands.java:5)
	at io.michaelcane.Calculator.&lt;init&gt;(Calculator.java:6)
	at io.michaelcane.Commands.&lt;init&gt;(Commands.java:5)
	at io.michaelcane.Calculator.&lt;init&gt;(Calculator.java:6)
	at io.michaelcane.Commands.&lt;init&gt;(Commands.java:5)
	at io.michaelcane.Calculator.&lt;init&gt;(Calculator.java:6)
	at io.michaelcane.Commands.&lt;init&gt;(Commands.java:5)
	at io.michaelcane.Calculator.&lt;init&gt;(Calculator.java:6)
	at io.michaelcane.Commands.&lt;init&gt;(Commands.java:5)
	at io.michaelcane.Calculator.&lt;init&gt;(Calculator.java:6)
	at io.michaelcane.Commands.&lt;init&gt;(Commands.java:5)
	at io.michaelcane.Calculator.&lt;init&gt;(Calculator.java:6)
	at io.michaelcane.Commands.&lt;init&gt;(Commands.java:5)
	at io.michaelcane.Calculator.&lt;init&gt;(Calculator.java:6)
	at io.michaelcane.Commands.&lt;init&gt;(Commands.java:5)
	at io.michaelcane.Calculator.&lt;init&gt;(Calculator.java:6)
	at io.michaelcane.Commands.&lt;init&gt;(Commands.java:5)
	at io.michaelcane.Calculator.&lt;init&gt;(Calculator.java:6)
	at io.michaelcane.Commands.&lt;init&gt;(Commands.java:5)
	at io.michaelcane.Calculator.&lt;init&gt;(Calculator.java:6)
	at io.michaelcane.Commands.&lt;init&gt;(Commands.java:5)
	at io.michaelcane.Calculator.&lt;init&gt;(Calculator.java:6)
	at io.michaelcane.Commands.&lt;init&gt;(Commands.java:5)
	at io.michaelcane.Calculator.&lt;init&gt;(Calculator.java:6)
	at io.michaelcane.Commands.&lt;init&gt;(Commands.java:5)
	at io.michaelcane.Calculator.&lt;init&gt;(Calculator.java:6)
	at io.michaelcane.Commands.&lt;init&gt;(Commands.java:5)
	at io.michaelcane.Calculator.&lt;init&gt;(Calculator.java:6)
	at io.michaelcane.Commands.&lt;init&gt;(Commands.java:5)
	at io.michaelcane.Calculator.&lt;init&gt;(Calculator.java:6)
	at io.michaelcane.Commands.&lt;init&gt;(Commands.java:5)
	at io.michaelcane.Calculator.&lt;init&gt;(Calculator.java:6)
	at io.michaelcane.Commands.&lt;init&gt;(Commands.java:5)
	at io.michaelcane.Calculator.&lt;init&gt;(Calculator.java:6)
	at io.michaelcane.Commands.&lt;init&gt;(Commands.java:5)
	at io.michaelcane.Calculator.&lt;init&gt;(Calculator.java:6)
	at io.michaelcane.Commands.&lt;init&gt;(Commands.java:5)
	at io.michaelcane.Calculator.&lt;init&gt;(Calculator.java:6)
	at io.michaelcane.Commands.&lt;init&gt;(Commands.java:5)
	at io.michaelcane.Calculator.&lt;init&gt;(Calculator.java:6)
	at io.michaelcane.Commands.&lt;init&gt;(Commands.java:5)
	at io.michaelcane.Calculator.&lt;init&gt;(Calculator.java:6)
	at io.michaelcane.Commands.&lt;init&gt;(Commands.java:5)
	at io.michaelcane.Calculator.&lt;init&gt;(Calculator.java:6)
	at io.michaelcane.Commands.&lt;init&gt;(Commands.java:5)
	at io.michaelcane.Calculator.&lt;init&gt;(Calculator.java:6)
	at io.michaelcane.Commands.&lt;init&gt;(Commands.java:5)
	at io.michaelcane.Calculator.&lt;init&gt;(Calculator.java:6)
	at io.michaelcane.Commands.&lt;init&gt;(Commands.java:5)
	at io.michaelcane.Calculator.&lt;init&gt;(Calculator.java:6)
	at io.michaelcane.Commands.&lt;init&gt;(Commands.java:5)
	at io.michaelcane.Calculator.&lt;init&gt;(Calculator.java:6)
	at io.michaelcane.Commands.&lt;init&gt;(Commands.java:5)
	at io.michaelcane.Calculator.&lt;init&gt;(Calculator.java:6)
	at io.michaelcane.Commands.&lt;init&gt;(Commands.java:5)
	at io.michaelcane.Calculator.&lt;init&gt;(Calculator.java:6)
	at io.michaelcane.Commands.&lt;init&gt;(Commands.java:5)
	at io.michaelcane.Calculator.&lt;init&gt;(Calculator.java:6)
	at io.michaelcane.Commands.&lt;init&gt;(Commands.java:5)
	at io.michaelcane.Calculator.&lt;init&gt;(Calculator.java:6)
	at io.michaelcane.Commands.&lt;init&gt;(Commands.java:5)
	at io.michaelcane.Calculator.&lt;init&gt;(Calculator.java:6)
	at io.michaelcane.Commands.&lt;init&gt;(Commands.java:5)
	at io.michaelcane.Calculator.&lt;init&gt;(Calculator.java:6)
	at io.michaelcane.Commands.&lt;init&gt;(Commands.java:5)
	at io.michaelcane.Calculator.&lt;init&gt;(Calculator.java:6)
	at io.michaelcane.Commands.&lt;init&gt;(Commands.java:5)
	at io.michaelcane.Calculator.&lt;init&gt;(Calculator.java:6)
	at io.michaelcane.Commands.&lt;init&gt;(Commands.java:5)
	at io.michaelcane.Calculator.&lt;init&gt;(Calculator.java:6)
	at io.michaelcane.Commands.&lt;init&gt;(Commands.java:5)
	at io.michaelcane.Calculator.&lt;init&gt;(Calculator.java:6)
	at io.michaelcane.Commands.&lt;init&gt;(Commands.java:5)
	at io.michaelcane.Calculator.&lt;init&gt;(Calculator.java:6)
	at io.michaelcane.Commands.&lt;init&gt;(Commands.java:5)
	at io.michaelcane.Calculator.&lt;init&gt;(Calculator.java:6)
	at io.michaelcane.Commands.&lt;init&gt;(Commands.java:5)
	at io.michaelcane.Calculator.&lt;init&gt;(Calculator.java:6)
	at io.michaelcane.Commands.&lt;init&gt;(Commands.java:5)
	at io.michaelcane.Calculator.&lt;init&gt;(Calculator.java:6)
	at io.michaelcane.Commands.&lt;init&gt;(Commands.java:5)
	at io.michaelcane.Calculator.&lt;init&gt;(Calculator.java:6)
	at io.michaelcane.Commands.&lt;init&gt;(Commands.java:5)
	at io.michaelcane.Calculator.&lt;init&gt;(Calculator.java:6)
	at io.michaelcane.Commands.&lt;init&gt;(Commands.java:5)
	at io.michaelcane.Calculator.&lt;init&gt;(Calculator.java:6)
	at io.michaelcane.Commands.&lt;init&gt;(Commands.java:5)
	at io.michaelcane.Calculator.&lt;init&gt;(Calculator.java:6)
	at io.michaelcane.Commands.&lt;init&gt;(Commands.java:5)
	at io.michaelcane.Calculator.&lt;init&gt;(Calculator.java:6)
	at io.michaelcane.Commands.&lt;init&gt;(Commands.java:5)
	at io.michaelcane.Calculator.&lt;init&gt;(Calculator.java:6)
	at io.michaelcane.Commands.&lt;init&gt;(Commands.java:5)
	at io.michaelcane.Calculator.&lt;init&gt;(Calculator.java:6)
	at io.michaelcane.Commands.&lt;init&gt;(Commands.java:5)
	at io.michaelcane.Calculator.&lt;init&gt;(Calculator.java:6)
	at io.michaelcane.Commands.&lt;init&gt;(Commands.java:5)
	at io.michaelcane.Calculator.&lt;init&gt;(Calculator.java:6)
	at io.michaelcane.Commands.&lt;init&gt;(Commands.java:5)
	at io.michaelcane.Calculator.&lt;init&gt;(Calculator.java:6)
	at io.michaelcane.Commands.&lt;init&gt;(Commands.java:5)
	at io.michaelcane.Calculator.&lt;init&gt;(Calculator.java:6)
	at io.michaelcane.Commands.&lt;init&gt;(Commands.java:5)
	at io.michaelcane.Calculator.&lt;init&gt;(Calculator.java:6)
	at io.michaelcane.Commands.&lt;init&gt;(Commands.java:5)
	at io.michaelcane.Calculator.&lt;init&gt;(Calculator.java:6)
	at io.michaelcane.Commands.&lt;init&gt;(Commands.java:5)
	at io.michaelcane.Calculator.&lt;init&gt;(Calculator.java:6)
	at io.michaelcane.Commands.&lt;init&gt;(Commands.java:5)
	at io.michaelcane.Calculator.&lt;init&gt;(Calculator.java:6)
	at io.michaelcane.Commands.&lt;init&gt;(Commands.java:5)
	at io.michaelcane.Calculator.&lt;init&gt;(Calculator.java:6)
	at io.michaelcane.Commands.&lt;init&gt;(Commands.java:5)
	at io.michaelcane.Calculator.&lt;init&gt;(Calculator.java:6)
	at io.michaelcane.Commands.&lt;init&gt;(Commands.java:5)
	at io.michaelcane.Calculator.&lt;init&gt;(Calculator.java:6)
	at io.michaelcane.Commands.&lt;init&gt;(Commands.java:5)
	at io.michaelcane.Calculator.&lt;init&gt;(Calculator.java:6)
	at io.michaelcane.Commands.&lt;init&gt;(Commands.java:5)
	at io.michaelcane.Calculator.&lt;init&gt;(Calculator.java:6)
	at io.michaelcane.Commands.&lt;init&gt;(Commands.java:5)
	at io.michaelcane.Calculator.&lt;init&gt;(Calculator.java:6)
	at io.michaelcane.Commands.&lt;init&gt;(Commands.java:5)
	at io.michaelcane.Calculator.&lt;init&gt;(Calculator.java:6)
	at io.michaelcane.Commands.&lt;init&gt;(Commands.java:5)
	at io.michaelcane.Calculator.&lt;init&gt;(Calculator.java:6)
	at io.michaelcane.Commands.&lt;init&gt;(Commands.java:5)
	at io.michaelcane.Calculator.&lt;init&gt;(Calculator.java:6)
	at io.michaelcane.Commands.&lt;init&gt;(Commands.java:5)
	at io.michaelcane.Calculator.&lt;init&gt;(Calculator.java:6)
	at io.michaelcane.Commands.&lt;init&gt;(Commands.java:5)
	at io.michaelcane.Calculator.&lt;init&gt;(Calculator.java:6)
	at io.michaelcane.Commands.&lt;init&gt;(Commands.java:5)
	at io.michaelcane.Calculator.&lt;init&gt;(Calculator.java:6)
	at io.michaelcane.Commands.&lt;init&gt;(Commands.java:5)
	at io.michaelcane.Calculator.&lt;init&gt;(Calculator.java:6)
	at io.michaelcane.Commands.&lt;init&gt;(Commands.java:5)
	at io.michaelcane.Calculator.&lt;init&gt;(Calculator.java:6)
	at io.michaelcane.Commands.&lt;init&gt;(Commands.java:5)
	at io.michaelcane.Calculator.&lt;init&gt;(Calculator.java:6)
	at io.michaelcane.Commands.&lt;init&gt;(Commands.java:5)
	at io.michaelcane.Calculator.&lt;init&gt;(Calculator.java:6)
	at io.michaelcane.Commands.&lt;init&gt;(Commands.java:5)
	at io.michaelcane.Calculator.&lt;init&gt;(Calculator.java:6)
	at io.michaelcane.Commands.&lt;init&gt;(Commands.java:5)
	at io.michaelcane.Calculator.&lt;init&gt;(Calculator.java:6)
	at io.michaelcane.Commands.&lt;init&gt;(Commands.java:5)
	at io.michaelcane.Calculator.&lt;init&gt;(Calculator.java:6)
	at io.michaelcane.Commands.&lt;init&gt;(Commands.java:5)
	at io.michaelcane.Calculator.&lt;init&gt;(Calculator.java:6)
	at io.michaelcane.Commands.&lt;init&gt;(Commands.java:5)
	at io.michaelcane.Calculator.&lt;init&gt;(Calculator.java:6)
	at io.michaelcane.Commands.&lt;init&gt;(Commands.java:5)
	at io.michaelcane.Calculator.&lt;init&gt;(Calculator.java:6)
	at io.michaelcane.Commands.&lt;init&gt;(Commands.java:5)
	at io.michaelcane.Calculator.&lt;init&gt;(Calculator.java:6)
	at io.michaelcane.Commands.&lt;init&gt;(Commands.java:5)
	at io.michaelcane.Calculator.&lt;init&gt;(Calculator.java:6)
	at io.michaelcane.Commands.&lt;init&gt;(Commands.java:5)
	at io.michaelcane.Calculator.&lt;init&gt;(Calculator.java:6)
	at io.michaelcane.Commands.&lt;init&gt;(Commands.java:5)
	at io.michaelcane.Calculator.&lt;init&gt;(Calculator.java:6)
	at io.michaelcane.Commands.&lt;init&gt;(Commands.java:5)
	at io.michaelcane.Calculator.&lt;init&gt;(Calculator.java:6)
	at io.michaelcane.Commands.&lt;init&gt;(Commands.java:5)
	at io.michaelcane.Calculator.&lt;init&gt;(Calculator.java:6)
	at io.michaelcane.Commands.&lt;init&gt;(Commands.java:5)
	at io.michaelcane.Calculator.&lt;init&gt;(Calculator.java:6)
	at io.michaelcane.Commands.&lt;init&gt;(Commands.java:5)
	at io.michaelcane.Calculator.&lt;init&gt;(Calculator.java:6)
	at io.michaelcane.Commands.&lt;init&gt;(Commands.java:5)
	at io.michaelcane.Calculator.&lt;init&gt;(Calculator.java:6)
	at io.michaelcane.Commands.&lt;init&gt;(Commands.java:5)
	at io.michaelcane.Calculator.&lt;init&gt;(Calculator.java:6)
	at io.michaelcane.Commands.&lt;init&gt;(Commands.java:5)
	at io.michaelcane.Calculator.&lt;init&gt;(Calculator.java:6)
	at io.michaelcane.Commands.&lt;init&gt;(Commands.java:5)
	at io.michaelcane.Calculator.&lt;init&gt;(Calculator.java:6)
	at io.michaelcane.Commands.&lt;init&gt;(Commands.java:5)
	at io.michaelcane.Calculator.&lt;init&gt;(Calculator.java:6)
	at io.michaelcane.Commands.&lt;init&gt;(Commands.java:5)
	at io.michaelcane.Calculator.&lt;init&gt;(Calculator.java:6)
	at io.michaelcane.Commands.&lt;init&gt;(Commands.java:5)
	at io.michaelcane.Calculator.&lt;init&gt;(Calculator.java:6)
	at io.michaelcane.Commands.&lt;init&gt;(Commands.java:5)
	at io.michaelcane.Calculator.&lt;init&gt;(Calculator.java:6)
	at io.michaelcane.Commands.&lt;init&gt;(Commands.java:5)
	at io.michaelcane.Calculator.&lt;init&gt;(Calculator.java:6)
	at io.michaelcane.Commands.&lt;init&gt;(Commands.java:5)
	at io.michaelcane.Calculator.&lt;init&gt;(Calculator.java:6)
	at io.michaelcane.Commands.&lt;init&gt;(Commands.java:5)
	at io.michaelcane.Calculator.&lt;init&gt;(Calculator.java:6)
	at io.michaelcane.Commands.&lt;init&gt;(Commands.java:5)
	at io.michaelcane.Calculator.&lt;init&gt;(Calculator.java:6)
	at io.michaelcane.Commands.&lt;init&gt;(Commands.java:5)
	at io.michaelcane.Calculator.&lt;init&gt;(Calculator.java:6)
	at io.michaelcane.Commands.&lt;init&gt;(Commands.java:5)
	at io.michaelcane.Calculator.&lt;init&gt;(Calculator.java:6)
	at io.michaelcane.Commands.&lt;init&gt;(Commands.java:5)
	at io.michaelcane.Calculator.&lt;init&gt;(Calculator.java:6)
	at io.michaelcane.Commands.&lt;init&gt;(Commands.java:5)
	at io.michaelcane.Calculator.&lt;init&gt;(Calculator.java:6)
	at io.michaelcane.Commands.&lt;init&gt;(Commands.java:5)
	at io.michaelcane.Calculator.&lt;init&gt;(Calculator.java:6)
	at io.michaelcane.Commands.&lt;init&gt;(Commands.java:5)
	at io.michaelcane.Calculator.&lt;init&gt;(Calculator.java:6)
	at io.michaelcane.Commands.&lt;init&gt;(Commands.java:5)
	at io.michaelcane.Calculator.&lt;init&gt;(Calculator.java:6)
	at io.michaelcane.Commands.&lt;init&gt;(Commands.java:5)
	at io.michaelcane.Calculator.&lt;init&gt;(Calculator.java:6)
	at io.michaelcane.Commands.&lt;init&gt;(Commands.java:5)
	at io.michaelcane.Calculator.&lt;init&gt;(Calculator.java:6)
	at io.michaelcane.Commands.&lt;init&gt;(Commands.java:5)
	at io.michaelcane.Calculator.&lt;init&gt;(Calculator.java:6)
	at io.michaelcane.Commands.&lt;init&gt;(Commands.java:5)
	at io.michaelcane.Calculator.&lt;init&gt;(Calculator.java:6)
	at io.michaelcane.Commands.&lt;init&gt;(Commands.java:5)
	at io.michaelcane.Calculator.&lt;init&gt;(Calculator.java:6)
	at io.michaelcane.Commands.&lt;init&gt;(Commands.java:5)
	at io.michaelcane.Calculator.&lt;init&gt;(Calculator.java:6)
	at io.michaelcane.Commands.&lt;init&gt;(Commands.java:5)
	at io.michaelcane.Calculator.&lt;init&gt;(Calculator.java:6)
	at io.michaelcane.Commands.&lt;init&gt;(Commands.java:5)
	at io.michaelcane.Calculator.&lt;init&gt;(Calculator.java:6)
	at io.michaelcane.Commands.&lt;init&gt;(Commands.java:5)
	at io.michaelcane.Calculator.&lt;init&gt;(Calculator.java:6)
	at io.michaelcane.Commands.&lt;init&gt;(Commands.java:5)
	at io.michaelcane.Calculator.&lt;init&gt;(Calculator.java:6)
	at io.michaelcane.Commands.&lt;init&gt;(Commands.java:5)
	at io.michaelcane.Calculator.&lt;init&gt;(Calculator.java:6)
	at io.michaelcane.Commands.&lt;init&gt;(Commands.java:5)
	at io.michaelcane.Calculator.&lt;init&gt;(Calculator.java:6)
	at io.michaelcane.Commands.&lt;init&gt;(Commands.java:5)
	at io.michaelcane.Calculator.&lt;init&gt;(Calculator.java:6)
	at io.michaelcane.Commands.&lt;init&gt;(Commands.java:5)
	at io.michaelcane.Calculator.&lt;init&gt;(Calculator.java:6)
	at io.michaelcane.Commands.&lt;init&gt;(Commands.java:5)
	at io.michaelcane.Calculator.&lt;init&gt;(Calculator.java:6)
	at io.michaelcane.Commands.&lt;init&gt;(Commands.java:5)
	at io.michaelcane.Calculator.&lt;init&gt;(Calculator.java:6)
	at io.michaelcane.Commands.&lt;init&gt;(Commands.java:5)
	at io.michaelcane.Calculator.&lt;init&gt;(Calculator.java:6)
	at io.michaelcane.Commands.&lt;init&gt;(Commands.java:5)
	at io.michaelcane.Calculator.&lt;init&gt;(Calculator.java:6)
	at io.michaelcane.Commands.&lt;init&gt;(Commands.java:5)
	at io.michaelcane.Calculator.&lt;init&gt;(Calculator.java:6)
	at io.michaelcane.Commands.&lt;init&gt;(Commands.java:5)
	at io.michaelcane.Calculator.&lt;init&gt;(Calculator.java:6)
	at io.michaelcane.Commands.&lt;init&gt;(Commands.java:5)
	at io.michaelcane.Calculator.&lt;init&gt;(Calculator.java:6)
	at io.michaelcane.Commands.&lt;init&gt;(Commands.java:5)
	at io.michaelcane.Calculator.&lt;init&gt;(Calculator.java:6)
	at io.michaelcane.Commands.&lt;init&gt;(Commands.java:5)
</error>
  </testcase>
  <testcase classname="io.michaelcane.CalculatorSpec" name="test$tangent" time="0.007">
    <error type="java.lang.StackOverflowError">java.lang.StackOverflowError
	at io.michaelcane.Calculator.&lt;init&gt;(Calculator.java:6)
	at io.michaelcane.Commands.&lt;init&gt;(Commands.java:5)
	at io.michaelcane.Calculator.&lt;init&gt;(Calculator.java:6)
	at io.michaelcane.Commands.&lt;init&gt;(Commands.java:5)
	at io.michaelcane.Calculator.&lt;init&gt;(Calculator.java:6)
	at io.michaelcane.Commands.&lt;init&gt;(Commands.java:5)
	at io.michaelcane.Calculator.&lt;init&gt;(Calculator.java:6)
	at io.michaelcane.Commands.&lt;init&gt;(Commands.java:5)
	at io.michaelcane.Calculator.&lt;init&gt;(Calculator.java:6)
	at io.michaelcane.Commands.&lt;init&gt;(Commands.java:5)
	at io.michaelcane.Calculator.&lt;init&gt;(Calculator.java:6)
	at io.michaelcane.Commands.&lt;init&gt;(Commands.java:5)
	at io.michaelcane.Calculator.&lt;init&gt;(Calculator.java:6)
	at io.michaelcane.Commands.&lt;init&gt;(Commands.java:5)
	at io.michaelcane.Calculator.&lt;init&gt;(Calculator.java:6)
	at io.michaelcane.Commands.&lt;init&gt;(Commands.java:5)
	at io.michaelcane.Calculator.&lt;init&gt;(Calculator.java:6)
	at io.michaelcane.Commands.&lt;init&gt;(Commands.java:5)
	at io.michaelcane.Calculator.&lt;init&gt;(Calculator.java:6)
	at io.michaelcane.Commands.&lt;init&gt;(Commands.java:5)
	at io.michaelcane.Calculator.&lt;init&gt;(Calculator.java:6)
	at io.michaelcane.Commands.&lt;init&gt;(Commands.java:5)
	at io.michaelcane.Calculator.&lt;init&gt;(Calculator.java:6)
	at io.michaelcane.Commands.&lt;init&gt;(Commands.java:5)
	at io.michaelcane.Calculator.&lt;init&gt;(Calculator.java:6)
	at io.michaelcane.Commands.&lt;init&gt;(Commands.java:5)
	at io.michaelcane.Calculator.&lt;init&gt;(Calculator.java:6)
	at io.michaelcane.Commands.&lt;init&gt;(Commands.java:5)
	at io.michaelcane.Calculator.&lt;init&gt;(Calculator.java:6)
	at io.michaelcane.Commands.&lt;init&gt;(Commands.java:5)
	at io.michaelcane.Calculator.&lt;init&gt;(Calculator.java:6)
	at io.michaelcane.Commands.&lt;init&gt;(Commands.java:5)
	at io.michaelcane.Calculator.&lt;init&gt;(Calculator.java:6)
	at io.michaelcane.Commands.&lt;init&gt;(Commands.java:5)
	at io.michaelcane.Calculator.&lt;init&gt;(Calculator.java:6)
	at io.michaelcane.Commands.&lt;init&gt;(Commands.java:5)
	at io.michaelcane.Calculator.&lt;init&gt;(Calculator.java:6)
	at io.michaelcane.Commands.&lt;init&gt;(Commands.java:5)
	at io.michaelcane.Calculator.&lt;init&gt;(Calculator.java:6)
	at io.michaelcane.Commands.&lt;init&gt;(Commands.java:5)
	at io.michaelcane.Calculator.&lt;init&gt;(Calculator.java:6)
	at io.michaelcane.Commands.&lt;init&gt;(Commands.java:5)
	at io.michaelcane.Calculator.&lt;init&gt;(Calculator.java:6)
	at io.michaelcane.Commands.&lt;init&gt;(Commands.java:5)
	at io.michaelcane.Calculator.&lt;init&gt;(Calculator.java:6)
	at io.michaelcane.Commands.&lt;init&gt;(Commands.java:5)
	at io.michaelcane.Calculator.&lt;init&gt;(Calculator.java:6)
	at io.michaelcane.Commands.&lt;init&gt;(Commands.java:5)
	at io.michaelcane.Calculator.&lt;init&gt;(Calculator.java:6)
	at io.michaelcane.Commands.&lt;init&gt;(Commands.java:5)
	at io.michaelcane.Calculator.&lt;init&gt;(Calculator.java:6)
	at io.michaelcane.Commands.&lt;init&gt;(Commands.java:5)
	at io.michaelcane.Calculator.&lt;init&gt;(Calculator.java:6)
	at io.michaelcane.Commands.&lt;init&gt;(Commands.java:5)
	at io.michaelcane.Calculator.&lt;init&gt;(Calculator.java:6)
	at io.michaelcane.Commands.&lt;init&gt;(Commands.java:5)
	at io.michaelcane.Calculator.&lt;init&gt;(Calculator.java:6)
	at io.michaelcane.Commands.&lt;init&gt;(Commands.java:5)
	at io.michaelcane.Calculator.&lt;init&gt;(Calculator.java:6)
	at io.michaelcane.Commands.&lt;init&gt;(Commands.java:5)
	at io.michaelcane.Calculator.&lt;init&gt;(Calculator.java:6)
	at io.michaelcane.Commands.&lt;init&gt;(Commands.java:5)
	at io.michaelcane.Calculator.&lt;init&gt;(Calculator.java:6)
	at io.michaelcane.Commands.&lt;init&gt;(Commands.java:5)
	at io.michaelcane.Calculator.&lt;init&gt;(Calculator.java:6)
	at io.michaelcane.Commands.&lt;init&gt;(Commands.java:5)
	at io.michaelcane.Calculator.&lt;init&gt;(Calculator.java:6)
	at io.michaelcane.Commands.&lt;init&gt;(Commands.java:5)
	at io.michaelcane.Calculator.&lt;init&gt;(Calculator.java:6)
	at io.michaelcane.Commands.&lt;init&gt;(Commands.java:5)
	at io.michaelcane.Calculator.&lt;init&gt;(Calculator.java:6)
	at io.michaelcane.Commands.&lt;init&gt;(Commands.java:5)
	at io.michaelcane.Calculator.&lt;init&gt;(Calculator.java:6)
	at io.michaelcane.Commands.&lt;init&gt;(Commands.java:5)
	at io.michaelcane.Calculator.&lt;init&gt;(Calculator.java:6)
	at io.michaelcane.Commands.&lt;init&gt;(Commands.java:5)
	at io.michaelcane.Calculator.&lt;init&gt;(Calculator.java:6)
	at io.michaelcane.Commands.&lt;init&gt;(Commands.java:5)
	at io.michaelcane.Calculator.&lt;init&gt;(Calculator.java:6)
	at io.michaelcane.Commands.&lt;init&gt;(Commands.java:5)
	at io.michaelcane.Calculator.&lt;init&gt;(Calculator.java:6)
	at io.michaelcane.Commands.&lt;init&gt;(Commands.java:5)
	at io.michaelcane.Calculator.&lt;init&gt;(Calculator.java:6)
	at io.michaelcane.Commands.&lt;init&gt;(Commands.java:5)
	at io.michaelcane.Calculator.&lt;init&gt;(Calculator.java:6)
	at io.michaelcane.Commands.&lt;init&gt;(Commands.java:5)
	at io.michaelcane.Calculator.&lt;init&gt;(Calculator.java:6)
	at io.michaelcane.Commands.&lt;init&gt;(Commands.java:5)
	at io.michaelcane.Calculator.&lt;init&gt;(Calculator.java:6)
	at io.michaelcane.Commands.&lt;init&gt;(Commands.java:5)
	at io.michaelcane.Calculator.&lt;init&gt;(Calculator.java:6)
	at io.michaelcane.Commands.&lt;init&gt;(Commands.java:5)
	at io.michaelcane.Calculator.&lt;init&gt;(Calculator.java:6)
	at io.michaelcane.Commands.&lt;init&gt;(Commands.java:5)
	at io.michaelcane.Calculator.&lt;init&gt;(Calculator.java:6)
	at io.michaelcane.Commands.&lt;init&gt;(Commands.java:5)
	at io.michaelcane.Calculator.&lt;init&gt;(Calculator.java:6)
	at io.michaelcane.Commands.&lt;init&gt;(Commands.java:5)
	at io.michaelcane.Calculator.&lt;init&gt;(Calculator.java:6)
	at io.michaelcane.Commands.&lt;init&gt;(Commands.java:5)
	at io.michaelcane.Calculator.&lt;init&gt;(Calculator.java:6)
	at io.michaelcane.Commands.&lt;init&gt;(Commands.java:5)
	at io.michaelcane.Calculator.&lt;init&gt;(Calculator.java:6)
	at io.michaelcane.Commands.&lt;init&gt;(Commands.java:5)
	at io.michaelcane.Calculator.&lt;init&gt;(Calculator.java:6)
	at io.michaelcane.Commands.&lt;init&gt;(Commands.java:5)
	at io.michaelcane.Calculator.&lt;init&gt;(Calculator.java:6)
	at io.michaelcane.Commands.&lt;init&gt;(Commands.java:5)
	at io.michaelcane.Calculator.&lt;init&gt;(Calculator.java:6)
	at io.michaelcane.Commands.&lt;init&gt;(Commands.java:5)
	at io.michaelcane.Calculator.&lt;init&gt;(Calculator.java:6)
	at io.michaelcane.Commands.&lt;init&gt;(Commands.java:5)
	at io.michaelcane.Calculator.&lt;init&gt;(Calculator.java:6)
	at io.michaelcane.Commands.&lt;init&gt;(Commands.java:5)
	at io.michaelcane.Calculator.&lt;init&gt;(Calculator.java:6)
	at io.michaelcane.Commands.&lt;init&gt;(Commands.java:5)
	at io.michaelcane.Calculator.&lt;init&gt;(Calculator.java:6)
	at io.michaelcane.Commands.&lt;init&gt;(Commands.java:5)
	at io.michaelcane.Calculator.&lt;init&gt;(Calculator.java:6)
	at io.michaelcane.Commands.&lt;init&gt;(Commands.java:5)
	at io.michaelcane.Calculator.&lt;init&gt;(Calculator.java:6)
	at io.michaelcane.Commands.&lt;init&gt;(Commands.java:5)
	at io.michaelcane.Calculator.&lt;init&gt;(Calculator.java:6)
	at io.michaelcane.Commands.&lt;init&gt;(Commands.java:5)
	at io.michaelcane.Calculator.&lt;init&gt;(Calculator.java:6)
	at io.michaelcane.Commands.&lt;init&gt;(Commands.java:5)
	at io.michaelcane.Calculator.&lt;init&gt;(Calculator.java:6)
	at io.michaelcane.Commands.&lt;init&gt;(Commands.java:5)
	at io.michaelcane.Calculator.&lt;init&gt;(Calculator.java:6)
	at io.michaelcane.Commands.&lt;init&gt;(Commands.java:5)
	at io.michaelcane.Calculator.&lt;init&gt;(Calculator.java:6)
	at io.michaelcane.Commands.&lt;init&gt;(Commands.java:5)
	at io.michaelcane.Calculator.&lt;init&gt;(Calculator.java:6)
	at io.michaelcane.Commands.&lt;init&gt;(Commands.java:5)
	at io.michaelcane.Calculator.&lt;init&gt;(Calculator.java:6)
	at io.michaelcane.Commands.&lt;init&gt;(Commands.java:5)
	at io.michaelcane.Calculator.&lt;init&gt;(Calculator.java:6)
	at io.michaelcane.Commands.&lt;init&gt;(Commands.java:5)
	at io.michaelcane.Calculator.&lt;init&gt;(Calculator.java:6)
	at io.michaelcane.Commands.&lt;init&gt;(Commands.java:5)
	at io.michaelcane.Calculator.&lt;init&gt;(Calculator.java:6)
	at io.michaelcane.Commands.&lt;init&gt;(Commands.java:5)
	at io.michaelcane.Calculator.&lt;init&gt;(Calculator.java:6)
	at io.michaelcane.Commands.&lt;init&gt;(Commands.java:5)
	at io.michaelcane.Calculator.&lt;init&gt;(Calculator.java:6)
	at io.michaelcane.Commands.&lt;init&gt;(Commands.java:5)
	at io.michaelcane.Calculator.&lt;init&gt;(Calculator.java:6)
	at io.michaelcane.Commands.&lt;init&gt;(Commands.java:5)
	at io.michaelcane.Calculator.&lt;init&gt;(Calculator.java:6)
	at io.michaelcane.Commands.&lt;init&gt;(Commands.java:5)
	at io.michaelcane.Calculator.&lt;init&gt;(Calculator.java:6)
	at io.michaelcane.Commands.&lt;init&gt;(Commands.java:5)
	at io.michaelcane.Calculator.&lt;init&gt;(Calculator.java:6)
	at io.michaelcane.Commands.&lt;init&gt;(Commands.java:5)
	at io.michaelcane.Calculator.&lt;init&gt;(Calculator.java:6)
	at io.michaelcane.Commands.&lt;init&gt;(Commands.java:5)
	at io.michaelcane.Calculator.&lt;init&gt;(Calculator.java:6)
	at io.michaelcane.Commands.&lt;init&gt;(Commands.java:5)
	at io.michaelcane.Calculator.&lt;init&gt;(Calculator.java:6)
	at io.michaelcane.Commands.&lt;init&gt;(Commands.java:5)
	at io.michaelcane.Calculator.&lt;init&gt;(Calculator.java:6)
	at io.michaelcane.Commands.&lt;init&gt;(Commands.java:5)
	at io.michaelcane.Calculator.&lt;init&gt;(Calculator.java:6)
	at io.michaelcane.Commands.&lt;init&gt;(Commands.java:5)
	at io.michaelcane.Calculator.&lt;init&gt;(Calculator.java:6)
	at io.michaelcane.Commands.&lt;init&gt;(Commands.java:5)
	at io.michaelcane.Calculator.&lt;init&gt;(Calculator.java:6)
	at io.michaelcane.Commands.&lt;init&gt;(Commands.java:5)
	at io.michaelcane.Calculator.&lt;init&gt;(Calculator.java:6)
	at io.michaelcane.Commands.&lt;init&gt;(Commands.java:5)
	at io.michaelcane.Calculator.&lt;init&gt;(Calculator.java:6)
	at io.michaelcane.Commands.&lt;init&gt;(Commands.java:5)
	at io.michaelcane.Calculator.&lt;init&gt;(Calculator.java:6)
	at io.michaelcane.Commands.&lt;init&gt;(Commands.java:5)
	at io.michaelcane.Calculator.&lt;init&gt;(Calculator.java:6)
	at io.michaelcane.Commands.&lt;init&gt;(Commands.java:5)
	at io.michaelcane.Calculator.&lt;init&gt;(Calculator.java:6)
	at io.michaelcane.Commands.&lt;init&gt;(Commands.java:5)
	at io.michaelcane.Calculator.&lt;init&gt;(Calculator.java:6)
	at io.michaelcane.Commands.&lt;init&gt;(Commands.java:5)
	at io.michaelcane.Calculator.&lt;init&gt;(Calculator.java:6)
	at io.michaelcane.Commands.&lt;init&gt;(Commands.java:5)
	at io.michaelcane.Calculator.&lt;init&gt;(Calculator.java:6)
	at io.michaelcane.Commands.&lt;init&gt;(Commands.java:5)
	at io.michaelcane.Calculator.&lt;init&gt;(Calculator.java:6)
	at io.michaelcane.Commands.&lt;init&gt;(Commands.java:5)
	at io.michaelcane.Calculator.&lt;init&gt;(Calculator.java:6)
	at io.michaelcane.Commands.&lt;init&gt;(Commands.java:5)
	at io.michaelcane.Calculator.&lt;init&gt;(Calculator.java:6)
	at io.michaelcane.Commands.&lt;init&gt;(Commands.java:5)
	at io.michaelcane.Calculator.&lt;init&gt;(Calculator.java:6)
	at io.michaelcane.Commands.&lt;init&gt;(Commands.java:5)
	at io.michaelcane.Calculator.&lt;init&gt;(Calculator.java:6)
	at io.michaelcane.Commands.&lt;init&gt;(Commands.java:5)
	at io.michaelcane.Calculator.&lt;init&gt;(Calculator.java:6)
	at io.michaelcane.Commands.&lt;init&gt;(Commands.java:5)
	at io.michaelcane.Calculator.&lt;init&gt;(Calculator.java:6)
	at io.michaelcane.Commands.&lt;init&gt;(Commands.java:5)
	at io.michaelcane.Calculator.&lt;init&gt;(Calculator.java:6)
	at io.michaelcane.Commands.&lt;init&gt;(Commands.java:5)
	at io.michaelcane.Calculator.&lt;init&gt;(Calculator.java:6)
	at io.michaelcane.Commands.&lt;init&gt;(Commands.java:5)
	at io.michaelcane.Calculator.&lt;init&gt;(Calculator.java:6)
	at io.michaelcane.Commands.&lt;init&gt;(Commands.java:5)
	at io.michaelcane.Calculator.&lt;init&gt;(Calculator.java:6)
	at io.michaelcane.Commands.&lt;init&gt;(Commands.java:5)
	at io.michaelcane.Calculator.&lt;init&gt;(Calculator.java:6)
	at io.michaelcane.Commands.&lt;init&gt;(Commands.java:5)
	at io.michaelcane.Calculator.&lt;init&gt;(Calculator.java:6)
	at io.michaelcane.Commands.&lt;init&gt;(Commands.java:5)
	at io.michaelcane.Calculator.&lt;init&gt;(Calculator.java:6)
	at io.michaelcane.Commands.&lt;init&gt;(Commands.java:5)
	at io.michaelcane.Calculator.&lt;init&gt;(Calculator.java:6)
	at io.michaelcane.Commands.&lt;init&gt;(Commands.java:5)
	at io.michaelcane.Calculator.&lt;init&gt;(Calculator.java:6)
	at io.michaelcane.Commands.&lt;init&gt;(Commands.java:5)
	at io.michaelcane.Calculator.&lt;init&gt;(Calculator.java:6)
	at io.michaelcane.Commands.&lt;init&gt;(Commands.java:5)
	at io.michaelcane.Calculator.&lt;init&gt;(Calculator.java:6)
	at io.michaelcane.Commands.&lt;init&gt;(Commands.java:5)
	at io.michaelcane.Calculator.&lt;init&gt;(Calculator.java:6)
	at io.michaelcane.Commands.&lt;init&gt;(Commands.java:5)
	at io.michaelcane.Calculator.&lt;init&gt;(Calculator.java:6)
	at io.michaelcane.Commands.&lt;init&gt;(Commands.java:5)
	at io.michaelcane.Calculator.&lt;init&gt;(Calculator.java:6)
	at io.michaelcane.Commands.&lt;init&gt;(Commands.java:5)
	at io.michaelcane.Calculator.&lt;init&gt;(Calculator.java:6)
	at io.michaelcane.Commands.&lt;init&gt;(Commands.java:5)
	at io.michaelcane.Calculator.&lt;init&gt;(Calculator.java:6)
	at io.michaelcane.Commands.&lt;init&gt;(Commands.java:5)
	at io.michaelcane.Calculator.&lt;init&gt;(Calculator.java:6)
	at io.michaelcane.Commands.&lt;init&gt;(Commands.java:5)
	at io.michaelcane.Calculator.&lt;init&gt;(Calculator.java:6)
	at io.michaelcane.Commands.&lt;init&gt;(Commands.java:5)
	at io.michaelcane.Calculator.&lt;init&gt;(Calculator.java:6)
	at io.michaelcane.Commands.&lt;init&gt;(Commands.java:5)
	at io.michaelcane.Calculator.&lt;init&gt;(Calculator.java:6)
	at io.michaelcane.Commands.&lt;init&gt;(Commands.java:5)
	at io.michaelcane.Calculator.&lt;init&gt;(Calculator.java:6)
	at io.michaelcane.Commands.&lt;init&gt;(Commands.java:5)
	at io.michaelcane.Calculator.&lt;init&gt;(Calculator.java:6)
	at io.michaelcane.Commands.&lt;init&gt;(Commands.java:5)
	at io.michaelcane.Calculator.&lt;init&gt;(Calculator.java:6)
	at io.michaelcane.Commands.&lt;init&gt;(Commands.java:5)
	at io.michaelcane.Calculator.&lt;init&gt;(Calculator.java:6)
	at io.michaelcane.Commands.&lt;init&gt;(Commands.java:5)
	at io.michaelcane.Calculator.&lt;init&gt;(Calculator.java:6)
	at io.michaelcane.Commands.&lt;init&gt;(Commands.java:5)
	at io.michaelcane.Calculator.&lt;init&gt;(Calculator.java:6)
	at io.michaelcane.Commands.&lt;init&gt;(Commands.java:5)
	at io.michaelcane.Calculator.&lt;init&gt;(Calculator.java:6)
	at io.michaelcane.Commands.&lt;init&gt;(Commands.java:5)
	at io.michaelcane.Calculator.&lt;init&gt;(Calculator.java:6)
	at io.michaelcane.Commands.&lt;init&gt;(Commands.java:5)
	at io.michaelcane.Calculator.&lt;init&gt;(Calculator.java:6)
	at io.michaelcane.Commands.&lt;init&gt;(Commands.java:5)
	at io.michaelcane.Calculator.&lt;init&gt;(Calculator.java:6)
	at io.michaelcane.Commands.&lt;init&gt;(Commands.java:5)
	at io.michaelcane.Calculator.&lt;init&gt;(Calculator.java:6)
	at io.michaelcane.Commands.&lt;init&gt;(Commands.java:5)
	at io.michaelcane.Calculator.&lt;init&gt;(Calculator.java:6)
	at io.michaelcane.Commands.&lt;init&gt;(Commands.java:5)
	at io.michaelcane.Calculator.&lt;init&gt;(Calculator.java:6)
	at io.michaelcane.Commands.&lt;init&gt;(Commands.java:5)
	at io.michaelcane.Calculator.&lt;init&gt;(Calculator.java:6)
	at io.michaelcane.Commands.&lt;init&gt;(Commands.java:5)
	at io.michaelcane.Calculator.&lt;init&gt;(Calculator.java:6)
	at io.michaelcane.Commands.&lt;init&gt;(Commands.java:5)
	at io.michaelcane.Calculator.&lt;init&gt;(Calculator.java:6)
	at io.michaelcane.Commands.&lt;init&gt;(Commands.java:5)
	at io.michaelcane.Calculator.&lt;init&gt;(Calculator.java:6)
	at io.michaelcane.Commands.&lt;init&gt;(Commands.java:5)
	at io.michaelcane.Calculator.&lt;init&gt;(Calculator.java:6)
	at io.michaelcane.Commands.&lt;init&gt;(Commands.java:5)
	at io.michaelcane.Calculator.&lt;init&gt;(Calculator.java:6)
	at io.michaelcane.Commands.&lt;init&gt;(Commands.java:5)
	at io.michaelcane.Calculator.&lt;init&gt;(Calculator.java:6)
	at io.michaelcane.Commands.&lt;init&gt;(Commands.java:5)
	at io.michaelcane.Calculator.&lt;init&gt;(Calculator.java:6)
	at io.michaelcane.Commands.&lt;init&gt;(Commands.java:5)
	at io.michaelcane.Calculator.&lt;init&gt;(Calculator.java:6)
	at io.michaelcane.Commands.&lt;init&gt;(Commands.java:5)
	at io.michaelcane.Calculator.&lt;init&gt;(Calculator.java:6)
	at io.michaelcane.Commands.&lt;init&gt;(Commands.java:5)
	at io.michaelcane.Calculator.&lt;init&gt;(Calculator.java:6)
	at io.michaelcane.Commands.&lt;init&gt;(Commands.java:5)
	at io.michaelcane.Calculator.&lt;init&gt;(Calculator.java:6)
	at io.michaelcane.Commands.&lt;init&gt;(Commands.java:5)
	at io.michaelcane.Calculator.&lt;init&gt;(Calculator.java:6)
	at io.michaelcane.Commands.&lt;init&gt;(Commands.java:5)
	at io.michaelcane.Calculator.&lt;init&gt;(Calculator.java:6)
	at io.michaelcane.Commands.&lt;init&gt;(Commands.java:5)
	at io.michaelcane.Calculator.&lt;init&gt;(Calculator.java:6)
	at io.michaelcane.Commands.&lt;init&gt;(Commands.java:5)
	at io.michaelcane.Calculator.&lt;init&gt;(Calculator.java:6)
	at io.michaelcane.Commands.&lt;init&gt;(Commands.java:5)
	at io.michaelcane.Calculator.&lt;init&gt;(Calculator.java:6)
	at io.michaelcane.Commands.&lt;init&gt;(Commands.java:5)
	at io.michaelcane.Calculator.&lt;init&gt;(Calculator.java:6)
	at io.michaelcane.Commands.&lt;init&gt;(Commands.java:5)
	at io.michaelcane.Calculator.&lt;init&gt;(Calculator.java:6)
	at io.michaelcane.Commands.&lt;init&gt;(Commands.java:5)
	at io.michaelcane.Calculator.&lt;init&gt;(Calculator.java:6)
	at io.michaelcane.Commands.&lt;init&gt;(Commands.java:5)
	at io.michaelcane.Calculator.&lt;init&gt;(Calculator.java:6)
	at io.michaelcane.Commands.&lt;init&gt;(Commands.java:5)
	at io.michaelcane.Calculator.&lt;init&gt;(Calculator.java:6)
	at io.michaelcane.Commands.&lt;init&gt;(Commands.java:5)
	at io.michaelcane.Calculator.&lt;init&gt;(Calculator.java:6)
	at io.michaelcane.Commands.&lt;init&gt;(Commands.java:5)
	at io.michaelcane.Calculator.&lt;init&gt;(Calculator.java:6)
	at io.michaelcane.Commands.&lt;init&gt;(Commands.java:5)
	at io.michaelcane.Calculator.&lt;init&gt;(Calculator.java:6)
	at io.michaelcane.Commands.&lt;init&gt;(Commands.java:5)
	at io.michaelcane.Calculator.&lt;init&gt;(Calculator.java:6)
	at io.michaelcane.Commands.&lt;init&gt;(Commands.java:5)
	at io.michaelcane.Calculator.&lt;init&gt;(Calculator.java:6)
	at io.michaelcane.Commands.&lt;init&gt;(Commands.java:5)
	at io.michaelcane.Calculator.&lt;init&gt;(Calculator.java:6)
	at io.michaelcane.Commands.&lt;init&gt;(Commands.java:5)
	at io.michaelcane.Calculator.&lt;init&gt;(Calculator.java:6)
	at io.michaelcane.Commands.&lt;init&gt;(Commands.java:5)
	at io.michaelcane.Calculator.&lt;init&gt;(Calculator.java:6)
	at io.michaelcane.Commands.&lt;init&gt;(Commands.java:5)
	at io.michaelcane.Calculator.&lt;init&gt;(Calculator.java:6)
	at io.michaelcane.Commands.&lt;init&gt;(Commands.java:5)
	at io.michaelcane.Calculator.&lt;init&gt;(Calculator.java:6)
	at io.michaelcane.Commands.&lt;init&gt;(Commands.java:5)
	at io.michaelcane.Calculator.&lt;init&gt;(Calculator.java:6)
	at io.michaelcane.Commands.&lt;init&gt;(Commands.java:5)
	at io.michaelcane.Calculator.&lt;init&gt;(Calculator.java:6)
	at io.michaelcane.Commands.&lt;init&gt;(Commands.java:5)
	at io.michaelcane.Calculator.&lt;init&gt;(Calculator.java:6)
	at io.michaelcane.Commands.&lt;init&gt;(Commands.java:5)
	at io.michaelcane.Calculator.&lt;init&gt;(Calculator.java:6)
	at io.michaelcane.Commands.&lt;init&gt;(Commands.java:5)
	at io.michaelcane.Calculator.&lt;init&gt;(Calculator.java:6)
	at io.michaelcane.Commands.&lt;init&gt;(Commands.java:5)
	at io.michaelcane.Calculator.&lt;init&gt;(Calculator.java:6)
	at io.michaelcane.Commands.&lt;init&gt;(Commands.java:5)
	at io.michaelcane.Calculator.&lt;init&gt;(Calculator.java:6)
	at io.michaelcane.Commands.&lt;init&gt;(Commands.java:5)
	at io.michaelcane.Calculator.&lt;init&gt;(Calculator.java:6)
	at io.michaelcane.Commands.&lt;init&gt;(Commands.java:5)
	at io.michaelcane.Calculator.&lt;init&gt;(Calculator.java:6)
	at io.michaelcane.Commands.&lt;init&gt;(Commands.java:5)
	at io.michaelcane.Calculator.&lt;init&gt;(Calculator.java:6)
	at io.michaelcane.Commands.&lt;init&gt;(Commands.java:5)
	at io.michaelcane.Calculator.&lt;init&gt;(Calculator.java:6)
	at io.michaelcane.Commands.&lt;init&gt;(Commands.java:5)
	at io.michaelcane.Calculator.&lt;init&gt;(Calculator.java:6)
	at io.michaelcane.Commands.&lt;init&gt;(Commands.java:5)
	at io.michaelcane.Calculator.&lt;init&gt;(Calculator.java:6)
	at io.michaelcane.Commands.&lt;init&gt;(Commands.java:5)
	at io.michaelcane.Calculator.&lt;init&gt;(Calculator.java:6)
	at io.michaelcane.Commands.&lt;init&gt;(Commands.java:5)
	at io.michaelcane.Calculator.&lt;init&gt;(Calculator.java:6)
	at io.michaelcane.Commands.&lt;init&gt;(Commands.java:5)
	at io.michaelcane.Calculator.&lt;init&gt;(Calculator.java:6)
	at io.michaelcane.Commands.&lt;init&gt;(Commands.java:5)
	at io.michaelcane.Calculator.&lt;init&gt;(Calculator.java:6)
	at io.michaelcane.Commands.&lt;init&gt;(Commands.java:5)
	at io.michaelcane.Calculator.&lt;init&gt;(Calculator.java:6)
	at io.michaelcane.Commands.&lt;init&gt;(Commands.java:5)
	at io.michaelcane.Calculator.&lt;init&gt;(Calculator.java:6)
	at io.michaelcane.Commands.&lt;init&gt;(Commands.java:5)
	at io.michaelcane.Calculator.&lt;init&gt;(Calculator.java:6)
	at io.michaelcane.Commands.&lt;init&gt;(Commands.java:5)
	at io.michaelcane.Calculator.&lt;init&gt;(Calculator.java:6)
	at io.michaelcane.Commands.&lt;init&gt;(Commands.java:5)
	at io.michaelcane.Calculator.&lt;init&gt;(Calculator.java:6)
	at io.michaelcane.Commands.&lt;init&gt;(Commands.java:5)
	at io.michaelcane.Calculator.&lt;init&gt;(Calculator.java:6)
	at io.michaelcane.Commands.&lt;init&gt;(Commands.java:5)
	at io.michaelcane.Calculator.&lt;init&gt;(Calculator.java:6)
	at io.michaelcane.Commands.&lt;init&gt;(Commands.java:5)
	at io.michaelcane.Calculator.&lt;init&gt;(Calculator.java:6)
	at io.michaelcane.Commands.&lt;init&gt;(Commands.java:5)
	at io.michaelcane.Calculator.&lt;init&gt;(Calculator.java:6)
	at io.michaelcane.Commands.&lt;init&gt;(Commands.java:5)
	at io.michaelcane.Calculator.&lt;init&gt;(Calculator.java:6)
	at io.michaelcane.Commands.&lt;init&gt;(Commands.java:5)
	at io.michaelcane.Calculator.&lt;init&gt;(Calculator.java:6)
	at io.michaelcane.Commands.&lt;init&gt;(Commands.java:5)
	at io.michaelcane.Calculator.&lt;init&gt;(Calculator.java:6)
	at io.michaelcane.Commands.&lt;init&gt;(Commands.java:5)
	at io.michaelcane.Calculator.&lt;init&gt;(Calculator.java:6)
	at io.michaelcane.Commands.&lt;init&gt;(Commands.java:5)
	at io.michaelcane.Calculator.&lt;init&gt;(Calculator.java:6)
	at io.michaelcane.Commands.&lt;init&gt;(Commands.java:5)
	at io.michaelcane.Calculator.&lt;init&gt;(Calculator.java:6)
	at io.michaelcane.Commands.&lt;init&gt;(Commands.java:5)
	at io.michaelcane.Calculator.&lt;init&gt;(Calculator.java:6)
	at io.michaelcane.Commands.&lt;init&gt;(Commands.java:5)
	at io.michaelcane.Calculator.&lt;init&gt;(Calculator.java:6)
	at io.michaelcane.Commands.&lt;init&gt;(Commands.java:5)
	at io.michaelcane.Calculator.&lt;init&gt;(Calculator.java:6)
	at io.michaelcane.Commands.&lt;init&gt;(Commands.java:5)
	at io.michaelcane.Calculator.&lt;init&gt;(Calculator.java:6)
	at io.michaelcane.Commands.&lt;init&gt;(Commands.java:5)
	at io.michaelcane.Calculator.&lt;init&gt;(Calculator.java:6)
	at io.michaelcane.Commands.&lt;init&gt;(Commands.java:5)
	at io.michaelcane.Calculator.&lt;init&gt;(Calculator.java:6)
	at io.michaelcane.Commands.&lt;init&gt;(Commands.java:5)
	at io.michaelcane.Calculator.&lt;init&gt;(Calculator.java:6)
	at io.michaelcane.Commands.&lt;init&gt;(Commands.java:5)
	at io.michaelcane.Calculator.&lt;init&gt;(Calculator.java:6)
	at io.michaelcane.Commands.&lt;init&gt;(Commands.java:5)
	at io.michaelcane.Calculator.&lt;init&gt;(Calculator.java:6)
	at io.michaelcane.Commands.&lt;init&gt;(Commands.java:5)
	at io.michaelcane.Calculator.&lt;init&gt;(Calculator.java:6)
	at io.michaelcane.Commands.&lt;init&gt;(Commands.java:5)
	at io.michaelcane.Calculator.&lt;init&gt;(Calculator.java:6)
	at io.michaelcane.Commands.&lt;init&gt;(Commands.java:5)
	at io.michaelcane.Calculator.&lt;init&gt;(Calculator.java:6)
	at io.michaelcane.Commands.&lt;init&gt;(Commands.java:5)
	at io.michaelcane.Calculator.&lt;init&gt;(Calculator.java:6)
	at io.michaelcane.Commands.&lt;init&gt;(Commands.java:5)
	at io.michaelcane.Calculator.&lt;init&gt;(Calculator.java:6)
	at io.michaelcane.Commands.&lt;init&gt;(Commands.java:5)
	at io.michaelcane.Calculator.&lt;init&gt;(Calculator.java:6)
	at io.michaelcane.Commands.&lt;init&gt;(Commands.java:5)
	at io.michaelcane.Calculator.&lt;init&gt;(Calculator.java:6)
	at io.michaelcane.Commands.&lt;init&gt;(Commands.java:5)
	at io.michaelcane.Calculator.&lt;init&gt;(Calculator.java:6)
	at io.michaelcane.Commands.&lt;init&gt;(Commands.java:5)
	at io.michaelcane.Calculator.&lt;init&gt;(Calculator.java:6)
	at io.michaelcane.Commands.&lt;init&gt;(Commands.java:5)
	at io.michaelcane.Calculator.&lt;init&gt;(Calculator.java:6)
	at io.michaelcane.Commands.&lt;init&gt;(Commands.java:5)
	at io.michaelcane.Calculator.&lt;init&gt;(Calculator.java:6)
	at io.michaelcane.Commands.&lt;init&gt;(Commands.java:5)
	at io.michaelcane.Calculator.&lt;init&gt;(Calculator.java:6)
	at io.michaelcane.Commands.&lt;init&gt;(Commands.java:5)
	at io.michaelcane.Calculator.&lt;init&gt;(Calculator.java:6)
	at io.michaelcane.Commands.&lt;init&gt;(Commands.java:5)
	at io.michaelcane.Calculator.&lt;init&gt;(Calculator.java:6)
	at io.michaelcane.Commands.&lt;init&gt;(Commands.java:5)
	at io.michaelcane.Calculator.&lt;init&gt;(Calculator.java:6)
	at io.michaelcane.Commands.&lt;init&gt;(Commands.java:5)
	at io.michaelcane.Calculator.&lt;init&gt;(Calculator.java:6)
	at io.michaelcane.Commands.&lt;init&gt;(Commands.java:5)
	at io.michaelcane.Calculator.&lt;init&gt;(Calculator.java:6)
	at io.michaelcane.Commands.&lt;init&gt;(Commands.java:5)
	at io.michaelcane.Calculator.&lt;init&gt;(Calculator.java:6)
	at io.michaelcane.Commands.&lt;init&gt;(Commands.java:5)
	at io.michaelcane.Calculator.&lt;init&gt;(Calculator.java:6)
	at io.michaelcane.Commands.&lt;init&gt;(Commands.java:5)
	at io.michaelcane.Calculator.&lt;init&gt;(Calculator.java:6)
	at io.michaelcane.Commands.&lt;init&gt;(Commands.java:5)
	at io.michaelcane.Calculator.&lt;init&gt;(Calculator.java:6)
	at io.michaelcane.Commands.&lt;init&gt;(Commands.java:5)
	at io.michaelcane.Calculator.&lt;init&gt;(Calculator.java:6)
	at io.michaelcane.Commands.&lt;init&gt;(Commands.java:5)
	at io.michaelcane.Calculator.&lt;init&gt;(Calculator.java:6)
	at io.michaelcane.Commands.&lt;init&gt;(Commands.java:5)
	at io.michaelcane.Calculator.&lt;init&gt;(Calculator.java:6)
	at io.michaelcane.Commands.&lt;init&gt;(Commands.java:5)
	at io.michaelcane.Calculator.&lt;init&gt;(Calculator.java:6)
	at io.michaelcane.Commands.&lt;init&gt;(Commands.java:5)
	at io.michaelcane.Calculator.&lt;init&gt;(Calculator.java:6)
	at io.michaelcane.Commands.&lt;init&gt;(Commands.java:5)
	at io.michaelcane.Calculator.&lt;init&gt;(Calculator.java:6)
	at io.michaelcane.Commands.&lt;init&gt;(Commands.java:5)
	at io.michaelcane.Calculator.&lt;init&gt;(Calculator.java:6)
	at io.michaelcane.Commands.&lt;init&gt;(Commands.java:5)
	at io.michaelcane.Calculator.&lt;init&gt;(Calculator.java:6)
	at io.michaelcane.Commands.&lt;init&gt;(Commands.java:5)
	at io.michaelcane.Calculator.&lt;init&gt;(Calculator.java:6)
	at io.michaelcane.Commands.&lt;init&gt;(Commands.java:5)
	at io.michaelcane.Calculator.&lt;init&gt;(Calculator.java:6)
	at io.michaelcane.Commands.&lt;init&gt;(Commands.java:5)
	at io.michaelcane.Calculator.&lt;init&gt;(Calculator.java:6)
	at io.michaelcane.Commands.&lt;init&gt;(Commands.java:5)
	at io.michaelcane.Calculator.&lt;init&gt;(Calculator.java:6)
	at io.michaelcane.Commands.&lt;init&gt;(Commands.java:5)
	at io.michaelcane.Calculator.&lt;init&gt;(Calculator.java:6)
	at io.michaelcane.Commands.&lt;init&gt;(Commands.java:5)
	at io.michaelcane.Calculator.&lt;init&gt;(Calculator.java:6)
	at io.michaelcane.Commands.&lt;init&gt;(Commands.java:5)
	at io.michaelcane.Calculator.&lt;init&gt;(Calculator.java:6)
	at io.michaelcane.Commands.&lt;init&gt;(Commands.java:5)
	at io.michaelcane.Calculator.&lt;init&gt;(Calculator.java:6)
	at io.michaelcane.Commands.&lt;init&gt;(Commands.java:5)
	at io.michaelcane.Calculator.&lt;init&gt;(Calculator.java:6)
	at io.michaelcane.Commands.&lt;init&gt;(Commands.java:5)
	at io.michaelcane.Calculator.&lt;init&gt;(Calculator.java:6)
	at io.michaelcane.Commands.&lt;init&gt;(Commands.java:5)
	at io.michaelcane.Calculator.&lt;init&gt;(Calculator.java:6)
	at io.michaelcane.Commands.&lt;init&gt;(Commands.java:5)
	at io.michaelcane.Calculator.&lt;init&gt;(Calculator.java:6)
	at io.michaelcane.Commands.&lt;init&gt;(Commands.java:5)
	at io.michaelcane.Calculator.&lt;init&gt;(Calculator.java:6)
	at io.michaelcane.Commands.&lt;init&gt;(Commands.java:5)
	at io.michaelcane.Calculator.&lt;init&gt;(Calculator.java:6)
	at io.michaelcane.Commands.&lt;init&gt;(Commands.java:5)
	at io.michaelcane.Calculator.&lt;init&gt;(Calculator.java:6)
	at io.michaelcane.Commands.&lt;init&gt;(Commands.java:5)
	at io.michaelcane.Calculator.&lt;init&gt;(Calculator.java:6)
	at io.michaelcane.Commands.&lt;init&gt;(Commands.java:5)
	at io.michaelcane.Calculator.&lt;init&gt;(Calculator.java:6)
	at io.michaelcane.Commands.&lt;init&gt;(Commands.java:5)
	at io.michaelcane.Calculator.&lt;init&gt;(Calculator.java:6)
	at io.michaelcane.Commands.&lt;init&gt;(Commands.java:5)
	at io.michaelcane.Calculator.&lt;init&gt;(Calculator.java:6)
	at io.michaelcane.Commands.&lt;init&gt;(Commands.java:5)
	at io.michaelcane.Calculator.&lt;init&gt;(Calculator.java:6)
	at io.michaelcane.Commands.&lt;init&gt;(Commands.java:5)
	at io.michaelcane.Calculator.&lt;init&gt;(Calculator.java:6)
	at io.michaelcane.Commands.&lt;init&gt;(Commands.java:5)
	at io.michaelcane.Calculator.&lt;init&gt;(Calculator.java:6)
	at io.michaelcane.Commands.&lt;init&gt;(Commands.java:5)
	at io.michaelcane.Calculator.&lt;init&gt;(Calculator.java:6)
	at io.michaelcane.Commands.&lt;init&gt;(Commands.java:5)
	at io.michaelcane.Calculator.&lt;init&gt;(Calculator.java:6)
	at io.michaelcane.Commands.&lt;init&gt;(Commands.java:5)
	at io.michaelcane.Calculator.&lt;init&gt;(Calculator.java:6)
	at io.michaelcane.Commands.&lt;init&gt;(Commands.java:5)
	at io.michaelcane.Calculator.&lt;init&gt;(Calculator.java:6)
	at io.michaelcane.Commands.&lt;init&gt;(Commands.java:5)
	at io.michaelcane.Calculator.&lt;init&gt;(Calculator.java:6)
	at io.michaelcane.Commands.&lt;init&gt;(Commands.java:5)
	at io.michaelcane.Calculator.&lt;init&gt;(Calculator.java:6)
	at io.michaelcane.Commands.&lt;init&gt;(Commands.java:5)
	at io.michaelcane.Calculator.&lt;init&gt;(Calculator.java:6)
	at io.michaelcane.Commands.&lt;init&gt;(Commands.java:5)
	at io.michaelcane.Calculator.&lt;init&gt;(Calculator.java:6)
	at io.michaelcane.Commands.&lt;init&gt;(Commands.java:5)
	at io.michaelcane.Calculator.&lt;init&gt;(Calculator.java:6)
	at io.michaelcane.Commands.&lt;init&gt;(Commands.java:5)
	at io.michaelcane.Calculator.&lt;init&gt;(Calculator.java:6)
	at io.michaelcane.Commands.&lt;init&gt;(Commands.java:5)
	at io.michaelcane.Calculator.&lt;init&gt;(Calculator.java:6)
	at io.michaelcane.Commands.&lt;init&gt;(Commands.java:5)
	at io.michaelcane.Calculator.&lt;init&gt;(Calculator.java:6)
	at io.michaelcane.Commands.&lt;init&gt;(Commands.java:5)
	at io.michaelcane.Calculator.&lt;init&gt;(Calculator.java:6)
	at io.michaelcane.Commands.&lt;init&gt;(Commands.java:5)
	at io.michaelcane.Calculator.&lt;init&gt;(Calculator.java:6)
	at io.michaelcane.Commands.&lt;init&gt;(Commands.java:5)
	at io.michaelcane.Calculator.&lt;init&gt;(Calculator.java:6)
	at io.michaelcane.Commands.&lt;init&gt;(Commands.java:5)
	at io.michaelcane.Calculator.&lt;init&gt;(Calculator.java:6)
	at io.michaelcane.Commands.&lt;init&gt;(Commands.java:5)
	at io.michaelcane.Calculator.&lt;init&gt;(Calculator.java:6)
	at io.michaelcane.Commands.&lt;init&gt;(Commands.java:5)
	at io.michaelcane.Calculator.&lt;init&gt;(Calculator.java:6)
	at io.michaelcane.Commands.&lt;init&gt;(Commands.java:5)
	at io.michaelcane.Calculator.&lt;init&gt;(Calculator.java:6)
	at io.michaelcane.Commands.&lt;init&gt;(Commands.java:5)
	at io.michaelcane.Calculator.&lt;init&gt;(Calculator.java:6)
	at io.michaelcane.Commands.&lt;init&gt;(Commands.java:5)
	at io.michaelcane.Calculator.&lt;init&gt;(Calculator.java:6)
	at io.michaelcane.Commands.&lt;init&gt;(Commands.java:5)
	at io.michaelcane.Calculator.&lt;init&gt;(Calculator.java:6)
	at io.michaelcane.Commands.&lt;init&gt;(Commands.java:5)
	at io.michaelcane.Calculator.&lt;init&gt;(Calculator.java:6)
	at io.michaelcane.Commands.&lt;init&gt;(Commands.java:5)
	at io.michaelcane.Calculator.&lt;init&gt;(Calculator.java:6)
	at io.michaelcane.Commands.&lt;init&gt;(Commands.java:5)
	at io.michaelcane.Calculator.&lt;init&gt;(Calculator.java:6)
	at io.michaelcane.Commands.&lt;init&gt;(Commands.java:5)
	at io.michaelcane.Calculator.&lt;init&gt;(Calculator.java:6)
	at io.michaelcane.Commands.&lt;init&gt;(Commands.java:5)
	at io.michaelcane.Calculator.&lt;init&gt;(Calculator.java:6)
	at io.michaelcane.Commands.&lt;init&gt;(Commands.java:5)
	at io.michaelcane.Calculator.&lt;init&gt;(Calculator.java:6)
	at io.michaelcane.Commands.&lt;init&gt;(Commands.java:5)
	at io.michaelcane.Calculator.&lt;init&gt;(Calculator.java:6)
	at io.michaelcane.Commands.&lt;init&gt;(Commands.java:5)
	at io.michaelcane.Calculator.&lt;init&gt;(Calculator.java:6)
	at io.michaelcane.Commands.&lt;init&gt;(Commands.java:5)
	at io.michaelcane.Calculator.&lt;init&gt;(Calculator.java:6)
	at io.michaelcane.Commands.&lt;init&gt;(Commands.java:5)
	at io.michaelcane.Calculator.&lt;init&gt;(Calculator.java:6)
	at io.michaelcane.Commands.&lt;init&gt;(Commands.java:5)
	at io.michaelcane.Calculator.&lt;init&gt;(Calculator.java:6)
	at io.michaelcane.Commands.&lt;init&gt;(Commands.java:5)
	at io.michaelcane.Calculator.&lt;init&gt;(Calculator.java:6)
	at io.michaelcane.Commands.&lt;init&gt;(Commands.java:5)
	at io.michaelcane.Calculator.&lt;init&gt;(Calculator.java:6)
	at io.michaelcane.Commands.&lt;init&gt;(Commands.java:5)
	at io.michaelcane.Calculator.&lt;init&gt;(Calculator.java:6)
	at io.michaelcane.Commands.&lt;init&gt;(Commands.java:5)
	at io.michaelcane.Calculator.&lt;init&gt;(Calculator.java:6)
	at io.michaelcane.Commands.&lt;init&gt;(Commands.java:5)
	at io.michaelcane.Calculator.&lt;init&gt;(Calculator.java:6)
	at io.michaelcane.Commands.&lt;init&gt;(Commands.java:5)
	at io.michaelcane.Calculator.&lt;init&gt;(Calculator.java:6)
	at io.michaelcane.Commands.&lt;init&gt;(Commands.java:5)
	at io.michaelcane.Calculator.&lt;init&gt;(Calculator.java:6)
	at io.michaelcane.Commands.&lt;init&gt;(Commands.java:5)
	at io.michaelcane.Calculator.&lt;init&gt;(Calculator.java:6)
	at io.michaelcane.Commands.&lt;init&gt;(Commands.java:5)
	at io.michaelcane.Calculator.&lt;init&gt;(Calculator.java:6)
	at io.michaelcane.Commands.&lt;init&gt;(Commands.java:5)
	at io.michaelcane.Calculator.&lt;init&gt;(Calculator.java:6)
	at io.michaelcane.Commands.&lt;init&gt;(Commands.java:5)
	at io.michaelcane.Calculator.&lt;init&gt;(Calculator.java:6)
	at io.michaelcane.Commands.&lt;init&gt;(Commands.java:5)
	at io.michaelcane.Calculator.&lt;init&gt;(Calculator.java:6)
	at io.michaelcane.Commands.&lt;init&gt;(Commands.java:5)
	at io.michaelcane.Calculator.&lt;init&gt;(Calculator.java:6)
	at io.michaelcane.Commands.&lt;init&gt;(Commands.java:5)
	at io.michaelcane.Calculator.&lt;init&gt;(Calculator.java:6)
	at io.michaelcane.Commands.&lt;init&gt;(Commands.java:5)
	at io.michaelcane.Calculator.&lt;init&gt;(Calculator.java:6)
	at io.michaelcane.Commands.&lt;init&gt;(Commands.java:5)
	at io.michaelcane.Calculator.&lt;init&gt;(Calculator.java:6)
	at io.michaelcane.Commands.&lt;init&gt;(Commands.java:5)
	at io.michaelcane.Calculator.&lt;init&gt;(Calculator.java:6)
	at io.michaelcane.Commands.&lt;init&gt;(Commands.java:5)
	at io.michaelcane.Calculator.&lt;init&gt;(Calculator.java:6)
	at io.michaelcane.Commands.&lt;init&gt;(Commands.java:5)
	at io.michaelcane.Calculator.&lt;init&gt;(Calculator.java:6)
	at io.michaelcane.Commands.&lt;init&gt;(Commands.java:5)
	at io.michaelcane.Calculator.&lt;init&gt;(Calculator.java:6)
	at io.michaelcane.Commands.&lt;init&gt;(Commands.java:5)
	at io.michaelcane.Calculator.&lt;init&gt;(Calculator.java:6)
	at io.michaelcane.Commands.&lt;init&gt;(Commands.java:5)
	at io.michaelcane.Calculator.&lt;init&gt;(Calculator.java:6)
	at io.michaelcane.Commands.&lt;init&gt;(Commands.java:5)
	at io.michaelcane.Calculator.&lt;init&gt;(Calculator.java:6)
	at io.michaelcane.Commands.&lt;init&gt;(Commands.java:5)
	at io.michaelcane.Calculator.&lt;init&gt;(Calculator.java:6)
	at io.michaelcane.Commands.&lt;init&gt;(Commands.java:5)
	at io.michaelcane.Calculator.&lt;init&gt;(Calculator.java:6)
	at io.michaelcane.Commands.&lt;init&gt;(Commands.java:5)
	at io.michaelcane.Calculator.&lt;init&gt;(Calculator.java:6)
	at io.michaelcane.Commands.&lt;init&gt;(Commands.java:5)
	at io.michaelcane.Calculator.&lt;init&gt;(Calculator.java:6)
	at io.michaelcane.Commands.&lt;init&gt;(Commands.java:5)
	at io.michaelcane.Calculator.&lt;init&gt;(Calculator.java:6)
	at io.michaelcane.Commands.&lt;init&gt;(Commands.java:5)
	at io.michaelcane.Calculator.&lt;init&gt;(Calculator.java:6)
	at io.michaelcane.Commands.&lt;init&gt;(Commands.java:5)
	at io.michaelcane.Calculator.&lt;init&gt;(Calculator.java:6)
	at io.michaelcane.Commands.&lt;init&gt;(Commands.java:5)
	at io.michaelcane.Calculator.&lt;init&gt;(Calculator.java:6)
	at io.michaelcane.Commands.&lt;init&gt;(Commands.java:5)
	at io.michaelcane.Calculator.&lt;init&gt;(Calculator.java:6)
	at io.michaelcane.Commands.&lt;init&gt;(Commands.java:5)
	at io.michaelcane.Calculator.&lt;init&gt;(Calculator.java:6)
	at io.michaelcane.Commands.&lt;init&gt;(Commands.java:5)
	at io.michaelcane.Calculator.&lt;init&gt;(Calculator.java:6)
	at io.michaelcane.Commands.&lt;init&gt;(Commands.java:5)
	at io.michaelcane.Calculator.&lt;init&gt;(Calculator.java:6)
	at io.michaelcane.Commands.&lt;init&gt;(Commands.java:5)
	at io.michaelcane.Calculator.&lt;init&gt;(Calculator.java:6)
	at io.michaelcane.Commands.&lt;init&gt;(Commands.java:5)
	at io.michaelcane.Calculator.&lt;init&gt;(Calculator.java:6)
	at io.michaelcane.Commands.&lt;init&gt;(Commands.java:5)
	at io.michaelcane.Calculator.&lt;init&gt;(Calculator.java:6)
	at io.michaelcane.Commands.&lt;init&gt;(Commands.java:5)
	at io.michaelcane.Calculator.&lt;init&gt;(Calculator.java:6)
	at io.michaelcane.Commands.&lt;init&gt;(Commands.java:5)
	at io.michaelcane.Calculator.&lt;init&gt;(Calculator.java:6)
	at io.michaelcane.Commands.&lt;init&gt;(Commands.java:5)
	at io.michaelcane.Calculator.&lt;init&gt;(Calculator.java:6)
	at io.michaelcane.Commands.&lt;init&gt;(Commands.java:5)
	at io.michaelcane.Calculator.&lt;init&gt;(Calculator.java:6)
	at io.michaelcane.Commands.&lt;init&gt;(Commands.java:5)
	at io.michaelcane.Calculator.&lt;init&gt;(Calculator.java:6)
	at io.michaelcane.Commands.&lt;init&gt;(Commands.java:5)
	at io.michaelcane.Calculator.&lt;init&gt;(Calculator.java:6)
	at io.michaelcane.Commands.&lt;init&gt;(Commands.java:5)
	at io.michaelcane.Calculator.&lt;init&gt;(Calculator.java:6)
	at io.michaelcane.Commands.&lt;init&gt;(Commands.java:5)
	at io.michaelcane.Calculator.&lt;init&gt;(Calculator.java:6)
	at io.michaelcane.Commands.&lt;init&gt;(Commands.java:5)
	at io.michaelcane.Calculator.&lt;init&gt;(Calculator.java:6)
	at io.michaelcane.Commands.&lt;init&gt;(Commands.java:5)
	at io.michaelcane.Calculator.&lt;init&gt;(Calculator.java:6)
	at io.michaelcane.Commands.&lt;init&gt;(Commands.java:5)
	at io.michaelcane.Calculator.&lt;init&gt;(Calculator.java:6)
	at io.michaelcane.Commands.&lt;init&gt;(Commands.java:5)
	at io.michaelcane.Calculator.&lt;init&gt;(Calculator.java:6)
	at io.michaelcane.Commands.&lt;init&gt;(Commands.java:5)
	at io.michaelcane.Calculator.&lt;init&gt;(Calculator.java:6)
	at io.michaelcane.Commands.&lt;init&gt;(Commands.java:5)
	at io.michaelcane.Calculator.&lt;init&gt;(Calculator.java:6)
	at io.michaelcane.Commands.&lt;init&gt;(Commands.java:5)
	at io.michaelcane.Calculator.&lt;init&gt;(Calculator.java:6)
	at io.michaelcane.Commands.&lt;init&gt;(Commands.java:5)
	at io.michaelcane.Calculator.&lt;init&gt;(Calculator.java:6)
	at io.michaelcane.Commands.&lt;init&gt;(Commands.java:5)
	at io.michaelcane.Calculator.&lt;init&gt;(Calculator.java:6)
	at io.michaelcane.Commands.&lt;init&gt;(Commands.java:5)
	at io.michaelcane.Calculator.&lt;init&gt;(Calculator.java:6)
	at io.michaelcane.Commands.&lt;init&gt;(Commands.java:5)
	at io.michaelcane.Calculator.&lt;init&gt;(Calculator.java:6)
	at io.michaelcane.Commands.&lt;init&gt;(Commands.java:5)
	at io.michaelcane.Calculator.&lt;init&gt;(Calculator.java:6)
	at io.michaelcane.Commands.&lt;init&gt;(Commands.java:5)
	at io.michaelcane.Calculator.&lt;init&gt;(Calculator.java:6)
	at io.michaelcane.Commands.&lt;init&gt;(Commands.java:5)
	at io.michaelcane.Calculator.&lt;init&gt;(Calculator.java:6)
	at io.michaelcane.Commands.&lt;init&gt;(Commands.java:5)
	at io.michaelcane.Calculator.&lt;init&gt;(Calculator.java:6)
	at io.michaelcane.Commands.&lt;init&gt;(Commands.java:5)
	at io.michaelcane.Calculator.&lt;init&gt;(Calculator.java:6)
	at io.michaelcane.Commands.&lt;init&gt;(Commands.java:5)
	at io.michaelcane.Calculator.&lt;init&gt;(Calculator.java:6)
	at io.michaelcane.Commands.&lt;init&gt;(Commands.java:5)
	at io.michaelcane.Calculator.&lt;init&gt;(Calculator.java:6)
	at io.michaelcane.Commands.&lt;init&gt;(Commands.java:5)
	at io.michaelcane.Calculator.&lt;init&gt;(Calculator.java:6)
	at io.michaelcane.Commands.&lt;init&gt;(Commands.java:5)
	at io.michaelcane.Calculator.&lt;init&gt;(Calculator.java:6)
	at io.michaelcane.Commands.&lt;init&gt;(Commands.java:5)
	at io.michaelcane.Calculator.&lt;init&gt;(Calculator.java:6)
	at io.michaelcane.Commands.&lt;init&gt;(Commands.java:5)
	at io.michaelcane.Calculator.&lt;init&gt;(Calculator.java:6)
	at io.michaelcane.Commands.&lt;init&gt;(Commands.java:5)
	at io.michaelcane.Calculator.&lt;init&gt;(Calculator.java:6)
	at io.michaelcane.Commands.&lt;init&gt;(Commands.java:5)
	at io.michaelcane.Calculator.&lt;init&gt;(Calculator.java:6)
	at io.michaelcane.Commands.&lt;init&gt;(Commands.java:5)
	at io.michaelcane.Calculator.&lt;init&gt;(Calculator.java:6)
	at io.michaelcane.Commands.&lt;init&gt;(Commands.java:5)
	at io.michaelcane.Calculator.&lt;init&gt;(Calculator.java:6)
	at io.michaelcane.Commands.&lt;init&gt;(Commands.java:5)
	at io.michaelcane.Calculator.&lt;init&gt;(Calculator.java:6)
	at io.michaelcane.Commands.&lt;init&gt;(Commands.java:5)
	at io.michaelcane.Calculator.&lt;init&gt;(Calculator.java:6)
	at io.michaelcane.Commands.&lt;init&gt;(Commands.java:5)
	at io.michaelcane.Calculator.&lt;init&gt;(Calculator.java:6)
	at io.michaelcane.Commands.&lt;init&gt;(Commands.java:5)
	at io.michaelcane.Calculator.&lt;init&gt;(Calculator.java:6)
	at io.michaelcane.Commands.&lt;init&gt;(Commands.java:5)
	at io.michaelcane.Calculator.&lt;init&gt;(Calculator.java:6)
	at io.michaelcane.Commands.&lt;init&gt;(Commands.java:5)
	at io.michaelcane.Calculator.&lt;init&gt;(Calculator.java:6)
	at io.michaelcane.Commands.&lt;init&gt;(Commands.java:5)
	at io.michaelcane.Calculator.&lt;init&gt;(Calculator.java:6)
	at io.michaelcane.Commands.&lt;init&gt;(Commands.java:5)
	at io.michaelcane.Calculator.&lt;init&gt;(Calculator.java:6)
	at io.michaelcane.Commands.&lt;init&gt;(Commands.java:5)
	at io.michaelcane.Calculator.&lt;init&gt;(Calculator.java:6)
	at io.michaelcane.Commands.&lt;init&gt;(Commands.java:5)
	at io.michaelcane.Calculator.&lt;init&gt;(Calculator.java:6)
	at io.michaelcane.Commands.&lt;init&gt;(Commands.java:5)
	at io.michaelcane.Calculator.&lt;init&gt;(Calculator.java:6)
	at io.michaelcane.Commands.&lt;init&gt;(Commands.java:5)
	at io.michaelcane.Calculator.&lt;init&gt;(Calculator.java:6)
	at io.michaelcane.Commands.&lt;init&gt;(Commands.java:5)
	at io.michaelcane.Calculator.&lt;init&gt;(Calculator.java:6)
	at io.michaelcane.Commands.&lt;init&gt;(Commands.java:5)
	at io.michaelcane.Calculator.&lt;init&gt;(Calculator.java:6)
	at io.michaelcane.Commands.&lt;init&gt;(Commands.java:5)
	at io.michaelcane.Calculator.&lt;init&gt;(Calculator.java:6)
	at io.michaelcane.Commands.&lt;init&gt;(Commands.java:5)
	at io.michaelcane.Calculator.&lt;init&gt;(Calculator.java:6)
	at io.michaelcane.Commands.&lt;init&gt;(Commands.java:5)
	at io.michaelcane.Calculator.&lt;init&gt;(Calculator.java:6)
	at io.michaelcane.Commands.&lt;init&gt;(Commands.java:5)
	at io.michaelcane.Calculator.&lt;init&gt;(Calculator.java:6)
	at io.michaelcane.Commands.&lt;init&gt;(Commands.java:5)
	at io.michaelcane.Calculator.&lt;init&gt;(Calculator.java:6)
	at io.michaelcane.Commands.&lt;init&gt;(Commands.java:5)
	at io.michaelcane.Calculator.&lt;init&gt;(Calculator.java:6)
	at io.michaelcane.Commands.&lt;init&gt;(Commands.java:5)
	at io.michaelcane.Calculator.&lt;init&gt;(Calculator.java:6)
	at io.michaelcane.Commands.&lt;init&gt;(Commands.java:5)
	at io.michaelcane.Calculator.&lt;init&gt;(Calculator.java:6)
	at io.michaelcane.Commands.&lt;init&gt;(Commands.java:5)
	at io.michaelcane.Calculator.&lt;init&gt;(Calculator.java:6)
	at io.michaelcane.Commands.&lt;init&gt;(Commands.java:5)
	at io.michaelcane.Calculator.&lt;init&gt;(Calculator.java:6)
	at io.michaelcane.Commands.&lt;init&gt;(Commands.java:5)
	at io.michaelcane.Calculator.&lt;init&gt;(Calculator.java:6)
	at io.michaelcane.Commands.&lt;init&gt;(Commands.java:5)
	at io.michaelcane.Calculator.&lt;init&gt;(Calculator.java:6)
	at io.michaelcane.Commands.&lt;init&gt;(Commands.java:5)
	at io.michaelcane.Calculator.&lt;init&gt;(Calculator.java:6)
	at io.michaelcane.Commands.&lt;init&gt;(Commands.java:5)
	at io.michaelcane.Calculator.&lt;init&gt;(Calculator.java:6)
	at io.michaelcane.Commands.&lt;init&gt;(Commands.java:5)
	at io.michaelcane.Calculator.&lt;init&gt;(Calculator.java:6)
	at io.michaelcane.Commands.&lt;init&gt;(Commands.java:5)
	at io.michaelcane.Calculator.&lt;init&gt;(Calculator.java:6)
	at io.michaelcane.Commands.&lt;init&gt;(Commands.java:5)
	at io.michaelcane.Calculator.&lt;init&gt;(Calculator.java:6)
	at io.michaelcane.Commands.&lt;init&gt;(Commands.java:5)
	at io.michaelcane.Calculator.&lt;init&gt;(Calculator.java:6)
	at io.michaelcane.Commands.&lt;init&gt;(Commands.java:5)
	at io.michaelcane.Calculator.&lt;init&gt;(Calculator.java:6)
	at io.michaelcane.Commands.&lt;init&gt;(Commands.java:5)
	at io.michaelcane.Calculator.&lt;init&gt;(Calculator.java:6)
	at io.michaelcane.Commands.&lt;init&gt;(Commands.java:5)
	at io.michaelcane.Calculator.&lt;init&gt;(Calculator.java:6)
	at io.michaelcane.Commands.&lt;init&gt;(Commands.java:5)
	at io.michaelcane.Calculator.&lt;init&gt;(Calculator.java:6)
	at io.michaelcane.Commands.&lt;init&gt;(Commands.java:5)
	at io.michaelcane.Calculator.&lt;init&gt;(Calculator.java:6)
	at io.michaelcane.Commands.&lt;init&gt;(Commands.java:5)
	at io.michaelcane.Calculator.&lt;init&gt;(Calculator.java:6)
	at io.michaelcane.Commands.&lt;init&gt;(Commands.java:5)
	at io.michaelcane.Calculator.&lt;init&gt;(Calculator.java:6)
	at io.michaelcane.Commands.&lt;init&gt;(Commands.java:5)
	at io.michaelcane.Calculator.&lt;init&gt;(Calculator.java:6)
	at io.michaelcane.Commands.&lt;init&gt;(Commands.java:5)
	at io.michaelcane.Calculator.&lt;init&gt;(Calculator.java:6)
	at io.michaelcane.Commands.&lt;init&gt;(Commands.java:5)
	at io.michaelcane.Calculator.&lt;init&gt;(Calculator.java:6)
	at io.michaelcane.Commands.&lt;init&gt;(Commands.java:5)
	at io.michaelcane.Calculator.&lt;init&gt;(Calculator.java:6)
	at io.michaelcane.Commands.&lt;init&gt;(Commands.java:5)
	at io.michaelcane.Calculator.&lt;init&gt;(Calculator.java:6)
	at io.michaelcane.Commands.&lt;init&gt;(Commands.java:5)
	at io.michaelcane.Calculator.&lt;init&gt;(Calculator.java:6)
	at io.michaelcane.Commands.&lt;init&gt;(Commands.java:5)
	at io.michaelcane.Calculator.&lt;init&gt;(Calculator.java:6)
	at io.michaelcane.Commands.&lt;init&gt;(Commands.java:5)
	at io.michaelcane.Calculator.&lt;init&gt;(Calculator.java:6)
	at io.michaelcane.Commands.&lt;init&gt;(Commands.java:5)
	at io.michaelcane.Calculator.&lt;init&gt;(Calculator.java:6)
	at io.michaelcane.Commands.&lt;init&gt;(Commands.java:5)
	at io.michaelcane.Calculator.&lt;init&gt;(Calculator.java:6)
	at io.michaelcane.Commands.&lt;init&gt;(Commands.java:5)
	at io.michaelcane.Calculator.&lt;init&gt;(Calculator.java:6)
	at io.michaelcane.Commands.&lt;init&gt;(Commands.java:5)
	at io.michaelcane.Calculator.&lt;init&gt;(Calculator.java:6)
	at io.michaelcane.Commands.&lt;init&gt;(Commands.java:5)
	at io.michaelcane.Calculator.&lt;init&gt;(Calculator.java:6)
	at io.michaelcane.Commands.&lt;init&gt;(Commands.java:5)
	at io.michaelcane.Calculator.&lt;init&gt;(Calculator.java:6)
	at io.michaelcane.Commands.&lt;init&gt;(Commands.java:5)
	at io.michaelcane.Calculator.&lt;init&gt;(Calculator.java:6)
	at io.michaelcane.Commands.&lt;init&gt;(Commands.java:5)
	at io.michaelcane.Calculator.&lt;init&gt;(Calculator.java:6)
	at io.michaelcane.Commands.&lt;init&gt;(Commands.java:5)
	at io.michaelcane.Calculator.&lt;init&gt;(Calculator.java:6)
	at io.michaelcane.Commands.&lt;init&gt;(Commands.java:5)
	at io.michaelcane.Calculator.&lt;init&gt;(Calculator.java:6)
	at io.michaelcane.Commands.&lt;init&gt;(Commands.java:5)
	at io.michaelcane.Calculator.&lt;init&gt;(Calculator.java:6)
	at io.michaelcane.Commands.&lt;init&gt;(Commands.java:5)
	at io.michaelcane.Calculator.&lt;init&gt;(Calculator.java:6)
	at io.michaelcane.Commands.&lt;init&gt;(Commands.java:5)
	at io.michaelcane.Calculator.&lt;init&gt;(Calculator.java:6)
	at io.michaelcane.Commands.&lt;init&gt;(Commands.java:5)
	at io.michaelcane.Calculator.&lt;init&gt;(Calculator.java:6)
	at io.michaelcane.Commands.&lt;init&gt;(Commands.java:5)
	at io.michaelcane.Calculator.&lt;init&gt;(Calculator.java:6)
	at io.michaelcane.Commands.&lt;init&gt;(Commands.java:5)
	at io.michaelcane.Calculator.&lt;init&gt;(Calculator.java:6)
	at io.michaelcane.Commands.&lt;init&gt;(Commands.java:5)
	at io.michaelcane.Calculator.&lt;init&gt;(Calculator.java:6)
	at io.michaelcane.Commands.&lt;init&gt;(Commands.java:5)
	at io.michaelcane.Calculator.&lt;init&gt;(Calculator.java:6)
	at io.michaelcane.Commands.&lt;init&gt;(Commands.java:5)
	at io.michaelcane.Calculator.&lt;init&gt;(Calculator.java:6)
	at io.michaelcane.Commands.&lt;init&gt;(Commands.java:5)
	at io.michaelcane.Calculator.&lt;init&gt;(Calculator.java:6)
	at io.michaelcane.Commands.&lt;init&gt;(Commands.java:5)
	at io.michaelcane.Calculator.&lt;init&gt;(Calculator.java:6)
	at io.michaelcane.Commands.&lt;init&gt;(Commands.java:5)
	at io.michaelcane.Calculator.&lt;init&gt;(Calculator.java:6)
	at io.michaelcane.Commands.&lt;init&gt;(Commands.java:5)
	at io.michaelcane.Calculator.&lt;init&gt;(Calculator.java:6)
	at io.michaelcane.Commands.&lt;init&gt;(Commands.java:5)
	at io.michaelcane.Calculator.&lt;init&gt;(Calculator.java:6)
	at io.michaelcane.Commands.&lt;init&gt;(Commands.java:5)
	at io.michaelcane.Calculator.&lt;init&gt;(Calculator.java:6)
	at io.michaelcane.Commands.&lt;init&gt;(Commands.java:5)
	at io.michaelcane.Calculator.&lt;init&gt;(Calculator.java:6)
	at io.michaelcane.Commands.&lt;init&gt;(Commands.java:5)
	at io.michaelcane.Calculator.&lt;init&gt;(Calculator.java:6)
	at io.michaelcane.Commands.&lt;init&gt;(Commands.java:5)
	at io.michaelcane.Calculator.&lt;init&gt;(Calculator.java:6)
	at io.michaelcane.Commands.&lt;init&gt;(Commands.java:5)
	at io.michaelcane.Calculator.&lt;init&gt;(Calculator.java:6)
	at io.michaelcane.Commands.&lt;init&gt;(Commands.java:5)
	at io.michaelcane.Calculator.&lt;init&gt;(Calculator.java:6)
	at io.michaelcane.Commands.&lt;init&gt;(Commands.java:5)
	at io.michaelcane.Calculator.&lt;init&gt;(Calculator.java:6)
	at io.michaelcane.Commands.&lt;init&gt;(Commands.java:5)
	at io.michaelcane.Calculator.&lt;init&gt;(Calculator.java:6)
	at io.michaelcane.Commands.&lt;init&gt;(Commands.java:5)
	at io.michaelcane.Calculator.&lt;init&gt;(Calculator.java:6)
	at io.michaelcane.Commands.&lt;init&gt;(Commands.java:5)
	at io.michaelcane.Calculator.&lt;init&gt;(Calculator.java:6)
	at io.michaelcane.Commands.&lt;init&gt;(Commands.java:5)
	at io.michaelcane.Calculator.&lt;init&gt;(Calculator.java:6)
	at io.michaelcane.Commands.&lt;init&gt;(Commands.java:5)
	at io.michaelcane.Calculator.&lt;init&gt;(Calculator.java:6)
	at io.michaelcane.Commands.&lt;init&gt;(Commands.java:5)
	at io.michaelcane.Calculator.&lt;init&gt;(Calculator.java:6)
	at io.michaelcane.Commands.&lt;init&gt;(Commands.java:5)
	at io.michaelcane.Calculator.&lt;init&gt;(Calculator.java:6)
	at io.michaelcane.Commands.&lt;init&gt;(Commands.java:5)
	at io.michaelcane.Calculator.&lt;init&gt;(Calculator.java:6)
	at io.michaelcane.Commands.&lt;init&gt;(Commands.java:5)
	at io.michaelcane.Calculator.&lt;init&gt;(Calculator.java:6)
	at io.michaelcane.Commands.&lt;init&gt;(Commands.java:5)
	at io.michaelcane.Calculator.&lt;init&gt;(Calculator.java:6)
	at io.michaelcane.Commands.&lt;init&gt;(Commands.java:5)
	at io.michaelcane.Calculator.&lt;init&gt;(Calculator.java:6)
	at io.michaelcane.Commands.&lt;init&gt;(Commands.java:5)
	at io.michaelcane.Calculator.&lt;init&gt;(Calculator.java:6)
	at io.michaelcane.Commands.&lt;init&gt;(Commands.java:5)
	at io.michaelcane.Calculator.&lt;init&gt;(Calculator.java:6)
	at io.michaelcane.Commands.&lt;init&gt;(Commands.java:5)
	at io.michaelcane.Calculator.&lt;init&gt;(Calculator.java:6)
	at io.michaelcane.Commands.&lt;init&gt;(Commands.java:5)
	at io.michaelcane.Calculator.&lt;init&gt;(Calculator.java:6)
	at io.michaelcane.Commands.&lt;init&gt;(Commands.java:5)
	at io.michaelcane.Calculator.&lt;init&gt;(Calculator.java:6)
	at io.michaelcane.Commands.&lt;init&gt;(Commands.java:5)
	at io.michaelcane.Calculator.&lt;init&gt;(Calculator.java:6)
	at io.michaelcane.Commands.&lt;init&gt;(Commands.java:5)
	at io.michaelcane.Calculator.&lt;init&gt;(Calculator.java:6)
	at io.michaelcane.Commands.&lt;init&gt;(Commands.java:5)
	at io.michaelcane.Calculator.&lt;init&gt;(Calculator.java:6)
	at io.michaelcane.Commands.&lt;init&gt;(Commands.java:5)
	at io.michaelcane.Calculator.&lt;init&gt;(Calculator.java:6)
	at io.michaelcane.Commands.&lt;init&gt;(Commands.java:5)
	at io.michaelcane.Calculator.&lt;init&gt;(Calculator.java:6)
	at io.michaelcane.Commands.&lt;init&gt;(Commands.java:5)
	at io.michaelcane.Calculator.&lt;init&gt;(Calculator.java:6)
	at io.michaelcane.Commands.&lt;init&gt;(Commands.java:5)
	at io.michaelcane.Calculator.&lt;init&gt;(Calculator.java:6)
	at io.michaelcane.Commands.&lt;init&gt;(Commands.java:5)
	at io.michaelcane.Calculator.&lt;init&gt;(Calculator.java:6)
	at io.michaelcane.Commands.&lt;init&gt;(Commands.java:5)
	at io.michaelcane.Calculator.&lt;init&gt;(Calculator.java:6)
	at io.michaelcane.Commands.&lt;init&gt;(Commands.java:5)
	at io.michaelcane.Calculator.&lt;init&gt;(Calculator.java:6)
	at io.michaelcane.Commands.&lt;init&gt;(Commands.java:5)
	at io.michaelcane.Calculator.&lt;init&gt;(Calculator.java:6)
	at io.michaelcane.Commands.&lt;init&gt;(Commands.java:5)
	at io.michaelcane.Calculator.&lt;init&gt;(Calculator.java:6)
	at io.michaelcane.Commands.&lt;init&gt;(Commands.java:5)
	at io.michaelcane.Calculator.&lt;init&gt;(Calculator.java:6)
	at io.michaelcane.Commands.&lt;init&gt;(Commands.java:5)
	at io.michaelcane.Calculator.&lt;init&gt;(Calculator.java:6)
	at io.michaelcane.Commands.&lt;init&gt;(Commands.java:5)
	at io.michaelcane.Calculator.&lt;init&gt;(Calculator.java:6)
	at io.michaelcane.Commands.&lt;init&gt;(Commands.java:5)
	at io.michaelcane.Calculator.&lt;init&gt;(Calculator.java:6)
	at io.michaelcane.Commands.&lt;init&gt;(Commands.java:5)
	at io.michaelcane.Calculator.&lt;init&gt;(Calculator.java:6)
	at io.michaelcane.Commands.&lt;init&gt;(Commands.java:5)
	at io.michaelcane.Calculator.&lt;init&gt;(Calculator.java:6)
	at io.michaelcane.Commands.&lt;init&gt;(Commands.java:5)
	at io.michaelcane.Calculator.&lt;init&gt;(Calculator.java:6)
	at io.michaelcane.Commands.&lt;init&gt;(Commands.java:5)
	at io.michaelcane.Calculator.&lt;init&gt;(Calculator.java:6)
	at io.michaelcane.Commands.&lt;init&gt;(Commands.java:5)
	at io.michaelcane.Calculator.&lt;init&gt;(Calculator.java:6)
	at io.michaelcane.Commands.&lt;init&gt;(Commands.java:5)
	at io.michaelcane.Calculator.&lt;init&gt;(Calculator.java:6)
	at io.michaelcane.Commands.&lt;init&gt;(Commands.java:5)
	at io.michaelcane.Calculator.&lt;init&gt;(Calculator.java:6)
	at io.michaelcane.Commands.&lt;init&gt;(Commands.java:5)
	at io.michaelcane.Calculator.&lt;init&gt;(Calculator.java:6)
	at io.michaelcane.Commands.&lt;init&gt;(Commands.java:5)
	at io.michaelcane.Calculator.&lt;init&gt;(Calculator.java:6)
	at io.michaelcane.Commands.&lt;init&gt;(Commands.java:5)
	at io.michaelcane.Calculator.&lt;init&gt;(Calculator.java:6)
	at io.michaelcane.Commands.&lt;init&gt;(Commands.java:5)
	at io.michaelcane.Calculator.&lt;init&gt;(Calculator.java:6)
	at io.michaelcane.Commands.&lt;init&gt;(Commands.java:5)
	at io.michaelcane.Calculator.&lt;init&gt;(Calculator.java:6)
	at io.michaelcane.Commands.&lt;init&gt;(Commands.java:5)
	at io.michaelcane.Calculator.&lt;init&gt;(Calculator.java:6)
	at io.michaelcane.Commands.&lt;init&gt;(Commands.java:5)
	at io.michaelcane.Calculator.&lt;init&gt;(Calculator.java:6)
	at io.michaelcane.Commands.&lt;init&gt;(Commands.java:5)
	at io.michaelcane.Calculator.&lt;init&gt;(Calculator.java:6)
	at io.michaelcane.Commands.&lt;init&gt;(Commands.java:5)
	at io.michaelcane.Calculator.&lt;init&gt;(Calculator.java:6)
	at io.michaelcane.Commands.&lt;init&gt;(Commands.java:5)
	at io.michaelcane.Calculator.&lt;init&gt;(Calculator.java:6)
	at io.michaelcane.Commands.&lt;init&gt;(Commands.java:5)
	at io.michaelcane.Calculator.&lt;init&gt;(Calculator.java:6)
	at io.michaelcane.Commands.&lt;init&gt;(Commands.java:5)
	at io.michaelcane.Calculator.&lt;init&gt;(Calculator.java:6)
	at io.michaelcane.Commands.&lt;init&gt;(Commands.java:5)
	at io.michaelcane.Calculator.&lt;init&gt;(Calculator.java:6)
	at io.michaelcane.Commands.&lt;init&gt;(Commands.java:5)
	at io.michaelcane.Calculator.&lt;init&gt;(Calculator.java:6)
	at io.michaelcane.Commands.&lt;init&gt;(Commands.java:5)
	at io.michaelcane.Calculator.&lt;init&gt;(Calculator.java:6)
	at io.michaelcane.Commands.&lt;init&gt;(Commands.java:5)
	at io.michaelcane.Calculator.&lt;init&gt;(Calculator.java:6)
	at io.michaelcane.Commands.&lt;init&gt;(Commands.java:5)
	at io.michaelcane.Calculator.&lt;init&gt;(Calculator.java:6)
	at io.michaelcane.Commands.&lt;init&gt;(Commands.java:5)
	at io.michaelcane.Calculator.&lt;init&gt;(Calculator.java:6)
	at io.michaelcane.Commands.&lt;init&gt;(Commands.java:5)
	at io.michaelcane.Calculator.&lt;init&gt;(Calculator.java:6)
	at io.michaelcane.Commands.&lt;init&gt;(Commands.java:5)
	at io.michaelcane.Calculator.&lt;init&gt;(Calculator.java:6)
	at io.michaelcane.Commands.&lt;init&gt;(Commands.java:5)
	at io.michaelcane.Calculator.&lt;init&gt;(Calculator.java:6)
	at io.michaelcane.Commands.&lt;init&gt;(Commands.java:5)
	at io.michaelcane.Calculator.&lt;init&gt;(Calculator.java:6)
	at io.michaelcane.Commands.&lt;init&gt;(Commands.java:5)
	at io.michaelcane.Calculator.&lt;init&gt;(Calculator.java:6)
	at io.michaelcane.Commands.&lt;init&gt;(Commands.java:5)
	at io.michaelcane.Calculator.&lt;init&gt;(Calculator.java:6)
	at io.michaelcane.Commands.&lt;init&gt;(Commands.java:5)
	at io.michaelcane.Calculator.&lt;init&gt;(Calculator.java:6)
	at io.michaelcane.Commands.&lt;init&gt;(Commands.java:5)
	at io.michaelcane.Calculator.&lt;init&gt;(Calculator.java:6)
	at io.michaelcane.Commands.&lt;init&gt;(Commands.java:5)
	at io.michaelcane.Calculator.&lt;init&gt;(Calculator.java:6)
	at io.michaelcane.Commands.&lt;init&gt;(Commands.java:5)
	at io.michaelcane.Calculator.&lt;init&gt;(Calculator.java:6)
	at io.michaelcane.Commands.&lt;init&gt;(Commands.java:5)
	at io.michaelcane.Calculator.&lt;init&gt;(Calculator.java:6)
	at io.michaelcane.Commands.&lt;init&gt;(Commands.java:5)
	at io.michaelcane.Calculator.&lt;init&gt;(Calculator.java:6)
	at io.michaelcane.Commands.&lt;init&gt;(Commands.java:5)
	at io.michaelcane.Calculator.&lt;init&gt;(Calculator.java:6)
	at io.michaelcane.Commands.&lt;init&gt;(Commands.java:5)
	at io.michaelcane.Calculator.&lt;init&gt;(Calculator.java:6)
	at io.michaelcane.Commands.&lt;init&gt;(Commands.java:5)
	at io.michaelcane.Calculator.&lt;init&gt;(Calculator.java:6)
	at io.michaelcane.Commands.&lt;init&gt;(Commands.java:5)
	at io.michaelcane.Calculator.&lt;init&gt;(Calculator.java:6)
	at io.michaelcane.Commands.&lt;init&gt;(Commands.java:5)
</error>
  </testcase>
  <testcase classname="io.michaelcane.CalculatorSpec" name="test$inverseNaturalLog" time="0.005">
    <error type="java.lang.StackOverflowError">java.lang.StackOverflowError
	at io.michaelcane.Calculator.&lt;init&gt;(Calculator.java:6)
	at io.michaelcane.Commands.&lt;init&gt;(Commands.java:5)
	at io.michaelcane.Calculator.&lt;init&gt;(Calculator.java:6)
	at io.michaelcane.Commands.&lt;init&gt;(Commands.java:5)
	at io.michaelcane.Calculator.&lt;init&gt;(Calculator.java:6)
	at io.michaelcane.Commands.&lt;init&gt;(Commands.java:5)
	at io.michaelcane.Calculator.&lt;init&gt;(Calculator.java:6)
	at io.michaelcane.Commands.&lt;init&gt;(Commands.java:5)
	at io.michaelcane.Calculator.&lt;init&gt;(Calculator.java:6)
	at io.michaelcane.Commands.&lt;init&gt;(Commands.java:5)
	at io.michaelcane.Calculator.&lt;init&gt;(Calculator.java:6)
	at io.michaelcane.Commands.&lt;init&gt;(Commands.java:5)
	at io.michaelcane.Calculator.&lt;init&gt;(Calculator.java:6)
	at io.michaelcane.Commands.&lt;init&gt;(Commands.java:5)
	at io.michaelcane.Calculator.&lt;init&gt;(Calculator.java:6)
	at io.michaelcane.Commands.&lt;init&gt;(Commands.java:5)
	at io.michaelcane.Calculator.&lt;init&gt;(Calculator.java:6)
	at io.michaelcane.Commands.&lt;init&gt;(Commands.java:5)
	at io.michaelcane.Calculator.&lt;init&gt;(Calculator.java:6)
	at io.michaelcane.Commands.&lt;init&gt;(Commands.java:5)
	at io.michaelcane.Calculator.&lt;init&gt;(Calculator.java:6)
	at io.michaelcane.Commands.&lt;init&gt;(Commands.java:5)
	at io.michaelcane.Calculator.&lt;init&gt;(Calculator.java:6)
	at io.michaelcane.Commands.&lt;init&gt;(Commands.java:5)
	at io.michaelcane.Calculator.&lt;init&gt;(Calculator.java:6)
	at io.michaelcane.Commands.&lt;init&gt;(Commands.java:5)
	at io.michaelcane.Calculator.&lt;init&gt;(Calculator.java:6)
	at io.michaelcane.Commands.&lt;init&gt;(Commands.java:5)
	at io.michaelcane.Calculator.&lt;init&gt;(Calculator.java:6)
	at io.michaelcane.Commands.&lt;init&gt;(Commands.java:5)
	at io.michaelcane.Calculator.&lt;init&gt;(Calculator.java:6)
	at io.michaelcane.Commands.&lt;init&gt;(Commands.java:5)
	at io.michaelcane.Calculator.&lt;init&gt;(Calculator.java:6)
	at io.michaelcane.Commands.&lt;init&gt;(Commands.java:5)
	at io.michaelcane.Calculator.&lt;init&gt;(Calculator.java:6)
	at io.michaelcane.Commands.&lt;init&gt;(Commands.java:5)
	at io.michaelcane.Calculator.&lt;init&gt;(Calculator.java:6)
	at io.michaelcane.Commands.&lt;init&gt;(Commands.java:5)
	at io.michaelcane.Calculator.&lt;init&gt;(Calculator.java:6)
	at io.michaelcane.Commands.&lt;init&gt;(Commands.java:5)
	at io.michaelcane.Calculator.&lt;init&gt;(Calculator.java:6)
	at io.michaelcane.Commands.&lt;init&gt;(Commands.java:5)
	at io.michaelcane.Calculator.&lt;init&gt;(Calculator.java:6)
	at io.michaelcane.Commands.&lt;init&gt;(Commands.java:5)
	at io.michaelcane.Calculator.&lt;init&gt;(Calculator.java:6)
	at io.michaelcane.Commands.&lt;init&gt;(Commands.java:5)
	at io.michaelcane.Calculator.&lt;init&gt;(Calculator.java:6)
	at io.michaelcane.Commands.&lt;init&gt;(Commands.java:5)
	at io.michaelcane.Calculator.&lt;init&gt;(Calculator.java:6)
	at io.michaelcane.Commands.&lt;init&gt;(Commands.java:5)
	at io.michaelcane.Calculator.&lt;init&gt;(Calculator.java:6)
	at io.michaelcane.Commands.&lt;init&gt;(Commands.java:5)
	at io.michaelcane.Calculator.&lt;init&gt;(Calculator.java:6)
	at io.michaelcane.Commands.&lt;init&gt;(Commands.java:5)
	at io.michaelcane.Calculator.&lt;init&gt;(Calculator.java:6)
	at io.michaelcane.Commands.&lt;init&gt;(Commands.java:5)
	at io.michaelcane.Calculator.&lt;init&gt;(Calculator.java:6)
	at io.michaelcane.Commands.&lt;init&gt;(Commands.java:5)
	at io.michaelcane.Calculator.&lt;init&gt;(Calculator.java:6)
	at io.michaelcane.Commands.&lt;init&gt;(Commands.java:5)
	at io.michaelcane.Calculator.&lt;init&gt;(Calculator.java:6)
	at io.michaelcane.Commands.&lt;init&gt;(Commands.java:5)
	at io.michaelcane.Calculator.&lt;init&gt;(Calculator.java:6)
	at io.michaelcane.Commands.&lt;init&gt;(Commands.java:5)
	at io.michaelcane.Calculator.&lt;init&gt;(Calculator.java:6)
	at io.michaelcane.Commands.&lt;init&gt;(Commands.java:5)
	at io.michaelcane.Calculator.&lt;init&gt;(Calculator.java:6)
	at io.michaelcane.Commands.&lt;init&gt;(Commands.java:5)
	at io.michaelcane.Calculator.&lt;init&gt;(Calculator.java:6)
	at io.michaelcane.Commands.&lt;init&gt;(Commands.java:5)
	at io.michaelcane.Calculator.&lt;init&gt;(Calculator.java:6)
	at io.michaelcane.Commands.&lt;init&gt;(Commands.java:5)
	at io.michaelcane.Calculator.&lt;init&gt;(Calculator.java:6)
	at io.michaelcane.Commands.&lt;init&gt;(Commands.java:5)
	at io.michaelcane.Calculator.&lt;init&gt;(Calculator.java:6)
	at io.michaelcane.Commands.&lt;init&gt;(Commands.java:5)
	at io.michaelcane.Calculator.&lt;init&gt;(Calculator.java:6)
	at io.michaelcane.Commands.&lt;init&gt;(Commands.java:5)
	at io.michaelcane.Calculator.&lt;init&gt;(Calculator.java:6)
	at io.michaelcane.Commands.&lt;init&gt;(Commands.java:5)
	at io.michaelcane.Calculator.&lt;init&gt;(Calculator.java:6)
	at io.michaelcane.Commands.&lt;init&gt;(Commands.java:5)
	at io.michaelcane.Calculator.&lt;init&gt;(Calculator.java:6)
	at io.michaelcane.Commands.&lt;init&gt;(Commands.java:5)
	at io.michaelcane.Calculator.&lt;init&gt;(Calculator.java:6)
	at io.michaelcane.Commands.&lt;init&gt;(Commands.java:5)
	at io.michaelcane.Calculator.&lt;init&gt;(Calculator.java:6)
	at io.michaelcane.Commands.&lt;init&gt;(Commands.java:5)
	at io.michaelcane.Calculator.&lt;init&gt;(Calculator.java:6)
	at io.michaelcane.Commands.&lt;init&gt;(Commands.java:5)
	at io.michaelcane.Calculator.&lt;init&gt;(Calculator.java:6)
	at io.michaelcane.Commands.&lt;init&gt;(Commands.java:5)
	at io.michaelcane.Calculator.&lt;init&gt;(Calculator.java:6)
	at io.michaelcane.Commands.&lt;init&gt;(Commands.java:5)
	at io.michaelcane.Calculator.&lt;init&gt;(Calculator.java:6)
	at io.michaelcane.Commands.&lt;init&gt;(Commands.java:5)
	at io.michaelcane.Calculator.&lt;init&gt;(Calculator.java:6)
	at io.michaelcane.Commands.&lt;init&gt;(Commands.java:5)
	at io.michaelcane.Calculator.&lt;init&gt;(Calculator.java:6)
	at io.michaelcane.Commands.&lt;init&gt;(Commands.java:5)
	at io.michaelcane.Calculator.&lt;init&gt;(Calculator.java:6)
	at io.michaelcane.Commands.&lt;init&gt;(Commands.java:5)
	at io.michaelcane.Calculator.&lt;init&gt;(Calculator.java:6)
	at io.michaelcane.Commands.&lt;init&gt;(Commands.java:5)
	at io.michaelcane.Calculator.&lt;init&gt;(Calculator.java:6)
	at io.michaelcane.Commands.&lt;init&gt;(Commands.java:5)
	at io.michaelcane.Calculator.&lt;init&gt;(Calculator.java:6)
	at io.michaelcane.Commands.&lt;init&gt;(Commands.java:5)
	at io.michaelcane.Calculator.&lt;init&gt;(Calculator.java:6)
	at io.michaelcane.Commands.&lt;init&gt;(Commands.java:5)
	at io.michaelcane.Calculator.&lt;init&gt;(Calculator.java:6)
	at io.michaelcane.Commands.&lt;init&gt;(Commands.java:5)
	at io.michaelcane.Calculator.&lt;init&gt;(Calculator.java:6)
	at io.michaelcane.Commands.&lt;init&gt;(Commands.java:5)
	at io.michaelcane.Calculator.&lt;init&gt;(Calculator.java:6)
	at io.michaelcane.Commands.&lt;init&gt;(Commands.java:5)
	at io.michaelcane.Calculator.&lt;init&gt;(Calculator.java:6)
	at io.michaelcane.Commands.&lt;init&gt;(Commands.java:5)
	at io.michaelcane.Calculator.&lt;init&gt;(Calculator.java:6)
	at io.michaelcane.Commands.&lt;init&gt;(Commands.java:5)
	at io.michaelcane.Calculator.&lt;init&gt;(Calculator.java:6)
	at io.michaelcane.Commands.&lt;init&gt;(Commands.java:5)
	at io.michaelcane.Calculator.&lt;init&gt;(Calculator.java:6)
	at io.michaelcane.Commands.&lt;init&gt;(Commands.java:5)
	at io.michaelcane.Calculator.&lt;init&gt;(Calculator.java:6)
	at io.michaelcane.Commands.&lt;init&gt;(Commands.java:5)
	at io.michaelcane.Calculator.&lt;init&gt;(Calculator.java:6)
	at io.michaelcane.Commands.&lt;init&gt;(Commands.java:5)
	at io.michaelcane.Calculator.&lt;init&gt;(Calculator.java:6)
	at io.michaelcane.Commands.&lt;init&gt;(Commands.java:5)
	at io.michaelcane.Calculator.&lt;init&gt;(Calculator.java:6)
	at io.michaelcane.Commands.&lt;init&gt;(Commands.java:5)
	at io.michaelcane.Calculator.&lt;init&gt;(Calculator.java:6)
	at io.michaelcane.Commands.&lt;init&gt;(Commands.java:5)
	at io.michaelcane.Calculator.&lt;init&gt;(Calculator.java:6)
	at io.michaelcane.Commands.&lt;init&gt;(Commands.java:5)
	at io.michaelcane.Calculator.&lt;init&gt;(Calculator.java:6)
	at io.michaelcane.Commands.&lt;init&gt;(Commands.java:5)
	at io.michaelcane.Calculator.&lt;init&gt;(Calculator.java:6)
	at io.michaelcane.Commands.&lt;init&gt;(Commands.java:5)
	at io.michaelcane.Calculator.&lt;init&gt;(Calculator.java:6)
	at io.michaelcane.Commands.&lt;init&gt;(Commands.java:5)
	at io.michaelcane.Calculator.&lt;init&gt;(Calculator.java:6)
	at io.michaelcane.Commands.&lt;init&gt;(Commands.java:5)
	at io.michaelcane.Calculator.&lt;init&gt;(Calculator.java:6)
	at io.michaelcane.Commands.&lt;init&gt;(Commands.java:5)
	at io.michaelcane.Calculator.&lt;init&gt;(Calculator.java:6)
	at io.michaelcane.Commands.&lt;init&gt;(Commands.java:5)
	at io.michaelcane.Calculator.&lt;init&gt;(Calculator.java:6)
	at io.michaelcane.Commands.&lt;init&gt;(Commands.java:5)
	at io.michaelcane.Calculator.&lt;init&gt;(Calculator.java:6)
	at io.michaelcane.Commands.&lt;init&gt;(Commands.java:5)
	at io.michaelcane.Calculator.&lt;init&gt;(Calculator.java:6)
	at io.michaelcane.Commands.&lt;init&gt;(Commands.java:5)
	at io.michaelcane.Calculator.&lt;init&gt;(Calculator.java:6)
	at io.michaelcane.Commands.&lt;init&gt;(Commands.java:5)
	at io.michaelcane.Calculator.&lt;init&gt;(Calculator.java:6)
	at io.michaelcane.Commands.&lt;init&gt;(Commands.java:5)
	at io.michaelcane.Calculator.&lt;init&gt;(Calculator.java:6)
	at io.michaelcane.Commands.&lt;init&gt;(Commands.java:5)
	at io.michaelcane.Calculator.&lt;init&gt;(Calculator.java:6)
	at io.michaelcane.Commands.&lt;init&gt;(Commands.java:5)
	at io.michaelcane.Calculator.&lt;init&gt;(Calculator.java:6)
	at io.michaelcane.Commands.&lt;init&gt;(Commands.java:5)
	at io.michaelcane.Calculator.&lt;init&gt;(Calculator.java:6)
	at io.michaelcane.Commands.&lt;init&gt;(Commands.java:5)
	at io.michaelcane.Calculator.&lt;init&gt;(Calculator.java:6)
	at io.michaelcane.Commands.&lt;init&gt;(Commands.java:5)
	at io.michaelcane.Calculator.&lt;init&gt;(Calculator.java:6)
	at io.michaelcane.Commands.&lt;init&gt;(Commands.java:5)
	at io.michaelcane.Calculator.&lt;init&gt;(Calculator.java:6)
	at io.michaelcane.Commands.&lt;init&gt;(Commands.java:5)
	at io.michaelcane.Calculator.&lt;init&gt;(Calculator.java:6)
	at io.michaelcane.Commands.&lt;init&gt;(Commands.java:5)
	at io.michaelcane.Calculator.&lt;init&gt;(Calculator.java:6)
	at io.michaelcane.Commands.&lt;init&gt;(Commands.java:5)
	at io.michaelcane.Calculator.&lt;init&gt;(Calculator.java:6)
	at io.michaelcane.Commands.&lt;init&gt;(Commands.java:5)
	at io.michaelcane.Calculator.&lt;init&gt;(Calculator.java:6)
	at io.michaelcane.Commands.&lt;init&gt;(Commands.java:5)
	at io.michaelcane.Calculator.&lt;init&gt;(Calculator.java:6)
	at io.michaelcane.Commands.&lt;init&gt;(Commands.java:5)
	at io.michaelcane.Calculator.&lt;init&gt;(Calculator.java:6)
	at io.michaelcane.Commands.&lt;init&gt;(Commands.java:5)
	at io.michaelcane.Calculator.&lt;init&gt;(Calculator.java:6)
	at io.michaelcane.Commands.&lt;init&gt;(Commands.java:5)
	at io.michaelcane.Calculator.&lt;init&gt;(Calculator.java:6)
	at io.michaelcane.Commands.&lt;init&gt;(Commands.java:5)
	at io.michaelcane.Calculator.&lt;init&gt;(Calculator.java:6)
	at io.michaelcane.Commands.&lt;init&gt;(Commands.java:5)
	at io.michaelcane.Calculator.&lt;init&gt;(Calculator.java:6)
	at io.michaelcane.Commands.&lt;init&gt;(Commands.java:5)
	at io.michaelcane.Calculator.&lt;init&gt;(Calculator.java:6)
	at io.michaelcane.Commands.&lt;init&gt;(Commands.java:5)
	at io.michaelcane.Calculator.&lt;init&gt;(Calculator.java:6)
	at io.michaelcane.Commands.&lt;init&gt;(Commands.java:5)
	at io.michaelcane.Calculator.&lt;init&gt;(Calculator.java:6)
	at io.michaelcane.Commands.&lt;init&gt;(Commands.java:5)
	at io.michaelcane.Calculator.&lt;init&gt;(Calculator.java:6)
	at io.michaelcane.Commands.&lt;init&gt;(Commands.java:5)
	at io.michaelcane.Calculator.&lt;init&gt;(Calculator.java:6)
	at io.michaelcane.Commands.&lt;init&gt;(Commands.java:5)
	at io.michaelcane.Calculator.&lt;init&gt;(Calculator.java:6)
	at io.michaelcane.Commands.&lt;init&gt;(Commands.java:5)
	at io.michaelcane.Calculator.&lt;init&gt;(Calculator.java:6)
	at io.michaelcane.Commands.&lt;init&gt;(Commands.java:5)
	at io.michaelcane.Calculator.&lt;init&gt;(Calculator.java:6)
	at io.michaelcane.Commands.&lt;init&gt;(Commands.java:5)
	at io.michaelcane.Calculator.&lt;init&gt;(Calculator.java:6)
	at io.michaelcane.Commands.&lt;init&gt;(Commands.java:5)
	at io.michaelcane.Calculator.&lt;init&gt;(Calculator.java:6)
	at io.michaelcane.Commands.&lt;init&gt;(Commands.java:5)
	at io.michaelcane.Calculator.&lt;init&gt;(Calculator.java:6)
	at io.michaelcane.Commands.&lt;init&gt;(Commands.java:5)
	at io.michaelcane.Calculator.&lt;init&gt;(Calculator.java:6)
	at io.michaelcane.Commands.&lt;init&gt;(Commands.java:5)
	at io.michaelcane.Calculator.&lt;init&gt;(Calculator.java:6)
	at io.michaelcane.Commands.&lt;init&gt;(Commands.java:5)
	at io.michaelcane.Calculator.&lt;init&gt;(Calculator.java:6)
	at io.michaelcane.Commands.&lt;init&gt;(Commands.java:5)
	at io.michaelcane.Calculator.&lt;init&gt;(Calculator.java:6)
	at io.michaelcane.Commands.&lt;init&gt;(Commands.java:5)
	at io.michaelcane.Calculator.&lt;init&gt;(Calculator.java:6)
	at io.michaelcane.Commands.&lt;init&gt;(Commands.java:5)
	at io.michaelcane.Calculator.&lt;init&gt;(Calculator.java:6)
	at io.michaelcane.Commands.&lt;init&gt;(Commands.java:5)
	at io.michaelcane.Calculator.&lt;init&gt;(Calculator.java:6)
	at io.michaelcane.Commands.&lt;init&gt;(Commands.java:5)
	at io.michaelcane.Calculator.&lt;init&gt;(Calculator.java:6)
	at io.michaelcane.Commands.&lt;init&gt;(Commands.java:5)
	at io.michaelcane.Calculator.&lt;init&gt;(Calculator.java:6)
	at io.michaelcane.Commands.&lt;init&gt;(Commands.java:5)
	at io.michaelcane.Calculator.&lt;init&gt;(Calculator.java:6)
	at io.michaelcane.Commands.&lt;init&gt;(Commands.java:5)
	at io.michaelcane.Calculator.&lt;init&gt;(Calculator.java:6)
	at io.michaelcane.Commands.&lt;init&gt;(Commands.java:5)
	at io.michaelcane.Calculator.&lt;init&gt;(Calculator.java:6)
	at io.michaelcane.Commands.&lt;init&gt;(Commands.java:5)
	at io.michaelcane.Calculator.&lt;init&gt;(Calculator.java:6)
	at io.michaelcane.Commands.&lt;init&gt;(Commands.java:5)
	at io.michaelcane.Calculator.&lt;init&gt;(Calculator.java:6)
	at io.michaelcane.Commands.&lt;init&gt;(Commands.java:5)
	at io.michaelcane.Calculator.&lt;init&gt;(Calculator.java:6)
	at io.michaelcane.Commands.&lt;init&gt;(Commands.java:5)
	at io.michaelcane.Calculator.&lt;init&gt;(Calculator.java:6)
	at io.michaelcane.Commands.&lt;init&gt;(Commands.java:5)
	at io.michaelcane.Calculator.&lt;init&gt;(Calculator.java:6)
	at io.michaelcane.Commands.&lt;init&gt;(Commands.java:5)
	at io.michaelcane.Calculator.&lt;init&gt;(Calculator.java:6)
	at io.michaelcane.Commands.&lt;init&gt;(Commands.java:5)
	at io.michaelcane.Calculator.&lt;init&gt;(Calculator.java:6)
	at io.michaelcane.Commands.&lt;init&gt;(Commands.java:5)
	at io.michaelcane.Calculator.&lt;init&gt;(Calculator.java:6)
	at io.michaelcane.Commands.&lt;init&gt;(Commands.java:5)
	at io.michaelcane.Calculator.&lt;init&gt;(Calculator.java:6)
	at io.michaelcane.Commands.&lt;init&gt;(Commands.java:5)
	at io.michaelcane.Calculator.&lt;init&gt;(Calculator.java:6)
	at io.michaelcane.Commands.&lt;init&gt;(Commands.java:5)
	at io.michaelcane.Calculator.&lt;init&gt;(Calculator.java:6)
	at io.michaelcane.Commands.&lt;init&gt;(Commands.java:5)
	at io.michaelcane.Calculator.&lt;init&gt;(Calculator.java:6)
	at io.michaelcane.Commands.&lt;init&gt;(Commands.java:5)
	at io.michaelcane.Calculator.&lt;init&gt;(Calculator.java:6)
	at io.michaelcane.Commands.&lt;init&gt;(Commands.java:5)
	at io.michaelcane.Calculator.&lt;init&gt;(Calculator.java:6)
	at io.michaelcane.Commands.&lt;init&gt;(Commands.java:5)
	at io.michaelcane.Calculator.&lt;init&gt;(Calculator.java:6)
	at io.michaelcane.Commands.&lt;init&gt;(Commands.java:5)
	at io.michaelcane.Calculator.&lt;init&gt;(Calculator.java:6)
	at io.michaelcane.Commands.&lt;init&gt;(Commands.java:5)
	at io.michaelcane.Calculator.&lt;init&gt;(Calculator.java:6)
	at io.michaelcane.Commands.&lt;init&gt;(Commands.java:5)
	at io.michaelcane.Calculator.&lt;init&gt;(Calculator.java:6)
	at io.michaelcane.Commands.&lt;init&gt;(Commands.java:5)
	at io.michaelcane.Calculator.&lt;init&gt;(Calculator.java:6)
	at io.michaelcane.Commands.&lt;init&gt;(Commands.java:5)
	at io.michaelcane.Calculator.&lt;init&gt;(Calculator.java:6)
	at io.michaelcane.Commands.&lt;init&gt;(Commands.java:5)
	at io.michaelcane.Calculator.&lt;init&gt;(Calculator.java:6)
	at io.michaelcane.Commands.&lt;init&gt;(Commands.java:5)
	at io.michaelcane.Calculator.&lt;init&gt;(Calculator.java:6)
	at io.michaelcane.Commands.&lt;init&gt;(Commands.java:5)
	at io.michaelcane.Calculator.&lt;init&gt;(Calculator.java:6)
	at io.michaelcane.Commands.&lt;init&gt;(Commands.java:5)
	at io.michaelcane.Calculator.&lt;init&gt;(Calculator.java:6)
	at io.michaelcane.Commands.&lt;init&gt;(Commands.java:5)
	at io.michaelcane.Calculator.&lt;init&gt;(Calculator.java:6)
	at io.michaelcane.Commands.&lt;init&gt;(Commands.java:5)
	at io.michaelcane.Calculator.&lt;init&gt;(Calculator.java:6)
	at io.michaelcane.Commands.&lt;init&gt;(Commands.java:5)
	at io.michaelcane.Calculator.&lt;init&gt;(Calculator.java:6)
	at io.michaelcane.Commands.&lt;init&gt;(Commands.java:5)
	at io.michaelcane.Calculator.&lt;init&gt;(Calculator.java:6)
	at io.michaelcane.Commands.&lt;init&gt;(Commands.java:5)
	at io.michaelcane.Calculator.&lt;init&gt;(Calculator.java:6)
	at io.michaelcane.Commands.&lt;init&gt;(Commands.java:5)
	at io.michaelcane.Calculator.&lt;init&gt;(Calculator.java:6)
	at io.michaelcane.Commands.&lt;init&gt;(Commands.java:5)
	at io.michaelcane.Calculator.&lt;init&gt;(Calculator.java:6)
	at io.michaelcane.Commands.&lt;init&gt;(Commands.java:5)
	at io.michaelcane.Calculator.&lt;init&gt;(Calculator.java:6)
	at io.michaelcane.Commands.&lt;init&gt;(Commands.java:5)
	at io.michaelcane.Calculator.&lt;init&gt;(Calculator.java:6)
	at io.michaelcane.Commands.&lt;init&gt;(Commands.java:5)
	at io.michaelcane.Calculator.&lt;init&gt;(Calculator.java:6)
	at io.michaelcane.Commands.&lt;init&gt;(Commands.java:5)
	at io.michaelcane.Calculator.&lt;init&gt;(Calculator.java:6)
	at io.michaelcane.Commands.&lt;init&gt;(Commands.java:5)
	at io.michaelcane.Calculator.&lt;init&gt;(Calculator.java:6)
	at io.michaelcane.Commands.&lt;init&gt;(Commands.java:5)
	at io.michaelcane.Calculator.&lt;init&gt;(Calculator.java:6)
	at io.michaelcane.Commands.&lt;init&gt;(Commands.java:5)
	at io.michaelcane.Calculator.&lt;init&gt;(Calculator.java:6)
	at io.michaelcane.Commands.&lt;init&gt;(Commands.java:5)
	at io.michaelcane.Calculator.&lt;init&gt;(Calculator.java:6)
	at io.michaelcane.Commands.&lt;init&gt;(Commands.java:5)
	at io.michaelcane.Calculator.&lt;init&gt;(Calculator.java:6)
	at io.michaelcane.Commands.&lt;init&gt;(Commands.java:5)
	at io.michaelcane.Calculator.&lt;init&gt;(Calculator.java:6)
	at io.michaelcane.Commands.&lt;init&gt;(Commands.java:5)
	at io.michaelcane.Calculator.&lt;init&gt;(Calculator.java:6)
	at io.michaelcane.Commands.&lt;init&gt;(Commands.java:5)
	at io.michaelcane.Calculator.&lt;init&gt;(Calculator.java:6)
	at io.michaelcane.Commands.&lt;init&gt;(Commands.java:5)
	at io.michaelcane.Calculator.&lt;init&gt;(Calculator.java:6)
	at io.michaelcane.Commands.&lt;init&gt;(Commands.java:5)
	at io.michaelcane.Calculator.&lt;init&gt;(Calculator.java:6)
	at io.michaelcane.Commands.&lt;init&gt;(Commands.java:5)
	at io.michaelcane.Calculator.&lt;init&gt;(Calculator.java:6)
	at io.michaelcane.Commands.&lt;init&gt;(Commands.java:5)
	at io.michaelcane.Calculator.&lt;init&gt;(Calculator.java:6)
	at io.michaelcane.Commands.&lt;init&gt;(Commands.java:5)
	at io.michaelcane.Calculator.&lt;init&gt;(Calculator.java:6)
	at io.michaelcane.Commands.&lt;init&gt;(Commands.java:5)
	at io.michaelcane.Calculator.&lt;init&gt;(Calculator.java:6)
	at io.michaelcane.Commands.&lt;init&gt;(Commands.java:5)
	at io.michaelcane.Calculator.&lt;init&gt;(Calculator.java:6)
	at io.michaelcane.Commands.&lt;init&gt;(Commands.java:5)
	at io.michaelcane.Calculator.&lt;init&gt;(Calculator.java:6)
	at io.michaelcane.Commands.&lt;init&gt;(Commands.java:5)
	at io.michaelcane.Calculator.&lt;init&gt;(Calculator.java:6)
	at io.michaelcane.Commands.&lt;init&gt;(Commands.java:5)
	at io.michaelcane.Calculator.&lt;init&gt;(Calculator.java:6)
	at io.michaelcane.Commands.&lt;init&gt;(Commands.java:5)
	at io.michaelcane.Calculator.&lt;init&gt;(Calculator.java:6)
	at io.michaelcane.Commands.&lt;init&gt;(Commands.java:5)
	at io.michaelcane.Calculator.&lt;init&gt;(Calculator.java:6)
	at io.michaelcane.Commands.&lt;init&gt;(Commands.java:5)
	at io.michaelcane.Calculator.&lt;init&gt;(Calculator.java:6)
	at io.michaelcane.Commands.&lt;init&gt;(Commands.java:5)
	at io.michaelcane.Calculator.&lt;init&gt;(Calculator.java:6)
	at io.michaelcane.Commands.&lt;init&gt;(Commands.java:5)
	at io.michaelcane.Calculator.&lt;init&gt;(Calculator.java:6)
	at io.michaelcane.Commands.&lt;init&gt;(Commands.java:5)
	at io.michaelcane.Calculator.&lt;init&gt;(Calculator.java:6)
	at io.michaelcane.Commands.&lt;init&gt;(Commands.java:5)
	at io.michaelcane.Calculator.&lt;init&gt;(Calculator.java:6)
	at io.michaelcane.Commands.&lt;init&gt;(Commands.java:5)
	at io.michaelcane.Calculator.&lt;init&gt;(Calculator.java:6)
	at io.michaelcane.Commands.&lt;init&gt;(Commands.java:5)
	at io.michaelcane.Calculator.&lt;init&gt;(Calculator.java:6)
	at io.michaelcane.Commands.&lt;init&gt;(Commands.java:5)
	at io.michaelcane.Calculator.&lt;init&gt;(Calculator.java:6)
	at io.michaelcane.Commands.&lt;init&gt;(Commands.java:5)
	at io.michaelcane.Calculator.&lt;init&gt;(Calculator.java:6)
	at io.michaelcane.Commands.&lt;init&gt;(Commands.java:5)
	at io.michaelcane.Calculator.&lt;init&gt;(Calculator.java:6)
	at io.michaelcane.Commands.&lt;init&gt;(Commands.java:5)
	at io.michaelcane.Calculator.&lt;init&gt;(Calculator.java:6)
	at io.michaelcane.Commands.&lt;init&gt;(Commands.java:5)
	at io.michaelcane.Calculator.&lt;init&gt;(Calculator.java:6)
	at io.michaelcane.Commands.&lt;init&gt;(Commands.java:5)
	at io.michaelcane.Calculator.&lt;init&gt;(Calculator.java:6)
	at io.michaelcane.Commands.&lt;init&gt;(Commands.java:5)
	at io.michaelcane.Calculator.&lt;init&gt;(Calculator.java:6)
	at io.michaelcane.Commands.&lt;init&gt;(Commands.java:5)
	at io.michaelcane.Calculator.&lt;init&gt;(Calculator.java:6)
	at io.michaelcane.Commands.&lt;init&gt;(Commands.java:5)
	at io.michaelcane.Calculator.&lt;init&gt;(Calculator.java:6)
	at io.michaelcane.Commands.&lt;init&gt;(Commands.java:5)
	at io.michaelcane.Calculator.&lt;init&gt;(Calculator.java:6)
	at io.michaelcane.Commands.&lt;init&gt;(Commands.java:5)
	at io.michaelcane.Calculator.&lt;init&gt;(Calculator.java:6)
	at io.michaelcane.Commands.&lt;init&gt;(Commands.java:5)
	at io.michaelcane.Calculator.&lt;init&gt;(Calculator.java:6)
	at io.michaelcane.Commands.&lt;init&gt;(Commands.java:5)
	at io.michaelcane.Calculator.&lt;init&gt;(Calculator.java:6)
	at io.michaelcane.Commands.&lt;init&gt;(Commands.java:5)
	at io.michaelcane.Calculator.&lt;init&gt;(Calculator.java:6)
	at io.michaelcane.Commands.&lt;init&gt;(Commands.java:5)
	at io.michaelcane.Calculator.&lt;init&gt;(Calculator.java:6)
	at io.michaelcane.Commands.&lt;init&gt;(Commands.java:5)
	at io.michaelcane.Calculator.&lt;init&gt;(Calculator.java:6)
	at io.michaelcane.Commands.&lt;init&gt;(Commands.java:5)
	at io.michaelcane.Calculator.&lt;init&gt;(Calculator.java:6)
	at io.michaelcane.Commands.&lt;init&gt;(Commands.java:5)
	at io.michaelcane.Calculator.&lt;init&gt;(Calculator.java:6)
	at io.michaelcane.Commands.&lt;init&gt;(Commands.java:5)
	at io.michaelcane.Calculator.&lt;init&gt;(Calculator.java:6)
	at io.michaelcane.Commands.&lt;init&gt;(Commands.java:5)
	at io.michaelcane.Calculator.&lt;init&gt;(Calculator.java:6)
	at io.michaelcane.Commands.&lt;init&gt;(Commands.java:5)
	at io.michaelcane.Calculator.&lt;init&gt;(Calculator.java:6)
	at io.michaelcane.Commands.&lt;init&gt;(Commands.java:5)
	at io.michaelcane.Calculator.&lt;init&gt;(Calculator.java:6)
	at io.michaelcane.Commands.&lt;init&gt;(Commands.java:5)
	at io.michaelcane.Calculator.&lt;init&gt;(Calculator.java:6)
	at io.michaelcane.Commands.&lt;init&gt;(Commands.java:5)
	at io.michaelcane.Calculator.&lt;init&gt;(Calculator.java:6)
	at io.michaelcane.Commands.&lt;init&gt;(Commands.java:5)
	at io.michaelcane.Calculator.&lt;init&gt;(Calculator.java:6)
	at io.michaelcane.Commands.&lt;init&gt;(Commands.java:5)
	at io.michaelcane.Calculator.&lt;init&gt;(Calculator.java:6)
	at io.michaelcane.Commands.&lt;init&gt;(Commands.java:5)
	at io.michaelcane.Calculator.&lt;init&gt;(Calculator.java:6)
	at io.michaelcane.Commands.&lt;init&gt;(Commands.java:5)
	at io.michaelcane.Calculator.&lt;init&gt;(Calculator.java:6)
	at io.michaelcane.Commands.&lt;init&gt;(Commands.java:5)
	at io.michaelcane.Calculator.&lt;init&gt;(Calculator.java:6)
	at io.michaelcane.Commands.&lt;init&gt;(Commands.java:5)
	at io.michaelcane.Calculator.&lt;init&gt;(Calculator.java:6)
	at io.michaelcane.Commands.&lt;init&gt;(Commands.java:5)
	at io.michaelcane.Calculator.&lt;init&gt;(Calculator.java:6)
	at io.michaelcane.Commands.&lt;init&gt;(Commands.java:5)
	at io.michaelcane.Calculator.&lt;init&gt;(Calculator.java:6)
	at io.michaelcane.Commands.&lt;init&gt;(Commands.java:5)
	at io.michaelcane.Calculator.&lt;init&gt;(Calculator.java:6)
	at io.michaelcane.Commands.&lt;init&gt;(Commands.java:5)
	at io.michaelcane.Calculator.&lt;init&gt;(Calculator.java:6)
	at io.michaelcane.Commands.&lt;init&gt;(Commands.java:5)
	at io.michaelcane.Calculator.&lt;init&gt;(Calculator.java:6)
	at io.michaelcane.Commands.&lt;init&gt;(Commands.java:5)
	at io.michaelcane.Calculator.&lt;init&gt;(Calculator.java:6)
	at io.michaelcane.Commands.&lt;init&gt;(Commands.java:5)
	at io.michaelcane.Calculator.&lt;init&gt;(Calculator.java:6)
	at io.michaelcane.Commands.&lt;init&gt;(Commands.java:5)
	at io.michaelcane.Calculator.&lt;init&gt;(Calculator.java:6)
	at io.michaelcane.Commands.&lt;init&gt;(Commands.java:5)
	at io.michaelcane.Calculator.&lt;init&gt;(Calculator.java:6)
	at io.michaelcane.Commands.&lt;init&gt;(Commands.java:5)
	at io.michaelcane.Calculator.&lt;init&gt;(Calculator.java:6)
	at io.michaelcane.Commands.&lt;init&gt;(Commands.java:5)
	at io.michaelcane.Calculator.&lt;init&gt;(Calculator.java:6)
	at io.michaelcane.Commands.&lt;init&gt;(Commands.java:5)
	at io.michaelcane.Calculator.&lt;init&gt;(Calculator.java:6)
	at io.michaelcane.Commands.&lt;init&gt;(Commands.java:5)
	at io.michaelcane.Calculator.&lt;init&gt;(Calculator.java:6)
	at io.michaelcane.Commands.&lt;init&gt;(Commands.java:5)
	at io.michaelcane.Calculator.&lt;init&gt;(Calculator.java:6)
	at io.michaelcane.Commands.&lt;init&gt;(Commands.java:5)
	at io.michaelcane.Calculator.&lt;init&gt;(Calculator.java:6)
	at io.michaelcane.Commands.&lt;init&gt;(Commands.java:5)
	at io.michaelcane.Calculator.&lt;init&gt;(Calculator.java:6)
	at io.michaelcane.Commands.&lt;init&gt;(Commands.java:5)
	at io.michaelcane.Calculator.&lt;init&gt;(Calculator.java:6)
	at io.michaelcane.Commands.&lt;init&gt;(Commands.java:5)
	at io.michaelcane.Calculator.&lt;init&gt;(Calculator.java:6)
	at io.michaelcane.Commands.&lt;init&gt;(Commands.java:5)
	at io.michaelcane.Calculator.&lt;init&gt;(Calculator.java:6)
	at io.michaelcane.Commands.&lt;init&gt;(Commands.java:5)
	at io.michaelcane.Calculator.&lt;init&gt;(Calculator.java:6)
	at io.michaelcane.Commands.&lt;init&gt;(Commands.java:5)
	at io.michaelcane.Calculator.&lt;init&gt;(Calculator.java:6)
	at io.michaelcane.Commands.&lt;init&gt;(Commands.java:5)
	at io.michaelcane.Calculator.&lt;init&gt;(Calculator.java:6)
	at io.michaelcane.Commands.&lt;init&gt;(Commands.java:5)
	at io.michaelcane.Calculator.&lt;init&gt;(Calculator.java:6)
	at io.michaelcane.Commands.&lt;init&gt;(Commands.java:5)
	at io.michaelcane.Calculator.&lt;init&gt;(Calculator.java:6)
	at io.michaelcane.Commands.&lt;init&gt;(Commands.java:5)
	at io.michaelcane.Calculator.&lt;init&gt;(Calculator.java:6)
	at io.michaelcane.Commands.&lt;init&gt;(Commands.java:5)
	at io.michaelcane.Calculator.&lt;init&gt;(Calculator.java:6)
	at io.michaelcane.Commands.&lt;init&gt;(Commands.java:5)
	at io.michaelcane.Calculator.&lt;init&gt;(Calculator.java:6)
	at io.michaelcane.Commands.&lt;init&gt;(Commands.java:5)
	at io.michaelcane.Calculator.&lt;init&gt;(Calculator.java:6)
	at io.michaelcane.Commands.&lt;init&gt;(Commands.java:5)
	at io.michaelcane.Calculator.&lt;init&gt;(Calculator.java:6)
	at io.michaelcane.Commands.&lt;init&gt;(Commands.java:5)
	at io.michaelcane.Calculator.&lt;init&gt;(Calculator.java:6)
	at io.michaelcane.Commands.&lt;init&gt;(Commands.java:5)
	at io.michaelcane.Calculator.&lt;init&gt;(Calculator.java:6)
	at io.michaelcane.Commands.&lt;init&gt;(Commands.java:5)
	at io.michaelcane.Calculator.&lt;init&gt;(Calculator.java:6)
	at io.michaelcane.Commands.&lt;init&gt;(Commands.java:5)
	at io.michaelcane.Calculator.&lt;init&gt;(Calculator.java:6)
	at io.michaelcane.Commands.&lt;init&gt;(Commands.java:5)
	at io.michaelcane.Calculator.&lt;init&gt;(Calculator.java:6)
	at io.michaelcane.Commands.&lt;init&gt;(Commands.java:5)
	at io.michaelcane.Calculator.&lt;init&gt;(Calculator.java:6)
	at io.michaelcane.Commands.&lt;init&gt;(Commands.java:5)
	at io.michaelcane.Calculator.&lt;init&gt;(Calculator.java:6)
	at io.michaelcane.Commands.&lt;init&gt;(Commands.java:5)
	at io.michaelcane.Calculator.&lt;init&gt;(Calculator.java:6)
	at io.michaelcane.Commands.&lt;init&gt;(Commands.java:5)
	at io.michaelcane.Calculator.&lt;init&gt;(Calculator.java:6)
	at io.michaelcane.Commands.&lt;init&gt;(Commands.java:5)
	at io.michaelcane.Calculator.&lt;init&gt;(Calculator.java:6)
	at io.michaelcane.Commands.&lt;init&gt;(Commands.java:5)
	at io.michaelcane.Calculator.&lt;init&gt;(Calculator.java:6)
	at io.michaelcane.Commands.&lt;init&gt;(Commands.java:5)
	at io.michaelcane.Calculator.&lt;init&gt;(Calculator.java:6)
	at io.michaelcane.Commands.&lt;init&gt;(Commands.java:5)
	at io.michaelcane.Calculator.&lt;init&gt;(Calculator.java:6)
	at io.michaelcane.Commands.&lt;init&gt;(Commands.java:5)
	at io.michaelcane.Calculator.&lt;init&gt;(Calculator.java:6)
	at io.michaelcane.Commands.&lt;init&gt;(Commands.java:5)
	at io.michaelcane.Calculator.&lt;init&gt;(Calculator.java:6)
	at io.michaelcane.Commands.&lt;init&gt;(Commands.java:5)
	at io.michaelcane.Calculator.&lt;init&gt;(Calculator.java:6)
	at io.michaelcane.Commands.&lt;init&gt;(Commands.java:5)
	at io.michaelcane.Calculator.&lt;init&gt;(Calculator.java:6)
	at io.michaelcane.Commands.&lt;init&gt;(Commands.java:5)
	at io.michaelcane.Calculator.&lt;init&gt;(Calculator.java:6)
	at io.michaelcane.Commands.&lt;init&gt;(Commands.java:5)
	at io.michaelcane.Calculator.&lt;init&gt;(Calculator.java:6)
	at io.michaelcane.Commands.&lt;init&gt;(Commands.java:5)
	at io.michaelcane.Calculator.&lt;init&gt;(Calculator.java:6)
	at io.michaelcane.Commands.&lt;init&gt;(Commands.java:5)
	at io.michaelcane.Calculator.&lt;init&gt;(Calculator.java:6)
	at io.michaelcane.Commands.&lt;init&gt;(Commands.java:5)
	at io.michaelcane.Calculator.&lt;init&gt;(Calculator.java:6)
	at io.michaelcane.Commands.&lt;init&gt;(Commands.java:5)
	at io.michaelcane.Calculator.&lt;init&gt;(Calculator.java:6)
	at io.michaelcane.Commands.&lt;init&gt;(Commands.java:5)
	at io.michaelcane.Calculator.&lt;init&gt;(Calculator.java:6)
	at io.michaelcane.Commands.&lt;init&gt;(Commands.java:5)
	at io.michaelcane.Calculator.&lt;init&gt;(Calculator.java:6)
	at io.michaelcane.Commands.&lt;init&gt;(Commands.java:5)
	at io.michaelcane.Calculator.&lt;init&gt;(Calculator.java:6)
	at io.michaelcane.Commands.&lt;init&gt;(Commands.java:5)
	at io.michaelcane.Calculator.&lt;init&gt;(Calculator.java:6)
	at io.michaelcane.Commands.&lt;init&gt;(Commands.java:5)
	at io.michaelcane.Calculator.&lt;init&gt;(Calculator.java:6)
	at io.michaelcane.Commands.&lt;init&gt;(Commands.java:5)
	at io.michaelcane.Calculator.&lt;init&gt;(Calculator.java:6)
	at io.michaelcane.Commands.&lt;init&gt;(Commands.java:5)
	at io.michaelcane.Calculator.&lt;init&gt;(Calculator.java:6)
	at io.michaelcane.Commands.&lt;init&gt;(Commands.java:5)
	at io.michaelcane.Calculator.&lt;init&gt;(Calculator.java:6)
	at io.michaelcane.Commands.&lt;init&gt;(Commands.java:5)
	at io.michaelcane.Calculator.&lt;init&gt;(Calculator.java:6)
	at io.michaelcane.Commands.&lt;init&gt;(Commands.java:5)
	at io.michaelcane.Calculator.&lt;init&gt;(Calculator.java:6)
	at io.michaelcane.Commands.&lt;init&gt;(Commands.java:5)
	at io.michaelcane.Calculator.&lt;init&gt;(Calculator.java:6)
	at io.michaelcane.Commands.&lt;init&gt;(Commands.java:5)
	at io.michaelcane.Calculator.&lt;init&gt;(Calculator.java:6)
	at io.michaelcane.Commands.&lt;init&gt;(Commands.java:5)
	at io.michaelcane.Calculator.&lt;init&gt;(Calculator.java:6)
	at io.michaelcane.Commands.&lt;init&gt;(Commands.java:5)
	at io.michaelcane.Calculator.&lt;init&gt;(Calculator.java:6)
	at io.michaelcane.Commands.&lt;init&gt;(Commands.java:5)
	at io.michaelcane.Calculator.&lt;init&gt;(Calculator.java:6)
	at io.michaelcane.Commands.&lt;init&gt;(Commands.java:5)
	at io.michaelcane.Calculator.&lt;init&gt;(Calculator.java:6)
	at io.michaelcane.Commands.&lt;init&gt;(Commands.java:5)
	at io.michaelcane.Calculator.&lt;init&gt;(Calculator.java:6)
	at io.michaelcane.Commands.&lt;init&gt;(Commands.java:5)
	at io.michaelcane.Calculator.&lt;init&gt;(Calculator.java:6)
	at io.michaelcane.Commands.&lt;init&gt;(Commands.java:5)
	at io.michaelcane.Calculator.&lt;init&gt;(Calculator.java:6)
	at io.michaelcane.Commands.&lt;init&gt;(Commands.java:5)
	at io.michaelcane.Calculator.&lt;init&gt;(Calculator.java:6)
	at io.michaelcane.Commands.&lt;init&gt;(Commands.java:5)
	at io.michaelcane.Calculator.&lt;init&gt;(Calculator.java:6)
	at io.michaelcane.Commands.&lt;init&gt;(Commands.java:5)
	at io.michaelcane.Calculator.&lt;init&gt;(Calculator.java:6)
	at io.michaelcane.Commands.&lt;init&gt;(Commands.java:5)
	at io.michaelcane.Calculator.&lt;init&gt;(Calculator.java:6)
	at io.michaelcane.Commands.&lt;init&gt;(Commands.java:5)
	at io.michaelcane.Calculator.&lt;init&gt;(Calculator.java:6)
	at io.michaelcane.Commands.&lt;init&gt;(Commands.java:5)
	at io.michaelcane.Calculator.&lt;init&gt;(Calculator.java:6)
	at io.michaelcane.Commands.&lt;init&gt;(Commands.java:5)
	at io.michaelcane.Calculator.&lt;init&gt;(Calculator.java:6)
	at io.michaelcane.Commands.&lt;init&gt;(Commands.java:5)
	at io.michaelcane.Calculator.&lt;init&gt;(Calculator.java:6)
	at io.michaelcane.Commands.&lt;init&gt;(Commands.java:5)
	at io.michaelcane.Calculator.&lt;init&gt;(Calculator.java:6)
	at io.michaelcane.Commands.&lt;init&gt;(Commands.java:5)
	at io.michaelcane.Calculator.&lt;init&gt;(Calculator.java:6)
	at io.michaelcane.Commands.&lt;init&gt;(Commands.java:5)
	at io.michaelcane.Calculator.&lt;init&gt;(Calculator.java:6)
	at io.michaelcane.Commands.&lt;init&gt;(Commands.java:5)
	at io.michaelcane.Calculator.&lt;init&gt;(Calculator.java:6)
	at io.michaelcane.Commands.&lt;init&gt;(Commands.java:5)
	at io.michaelcane.Calculator.&lt;init&gt;(Calculator.java:6)
	at io.michaelcane.Commands.&lt;init&gt;(Commands.java:5)
	at io.michaelcane.Calculator.&lt;init&gt;(Calculator.java:6)
	at io.michaelcane.Commands.&lt;init&gt;(Commands.java:5)
	at io.michaelcane.Calculator.&lt;init&gt;(Calculator.java:6)
	at io.michaelcane.Commands.&lt;init&gt;(Commands.java:5)
	at io.michaelcane.Calculator.&lt;init&gt;(Calculator.java:6)
	at io.michaelcane.Commands.&lt;init&gt;(Commands.java:5)
	at io.michaelcane.Calculator.&lt;init&gt;(Calculator.java:6)
	at io.michaelcane.Commands.&lt;init&gt;(Commands.java:5)
	at io.michaelcane.Calculator.&lt;init&gt;(Calculator.java:6)
	at io.michaelcane.Commands.&lt;init&gt;(Commands.java:5)
	at io.michaelcane.Calculator.&lt;init&gt;(Calculator.java:6)
	at io.michaelcane.Commands.&lt;init&gt;(Commands.java:5)
	at io.michaelcane.Calculator.&lt;init&gt;(Calculator.java:6)
	at io.michaelcane.Commands.&lt;init&gt;(Commands.java:5)
	at io.michaelcane.Calculator.&lt;init&gt;(Calculator.java:6)
	at io.michaelcane.Commands.&lt;init&gt;(Commands.java:5)
	at io.michaelcane.Calculator.&lt;init&gt;(Calculator.java:6)
	at io.michaelcane.Commands.&lt;init&gt;(Commands.java:5)
	at io.michaelcane.Calculator.&lt;init&gt;(Calculator.java:6)
	at io.michaelcane.Commands.&lt;init&gt;(Commands.java:5)
	at io.michaelcane.Calculator.&lt;init&gt;(Calculator.java:6)
	at io.michaelcane.Commands.&lt;init&gt;(Commands.java:5)
	at io.michaelcane.Calculator.&lt;init&gt;(Calculator.java:6)
	at io.michaelcane.Commands.&lt;init&gt;(Commands.java:5)
	at io.michaelcane.Calculator.&lt;init&gt;(Calculator.java:6)
	at io.michaelcane.Commands.&lt;init&gt;(Commands.java:5)
	at io.michaelcane.Calculator.&lt;init&gt;(Calculator.java:6)
	at io.michaelcane.Commands.&lt;init&gt;(Commands.java:5)
	at io.michaelcane.Calculator.&lt;init&gt;(Calculator.java:6)
	at io.michaelcane.Commands.&lt;init&gt;(Commands.java:5)
	at io.michaelcane.Calculator.&lt;init&gt;(Calculator.java:6)
	at io.michaelcane.Commands.&lt;init&gt;(Commands.java:5)
	at io.michaelcane.Calculator.&lt;init&gt;(Calculator.java:6)
	at io.michaelcane.Commands.&lt;init&gt;(Commands.java:5)
	at io.michaelcane.Calculator.&lt;init&gt;(Calculator.java:6)
	at io.michaelcane.Commands.&lt;init&gt;(Commands.java:5)
	at io.michaelcane.Calculator.&lt;init&gt;(Calculator.java:6)
	at io.michaelcane.Commands.&lt;init&gt;(Commands.java:5)
	at io.michaelcane.Calculator.&lt;init&gt;(Calculator.java:6)
	at io.michaelcane.Commands.&lt;init&gt;(Commands.java:5)
	at io.michaelcane.Calculator.&lt;init&gt;(Calculator.java:6)
	at io.michaelcane.Commands.&lt;init&gt;(Commands.java:5)
	at io.michaelcane.Calculator.&lt;init&gt;(Calculator.java:6)
	at io.michaelcane.Commands.&lt;init&gt;(Commands.java:5)
	at io.michaelcane.Calculator.&lt;init&gt;(Calculator.java:6)
	at io.michaelcane.Commands.&lt;init&gt;(Commands.java:5)
	at io.michaelcane.Calculator.&lt;init&gt;(Calculator.java:6)
	at io.michaelcane.Commands.&lt;init&gt;(Commands.java:5)
	at io.michaelcane.Calculator.&lt;init&gt;(Calculator.java:6)
	at io.michaelcane.Commands.&lt;init&gt;(Commands.java:5)
	at io.michaelcane.Calculator.&lt;init&gt;(Calculator.java:6)
	at io.michaelcane.Commands.&lt;init&gt;(Commands.java:5)
	at io.michaelcane.Calculator.&lt;init&gt;(Calculator.java:6)
	at io.michaelcane.Commands.&lt;init&gt;(Commands.java:5)
	at io.michaelcane.Calculator.&lt;init&gt;(Calculator.java:6)
	at io.michaelcane.Commands.&lt;init&gt;(Commands.java:5)
	at io.michaelcane.Calculator.&lt;init&gt;(Calculator.java:6)
	at io.michaelcane.Commands.&lt;init&gt;(Commands.java:5)
	at io.michaelcane.Calculator.&lt;init&gt;(Calculator.java:6)
	at io.michaelcane.Commands.&lt;init&gt;(Commands.java:5)
	at io.michaelcane.Calculator.&lt;init&gt;(Calculator.java:6)
	at io.michaelcane.Commands.&lt;init&gt;(Commands.java:5)
	at io.michaelcane.Calculator.&lt;init&gt;(Calculator.java:6)
	at io.michaelcane.Commands.&lt;init&gt;(Commands.java:5)
	at io.michaelcane.Calculator.&lt;init&gt;(Calculator.java:6)
	at io.michaelcane.Commands.&lt;init&gt;(Commands.java:5)
	at io.michaelcane.Calculator.&lt;init&gt;(Calculator.java:6)
	at io.michaelcane.Commands.&lt;init&gt;(Commands.java:5)
	at io.michaelcane.Calculator.&lt;init&gt;(Calculator.java:6)
	at io.michaelcane.Commands.&lt;init&gt;(Commands.java:5)
	at io.michaelcane.Calculator.&lt;init&gt;(Calculator.java:6)
	at io.michaelcane.Commands.&lt;init&gt;(Commands.java:5)
	at io.michaelcane.Calculator.&lt;init&gt;(Calculator.java:6)
	at io.michaelcane.Commands.&lt;init&gt;(Commands.java:5)
	at io.michaelcane.Calculator.&lt;init&gt;(Calculator.java:6)
	at io.michaelcane.Commands.&lt;init&gt;(Commands.java:5)
	at io.michaelcane.Calculator.&lt;init&gt;(Calculator.java:6)
	at io.michaelcane.Commands.&lt;init&gt;(Commands.java:5)
	at io.michaelcane.Calculator.&lt;init&gt;(Calculator.java:6)
	at io.michaelcane.Commands.&lt;init&gt;(Commands.java:5)
	at io.michaelcane.Calculator.&lt;init&gt;(Calculator.java:6)
	at io.michaelcane.Commands.&lt;init&gt;(Commands.java:5)
	at io.michaelcane.Calculator.&lt;init&gt;(Calculator.java:6)
	at io.michaelcane.Commands.&lt;init&gt;(Commands.java:5)
	at io.michaelcane.Calculator.&lt;init&gt;(Calculator.java:6)
	at io.michaelcane.Commands.&lt;init&gt;(Commands.java:5)
	at io.michaelcane.Calculator.&lt;init&gt;(Calculator.java:6)
	at io.michaelcane.Commands.&lt;init&gt;(Commands.java:5)
	at io.michaelcane.Calculator.&lt;init&gt;(Calculator.java:6)
	at io.michaelcane.Commands.&lt;init&gt;(Commands.java:5)
	at io.michaelcane.Calculator.&lt;init&gt;(Calculator.java:6)
	at io.michaelcane.Commands.&lt;init&gt;(Commands.java:5)
	at io.michaelcane.Calculator.&lt;init&gt;(Calculator.java:6)
	at io.michaelcane.Commands.&lt;init&gt;(Commands.java:5)
	at io.michaelcane.Calculator.&lt;init&gt;(Calculator.java:6)
	at io.michaelcane.Commands.&lt;init&gt;(Commands.java:5)
	at io.michaelcane.Calculator.&lt;init&gt;(Calculator.java:6)
	at io.michaelcane.Commands.&lt;init&gt;(Commands.java:5)
	at io.michaelcane.Calculator.&lt;init&gt;(Calculator.java:6)
	at io.michaelcane.Commands.&lt;init&gt;(Commands.java:5)
	at io.michaelcane.Calculator.&lt;init&gt;(Calculator.java:6)
	at io.michaelcane.Commands.&lt;init&gt;(Commands.java:5)
	at io.michaelcane.Calculator.&lt;init&gt;(Calculator.java:6)
	at io.michaelcane.Commands.&lt;init&gt;(Commands.java:5)
	at io.michaelcane.Calculator.&lt;init&gt;(Calculator.java:6)
	at io.michaelcane.Commands.&lt;init&gt;(Commands.java:5)
	at io.michaelcane.Calculator.&lt;init&gt;(Calculator.java:6)
	at io.michaelcane.Commands.&lt;init&gt;(Commands.java:5)
	at io.michaelcane.Calculator.&lt;init&gt;(Calculator.java:6)
	at io.michaelcane.Commands.&lt;init&gt;(Commands.java:5)
	at io.michaelcane.Calculator.&lt;init&gt;(Calculator.java:6)
	at io.michaelcane.Commands.&lt;init&gt;(Commands.java:5)
	at io.michaelcane.Calculator.&lt;init&gt;(Calculator.java:6)
	at io.michaelcane.Commands.&lt;init&gt;(Commands.java:5)
	at io.michaelcane.Calculator.&lt;init&gt;(Calculator.java:6)
	at io.michaelcane.Commands.&lt;init&gt;(Commands.java:5)
	at io.michaelcane.Calculator.&lt;init&gt;(Calculator.java:6)
	at io.michaelcane.Commands.&lt;init&gt;(Commands.java:5)
	at io.michaelcane.Calculator.&lt;init&gt;(Calculator.java:6)
	at io.michaelcane.Commands.&lt;init&gt;(Commands.java:5)
	at io.michaelcane.Calculator.&lt;init&gt;(Calculator.java:6)
	at io.michaelcane.Commands.&lt;init&gt;(Commands.java:5)
	at io.michaelcane.Calculator.&lt;init&gt;(Calculator.java:6)
	at io.michaelcane.Commands.&lt;init&gt;(Commands.java:5)
	at io.michaelcane.Calculator.&lt;init&gt;(Calculator.java:6)
	at io.michaelcane.Commands.&lt;init&gt;(Commands.java:5)
	at io.michaelcane.Calculator.&lt;init&gt;(Calculator.java:6)
	at io.michaelcane.Commands.&lt;init&gt;(Commands.java:5)
	at io.michaelcane.Calculator.&lt;init&gt;(Calculator.java:6)
	at io.michaelcane.Commands.&lt;init&gt;(Commands.java:5)
	at io.michaelcane.Calculator.&lt;init&gt;(Calculator.java:6)
	at io.michaelcane.Commands.&lt;init&gt;(Commands.java:5)
	at io.michaelcane.Calculator.&lt;init&gt;(Calculator.java:6)
	at io.michaelcane.Commands.&lt;init&gt;(Commands.java:5)
	at io.michaelcane.Calculator.&lt;init&gt;(Calculator.java:6)
	at io.michaelcane.Commands.&lt;init&gt;(Commands.java:5)
	at io.michaelcane.Calculator.&lt;init&gt;(Calculator.java:6)
	at io.michaelcane.Commands.&lt;init&gt;(Commands.java:5)
	at io.michaelcane.Calculator.&lt;init&gt;(Calculator.java:6)
	at io.michaelcane.Commands.&lt;init&gt;(Commands.java:5)
	at io.michaelcane.Calculator.&lt;init&gt;(Calculator.java:6)
	at io.michaelcane.Commands.&lt;init&gt;(Commands.java:5)
	at io.michaelcane.Calculator.&lt;init&gt;(Calculator.java:6)
	at io.michaelcane.Commands.&lt;init&gt;(Commands.java:5)
	at io.michaelcane.Calculator.&lt;init&gt;(Calculator.java:6)
	at io.michaelcane.Commands.&lt;init&gt;(Commands.java:5)
	at io.michaelcane.Calculator.&lt;init&gt;(Calculator.java:6)
	at io.michaelcane.Commands.&lt;init&gt;(Commands.java:5)
	at io.michaelcane.Calculator.&lt;init&gt;(Calculator.java:6)
	at io.michaelcane.Commands.&lt;init&gt;(Commands.java:5)
	at io.michaelcane.Calculator.&lt;init&gt;(Calculator.java:6)
	at io.michaelcane.Commands.&lt;init&gt;(Commands.java:5)
	at io.michaelcane.Calculator.&lt;init&gt;(Calculator.java:6)
	at io.michaelcane.Commands.&lt;init&gt;(Commands.java:5)
	at io.michaelcane.Calculator.&lt;init&gt;(Calculator.java:6)
	at io.michaelcane.Commands.&lt;init&gt;(Commands.java:5)
	at io.michaelcane.Calculator.&lt;init&gt;(Calculator.java:6)
	at io.michaelcane.Commands.&lt;init&gt;(Commands.java:5)
	at io.michaelcane.Calculator.&lt;init&gt;(Calculator.java:6)
	at io.michaelcane.Commands.&lt;init&gt;(Commands.java:5)
	at io.michaelcane.Calculator.&lt;init&gt;(Calculator.java:6)
	at io.michaelcane.Commands.&lt;init&gt;(Commands.java:5)
	at io.michaelcane.Calculator.&lt;init&gt;(Calculator.java:6)
	at io.michaelcane.Commands.&lt;init&gt;(Commands.java:5)
	at io.michaelcane.Calculator.&lt;init&gt;(Calculator.java:6)
	at io.michaelcane.Commands.&lt;init&gt;(Commands.java:5)
	at io.michaelcane.Calculator.&lt;init&gt;(Calculator.java:6)
	at io.michaelcane.Commands.&lt;init&gt;(Commands.java:5)
	at io.michaelcane.Calculator.&lt;init&gt;(Calculator.java:6)
	at io.michaelcane.Commands.&lt;init&gt;(Commands.java:5)
	at io.michaelcane.Calculator.&lt;init&gt;(Calculator.java:6)
	at io.michaelcane.Commands.&lt;init&gt;(Commands.java:5)
	at io.michaelcane.Calculator.&lt;init&gt;(Calculator.java:6)
	at io.michaelcane.Commands.&lt;init&gt;(Commands.java:5)
	at io.michaelcane.Calculator.&lt;init&gt;(Calculator.java:6)
	at io.michaelcane.Commands.&lt;init&gt;(Commands.java:5)
	at io.michaelcane.Calculator.&lt;init&gt;(Calculator.java:6)
	at io.michaelcane.Commands.&lt;init&gt;(Commands.java:5)
	at io.michaelcane.Calculator.&lt;init&gt;(Calculator.java:6)
	at io.michaelcane.Commands.&lt;init&gt;(Commands.java:5)
	at io.michaelcane.Calculator.&lt;init&gt;(Calculator.java:6)
	at io.michaelcane.Commands.&lt;init&gt;(Commands.java:5)
	at io.michaelcane.Calculator.&lt;init&gt;(Calculator.java:6)
	at io.michaelcane.Commands.&lt;init&gt;(Commands.java:5)
	at io.michaelcane.Calculator.&lt;init&gt;(Calculator.java:6)
	at io.michaelcane.Commands.&lt;init&gt;(Commands.java:5)
	at io.michaelcane.Calculator.&lt;init&gt;(Calculator.java:6)
	at io.michaelcane.Commands.&lt;init&gt;(Commands.java:5)
	at io.michaelcane.Calculator.&lt;init&gt;(Calculator.java:6)
	at io.michaelcane.Commands.&lt;init&gt;(Commands.java:5)
	at io.michaelcane.Calculator.&lt;init&gt;(Calculator.java:6)
	at io.michaelcane.Commands.&lt;init&gt;(Commands.java:5)
	at io.michaelcane.Calculator.&lt;init&gt;(Calculator.java:6)
	at io.michaelcane.Commands.&lt;init&gt;(Commands.java:5)
	at io.michaelcane.Calculator.&lt;init&gt;(Calculator.java:6)
	at io.michaelcane.Commands.&lt;init&gt;(Commands.java:5)
	at io.michaelcane.Calculator.&lt;init&gt;(Calculator.java:6)
	at io.michaelcane.Commands.&lt;init&gt;(Commands.java:5)
	at io.michaelcane.Calculator.&lt;init&gt;(Calculator.java:6)
	at io.michaelcane.Commands.&lt;init&gt;(Commands.java:5)
	at io.michaelcane.Calculator.&lt;init&gt;(Calculator.java:6)
	at io.michaelcane.Commands.&lt;init&gt;(Commands.java:5)
	at io.michaelcane.Calculator.&lt;init&gt;(Calculator.java:6)
	at io.michaelcane.Commands.&lt;init&gt;(Commands.java:5)
	at io.michaelcane.Calculator.&lt;init&gt;(Calculator.java:6)
	at io.michaelcane.Commands.&lt;init&gt;(Commands.java:5)
	at io.michaelcane.Calculator.&lt;init&gt;(Calculator.java:6)
	at io.michaelcane.Commands.&lt;init&gt;(Commands.java:5)
	at io.michaelcane.Calculator.&lt;init&gt;(Calculator.java:6)
	at io.michaelcane.Commands.&lt;init&gt;(Commands.java:5)
	at io.michaelcane.Calculator.&lt;init&gt;(Calculator.java:6)
	at io.michaelcane.Commands.&lt;init&gt;(Commands.java:5)
	at io.michaelcane.Calculator.&lt;init&gt;(Calculator.java:6)
	at io.michaelcane.Commands.&lt;init&gt;(Commands.java:5)
	at io.michaelcane.Calculator.&lt;init&gt;(Calculator.java:6)
	at io.michaelcane.Commands.&lt;init&gt;(Commands.java:5)
	at io.michaelcane.Calculator.&lt;init&gt;(Calculator.java:6)
	at io.michaelcane.Commands.&lt;init&gt;(Commands.java:5)
	at io.michaelcane.Calculator.&lt;init&gt;(Calculator.java:6)
	at io.michaelcane.Commands.&lt;init&gt;(Commands.java:5)
	at io.michaelcane.Calculator.&lt;init&gt;(Calculator.java:6)
	at io.michaelcane.Commands.&lt;init&gt;(Commands.java:5)
	at io.michaelcane.Calculator.&lt;init&gt;(Calculator.java:6)
	at io.michaelcane.Commands.&lt;init&gt;(Commands.java:5)
	at io.michaelcane.Calculator.&lt;init&gt;(Calculator.java:6)
	at io.michaelcane.Commands.&lt;init&gt;(Commands.java:5)
	at io.michaelcane.Calculator.&lt;init&gt;(Calculator.java:6)
	at io.michaelcane.Commands.&lt;init&gt;(Commands.java:5)
	at io.michaelcane.Calculator.&lt;init&gt;(Calculator.java:6)
	at io.michaelcane.Commands.&lt;init&gt;(Commands.java:5)
	at io.michaelcane.Calculator.&lt;init&gt;(Calculator.java:6)
	at io.michaelcane.Commands.&lt;init&gt;(Commands.java:5)
	at io.michaelcane.Calculator.&lt;init&gt;(Calculator.java:6)
	at io.michaelcane.Commands.&lt;init&gt;(Commands.java:5)
	at io.michaelcane.Calculator.&lt;init&gt;(Calculator.java:6)
	at io.michaelcane.Commands.&lt;init&gt;(Commands.java:5)
	at io.michaelcane.Calculator.&lt;init&gt;(Calculator.java:6)
	at io.michaelcane.Commands.&lt;init&gt;(Commands.java:5)
	at io.michaelcane.Calculator.&lt;init&gt;(Calculator.java:6)
	at io.michaelcane.Commands.&lt;init&gt;(Commands.java:5)
	at io.michaelcane.Calculator.&lt;init&gt;(Calculator.java:6)
	at io.michaelcane.Commands.&lt;init&gt;(Commands.java:5)
	at io.michaelcane.Calculator.&lt;init&gt;(Calculator.java:6)
	at io.michaelcane.Commands.&lt;init&gt;(Commands.java:5)
	at io.michaelcane.Calculator.&lt;init&gt;(Calculator.java:6)
	at io.michaelcane.Commands.&lt;init&gt;(Commands.java:5)
	at io.michaelcane.Calculator.&lt;init&gt;(Calculator.java:6)
	at io.michaelcane.Commands.&lt;init&gt;(Commands.java:5)
	at io.michaelcane.Calculator.&lt;init&gt;(Calculator.java:6)
	at io.michaelcane.Commands.&lt;init&gt;(Commands.java:5)
	at io.michaelcane.Calculator.&lt;init&gt;(Calculator.java:6)
	at io.michaelcane.Commands.&lt;init&gt;(Commands.java:5)
	at io.michaelcane.Calculator.&lt;init&gt;(Calculator.java:6)
	at io.michaelcane.Commands.&lt;init&gt;(Commands.java:5)
	at io.michaelcane.Calculator.&lt;init&gt;(Calculator.java:6)
	at io.michaelcane.Commands.&lt;init&gt;(Commands.java:5)
	at io.michaelcane.Calculator.&lt;init&gt;(Calculator.java:6)
	at io.michaelcane.Commands.&lt;init&gt;(Commands.java:5)
	at io.michaelcane.Calculator.&lt;init&gt;(Calculator.java:6)
	at io.michaelcane.Commands.&lt;init&gt;(Commands.java:5)
	at io.michaelcane.Calculator.&lt;init&gt;(Calculator.java:6)
	at io.michaelcane.Commands.&lt;init&gt;(Commands.java:5)
	at io.michaelcane.Calculator.&lt;init&gt;(Calculator.java:6)
	at io.michaelcane.Commands.&lt;init&gt;(Commands.java:5)
	at io.michaelcane.Calculator.&lt;init&gt;(Calculator.java:6)
	at io.michaelcane.Commands.&lt;init&gt;(Commands.java:5)
	at io.michaelcane.Calculator.&lt;init&gt;(Calculator.java:6)
	at io.michaelcane.Commands.&lt;init&gt;(Commands.java:5)
	at io.michaelcane.Calculator.&lt;init&gt;(Calculator.java:6)
	at io.michaelcane.Commands.&lt;init&gt;(Commands.java:5)
	at io.michaelcane.Calculator.&lt;init&gt;(Calculator.java:6)
	at io.michaelcane.Commands.&lt;init&gt;(Commands.java:5)
	at io.michaelcane.Calculator.&lt;init&gt;(Calculator.java:6)
	at io.michaelcane.Commands.&lt;init&gt;(Commands.java:5)
	at io.michaelcane.Calculator.&lt;init&gt;(Calculator.java:6)
	at io.michaelcane.Commands.&lt;init&gt;(Commands.java:5)
	at io.michaelcane.Calculator.&lt;init&gt;(Calculator.java:6)
	at io.michaelcane.Commands.&lt;init&gt;(Commands.java:5)
	at io.michaelcane.Calculator.&lt;init&gt;(Calculator.java:6)
	at io.michaelcane.Commands.&lt;init&gt;(Commands.java:5)
	at io.michaelcane.Calculator.&lt;init&gt;(Calculator.java:6)
	at io.michaelcane.Commands.&lt;init&gt;(Commands.java:5)
	at io.michaelcane.Calculator.&lt;init&gt;(Calculator.java:6)
	at io.michaelcane.Commands.&lt;init&gt;(Commands.java:5)
	at io.michaelcane.Calculator.&lt;init&gt;(Calculator.java:6)
	at io.michaelcane.Commands.&lt;init&gt;(Commands.java:5)
	at io.michaelcane.Calculator.&lt;init&gt;(Calculator.java:6)
	at io.michaelcane.Commands.&lt;init&gt;(Commands.java:5)
	at io.michaelcane.Calculator.&lt;init&gt;(Calculator.java:6)
	at io.michaelcane.Commands.&lt;init&gt;(Commands.java:5)
	at io.michaelcane.Calculator.&lt;init&gt;(Calculator.java:6)
	at io.michaelcane.Commands.&lt;init&gt;(Commands.java:5)
	at io.michaelcane.Calculator.&lt;init&gt;(Calculator.java:6)
	at io.michaelcane.Commands.&lt;init&gt;(Commands.java:5)
	at io.michaelcane.Calculator.&lt;init&gt;(Calculator.java:6)
	at io.michaelcane.Commands.&lt;init&gt;(Commands.java:5)
	at io.michaelcane.Calculator.&lt;init&gt;(Calculator.java:6)
	at io.michaelcane.Commands.&lt;init&gt;(Commands.java:5)
	at io.michaelcane.Calculator.&lt;init&gt;(Calculator.java:6)
	at io.michaelcane.Commands.&lt;init&gt;(Commands.java:5)
	at io.michaelcane.Calculator.&lt;init&gt;(Calculator.java:6)
	at io.michaelcane.Commands.&lt;init&gt;(Commands.java:5)
	at io.michaelcane.Calculator.&lt;init&gt;(Calculator.java:6)
	at io.michaelcane.Commands.&lt;init&gt;(Commands.java:5)
	at io.michaelcane.Calculator.&lt;init&gt;(Calculator.java:6)
	at io.michaelcane.Commands.&lt;init&gt;(Commands.java:5)
	at io.michaelcane.Calculator.&lt;init&gt;(Calculator.java:6)
	at io.michaelcane.Commands.&lt;init&gt;(Commands.java:5)
	at io.michaelcane.Calculator.&lt;init&gt;(Calculator.java:6)
	at io.michaelcane.Commands.&lt;init&gt;(Commands.java:5)
	at io.michaelcane.Calculator.&lt;init&gt;(Calculator.java:6)
	at io.michaelcane.Commands.&lt;init&gt;(Commands.java:5)
	at io.michaelcane.Calculator.&lt;init&gt;(Calculator.java:6)
	at io.michaelcane.Commands.&lt;init&gt;(Commands.java:5)
	at io.michaelcane.Calculator.&lt;init&gt;(Calculator.java:6)
	at io.michaelcane.Commands.&lt;init&gt;(Commands.java:5)
	at io.michaelcane.Calculator.&lt;init&gt;(Calculator.java:6)
	at io.michaelcane.Commands.&lt;init&gt;(Commands.java:5)
	at io.michaelcane.Calculator.&lt;init&gt;(Calculator.java:6)
	at io.michaelcane.Commands.&lt;init&gt;(Commands.java:5)
	at io.michaelcane.Calculator.&lt;init&gt;(Calculator.java:6)
	at io.michaelcane.Commands.&lt;init&gt;(Commands.java:5)
	at io.michaelcane.Calculator.&lt;init&gt;(Calculator.java:6)
	at io.michaelcane.Commands.&lt;init&gt;(Commands.java:5)
	at io.michaelcane.Calculator.&lt;init&gt;(Calculator.java:6)
	at io.michaelcane.Commands.&lt;init&gt;(Commands.java:5)
	at io.michaelcane.Calculator.&lt;init&gt;(Calculator.java:6)
	at io.michaelcane.Commands.&lt;init&gt;(Commands.java:5)
	at io.michaelcane.Calculator.&lt;init&gt;(Calculator.java:6)
	at io.michaelcane.Commands.&lt;init&gt;(Commands.java:5)
	at io.michaelcane.Calculator.&lt;init&gt;(Calculator.java:6)
	at io.michaelcane.Commands.&lt;init&gt;(Commands.java:5)
	at io.michaelcane.Calculator.&lt;init&gt;(Calculator.java:6)
	at io.michaelcane.Commands.&lt;init&gt;(Commands.java:5)
	at io.michaelcane.Calculator.&lt;init&gt;(Calculator.java:6)
	at io.michaelcane.Commands.&lt;init&gt;(Commands.java:5)
	at io.michaelcane.Calculator.&lt;init&gt;(Calculator.java:6)
	at io.michaelcane.Commands.&lt;init&gt;(Commands.java:5)
	at io.michaelcane.Calculator.&lt;init&gt;(Calculator.java:6)
	at io.michaelcane.Commands.&lt;init&gt;(Commands.java:5)
	at io.michaelcane.Calculator.&lt;init&gt;(Calculator.java:6)
	at io.michaelcane.Commands.&lt;init&gt;(Commands.java:5)
	at io.michaelcane.Calculator.&lt;init&gt;(Calculator.java:6)
	at io.michaelcane.Commands.&lt;init&gt;(Commands.java:5)
	at io.michaelcane.Calculator.&lt;init&gt;(Calculator.java:6)
	at io.michaelcane.Commands.&lt;init&gt;(Commands.java:5)
	at io.michaelcane.Calculator.&lt;init&gt;(Calculator.java:6)
	at io.michaelcane.Commands.&lt;init&gt;(Commands.java:5)
	at io.michaelcane.Calculator.&lt;init&gt;(Calculator.java:6)
	at io.michaelcane.Commands.&lt;init&gt;(Commands.java:5)
	at io.michaelcane.Calculator.&lt;init&gt;(Calculator.java:6)
	at io.michaelcane.Commands.&lt;init&gt;(Commands.java:5)
	at io.michaelcane.Calculator.&lt;init&gt;(Calculator.java:6)
	at io.michaelcane.Commands.&lt;init&gt;(Commands.java:5)
	at io.michaelcane.Calculator.&lt;init&gt;(Calculator.java:6)
	at io.michaelcane.Commands.&lt;init&gt;(Commands.java:5)
	at io.michaelcane.Calculator.&lt;init&gt;(Calculator.java:6)
	at io.michaelcane.Commands.&lt;init&gt;(Commands.java:5)
	at io.michaelcane.Calculator.&lt;init&gt;(Calculator.java:6)
	at io.michaelcane.Commands.&lt;init&gt;(Commands.java:5)
	at io.michaelcane.Calculator.&lt;init&gt;(Calculator.java:6)
	at io.michaelcane.Commands.&lt;init&gt;(Commands.java:5)
	at io.michaelcane.Calculator.&lt;init&gt;(Calculator.java:6)
	at io.michaelcane.Commands.&lt;init&gt;(Commands.java:5)
	at io.michaelcane.Calculator.&lt;init&gt;(Calculator.java:6)
	at io.michaelcane.Commands.&lt;init&gt;(Commands.java:5)
	at io.michaelcane.Calculator.&lt;init&gt;(Calculator.java:6)
	at io.michaelcane.Commands.&lt;init&gt;(Commands.java:5)
	at io.michaelcane.Calculator.&lt;init&gt;(Calculator.java:6)
	at io.michaelcane.Commands.&lt;init&gt;(Commands.java:5)
	at io.michaelcane.Calculator.&lt;init&gt;(Calculator.java:6)
	at io.michaelcane.Commands.&lt;init&gt;(Commands.java:5)
	at io.michaelcane.Calculator.&lt;init&gt;(Calculator.java:6)
	at io.michaelcane.Commands.&lt;init&gt;(Commands.java:5)
	at io.michaelcane.Calculator.&lt;init&gt;(Calculator.java:6)
	at io.michaelcane.Commands.&lt;init&gt;(Commands.java:5)
	at io.michaelcane.Calculator.&lt;init&gt;(Calculator.java:6)
	at io.michaelcane.Commands.&lt;init&gt;(Commands.java:5)
	at io.michaelcane.Calculator.&lt;init&gt;(Calculator.java:6)
	at io.michaelcane.Commands.&lt;init&gt;(Commands.java:5)
	at io.michaelcane.Calculator.&lt;init&gt;(Calculator.java:6)
	at io.michaelcane.Commands.&lt;init&gt;(Commands.java:5)
	at io.michaelcane.Calculator.&lt;init&gt;(Calculator.java:6)
	at io.michaelcane.Commands.&lt;init&gt;(Commands.java:5)
	at io.michaelcane.Calculator.&lt;init&gt;(Calculator.java:6)
	at io.michaelcane.Commands.&lt;init&gt;(Commands.java:5)
	at io.michaelcane.Calculator.&lt;init&gt;(Calculator.java:6)
	at io.michaelcane.Commands.&lt;init&gt;(Commands.java:5)
	at io.michaelcane.Calculator.&lt;init&gt;(Calculator.java:6)
	at io.michaelcane.Commands.&lt;init&gt;(Commands.java:5)
	at io.michaelcane.Calculator.&lt;init&gt;(Calculator.java:6)
	at io.michaelcane.Commands.&lt;init&gt;(Commands.java:5)
	at io.michaelcane.Calculator.&lt;init&gt;(Calculator.java:6)
	at io.michaelcane.Commands.&lt;init&gt;(Commands.java:5)
	at io.michaelcane.Calculator.&lt;init&gt;(Calculator.java:6)
	at io.michaelcane.Commands.&lt;init&gt;(Commands.java:5)
	at io.michaelcane.Calculator.&lt;init&gt;(Calculator.java:6)
	at io.michaelcane.Commands.&lt;init&gt;(Commands.java:5)
	at io.michaelcane.Calculator.&lt;init&gt;(Calculator.java:6)
	at io.michaelcane.Commands.&lt;init&gt;(Commands.java:5)
	at io.michaelcane.Calculator.&lt;init&gt;(Calculator.java:6)
	at io.michaelcane.Commands.&lt;init&gt;(Commands.java:5)
	at io.michaelcane.Calculator.&lt;init&gt;(Calculator.java:6)
	at io.michaelcane.Commands.&lt;init&gt;(Commands.java:5)
	at io.michaelcane.Calculator.&lt;init&gt;(Calculator.java:6)
	at io.michaelcane.Commands.&lt;init&gt;(Commands.java:5)
	at io.michaelcane.Calculator.&lt;init&gt;(Calculator.java:6)
	at io.michaelcane.Commands.&lt;init&gt;(Commands.java:5)
	at io.michaelcane.Calculator.&lt;init&gt;(Calculator.java:6)
	at io.michaelcane.Commands.&lt;init&gt;(Commands.java:5)
	at io.michaelcane.Calculator.&lt;init&gt;(Calculator.java:6)
	at io.michaelcane.Commands.&lt;init&gt;(Commands.java:5)
	at io.michaelcane.Calculator.&lt;init&gt;(Calculator.java:6)
	at io.michaelcane.Commands.&lt;init&gt;(Commands.java:5)
	at io.michaelcane.Calculator.&lt;init&gt;(Calculator.java:6)
	at io.michaelcane.Commands.&lt;init&gt;(Commands.java:5)
	at io.michaelcane.Calculator.&lt;init&gt;(Calculator.java:6)
	at io.michaelcane.Commands.&lt;init&gt;(Commands.java:5)
	at io.michaelcane.Calculator.&lt;init&gt;(Calculator.java:6)
	at io.michaelcane.Commands.&lt;init&gt;(Commands.java:5)
	at io.michaelcane.Calculator.&lt;init&gt;(Calculator.java:6)
	at io.michaelcane.Commands.&lt;init&gt;(Commands.java:5)
	at io.michaelcane.Calculator.&lt;init&gt;(Calculator.java:6)
	at io.michaelcane.Commands.&lt;init&gt;(Commands.java:5)
	at io.michaelcane.Calculator.&lt;init&gt;(Calculator.java:6)
	at io.michaelcane.Commands.&lt;init&gt;(Commands.java:5)
	at io.michaelcane.Calculator.&lt;init&gt;(Calculator.java:6)
	at io.michaelcane.Commands.&lt;init&gt;(Commands.java:5)
	at io.michaelcane.Calculator.&lt;init&gt;(Calculator.java:6)
	at io.michaelcane.Commands.&lt;init&gt;(Commands.java:5)
	at io.michaelcane.Calculator.&lt;init&gt;(Calculator.java:6)
	at io.michaelcane.Commands.&lt;init&gt;(Commands.java:5)
	at io.michaelcane.Calculator.&lt;init&gt;(Calculator.java:6)
	at io.michaelcane.Commands.&lt;init&gt;(Commands.java:5)
</error>
  </testcase>
  <testcase classname="io.michaelcane.CalculatorSpec" name="test$factorial" time="0.007">
    <error type="java.lang.StackOverflowError">java.lang.StackOverflowError
	at io.michaelcane.Calculator.&lt;init&gt;(Calculator.java:6)
	at io.michaelcane.Commands.&lt;init&gt;(Commands.java:5)
	at io.michaelcane.Calculator.&lt;init&gt;(Calculator.java:6)
	at io.michaelcane.Commands.&lt;init&gt;(Commands.java:5)
	at io.michaelcane.Calculator.&lt;init&gt;(Calculator.java:6)
	at io.michaelcane.Commands.&lt;init&gt;(Commands.java:5)
	at io.michaelcane.Calculator.&lt;init&gt;(Calculator.java:6)
	at io.michaelcane.Commands.&lt;init&gt;(Commands.java:5)
	at io.michaelcane.Calculator.&lt;init&gt;(Calculator.java:6)
	at io.michaelcane.Commands.&lt;init&gt;(Commands.java:5)
	at io.michaelcane.Calculator.&lt;init&gt;(Calculator.java:6)
	at io.michaelcane.Commands.&lt;init&gt;(Commands.java:5)
	at io.michaelcane.Calculator.&lt;init&gt;(Calculator.java:6)
	at io.michaelcane.Commands.&lt;init&gt;(Commands.java:5)
	at io.michaelcane.Calculator.&lt;init&gt;(Calculator.java:6)
	at io.michaelcane.Commands.&lt;init&gt;(Commands.java:5)
	at io.michaelcane.Calculator.&lt;init&gt;(Calculator.java:6)
	at io.michaelcane.Commands.&lt;init&gt;(Commands.java:5)
	at io.michaelcane.Calculator.&lt;init&gt;(Calculator.java:6)
	at io.michaelcane.Commands.&lt;init&gt;(Commands.java:5)
	at io.michaelcane.Calculator.&lt;init&gt;(Calculator.java:6)
	at io.michaelcane.Commands.&lt;init&gt;(Commands.java:5)
	at io.michaelcane.Calculator.&lt;init&gt;(Calculator.java:6)
	at io.michaelcane.Commands.&lt;init&gt;(Commands.java:5)
	at io.michaelcane.Calculator.&lt;init&gt;(Calculator.java:6)
	at io.michaelcane.Commands.&lt;init&gt;(Commands.java:5)
	at io.michaelcane.Calculator.&lt;init&gt;(Calculator.java:6)
	at io.michaelcane.Commands.&lt;init&gt;(Commands.java:5)
	at io.michaelcane.Calculator.&lt;init&gt;(Calculator.java:6)
	at io.michaelcane.Commands.&lt;init&gt;(Commands.java:5)
	at io.michaelcane.Calculator.&lt;init&gt;(Calculator.java:6)
	at io.michaelcane.Commands.&lt;init&gt;(Commands.java:5)
	at io.michaelcane.Calculator.&lt;init&gt;(Calculator.java:6)
	at io.michaelcane.Commands.&lt;init&gt;(Commands.java:5)
	at io.michaelcane.Calculator.&lt;init&gt;(Calculator.java:6)
	at io.michaelcane.Commands.&lt;init&gt;(Commands.java:5)
	at io.michaelcane.Calculator.&lt;init&gt;(Calculator.java:6)
	at io.michaelcane.Commands.&lt;init&gt;(Commands.java:5)
	at io.michaelcane.Calculator.&lt;init&gt;(Calculator.java:6)
	at io.michaelcane.Commands.&lt;init&gt;(Commands.java:5)
	at io.michaelcane.Calculator.&lt;init&gt;(Calculator.java:6)
	at io.michaelcane.Commands.&lt;init&gt;(Commands.java:5)
	at io.michaelcane.Calculator.&lt;init&gt;(Calculator.java:6)
	at io.michaelcane.Commands.&lt;init&gt;(Commands.java:5)
	at io.michaelcane.Calculator.&lt;init&gt;(Calculator.java:6)
	at io.michaelcane.Commands.&lt;init&gt;(Commands.java:5)
	at io.michaelcane.Calculator.&lt;init&gt;(Calculator.java:6)
	at io.michaelcane.Commands.&lt;init&gt;(Commands.java:5)
	at io.michaelcane.Calculator.&lt;init&gt;(Calculator.java:6)
	at io.michaelcane.Commands.&lt;init&gt;(Commands.java:5)
	at io.michaelcane.Calculator.&lt;init&gt;(Calculator.java:6)
	at io.michaelcane.Commands.&lt;init&gt;(Commands.java:5)
	at io.michaelcane.Calculator.&lt;init&gt;(Calculator.java:6)
	at io.michaelcane.Commands.&lt;init&gt;(Commands.java:5)
	at io.michaelcane.Calculator.&lt;init&gt;(Calculator.java:6)
	at io.michaelcane.Commands.&lt;init&gt;(Commands.java:5)
	at io.michaelcane.Calculator.&lt;init&gt;(Calculator.java:6)
	at io.michaelcane.Commands.&lt;init&gt;(Commands.java:5)
	at io.michaelcane.Calculator.&lt;init&gt;(Calculator.java:6)
	at io.michaelcane.Commands.&lt;init&gt;(Commands.java:5)
	at io.michaelcane.Calculator.&lt;init&gt;(Calculator.java:6)
	at io.michaelcane.Commands.&lt;init&gt;(Commands.java:5)
	at io.michaelcane.Calculator.&lt;init&gt;(Calculator.java:6)
	at io.michaelcane.Commands.&lt;init&gt;(Commands.java:5)
	at io.michaelcane.Calculator.&lt;init&gt;(Calculator.java:6)
	at io.michaelcane.Commands.&lt;init&gt;(Commands.java:5)
	at io.michaelcane.Calculator.&lt;init&gt;(Calculator.java:6)
	at io.michaelcane.Commands.&lt;init&gt;(Commands.java:5)
	at io.michaelcane.Calculator.&lt;init&gt;(Calculator.java:6)
	at io.michaelcane.Commands.&lt;init&gt;(Commands.java:5)
	at io.michaelcane.Calculator.&lt;init&gt;(Calculator.java:6)
	at io.michaelcane.Commands.&lt;init&gt;(Commands.java:5)
	at io.michaelcane.Calculator.&lt;init&gt;(Calculator.java:6)
	at io.michaelcane.Commands.&lt;init&gt;(Commands.java:5)
	at io.michaelcane.Calculator.&lt;init&gt;(Calculator.java:6)
	at io.michaelcane.Commands.&lt;init&gt;(Commands.java:5)
	at io.michaelcane.Calculator.&lt;init&gt;(Calculator.java:6)
	at io.michaelcane.Commands.&lt;init&gt;(Commands.java:5)
	at io.michaelcane.Calculator.&lt;init&gt;(Calculator.java:6)
	at io.michaelcane.Commands.&lt;init&gt;(Commands.java:5)
	at io.michaelcane.Calculator.&lt;init&gt;(Calculator.java:6)
	at io.michaelcane.Commands.&lt;init&gt;(Commands.java:5)
	at io.michaelcane.Calculator.&lt;init&gt;(Calculator.java:6)
	at io.michaelcane.Commands.&lt;init&gt;(Commands.java:5)
	at io.michaelcane.Calculator.&lt;init&gt;(Calculator.java:6)
	at io.michaelcane.Commands.&lt;init&gt;(Commands.java:5)
	at io.michaelcane.Calculator.&lt;init&gt;(Calculator.java:6)
	at io.michaelcane.Commands.&lt;init&gt;(Commands.java:5)
	at io.michaelcane.Calculator.&lt;init&gt;(Calculator.java:6)
	at io.michaelcane.Commands.&lt;init&gt;(Commands.java:5)
	at io.michaelcane.Calculator.&lt;init&gt;(Calculator.java:6)
	at io.michaelcane.Commands.&lt;init&gt;(Commands.java:5)
	at io.michaelcane.Calculator.&lt;init&gt;(Calculator.java:6)
	at io.michaelcane.Commands.&lt;init&gt;(Commands.java:5)
	at io.michaelcane.Calculator.&lt;init&gt;(Calculator.java:6)
	at io.michaelcane.Commands.&lt;init&gt;(Commands.java:5)
	at io.michaelcane.Calculator.&lt;init&gt;(Calculator.java:6)
	at io.michaelcane.Commands.&lt;init&gt;(Commands.java:5)
	at io.michaelcane.Calculator.&lt;init&gt;(Calculator.java:6)
	at io.michaelcane.Commands.&lt;init&gt;(Commands.java:5)
	at io.michaelcane.Calculator.&lt;init&gt;(Calculator.java:6)
	at io.michaelcane.Commands.&lt;init&gt;(Commands.java:5)
	at io.michaelcane.Calculator.&lt;init&gt;(Calculator.java:6)
	at io.michaelcane.Commands.&lt;init&gt;(Commands.java:5)
	at io.michaelcane.Calculator.&lt;init&gt;(Calculator.java:6)
	at io.michaelcane.Commands.&lt;init&gt;(Commands.java:5)
	at io.michaelcane.Calculator.&lt;init&gt;(Calculator.java:6)
	at io.michaelcane.Commands.&lt;init&gt;(Commands.java:5)
	at io.michaelcane.Calculator.&lt;init&gt;(Calculator.java:6)
	at io.michaelcane.Commands.&lt;init&gt;(Commands.java:5)
	at io.michaelcane.Calculator.&lt;init&gt;(Calculator.java:6)
	at io.michaelcane.Commands.&lt;init&gt;(Commands.java:5)
	at io.michaelcane.Calculator.&lt;init&gt;(Calculator.java:6)
	at io.michaelcane.Commands.&lt;init&gt;(Commands.java:5)
	at io.michaelcane.Calculator.&lt;init&gt;(Calculator.java:6)
	at io.michaelcane.Commands.&lt;init&gt;(Commands.java:5)
	at io.michaelcane.Calculator.&lt;init&gt;(Calculator.java:6)
	at io.michaelcane.Commands.&lt;init&gt;(Commands.java:5)
	at io.michaelcane.Calculator.&lt;init&gt;(Calculator.java:6)
	at io.michaelcane.Commands.&lt;init&gt;(Commands.java:5)
	at io.michaelcane.Calculator.&lt;init&gt;(Calculator.java:6)
	at io.michaelcane.Commands.&lt;init&gt;(Commands.java:5)
	at io.michaelcane.Calculator.&lt;init&gt;(Calculator.java:6)
	at io.michaelcane.Commands.&lt;init&gt;(Commands.java:5)
	at io.michaelcane.Calculator.&lt;init&gt;(Calculator.java:6)
	at io.michaelcane.Commands.&lt;init&gt;(Commands.java:5)
	at io.michaelcane.Calculator.&lt;init&gt;(Calculator.java:6)
	at io.michaelcane.Commands.&lt;init&gt;(Commands.java:5)
	at io.michaelcane.Calculator.&lt;init&gt;(Calculator.java:6)
	at io.michaelcane.Commands.&lt;init&gt;(Commands.java:5)
	at io.michaelcane.Calculator.&lt;init&gt;(Calculator.java:6)
	at io.michaelcane.Commands.&lt;init&gt;(Commands.java:5)
	at io.michaelcane.Calculator.&lt;init&gt;(Calculator.java:6)
	at io.michaelcane.Commands.&lt;init&gt;(Commands.java:5)
	at io.michaelcane.Calculator.&lt;init&gt;(Calculator.java:6)
	at io.michaelcane.Commands.&lt;init&gt;(Commands.java:5)
	at io.michaelcane.Calculator.&lt;init&gt;(Calculator.java:6)
	at io.michaelcane.Commands.&lt;init&gt;(Commands.java:5)
	at io.michaelcane.Calculator.&lt;init&gt;(Calculator.java:6)
	at io.michaelcane.Commands.&lt;init&gt;(Commands.java:5)
	at io.michaelcane.Calculator.&lt;init&gt;(Calculator.java:6)
	at io.michaelcane.Commands.&lt;init&gt;(Commands.java:5)
	at io.michaelcane.Calculator.&lt;init&gt;(Calculator.java:6)
	at io.michaelcane.Commands.&lt;init&gt;(Commands.java:5)
	at io.michaelcane.Calculator.&lt;init&gt;(Calculator.java:6)
	at io.michaelcane.Commands.&lt;init&gt;(Commands.java:5)
	at io.michaelcane.Calculator.&lt;init&gt;(Calculator.java:6)
	at io.michaelcane.Commands.&lt;init&gt;(Commands.java:5)
	at io.michaelcane.Calculator.&lt;init&gt;(Calculator.java:6)
	at io.michaelcane.Commands.&lt;init&gt;(Commands.java:5)
	at io.michaelcane.Calculator.&lt;init&gt;(Calculator.java:6)
	at io.michaelcane.Commands.&lt;init&gt;(Commands.java:5)
	at io.michaelcane.Calculator.&lt;init&gt;(Calculator.java:6)
	at io.michaelcane.Commands.&lt;init&gt;(Commands.java:5)
	at io.michaelcane.Calculator.&lt;init&gt;(Calculator.java:6)
	at io.michaelcane.Commands.&lt;init&gt;(Commands.java:5)
	at io.michaelcane.Calculator.&lt;init&gt;(Calculator.java:6)
	at io.michaelcane.Commands.&lt;init&gt;(Commands.java:5)
	at io.michaelcane.Calculator.&lt;init&gt;(Calculator.java:6)
	at io.michaelcane.Commands.&lt;init&gt;(Commands.java:5)
	at io.michaelcane.Calculator.&lt;init&gt;(Calculator.java:6)
	at io.michaelcane.Commands.&lt;init&gt;(Commands.java:5)
	at io.michaelcane.Calculator.&lt;init&gt;(Calculator.java:6)
	at io.michaelcane.Commands.&lt;init&gt;(Commands.java:5)
	at io.michaelcane.Calculator.&lt;init&gt;(Calculator.java:6)
	at io.michaelcane.Commands.&lt;init&gt;(Commands.java:5)
	at io.michaelcane.Calculator.&lt;init&gt;(Calculator.java:6)
	at io.michaelcane.Commands.&lt;init&gt;(Commands.java:5)
	at io.michaelcane.Calculator.&lt;init&gt;(Calculator.java:6)
	at io.michaelcane.Commands.&lt;init&gt;(Commands.java:5)
	at io.michaelcane.Calculator.&lt;init&gt;(Calculator.java:6)
	at io.michaelcane.Commands.&lt;init&gt;(Commands.java:5)
	at io.michaelcane.Calculator.&lt;init&gt;(Calculator.java:6)
	at io.michaelcane.Commands.&lt;init&gt;(Commands.java:5)
	at io.michaelcane.Calculator.&lt;init&gt;(Calculator.java:6)
	at io.michaelcane.Commands.&lt;init&gt;(Commands.java:5)
	at io.michaelcane.Calculator.&lt;init&gt;(Calculator.java:6)
	at io.michaelcane.Commands.&lt;init&gt;(Commands.java:5)
	at io.michaelcane.Calculator.&lt;init&gt;(Calculator.java:6)
	at io.michaelcane.Commands.&lt;init&gt;(Commands.java:5)
	at io.michaelcane.Calculator.&lt;init&gt;(Calculator.java:6)
	at io.michaelcane.Commands.&lt;init&gt;(Commands.java:5)
	at io.michaelcane.Calculator.&lt;init&gt;(Calculator.java:6)
	at io.michaelcane.Commands.&lt;init&gt;(Commands.java:5)
	at io.michaelcane.Calculator.&lt;init&gt;(Calculator.java:6)
	at io.michaelcane.Commands.&lt;init&gt;(Commands.java:5)
	at io.michaelcane.Calculator.&lt;init&gt;(Calculator.java:6)
	at io.michaelcane.Commands.&lt;init&gt;(Commands.java:5)
	at io.michaelcane.Calculator.&lt;init&gt;(Calculator.java:6)
	at io.michaelcane.Commands.&lt;init&gt;(Commands.java:5)
	at io.michaelcane.Calculator.&lt;init&gt;(Calculator.java:6)
	at io.michaelcane.Commands.&lt;init&gt;(Commands.java:5)
	at io.michaelcane.Calculator.&lt;init&gt;(Calculator.java:6)
	at io.michaelcane.Commands.&lt;init&gt;(Commands.java:5)
	at io.michaelcane.Calculator.&lt;init&gt;(Calculator.java:6)
	at io.michaelcane.Commands.&lt;init&gt;(Commands.java:5)
	at io.michaelcane.Calculator.&lt;init&gt;(Calculator.java:6)
	at io.michaelcane.Commands.&lt;init&gt;(Commands.java:5)
	at io.michaelcane.Calculator.&lt;init&gt;(Calculator.java:6)
	at io.michaelcane.Commands.&lt;init&gt;(Commands.java:5)
	at io.michaelcane.Calculator.&lt;init&gt;(Calculator.java:6)
	at io.michaelcane.Commands.&lt;init&gt;(Commands.java:5)
	at io.michaelcane.Calculator.&lt;init&gt;(Calculator.java:6)
	at io.michaelcane.Commands.&lt;init&gt;(Commands.java:5)
	at io.michaelcane.Calculator.&lt;init&gt;(Calculator.java:6)
	at io.michaelcane.Commands.&lt;init&gt;(Commands.java:5)
	at io.michaelcane.Calculator.&lt;init&gt;(Calculator.java:6)
	at io.michaelcane.Commands.&lt;init&gt;(Commands.java:5)
	at io.michaelcane.Calculator.&lt;init&gt;(Calculator.java:6)
	at io.michaelcane.Commands.&lt;init&gt;(Commands.java:5)
	at io.michaelcane.Calculator.&lt;init&gt;(Calculator.java:6)
	at io.michaelcane.Commands.&lt;init&gt;(Commands.java:5)
	at io.michaelcane.Calculator.&lt;init&gt;(Calculator.java:6)
	at io.michaelcane.Commands.&lt;init&gt;(Commands.java:5)
	at io.michaelcane.Calculator.&lt;init&gt;(Calculator.java:6)
	at io.michaelcane.Commands.&lt;init&gt;(Commands.java:5)
	at io.michaelcane.Calculator.&lt;init&gt;(Calculator.java:6)
	at io.michaelcane.Commands.&lt;init&gt;(Commands.java:5)
	at io.michaelcane.Calculator.&lt;init&gt;(Calculator.java:6)
	at io.michaelcane.Commands.&lt;init&gt;(Commands.java:5)
	at io.michaelcane.Calculator.&lt;init&gt;(Calculator.java:6)
	at io.michaelcane.Commands.&lt;init&gt;(Commands.java:5)
	at io.michaelcane.Calculator.&lt;init&gt;(Calculator.java:6)
	at io.michaelcane.Commands.&lt;init&gt;(Commands.java:5)
	at io.michaelcane.Calculator.&lt;init&gt;(Calculator.java:6)
	at io.michaelcane.Commands.&lt;init&gt;(Commands.java:5)
	at io.michaelcane.Calculator.&lt;init&gt;(Calculator.java:6)
	at io.michaelcane.Commands.&lt;init&gt;(Commands.java:5)
	at io.michaelcane.Calculator.&lt;init&gt;(Calculator.java:6)
	at io.michaelcane.Commands.&lt;init&gt;(Commands.java:5)
	at io.michaelcane.Calculator.&lt;init&gt;(Calculator.java:6)
	at io.michaelcane.Commands.&lt;init&gt;(Commands.java:5)
	at io.michaelcane.Calculator.&lt;init&gt;(Calculator.java:6)
	at io.michaelcane.Commands.&lt;init&gt;(Commands.java:5)
	at io.michaelcane.Calculator.&lt;init&gt;(Calculator.java:6)
	at io.michaelcane.Commands.&lt;init&gt;(Commands.java:5)
	at io.michaelcane.Calculator.&lt;init&gt;(Calculator.java:6)
	at io.michaelcane.Commands.&lt;init&gt;(Commands.java:5)
	at io.michaelcane.Calculator.&lt;init&gt;(Calculator.java:6)
	at io.michaelcane.Commands.&lt;init&gt;(Commands.java:5)
	at io.michaelcane.Calculator.&lt;init&gt;(Calculator.java:6)
	at io.michaelcane.Commands.&lt;init&gt;(Commands.java:5)
	at io.michaelcane.Calculator.&lt;init&gt;(Calculator.java:6)
	at io.michaelcane.Commands.&lt;init&gt;(Commands.java:5)
	at io.michaelcane.Calculator.&lt;init&gt;(Calculator.java:6)
	at io.michaelcane.Commands.&lt;init&gt;(Commands.java:5)
	at io.michaelcane.Calculator.&lt;init&gt;(Calculator.java:6)
	at io.michaelcane.Commands.&lt;init&gt;(Commands.java:5)
	at io.michaelcane.Calculator.&lt;init&gt;(Calculator.java:6)
	at io.michaelcane.Commands.&lt;init&gt;(Commands.java:5)
	at io.michaelcane.Calculator.&lt;init&gt;(Calculator.java:6)
	at io.michaelcane.Commands.&lt;init&gt;(Commands.java:5)
	at io.michaelcane.Calculator.&lt;init&gt;(Calculator.java:6)
	at io.michaelcane.Commands.&lt;init&gt;(Commands.java:5)
	at io.michaelcane.Calculator.&lt;init&gt;(Calculator.java:6)
	at io.michaelcane.Commands.&lt;init&gt;(Commands.java:5)
	at io.michaelcane.Calculator.&lt;init&gt;(Calculator.java:6)
	at io.michaelcane.Commands.&lt;init&gt;(Commands.java:5)
	at io.michaelcane.Calculator.&lt;init&gt;(Calculator.java:6)
	at io.michaelcane.Commands.&lt;init&gt;(Commands.java:5)
	at io.michaelcane.Calculator.&lt;init&gt;(Calculator.java:6)
	at io.michaelcane.Commands.&lt;init&gt;(Commands.java:5)
	at io.michaelcane.Calculator.&lt;init&gt;(Calculator.java:6)
	at io.michaelcane.Commands.&lt;init&gt;(Commands.java:5)
	at io.michaelcane.Calculator.&lt;init&gt;(Calculator.java:6)
	at io.michaelcane.Commands.&lt;init&gt;(Commands.java:5)
	at io.michaelcane.Calculator.&lt;init&gt;(Calculator.java:6)
	at io.michaelcane.Commands.&lt;init&gt;(Commands.java:5)
	at io.michaelcane.Calculator.&lt;init&gt;(Calculator.java:6)
	at io.michaelcane.Commands.&lt;init&gt;(Commands.java:5)
	at io.michaelcane.Calculator.&lt;init&gt;(Calculator.java:6)
	at io.michaelcane.Commands.&lt;init&gt;(Commands.java:5)
	at io.michaelcane.Calculator.&lt;init&gt;(Calculator.java:6)
	at io.michaelcane.Commands.&lt;init&gt;(Commands.java:5)
	at io.michaelcane.Calculator.&lt;init&gt;(Calculator.java:6)
	at io.michaelcane.Commands.&lt;init&gt;(Commands.java:5)
	at io.michaelcane.Calculator.&lt;init&gt;(Calculator.java:6)
	at io.michaelcane.Commands.&lt;init&gt;(Commands.java:5)
	at io.michaelcane.Calculator.&lt;init&gt;(Calculator.java:6)
	at io.michaelcane.Commands.&lt;init&gt;(Commands.java:5)
	at io.michaelcane.Calculator.&lt;init&gt;(Calculator.java:6)
	at io.michaelcane.Commands.&lt;init&gt;(Commands.java:5)
	at io.michaelcane.Calculator.&lt;init&gt;(Calculator.java:6)
	at io.michaelcane.Commands.&lt;init&gt;(Commands.java:5)
	at io.michaelcane.Calculator.&lt;init&gt;(Calculator.java:6)
	at io.michaelcane.Commands.&lt;init&gt;(Commands.java:5)
	at io.michaelcane.Calculator.&lt;init&gt;(Calculator.java:6)
	at io.michaelcane.Commands.&lt;init&gt;(Commands.java:5)
	at io.michaelcane.Calculator.&lt;init&gt;(Calculator.java:6)
	at io.michaelcane.Commands.&lt;init&gt;(Commands.java:5)
	at io.michaelcane.Calculator.&lt;init&gt;(Calculator.java:6)
	at io.michaelcane.Commands.&lt;init&gt;(Commands.java:5)
	at io.michaelcane.Calculator.&lt;init&gt;(Calculator.java:6)
	at io.michaelcane.Commands.&lt;init&gt;(Commands.java:5)
	at io.michaelcane.Calculator.&lt;init&gt;(Calculator.java:6)
	at io.michaelcane.Commands.&lt;init&gt;(Commands.java:5)
	at io.michaelcane.Calculator.&lt;init&gt;(Calculator.java:6)
	at io.michaelcane.Commands.&lt;init&gt;(Commands.java:5)
	at io.michaelcane.Calculator.&lt;init&gt;(Calculator.java:6)
	at io.michaelcane.Commands.&lt;init&gt;(Commands.java:5)
	at io.michaelcane.Calculator.&lt;init&gt;(Calculator.java:6)
	at io.michaelcane.Commands.&lt;init&gt;(Commands.java:5)
	at io.michaelcane.Calculator.&lt;init&gt;(Calculator.java:6)
	at io.michaelcane.Commands.&lt;init&gt;(Commands.java:5)
	at io.michaelcane.Calculator.&lt;init&gt;(Calculator.java:6)
	at io.michaelcane.Commands.&lt;init&gt;(Commands.java:5)
	at io.michaelcane.Calculator.&lt;init&gt;(Calculator.java:6)
	at io.michaelcane.Commands.&lt;init&gt;(Commands.java:5)
	at io.michaelcane.Calculator.&lt;init&gt;(Calculator.java:6)
	at io.michaelcane.Commands.&lt;init&gt;(Commands.java:5)
	at io.michaelcane.Calculator.&lt;init&gt;(Calculator.java:6)
	at io.michaelcane.Commands.&lt;init&gt;(Commands.java:5)
	at io.michaelcane.Calculator.&lt;init&gt;(Calculator.java:6)
	at io.michaelcane.Commands.&lt;init&gt;(Commands.java:5)
	at io.michaelcane.Calculator.&lt;init&gt;(Calculator.java:6)
	at io.michaelcane.Commands.&lt;init&gt;(Commands.java:5)
	at io.michaelcane.Calculator.&lt;init&gt;(Calculator.java:6)
	at io.michaelcane.Commands.&lt;init&gt;(Commands.java:5)
	at io.michaelcane.Calculator.&lt;init&gt;(Calculator.java:6)
	at io.michaelcane.Commands.&lt;init&gt;(Commands.java:5)
	at io.michaelcane.Calculator.&lt;init&gt;(Calculator.java:6)
	at io.michaelcane.Commands.&lt;init&gt;(Commands.java:5)
	at io.michaelcane.Calculator.&lt;init&gt;(Calculator.java:6)
	at io.michaelcane.Commands.&lt;init&gt;(Commands.java:5)
	at io.michaelcane.Calculator.&lt;init&gt;(Calculator.java:6)
	at io.michaelcane.Commands.&lt;init&gt;(Commands.java:5)
	at io.michaelcane.Calculator.&lt;init&gt;(Calculator.java:6)
	at io.michaelcane.Commands.&lt;init&gt;(Commands.java:5)
	at io.michaelcane.Calculator.&lt;init&gt;(Calculator.java:6)
	at io.michaelcane.Commands.&lt;init&gt;(Commands.java:5)
	at io.michaelcane.Calculator.&lt;init&gt;(Calculator.java:6)
	at io.michaelcane.Commands.&lt;init&gt;(Commands.java:5)
	at io.michaelcane.Calculator.&lt;init&gt;(Calculator.java:6)
	at io.michaelcane.Commands.&lt;init&gt;(Commands.java:5)
	at io.michaelcane.Calculator.&lt;init&gt;(Calculator.java:6)
	at io.michaelcane.Commands.&lt;init&gt;(Commands.java:5)
	at io.michaelcane.Calculator.&lt;init&gt;(Calculator.java:6)
	at io.michaelcane.Commands.&lt;init&gt;(Commands.java:5)
	at io.michaelcane.Calculator.&lt;init&gt;(Calculator.java:6)
	at io.michaelcane.Commands.&lt;init&gt;(Commands.java:5)
	at io.michaelcane.Calculator.&lt;init&gt;(Calculator.java:6)
	at io.michaelcane.Commands.&lt;init&gt;(Commands.java:5)
	at io.michaelcane.Calculator.&lt;init&gt;(Calculator.java:6)
	at io.michaelcane.Commands.&lt;init&gt;(Commands.java:5)
	at io.michaelcane.Calculator.&lt;init&gt;(Calculator.java:6)
	at io.michaelcane.Commands.&lt;init&gt;(Commands.java:5)
	at io.michaelcane.Calculator.&lt;init&gt;(Calculator.java:6)
	at io.michaelcane.Commands.&lt;init&gt;(Commands.java:5)
	at io.michaelcane.Calculator.&lt;init&gt;(Calculator.java:6)
	at io.michaelcane.Commands.&lt;init&gt;(Commands.java:5)
	at io.michaelcane.Calculator.&lt;init&gt;(Calculator.java:6)
	at io.michaelcane.Commands.&lt;init&gt;(Commands.java:5)
	at io.michaelcane.Calculator.&lt;init&gt;(Calculator.java:6)
	at io.michaelcane.Commands.&lt;init&gt;(Commands.java:5)
	at io.michaelcane.Calculator.&lt;init&gt;(Calculator.java:6)
	at io.michaelcane.Commands.&lt;init&gt;(Commands.java:5)
	at io.michaelcane.Calculator.&lt;init&gt;(Calculator.java:6)
	at io.michaelcane.Commands.&lt;init&gt;(Commands.java:5)
	at io.michaelcane.Calculator.&lt;init&gt;(Calculator.java:6)
	at io.michaelcane.Commands.&lt;init&gt;(Commands.java:5)
	at io.michaelcane.Calculator.&lt;init&gt;(Calculator.java:6)
	at io.michaelcane.Commands.&lt;init&gt;(Commands.java:5)
	at io.michaelcane.Calculator.&lt;init&gt;(Calculator.java:6)
	at io.michaelcane.Commands.&lt;init&gt;(Commands.java:5)
	at io.michaelcane.Calculator.&lt;init&gt;(Calculator.java:6)
	at io.michaelcane.Commands.&lt;init&gt;(Commands.java:5)
	at io.michaelcane.Calculator.&lt;init&gt;(Calculator.java:6)
	at io.michaelcane.Commands.&lt;init&gt;(Commands.java:5)
	at io.michaelcane.Calculator.&lt;init&gt;(Calculator.java:6)
	at io.michaelcane.Commands.&lt;init&gt;(Commands.java:5)
	at io.michaelcane.Calculator.&lt;init&gt;(Calculator.java:6)
	at io.michaelcane.Commands.&lt;init&gt;(Commands.java:5)
	at io.michaelcane.Calculator.&lt;init&gt;(Calculator.java:6)
	at io.michaelcane.Commands.&lt;init&gt;(Commands.java:5)
	at io.michaelcane.Calculator.&lt;init&gt;(Calculator.java:6)
	at io.michaelcane.Commands.&lt;init&gt;(Commands.java:5)
	at io.michaelcane.Calculator.&lt;init&gt;(Calculator.java:6)
	at io.michaelcane.Commands.&lt;init&gt;(Commands.java:5)
	at io.michaelcane.Calculator.&lt;init&gt;(Calculator.java:6)
	at io.michaelcane.Commands.&lt;init&gt;(Commands.java:5)
	at io.michaelcane.Calculator.&lt;init&gt;(Calculator.java:6)
	at io.michaelcane.Commands.&lt;init&gt;(Commands.java:5)
	at io.michaelcane.Calculator.&lt;init&gt;(Calculator.java:6)
	at io.michaelcane.Commands.&lt;init&gt;(Commands.java:5)
	at io.michaelcane.Calculator.&lt;init&gt;(Calculator.java:6)
	at io.michaelcane.Commands.&lt;init&gt;(Commands.java:5)
	at io.michaelcane.Calculator.&lt;init&gt;(Calculator.java:6)
	at io.michaelcane.Commands.&lt;init&gt;(Commands.java:5)
	at io.michaelcane.Calculator.&lt;init&gt;(Calculator.java:6)
	at io.michaelcane.Commands.&lt;init&gt;(Commands.java:5)
	at io.michaelcane.Calculator.&lt;init&gt;(Calculator.java:6)
	at io.michaelcane.Commands.&lt;init&gt;(Commands.java:5)
	at io.michaelcane.Calculator.&lt;init&gt;(Calculator.java:6)
	at io.michaelcane.Commands.&lt;init&gt;(Commands.java:5)
	at io.michaelcane.Calculator.&lt;init&gt;(Calculator.java:6)
	at io.michaelcane.Commands.&lt;init&gt;(Commands.java:5)
	at io.michaelcane.Calculator.&lt;init&gt;(Calculator.java:6)
	at io.michaelcane.Commands.&lt;init&gt;(Commands.java:5)
	at io.michaelcane.Calculator.&lt;init&gt;(Calculator.java:6)
	at io.michaelcane.Commands.&lt;init&gt;(Commands.java:5)
	at io.michaelcane.Calculator.&lt;init&gt;(Calculator.java:6)
	at io.michaelcane.Commands.&lt;init&gt;(Commands.java:5)
	at io.michaelcane.Calculator.&lt;init&gt;(Calculator.java:6)
	at io.michaelcane.Commands.&lt;init&gt;(Commands.java:5)
	at io.michaelcane.Calculator.&lt;init&gt;(Calculator.java:6)
	at io.michaelcane.Commands.&lt;init&gt;(Commands.java:5)
	at io.michaelcane.Calculator.&lt;init&gt;(Calculator.java:6)
	at io.michaelcane.Commands.&lt;init&gt;(Commands.java:5)
	at io.michaelcane.Calculator.&lt;init&gt;(Calculator.java:6)
	at io.michaelcane.Commands.&lt;init&gt;(Commands.java:5)
	at io.michaelcane.Calculator.&lt;init&gt;(Calculator.java:6)
	at io.michaelcane.Commands.&lt;init&gt;(Commands.java:5)
	at io.michaelcane.Calculator.&lt;init&gt;(Calculator.java:6)
	at io.michaelcane.Commands.&lt;init&gt;(Commands.java:5)
	at io.michaelcane.Calculator.&lt;init&gt;(Calculator.java:6)
	at io.michaelcane.Commands.&lt;init&gt;(Commands.java:5)
	at io.michaelcane.Calculator.&lt;init&gt;(Calculator.java:6)
	at io.michaelcane.Commands.&lt;init&gt;(Commands.java:5)
	at io.michaelcane.Calculator.&lt;init&gt;(Calculator.java:6)
	at io.michaelcane.Commands.&lt;init&gt;(Commands.java:5)
	at io.michaelcane.Calculator.&lt;init&gt;(Calculator.java:6)
	at io.michaelcane.Commands.&lt;init&gt;(Commands.java:5)
	at io.michaelcane.Calculator.&lt;init&gt;(Calculator.java:6)
	at io.michaelcane.Commands.&lt;init&gt;(Commands.java:5)
	at io.michaelcane.Calculator.&lt;init&gt;(Calculator.java:6)
	at io.michaelcane.Commands.&lt;init&gt;(Commands.java:5)
	at io.michaelcane.Calculator.&lt;init&gt;(Calculator.java:6)
	at io.michaelcane.Commands.&lt;init&gt;(Commands.java:5)
	at io.michaelcane.Calculator.&lt;init&gt;(Calculator.java:6)
	at io.michaelcane.Commands.&lt;init&gt;(Commands.java:5)
	at io.michaelcane.Calculator.&lt;init&gt;(Calculator.java:6)
	at io.michaelcane.Commands.&lt;init&gt;(Commands.java:5)
	at io.michaelcane.Calculator.&lt;init&gt;(Calculator.java:6)
	at io.michaelcane.Commands.&lt;init&gt;(Commands.java:5)
	at io.michaelcane.Calculator.&lt;init&gt;(Calculator.java:6)
	at io.michaelcane.Commands.&lt;init&gt;(Commands.java:5)
	at io.michaelcane.Calculator.&lt;init&gt;(Calculator.java:6)
	at io.michaelcane.Commands.&lt;init&gt;(Commands.java:5)
	at io.michaelcane.Calculator.&lt;init&gt;(Calculator.java:6)
	at io.michaelcane.Commands.&lt;init&gt;(Commands.java:5)
	at io.michaelcane.Calculator.&lt;init&gt;(Calculator.java:6)
	at io.michaelcane.Commands.&lt;init&gt;(Commands.java:5)
	at io.michaelcane.Calculator.&lt;init&gt;(Calculator.java:6)
	at io.michaelcane.Commands.&lt;init&gt;(Commands.java:5)
	at io.michaelcane.Calculator.&lt;init&gt;(Calculator.java:6)
	at io.michaelcane.Commands.&lt;init&gt;(Commands.java:5)
	at io.michaelcane.Calculator.&lt;init&gt;(Calculator.java:6)
	at io.michaelcane.Commands.&lt;init&gt;(Commands.java:5)
	at io.michaelcane.Calculator.&lt;init&gt;(Calculator.java:6)
	at io.michaelcane.Commands.&lt;init&gt;(Commands.java:5)
	at io.michaelcane.Calculator.&lt;init&gt;(Calculator.java:6)
	at io.michaelcane.Commands.&lt;init&gt;(Commands.java:5)
	at io.michaelcane.Calculator.&lt;init&gt;(Calculator.java:6)
	at io.michaelcane.Commands.&lt;init&gt;(Commands.java:5)
	at io.michaelcane.Calculator.&lt;init&gt;(Calculator.java:6)
	at io.michaelcane.Commands.&lt;init&gt;(Commands.java:5)
	at io.michaelcane.Calculator.&lt;init&gt;(Calculator.java:6)
	at io.michaelcane.Commands.&lt;init&gt;(Commands.java:5)
	at io.michaelcane.Calculator.&lt;init&gt;(Calculator.java:6)
	at io.michaelcane.Commands.&lt;init&gt;(Commands.java:5)
	at io.michaelcane.Calculator.&lt;init&gt;(Calculator.java:6)
	at io.michaelcane.Commands.&lt;init&gt;(Commands.java:5)
	at io.michaelcane.Calculator.&lt;init&gt;(Calculator.java:6)
	at io.michaelcane.Commands.&lt;init&gt;(Commands.java:5)
	at io.michaelcane.Calculator.&lt;init&gt;(Calculator.java:6)
	at io.michaelcane.Commands.&lt;init&gt;(Commands.java:5)
	at io.michaelcane.Calculator.&lt;init&gt;(Calculator.java:6)
	at io.michaelcane.Commands.&lt;init&gt;(Commands.java:5)
	at io.michaelcane.Calculator.&lt;init&gt;(Calculator.java:6)
	at io.michaelcane.Commands.&lt;init&gt;(Commands.java:5)
	at io.michaelcane.Calculator.&lt;init&gt;(Calculator.java:6)
	at io.michaelcane.Commands.&lt;init&gt;(Commands.java:5)
	at io.michaelcane.Calculator.&lt;init&gt;(Calculator.java:6)
	at io.michaelcane.Commands.&lt;init&gt;(Commands.java:5)
	at io.michaelcane.Calculator.&lt;init&gt;(Calculator.java:6)
	at io.michaelcane.Commands.&lt;init&gt;(Commands.java:5)
	at io.michaelcane.Calculator.&lt;init&gt;(Calculator.java:6)
	at io.michaelcane.Commands.&lt;init&gt;(Commands.java:5)
	at io.michaelcane.Calculator.&lt;init&gt;(Calculator.java:6)
	at io.michaelcane.Commands.&lt;init&gt;(Commands.java:5)
	at io.michaelcane.Calculator.&lt;init&gt;(Calculator.java:6)
	at io.michaelcane.Commands.&lt;init&gt;(Commands.java:5)
	at io.michaelcane.Calculator.&lt;init&gt;(Calculator.java:6)
	at io.michaelcane.Commands.&lt;init&gt;(Commands.java:5)
	at io.michaelcane.Calculator.&lt;init&gt;(Calculator.java:6)
	at io.michaelcane.Commands.&lt;init&gt;(Commands.java:5)
	at io.michaelcane.Calculator.&lt;init&gt;(Calculator.java:6)
	at io.michaelcane.Commands.&lt;init&gt;(Commands.java:5)
	at io.michaelcane.Calculator.&lt;init&gt;(Calculator.java:6)
	at io.michaelcane.Commands.&lt;init&gt;(Commands.java:5)
	at io.michaelcane.Calculator.&lt;init&gt;(Calculator.java:6)
	at io.michaelcane.Commands.&lt;init&gt;(Commands.java:5)
	at io.michaelcane.Calculator.&lt;init&gt;(Calculator.java:6)
	at io.michaelcane.Commands.&lt;init&gt;(Commands.java:5)
	at io.michaelcane.Calculator.&lt;init&gt;(Calculator.java:6)
	at io.michaelcane.Commands.&lt;init&gt;(Commands.java:5)
	at io.michaelcane.Calculator.&lt;init&gt;(Calculator.java:6)
	at io.michaelcane.Commands.&lt;init&gt;(Commands.java:5)
	at io.michaelcane.Calculator.&lt;init&gt;(Calculator.java:6)
	at io.michaelcane.Commands.&lt;init&gt;(Commands.java:5)
	at io.michaelcane.Calculator.&lt;init&gt;(Calculator.java:6)
	at io.michaelcane.Commands.&lt;init&gt;(Commands.java:5)
	at io.michaelcane.Calculator.&lt;init&gt;(Calculator.java:6)
	at io.michaelcane.Commands.&lt;init&gt;(Commands.java:5)
	at io.michaelcane.Calculator.&lt;init&gt;(Calculator.java:6)
	at io.michaelcane.Commands.&lt;init&gt;(Commands.java:5)
	at io.michaelcane.Calculator.&lt;init&gt;(Calculator.java:6)
	at io.michaelcane.Commands.&lt;init&gt;(Commands.java:5)
	at io.michaelcane.Calculator.&lt;init&gt;(Calculator.java:6)
	at io.michaelcane.Commands.&lt;init&gt;(Commands.java:5)
	at io.michaelcane.Calculator.&lt;init&gt;(Calculator.java:6)
	at io.michaelcane.Commands.&lt;init&gt;(Commands.java:5)
	at io.michaelcane.Calculator.&lt;init&gt;(Calculator.java:6)
	at io.michaelcane.Commands.&lt;init&gt;(Commands.java:5)
	at io.michaelcane.Calculator.&lt;init&gt;(Calculator.java:6)
	at io.michaelcane.Commands.&lt;init&gt;(Commands.java:5)
	at io.michaelcane.Calculator.&lt;init&gt;(Calculator.java:6)
	at io.michaelcane.Commands.&lt;init&gt;(Commands.java:5)
	at io.michaelcane.Calculator.&lt;init&gt;(Calculator.java:6)
	at io.michaelcane.Commands.&lt;init&gt;(Commands.java:5)
	at io.michaelcane.Calculator.&lt;init&gt;(Calculator.java:6)
	at io.michaelcane.Commands.&lt;init&gt;(Commands.java:5)
	at io.michaelcane.Calculator.&lt;init&gt;(Calculator.java:6)
	at io.michaelcane.Commands.&lt;init&gt;(Commands.java:5)
	at io.michaelcane.Calculator.&lt;init&gt;(Calculator.java:6)
	at io.michaelcane.Commands.&lt;init&gt;(Commands.java:5)
	at io.michaelcane.Calculator.&lt;init&gt;(Calculator.java:6)
	at io.michaelcane.Commands.&lt;init&gt;(Commands.java:5)
	at io.michaelcane.Calculator.&lt;init&gt;(Calculator.java:6)
	at io.michaelcane.Commands.&lt;init&gt;(Commands.java:5)
	at io.michaelcane.Calculator.&lt;init&gt;(Calculator.java:6)
	at io.michaelcane.Commands.&lt;init&gt;(Commands.java:5)
	at io.michaelcane.Calculator.&lt;init&gt;(Calculator.java:6)
	at io.michaelcane.Commands.&lt;init&gt;(Commands.java:5)
	at io.michaelcane.Calculator.&lt;init&gt;(Calculator.java:6)
	at io.michaelcane.Commands.&lt;init&gt;(Commands.java:5)
	at io.michaelcane.Calculator.&lt;init&gt;(Calculator.java:6)
	at io.michaelcane.Commands.&lt;init&gt;(Commands.java:5)
	at io.michaelcane.Calculator.&lt;init&gt;(Calculator.java:6)
	at io.michaelcane.Commands.&lt;init&gt;(Commands.java:5)
	at io.michaelcane.Calculator.&lt;init&gt;(Calculator.java:6)
	at io.michaelcane.Commands.&lt;init&gt;(Commands.java:5)
	at io.michaelcane.Calculator.&lt;init&gt;(Calculator.java:6)
	at io.michaelcane.Commands.&lt;init&gt;(Commands.java:5)
	at io.michaelcane.Calculator.&lt;init&gt;(Calculator.java:6)
	at io.michaelcane.Commands.&lt;init&gt;(Commands.java:5)
	at io.michaelcane.Calculator.&lt;init&gt;(Calculator.java:6)
	at io.michaelcane.Commands.&lt;init&gt;(Commands.java:5)
	at io.michaelcane.Calculator.&lt;init&gt;(Calculator.java:6)
	at io.michaelcane.Commands.&lt;init&gt;(Commands.java:5)
	at io.michaelcane.Calculator.&lt;init&gt;(Calculator.java:6)
	at io.michaelcane.Commands.&lt;init&gt;(Commands.java:5)
	at io.michaelcane.Calculator.&lt;init&gt;(Calculator.java:6)
	at io.michaelcane.Commands.&lt;init&gt;(Commands.java:5)
	at io.michaelcane.Calculator.&lt;init&gt;(Calculator.java:6)
	at io.michaelcane.Commands.&lt;init&gt;(Commands.java:5)
	at io.michaelcane.Calculator.&lt;init&gt;(Calculator.java:6)
	at io.michaelcane.Commands.&lt;init&gt;(Commands.java:5)
	at io.michaelcane.Calculator.&lt;init&gt;(Calculator.java:6)
	at io.michaelcane.Commands.&lt;init&gt;(Commands.java:5)
	at io.michaelcane.Calculator.&lt;init&gt;(Calculator.java:6)
	at io.michaelcane.Commands.&lt;init&gt;(Commands.java:5)
	at io.michaelcane.Calculator.&lt;init&gt;(Calculator.java:6)
	at io.michaelcane.Commands.&lt;init&gt;(Commands.java:5)
	at io.michaelcane.Calculator.&lt;init&gt;(Calculator.java:6)
	at io.michaelcane.Commands.&lt;init&gt;(Commands.java:5)
	at io.michaelcane.Calculator.&lt;init&gt;(Calculator.java:6)
	at io.michaelcane.Commands.&lt;init&gt;(Commands.java:5)
	at io.michaelcane.Calculator.&lt;init&gt;(Calculator.java:6)
	at io.michaelcane.Commands.&lt;init&gt;(Commands.java:5)
	at io.michaelcane.Calculator.&lt;init&gt;(Calculator.java:6)
	at io.michaelcane.Commands.&lt;init&gt;(Commands.java:5)
	at io.michaelcane.Calculator.&lt;init&gt;(Calculator.java:6)
	at io.michaelcane.Commands.&lt;init&gt;(Commands.java:5)
	at io.michaelcane.Calculator.&lt;init&gt;(Calculator.java:6)
	at io.michaelcane.Commands.&lt;init&gt;(Commands.java:5)
	at io.michaelcane.Calculator.&lt;init&gt;(Calculator.java:6)
	at io.michaelcane.Commands.&lt;init&gt;(Commands.java:5)
	at io.michaelcane.Calculator.&lt;init&gt;(Calculator.java:6)
	at io.michaelcane.Commands.&lt;init&gt;(Commands.java:5)
	at io.michaelcane.Calculator.&lt;init&gt;(Calculator.java:6)
	at io.michaelcane.Commands.&lt;init&gt;(Commands.java:5)
	at io.michaelcane.Calculator.&lt;init&gt;(Calculator.java:6)
	at io.michaelcane.Commands.&lt;init&gt;(Commands.java:5)
	at io.michaelcane.Calculator.&lt;init&gt;(Calculator.java:6)
	at io.michaelcane.Commands.&lt;init&gt;(Commands.java:5)
	at io.michaelcane.Calculator.&lt;init&gt;(Calculator.java:6)
	at io.michaelcane.Commands.&lt;init&gt;(Commands.java:5)
	at io.michaelcane.Calculator.&lt;init&gt;(Calculator.java:6)
	at io.michaelcane.Commands.&lt;init&gt;(Commands.java:5)
	at io.michaelcane.Calculator.&lt;init&gt;(Calculator.java:6)
	at io.michaelcane.Commands.&lt;init&gt;(Commands.java:5)
	at io.michaelcane.Calculator.&lt;init&gt;(Calculator.java:6)
	at io.michaelcane.Commands.&lt;init&gt;(Commands.java:5)
	at io.michaelcane.Calculator.&lt;init&gt;(Calculator.java:6)
	at io.michaelcane.Commands.&lt;init&gt;(Commands.java:5)
	at io.michaelcane.Calculator.&lt;init&gt;(Calculator.java:6)
	at io.michaelcane.Commands.&lt;init&gt;(Commands.java:5)
	at io.michaelcane.Calculator.&lt;init&gt;(Calculator.java:6)
	at io.michaelcane.Commands.&lt;init&gt;(Commands.java:5)
	at io.michaelcane.Calculator.&lt;init&gt;(Calculator.java:6)
	at io.michaelcane.Commands.&lt;init&gt;(Commands.java:5)
	at io.michaelcane.Calculator.&lt;init&gt;(Calculator.java:6)
	at io.michaelcane.Commands.&lt;init&gt;(Commands.java:5)
	at io.michaelcane.Calculator.&lt;init&gt;(Calculator.java:6)
	at io.michaelcane.Commands.&lt;init&gt;(Commands.java:5)
	at io.michaelcane.Calculator.&lt;init&gt;(Calculator.java:6)
	at io.michaelcane.Commands.&lt;init&gt;(Commands.java:5)
	at io.michaelcane.Calculator.&lt;init&gt;(Calculator.java:6)
	at io.michaelcane.Commands.&lt;init&gt;(Commands.java:5)
	at io.michaelcane.Calculator.&lt;init&gt;(Calculator.java:6)
	at io.michaelcane.Commands.&lt;init&gt;(Commands.java:5)
	at io.michaelcane.Calculator.&lt;init&gt;(Calculator.java:6)
	at io.michaelcane.Commands.&lt;init&gt;(Commands.java:5)
	at io.michaelcane.Calculator.&lt;init&gt;(Calculator.java:6)
	at io.michaelcane.Commands.&lt;init&gt;(Commands.java:5)
	at io.michaelcane.Calculator.&lt;init&gt;(Calculator.java:6)
	at io.michaelcane.Commands.&lt;init&gt;(Commands.java:5)
	at io.michaelcane.Calculator.&lt;init&gt;(Calculator.java:6)
	at io.michaelcane.Commands.&lt;init&gt;(Commands.java:5)
	at io.michaelcane.Calculator.&lt;init&gt;(Calculator.java:6)
	at io.michaelcane.Commands.&lt;init&gt;(Commands.java:5)
	at io.michaelcane.Calculator.&lt;init&gt;(Calculator.java:6)
	at io.michaelcane.Commands.&lt;init&gt;(Commands.java:5)
	at io.michaelcane.Calculator.&lt;init&gt;(Calculator.java:6)
	at io.michaelcane.Commands.&lt;init&gt;(Commands.java:5)
	at io.michaelcane.Calculator.&lt;init&gt;(Calculator.java:6)
	at io.michaelcane.Commands.&lt;init&gt;(Commands.java:5)
	at io.michaelcane.Calculator.&lt;init&gt;(Calculator.java:6)
	at io.michaelcane.Commands.&lt;init&gt;(Commands.java:5)
	at io.michaelcane.Calculator.&lt;init&gt;(Calculator.java:6)
	at io.michaelcane.Commands.&lt;init&gt;(Commands.java:5)
	at io.michaelcane.Calculator.&lt;init&gt;(Calculator.java:6)
	at io.michaelcane.Commands.&lt;init&gt;(Commands.java:5)
	at io.michaelcane.Calculator.&lt;init&gt;(Calculator.java:6)
	at io.michaelcane.Commands.&lt;init&gt;(Commands.java:5)
	at io.michaelcane.Calculator.&lt;init&gt;(Calculator.java:6)
	at io.michaelcane.Commands.&lt;init&gt;(Commands.java:5)
	at io.michaelcane.Calculator.&lt;init&gt;(Calculator.java:6)
	at io.michaelcane.Commands.&lt;init&gt;(Commands.java:5)
	at io.michaelcane.Calculator.&lt;init&gt;(Calculator.java:6)
	at io.michaelcane.Commands.&lt;init&gt;(Commands.java:5)
	at io.michaelcane.Calculator.&lt;init&gt;(Calculator.java:6)
	at io.michaelcane.Commands.&lt;init&gt;(Commands.java:5)
	at io.michaelcane.Calculator.&lt;init&gt;(Calculator.java:6)
	at io.michaelcane.Commands.&lt;init&gt;(Commands.java:5)
	at io.michaelcane.Calculator.&lt;init&gt;(Calculator.java:6)
	at io.michaelcane.Commands.&lt;init&gt;(Commands.java:5)
	at io.michaelcane.Calculator.&lt;init&gt;(Calculator.java:6)
	at io.michaelcane.Commands.&lt;init&gt;(Commands.java:5)
	at io.michaelcane.Calculator.&lt;init&gt;(Calculator.java:6)
	at io.michaelcane.Commands.&lt;init&gt;(Commands.java:5)
	at io.michaelcane.Calculator.&lt;init&gt;(Calculator.java:6)
	at io.michaelcane.Commands.&lt;init&gt;(Commands.java:5)
	at io.michaelcane.Calculator.&lt;init&gt;(Calculator.java:6)
	at io.michaelcane.Commands.&lt;init&gt;(Commands.java:5)
	at io.michaelcane.Calculator.&lt;init&gt;(Calculator.java:6)
	at io.michaelcane.Commands.&lt;init&gt;(Commands.java:5)
	at io.michaelcane.Calculator.&lt;init&gt;(Calculator.java:6)
	at io.michaelcane.Commands.&lt;init&gt;(Commands.java:5)
	at io.michaelcane.Calculator.&lt;init&gt;(Calculator.java:6)
	at io.michaelcane.Commands.&lt;init&gt;(Commands.java:5)
	at io.michaelcane.Calculator.&lt;init&gt;(Calculator.java:6)
	at io.michaelcane.Commands.&lt;init&gt;(Commands.java:5)
	at io.michaelcane.Calculator.&lt;init&gt;(Calculator.java:6)
	at io.michaelcane.Commands.&lt;init&gt;(Commands.java:5)
	at io.michaelcane.Calculator.&lt;init&gt;(Calculator.java:6)
	at io.michaelcane.Commands.&lt;init&gt;(Commands.java:5)
	at io.michaelcane.Calculator.&lt;init&gt;(Calculator.java:6)
	at io.michaelcane.Commands.&lt;init&gt;(Commands.java:5)
	at io.michaelcane.Calculator.&lt;init&gt;(Calculator.java:6)
	at io.michaelcane.Commands.&lt;init&gt;(Commands.java:5)
	at io.michaelcane.Calculator.&lt;init&gt;(Calculator.java:6)
	at io.michaelcane.Commands.&lt;init&gt;(Commands.java:5)
	at io.michaelcane.Calculator.&lt;init&gt;(Calculator.java:6)
	at io.michaelcane.Commands.&lt;init&gt;(Commands.java:5)
	at io.michaelcane.Calculator.&lt;init&gt;(Calculator.java:6)
	at io.michaelcane.Commands.&lt;init&gt;(Commands.java:5)
	at io.michaelcane.Calculator.&lt;init&gt;(Calculator.java:6)
	at io.michaelcane.Commands.&lt;init&gt;(Commands.java:5)
	at io.michaelcane.Calculator.&lt;init&gt;(Calculator.java:6)
	at io.michaelcane.Commands.&lt;init&gt;(Commands.java:5)
	at io.michaelcane.Calculator.&lt;init&gt;(Calculator.java:6)
	at io.michaelcane.Commands.&lt;init&gt;(Commands.java:5)
	at io.michaelcane.Calculator.&lt;init&gt;(Calculator.java:6)
	at io.michaelcane.Commands.&lt;init&gt;(Commands.java:5)
	at io.michaelcane.Calculator.&lt;init&gt;(Calculator.java:6)
	at io.michaelcane.Commands.&lt;init&gt;(Commands.java:5)
	at io.michaelcane.Calculator.&lt;init&gt;(Calculator.java:6)
	at io.michaelcane.Commands.&lt;init&gt;(Commands.java:5)
	at io.michaelcane.Calculator.&lt;init&gt;(Calculator.java:6)
	at io.michaelcane.Commands.&lt;init&gt;(Commands.java:5)
	at io.michaelcane.Calculator.&lt;init&gt;(Calculator.java:6)
	at io.michaelcane.Commands.&lt;init&gt;(Commands.java:5)
	at io.michaelcane.Calculator.&lt;init&gt;(Calculator.java:6)
	at io.michaelcane.Commands.&lt;init&gt;(Commands.java:5)
	at io.michaelcane.Calculator.&lt;init&gt;(Calculator.java:6)
	at io.michaelcane.Commands.&lt;init&gt;(Commands.java:5)
	at io.michaelcane.Calculator.&lt;init&gt;(Calculator.java:6)
	at io.michaelcane.Commands.&lt;init&gt;(Commands.java:5)
	at io.michaelcane.Calculator.&lt;init&gt;(Calculator.java:6)
	at io.michaelcane.Commands.&lt;init&gt;(Commands.java:5)
	at io.michaelcane.Calculator.&lt;init&gt;(Calculator.java:6)
	at io.michaelcane.Commands.&lt;init&gt;(Commands.java:5)
	at io.michaelcane.Calculator.&lt;init&gt;(Calculator.java:6)
	at io.michaelcane.Commands.&lt;init&gt;(Commands.java:5)
	at io.michaelcane.Calculator.&lt;init&gt;(Calculator.java:6)
	at io.michaelcane.Commands.&lt;init&gt;(Commands.java:5)
	at io.michaelcane.Calculator.&lt;init&gt;(Calculator.java:6)
	at io.michaelcane.Commands.&lt;init&gt;(Commands.java:5)
	at io.michaelcane.Calculator.&lt;init&gt;(Calculator.java:6)
	at io.michaelcane.Commands.&lt;init&gt;(Commands.java:5)
	at io.michaelcane.Calculator.&lt;init&gt;(Calculator.java:6)
	at io.michaelcane.Commands.&lt;init&gt;(Commands.java:5)
	at io.michaelcane.Calculator.&lt;init&gt;(Calculator.java:6)
	at io.michaelcane.Commands.&lt;init&gt;(Commands.java:5)
	at io.michaelcane.Calculator.&lt;init&gt;(Calculator.java:6)
	at io.michaelcane.Commands.&lt;init&gt;(Commands.java:5)
	at io.michaelcane.Calculator.&lt;init&gt;(Calculator.java:6)
	at io.michaelcane.Commands.&lt;init&gt;(Commands.java:5)
	at io.michaelcane.Calculator.&lt;init&gt;(Calculator.java:6)
	at io.michaelcane.Commands.&lt;init&gt;(Commands.java:5)
	at io.michaelcane.Calculator.&lt;init&gt;(Calculator.java:6)
	at io.michaelcane.Commands.&lt;init&gt;(Commands.java:5)
	at io.michaelcane.Calculator.&lt;init&gt;(Calculator.java:6)
	at io.michaelcane.Commands.&lt;init&gt;(Commands.java:5)
	at io.michaelcane.Calculator.&lt;init&gt;(Calculator.java:6)
	at io.michaelcane.Commands.&lt;init&gt;(Commands.java:5)
	at io.michaelcane.Calculator.&lt;init&gt;(Calculator.java:6)
	at io.michaelcane.Commands.&lt;init&gt;(Commands.java:5)
	at io.michaelcane.Calculator.&lt;init&gt;(Calculator.java:6)
	at io.michaelcane.Commands.&lt;init&gt;(Commands.java:5)
	at io.michaelcane.Calculator.&lt;init&gt;(Calculator.java:6)
	at io.michaelcane.Commands.&lt;init&gt;(Commands.java:5)
	at io.michaelcane.Calculator.&lt;init&gt;(Calculator.java:6)
	at io.michaelcane.Commands.&lt;init&gt;(Commands.java:5)
	at io.michaelcane.Calculator.&lt;init&gt;(Calculator.java:6)
	at io.michaelcane.Commands.&lt;init&gt;(Commands.java:5)
	at io.michaelcane.Calculator.&lt;init&gt;(Calculator.java:6)
	at io.michaelcane.Commands.&lt;init&gt;(Commands.java:5)
	at io.michaelcane.Calculator.&lt;init&gt;(Calculator.java:6)
	at io.michaelcane.Commands.&lt;init&gt;(Commands.java:5)
	at io.michaelcane.Calculator.&lt;init&gt;(Calculator.java:6)
	at io.michaelcane.Commands.&lt;init&gt;(Commands.java:5)
	at io.michaelcane.Calculator.&lt;init&gt;(Calculator.java:6)
	at io.michaelcane.Commands.&lt;init&gt;(Commands.java:5)
	at io.michaelcane.Calculator.&lt;init&gt;(Calculator.java:6)
	at io.michaelcane.Commands.&lt;init&gt;(Commands.java:5)
	at io.michaelcane.Calculator.&lt;init&gt;(Calculator.java:6)
	at io.michaelcane.Commands.&lt;init&gt;(Commands.java:5)
	at io.michaelcane.Calculator.&lt;init&gt;(Calculator.java:6)
	at io.michaelcane.Commands.&lt;init&gt;(Commands.java:5)
	at io.michaelcane.Calculator.&lt;init&gt;(Calculator.java:6)
	at io.michaelcane.Commands.&lt;init&gt;(Commands.java:5)
	at io.michaelcane.Calculator.&lt;init&gt;(Calculator.java:6)
	at io.michaelcane.Commands.&lt;init&gt;(Commands.java:5)
	at io.michaelcane.Calculator.&lt;init&gt;(Calculator.java:6)
	at io.michaelcane.Commands.&lt;init&gt;(Commands.java:5)
	at io.michaelcane.Calculator.&lt;init&gt;(Calculator.java:6)
	at io.michaelcane.Commands.&lt;init&gt;(Commands.java:5)
	at io.michaelcane.Calculator.&lt;init&gt;(Calculator.java:6)
	at io.michaelcane.Commands.&lt;init&gt;(Commands.java:5)
	at io.michaelcane.Calculator.&lt;init&gt;(Calculator.java:6)
	at io.michaelcane.Commands.&lt;init&gt;(Commands.java:5)
	at io.michaelcane.Calculator.&lt;init&gt;(Calculator.java:6)
	at io.michaelcane.Commands.&lt;init&gt;(Commands.java:5)
	at io.michaelcane.Calculator.&lt;init&gt;(Calculator.java:6)
	at io.michaelcane.Commands.&lt;init&gt;(Commands.java:5)
	at io.michaelcane.Calculator.&lt;init&gt;(Calculator.java:6)
	at io.michaelcane.Commands.&lt;init&gt;(Commands.java:5)
	at io.michaelcane.Calculator.&lt;init&gt;(Calculator.java:6)
	at io.michaelcane.Commands.&lt;init&gt;(Commands.java:5)
	at io.michaelcane.Calculator.&lt;init&gt;(Calculator.java:6)
	at io.michaelcane.Commands.&lt;init&gt;(Commands.java:5)
	at io.michaelcane.Calculator.&lt;init&gt;(Calculator.java:6)
	at io.michaelcane.Commands.&lt;init&gt;(Commands.java:5)
	at io.michaelcane.Calculator.&lt;init&gt;(Calculator.java:6)
	at io.michaelcane.Commands.&lt;init&gt;(Commands.java:5)
	at io.michaelcane.Calculator.&lt;init&gt;(Calculator.java:6)
	at io.michaelcane.Commands.&lt;init&gt;(Commands.java:5)
	at io.michaelcane.Calculator.&lt;init&gt;(Calculator.java:6)
	at io.michaelcane.Commands.&lt;init&gt;(Commands.java:5)
	at io.michaelcane.Calculator.&lt;init&gt;(Calculator.java:6)
	at io.michaelcane.Commands.&lt;init&gt;(Commands.java:5)
	at io.michaelcane.Calculator.&lt;init&gt;(Calculator.java:6)
	at io.michaelcane.Commands.&lt;init&gt;(Commands.java:5)
	at io.michaelcane.Calculator.&lt;init&gt;(Calculator.java:6)
	at io.michaelcane.Commands.&lt;init&gt;(Commands.java:5)
	at io.michaelcane.Calculator.&lt;init&gt;(Calculator.java:6)
	at io.michaelcane.Commands.&lt;init&gt;(Commands.java:5)
	at io.michaelcane.Calculator.&lt;init&gt;(Calculator.java:6)
	at io.michaelcane.Commands.&lt;init&gt;(Commands.java:5)
	at io.michaelcane.Calculator.&lt;init&gt;(Calculator.java:6)
	at io.michaelcane.Commands.&lt;init&gt;(Commands.java:5)
	at io.michaelcane.Calculator.&lt;init&gt;(Calculator.java:6)
	at io.michaelcane.Commands.&lt;init&gt;(Commands.java:5)
	at io.michaelcane.Calculator.&lt;init&gt;(Calculator.java:6)
	at io.michaelcane.Commands.&lt;init&gt;(Commands.java:5)
	at io.michaelcane.Calculator.&lt;init&gt;(Calculator.java:6)
	at io.michaelcane.Commands.&lt;init&gt;(Commands.java:5)
	at io.michaelcane.Calculator.&lt;init&gt;(Calculator.java:6)
	at io.michaelcane.Commands.&lt;init&gt;(Commands.java:5)
	at io.michaelcane.Calculator.&lt;init&gt;(Calculator.java:6)
	at io.michaelcane.Commands.&lt;init&gt;(Commands.java:5)
	at io.michaelcane.Calculator.&lt;init&gt;(Calculator.java:6)
	at io.michaelcane.Commands.&lt;init&gt;(Commands.java:5)
	at io.michaelcane.Calculator.&lt;init&gt;(Calculator.java:6)
	at io.michaelcane.Commands.&lt;init&gt;(Commands.java:5)
	at io.michaelcane.Calculator.&lt;init&gt;(Calculator.java:6)
	at io.michaelcane.Commands.&lt;init&gt;(Commands.java:5)
	at io.michaelcane.Calculator.&lt;init&gt;(Calculator.java:6)
	at io.michaelcane.Commands.&lt;init&gt;(Commands.java:5)
	at io.michaelcane.Calculator.&lt;init&gt;(Calculator.java:6)
	at io.michaelcane.Commands.&lt;init&gt;(Commands.java:5)
	at io.michaelcane.Calculator.&lt;init&gt;(Calculator.java:6)
	at io.michaelcane.Commands.&lt;init&gt;(Commands.java:5)
	at io.michaelcane.Calculator.&lt;init&gt;(Calculator.java:6)
	at io.michaelcane.Commands.&lt;init&gt;(Commands.java:5)
	at io.michaelcane.Calculator.&lt;init&gt;(Calculator.java:6)
	at io.michaelcane.Commands.&lt;init&gt;(Commands.java:5)
	at io.michaelcane.Calculator.&lt;init&gt;(Calculator.java:6)
	at io.michaelcane.Commands.&lt;init&gt;(Commands.java:5)
	at io.michaelcane.Calculator.&lt;init&gt;(Calculator.java:6)
	at io.michaelcane.Commands.&lt;init&gt;(Commands.java:5)
	at io.michaelcane.Calculator.&lt;init&gt;(Calculator.java:6)
	at io.michaelcane.Commands.&lt;init&gt;(Commands.java:5)
	at io.michaelcane.Calculator.&lt;init&gt;(Calculator.java:6)
	at io.michaelcane.Commands.&lt;init&gt;(Commands.java:5)
	at io.michaelcane.Calculator.&lt;init&gt;(Calculator.java:6)
	at io.michaelcane.Commands.&lt;init&gt;(Commands.java:5)
	at io.michaelcane.Calculator.&lt;init&gt;(Calculator.java:6)
	at io.michaelcane.Commands.&lt;init&gt;(Commands.java:5)
	at io.michaelcane.Calculator.&lt;init&gt;(Calculator.java:6)
	at io.michaelcane.Commands.&lt;init&gt;(Commands.java:5)
	at io.michaelcane.Calculator.&lt;init&gt;(Calculator.java:6)
	at io.michaelcane.Commands.&lt;init&gt;(Commands.java:5)
	at io.michaelcane.Calculator.&lt;init&gt;(Calculator.java:6)
	at io.michaelcane.Commands.&lt;init&gt;(Commands.java:5)
	at io.michaelcane.Calculator.&lt;init&gt;(Calculator.java:6)
	at io.michaelcane.Commands.&lt;init&gt;(Commands.java:5)
	at io.michaelcane.Calculator.&lt;init&gt;(Calculator.java:6)
	at io.michaelcane.Commands.&lt;init&gt;(Commands.java:5)
	at io.michaelcane.Calculator.&lt;init&gt;(Calculator.java:6)
	at io.michaelcane.Commands.&lt;init&gt;(Commands.java:5)
	at io.michaelcane.Calculator.&lt;init&gt;(Calculator.java:6)
	at io.michaelcane.Commands.&lt;init&gt;(Commands.java:5)
	at io.michaelcane.Calculator.&lt;init&gt;(Calculator.java:6)
	at io.michaelcane.Commands.&lt;init&gt;(Commands.java:5)
	at io.michaelcane.Calculator.&lt;init&gt;(Calculator.java:6)
	at io.michaelcane.Commands.&lt;init&gt;(Commands.java:5)
	at io.michaelcane.Calculator.&lt;init&gt;(Calculator.java:6)
	at io.michaelcane.Commands.&lt;init&gt;(Commands.java:5)
	at io.michaelcane.Calculator.&lt;init&gt;(Calculator.java:6)
	at io.michaelcane.Commands.&lt;init&gt;(Commands.java:5)
	at io.michaelcane.Calculator.&lt;init&gt;(Calculator.java:6)
	at io.michaelcane.Commands.&lt;init&gt;(Commands.java:5)
	at io.michaelcane.Calculator.&lt;init&gt;(Calculator.java:6)
	at io.michaelcane.Commands.&lt;init&gt;(Commands.java:5)
	at io.michaelcane.Calculator.&lt;init&gt;(Calculator.java:6)
	at io.michaelcane.Commands.&lt;init&gt;(Commands.java:5)
	at io.michaelcane.Calculator.&lt;init&gt;(Calculator.java:6)
	at io.michaelcane.Commands.&lt;init&gt;(Commands.java:5)
	at io.michaelcane.Calculator.&lt;init&gt;(Calculator.java:6)
	at io.michaelcane.Commands.&lt;init&gt;(Commands.java:5)
	at io.michaelcane.Calculator.&lt;init&gt;(Calculator.java:6)
	at io.michaelcane.Commands.&lt;init&gt;(Commands.java:5)
	at io.michaelcane.Calculator.&lt;init&gt;(Calculator.java:6)
	at io.michaelcane.Commands.&lt;init&gt;(Commands.java:5)
	at io.michaelcane.Calculator.&lt;init&gt;(Calculator.java:6)
	at io.michaelcane.Commands.&lt;init&gt;(Commands.java:5)
	at io.michaelcane.Calculator.&lt;init&gt;(Calculator.java:6)
	at io.michaelcane.Commands.&lt;init&gt;(Commands.java:5)
	at io.michaelcane.Calculator.&lt;init&gt;(Calculator.java:6)
	at io.michaelcane.Commands.&lt;init&gt;(Commands.java:5)
	at io.michaelcane.Calculator.&lt;init&gt;(Calculator.java:6)
	at io.michaelcane.Commands.&lt;init&gt;(Commands.java:5)
	at io.michaelcane.Calculator.&lt;init&gt;(Calculator.java:6)
	at io.michaelcane.Commands.&lt;init&gt;(Commands.java:5)
	at io.michaelcane.Calculator.&lt;init&gt;(Calculator.java:6)
	at io.michaelcane.Commands.&lt;init&gt;(Commands.java:5)
	at io.michaelcane.Calculator.&lt;init&gt;(Calculator.java:6)
	at io.michaelcane.Commands.&lt;init&gt;(Commands.java:5)
	at io.michaelcane.Calculator.&lt;init&gt;(Calculator.java:6)
	at io.michaelcane.Commands.&lt;init&gt;(Commands.java:5)
	at io.michaelcane.Calculator.&lt;init&gt;(Calculator.java:6)
	at io.michaelcane.Commands.&lt;init&gt;(Commands.java:5)
	at io.michaelcane.Calculator.&lt;init&gt;(Calculator.java:6)
	at io.michaelcane.Commands.&lt;init&gt;(Commands.java:5)
	at io.michaelcane.Calculator.&lt;init&gt;(Calculator.java:6)
	at io.michaelcane.Commands.&lt;init&gt;(Commands.java:5)
	at io.michaelcane.Calculator.&lt;init&gt;(Calculator.java:6)
	at io.michaelcane.Commands.&lt;init&gt;(Commands.java:5)
	at io.michaelcane.Calculator.&lt;init&gt;(Calculator.java:6)
	at io.michaelcane.Commands.&lt;init&gt;(Commands.java:5)
	at io.michaelcane.Calculator.&lt;init&gt;(Calculator.java:6)
	at io.michaelcane.Commands.&lt;init&gt;(Commands.java:5)
	at io.michaelcane.Calculator.&lt;init&gt;(Calculator.java:6)
	at io.michaelcane.Commands.&lt;init&gt;(Commands.java:5)
	at io.michaelcane.Calculator.&lt;init&gt;(Calculator.java:6)
	at io.michaelcane.Commands.&lt;init&gt;(Commands.java:5)
	at io.michaelcane.Calculator.&lt;init&gt;(Calculator.java:6)
	at io.michaelcane.Commands.&lt;init&gt;(Commands.java:5)
	at io.michaelcane.Calculator.&lt;init&gt;(Calculator.java:6)
	at io.michaelcane.Commands.&lt;init&gt;(Commands.java:5)
	at io.michaelcane.Calculator.&lt;init&gt;(Calculator.java:6)
	at io.michaelcane.Commands.&lt;init&gt;(Commands.java:5)
	at io.michaelcane.Calculator.&lt;init&gt;(Calculator.java:6)
	at io.michaelcane.Commands.&lt;init&gt;(Commands.java:5)
	at io.michaelcane.Calculator.&lt;init&gt;(Calculator.java:6)
	at io.michaelcane.Commands.&lt;init&gt;(Commands.java:5)
	at io.michaelcane.Calculator.&lt;init&gt;(Calculator.java:6)
	at io.michaelcane.Commands.&lt;init&gt;(Commands.java:5)
	at io.michaelcane.Calculator.&lt;init&gt;(Calculator.java:6)
	at io.michaelcane.Commands.&lt;init&gt;(Commands.java:5)
	at io.michaelcane.Calculator.&lt;init&gt;(Calculator.java:6)
	at io.michaelcane.Commands.&lt;init&gt;(Commands.java:5)
	at io.michaelcane.Calculator.&lt;init&gt;(Calculator.java:6)
	at io.michaelcane.Commands.&lt;init&gt;(Commands.java:5)
	at io.michaelcane.Calculator.&lt;init&gt;(Calculator.java:6)
	at io.michaelcane.Commands.&lt;init&gt;(Commands.java:5)
	at io.michaelcane.Calculator.&lt;init&gt;(Calculator.java:6)
	at io.michaelcane.Commands.&lt;init&gt;(Commands.java:5)
	at io.michaelcane.Calculator.&lt;init&gt;(Calculator.java:6)
	at io.michaelcane.Commands.&lt;init&gt;(Commands.java:5)
	at io.michaelcane.Calculator.&lt;init&gt;(Calculator.java:6)
	at io.michaelcane.Commands.&lt;init&gt;(Commands.java:5)
	at io.michaelcane.Calculator.&lt;init&gt;(Calculator.java:6)
	at io.michaelcane.Commands.&lt;init&gt;(Commands.java:5)
	at io.michaelcane.Calculator.&lt;init&gt;(Calculator.java:6)
	at io.michaelcane.Commands.&lt;init&gt;(Commands.java:5)
	at io.michaelcane.Calculator.&lt;init&gt;(Calculator.java:6)
	at io.michaelcane.Commands.&lt;init&gt;(Commands.java:5)
	at io.michaelcane.Calculator.&lt;init&gt;(Calculator.java:6)
	at io.michaelcane.Commands.&lt;init&gt;(Commands.java:5)
	at io.michaelcane.Calculator.&lt;init&gt;(Calculator.java:6)
	at io.michaelcane.Commands.&lt;init&gt;(Commands.java:5)
	at io.michaelcane.Calculator.&lt;init&gt;(Calculator.java:6)
	at io.michaelcane.Commands.&lt;init&gt;(Commands.java:5)
	at io.michaelcane.Calculator.&lt;init&gt;(Calculator.java:6)
	at io.michaelcane.Commands.&lt;init&gt;(Commands.java:5)
	at io.michaelcane.Calculator.&lt;init&gt;(Calculator.java:6)
	at io.michaelcane.Commands.&lt;init&gt;(Commands.java:5)
	at io.michaelcane.Calculator.&lt;init&gt;(Calculator.java:6)
	at io.michaelcane.Commands.&lt;init&gt;(Commands.java:5)
	at io.michaelcane.Calculator.&lt;init&gt;(Calculator.java:6)
	at io.michaelcane.Commands.&lt;init&gt;(Commands.java:5)
	at io.michaelcane.Calculator.&lt;init&gt;(Calculator.java:6)
	at io.michaelcane.Commands.&lt;init&gt;(Commands.java:5)
	at io.michaelcane.Calculator.&lt;init&gt;(Calculator.java:6)
	at io.michaelcane.Commands.&lt;init&gt;(Commands.java:5)
	at io.michaelcane.Calculator.&lt;init&gt;(Calculator.java:6)
	at io.michaelcane.Commands.&lt;init&gt;(Commands.java:5)
	at io.michaelcane.Calculator.&lt;init&gt;(Calculator.java:6)
	at io.michaelcane.Commands.&lt;init&gt;(Commands.java:5)
	at io.michaelcane.Calculator.&lt;init&gt;(Calculator.java:6)
	at io.michaelcane.Commands.&lt;init&gt;(Commands.java:5)
	at io.michaelcane.Calculator.&lt;init&gt;(Calculator.java:6)
	at io.michaelcane.Commands.&lt;init&gt;(Commands.java:5)
	at io.michaelcane.Calculator.&lt;init&gt;(Calculator.java:6)
	at io.michaelcane.Commands.&lt;init&gt;(Commands.java:5)
	at io.michaelcane.Calculator.&lt;init&gt;(Calculator.java:6)
	at io.michaelcane.Commands.&lt;init&gt;(Commands.java:5)
	at io.michaelcane.Calculator.&lt;init&gt;(Calculator.java:6)
	at io.michaelcane.Commands.&lt;init&gt;(Commands.java:5)
	at io.michaelcane.Calculator.&lt;init&gt;(Calculator.java:6)
	at io.michaelcane.Commands.&lt;init&gt;(Commands.java:5)
	at io.michaelcane.Calculator.&lt;init&gt;(Calculator.java:6)
	at io.michaelcane.Commands.&lt;init&gt;(Commands.java:5)
	at io.michaelcane.Calculator.&lt;init&gt;(Calculator.java:6)
	at io.michaelcane.Commands.&lt;init&gt;(Commands.java:5)
	at io.michaelcane.Calculator.&lt;init&gt;(Calculator.java:6)
	at io.michaelcane.Commands.&lt;init&gt;(Commands.java:5)
	at io.michaelcane.Calculator.&lt;init&gt;(Calculator.java:6)
	at io.michaelcane.Commands.&lt;init&gt;(Commands.java:5)
	at io.michaelcane.Calculator.&lt;init&gt;(Calculator.java:6)
	at io.michaelcane.Commands.&lt;init&gt;(Commands.java:5)
	at io.michaelcane.Calculator.&lt;init&gt;(Calculator.java:6)
	at io.michaelcane.Commands.&lt;init&gt;(Commands.java:5)
	at io.michaelcane.Calculator.&lt;init&gt;(Calculator.java:6)
	at io.michaelcane.Commands.&lt;init&gt;(Commands.java:5)
	at io.michaelcane.Calculator.&lt;init&gt;(Calculator.java:6)
	at io.michaelcane.Commands.&lt;init&gt;(Commands.java:5)
	at io.michaelcane.Calculator.&lt;init&gt;(Calculator.java:6)
	at io.michaelcane.Commands.&lt;init&gt;(Commands.java:5)
	at io.michaelcane.Calculator.&lt;init&gt;(Calculator.java:6)
	at io.michaelcane.Commands.&lt;init&gt;(Commands.java:5)
	at io.michaelcane.Calculator.&lt;init&gt;(Calculator.java:6)
	at io.michaelcane.Commands.&lt;init&gt;(Commands.java:5)
	at io.michaelcane.Calculator.&lt;init&gt;(Calculator.java:6)
	at io.michaelcane.Commands.&lt;init&gt;(Commands.java:5)
	at io.michaelcane.Calculator.&lt;init&gt;(Calculator.java:6)
	at io.michaelcane.Commands.&lt;init&gt;(Commands.java:5)
	at io.michaelcane.Calculator.&lt;init&gt;(Calculator.java:6)
	at io.michaelcane.Commands.&lt;init&gt;(Commands.java:5)
	at io.michaelcane.Calculator.&lt;init&gt;(Calculator.java:6)
	at io.michaelcane.Commands.&lt;init&gt;(Commands.java:5)
	at io.michaelcane.Calculator.&lt;init&gt;(Calculator.java:6)
	at io.michaelcane.Commands.&lt;init&gt;(Commands.java:5)
	at io.michaelcane.Calculator.&lt;init&gt;(Calculator.java:6)
	at io.michaelcane.Commands.&lt;init&gt;(Commands.java:5)
	at io.michaelcane.Calculator.&lt;init&gt;(Calculator.java:6)
	at io.michaelcane.Commands.&lt;init&gt;(Commands.java:5)
	at io.michaelcane.Calculator.&lt;init&gt;(Calculator.java:6)
	at io.michaelcane.Commands.&lt;init&gt;(Commands.java:5)
	at io.michaelcane.Calculator.&lt;init&gt;(Calculator.java:6)
	at io.michaelcane.Commands.&lt;init&gt;(Commands.java:5)
	at io.michaelcane.Calculator.&lt;init&gt;(Calculator.java:6)
	at io.michaelcane.Commands.&lt;init&gt;(Commands.java:5)
	at io.michaelcane.Calculator.&lt;init&gt;(Calculator.java:6)
	at io.michaelcane.Commands.&lt;init&gt;(Commands.java:5)
	at io.michaelcane.Calculator.&lt;init&gt;(Calculator.java:6)
	at io.michaelcane.Commands.&lt;init&gt;(Commands.java:5)
	at io.michaelcane.Calculator.&lt;init&gt;(Calculator.java:6)
	at io.michaelcane.Commands.&lt;init&gt;(Commands.java:5)
	at io.michaelcane.Calculator.&lt;init&gt;(Calculator.java:6)
	at io.michaelcane.Commands.&lt;init&gt;(Commands.java:5)
	at io.michaelcane.Calculator.&lt;init&gt;(Calculator.java:6)
	at io.michaelcane.Commands.&lt;init&gt;(Commands.java:5)
	at io.michaelcane.Calculator.&lt;init&gt;(Calculator.java:6)
	at io.michaelcane.Commands.&lt;init&gt;(Commands.java:5)
	at io.michaelcane.Calculator.&lt;init&gt;(Calculator.java:6)
	at io.michaelcane.Commands.&lt;init&gt;(Commands.java:5)
	at io.michaelcane.Calculator.&lt;init&gt;(Calculator.java:6)
	at io.michaelcane.Commands.&lt;init&gt;(Commands.java:5)
</error>
  </testcase>
</testsuite>